2020-02-27T14:25:01.507Z - warn: Command 'server' doesn't exist, run "markbind --help" to list commands.
2020-02-27T14:26:32.946Z - info: Website generation started at 22:26:26
2020-02-27T14:26:36.696Z - info: Building assets...
2020-02-27T14:26:41.026Z - info: Assets built
2020-02-27T14:26:41.026Z - info: Generating pages...
2020-02-27T14:26:44.392Z - info: Pages built
2020-02-27T14:26:44.757Z - info: Website generation complete! Total build time: 18.553s
2020-02-27T14:26:45.117Z - info: Serving "C:\repos\nus-cs2113-AY1920S2\cs2113-website\_site" at http://127.0.0.1:8080
2020-02-27T14:26:45.117Z - info: Press CTRL+C to stop ...
2020-02-27T14:26:45.182Z - info: Site data built
2020-02-27T14:27:15.716Z - info: [22:27:15] Reload for file change: C:\repos\nus-cs2113-AY1920S2\cs2113-website\admin\ip-progress-dashboard-table.mbdf
2020-02-27T14:27:16.728Z - info: Rebuilding affected source files
2020-02-27T14:27:16.732Z - info: Rebuilding 1 pages
2020-02-27T14:27:19.963Z - info: Pages rebuilt
2020-02-27T14:27:20.040Z - info: Site data built
2020-02-27T14:28:24.549Z - info: [22:28:24] Reload for file change: C:\repos\nus-cs2113-AY1920S2\cs2113-website\admin\ip-progress-dashboard-table.mbdf
2020-02-27T14:28:25.555Z - info: Rebuilding affected source files
2020-02-27T14:28:25.555Z - info: Rebuilding 1 pages
2020-02-27T14:28:30.147Z - info: Pages rebuilt
2020-02-27T14:28:30.163Z - info: Site data built
2020-02-27T14:31:59.108Z - info: [22:31:59] Reload for file change: C:\repos\nus-cs2113-AY1920S2\cs2113-website\admin\ip-progress-dashboard-table.mbdf
2020-02-27T14:32:00.118Z - info: Rebuilding affected source files
2020-02-27T14:32:00.118Z - info: Rebuilding 1 pages
2020-02-27T14:32:04.560Z - info: Pages rebuilt
2020-02-27T14:32:04.572Z - info: Site data built
2020-02-27T14:34:13.130Z - info: [22:34:13] Reload for file change: C:\repos\nus-cs2113-AY1920S2\cs2113-website\admin\ip-progress-dashboard-table.mbdf
2020-02-27T14:34:14.132Z - info: Rebuilding affected source files
2020-02-27T14:34:14.134Z - info: Rebuilding 1 pages
2020-02-27T14:34:19.108Z - info: Pages rebuilt
2020-02-27T14:34:19.116Z - info: Site data built
2020-02-27T15:52:45.462Z - info: [23:52:45] Reload for file change: C:\repos\nus-cs2113-AY1920S2\cs2113-website\admin\ip-progress-dashboard-table.mbdf
2020-02-27T15:52:46.473Z - info: Rebuilding affected source files
2020-02-27T15:52:46.493Z - info: Rebuilding 1 pages
2020-02-27T15:52:52.277Z - info: Pages rebuilt
2020-02-27T15:52:52.365Z - info: Site data built
2020-02-27T15:55:53.094Z - info: [23:55:53] Reload for file change: C:\repos\nus-cs2113-AY1920S2\cs2113-website\admin\ip-progress-dashboard-table.mbdf
2020-02-27T15:55:54.099Z - info: Rebuilding affected source files
2020-02-27T15:55:54.099Z - info: Rebuilding 1 pages
2020-02-27T15:55:59.207Z - info: Pages rebuilt
2020-02-27T15:55:59.211Z - info: Site data built
2020-02-27T15:56:08.900Z - info: [23:56:08] Reload for file change: C:\repos\nus-cs2113-AY1920S2\cs2113-website\admin\ip-progress-dashboard-table.mbdf
2020-02-27T15:56:09.916Z - info: Rebuilding affected source files
2020-02-27T15:56:09.916Z - info: Rebuilding 1 pages
2020-02-27T15:56:14.298Z - info: Pages rebuilt
2020-02-27T15:56:14.366Z - info: Site data built
2020-02-27T15:58:18.873Z - info: [23:58:18] Reload for file change: C:\repos\nus-cs2113-AY1920S2\cs2113-website\admin\ip-progress-dashboard-table.mbdf
2020-02-27T15:58:19.879Z - info: Rebuilding affected source files
2020-02-27T15:58:19.879Z - info: Rebuilding 1 pages
2020-02-27T15:58:24.309Z - info: Pages rebuilt
2020-02-27T15:58:24.313Z - info: Site data built
