2020-01-28T03:51:43.750Z - info: Website generation started at 11:51:42 AM
2020-01-28T03:51:46.893Z - info: Building assets...
2020-01-28T03:51:49.150Z - info: Assets built
2020-01-28T03:51:49.151Z - info: Generating pages...
2020-01-28T03:52:36.049Z - debug: The process cannot access the file because it is being used by another process.

2020-01-28T03:52:36.050Z - debug: The process cannot access the file because it is being used by another process.

2020-01-28T03:52:36.050Z - debug: The process cannot access the file because it is being used by another process.

2020-01-28T03:52:36.054Z - debug: The process cannot access the file because it is being used by another process.

2020-01-28T03:52:36.054Z - debug: The process cannot access the file because it is being used by another process.

2020-01-28T03:52:36.054Z - debug: The process cannot access the file because it is being used by another process.

2020-01-28T03:52:36.055Z - debug: The process cannot access the file because it is being used by another process.

2020-01-28T03:52:36.055Z - debug: The process cannot access the file because it is being used by another process.

2020-01-28T03:52:36.055Z - debug: The process cannot access the file because it is being used by another process.

2020-01-28T03:52:36.055Z - debug: The process cannot access the file because it is being used by another process.

2020-01-28T03:52:36.323Z - debug: The process cannot access the file because it is being used by another process.

2020-01-28T03:52:41.068Z - debug:  
2020-01-28T03:52:41.069Z - debug:  
2020-01-28T03:52:43.645Z - debug:  
2020-01-28T03:52:43.645Z - debug:  
2020-01-28T03:53:23.338Z - info: Pages built
2020-01-28T03:53:37.254Z - info: Website generation complete! Total build time: 114.857s
2020-01-28T03:53:37.593Z - info: Serving "C:\repos\nus-cs2113-AY1920S2\cs2113-website\_site" at http://127.0.0.1:8080
2020-01-28T03:53:37.593Z - info: Press CTRL+C to stop ...
2020-01-28T03:53:37.683Z - info: Site data built
2020-01-28T04:25:02.091Z - info: [12:25:02 PM] Reload for file change: C:\repos\nus-cs2113-AY1920S2\cs2113-website\schedule\week3\tutorial-cs2113.mbdf
2020-01-28T04:25:03.092Z - info: Rebuilding affected source files
2020-01-28T04:25:03.093Z - info: Rebuilding 1 pages
2020-01-28T04:25:03.162Z - info: [12:25:03 PM] Reload for file change: C:\repos\nus-cs2113-AY1920S2\cs2113-website\schedule\week3\tutorial-cs2113.mbdf
2020-01-28T04:25:03.561Z - info: Pages rebuilt
2020-01-28T04:25:03.566Z - info: Site data built
2020-01-28T04:25:04.164Z - info: Rebuilding affected source files
2020-01-28T04:25:04.165Z - info: Rebuilding 1 pages
2020-01-28T04:25:04.482Z - info: Pages rebuilt
2020-01-28T04:25:04.488Z - info: Site data built
2020-01-28T04:25:12.146Z - info: [12:25:12 PM] Reload for file change: C:\repos\nus-cs2113-AY1920S2\cs2113-website\schedule\week3\tutorial-cs2113.mbdf
2020-01-28T04:25:13.146Z - info: Rebuilding affected source files
2020-01-28T04:25:13.147Z - info: Rebuilding 1 pages
2020-01-28T04:25:13.427Z - info: Pages rebuilt
2020-01-28T04:25:13.435Z - info: Site data built
2020-01-28T04:26:44.655Z - info: Website generation started at 12:26:43 PM
2020-01-28T04:26:47.224Z - info: Building assets...
