2020-03-16T16:23:06.150Z - info: Website generation started at 00:23:00
2020-03-16T16:23:10.086Z - info: Building assets...
2020-03-16T16:23:13.057Z - info: Assets built
2020-03-16T16:23:13.057Z - info: Generating pages...
2020-03-16T16:24:55.207Z - debug: The process cannot access the file because it is being used by another process.

2020-03-16T16:24:55.209Z - debug: The process cannot access the file because it is being used by another process.

2020-03-16T16:24:55.209Z - debug: The process cannot access the file because it is being used by another process.

2020-03-16T16:24:55.209Z - debug: The process cannot access the file because it is being used by another process.

2020-03-16T16:24:55.210Z - debug: The process cannot access the file because it is being used by another process.

2020-03-16T16:24:55.210Z - debug: The process cannot access the file because it is being used by another process.

2020-03-16T16:24:55.210Z - debug: The process cannot access the file because it is being used by another process.

2020-03-16T16:24:57.009Z - debug: The process cannot access the file because it is being used by another process.

2020-03-16T16:24:57.024Z - debug: The process cannot access the file because it is being used by another process.

2020-03-16T16:24:57.024Z - debug: The process cannot access the file because it is being used by another process.

2020-03-16T16:24:57.024Z - debug: The process cannot access the file because it is being used by another process.

2020-03-16T16:24:57.024Z - debug: The process cannot access the file because it is being used by another process.

2020-03-16T16:24:57.024Z - debug: The process cannot access the file because it is being used by another process.

2020-03-16T16:24:57.024Z - debug: The process cannot access the file because it is being used by another process.

2020-03-16T16:24:57.024Z - debug: The process cannot access the file because it is being used by another process.

2020-03-16T16:24:57.024Z - debug: The process cannot access the file because it is being used by another process.

2020-03-16T16:24:57.024Z - debug: The process cannot access the file because it is being used by another process.

2020-03-16T16:24:57.024Z - debug: The process cannot access the file because it is being used by another process.

2020-03-16T16:24:57.024Z - debug: The process cannot access the file because it is being used by another process.

2020-03-16T16:24:57.024Z - debug: The process cannot access the file because it is being used by another process.

2020-03-16T16:24:57.024Z - debug: The process cannot access the file because it is being used by another process.

2020-03-16T16:24:57.040Z - debug: The process cannot access the file because it is being used by another process.

2020-03-16T16:24:57.040Z - debug: The process cannot access the file because it is being used by another process.

2020-03-16T16:24:57.040Z - debug: The process cannot access the file because it is being used by another process.

2020-03-16T16:24:57.056Z - debug: The process cannot access the file because it is being used by another process.

2020-03-16T16:25:39.893Z - debug:  
2020-03-16T16:25:39.894Z - debug:  
2020-03-16T16:25:39.894Z - debug:  
2020-03-16T16:25:39.894Z - debug:  
2020-03-16T16:26:46.933Z - debug:  
2020-03-16T16:26:46.934Z - debug:  
2020-03-16T16:26:48.957Z - info: Pages built
2020-03-16T16:27:22.895Z - info: Website generation complete! Total build time: 262.516s
2020-03-16T16:27:22.896Z - info: Build success!
2020-03-16T16:27:22.956Z - info: Site data built
2020-03-16T16:27:58.375Z - info: Deployed!
