2020-02-05T08:02:32.820Z - info: Website generation started at 4:02:31 PM
2020-02-05T08:02:35.920Z - info: Building assets...
2020-02-05T08:02:38.762Z - info: Assets built
2020-02-05T08:02:38.763Z - info: Generating pages...
2020-02-05T08:03:36.368Z - debug: The process cannot access the file because it is being used by another process.

2020-02-05T08:03:36.373Z - debug: The process cannot access the file because it is being used by another process.

2020-02-05T08:03:36.375Z - debug: The process cannot access the file because it is being used by another process.

2020-02-05T08:03:36.375Z - debug: The process cannot access the file because it is being used by another process.

2020-02-05T08:03:36.375Z - debug: The process cannot access the file because it is being used by another process.

2020-02-05T08:03:36.375Z - debug: The process cannot access the file because it is being used by another process.

2020-02-05T08:03:36.376Z - debug: The process cannot access the file because it is being used by another process.

2020-02-05T08:03:36.376Z - debug: The process cannot access the file because it is being used by another process.

2020-02-05T08:03:36.376Z - debug: The process cannot access the file because it is being used by another process.

2020-02-05T08:03:36.377Z - debug: The process cannot access the file because it is being used by another process.

2020-02-05T08:03:36.517Z - debug: The process cannot access the file because it is being used by another process.

2020-02-05T08:03:41.460Z - debug:  
2020-02-05T08:03:41.460Z - debug:  
2020-02-05T08:03:41.957Z - debug:  
2020-02-05T08:03:41.958Z - debug:  
2020-02-05T08:04:34.245Z - info: Pages built
2020-02-05T08:04:51.652Z - info: Website generation complete! Total build time: 140.282s
2020-02-05T08:04:51.652Z - info: Build success!
2020-02-05T08:04:51.654Z - info: Site data built
2020-02-05T08:05:23.957Z - info: Deployed!
2020-02-05T08:21:55.400Z - info: Website generation started at 4:21:54 PM
2020-02-05T08:21:58.160Z - info: Building assets...
2020-02-05T08:22:00.245Z - info: Assets built
2020-02-05T08:22:00.246Z - info: Generating pages...
2020-02-05T08:23:47.383Z - info: Website generation started at 4:23:46 PM
2020-02-05T08:23:50.342Z - info: Building assets...
2020-02-05T08:23:52.507Z - info: Assets built
2020-02-05T08:23:52.508Z - info: Generating pages...
2020-02-05T08:24:46.874Z - debug: The process cannot access the file because it is being used by another process.

2020-02-05T08:24:46.875Z - debug: The process cannot access the file because it is being used by another process.

2020-02-05T08:24:46.875Z - debug: The process cannot access the file because it is being used by another process.

2020-02-05T08:24:46.875Z - debug: The process cannot access the file because it is being used by another process.

2020-02-05T08:24:46.875Z - debug: The process cannot access the file because it is being used by another process.

2020-02-05T08:24:46.876Z - debug: The process cannot access the file because it is being used by another process.

2020-02-05T08:24:46.876Z - debug: The process cannot access the file because it is being used by another process.

2020-02-05T08:24:46.876Z - debug: The process cannot access the file because it is being used by another process.

2020-02-05T08:24:47.041Z - debug: The process cannot access the file because it is being used by another process.

2020-02-05T08:24:47.043Z - debug: The process cannot access the file because it is being used by another process.

2020-02-05T08:24:47.046Z - debug: The process cannot access the file because it is being used by another process.

2020-02-05T08:24:52.187Z - debug:  
2020-02-05T08:24:52.188Z - debug:  
2020-02-05T08:24:52.188Z - debug:  
2020-02-05T08:24:52.188Z - debug:  
2020-02-05T08:25:41.919Z - info: Pages built
2020-02-05T08:25:58.125Z - info: Website generation complete! Total build time: 131.31s
2020-02-05T08:25:58.494Z - info: Serving "C:\repos\nus-cs2113-AY1920S2\cs2113-website\_site" at http://127.0.0.1:8080
2020-02-05T08:25:58.494Z - info: Press CTRL+C to stop ...
2020-02-05T08:25:58.598Z - info: Site data built
2020-02-05T08:29:50.998Z - info: [4:29:50 PM] Reload for file change: C:\repos\nus-cs2113-AY1920S2\cs2113-website\schedule\week5\tutorial-cs2113.mbdf
2020-02-05T08:29:52.000Z - info: Rebuilding affected source files
2020-02-05T08:29:52.001Z - info: Rebuilding 1 pages
2020-02-05T08:29:52.226Z - info: Pages rebuilt
2020-02-05T08:29:52.232Z - info: Site data built
2020-02-05T08:33:05.372Z - info: [4:33:05 PM] Reload for file change: C:\repos\nus-cs2113-AY1920S2\cs2113-website\schedule\week5\tutorial-cs2113.mbdf
2020-02-05T08:33:06.373Z - info: Rebuilding affected source files
2020-02-05T08:33:06.374Z - info: Rebuilding 1 pages
2020-02-05T08:33:06.586Z - info: Pages rebuilt
2020-02-05T08:33:06.589Z - info: Site data built
2020-02-05T08:33:50.651Z - info: Website generation started at 4:33:49 PM
2020-02-05T08:33:53.484Z - info: Building assets...
2020-02-05T08:33:55.979Z - info: Assets built
2020-02-05T08:33:55.979Z - info: Generating pages...
2020-02-05T08:34:48.739Z - debug: The process cannot access the file because it is being used by another process.

2020-02-05T08:34:48.740Z - debug: The process cannot access the file because it is being used by another process.

2020-02-05T08:34:48.740Z - debug: The process cannot access the file because it is being used by another process.

2020-02-05T08:34:48.741Z - debug: The process cannot access the file because it is being used by another process.

2020-02-05T08:34:48.742Z - debug: The process cannot access the file because it is being used by another process.

2020-02-05T08:34:48.742Z - debug: The process cannot access the file because it is being used by another process.

2020-02-05T08:34:48.743Z - debug: The process cannot access the file because it is being used by another process.

2020-02-05T08:34:48.743Z - debug: The process cannot access the file because it is being used by another process.

2020-02-05T08:34:48.743Z - debug: The process cannot access the file because it is being used by another process.

2020-02-05T08:34:48.744Z - debug: The process cannot access the file because it is being used by another process.

2020-02-05T08:34:48.931Z - debug: The process cannot access the file because it is being used by another process.

2020-02-05T08:34:52.741Z - debug:  
2020-02-05T08:34:52.742Z - debug:  
2020-02-05T08:34:52.977Z - debug:  
2020-02-05T08:34:52.977Z - debug:  
2020-02-05T08:35:43.962Z - info: Pages built
2020-02-05T08:35:59.455Z - info: Website generation complete! Total build time: 130.287s
2020-02-05T08:35:59.455Z - info: Build success!
2020-02-05T08:35:59.458Z - info: Site data built
2020-02-05T08:36:31.586Z - info: Deployed!
2020-02-05T08:37:31.098Z - info: Website generation started at 4:37:29 PM
2020-02-05T08:37:33.866Z - info: Building assets...
2020-02-05T08:37:36.157Z - info: Assets built
2020-02-05T08:37:36.157Z - info: Generating pages...
2020-02-05T08:38:29.519Z - debug: The process cannot access the file because it is being used by another process.

2020-02-05T08:38:29.520Z - debug: The process cannot access the file because it is being used by another process.

2020-02-05T08:38:29.520Z - debug: The process cannot access the file because it is being used by another process.

2020-02-05T08:38:29.520Z - debug: The process cannot access the file because it is being used by another process.

2020-02-05T08:38:29.520Z - debug: The process cannot access the file because it is being used by another process.

2020-02-05T08:38:29.521Z - debug: The process cannot access the file because it is being used by another process.

2020-02-05T08:38:29.521Z - debug: The process cannot access the file because it is being used by another process.

2020-02-05T08:38:29.521Z - debug: The process cannot access the file because it is being used by another process.

2020-02-05T08:38:29.521Z - debug: The process cannot access the file because it is being used by another process.

2020-02-05T08:38:29.522Z - debug: The process cannot access the file because it is being used by another process.

2020-02-05T08:38:29.878Z - debug: The process cannot access the file because it is being used by another process.

2020-02-05T08:38:34.624Z - debug:  
2020-02-05T08:38:34.625Z - debug:  
2020-02-05T08:38:34.625Z - debug:  
2020-02-05T08:38:34.625Z - debug:  
2020-02-05T08:39:30.975Z - info: Pages built
2020-02-05T08:39:46.706Z - info: Website generation complete! Total build time: 137.008s
2020-02-05T08:39:46.707Z - info: Build success!
2020-02-05T08:39:46.709Z - info: Site data built
2020-02-05T08:40:18.057Z - info: Deployed!
2020-02-05T09:43:26.708Z - error: EBUSY: resource busy or locked, unlink 'C:\repos\nus-cs2113-AY1920S2\cs2113-website\_site\book\processModels\exampleProcessModels\scrum\images\diagram.png'
2020-02-05T09:44:33.581Z - info: Website generation started at 5:44:32 PM
2020-02-05T09:44:36.344Z - info: Building assets...
2020-02-05T09:44:38.546Z - info: Assets built
2020-02-05T09:44:38.546Z - info: Generating pages...
2020-02-05T09:45:35.122Z - debug: The process cannot access the file because it is being used by another process.

2020-02-05T09:45:35.122Z - debug: The process cannot access the file because it is being used by another process.

2020-02-05T09:45:35.123Z - debug: The process cannot access the file because it is being used by another process.

2020-02-05T09:45:35.123Z - debug: The process cannot access the file because it is being used by another process.

2020-02-05T09:45:35.123Z - debug: The process cannot access the file because it is being used by another process.

2020-02-05T09:45:35.123Z - debug: The process cannot access the file because it is being used by another process.

2020-02-05T09:45:35.123Z - debug: The process cannot access the file because it is being used by another process.

2020-02-05T09:45:35.124Z - debug: The process cannot access the file because it is being used by another process.

2020-02-05T09:45:35.124Z - debug: The process cannot access the file because it is being used by another process.

2020-02-05T09:45:35.125Z - debug: The process cannot access the file because it is being used by another process.

2020-02-05T09:45:35.176Z - debug: The process cannot access the file because it is being used by another process.

2020-02-05T09:45:40.594Z - debug:  
2020-02-05T09:45:40.594Z - debug:  
2020-02-05T09:45:44.051Z - debug:  
2020-02-05T09:45:44.051Z - debug:  
2020-02-05T09:46:30.015Z - info: Pages built
2020-02-05T09:46:46.048Z - info: Website generation complete! Total build time: 133.064s
2020-02-05T09:46:46.395Z - info: Serving "C:\repos\nus-cs2113-AY1920S2\cs2113-website\_site" at http://127.0.0.1:8080
2020-02-05T09:46:46.395Z - info: Press CTRL+C to stop ...
2020-02-05T09:46:46.485Z - info: Site data built
2020-02-05T10:42:54.325Z - info: [6:42:54 PM] Reload for file deletion: C:\repos\nus-cs2113-AY1920S2\cs2113-website\admin\participation-dashboard-table.mbdf.backup
2020-02-05T10:42:55.340Z - info: Assets removed
2020-02-05T12:28:37.789Z - info: Website generation started at 8:28:36 PM
2020-02-05T12:28:40.347Z - info: Building assets...
