2020-03-02T16:27:25.773Z - info: Website generation started at 00:27:19
2020-03-02T16:27:30.313Z - info: Building assets...
2020-03-02T16:27:33.824Z - info: Assets built
2020-03-02T16:27:33.825Z - info: Generating pages...
2020-03-02T16:27:36.466Z - info: Pages built
2020-03-02T16:27:36.708Z - info: Website generation complete! Total build time: 17.122s
2020-03-02T16:27:37.026Z - info: Serving "C:\repos\nus-cs2113-AY1920S2\cs2113-website\_site" at http://127.0.0.1:8080
2020-03-02T16:27:37.026Z - info: Press CTRL+C to stop ...
2020-03-02T16:27:37.078Z - info: Site data built
2020-03-02T16:28:56.354Z - info: [00:28:56] Reload for file change: C:\repos\nus-cs2113-AY1920S2\cs2113-website\admin\tp-tasks.mbdf
2020-03-02T16:28:57.365Z - info: Rebuilding affected source files
2020-03-02T16:28:57.368Z - info: Rebuilding 1 pages
2020-03-02T16:29:00.515Z - info: Pages rebuilt
2020-03-02T16:29:00.533Z - info: Site data built
2020-03-02T16:30:03.339Z - info: Website generation started at 00:30:00
2020-03-02T16:30:06.928Z - info: Building assets...
2020-03-02T16:30:09.998Z - info: Assets built
2020-03-02T16:30:09.999Z - info: Generating pages...
2020-03-02T16:31:49.692Z - debug: The process cannot access the file because it is being used by another process.

2020-03-02T16:31:49.693Z - debug: The process cannot access the file because it is being used by another process.

2020-03-02T16:31:49.694Z - debug: The process cannot access the file because it is being used by another process.

2020-03-02T16:31:49.694Z - debug: The process cannot access the file because it is being used by another process.

2020-03-02T16:31:49.695Z - debug: The process cannot access the file because it is being used by another process.

2020-03-02T16:31:49.695Z - debug: The process cannot access the file because it is being used by another process.

2020-03-02T16:31:49.731Z - debug: The process cannot access the file because it is being used by another process.

2020-03-02T16:31:49.731Z - debug: The process cannot access the file because it is being used by another process.

2020-03-02T16:31:49.732Z - debug: The process cannot access the file because it is being used by another process.

2020-03-02T16:31:49.732Z - debug: The process cannot access the file because it is being used by another process.

2020-03-02T16:31:49.732Z - debug: The process cannot access the file because it is being used by another process.

2020-03-02T16:31:49.732Z - debug: The process cannot access the file because it is being used by another process.

2020-03-02T16:31:49.733Z - debug: The process cannot access the file because it is being used by another process.

2020-03-02T16:31:49.733Z - debug: The process cannot access the file because it is being used by another process.

2020-03-02T16:31:49.733Z - debug: The process cannot access the file because it is being used by another process.

2020-03-02T16:31:49.733Z - debug: The process cannot access the file because it is being used by another process.

2020-03-02T16:31:49.733Z - debug: The process cannot access the file because it is being used by another process.

2020-03-02T16:31:49.734Z - debug: The process cannot access the file because it is being used by another process.

2020-03-02T16:31:49.736Z - debug: The process cannot access the file because it is being used by another process.

2020-03-02T16:31:49.736Z - debug: The process cannot access the file because it is being used by another process.

2020-03-02T16:31:49.737Z - debug: The process cannot access the file because it is being used by another process.

2020-03-02T16:31:49.738Z - debug: The process cannot access the file because it is being used by another process.

2020-03-02T16:31:50.323Z - debug: The process cannot access the file because it is being used by another process.

2020-03-02T16:31:50.323Z - debug: The process cannot access the file because it is being used by another process.

2020-03-02T16:31:50.362Z - debug:  
2020-03-02T16:31:50.362Z - debug: The process cannot access the file because it is being used by another process.

2020-03-02T16:31:50.413Z - debug:  
2020-03-02T16:32:06.679Z - debug:  
2020-03-02T16:32:06.680Z - debug:  
2020-03-02T16:33:17.138Z - info: Pages built
2020-03-02T16:33:43.894Z - info: Website generation complete! Total build time: 223.182s
2020-03-02T16:33:43.895Z - info: Build success!
2020-03-02T16:33:43.899Z - info: Site data built
2020-03-02T16:34:18.660Z - info: Deployed!
2020-03-03T15:27:58.481Z - info: Website generation started at 23:27:51
2020-03-03T15:28:02.878Z - info: Building assets...
2020-03-03T15:28:06.818Z - info: Assets built
2020-03-03T15:28:06.818Z - info: Generating pages...
2020-03-03T15:30:15.332Z - debug: The process cannot access the file because it is being used by another process.

2020-03-03T15:30:15.416Z - debug: The process cannot access the file because it is being used by another process.

2020-03-03T15:30:15.416Z - debug: The process cannot access the file because it is being used by another process.

2020-03-03T15:30:15.416Z - debug: The process cannot access the file because it is being used by another process.

2020-03-03T15:30:15.416Z - debug: The process cannot access the file because it is being used by another process.

2020-03-03T15:30:15.416Z - debug: The process cannot access the file because it is being used by another process.

2020-03-03T15:30:15.416Z - debug: The process cannot access the file because it is being used by another process.

2020-03-03T15:30:15.416Z - debug: The process cannot access the file because it is being used by another process.

2020-03-03T15:30:15.416Z - debug: The process cannot access the file because it is being used by another process.

2020-03-03T15:30:15.416Z - debug: The process cannot access the file because it is being used by another process.

2020-03-03T15:30:15.416Z - debug: The process cannot access the file because it is being used by another process.

2020-03-03T15:30:15.420Z - debug: The process cannot access the file because it is being used by another process.

2020-03-03T15:30:15.420Z - debug: The process cannot access the file because it is being used by another process.

2020-03-03T15:30:15.420Z - debug: The process cannot access the file because it is being used by another process.

2020-03-03T15:30:15.420Z - debug: The process cannot access the file because it is being used by another process.

2020-03-03T15:30:15.420Z - debug: The process cannot access the file because it is being used by another process.

2020-03-03T15:30:15.420Z - debug: The process cannot access the file because it is being used by another process.

2020-03-03T15:30:15.420Z - debug: The process cannot access the file because it is being used by another process.

2020-03-03T15:30:15.420Z - debug: The process cannot access the file because it is being used by another process.

2020-03-03T15:30:15.424Z - debug: The process cannot access the file because it is being used by another process.

2020-03-03T15:30:15.424Z - debug: The process cannot access the file because it is being used by another process.

2020-03-03T15:30:15.424Z - debug: The process cannot access the file because it is being used by another process.

2020-03-03T15:30:15.424Z - debug: The process cannot access the file because it is being used by another process.

2020-03-03T15:30:15.424Z - debug: The process cannot access the file because it is being used by another process.

2020-03-03T15:30:15.424Z - debug: The process cannot access the file because it is being used by another process.

2020-03-03T15:30:30.513Z - debug:  
2020-03-03T15:30:30.513Z - debug:  
2020-03-03T15:30:30.513Z - debug:  
2020-03-03T15:30:30.517Z - debug:  
2020-03-03T15:32:00.826Z - info: Pages built
2020-03-03T15:32:33.505Z - info: Website generation complete! Total build time: 281.538s
2020-03-03T15:32:33.953Z - info: Serving "C:\repos\nus-cs2113-AY1920S2\cs2113-website\_site" at http://127.0.0.1:8080
2020-03-03T15:32:33.953Z - info: Press CTRL+C to stop ...
2020-03-03T15:32:34.009Z - info: Site data built
2020-03-03T15:34:29.860Z - info: [23:34:29] Reload for file add: C:\repos\nus-cs2113-AY1920S2\cs2113-website\schedule\week8\notices-cs2113.mbdf
2020-03-03T15:34:30.873Z - warn: Rebuilding all source files
2020-03-03T15:34:34.471Z - info: Assets removed
2020-03-03T15:34:34.471Z - info: Generating pages...
2020-03-03T15:36:40.002Z - info: [23:36:40] Reload for file change: C:\repos\nus-cs2113-AY1920S2\cs2113-website\schedule\week8\notices-cs2113.mbdf
2020-03-03T15:36:40.544Z - debug: The process cannot access the file because it is being used by another process.

2020-03-03T15:36:40.544Z - debug: The process cannot access the file because it is being used by another process.

2020-03-03T15:36:40.544Z - debug: The process cannot access the file because it is being used by another process.

2020-03-03T15:36:40.544Z - debug: The process cannot access the file because it is being used by another process.

2020-03-03T15:36:40.544Z - debug: The process cannot access the file because it is being used by another process.

2020-03-03T15:36:40.544Z - debug: The process cannot access the file because it is being used by another process.

2020-03-03T15:36:40.544Z - debug: The process cannot access the file because it is being used by another process.

2020-03-03T15:36:40.544Z - debug: The process cannot access the file because it is being used by another process.

2020-03-03T15:36:40.544Z - debug: The process cannot access the file because it is being used by another process.

2020-03-03T15:36:40.544Z - debug: The process cannot access the file because it is being used by another process.

2020-03-03T15:36:40.544Z - debug: The process cannot access the file because it is being used by another process.

2020-03-03T15:36:40.552Z - debug: The process cannot access the file because it is being used by another process.

2020-03-03T15:36:40.552Z - debug: The process cannot access the file because it is being used by another process.

2020-03-03T15:36:40.552Z - debug: The process cannot access the file because it is being used by another process.

2020-03-03T15:36:40.552Z - debug: The process cannot access the file because it is being used by another process.

2020-03-03T15:36:40.552Z - debug: The process cannot access the file because it is being used by another process.

2020-03-03T15:36:40.556Z - debug: The process cannot access the file because it is being used by another process.

2020-03-03T15:36:40.556Z - debug: The process cannot access the file because it is being used by another process.

2020-03-03T15:36:40.556Z - debug: The process cannot access the file because it is being used by another process.

2020-03-03T15:36:40.612Z - debug: The process cannot access the file because it is being used by another process.

2020-03-03T15:36:40.612Z - debug: The process cannot access the file because it is being used by another process.

2020-03-03T15:36:40.612Z - debug: The process cannot access the file because it is being used by another process.

2020-03-03T15:36:41.032Z - info: Rebuilding affected source files
2020-03-03T15:36:41.036Z - info: Rebuilding 0 pages
2020-03-03T15:36:41.036Z - debug: The process cannot access the file because it is being used by another process.

2020-03-03T15:36:41.036Z - debug: The process cannot access the file because it is being used by another process.

2020-03-03T15:36:42.072Z - info: Pages rebuilt
2020-03-03T15:36:42.905Z - debug: The process cannot access the file because it is being used by another process.

2020-03-03T15:36:45.946Z - info: Site data built
2020-03-03T15:36:57.569Z - debug:  
2020-03-03T15:36:57.573Z - debug:  
2020-03-03T15:36:57.573Z - debug:  
2020-03-03T15:36:57.573Z - debug:  
2020-03-03T15:38:56.074Z - info: [23:38:56] Reload for file change: C:\repos\nus-cs2113-AY1920S2\cs2113-website\schedule\week8\notices-cs2113.mbdf
2020-03-03T15:38:57.182Z - info: [23:38:57] Reload for file change: C:\repos\nus-cs2113-AY1920S2\cs2113-website\schedule\week8\notices-cs2113.mbdf
2020-03-03T15:39:05.498Z - info: Pages built
2020-03-03T15:39:05.582Z - info: Rebuilding affected source files
2020-03-03T15:39:05.582Z - info: Rebuilding 1 pages
2020-03-03T15:39:06.575Z - info: Pages rebuilt
2020-03-03T15:39:06.579Z - info: Site data built
2020-03-03T15:44:37.585Z - info: [23:44:37] Reload for file change: C:\repos\nus-cs2113-AY1920S2\cs2113-website\schedule\index.md
2020-03-03T15:44:38.590Z - info: Rebuilding affected source files
2020-03-03T15:44:38.590Z - info: Rebuilding 2 pages
2020-03-03T15:44:40.852Z - info: Pages rebuilt
2020-03-03T15:44:40.856Z - info: Site data built
2020-03-03T15:44:53.920Z - info: [23:44:53] Reload for file change: C:\repos\nus-cs2113-AY1920S2\cs2113-website\admin\admin-tasks.mbdf
2020-03-03T15:44:54.924Z - info: Rebuilding affected source files
2020-03-03T15:44:54.936Z - info: Rebuilding 28 pages
2020-03-03T15:45:20.231Z - debug:  
2020-03-03T15:45:26.479Z - info: Pages rebuilt
2020-03-03T15:45:26.503Z - info: Site data built
2020-03-03T15:46:52.179Z - info: [23:46:52] Reload for file change: C:\repos\nus-cs2113-AY1920S2\cs2113-website\admin\admin-tasks.mbdf
2020-03-03T15:46:53.200Z - info: Rebuilding affected source files
2020-03-03T15:46:53.216Z - info: Rebuilding 28 pages
2020-03-03T15:47:17.413Z - debug:  
2020-03-03T15:47:21.242Z - info: Pages rebuilt
2020-03-03T15:47:21.298Z - info: Site data built
2020-03-03T15:48:07.856Z - info: Website generation started at 23:48:02
2020-03-03T15:48:15.686Z - info: Building assets...
2020-03-03T15:48:19.460Z - info: Assets built
2020-03-03T15:48:19.460Z - info: Generating pages...
2020-03-03T15:50:31.021Z - debug: The process cannot access the file because it is being used by another process.

2020-03-03T15:50:31.025Z - debug: The process cannot access the file because it is being used by another process.

2020-03-03T15:50:31.025Z - debug: The process cannot access the file because it is being used by another process.

2020-03-03T15:50:31.025Z - debug: The process cannot access the file because it is being used by another process.

2020-03-03T15:50:31.025Z - debug: The process cannot access the file because it is being used by another process.

2020-03-03T15:50:31.025Z - debug: The process cannot access the file because it is being used by another process.

2020-03-03T15:50:31.029Z - debug: The process cannot access the file because it is being used by another process.

2020-03-03T15:50:31.029Z - debug: The process cannot access the file because it is being used by another process.

2020-03-03T15:50:31.029Z - debug: The process cannot access the file because it is being used by another process.

2020-03-03T15:50:31.029Z - debug: The process cannot access the file because it is being used by another process.

2020-03-03T15:50:31.029Z - debug: The process cannot access the file because it is being used by another process.

2020-03-03T15:50:31.033Z - debug: The process cannot access the file because it is being used by another process.

2020-03-03T15:50:31.033Z - debug: The process cannot access the file because it is being used by another process.

2020-03-03T15:50:31.037Z - debug: The process cannot access the file because it is being used by another process.

2020-03-03T15:50:31.037Z - debug: The process cannot access the file because it is being used by another process.

2020-03-03T15:50:31.037Z - debug: The process cannot access the file because it is being used by another process.

2020-03-03T15:50:31.301Z - debug: The process cannot access the file because it is being used by another process.

2020-03-03T15:50:31.301Z - debug: The process cannot access the file because it is being used by another process.

2020-03-03T15:50:31.301Z - debug: The process cannot access the file because it is being used by another process.

2020-03-03T15:50:31.301Z - debug: The process cannot access the file because it is being used by another process.

2020-03-03T15:50:31.305Z - debug: The process cannot access the file because it is being used by another process.

2020-03-03T15:50:31.305Z - debug: The process cannot access the file because it is being used by another process.

2020-03-03T15:50:31.305Z - debug: The process cannot access the file because it is being used by another process.

2020-03-03T15:50:31.305Z - debug: The process cannot access the file because it is being used by another process.

2020-03-03T15:50:31.325Z - debug: The process cannot access the file because it is being used by another process.

2020-03-03T15:50:31.670Z - debug:  
2020-03-03T15:50:41.705Z - debug:  
2020-03-03T15:50:41.705Z - debug:  
2020-03-03T15:50:41.705Z - debug:  
2020-03-03T15:52:19.216Z - info: Pages built
2020-03-03T15:52:53.634Z - info: Website generation complete! Total build time: 291.563s
2020-03-03T15:52:54.103Z - info: Serving "C:\repos\nus-cs2113-AY1920S2\cs2113-website\_site" at http://127.0.0.1:8080
2020-03-03T15:52:54.103Z - info: Press CTRL+C to stop ...
2020-03-03T15:52:54.147Z - info: Site data built
