2020-03-23T15:22:55.143Z - info: Website generation started at 23:22:49
2020-03-23T15:22:59.428Z - info: Building assets...
2020-03-23T15:23:03.232Z - info: Assets built
2020-03-23T15:23:03.233Z - info: Generating pages...
2020-03-23T15:24:49.203Z - debug: The process cannot access the file because it is being used by another process.

2020-03-23T15:24:49.205Z - debug: The process cannot access the file because it is being used by another process.

2020-03-23T15:24:49.206Z - debug: The process cannot access the file because it is being used by another process.

2020-03-23T15:24:49.209Z - debug: The process cannot access the file because it is being used by another process.

2020-03-23T15:24:49.210Z - debug: The process cannot access the file because it is being used by another process.

2020-03-23T15:24:49.210Z - debug: The process cannot access the file because it is being used by another process.

2020-03-23T15:24:49.212Z - debug: The process cannot access the file because it is being used by another process.

2020-03-23T15:24:49.213Z - debug: The process cannot access the file because it is being used by another process.

2020-03-23T15:24:49.214Z - debug: The process cannot access the file because it is being used by another process.

2020-03-23T15:24:49.216Z - debug: The process cannot access the file because it is being used by another process.

2020-03-23T15:24:49.218Z - debug: The process cannot access the file because it is being used by another process.

2020-03-23T15:24:49.219Z - debug: The process cannot access the file because it is being used by another process.

2020-03-23T15:24:49.220Z - debug: The process cannot access the file because it is being used by another process.

2020-03-23T15:24:49.222Z - debug: The process cannot access the file because it is being used by another process.

2020-03-23T15:24:49.226Z - debug: The process cannot access the file because it is being used by another process.

2020-03-23T15:24:49.227Z - debug: The process cannot access the file because it is being used by another process.

2020-03-23T15:24:49.227Z - debug: The process cannot access the file because it is being used by another process.

2020-03-23T15:24:49.227Z - debug: The process cannot access the file because it is being used by another process.

2020-03-23T15:24:49.228Z - debug: The process cannot access the file because it is being used by another process.

2020-03-23T15:24:49.228Z - debug: The process cannot access the file because it is being used by another process.

2020-03-23T15:24:49.228Z - debug: The process cannot access the file because it is being used by another process.

2020-03-23T15:24:49.230Z - debug: The process cannot access the file because it is being used by another process.

2020-03-23T15:24:49.894Z - debug: The process cannot access the file because it is being used by another process.

2020-03-23T15:24:49.894Z - debug: The process cannot access the file because it is being used by another process.

2020-03-23T15:24:50.053Z - debug: The process cannot access the file because it is being used by another process.

2020-03-23T15:25:09.946Z - debug:  
2020-03-23T15:25:09.947Z - debug:  
2020-03-23T15:25:09.947Z - debug:  
2020-03-23T15:25:09.947Z - debug:  
2020-03-23T15:26:32.847Z - debug:  
2020-03-23T15:26:33.203Z - debug:  
2020-03-23T15:26:35.350Z - info: Pages built
2020-03-23T15:27:13.048Z - info: Website generation complete! Total build time: 263.732s
2020-03-23T15:27:13.048Z - info: Build success!
2020-03-23T15:27:13.053Z - info: Site data built
2020-03-23T15:27:49.192Z - info: Deployed!
