2020-01-13T11:20:18.518Z - warn: Command 'server' doesn't exist, run "markbind --help" to list commands.
2020-01-13T11:20:27.268Z - info: Website generation started at 7:20:26 PM
2020-01-13T11:20:30.085Z - info: Building assets...
2020-01-13T11:20:32.272Z - info: Assets built
2020-01-13T11:20:32.273Z - info: Generating pages...
2020-01-13T11:20:32.791Z - info: Pages built
2020-01-13T11:20:32.952Z - info: Website generation complete! Total build time: 6.281s
2020-01-13T11:20:33.321Z - info: Serving "C:\repos\nus-cs2113-AY1920S2\cs2113-website\_site" at http://127.0.0.1:8080
2020-01-13T11:20:33.321Z - info: Press CTRL+C to stop ...
2020-01-13T11:20:33.418Z - info: Site data built
2020-01-13T11:22:02.862Z - info: Website generation started at 7:22:02 PM
2020-01-13T11:22:05.529Z - info: Building assets...
2020-01-13T11:22:07.583Z - info: Assets built
2020-01-13T11:22:07.583Z - info: Generating pages...
2020-01-13T11:23:00.223Z - debug: The process cannot access the file because it is being used by another process.

2020-01-13T11:23:00.224Z - debug: The process cannot access the file because it is being used by another process.

2020-01-13T11:23:00.229Z - debug: The process cannot access the file because it is being used by another process.

2020-01-13T11:23:00.229Z - debug: The process cannot access the file because it is being used by another process.

2020-01-13T11:23:00.229Z - debug: The process cannot access the file because it is being used by another process.

2020-01-13T11:23:00.230Z - debug: The process cannot access the file because it is being used by another process.

2020-01-13T11:23:00.230Z - debug: The process cannot access the file because it is being used by another process.

2020-01-13T11:23:00.230Z - debug: The process cannot access the file because it is being used by another process.

2020-01-13T11:23:00.230Z - debug: The process cannot access the file because it is being used by another process.

2020-01-13T11:23:00.230Z - debug: The process cannot access the file because it is being used by another process.

2020-01-13T11:23:00.451Z - debug: The process cannot access the file because it is being used by another process.

2020-01-13T11:23:05.845Z - debug:  
2020-01-13T11:23:05.846Z - debug:  
2020-01-13T11:23:08.084Z - debug:  
2020-01-13T11:23:08.085Z - debug:  
2020-01-13T11:23:50.579Z - info: Pages built
2020-01-13T11:24:06.659Z - info: Website generation complete! Total build time: 124.403s
2020-01-13T11:24:06.659Z - info: Build success!
2020-01-13T11:24:06.663Z - info: Site data built
2020-01-13T11:24:55.145Z - info: Deployed!
