2020-01-06T16:00:02.162Z - info: [00:00:02] Reload for file change: C:\repos\nus-cs2113-AY1920S2\cs2113-website\admin\tp-tasks.mbdf
2020-01-06T16:00:03.199Z - info: Rebuilding affected source files
2020-01-06T16:00:03.238Z - info: Rebuilding 37 pages
2020-01-06T16:00:43.230Z - info: Pages rebuilt
2020-01-06T16:00:43.253Z - info: Site data built
2020-01-06T16:02:25.796Z - info: [00:02:25] Reload for file change: C:\repos\nus-cs2113-AY1920S2\cs2113-website\admin\instructors.md
2020-01-06T16:02:26.798Z - info: Rebuilding affected source files
2020-01-06T16:02:26.799Z - info: Rebuilding 1 pages
2020-01-06T16:02:27.219Z - info: Pages rebuilt
2020-01-06T16:02:27.304Z - info: Site data built
2020-01-06T16:05:20.227Z - info: [00:05:20] Reload for file change: C:\repos\nus-cs2113-AY1920S2\cs2113-website\admin\tp-tasks.mbdf
2020-01-06T16:05:21.251Z - info: Rebuilding affected source files
2020-01-06T16:05:21.251Z - info: Rebuilding 37 pages
2020-01-06T16:06:11.254Z - info: Pages rebuilt
2020-01-06T16:06:11.272Z - info: Site data built
2020-01-06T16:07:09.010Z - info: [00:07:09] Reload for file change: C:\repos\nus-cs2113-AY1920S2\cs2113-website\admin\tp-tasks.mbdf
2020-01-06T16:07:10.012Z - info: Rebuilding affected source files
2020-01-06T16:07:10.019Z - info: Rebuilding 37 pages
2020-01-06T16:07:57.089Z - info: Pages rebuilt
2020-01-06T16:07:57.106Z - info: Site data built
2020-01-06T16:08:11.122Z - info: [00:08:11] Reload for file change: C:\repos\nus-cs2113-AY1920S2\cs2113-website\admin\tp-tasks.mbdf
2020-01-06T16:08:12.124Z - info: Rebuilding affected source files
2020-01-06T16:08:12.132Z - info: Rebuilding 37 pages
2020-01-06T16:08:49.565Z - info: [00:08:49] Reload for file change: C:\repos\nus-cs2113-AY1920S2\cs2113-website\admin\tp-tasks.mbdf
2020-01-06T16:08:51.811Z - info: [00:08:51] Reload for file change: C:\repos\nus-cs2113-AY1920S2\cs2113-website\admin\tp-tasks.mbdf
2020-01-06T16:08:58.266Z - info: Pages rebuilt
2020-01-06T16:08:58.280Z - info: Site data built
2020-01-06T16:08:58.376Z - info: Rebuilding affected source files
2020-01-06T16:08:58.384Z - info: Rebuilding 37 pages
2020-01-06T16:09:41.967Z - info: Pages rebuilt
2020-01-06T16:09:41.988Z - info: [00:09:41] Reload for file change: C:\repos\nus-cs2113-AY1920S2\cs2113-website\admin\tp-tasks.mbdf
2020-01-06T16:09:42.004Z - info: Site data built
2020-01-06T16:09:42.996Z - info: Rebuilding affected source files
2020-01-06T16:09:43.006Z - info: Rebuilding 37 pages
2020-01-06T16:14:05.330Z - info: Website generation started at 00:13:59
2020-01-06T16:14:09.003Z - info: Building assets...
2020-01-06T16:14:12.086Z - info: Assets built
2020-01-06T16:14:12.087Z - info: Generating pages...
2020-01-06T16:15:50.370Z - debug: The process cannot access the file because it is being used by another process.

2020-01-06T16:15:50.373Z - debug: The process cannot access the file because it is being used by another process.

2020-01-06T16:15:50.374Z - debug: The process cannot access the file because it is being used by another process.

2020-01-06T16:15:51.683Z - debug: The process cannot access the file because it is being used by another process.

2020-01-06T16:15:51.683Z - debug: The process cannot access the file because it is being used by another process.

2020-01-06T16:15:51.684Z - debug: The process cannot access the file because it is being used by another process.

2020-01-06T16:15:51.684Z - debug: The process cannot access the file because it is being used by another process.

2020-01-06T16:15:51.684Z - debug: The process cannot access the file because it is being used by another process.

2020-01-06T16:15:51.684Z - debug: The process cannot access the file because it is being used by another process.

2020-01-06T16:15:51.684Z - debug: The process cannot access the file because it is being used by another process.

2020-01-06T16:15:51.769Z - debug: The process cannot access the file because it is being used by another process.

2020-01-06T16:16:04.181Z - debug:  
2020-01-06T16:16:04.182Z - debug:  
2020-01-06T16:16:04.182Z - debug:  
2020-01-06T16:16:04.182Z - debug:  
2020-01-06T16:17:16.839Z - info: Pages built
2020-01-06T16:17:44.643Z - info: Website generation complete! Total build time: 225.46s
2020-01-06T16:17:44.644Z - info: Build success!
2020-01-06T16:17:44.666Z - info: Site data built
2020-01-06T16:18:40.394Z - info: Deployed!
