2020-01-08T02:21:04.586Z - info: Website generation started at 10:21:03 AM
2020-01-08T02:21:07.383Z - info: Building assets...
2020-01-08T02:21:09.767Z - info: Assets built
2020-01-08T02:21:09.767Z - info: Generating pages...
2020-01-08T02:21:10.452Z - info: Pages built
2020-01-08T02:21:10.623Z - info: Website generation complete! Total build time: 7.458s
2020-01-08T02:21:10.973Z - info: Serving "C:\repos\nus-cs2113-AY1920S2\cs2113-website\_site" at http://127.0.0.1:8080
2020-01-08T02:21:10.973Z - info: Press CTRL+C to stop ...
2020-01-08T02:21:11.071Z - info: Site data built
2020-01-08T02:28:03.681Z - info: Website generation started at 10:28:03 AM
2020-01-08T02:28:06.031Z - info: Building assets...
2020-01-08T02:28:08.035Z - info: Assets built
2020-01-08T02:28:08.036Z - info: Generating pages...
2020-01-08T02:28:08.619Z - info: Pages built
2020-01-08T02:28:08.741Z - info: Website generation complete! Total build time: 5.693s
2020-01-08T02:28:09.082Z - info: Serving "C:\repos\nus-cs2113-AY1920S2\cs2113-website\_site" at http://127.0.0.1:8080
2020-01-08T02:28:09.082Z - info: Press CTRL+C to stop ...
2020-01-08T02:28:09.114Z - info: Site data built
2020-01-08T02:28:44.451Z - info: [10:28:44 AM] Reload for file change: C:\repos\nus-cs2113-AY1920S2\cs2113-website\site.json
2020-01-08T02:28:45.463Z - info: Assets built
2020-01-08T02:28:52.400Z - info: Website generation started at 10:28:51 AM
2020-01-08T02:28:54.829Z - info: Building assets...
2020-01-08T02:28:56.758Z - info: Assets built
2020-01-08T02:28:56.759Z - info: Generating pages...
2020-01-08T02:28:57.343Z - info: Pages built
2020-01-08T02:28:57.466Z - info: Website generation complete! Total build time: 5.639s
2020-01-08T02:28:57.820Z - info: Serving "C:\repos\nus-cs2113-AY1920S2\cs2113-website\_site" at http://127.0.0.1:8080
2020-01-08T02:28:57.821Z - info: Press CTRL+C to stop ...
2020-01-08T02:28:57.851Z - info: Site data built
2020-01-08T02:30:47.064Z - info: Website generation started at 10:30:46 AM
2020-01-08T02:30:49.490Z - info: Building assets...
2020-01-08T02:30:51.317Z - info: Assets built
2020-01-08T02:30:51.318Z - info: Generating pages...
2020-01-08T02:30:51.886Z - info: Pages built
2020-01-08T02:30:52.008Z - info: Website generation complete! Total build time: 5.482s
2020-01-08T02:30:52.366Z - info: Serving "C:\repos\nus-cs2113-AY1920S2\cs2113-website\_site" at http://127.0.0.1:8080
2020-01-08T02:30:52.366Z - info: Press CTRL+C to stop ...
2020-01-08T02:30:52.396Z - info: Site data built
2020-01-08T02:36:02.256Z - info: Website generation started at 10:36:01 AM
2020-01-08T02:36:05.080Z - info: Building assets...
2020-01-08T02:36:07.018Z - info: Assets built
2020-01-08T02:36:07.019Z - info: Generating pages...
2020-01-08T02:36:57.151Z - debug: The process cannot access the file because it is being used by another process.

2020-01-08T02:36:57.152Z - debug: The process cannot access the file because it is being used by another process.

2020-01-08T02:36:57.152Z - debug: The process cannot access the file because it is being used by another process.

2020-01-08T02:36:57.152Z - debug: The process cannot access the file because it is being used by another process.

2020-01-08T02:36:57.153Z - debug: The process cannot access the file because it is being used by another process.

2020-01-08T02:36:57.153Z - debug: The process cannot access the file because it is being used by another process.

2020-01-08T02:36:57.154Z - debug: The process cannot access the file because it is being used by another process.

2020-01-08T02:36:57.154Z - debug: The process cannot access the file because it is being used by another process.

2020-01-08T02:36:57.204Z - debug: The process cannot access the file because it is being used by another process.

2020-01-08T02:36:57.204Z - debug: The process cannot access the file because it is being used by another process.

2020-01-08T02:36:57.207Z - debug: The process cannot access the file because it is being used by another process.

2020-01-08T02:37:02.098Z - debug:  
2020-01-08T02:37:02.098Z - debug:  
2020-01-08T02:37:02.098Z - debug:  
2020-01-08T02:37:02.098Z - debug:  
2020-01-08T02:37:48.176Z - info: Pages built
2020-01-08T02:38:03.767Z - info: Website generation complete! Total build time: 122.09s
2020-01-08T02:38:03.767Z - info: Build success!
2020-01-08T02:38:03.770Z - info: Site data built
2020-01-08T02:39:03.048Z - info: Deployed!
2020-01-08T03:52:09.259Z - info: Website generation started at 11:52:08 AM
2020-01-08T03:52:11.767Z - info: Building assets...
2020-01-08T03:52:13.811Z - info: Assets built
2020-01-08T03:52:13.811Z - info: Generating pages...
2020-01-08T03:53:02.950Z - debug: The process cannot access the file because it is being used by another process.

2020-01-08T03:53:02.951Z - debug: The process cannot access the file because it is being used by another process.

2020-01-08T03:53:02.979Z - debug: The process cannot access the file because it is being used by another process.

2020-01-08T03:53:02.980Z - debug: The process cannot access the file because it is being used by another process.

2020-01-08T03:53:02.980Z - debug: The process cannot access the file because it is being used by another process.

2020-01-08T03:53:02.980Z - debug: The process cannot access the file because it is being used by another process.

2020-01-08T03:53:02.980Z - debug: The process cannot access the file because it is being used by another process.

2020-01-08T03:53:02.980Z - debug: The process cannot access the file because it is being used by another process.

2020-01-08T03:53:02.981Z - debug: The process cannot access the file because it is being used by another process.

2020-01-08T03:53:02.981Z - debug: The process cannot access the file because it is being used by another process.

2020-01-08T03:53:03.077Z - debug: The process cannot access the file because it is being used by another process.

2020-01-08T03:53:09.622Z - debug:  
2020-01-08T03:53:09.622Z - debug:  
2020-01-08T03:53:09.622Z - debug:  
2020-01-08T03:53:09.622Z - debug:  
2020-01-08T03:53:53.502Z - info: Pages built
2020-01-08T03:54:08.649Z - info: Website generation complete! Total build time: 120.527s
2020-01-08T03:54:08.649Z - info: Build success!
2020-01-08T03:54:08.651Z - info: Site data built
2020-01-08T03:54:57.131Z - info: Deployed!
2020-01-08T07:26:34.289Z - info: Website generation started at 3:26:32 PM
2020-01-08T07:26:37.208Z - info: Building assets...
2020-01-08T07:26:39.502Z - info: Assets built
2020-01-08T07:26:39.502Z - info: Generating pages...
2020-01-08T07:26:40.107Z - info: Pages built
2020-01-08T07:26:40.291Z - info: Website generation complete! Total build time: 7.493s
2020-01-08T07:26:40.665Z - info: Serving "C:\repos\nus-cs2113-AY1920S2\cs2113-website\_site" at http://127.0.0.1:8080
2020-01-08T07:26:40.665Z - info: Press CTRL+C to stop ...
2020-01-08T07:26:40.780Z - info: Site data built
2020-01-08T07:26:41.178Z - info: [3:26:41 PM] Reload for file change: C:\repos\nus-cs2113-AY1920S2\cs2113-website\index.md
2020-01-08T07:26:42.223Z - info: Rebuilding affected source files
2020-01-08T07:26:42.224Z - info: Rebuilding 1 pages
2020-01-08T07:26:44.660Z - info: Pages rebuilt
2020-01-08T07:26:44.701Z - info: Site data built
2020-01-08T07:28:00.655Z - info: [3:28:00 PM] Reload for file change: C:\repos\nus-cs2113-AY1920S2\cs2113-website\index.md
2020-01-08T07:28:01.658Z - info: Rebuilding affected source files
2020-01-08T07:28:01.659Z - info: Rebuilding 1 pages
2020-01-08T07:28:02.016Z - info: Pages rebuilt
2020-01-08T07:28:02.021Z - info: Site data built
2020-01-08T07:28:39.869Z - info: [3:28:39 PM] Reload for file change: C:\repos\nus-cs2113-AY1920S2\cs2113-website\index.md
2020-01-08T07:28:40.870Z - info: Rebuilding affected source files
2020-01-08T07:28:40.871Z - info: Rebuilding 1 pages
2020-01-08T07:28:41.149Z - info: Pages rebuilt
2020-01-08T07:28:41.154Z - info: Site data built
2020-01-08T07:28:58.602Z - info: [3:28:58 PM] Reload for file change: C:\repos\nus-cs2113-AY1920S2\cs2113-website\index.md
2020-01-08T07:28:59.605Z - info: Rebuilding affected source files
2020-01-08T07:28:59.606Z - info: Rebuilding 1 pages
2020-01-08T07:28:59.937Z - info: Pages rebuilt
2020-01-08T07:28:59.943Z - info: Site data built
2020-01-08T07:29:40.828Z - info: [3:29:40 PM] Reload for file change: C:\repos\nus-cs2113-AY1920S2\cs2113-website\index.md
2020-01-08T07:29:41.829Z - info: Rebuilding affected source files
2020-01-08T07:29:41.829Z - info: Rebuilding 1 pages
2020-01-08T07:29:42.145Z - info: Pages rebuilt
2020-01-08T07:29:42.152Z - info: Site data built
2020-01-08T07:29:48.245Z - info: [3:29:48 PM] Reload for file change: C:\repos\nus-cs2113-AY1920S2\cs2113-website\index.md
2020-01-08T07:29:49.247Z - info: Rebuilding affected source files
2020-01-08T07:29:49.248Z - info: Rebuilding 1 pages
2020-01-08T07:29:49.557Z - info: Pages rebuilt
2020-01-08T07:29:49.566Z - info: Site data built
2020-01-08T07:30:11.862Z - info: [3:30:11 PM] Reload for file change: C:\repos\nus-cs2113-AY1920S2\cs2113-website\index.md
2020-01-08T07:30:12.863Z - info: Rebuilding affected source files
2020-01-08T07:30:12.864Z - info: Rebuilding 1 pages
2020-01-08T07:30:13.227Z - info: Pages rebuilt
2020-01-08T07:30:13.235Z - info: Site data built
2020-01-08T07:30:59.141Z - info: [3:30:59 PM] Reload for file change: C:\repos\nus-cs2113-AY1920S2\cs2113-website\index.md
2020-01-08T07:31:00.144Z - info: Rebuilding affected source files
2020-01-08T07:31:00.145Z - info: Rebuilding 1 pages
2020-01-08T07:31:00.412Z - info: Pages rebuilt
2020-01-08T07:31:00.418Z - info: Site data built
2020-01-08T07:31:24.091Z - info: [3:31:24 PM] Reload for file change: C:\repos\nus-cs2113-AY1920S2\cs2113-website\index.md
2020-01-08T07:31:25.093Z - info: Rebuilding affected source files
2020-01-08T07:31:25.093Z - info: Rebuilding 1 pages
2020-01-08T07:31:25.441Z - info: Pages rebuilt
2020-01-08T07:31:25.450Z - info: Site data built
2020-01-08T07:31:48.860Z - info: [3:31:48 PM] Reload for file change: C:\repos\nus-cs2113-AY1920S2\cs2113-website\index.md
2020-01-08T07:31:49.861Z - info: Rebuilding affected source files
2020-01-08T07:31:49.861Z - info: Rebuilding 1 pages
2020-01-08T07:31:50.142Z - info: Pages rebuilt
2020-01-08T07:31:50.148Z - info: Site data built
2020-01-08T07:32:11.358Z - info: [3:32:11 PM] Reload for file change: C:\repos\nus-cs2113-AY1920S2\cs2113-website\index.md
2020-01-08T07:32:12.361Z - info: Rebuilding affected source files
2020-01-08T07:32:12.362Z - info: Rebuilding 1 pages
2020-01-08T07:32:12.729Z - info: Pages rebuilt
2020-01-08T07:32:12.735Z - info: Site data built
2020-01-08T07:33:10.839Z - info: [3:33:10 PM] Reload for file change: C:\repos\nus-cs2113-AY1920S2\cs2113-website\index.md
2020-01-08T07:33:11.841Z - info: Rebuilding affected source files
2020-01-08T07:33:11.842Z - info: Rebuilding 1 pages
2020-01-08T07:33:12.152Z - info: Pages rebuilt
2020-01-08T07:33:12.159Z - info: Site data built
2020-01-08T07:33:28.456Z - info: [3:33:28 PM] Reload for file change: C:\repos\nus-cs2113-AY1920S2\cs2113-website\index.md
2020-01-08T07:33:29.458Z - info: Rebuilding affected source files
2020-01-08T07:33:29.459Z - info: Rebuilding 1 pages
2020-01-08T07:33:29.812Z - info: Pages rebuilt
2020-01-08T07:33:29.817Z - info: Site data built
2020-01-08T07:33:41.845Z - info: [3:33:41 PM] Reload for file change: C:\repos\nus-cs2113-AY1920S2\cs2113-website\index.md
2020-01-08T07:33:42.847Z - info: Rebuilding affected source files
2020-01-08T07:33:42.847Z - info: Rebuilding 1 pages
2020-01-08T07:33:43.129Z - info: Pages rebuilt
2020-01-08T07:33:43.135Z - info: Site data built
2020-01-08T07:34:06.748Z - info: [3:34:06 PM] Reload for file change: C:\repos\nus-cs2113-AY1920S2\cs2113-website\index.md
2020-01-08T07:34:07.751Z - info: Rebuilding affected source files
2020-01-08T07:34:07.751Z - info: Rebuilding 1 pages
2020-01-08T07:34:08.107Z - info: Pages rebuilt
2020-01-08T07:34:08.113Z - info: Site data built
2020-01-08T07:34:18.636Z - info: [3:34:18 PM] Reload for file change: C:\repos\nus-cs2113-AY1920S2\cs2113-website\index.md
2020-01-08T07:34:19.638Z - info: Rebuilding affected source files
2020-01-08T07:34:19.638Z - info: Rebuilding 1 pages
2020-01-08T07:34:19.927Z - info: Pages rebuilt
2020-01-08T07:34:19.933Z - info: Site data built
2020-01-08T07:34:53.884Z - info: [3:34:53 PM] Reload for file change: C:\repos\nus-cs2113-AY1920S2\cs2113-website\index.md
2020-01-08T07:34:54.885Z - info: Rebuilding affected source files
2020-01-08T07:34:54.886Z - info: Rebuilding 1 pages
2020-01-08T07:34:55.173Z - info: Pages rebuilt
2020-01-08T07:34:55.186Z - info: Site data built
2020-01-08T07:35:08.723Z - info: [3:35:08 PM] Reload for file change: C:\repos\nus-cs2113-AY1920S2\cs2113-website\index.md
2020-01-08T07:35:09.724Z - info: Rebuilding affected source files
2020-01-08T07:35:09.724Z - info: Rebuilding 1 pages
2020-01-08T07:35:10.007Z - info: Pages rebuilt
2020-01-08T07:35:10.012Z - info: Site data built
2020-01-08T07:35:29.225Z - info: [3:35:29 PM] Reload for file change: C:\repos\nus-cs2113-AY1920S2\cs2113-website\index.md
2020-01-08T07:35:30.226Z - info: Rebuilding affected source files
2020-01-08T07:35:30.227Z - info: Rebuilding 1 pages
2020-01-08T07:35:30.603Z - info: Pages rebuilt
2020-01-08T07:35:30.608Z - info: Site data built
2020-01-08T07:37:20.373Z - info: [3:37:20 PM] Reload for file change: C:\repos\nus-cs2113-AY1920S2\cs2113-website\index.md
2020-01-08T07:37:21.374Z - info: Rebuilding affected source files
2020-01-08T07:37:21.375Z - info: Rebuilding 1 pages
2020-01-08T07:37:21.670Z - info: Pages rebuilt
2020-01-08T07:37:21.677Z - info: Site data built
2020-01-08T07:38:21.310Z - info: [3:38:21 PM] Reload for file change: C:\repos\nus-cs2113-AY1920S2\cs2113-website\index.md
2020-01-08T07:38:22.312Z - info: Rebuilding affected source files
2020-01-08T07:38:22.312Z - info: Rebuilding 1 pages
2020-01-08T07:38:22.666Z - info: Pages rebuilt
2020-01-08T07:38:22.672Z - info: Site data built
2020-01-08T07:38:37.565Z - info: [3:38:37 PM] Reload for file change: C:\repos\nus-cs2113-AY1920S2\cs2113-website\index.md
2020-01-08T07:38:38.566Z - info: Rebuilding affected source files
2020-01-08T07:38:38.567Z - info: Rebuilding 1 pages
2020-01-08T07:38:38.878Z - info: Pages rebuilt
2020-01-08T07:38:38.884Z - info: Site data built
2020-01-08T07:38:52.493Z - info: [3:38:52 PM] Reload for file change: C:\repos\nus-cs2113-AY1920S2\cs2113-website\index.md
2020-01-08T07:38:53.494Z - info: Rebuilding affected source files
2020-01-08T07:38:53.495Z - info: Rebuilding 1 pages
2020-01-08T07:38:53.796Z - info: Pages rebuilt
2020-01-08T07:38:53.803Z - info: Site data built
2020-01-08T07:42:52.040Z - info: [3:42:52 PM] Reload for file change: C:\repos\nus-cs2113-AY1920S2\cs2113-website\index.md
2020-01-08T07:42:53.042Z - info: Rebuilding affected source files
2020-01-08T07:42:53.042Z - info: Rebuilding 1 pages
2020-01-08T07:42:53.384Z - info: Pages rebuilt
2020-01-08T07:42:53.391Z - info: Site data built
