2020-02-11T08:12:33.948Z - info: Website generation started at 4:12:33 PM
2020-02-11T08:12:36.248Z - info: Building assets...
2020-02-11T08:12:38.035Z - info: Assets built
2020-02-11T08:12:38.035Z - info: Generating pages...
2020-02-11T08:13:26.016Z - debug: The process cannot access the file because it is being used by another process.

2020-02-11T08:13:26.016Z - debug: The process cannot access the file because it is being used by another process.

2020-02-11T08:13:26.016Z - debug: The process cannot access the file because it is being used by another process.

2020-02-11T08:13:26.017Z - debug: The process cannot access the file because it is being used by another process.

2020-02-11T08:13:26.017Z - debug: The process cannot access the file because it is being used by another process.

2020-02-11T08:13:26.018Z - debug: The process cannot access the file because it is being used by another process.

2020-02-11T08:13:26.018Z - debug: The process cannot access the file because it is being used by another process.

2020-02-11T08:13:26.018Z - debug: The process cannot access the file because it is being used by another process.

2020-02-11T08:13:26.018Z - debug: The process cannot access the file because it is being used by another process.

2020-02-11T08:13:26.019Z - debug: The process cannot access the file because it is being used by another process.

2020-02-11T08:13:26.019Z - debug: The process cannot access the file because it is being used by another process.

2020-02-11T08:13:31.244Z - debug:  
2020-02-11T08:13:31.244Z - debug:  
2020-02-11T08:13:31.244Z - debug:  
2020-02-11T08:13:31.244Z - debug:  
2020-02-11T08:14:18.985Z - info: Pages built
2020-02-11T08:14:35.311Z - info: Website generation complete! Total build time: 121.918s
2020-02-11T08:14:35.312Z - info: Build success!
2020-02-11T08:14:35.314Z - info: Site data built
2020-02-11T08:15:21.625Z - info: Deployed!
2020-02-11T08:29:35.997Z - info: Website generation started at 4:29:34 PM
2020-02-11T08:29:38.468Z - info: Building assets...
2020-02-11T08:29:40.558Z - info: Assets built
2020-02-11T08:29:40.558Z - info: Generating pages...
2020-02-11T08:29:42.069Z - info: Pages built
2020-02-11T08:29:42.301Z - info: Website generation complete! Total build time: 7.657s
2020-02-11T08:29:42.678Z - info: Serving "C:\repos\nus-cs2113-AY1920S2\cs2113-website\_site" at http://127.0.0.1:8080
2020-02-11T08:29:42.678Z - info: Press CTRL+C to stop ...
2020-02-11T08:29:42.775Z - info: Site data built
2020-02-11T08:30:07.529Z - info: [4:30:07 PM] Reload for file change: C:\repos\nus-cs2113-AY1920S2\cs2113-website\schedule\week6\notices-cs2113.mbdf
2020-02-11T08:30:08.531Z - info: Rebuilding affected source files
2020-02-11T08:30:08.532Z - info: Rebuilding 1 pages
2020-02-11T08:30:09.393Z - info: Pages rebuilt
2020-02-11T08:30:09.400Z - info: Site data built
2020-02-11T08:30:22.292Z - info: [4:30:22 PM] Reload for file change: C:\repos\nus-cs2113-AY1920S2\cs2113-website\schedule\week6\notices-cs2113.mbdf
2020-02-11T08:30:23.293Z - info: Rebuilding affected source files
2020-02-11T08:30:23.293Z - info: Rebuilding 1 pages
2020-02-11T08:30:24.005Z - info: Pages rebuilt
2020-02-11T08:30:24.008Z - info: Site data built
2020-02-11T08:30:35.378Z - info: [4:30:35 PM] Reload for file change: C:\repos\nus-cs2113-AY1920S2\cs2113-website\schedule\week6\notices-cs2113.mbdf
2020-02-11T08:30:36.380Z - info: Rebuilding affected source files
2020-02-11T08:30:36.380Z - info: Rebuilding 1 pages
2020-02-11T08:30:37.031Z - info: Pages rebuilt
2020-02-11T08:30:37.034Z - info: Site data built
2020-02-11T08:32:17.759Z - info: [4:32:17 PM] Reload for file change: C:\repos\nus-cs2113-AY1920S2\cs2113-website\schedule\week6\notices-cs2113.mbdf
2020-02-11T08:32:18.762Z - info: Rebuilding affected source files
2020-02-11T08:32:18.762Z - info: Rebuilding 1 pages
2020-02-11T08:32:19.564Z - info: Pages rebuilt
2020-02-11T08:32:19.572Z - info: Site data built
2020-02-11T08:32:30.782Z - info: [4:32:30 PM] Reload for file change: C:\repos\nus-cs2113-AY1920S2\cs2113-website\schedule\week6\notices-cs2113.mbdf
2020-02-11T08:32:31.785Z - info: Rebuilding affected source files
2020-02-11T08:32:31.786Z - info: Rebuilding 1 pages
2020-02-11T08:32:32.547Z - info: Pages rebuilt
2020-02-11T08:32:32.550Z - info: Site data built
2020-02-11T08:34:00.157Z - info: [4:34:00 PM] Reload for file change: C:\repos\nus-cs2113-AY1920S2\cs2113-website\schedule\week6\notices-cs2113.mbdf
2020-02-11T08:34:01.159Z - info: Rebuilding affected source files
2020-02-11T08:34:01.159Z - info: Rebuilding 1 pages
2020-02-11T08:34:02.008Z - info: Pages rebuilt
2020-02-11T08:34:02.017Z - info: Site data built
2020-02-11T08:35:14.854Z - info: [4:35:14 PM] Reload for file change: C:\repos\nus-cs2113-AY1920S2\cs2113-website\schedule\week6\notices-cs2113.mbdf
2020-02-11T08:35:15.856Z - info: Rebuilding affected source files
2020-02-11T08:35:15.856Z - info: Rebuilding 1 pages
2020-02-11T08:35:16.709Z - info: Pages rebuilt
2020-02-11T08:35:16.717Z - info: Site data built
2020-02-11T08:40:25.359Z - info: [4:40:25 PM] Reload for file change: C:\repos\nus-cs2113-AY1920S2\cs2113-website\schedule\week6\notices-cs2113.mbdf
2020-02-11T08:40:26.360Z - info: Rebuilding affected source files
2020-02-11T08:40:26.360Z - info: Rebuilding 1 pages
2020-02-11T08:40:27.251Z - info: Pages rebuilt
2020-02-11T08:40:27.258Z - info: Site data built
2020-02-11T08:40:55.460Z - info: [4:40:55 PM] Reload for file change: C:\repos\nus-cs2113-AY1920S2\cs2113-website\schedule\week6\notices-cs2113.mbdf
2020-02-11T08:40:56.461Z - info: Rebuilding affected source files
2020-02-11T08:40:56.461Z - info: Rebuilding 1 pages
2020-02-11T08:40:57.296Z - info: Pages rebuilt
2020-02-11T08:40:57.302Z - info: Site data built
2020-02-11T08:42:16.406Z - info: [4:42:16 PM] Reload for file change: C:\repos\nus-cs2113-AY1920S2\cs2113-website\schedule\week6\notices-cs2113.mbdf
2020-02-11T08:42:17.407Z - info: Rebuilding affected source files
2020-02-11T08:42:17.408Z - info: Rebuilding 1 pages
2020-02-11T08:42:18.035Z - error:  TypeError: Expected a string, got `undefined`
Error while rendering 'C:\repos\nus-cs2113-AY1920S2\cs2113-website\.temp\schedule\week6\index.md'
    at slugify (C:\Users\dcsdcr\AppData\Roaming\npm\node_modules\markbind-cli\node_modules\@sindresorhus\slugify\index.js:29:9)
    at Parser._parse (C:\Users\dcsdcr\AppData\Roaming\npm\node_modules\markbind-cli\src\lib\markbind\src\parser.js:466:32)
    at element.children.forEach (C:\Users\dcsdcr\AppData\Roaming\npm\node_modules\markbind-cli\src\lib\markbind\src\parser.js:519:14)
    at Array.forEach (<anonymous>)
    at Parser._parse (C:\Users\dcsdcr\AppData\Roaming\npm\node_modules\markbind-cli\src\lib\markbind\src\parser.js:518:24)
    at element.children.forEach (C:\Users\dcsdcr\AppData\Roaming\npm\node_modules\markbind-cli\src\lib\markbind\src\parser.js:519:14)
    at Array.forEach (<anonymous>)
    at Parser._parse (C:\Users\dcsdcr\AppData\Roaming\npm\node_modules\markbind-cli\src\lib\markbind\src\parser.js:518:24)
    at element.children.forEach (C:\Users\dcsdcr\AppData\Roaming\npm\node_modules\markbind-cli\src\lib\markbind\src\parser.js:519:14)
    at Array.forEach (<anonymous>)
    at Parser._parse (C:\Users\dcsdcr\AppData\Roaming\npm\node_modules\markbind-cli\src\lib\markbind\src\parser.js:518:24)
    at element.children.forEach (C:\Users\dcsdcr\AppData\Roaming\npm\node_modules\markbind-cli\src\lib\markbind\src\parser.js:519:14)
    at Array.forEach (<anonymous>)
    at Parser._parse (C:\Users\dcsdcr\AppData\Roaming\npm\node_modules\markbind-cli\src\lib\markbind\src\parser.js:518:24)
    at element.children.forEach (C:\Users\dcsdcr\AppData\Roaming\npm\node_modules\markbind-cli\src\lib\markbind\src\parser.js:519:14)
    at Array.forEach (<anonymous>)
2020-02-11T08:42:18.055Z - error:  TypeError: Cannot read property 'parent' of null
    at Function.exports.update (C:\Users\dcsdcr\AppData\Roaming\npm\node_modules\markbind-cli\node_modules\cheerio\lib\parse.js:55:26)
    at module.exports (C:\Users\dcsdcr\AppData\Roaming\npm\node_modules\markbind-cli\node_modules\cheerio\lib\parse.js:17:11)
    at Function.exports.load (C:\Users\dcsdcr\AppData\Roaming\npm\node_modules\markbind-cli\node_modules\cheerio\lib\static.js:22:14)
    at Page.collectNavigableHeadings (C:\Users\dcsdcr\AppData\Roaming\npm\node_modules\markbind-cli\src\Page.js:162:23)
    at Page.buildPageNav (C:\Users\dcsdcr\AppData\Roaming\npm\node_modules\markbind-cli\src\Page.js:654:12)
    at markbinder.includeFile.then.then.then.then.then.then.then.then.then.then.then.then.then.then.then.then.then.then (C:\Users\dcsdcr\AppData\Roaming\npm\node_modules\markbind-cli\src\Page.js:814:16)
    at tryCatcher (C:\Users\dcsdcr\AppData\Roaming\npm\node_modules\markbind-cli\node_modules\bluebird\js\release\util.js:16:23)
    at Promise._settlePromiseFromHandler (C:\Users\dcsdcr\AppData\Roaming\npm\node_modules\markbind-cli\node_modules\bluebird\js\release\promise.js:547:31)
    at Promise._settlePromise (C:\Users\dcsdcr\AppData\Roaming\npm\node_modules\markbind-cli\node_modules\bluebird\js\release\promise.js:604:18)
    at Promise._settlePromise0 (C:\Users\dcsdcr\AppData\Roaming\npm\node_modules\markbind-cli\node_modules\bluebird\js\release\promise.js:649:10)
    at Promise._settlePromises (C:\Users\dcsdcr\AppData\Roaming\npm\node_modules\markbind-cli\node_modules\bluebird\js\release\promise.js:729:18)
    at _drainQueueStep (C:\Users\dcsdcr\AppData\Roaming\npm\node_modules\markbind-cli\node_modules\bluebird\js\release\async.js:93:12)
    at _drainQueue (C:\Users\dcsdcr\AppData\Roaming\npm\node_modules\markbind-cli\node_modules\bluebird\js\release\async.js:86:9)
    at Async._drainQueues (C:\Users\dcsdcr\AppData\Roaming\npm\node_modules\markbind-cli\node_modules\bluebird\js\release\async.js:102:5)
    at Immediate.Async.drainQueues [as _onImmediate] (C:\Users\dcsdcr\AppData\Roaming\npm\node_modules\markbind-cli\node_modules\bluebird\js\release\async.js:15:14)
    at runCallback (timers.js:705:18)
2020-02-11T08:42:18.055Z - warn:  Error: Error while generating C:\repos\nus-cs2113-AY1920S2\cs2113-website\schedule\week6\index.md
    at processingFiles.push.page.generate.catch (C:\Users\dcsdcr\AppData\Roaming\npm\node_modules\markbind-cli\src\Site.js:821:35)
    at tryCatcher (C:\Users\dcsdcr\AppData\Roaming\npm\node_modules\markbind-cli\node_modules\bluebird\js\release\util.js:16:23)
    at Promise._settlePromiseFromHandler (C:\Users\dcsdcr\AppData\Roaming\npm\node_modules\markbind-cli\node_modules\bluebird\js\release\promise.js:547:31)
    at Promise._settlePromise (C:\Users\dcsdcr\AppData\Roaming\npm\node_modules\markbind-cli\node_modules\bluebird\js\release\promise.js:604:18)
    at Promise._settlePromise0 (C:\Users\dcsdcr\AppData\Roaming\npm\node_modules\markbind-cli\node_modules\bluebird\js\release\promise.js:649:10)
    at Promise._settlePromises (C:\Users\dcsdcr\AppData\Roaming\npm\node_modules\markbind-cli\node_modules\bluebird\js\release\promise.js:725:18)
    at _drainQueueStep (C:\Users\dcsdcr\AppData\Roaming\npm\node_modules\markbind-cli\node_modules\bluebird\js\release\async.js:93:12)
    at _drainQueue (C:\Users\dcsdcr\AppData\Roaming\npm\node_modules\markbind-cli\node_modules\bluebird\js\release\async.js:86:9)
    at Async._drainQueues (C:\Users\dcsdcr\AppData\Roaming\npm\node_modules\markbind-cli\node_modules\bluebird\js\release\async.js:102:5)
    at Immediate.Async.drainQueues [as _onImmediate] (C:\Users\dcsdcr\AppData\Roaming\npm\node_modules\markbind-cli\node_modules\bluebird\js\release\async.js:15:14)
    at runCallback (timers.js:705:18)
    at tryOnImmediate (timers.js:676:5)
    at processImmediate (timers.js:658:5)
2020-02-11T08:42:18.685Z - error: Error while generating C:\repos\nus-cs2113-AY1920S2\cs2113-website\schedule\week6\index.md
2020-02-11T08:42:34.453Z - info: Website generation started at 4:42:34 PM
2020-02-11T08:42:36.755Z - info: Building assets...
2020-02-11T08:42:38.538Z - info: Assets built
2020-02-11T08:42:38.538Z - info: Generating pages...
2020-02-11T08:42:39.415Z - error:  TypeError: Expected a string, got `undefined`
Error while rendering 'C:\repos\nus-cs2113-AY1920S2\cs2113-website\.temp\schedule\week6\index.md'
    at slugify (C:\Users\dcsdcr\AppData\Roaming\npm\node_modules\markbind-cli\node_modules\@sindresorhus\slugify\index.js:29:9)
    at Parser._parse (C:\Users\dcsdcr\AppData\Roaming\npm\node_modules\markbind-cli\src\lib\markbind\src\parser.js:466:32)
    at element.children.forEach (C:\Users\dcsdcr\AppData\Roaming\npm\node_modules\markbind-cli\src\lib\markbind\src\parser.js:519:14)
    at Array.forEach (<anonymous>)
    at Parser._parse (C:\Users\dcsdcr\AppData\Roaming\npm\node_modules\markbind-cli\src\lib\markbind\src\parser.js:518:24)
    at element.children.forEach (C:\Users\dcsdcr\AppData\Roaming\npm\node_modules\markbind-cli\src\lib\markbind\src\parser.js:519:14)
    at Array.forEach (<anonymous>)
    at Parser._parse (C:\Users\dcsdcr\AppData\Roaming\npm\node_modules\markbind-cli\src\lib\markbind\src\parser.js:518:24)
    at element.children.forEach (C:\Users\dcsdcr\AppData\Roaming\npm\node_modules\markbind-cli\src\lib\markbind\src\parser.js:519:14)
    at Array.forEach (<anonymous>)
    at Parser._parse (C:\Users\dcsdcr\AppData\Roaming\npm\node_modules\markbind-cli\src\lib\markbind\src\parser.js:518:24)
    at element.children.forEach (C:\Users\dcsdcr\AppData\Roaming\npm\node_modules\markbind-cli\src\lib\markbind\src\parser.js:519:14)
    at Array.forEach (<anonymous>)
    at Parser._parse (C:\Users\dcsdcr\AppData\Roaming\npm\node_modules\markbind-cli\src\lib\markbind\src\parser.js:518:24)
    at element.children.forEach (C:\Users\dcsdcr\AppData\Roaming\npm\node_modules\markbind-cli\src\lib\markbind\src\parser.js:519:14)
    at Array.forEach (<anonymous>)
2020-02-11T08:42:39.450Z - error:  TypeError: Cannot read property 'parent' of null
    at Function.exports.update (C:\Users\dcsdcr\AppData\Roaming\npm\node_modules\markbind-cli\node_modules\cheerio\lib\parse.js:55:26)
    at module.exports (C:\Users\dcsdcr\AppData\Roaming\npm\node_modules\markbind-cli\node_modules\cheerio\lib\parse.js:17:11)
    at Function.exports.load (C:\Users\dcsdcr\AppData\Roaming\npm\node_modules\markbind-cli\node_modules\cheerio\lib\static.js:22:14)
    at Page.collectNavigableHeadings (C:\Users\dcsdcr\AppData\Roaming\npm\node_modules\markbind-cli\src\Page.js:162:23)
    at Page.buildPageNav (C:\Users\dcsdcr\AppData\Roaming\npm\node_modules\markbind-cli\src\Page.js:654:12)
    at markbinder.includeFile.then.then.then.then.then.then.then.then.then.then.then.then.then.then.then.then.then.then (C:\Users\dcsdcr\AppData\Roaming\npm\node_modules\markbind-cli\src\Page.js:814:16)
    at tryCatcher (C:\Users\dcsdcr\AppData\Roaming\npm\node_modules\markbind-cli\node_modules\bluebird\js\release\util.js:16:23)
    at Promise._settlePromiseFromHandler (C:\Users\dcsdcr\AppData\Roaming\npm\node_modules\markbind-cli\node_modules\bluebird\js\release\promise.js:547:31)
    at Promise._settlePromise (C:\Users\dcsdcr\AppData\Roaming\npm\node_modules\markbind-cli\node_modules\bluebird\js\release\promise.js:604:18)
    at Promise._settlePromise0 (C:\Users\dcsdcr\AppData\Roaming\npm\node_modules\markbind-cli\node_modules\bluebird\js\release\promise.js:649:10)
    at Promise._settlePromises (C:\Users\dcsdcr\AppData\Roaming\npm\node_modules\markbind-cli\node_modules\bluebird\js\release\promise.js:729:18)
    at _drainQueueStep (C:\Users\dcsdcr\AppData\Roaming\npm\node_modules\markbind-cli\node_modules\bluebird\js\release\async.js:93:12)
    at _drainQueue (C:\Users\dcsdcr\AppData\Roaming\npm\node_modules\markbind-cli\node_modules\bluebird\js\release\async.js:86:9)
    at Async._drainQueues (C:\Users\dcsdcr\AppData\Roaming\npm\node_modules\markbind-cli\node_modules\bluebird\js\release\async.js:102:5)
    at Immediate.Async.drainQueues [as _onImmediate] (C:\Users\dcsdcr\AppData\Roaming\npm\node_modules\markbind-cli\node_modules\bluebird\js\release\async.js:15:14)
    at runCallback (timers.js:705:18)
2020-02-11T08:42:39.451Z - warn:  Error: Error while generating C:\repos\nus-cs2113-AY1920S2\cs2113-website\schedule\week6\index.md
    at processingFiles.push.page.generate.then.catch (C:\Users\dcsdcr\AppData\Roaming\npm\node_modules\markbind-cli\src\Site.js:791:33)
    at tryCatcher (C:\Users\dcsdcr\AppData\Roaming\npm\node_modules\markbind-cli\node_modules\bluebird\js\release\util.js:16:23)
    at Promise._settlePromiseFromHandler (C:\Users\dcsdcr\AppData\Roaming\npm\node_modules\markbind-cli\node_modules\bluebird\js\release\promise.js:547:31)
    at Promise._settlePromise (C:\Users\dcsdcr\AppData\Roaming\npm\node_modules\markbind-cli\node_modules\bluebird\js\release\promise.js:604:18)
    at Promise._settlePromise0 (C:\Users\dcsdcr\AppData\Roaming\npm\node_modules\markbind-cli\node_modules\bluebird\js\release\promise.js:649:10)
    at Promise._settlePromises (C:\Users\dcsdcr\AppData\Roaming\npm\node_modules\markbind-cli\node_modules\bluebird\js\release\promise.js:725:18)
    at _drainQueueStep (C:\Users\dcsdcr\AppData\Roaming\npm\node_modules\markbind-cli\node_modules\bluebird\js\release\async.js:93:12)
    at _drainQueue (C:\Users\dcsdcr\AppData\Roaming\npm\node_modules\markbind-cli\node_modules\bluebird\js\release\async.js:86:9)
    at Async._drainQueues (C:\Users\dcsdcr\AppData\Roaming\npm\node_modules\markbind-cli\node_modules\bluebird\js\release\async.js:102:5)
    at Immediate.Async.drainQueues [as _onImmediate] (C:\Users\dcsdcr\AppData\Roaming\npm\node_modules\markbind-cli\node_modules\bluebird\js\release\async.js:15:14)
    at runCallback (timers.js:705:18)
    at tryOnImmediate (timers.js:676:5)
    at processImmediate (timers.js:658:5)
2020-02-11T08:42:39.631Z - warn:  Error: Error while generating C:\repos\nus-cs2113-AY1920S2\cs2113-website\schedule\week6\index.md
    at processingFiles.push.page.generate.then.catch (C:\Users\dcsdcr\AppData\Roaming\npm\node_modules\markbind-cli\src\Site.js:791:33)
    at tryCatcher (C:\Users\dcsdcr\AppData\Roaming\npm\node_modules\markbind-cli\node_modules\bluebird\js\release\util.js:16:23)
    at Promise._settlePromiseFromHandler (C:\Users\dcsdcr\AppData\Roaming\npm\node_modules\markbind-cli\node_modules\bluebird\js\release\promise.js:547:31)
    at Promise._settlePromise (C:\Users\dcsdcr\AppData\Roaming\npm\node_modules\markbind-cli\node_modules\bluebird\js\release\promise.js:604:18)
    at Promise._settlePromise0 (C:\Users\dcsdcr\AppData\Roaming\npm\node_modules\markbind-cli\node_modules\bluebird\js\release\promise.js:649:10)
    at Promise._settlePromises (C:\Users\dcsdcr\AppData\Roaming\npm\node_modules\markbind-cli\node_modules\bluebird\js\release\promise.js:725:18)
    at _drainQueueStep (C:\Users\dcsdcr\AppData\Roaming\npm\node_modules\markbind-cli\node_modules\bluebird\js\release\async.js:93:12)
    at _drainQueue (C:\Users\dcsdcr\AppData\Roaming\npm\node_modules\markbind-cli\node_modules\bluebird\js\release\async.js:86:9)
    at Async._drainQueues (C:\Users\dcsdcr\AppData\Roaming\npm\node_modules\markbind-cli\node_modules\bluebird\js\release\async.js:102:5)
    at Immediate.Async.drainQueues [as _onImmediate] (C:\Users\dcsdcr\AppData\Roaming\npm\node_modules\markbind-cli\node_modules\bluebird\js\release\async.js:15:14)
    at runCallback (timers.js:705:18)
    at tryOnImmediate (timers.js:676:5)
    at processImmediate (timers.js:658:5)
2020-02-11T08:42:39.631Z - error: Error while generating C:\repos\nus-cs2113-AY1920S2\cs2113-website\schedule\week6\index.md
2020-02-11T08:43:01.192Z - info: Website generation started at 4:43:01 PM
2020-02-11T08:43:03.472Z - info: Building assets...
2020-02-11T08:43:05.179Z - info: Assets built
2020-02-11T08:43:05.179Z - info: Generating pages...
2020-02-11T08:43:06.349Z - info: Pages built
2020-02-11T08:43:06.572Z - info: Website generation complete! Total build time: 5.388s
2020-02-11T08:43:06.915Z - info: Serving "C:\repos\nus-cs2113-AY1920S2\cs2113-website\_site" at http://127.0.0.1:8080
2020-02-11T08:43:06.915Z - info: Press CTRL+C to stop ...
2020-02-11T08:43:07.009Z - info: Site data built
2020-02-11T08:44:46.175Z - info: [4:44:46 PM] Reload for file change: C:\repos\nus-cs2113-AY1920S2\cs2113-website\schedule\week6\notices-cs2113.mbdf
2020-02-11T08:44:47.177Z - info: Rebuilding affected source files
2020-02-11T08:44:47.179Z - info: Rebuilding 1 pages
2020-02-11T08:44:48.047Z - info: Pages rebuilt
2020-02-11T08:44:48.050Z - info: Site data built
2020-02-11T08:47:09.736Z - info: [4:47:09 PM] Reload for file change: C:\repos\nus-cs2113-AY1920S2\cs2113-website\schedule\week6\notices-cs2113.mbdf
2020-02-11T08:47:10.740Z - info: Rebuilding affected source files
2020-02-11T08:47:10.740Z - info: Rebuilding 1 pages
2020-02-11T08:47:11.597Z - info: Pages rebuilt
2020-02-11T08:47:11.605Z - info: Site data built
2020-02-11T08:49:32.509Z - info: [4:49:32 PM] Reload for file change: C:\repos\nus-cs2113-AY1920S2\cs2113-website\schedule\week6\notices-cs2113.mbdf
2020-02-11T08:49:33.510Z - info: Rebuilding affected source files
2020-02-11T08:49:33.510Z - info: Rebuilding 1 pages
2020-02-11T08:49:34.410Z - info: Pages rebuilt
2020-02-11T08:49:34.414Z - info: Site data built
2020-02-11T08:52:28.813Z - info: [4:52:28 PM] Reload for file change: C:\repos\nus-cs2113-AY1920S2\cs2113-website\schedule\week6\notices-cs2113.mbdf
2020-02-11T08:52:29.816Z - info: Rebuilding affected source files
2020-02-11T08:52:29.817Z - info: Rebuilding 1 pages
2020-02-11T08:52:30.735Z - info: Pages rebuilt
2020-02-11T08:52:30.743Z - info: Site data built
2020-02-11T08:52:45.018Z - info: [4:52:45 PM] Reload for file change: C:\repos\nus-cs2113-AY1920S2\cs2113-website\schedule\week6\notices-cs2113.mbdf
2020-02-11T08:52:46.019Z - info: Rebuilding affected source files
2020-02-11T08:52:46.019Z - info: Rebuilding 1 pages
2020-02-11T08:52:46.727Z - info: Pages rebuilt
2020-02-11T08:52:46.730Z - info: Site data built
2020-02-11T08:53:12.979Z - info: [4:53:12 PM] Reload for file change: C:\repos\nus-cs2113-AY1920S2\cs2113-website\schedule\week6\notices-cs2113.mbdf
2020-02-11T08:53:13.981Z - info: Rebuilding affected source files
2020-02-11T08:53:13.982Z - info: Rebuilding 1 pages
2020-02-11T08:53:14.848Z - info: Pages rebuilt
2020-02-11T08:53:14.851Z - info: Site data built
2020-02-11T08:55:12.903Z - info: [4:55:12 PM] Reload for file change: C:\repos\nus-cs2113-AY1920S2\cs2113-website\schedule\week6\notices-cs2113.mbdf
2020-02-11T08:55:13.905Z - info: Rebuilding affected source files
2020-02-11T08:55:13.905Z - info: Rebuilding 1 pages
2020-02-11T08:55:14.766Z - info: Pages rebuilt
2020-02-11T08:55:14.770Z - info: Site data built
2020-02-11T08:56:19.778Z - info: [4:56:19 PM] Reload for file change: C:\repos\nus-cs2113-AY1920S2\cs2113-website\schedule\week6\notices-cs2113.mbdf
2020-02-11T08:56:20.780Z - info: Rebuilding affected source files
2020-02-11T08:56:20.780Z - info: Rebuilding 1 pages
2020-02-11T08:56:21.634Z - info: Pages rebuilt
2020-02-11T08:56:21.642Z - info: Site data built
2020-02-11T08:57:15.723Z - info: [4:57:15 PM] Reload for file change: C:\repos\nus-cs2113-AY1920S2\cs2113-website\schedule\week6\notices-cs2113.mbdf
2020-02-11T08:57:16.724Z - info: Rebuilding affected source files
2020-02-11T08:57:16.725Z - info: Rebuilding 1 pages
2020-02-11T08:57:17.575Z - info: Pages rebuilt
2020-02-11T08:57:17.584Z - info: Site data built
2020-02-11T08:57:24.669Z - info: [4:57:24 PM] Reload for file change: C:\repos\nus-cs2113-AY1920S2\cs2113-website\schedule\week6\notices-cs2113.mbdf
2020-02-11T08:57:25.670Z - info: Rebuilding affected source files
2020-02-11T08:57:25.670Z - info: Rebuilding 1 pages
2020-02-11T08:57:26.358Z - info: Pages rebuilt
2020-02-11T08:57:26.361Z - info: Site data built
2020-02-11T08:57:37.758Z - info: [4:57:37 PM] Reload for file change: C:\repos\nus-cs2113-AY1920S2\cs2113-website\schedule\week6\notices-cs2113.mbdf
2020-02-11T08:57:38.759Z - info: Rebuilding affected source files
2020-02-11T08:57:38.760Z - info: Rebuilding 1 pages
2020-02-11T08:57:39.409Z - info: Pages rebuilt
2020-02-11T08:57:39.412Z - info: Site data built
2020-02-11T08:58:13.129Z - info: [4:58:13 PM] Reload for file change: C:\repos\nus-cs2113-AY1920S2\cs2113-website\schedule\week6\notices-cs2113.mbdf
2020-02-11T08:58:14.130Z - info: Rebuilding affected source files
2020-02-11T08:58:14.130Z - info: Rebuilding 1 pages
2020-02-11T08:58:14.965Z - info: Pages rebuilt
2020-02-11T08:58:14.974Z - info: Site data built
2020-02-11T08:58:32.105Z - info: [4:58:32 PM] Reload for file change: C:\repos\nus-cs2113-AY1920S2\cs2113-website\schedule\week6\notices-cs2113.mbdf
2020-02-11T08:58:33.105Z - info: Rebuilding affected source files
2020-02-11T08:58:33.106Z - info: Rebuilding 1 pages
2020-02-11T08:58:33.938Z - info: Pages rebuilt
2020-02-11T08:58:33.946Z - info: Site data built
2020-02-11T08:59:50.563Z - info: [4:59:50 PM] Reload for file change: C:\repos\nus-cs2113-AY1920S2\cs2113-website\schedule\week6\notices-cs2113.mbdf
2020-02-11T08:59:51.564Z - info: Rebuilding affected source files
2020-02-11T08:59:51.564Z - info: Rebuilding 1 pages
2020-02-11T08:59:52.437Z - info: Pages rebuilt
2020-02-11T08:59:52.445Z - info: Site data built
2020-02-11T09:00:05.784Z - info: [5:00:05 PM] Reload for file change: C:\repos\nus-cs2113-AY1920S2\cs2113-website\schedule\week6\notices-cs2113.mbdf
2020-02-11T09:00:06.785Z - info: Rebuilding affected source files
2020-02-11T09:00:06.786Z - info: Rebuilding 1 pages
2020-02-11T09:00:07.522Z - info: Pages rebuilt
2020-02-11T09:00:07.525Z - info: Site data built
2020-02-11T09:00:45.150Z - info: [5:00:45 PM] Reload for file change: C:\repos\nus-cs2113-AY1920S2\cs2113-website\schedule\week6\notices-cs2113.mbdf
2020-02-11T09:00:46.153Z - info: Rebuilding affected source files
2020-02-11T09:00:46.153Z - info: Rebuilding 1 pages
2020-02-11T09:00:47.005Z - info: Pages rebuilt
2020-02-11T09:00:47.014Z - info: Site data built
2020-02-11T09:01:10.727Z - info: [5:01:10 PM] Reload for file change: C:\repos\nus-cs2113-AY1920S2\cs2113-website\schedule\week6\notices-cs2113.mbdf
2020-02-11T09:01:11.728Z - info: Rebuilding affected source files
2020-02-11T09:01:11.729Z - info: Rebuilding 1 pages
2020-02-11T09:01:12.558Z - info: Pages rebuilt
2020-02-11T09:01:12.565Z - info: Site data built
2020-02-11T09:07:34.038Z - info: [5:07:34 PM] Reload for file change: C:\repos\nus-cs2113-AY1920S2\cs2113-website\schedule\week6\notices-cs2113.mbdf
2020-02-11T09:07:35.039Z - info: Rebuilding affected source files
2020-02-11T09:07:35.040Z - info: Rebuilding 1 pages
2020-02-11T09:07:35.877Z - info: Pages rebuilt
2020-02-11T09:07:35.884Z - info: Site data built
2020-02-11T09:08:24.418Z - info: [5:08:24 PM] Reload for file change: C:\repos\nus-cs2113-AY1920S2\cs2113-website\schedule\week6\activity.mbdf
2020-02-11T09:08:25.421Z - info: Rebuilding affected source files
2020-02-11T09:08:25.422Z - info: Rebuilding 1 pages
2020-02-11T09:08:26.266Z - info: Pages rebuilt
2020-02-11T09:08:26.275Z - info: Site data built
2020-02-11T09:08:38.728Z - info: [5:08:38 PM] Reload for file change: C:\repos\nus-cs2113-AY1920S2\cs2113-website\schedule\week6\notices-cs2113.mbdf
2020-02-11T09:08:39.729Z - info: Rebuilding affected source files
2020-02-11T09:08:39.729Z - info: Rebuilding 1 pages
2020-02-11T09:08:40.524Z - info: Pages rebuilt
2020-02-11T09:08:40.527Z - info: Site data built
2020-02-11T09:09:26.605Z - info: [5:09:26 PM] Reload for file change: C:\repos\nus-cs2113-AY1920S2\cs2113-website\schedule\week6\activity.mbdf
2020-02-11T09:09:27.607Z - info: Rebuilding affected source files
2020-02-11T09:09:27.607Z - info: Rebuilding 1 pages
2020-02-11T09:09:28.457Z - info: Pages rebuilt
2020-02-11T09:09:28.466Z - info: Site data built
2020-02-11T09:09:59.421Z - info: [5:09:59 PM] Reload for file change: C:\repos\nus-cs2113-AY1920S2\cs2113-website\schedule\week6\activity.mbdf
2020-02-11T09:10:00.423Z - info: Rebuilding affected source files
2020-02-11T09:10:00.423Z - info: Rebuilding 1 pages
2020-02-11T09:10:01.300Z - info: Pages rebuilt
2020-02-11T09:10:01.303Z - info: Site data built
2020-02-11T09:10:15.213Z - info: [5:10:15 PM] Reload for file change: C:\repos\nus-cs2113-AY1920S2\cs2113-website\schedule\week6\activity.mbdf
2020-02-11T09:10:16.214Z - info: Rebuilding affected source files
2020-02-11T09:10:16.215Z - info: Rebuilding 1 pages
2020-02-11T09:10:16.926Z - info: Pages rebuilt
2020-02-11T09:10:16.929Z - info: Site data built
2020-02-11T09:10:21.868Z - info: [5:10:21 PM] Reload for file change: C:\repos\nus-cs2113-AY1920S2\cs2113-website\schedule\week6\activity.mbdf
2020-02-11T09:10:22.869Z - info: Rebuilding affected source files
2020-02-11T09:10:22.869Z - info: Rebuilding 1 pages
2020-02-11T09:10:23.565Z - info: Pages rebuilt
2020-02-11T09:10:23.569Z - info: Site data built
2020-02-11T09:11:05.358Z - info: [5:11:05 PM] Reload for file change: C:\repos\nus-cs2113-AY1920S2\cs2113-website\schedule\week6\activity.mbdf
2020-02-11T09:11:06.360Z - info: Rebuilding affected source files
2020-02-11T09:11:06.361Z - info: Rebuilding 1 pages
2020-02-11T09:11:07.209Z - info: Pages rebuilt
2020-02-11T09:11:07.217Z - info: Site data built
2020-02-11T09:11:12.868Z - info: [5:11:12 PM] Reload for file change: C:\repos\nus-cs2113-AY1920S2\cs2113-website\schedule\week6\activity.mbdf
2020-02-11T09:11:13.870Z - info: Rebuilding affected source files
2020-02-11T09:11:13.870Z - info: Rebuilding 1 pages
2020-02-11T09:11:14.590Z - info: Pages rebuilt
2020-02-11T09:11:14.594Z - info: Site data built
2020-02-11T09:13:27.082Z - info: [5:13:27 PM] Reload for file change: C:\repos\nus-cs2113-AY1920S2\cs2113-website\schedule\week6\activity.mbdf
2020-02-11T09:13:28.082Z - info: Rebuilding affected source files
2020-02-11T09:13:28.083Z - info: Rebuilding 1 pages
2020-02-11T09:13:29.089Z - info: Pages rebuilt
2020-02-11T09:13:29.093Z - info: Site data built
2020-02-11T09:18:01.763Z - info: [5:18:01 PM] Reload for file change: C:\repos\nus-cs2113-AY1920S2\cs2113-website\schedule\week6\activity.mbdf
2020-02-11T09:18:02.765Z - info: Rebuilding affected source files
2020-02-11T09:18:02.765Z - info: Rebuilding 1 pages
2020-02-11T09:18:03.625Z - info: Pages rebuilt
2020-02-11T09:18:03.631Z - info: Site data built
2020-02-11T09:20:12.606Z - info: [5:20:12 PM] Reload for file change: C:\repos\nus-cs2113-AY1920S2\cs2113-website\schedule\week6\activity.mbdf
2020-02-11T09:20:13.608Z - info: Rebuilding affected source files
2020-02-11T09:20:13.608Z - info: Rebuilding 1 pages
2020-02-11T09:20:14.439Z - info: Pages rebuilt
2020-02-11T09:20:14.446Z - info: Site data built
2020-02-11T09:20:29.756Z - info: [5:20:29 PM] Reload for file change: C:\repos\nus-cs2113-AY1920S2\cs2113-website\schedule\week6\activity.mbdf
2020-02-11T09:20:30.757Z - info: Rebuilding affected source files
2020-02-11T09:20:30.757Z - info: Rebuilding 1 pages
2020-02-11T09:20:31.577Z - info: Pages rebuilt
2020-02-11T09:20:31.579Z - info: Site data built
2020-02-11T09:21:00.361Z - info: [5:21:00 PM] Reload for file change: C:\repos\nus-cs2113-AY1920S2\cs2113-website\schedule\week6\activity.mbdf
2020-02-11T09:21:01.363Z - info: Rebuilding affected source files
2020-02-11T09:21:01.363Z - info: Rebuilding 1 pages
2020-02-11T09:21:02.180Z - info: Pages rebuilt
2020-02-11T09:21:02.189Z - info: Site data built
2020-02-11T09:21:25.481Z - info: [5:21:25 PM] Reload for file change: C:\repos\nus-cs2113-AY1920S2\cs2113-website\schedule\week6\activity.mbdf
2020-02-11T09:21:26.483Z - info: Rebuilding affected source files
2020-02-11T09:21:26.483Z - info: Rebuilding 1 pages
2020-02-11T09:21:27.317Z - info: Pages rebuilt
2020-02-11T09:21:27.325Z - info: Site data built
2020-02-11T09:22:24.560Z - info: [5:22:24 PM] Reload for file change: C:\repos\nus-cs2113-AY1920S2\cs2113-website\schedule\week6\activity.mbdf
2020-02-11T09:22:25.563Z - info: Rebuilding affected source files
2020-02-11T09:22:25.564Z - info: Rebuilding 1 pages
2020-02-11T09:22:26.428Z - info: Pages rebuilt
2020-02-11T09:22:26.436Z - info: Site data built
2020-02-11T09:23:24.556Z - info: [5:23:24 PM] Reload for file change: C:\repos\nus-cs2113-AY1920S2\cs2113-website\schedule\week6\activity.mbdf
2020-02-11T09:23:25.558Z - info: Rebuilding affected source files
2020-02-11T09:23:25.559Z - info: Rebuilding 1 pages
2020-02-11T09:23:26.414Z - info: Pages rebuilt
2020-02-11T09:23:26.420Z - info: Site data built
2020-02-11T09:25:41.867Z - info: [5:25:41 PM] Reload for file change: C:\repos\nus-cs2113-AY1920S2\cs2113-website\schedule\week6\activity.mbdf
2020-02-11T09:25:42.870Z - info: Rebuilding affected source files
2020-02-11T09:25:42.871Z - info: Rebuilding 1 pages
2020-02-11T09:25:43.748Z - info: Pages rebuilt
2020-02-11T09:25:43.755Z - info: Site data built
2020-02-11T09:26:38.854Z - info: [5:26:38 PM] Reload for file change: C:\repos\nus-cs2113-AY1920S2\cs2113-website\schedule\week6\activity.mbdf
2020-02-11T09:26:39.856Z - info: Rebuilding affected source files
2020-02-11T09:26:39.857Z - info: Rebuilding 1 pages
2020-02-11T09:26:40.788Z - info: Pages rebuilt
2020-02-11T09:26:40.796Z - info: Site data built
2020-02-11T09:28:07.414Z - info: [5:28:07 PM] Reload for file change: C:\repos\nus-cs2113-AY1920S2\cs2113-website\schedule\week6\activity.mbdf
2020-02-11T09:28:08.416Z - info: Rebuilding affected source files
2020-02-11T09:28:08.417Z - info: Rebuilding 1 pages
2020-02-11T09:28:09.243Z - info: Pages rebuilt
2020-02-11T09:28:09.250Z - info: Site data built
2020-02-11T09:28:58.823Z - info: [5:28:58 PM] Reload for file change: C:\repos\nus-cs2113-AY1920S2\cs2113-website\schedule\week6\activity.mbdf
2020-02-11T09:28:59.826Z - info: Rebuilding affected source files
2020-02-11T09:28:59.826Z - info: Rebuilding 1 pages
2020-02-11T09:29:00.682Z - info: Pages rebuilt
2020-02-11T09:29:00.688Z - info: Site data built
2020-02-11T09:29:19.459Z - info: [5:29:19 PM] Reload for file change: C:\repos\nus-cs2113-AY1920S2\cs2113-website\schedule\week6\activity.mbdf
2020-02-11T09:29:20.460Z - info: Rebuilding affected source files
2020-02-11T09:29:20.461Z - info: Rebuilding 1 pages
2020-02-11T09:29:21.324Z - info: Pages rebuilt
2020-02-11T09:29:21.331Z - info: Site data built
2020-02-11T09:29:32.598Z - info: [5:29:32 PM] Reload for file change: C:\repos\nus-cs2113-AY1920S2\cs2113-website\schedule\week6\activity.mbdf
2020-02-11T09:29:33.600Z - info: Rebuilding affected source files
2020-02-11T09:29:33.600Z - info: Rebuilding 1 pages
2020-02-11T09:29:34.397Z - info: Pages rebuilt
2020-02-11T09:29:34.400Z - info: Site data built
2020-02-11T09:29:49.901Z - info: [5:29:49 PM] Reload for file change: C:\repos\nus-cs2113-AY1920S2\cs2113-website\schedule\week6\activity.mbdf
2020-02-11T09:29:50.903Z - info: Rebuilding affected source files
2020-02-11T09:29:50.904Z - info: Rebuilding 1 pages
2020-02-11T09:29:51.759Z - info: Pages rebuilt
2020-02-11T09:29:51.764Z - info: Site data built
2020-02-11T09:31:50.462Z - info: [5:31:50 PM] Reload for file change: C:\repos\nus-cs2113-AY1920S2\cs2113-website\schedule\week6\activity.mbdf
2020-02-11T09:31:51.464Z - info: Rebuilding affected source files
2020-02-11T09:31:51.464Z - info: Rebuilding 1 pages
2020-02-11T09:31:52.318Z - info: Pages rebuilt
2020-02-11T09:31:52.324Z - info: Site data built
2020-02-11T09:33:29.225Z - info: [5:33:29 PM] Reload for file change: C:\repos\nus-cs2113-AY1920S2\cs2113-website\schedule\week6\activity.mbdf
2020-02-11T09:33:30.226Z - info: Rebuilding affected source files
2020-02-11T09:33:30.227Z - info: Rebuilding 1 pages
2020-02-11T09:33:31.077Z - info: Pages rebuilt
2020-02-11T09:33:31.083Z - info: Site data built
2020-02-11T09:33:39.016Z - info: [5:33:39 PM] Reload for file change: C:\repos\nus-cs2113-AY1920S2\cs2113-website\schedule\week6\activity.mbdf
2020-02-11T09:33:40.016Z - info: Rebuilding affected source files
2020-02-11T09:33:40.017Z - info: Rebuilding 1 pages
2020-02-11T09:33:40.797Z - info: Pages rebuilt
2020-02-11T09:33:40.800Z - info: Site data built
2020-02-11T09:34:00.863Z - info: [5:34:00 PM] Reload for file change: C:\repos\nus-cs2113-AY1920S2\cs2113-website\schedule\week6\activity.mbdf
2020-02-11T09:34:01.863Z - info: Rebuilding affected source files
2020-02-11T09:34:01.864Z - info: Rebuilding 1 pages
2020-02-11T09:34:02.704Z - info: Pages rebuilt
2020-02-11T09:34:02.712Z - info: Site data built
2020-02-11T09:34:59.943Z - info: [5:34:59 PM] Reload for file change: C:\repos\nus-cs2113-AY1920S2\cs2113-website\schedule\week6\activity.mbdf
2020-02-11T09:35:00.945Z - info: Rebuilding affected source files
2020-02-11T09:35:00.945Z - info: Rebuilding 1 pages
2020-02-11T09:35:01.794Z - info: Pages rebuilt
2020-02-11T09:35:01.800Z - info: Site data built
2020-02-11T09:37:03.309Z - info: [5:37:03 PM] Reload for file change: C:\repos\nus-cs2113-AY1920S2\cs2113-website\schedule\week6\activity.mbdf
2020-02-11T09:37:04.310Z - info: Rebuilding affected source files
2020-02-11T09:37:04.311Z - info: Rebuilding 1 pages
2020-02-11T09:37:05.157Z - info: Pages rebuilt
2020-02-11T09:37:05.164Z - info: Site data built
2020-02-11T09:38:22.793Z - info: [5:38:22 PM] Reload for file change: C:\repos\nus-cs2113-AY1920S2\cs2113-website\schedule\week6\activity.mbdf
2020-02-11T09:38:23.795Z - info: Rebuilding affected source files
2020-02-11T09:38:23.796Z - info: Rebuilding 1 pages
2020-02-11T09:38:24.647Z - info: Pages rebuilt
2020-02-11T09:38:24.657Z - info: Site data built
2020-02-11T09:39:19.138Z - info: [5:39:19 PM] Reload for file change: C:\repos\nus-cs2113-AY1920S2\cs2113-website\schedule\week6\activity.mbdf
2020-02-11T09:39:20.140Z - info: Rebuilding affected source files
2020-02-11T09:39:20.140Z - info: Rebuilding 1 pages
2020-02-11T09:39:21.003Z - info: Pages rebuilt
2020-02-11T09:39:21.009Z - info: Site data built
2020-02-11T09:39:28.452Z - info: [5:39:28 PM] Reload for file change: C:\repos\nus-cs2113-AY1920S2\cs2113-website\schedule\week6\activity.mbdf
2020-02-11T09:39:29.454Z - info: Rebuilding affected source files
2020-02-11T09:39:29.454Z - info: Rebuilding 1 pages
2020-02-11T09:39:30.220Z - info: Pages rebuilt
2020-02-11T09:39:30.223Z - info: Site data built
2020-02-11T09:39:38.575Z - info: [5:39:38 PM] Reload for file change: C:\repos\nus-cs2113-AY1920S2\cs2113-website\schedule\week6\activity.mbdf
2020-02-11T09:39:39.577Z - info: Rebuilding affected source files
2020-02-11T09:39:39.577Z - info: Rebuilding 1 pages
2020-02-11T09:39:40.254Z - info: Pages rebuilt
2020-02-11T09:39:40.257Z - info: Site data built
2020-02-11T09:39:53.802Z - info: [5:39:53 PM] Reload for file change: C:\repos\nus-cs2113-AY1920S2\cs2113-website\schedule\week6\activity.mbdf
2020-02-11T09:39:54.803Z - info: Rebuilding affected source files
2020-02-11T09:39:54.804Z - info: Rebuilding 1 pages
2020-02-11T09:39:55.651Z - info: Pages rebuilt
2020-02-11T09:39:55.658Z - info: Site data built
2020-02-11T09:40:18.788Z - info: [5:40:18 PM] Reload for file change: C:\repos\nus-cs2113-AY1920S2\cs2113-website\schedule\week6\activity.mbdf
2020-02-11T09:40:19.789Z - info: Rebuilding affected source files
2020-02-11T09:40:19.789Z - info: Rebuilding 1 pages
2020-02-11T09:40:20.666Z - info: Pages rebuilt
2020-02-11T09:40:20.669Z - info: Site data built
2020-02-11T09:40:28.351Z - info: [5:40:28 PM] Reload for file change: C:\repos\nus-cs2113-AY1920S2\cs2113-website\schedule\week6\activity.mbdf
2020-02-11T09:40:29.355Z - info: Rebuilding affected source files
2020-02-11T09:40:29.355Z - info: Rebuilding 1 pages
2020-02-11T09:40:30.087Z - info: Pages rebuilt
2020-02-11T09:40:30.090Z - info: Site data built
2020-02-11T09:40:34.784Z - info: [5:40:34 PM] Reload for file change: C:\repos\nus-cs2113-AY1920S2\cs2113-website\schedule\week6\activity.mbdf
2020-02-11T09:40:35.784Z - info: Rebuilding affected source files
2020-02-11T09:40:35.784Z - info: Rebuilding 1 pages
2020-02-11T09:40:36.490Z - info: Pages rebuilt
2020-02-11T09:40:36.492Z - info: Site data built
2020-02-11T09:40:42.565Z - info: [5:40:42 PM] Reload for file change: C:\repos\nus-cs2113-AY1920S2\cs2113-website\schedule\week6\activity.mbdf
2020-02-11T09:40:43.566Z - info: Rebuilding affected source files
2020-02-11T09:40:43.567Z - info: Rebuilding 1 pages
2020-02-11T09:40:44.269Z - info: Pages rebuilt
2020-02-11T09:40:44.272Z - info: Site data built
2020-02-11T09:40:58.237Z - info: [5:40:58 PM] Reload for file change: C:\repos\nus-cs2113-AY1920S2\cs2113-website\schedule\week6\activity.mbdf
2020-02-11T09:40:59.238Z - info: Rebuilding affected source files
2020-02-11T09:40:59.239Z - info: Rebuilding 1 pages
2020-02-11T09:40:59.994Z - info: Pages rebuilt
2020-02-11T09:40:59.998Z - info: Site data built
2020-02-11T09:41:07.058Z - info: [5:41:07 PM] Reload for file change: C:\repos\nus-cs2113-AY1920S2\cs2113-website\schedule\week6\activity.mbdf
2020-02-11T09:41:08.059Z - info: Rebuilding affected source files
2020-02-11T09:41:08.059Z - info: Rebuilding 1 pages
2020-02-11T09:41:08.649Z - info: Pages rebuilt
2020-02-11T09:41:08.653Z - info: Site data built
2020-02-11T09:41:28.039Z - info: [5:41:28 PM] Reload for file change: C:\repos\nus-cs2113-AY1920S2\cs2113-website\schedule\week6\activity.mbdf
2020-02-11T09:41:29.040Z - info: Rebuilding affected source files
2020-02-11T09:41:29.040Z - info: Rebuilding 1 pages
2020-02-11T09:41:29.880Z - info: Pages rebuilt
2020-02-11T09:41:29.884Z - info: Site data built
2020-02-11T09:41:47.526Z - info: [5:41:47 PM] Reload for file change: C:\repos\nus-cs2113-AY1920S2\cs2113-website\schedule\week6\activity.mbdf
2020-02-11T09:41:48.527Z - info: Rebuilding affected source files
2020-02-11T09:41:48.528Z - info: Rebuilding 1 pages
2020-02-11T09:41:49.371Z - info: Pages rebuilt
2020-02-11T09:41:49.378Z - info: Site data built
2020-02-11T09:41:58.200Z - info: [5:41:58 PM] Reload for file change: C:\repos\nus-cs2113-AY1920S2\cs2113-website\schedule\week6\activity.mbdf
2020-02-11T09:41:59.202Z - info: Rebuilding affected source files
2020-02-11T09:41:59.202Z - info: Rebuilding 1 pages
2020-02-11T09:41:59.967Z - info: Pages rebuilt
2020-02-11T09:41:59.970Z - info: Site data built
2020-02-11T09:42:33.030Z - info: [5:42:33 PM] Reload for file change: C:\repos\nus-cs2113-AY1920S2\cs2113-website\schedule\week6\activity.mbdf
2020-02-11T09:42:34.032Z - info: Rebuilding affected source files
2020-02-11T09:42:34.033Z - info: Rebuilding 1 pages
2020-02-11T09:42:34.861Z - info: Pages rebuilt
2020-02-11T09:42:34.868Z - info: Site data built
2020-02-11T09:42:52.726Z - info: [5:42:52 PM] Reload for file change: C:\repos\nus-cs2113-AY1920S2\cs2113-website\schedule\week6\activity.mbdf
2020-02-11T09:42:53.728Z - info: Rebuilding affected source files
2020-02-11T09:42:53.728Z - info: Rebuilding 1 pages
2020-02-11T09:42:54.567Z - info: Pages rebuilt
2020-02-11T09:42:54.572Z - info: Site data built
2020-02-11T09:43:16.906Z - info: [5:43:16 PM] Reload for file change: C:\repos\nus-cs2113-AY1920S2\cs2113-website\schedule\week6\activity.mbdf
2020-02-11T09:43:17.908Z - info: Rebuilding affected source files
2020-02-11T09:43:17.908Z - info: Rebuilding 1 pages
2020-02-11T09:43:18.741Z - info: Pages rebuilt
2020-02-11T09:43:18.748Z - info: Site data built
2020-02-11T09:43:24.705Z - info: [5:43:24 PM] Reload for file change: C:\repos\nus-cs2113-AY1920S2\cs2113-website\schedule\week6\activity.mbdf
2020-02-11T09:43:25.706Z - info: Rebuilding affected source files
2020-02-11T09:43:25.706Z - info: Rebuilding 1 pages
2020-02-11T09:43:26.467Z - info: Pages rebuilt
2020-02-11T09:43:26.470Z - info: Site data built
2020-02-11T09:43:49.509Z - info: [5:43:49 PM] Reload for file change: C:\repos\nus-cs2113-AY1920S2\cs2113-website\schedule\week6\activity.mbdf
2020-02-11T09:43:50.510Z - info: Rebuilding affected source files
2020-02-11T09:43:50.511Z - info: Rebuilding 1 pages
2020-02-11T09:43:51.368Z - info: Pages rebuilt
2020-02-11T09:43:51.371Z - info: Site data built
2020-02-11T09:44:18.661Z - info: [5:44:18 PM] Reload for file change: C:\repos\nus-cs2113-AY1920S2\cs2113-website\schedule\week6\activity.mbdf
2020-02-11T09:44:19.663Z - info: Rebuilding affected source files
2020-02-11T09:44:19.664Z - info: Rebuilding 1 pages
2020-02-11T09:44:20.504Z - info: Pages rebuilt
2020-02-11T09:44:20.510Z - info: Site data built
2020-02-11T09:44:45.016Z - info: [5:44:45 PM] Reload for file change: C:\repos\nus-cs2113-AY1920S2\cs2113-website\schedule\week6\activity.mbdf
2020-02-11T09:44:46.017Z - info: Rebuilding affected source files
2020-02-11T09:44:46.019Z - info: Rebuilding 1 pages
2020-02-11T09:44:46.893Z - info: Pages rebuilt
2020-02-11T09:44:46.896Z - info: Site data built
2020-02-11T09:45:36.007Z - info: [5:45:36 PM] Reload for file change: C:\repos\nus-cs2113-AY1920S2\cs2113-website\schedule\week6\activity.mbdf
2020-02-11T09:45:37.008Z - info: Rebuilding affected source files
2020-02-11T09:45:37.009Z - info: Rebuilding 1 pages
2020-02-11T09:45:37.062Z - error:  Template render error: (C:\repos\nus-cs2113-AY1920S2\cs2113-website\schedule\week6\activity.mbdf) [Line 74, Column 132]
  compilePair: Dict keys must be strings or names
Error while preprocessing 'C:\repos\nus-cs2113-AY1920S2\cs2113-website\schedule\week6\index.md'
    at Object._prettifyError (C:\Users\dcsdcr\AppData\Roaming\npm\node_modules\markbind-cli\node_modules\nunjucks\src\lib.js:36:11)
    at Template.render (C:\Users\dcsdcr\AppData\Roaming\npm\node_modules\markbind-cli\node_modules\nunjucks\src\environment.js:542:21)
    at Environment.renderString (C:\Users\dcsdcr\AppData\Roaming\npm\node_modules\markbind-cli\node_modules\nunjucks\src\environment.js:380:17)
    at Object.renderString (C:\Users\dcsdcr\AppData\Roaming\npm\node_modules\markbind-cli\node_modules\nunjucks\index.js:99:14)
    at Parser._renderIncludeFile (C:\Users\dcsdcr\AppData\Roaming\npm\node_modules\markbind-cli\src\lib\markbind\src\parser.js:167:18)
    at Parser._preprocess (C:\Users\dcsdcr\AppData\Roaming\npm\node_modules\markbind-cli\src\lib\markbind\src\parser.js:291:14)
    at element.children.element.children.map.e (C:\Users\dcsdcr\AppData\Roaming\npm\node_modules\markbind-cli\src\lib\markbind\src\parser.js:383:59)
    at Array.map (<anonymous>)
    at Parser._preprocess (C:\Users\dcsdcr\AppData\Roaming\npm\node_modules\markbind-cli\src\lib\markbind\src\parser.js:383:45)
    at element.children.element.children.map.e (C:\Users\dcsdcr\AppData\Roaming\npm\node_modules\markbind-cli\src\lib\markbind\src\parser.js:383:59)
    at Array.map (<anonymous>)
    at Parser._preprocess (C:\Users\dcsdcr\AppData\Roaming\npm\node_modules\markbind-cli\src\lib\markbind\src\parser.js:383:45)
    at element.children.element.children.map.e (C:\Users\dcsdcr\AppData\Roaming\npm\node_modules\markbind-cli\src\lib\markbind\src\parser.js:383:59)
    at Array.map (<anonymous>)
    at Parser._preprocess (C:\Users\dcsdcr\AppData\Roaming\npm\node_modules\markbind-cli\src\lib\markbind\src\parser.js:383:45)
    at element.children.element.children.map.e (C:\Users\dcsdcr\AppData\Roaming\npm\node_modules\markbind-cli\src\lib\markbind\src\parser.js:366:59)
2020-02-11T09:45:37.095Z - info: Pages rebuilt
2020-02-11T09:45:37.099Z - info: Site data built
2020-02-11T09:46:11.831Z - info: [5:46:11 PM] Reload for file change: C:\repos\nus-cs2113-AY1920S2\cs2113-website\schedule\week6\activity.mbdf
2020-02-11T09:46:12.832Z - info: Rebuilding affected source files
2020-02-11T09:46:12.833Z - info: Rebuilding 1 pages
2020-02-11T09:46:13.850Z - info: Pages rebuilt
2020-02-11T09:46:13.853Z - info: Site data built
2020-02-11T09:46:56.400Z - info: [5:46:56 PM] Reload for file change: C:\repos\nus-cs2113-AY1920S2\cs2113-website\schedule\week6\notices-cs2113.mbdf
2020-02-11T09:46:57.402Z - info: Rebuilding affected source files
2020-02-11T09:46:57.402Z - info: Rebuilding 1 pages
2020-02-11T09:46:58.283Z - info: Pages rebuilt
2020-02-11T09:46:58.290Z - info: Site data built
