2020-01-17T04:37:26.450Z - info: Website generation started at 12:37:22 PM
2020-01-17T04:37:29.857Z - info: Building assets...
2020-01-17T04:37:32.504Z - info: Assets built
2020-01-17T04:37:32.505Z - info: Generating pages...
2020-01-17T04:38:29.284Z - debug: The process cannot access the file because it is being used by another process.

2020-01-17T04:38:29.450Z - debug: The process cannot access the file because it is being used by another process.

2020-01-17T04:38:29.450Z - debug: The process cannot access the file because it is being used by another process.

2020-01-17T04:38:29.451Z - debug: The process cannot access the file because it is being used by another process.

2020-01-17T04:38:29.452Z - debug: The process cannot access the file because it is being used by another process.

2020-01-17T04:38:29.452Z - debug: The process cannot access the file because it is being used by another process.

2020-01-17T04:38:29.452Z - debug: The process cannot access the file because it is being used by another process.

2020-01-17T04:38:29.453Z - debug: The process cannot access the file because it is being used by another process.

2020-01-17T04:38:29.453Z - debug: The process cannot access the file because it is being used by another process.

2020-01-17T04:38:29.453Z - debug: The process cannot access the file because it is being used by another process.

2020-01-17T04:38:29.453Z - debug: The process cannot access the file because it is being used by another process.

2020-01-17T04:38:29.453Z - debug: The process cannot access the file because it is being used by another process.

2020-01-17T04:38:29.595Z - debug: The process cannot access the file because it is being used by another process.

2020-01-17T04:38:29.596Z - debug: The process cannot access the file because it is being used by another process.

2020-01-17T04:38:29.596Z - debug: The process cannot access the file because it is being used by another process.

2020-01-17T04:38:29.596Z - debug: The process cannot access the file because it is being used by another process.

2020-01-17T04:38:29.602Z - debug: The process cannot access the file because it is being used by another process.

2020-01-17T04:38:33.401Z - debug:  
2020-01-17T04:38:33.401Z - debug:  
2020-01-17T04:38:35.808Z - debug:  
2020-01-17T04:38:35.808Z - debug:  
2020-01-17T04:39:20.516Z - info: Pages built
2020-01-17T04:39:37.057Z - info: Website generation complete! Total build time: 134.63s
2020-01-17T04:39:37.413Z - info: Serving "C:\repos\nus-cs2113-AY1920S2\cs2113-website\_site" at http://127.0.0.1:8080
2020-01-17T04:39:37.414Z - info: Press CTRL+C to stop ...
2020-01-17T04:39:37.537Z - info: Site data built
2020-01-17T04:44:06.095Z - info: Website generation started at 12:44:01 PM
2020-01-17T04:44:09.212Z - info: Building assets...
2020-01-17T04:44:12.148Z - info: Assets built
2020-01-17T04:44:12.148Z - info: Generating pages...
2020-01-17T04:45:03.299Z - debug: The process cannot access the file because it is being used by another process.

2020-01-17T04:45:03.327Z - debug: The process cannot access the file because it is being used by another process.

2020-01-17T04:45:03.331Z - debug: The process cannot access the file because it is being used by another process.

2020-01-17T04:45:03.333Z - debug: The process cannot access the file because it is being used by another process.

2020-01-17T04:45:03.333Z - debug: The process cannot access the file because it is being used by another process.

2020-01-17T04:45:03.334Z - debug: The process cannot access the file because it is being used by another process.

2020-01-17T04:45:03.334Z - debug: The process cannot access the file because it is being used by another process.

2020-01-17T04:45:03.335Z - debug: The process cannot access the file because it is being used by another process.

2020-01-17T04:45:03.336Z - debug: The process cannot access the file because it is being used by another process.

2020-01-17T04:45:03.339Z - debug: The process cannot access the file because it is being used by another process.

2020-01-17T04:45:03.645Z - debug: The process cannot access the file because it is being used by another process.

2020-01-17T04:45:07.093Z - debug:  
2020-01-17T04:45:07.093Z - debug:  
2020-01-17T04:45:07.094Z - debug:  
2020-01-17T04:45:07.354Z - debug:  
2020-01-17T04:45:51.857Z - info: Pages built
2020-01-17T04:46:06.348Z - info: Website generation complete! Total build time: 124.542s
2020-01-17T04:46:06.679Z - info: Serving "C:\repos\nus-cs2113-AY1920S2\cs2113-website\_site" at http://127.0.0.1:8080
2020-01-17T04:46:06.679Z - info: Press CTRL+C to stop ...
2020-01-17T04:46:06.780Z - info: Site data built
2020-01-17T04:47:18.751Z - info: Website generation started at 12:47:14 PM
2020-01-17T04:47:22.039Z - info: Building assets...
2020-01-17T04:47:24.925Z - info: Assets built
2020-01-17T04:47:24.925Z - info: Generating pages...
2020-01-17T04:48:16.075Z - debug: The process cannot access the file because it is being used by another process.

2020-01-17T04:48:16.077Z - debug: The process cannot access the file because it is being used by another process.

2020-01-17T04:48:16.077Z - debug: The process cannot access the file because it is being used by another process.

2020-01-17T04:48:16.077Z - debug: The process cannot access the file because it is being used by another process.

2020-01-17T04:48:16.077Z - debug: The process cannot access the file because it is being used by another process.

2020-01-17T04:48:16.078Z - debug: The process cannot access the file because it is being used by another process.

2020-01-17T04:48:16.079Z - debug: The process cannot access the file because it is being used by another process.

2020-01-17T04:48:16.079Z - debug: The process cannot access the file because it is being used by another process.

2020-01-17T04:48:16.079Z - debug: The process cannot access the file because it is being used by another process.

2020-01-17T04:48:16.079Z - debug: The process cannot access the file because it is being used by another process.

2020-01-17T04:48:16.312Z - debug: The process cannot access the file because it is being used by another process.

2020-01-17T04:48:20.097Z - debug:  
2020-01-17T04:48:20.097Z - debug:  
2020-01-17T04:48:20.098Z - debug:  
2020-01-17T04:48:20.098Z - debug:  
2020-01-17T04:49:05.018Z - info: Pages built
2020-01-17T04:49:20.218Z - info: Website generation complete! Total build time: 125.448s
2020-01-17T04:49:20.218Z - info: Build success!
2020-01-17T04:49:20.223Z - info: Site data built
2020-01-17T04:50:13.481Z - info: Deployed!
2020-01-17T10:11:02.172Z - info: Website generation started at 6:11:01 PM
2020-01-17T10:11:04.069Z - info: Building assets...
2020-01-17T10:11:05.623Z - info: Assets built
2020-01-17T10:11:05.624Z - info: Generating pages...
2020-01-17T10:11:50.708Z - debug: The process cannot access the file because it is being used by another process.

2020-01-17T10:11:50.711Z - debug: The process cannot access the file because it is being used by another process.

2020-01-17T10:11:50.711Z - debug: The process cannot access the file because it is being used by another process.

2020-01-17T10:11:50.715Z - debug: The process cannot access the file because it is being used by another process.

2020-01-17T10:11:50.716Z - debug: The process cannot access the file because it is being used by another process.

2020-01-17T10:11:50.716Z - debug: The process cannot access the file because it is being used by another process.

2020-01-17T10:11:50.717Z - debug: The process cannot access the file because it is being used by another process.

2020-01-17T10:11:50.717Z - debug: The process cannot access the file because it is being used by another process.

2020-01-17T10:11:50.717Z - debug: The process cannot access the file because it is being used by another process.

2020-01-17T10:11:50.718Z - debug: The process cannot access the file because it is being used by another process.

2020-01-17T10:11:50.720Z - debug: The process cannot access the file because it is being used by another process.

2020-01-17T10:11:55.951Z - debug:  
2020-01-17T10:11:55.951Z - debug:  
2020-01-17T10:11:58.588Z - debug:  
2020-01-17T10:11:58.588Z - debug:  
2020-01-17T10:12:36.390Z - info: Pages built
2020-01-17T10:12:49.817Z - info: Website generation complete! Total build time: 108.382s
2020-01-17T10:12:49.817Z - info: Build success!
2020-01-17T10:12:49.820Z - info: Site data built
2020-01-17T10:13:33.389Z - info: Deployed!
