2020-02-12T06:05:31.776Z - info: Website generation started at 2:05:31 PM
2020-02-12T06:05:34.111Z - info: Building assets...
2020-02-12T06:05:36.107Z - info: Assets built
2020-02-12T06:05:36.107Z - info: Generating pages...
2020-02-12T06:06:23.605Z - debug: The process cannot access the file because it is being used by another process.

2020-02-12T06:06:23.606Z - debug: The process cannot access the file because it is being used by another process.

2020-02-12T06:06:23.606Z - debug: The process cannot access the file because it is being used by another process.

2020-02-12T06:06:23.606Z - debug: The process cannot access the file because it is being used by another process.

2020-02-12T06:06:23.606Z - debug: The process cannot access the file because it is being used by another process.

2020-02-12T06:06:23.606Z - debug: The process cannot access the file because it is being used by another process.

2020-02-12T06:06:23.607Z - debug: The process cannot access the file because it is being used by another process.

2020-02-12T06:06:23.607Z - debug: The process cannot access the file because it is being used by another process.

2020-02-12T06:06:23.607Z - debug: The process cannot access the file because it is being used by another process.

2020-02-12T06:06:23.607Z - debug: The process cannot access the file because it is being used by another process.

2020-02-12T06:06:23.698Z - debug: The process cannot access the file because it is being used by another process.

2020-02-12T06:06:29.408Z - debug:  
2020-02-12T06:06:29.409Z - debug:  
2020-02-12T06:06:29.409Z - debug:  
2020-02-12T06:06:29.409Z - debug:  
2020-02-12T06:07:13.609Z - info: Pages built
2020-02-12T06:07:28.555Z - info: Website generation complete! Total build time: 117.514s
2020-02-12T06:07:28.885Z - info: Serving "C:\repos\nus-cs2113-AY1920S2\cs2113-website\_site" at http://127.0.0.1:8080
2020-02-12T06:07:28.885Z - info: Press CTRL+C to stop ...
2020-02-12T06:07:28.968Z - info: Site data built
2020-02-12T06:30:26.425Z - info: [2:30:26 PM] Reload for file change: C:\repos\nus-cs2113-AY1920S2\cs2113-website\admin\admin-tasks.mbdf
2020-02-12T06:30:27.430Z - info: Rebuilding affected source files
2020-02-12T06:30:27.435Z - info: Rebuilding 27 pages
2020-02-12T06:30:37.194Z - debug:  
2020-02-12T06:30:40.617Z - info: Pages rebuilt
2020-02-12T06:30:40.629Z - info: Site data built
2020-02-12T06:32:42.704Z - info: [2:32:42 PM] Reload for file change: C:\repos\nus-cs2113-AY1920S2\cs2113-website\admin\admin-tasks.mbdf
2020-02-12T06:32:43.708Z - info: Rebuilding affected source files
2020-02-12T06:32:43.715Z - info: Rebuilding 27 pages
2020-02-12T06:32:53.819Z - debug:  
2020-02-12T06:32:57.546Z - info: Pages rebuilt
2020-02-12T06:32:57.557Z - info: Site data built
2020-02-12T06:37:49.014Z - info: Website generation started at 2:37:47 PM
2020-02-12T06:37:51.566Z - info: Building assets...
