2020-02-14T03:49:34.437Z - info: Website generation started at 11:49:30 AM
2020-02-14T03:49:37.416Z - info: Building assets...
2020-02-14T03:49:40.583Z - info: Assets built
2020-02-14T03:49:40.584Z - info: Generating pages...
2020-02-14T03:50:33.530Z - debug: The process cannot access the file because it is being used by another process.

2020-02-14T03:50:33.531Z - debug: The process cannot access the file because it is being used by another process.

2020-02-14T03:50:33.532Z - debug: The process cannot access the file because it is being used by another process.

2020-02-14T03:50:33.532Z - debug: The process cannot access the file because it is being used by another process.

2020-02-14T03:50:33.532Z - debug: The process cannot access the file because it is being used by another process.

2020-02-14T03:50:33.533Z - debug: The process cannot access the file because it is being used by another process.

2020-02-14T03:50:33.533Z - debug: The process cannot access the file because it is being used by another process.

2020-02-14T03:50:33.534Z - debug: The process cannot access the file because it is being used by another process.

2020-02-14T03:50:33.534Z - debug: The process cannot access the file because it is being used by another process.

2020-02-14T03:50:33.536Z - debug: The process cannot access the file because it is being used by another process.

2020-02-14T03:50:33.837Z - debug: The process cannot access the file because it is being used by another process.

2020-02-14T03:50:37.557Z - debug:  
2020-02-14T03:50:39.320Z - debug:  
2020-02-14T03:50:39.320Z - debug:  
2020-02-14T03:50:39.320Z - debug:  
2020-02-14T03:51:28.234Z - info: Pages built
2020-02-14T03:51:44.411Z - info: Website generation complete! Total build time: 134.024s
2020-02-14T03:51:44.412Z - info: Build success!
2020-02-14T03:51:44.417Z - info: Site data built
2020-02-14T03:52:23.306Z - info: Deployed!
2020-02-14T06:49:40.769Z - info: Website generation started at 2:49:36 PM
2020-02-14T06:49:43.864Z - info: Building assets...
2020-02-14T06:49:46.442Z - info: Assets built
2020-02-14T06:49:46.443Z - info: Generating pages...
2020-02-14T06:50:39.505Z - debug: The process cannot access the file because it is being used by another process.

2020-02-14T06:50:39.505Z - debug: The process cannot access the file because it is being used by another process.

2020-02-14T06:50:39.506Z - debug: The process cannot access the file because it is being used by another process.

2020-02-14T06:50:39.514Z - debug: The process cannot access the file because it is being used by another process.

2020-02-14T06:50:39.515Z - debug: The process cannot access the file because it is being used by another process.

2020-02-14T06:50:39.515Z - debug: The process cannot access the file because it is being used by another process.

2020-02-14T06:50:39.515Z - debug: The process cannot access the file because it is being used by another process.

2020-02-14T06:50:39.515Z - debug: The process cannot access the file because it is being used by another process.

2020-02-14T06:50:39.515Z - debug: The process cannot access the file because it is being used by another process.

2020-02-14T06:50:39.516Z - debug: The process cannot access the file because it is being used by another process.

2020-02-14T06:50:39.525Z - debug: The process cannot access the file because it is being used by another process.

2020-02-14T06:50:45.301Z - debug:  
2020-02-14T06:50:45.302Z - debug:  
2020-02-14T06:50:45.302Z - debug:  
2020-02-14T06:50:45.302Z - debug:  
2020-02-14T06:51:38.570Z - info: Pages built
2020-02-14T06:51:55.118Z - info: Website generation complete! Total build time: 138.542s
2020-02-14T06:51:55.480Z - info: Serving "C:\repos\nus-cs2113-AY1920S2\cs2113-website\_site" at http://127.0.0.1:8080
2020-02-14T06:51:55.480Z - info: Press CTRL+C to stop ...
2020-02-14T06:51:55.587Z - info: Site data built
2020-02-14T06:56:49.802Z - info: [2:56:49 PM] Reload for file change: C:\repos\nus-cs2113-AY1920S2\cs2113-website\schedule\week6\tutorial-cs2113.mbdf
2020-02-14T06:56:50.804Z - info: Rebuilding affected source files
2020-02-14T06:56:50.807Z - info: Rebuilding 1 pages
2020-02-14T06:56:51.249Z - info: Pages rebuilt
2020-02-14T06:56:51.252Z - info: Site data built
2020-02-14T07:05:32.778Z - info: [3:05:32 PM] Reload for file change: C:\repos\nus-cs2113-AY1920S2\cs2113-website\schedule\week6\tutorial-cs2113.mbdf
2020-02-14T07:05:33.779Z - info: Rebuilding affected source files
2020-02-14T07:05:33.781Z - info: Rebuilding 1 pages
2020-02-14T07:05:34.074Z - info: Pages rebuilt
2020-02-14T07:05:34.077Z - info: Site data built
2020-02-14T07:08:39.383Z - info: [3:08:39 PM] Reload for file change: C:\repos\nus-cs2113-AY1920S2\cs2113-website\schedule\week6\tutorial-cs2113.mbdf
2020-02-14T07:08:40.385Z - info: Rebuilding affected source files
2020-02-14T07:08:40.386Z - info: Rebuilding 1 pages
2020-02-14T07:08:40.579Z - info: Pages rebuilt
2020-02-14T07:08:40.587Z - info: Site data built
2020-02-14T07:09:24.839Z - info: [3:09:24 PM] Reload for file change: C:\repos\nus-cs2113-AY1920S2\cs2113-website\schedule\week6\tutorial-cs2113.mbdf
2020-02-14T07:09:25.839Z - info: Rebuilding affected source files
2020-02-14T07:09:25.840Z - info: Rebuilding 1 pages
2020-02-14T07:09:26.063Z - info: Pages rebuilt
2020-02-14T07:09:26.066Z - info: Site data built
2020-02-14T07:09:49.547Z - info: [3:09:49 PM] Reload for file change: C:\repos\nus-cs2113-AY1920S2\cs2113-website\schedule\week6\tutorial-cs2113.mbdf
2020-02-14T07:09:50.549Z - info: Rebuilding affected source files
2020-02-14T07:09:50.550Z - info: Rebuilding 1 pages
2020-02-14T07:09:50.741Z - info: Pages rebuilt
2020-02-14T07:09:50.746Z - info: Site data built
2020-02-14T07:10:21.286Z - info: [3:10:21 PM] Reload for file change: C:\repos\nus-cs2113-AY1920S2\cs2113-website\schedule\week6\tutorial-cs2113.mbdf
2020-02-14T07:10:22.287Z - info: Rebuilding affected source files
2020-02-14T07:10:22.288Z - info: Rebuilding 1 pages
2020-02-14T07:10:22.518Z - info: Pages rebuilt
2020-02-14T07:10:22.521Z - info: Site data built
2020-02-14T07:10:48.638Z - info: [3:10:48 PM] Reload for file change: C:\repos\nus-cs2113-AY1920S2\cs2113-website\schedule\week6\tutorial-cs2113.mbdf
2020-02-14T07:10:49.642Z - info: Rebuilding affected source files
2020-02-14T07:10:49.643Z - info: Rebuilding 1 pages
2020-02-14T07:10:49.821Z - info: Pages rebuilt
2020-02-14T07:10:49.828Z - info: Site data built
2020-02-14T07:11:03.662Z - info: [3:11:03 PM] Reload for file change: C:\repos\nus-cs2113-AY1920S2\cs2113-website\schedule\week6\tutorial-cs2113.mbdf
2020-02-14T07:11:04.665Z - info: Rebuilding affected source files
2020-02-14T07:11:04.666Z - info: Rebuilding 1 pages
2020-02-14T07:11:04.894Z - info: Pages rebuilt
2020-02-14T07:11:04.898Z - info: Site data built
2020-02-14T07:11:27.271Z - info: [3:11:27 PM] Reload for file change: C:\repos\nus-cs2113-AY1920S2\cs2113-website\schedule\week6\tutorial-cs2113.mbdf
2020-02-14T07:11:28.272Z - info: Rebuilding affected source files
2020-02-14T07:11:28.273Z - info: Rebuilding 1 pages
2020-02-14T07:11:28.451Z - info: Pages rebuilt
2020-02-14T07:11:28.458Z - info: Site data built
2020-02-14T07:12:01.353Z - info: [3:12:01 PM] Reload for file change: C:\repos\nus-cs2113-AY1920S2\cs2113-website\schedule\week6\tutorial-cs2113.mbdf
2020-02-14T07:12:02.355Z - info: Rebuilding affected source files
2020-02-14T07:12:02.356Z - info: Rebuilding 1 pages
2020-02-14T07:12:02.573Z - info: Pages rebuilt
2020-02-14T07:12:02.577Z - info: Site data built
2020-02-14T07:17:47.631Z - info: [3:17:47 PM] Reload for file change: C:\repos\nus-cs2113-AY1920S2\cs2113-website\schedule\week6\tutorial-cs2113.mbdf
2020-02-14T07:17:48.631Z - info: Rebuilding affected source files
2020-02-14T07:17:48.633Z - info: Rebuilding 1 pages
2020-02-14T07:17:48.815Z - info: Pages rebuilt
2020-02-14T07:17:48.823Z - info: Site data built
2020-02-14T07:17:55.111Z - info: [3:17:55 PM] Reload for file change: C:\repos\nus-cs2113-AY1920S2\cs2113-website\schedule\week6\tutorial-cs2113.mbdf
2020-02-14T07:17:56.113Z - info: Rebuilding affected source files
2020-02-14T07:17:56.114Z - info: Rebuilding 1 pages
2020-02-14T07:17:56.328Z - info: Pages rebuilt
2020-02-14T07:17:56.331Z - info: Site data built
2020-02-14T07:18:01.069Z - info: [3:18:01 PM] Reload for file change: C:\repos\nus-cs2113-AY1920S2\cs2113-website\schedule\week6\tutorial-cs2113.mbdf
2020-02-14T07:18:02.072Z - info: Rebuilding affected source files
2020-02-14T07:18:02.073Z - info: Rebuilding 1 pages
2020-02-14T07:18:02.253Z - info: Pages rebuilt
2020-02-14T07:18:02.256Z - info: Site data built
2020-02-14T07:18:24.358Z - info: [3:18:24 PM] Reload for file change: C:\repos\nus-cs2113-AY1920S2\cs2113-website\schedule\week6\tutorial-cs2113.mbdf
2020-02-14T07:18:25.360Z - info: Rebuilding affected source files
2020-02-14T07:18:25.361Z - info: Rebuilding 1 pages
2020-02-14T07:18:25.514Z - info: Pages rebuilt
2020-02-14T07:18:25.517Z - info: Site data built
2020-02-14T07:18:41.118Z - info: [3:18:41 PM] Reload for file change: C:\repos\nus-cs2113-AY1920S2\cs2113-website\schedule\week6\tutorial-cs2113.mbdf
2020-02-14T07:18:42.120Z - info: Rebuilding affected source files
2020-02-14T07:18:42.121Z - info: Rebuilding 1 pages
2020-02-14T07:18:42.313Z - info: Pages rebuilt
2020-02-14T07:18:42.316Z - info: Site data built
2020-02-14T07:18:50.498Z - info: [3:18:50 PM] Reload for file change: C:\repos\nus-cs2113-AY1920S2\cs2113-website\schedule\week6\tutorial-cs2113.mbdf
2020-02-14T07:18:51.501Z - info: Rebuilding affected source files
2020-02-14T07:18:51.501Z - info: Rebuilding 1 pages
2020-02-14T07:18:51.717Z - info: Pages rebuilt
2020-02-14T07:18:51.720Z - info: Site data built
2020-02-14T07:19:03.455Z - info: [3:19:03 PM] Reload for file change: C:\repos\nus-cs2113-AY1920S2\cs2113-website\schedule\week6\tutorial-cs2113.mbdf
2020-02-14T07:19:04.456Z - info: Rebuilding affected source files
2020-02-14T07:19:04.457Z - info: Rebuilding 1 pages
2020-02-14T07:19:04.667Z - info: Pages rebuilt
2020-02-14T07:19:04.670Z - info: Site data built
2020-02-14T07:19:11.077Z - info: [3:19:11 PM] Reload for file change: C:\repos\nus-cs2113-AY1920S2\cs2113-website\schedule\week6\tutorial-cs2113.mbdf
2020-02-14T07:19:12.079Z - info: Rebuilding affected source files
2020-02-14T07:19:12.080Z - info: Rebuilding 1 pages
2020-02-14T07:19:12.308Z - info: Pages rebuilt
2020-02-14T07:19:12.311Z - info: Site data built
2020-02-14T07:19:30.343Z - info: [3:19:30 PM] Reload for file change: C:\repos\nus-cs2113-AY1920S2\cs2113-website\schedule\week6\tutorial-cs2113.mbdf
2020-02-14T07:19:31.344Z - info: Rebuilding affected source files
2020-02-14T07:19:31.345Z - info: Rebuilding 1 pages
2020-02-14T07:19:31.628Z - info: Pages rebuilt
2020-02-14T07:19:31.636Z - info: Site data built
2020-02-14T07:20:34.426Z - info: [3:20:34 PM] Reload for file change: C:\repos\nus-cs2113-AY1920S2\cs2113-website\schedule\week6\tutorial-cs2113.mbdf
2020-02-14T07:20:35.428Z - info: Rebuilding affected source files
2020-02-14T07:20:35.429Z - info: Rebuilding 1 pages
2020-02-14T07:20:35.668Z - info: Pages rebuilt
2020-02-14T07:20:35.672Z - info: Site data built
2020-02-14T07:21:53.444Z - info: [3:21:53 PM] Reload for file change: C:\repos\nus-cs2113-AY1920S2\cs2113-website\schedule\week6\tutorial-cs2113.mbdf
2020-02-14T07:21:54.445Z - info: Rebuilding affected source files
2020-02-14T07:21:54.446Z - info: Rebuilding 1 pages
2020-02-14T07:21:54.623Z - info: Pages rebuilt
2020-02-14T07:21:54.630Z - info: Site data built
2020-02-14T07:22:01.239Z - info: [3:22:01 PM] Reload for file change: C:\repos\nus-cs2113-AY1920S2\cs2113-website\schedule\week6\tutorial-cs2113.mbdf
2020-02-14T07:22:02.241Z - info: Rebuilding affected source files
2020-02-14T07:22:02.241Z - info: Rebuilding 1 pages
2020-02-14T07:22:02.466Z - info: Pages rebuilt
2020-02-14T07:22:02.469Z - info: Site data built
2020-02-14T07:22:45.010Z - info: [3:22:45 PM] Reload for file change: C:\repos\nus-cs2113-AY1920S2\cs2113-website\schedule\week6\tutorial-cs2113.mbdf
2020-02-14T07:22:46.012Z - info: Rebuilding affected source files
2020-02-14T07:22:46.013Z - info: Rebuilding 1 pages
2020-02-14T07:22:46.188Z - info: Pages rebuilt
2020-02-14T07:22:46.192Z - info: Site data built
2020-02-14T07:22:59.976Z - info: [3:22:59 PM] Reload for file change: C:\repos\nus-cs2113-AY1920S2\cs2113-website\schedule\week6\tutorial-cs2113.mbdf
2020-02-14T07:23:00.980Z - info: Rebuilding affected source files
2020-02-14T07:23:00.981Z - info: Rebuilding 1 pages
2020-02-14T07:23:01.180Z - info: Pages rebuilt
2020-02-14T07:23:01.184Z - info: Site data built
2020-02-14T07:23:09.787Z - info: [3:23:09 PM] Reload for file change: C:\repos\nus-cs2113-AY1920S2\cs2113-website\schedule\week6\tutorial-cs2113.mbdf
2020-02-14T07:23:10.788Z - info: Rebuilding affected source files
2020-02-14T07:23:10.789Z - info: Rebuilding 1 pages
2020-02-14T07:23:10.979Z - info: Pages rebuilt
2020-02-14T07:23:10.982Z - info: Site data built
2020-02-14T07:23:51.383Z - info: [3:23:51 PM] Reload for file change: C:\repos\nus-cs2113-AY1920S2\cs2113-website\schedule\week6\tutorial-cs2113.mbdf
2020-02-14T07:23:52.385Z - info: Rebuilding affected source files
2020-02-14T07:23:52.386Z - info: Rebuilding 1 pages
2020-02-14T07:23:52.649Z - info: Pages rebuilt
2020-02-14T07:23:52.652Z - info: Site data built
2020-02-14T07:23:54.585Z - info: [3:23:54 PM] Reload for file change: C:\repos\nus-cs2113-AY1920S2\cs2113-website\schedule\week6\tutorial-cs2113.mbdf
2020-02-14T07:23:55.587Z - info: Rebuilding affected source files
2020-02-14T07:23:55.588Z - info: Rebuilding 1 pages
2020-02-14T07:23:55.841Z - info: Pages rebuilt
2020-02-14T07:23:55.844Z - info: Site data built
2020-02-14T07:24:35.766Z - info: [3:24:35 PM] Reload for file change: C:\repos\nus-cs2113-AY1920S2\cs2113-website\schedule\week6\tutorial-cs2113.mbdf
2020-02-14T07:24:36.767Z - info: Rebuilding affected source files
2020-02-14T07:24:36.768Z - info: Rebuilding 1 pages
2020-02-14T07:24:36.944Z - info: Pages rebuilt
2020-02-14T07:24:36.947Z - info: Site data built
2020-02-14T07:24:45.738Z - info: [3:24:45 PM] Reload for file change: C:\repos\nus-cs2113-AY1920S2\cs2113-website\schedule\week6\tutorial-cs2113.mbdf
2020-02-14T07:24:46.741Z - info: Rebuilding affected source files
2020-02-14T07:24:46.743Z - info: Rebuilding 1 pages
2020-02-14T07:24:46.905Z - info: Pages rebuilt
2020-02-14T07:24:46.913Z - info: Site data built
2020-02-14T07:25:38.073Z - info: [3:25:38 PM] Reload for file change: C:\repos\nus-cs2113-AY1920S2\cs2113-website\schedule\week6\tutorial-cs2113.mbdf
2020-02-14T07:25:39.075Z - info: Rebuilding affected source files
2020-02-14T07:25:39.076Z - info: Rebuilding 1 pages
2020-02-14T07:25:39.299Z - info: Pages rebuilt
2020-02-14T07:25:39.302Z - info: Site data built
2020-02-14T07:27:19.967Z - info: [3:27:19 PM] Reload for file change: C:\repos\nus-cs2113-AY1920S2\cs2113-website\schedule\week6\tutorial-cs2113.mbdf
2020-02-14T07:27:20.970Z - info: Rebuilding affected source files
2020-02-14T07:27:20.971Z - info: Rebuilding 1 pages
2020-02-14T07:27:21.159Z - info: Pages rebuilt
2020-02-14T07:27:21.168Z - info: Site data built
2020-02-14T07:27:29.961Z - info: [3:27:29 PM] Reload for file change: C:\repos\nus-cs2113-AY1920S2\cs2113-website\schedule\week6\tutorial-cs2113.mbdf
2020-02-14T07:27:30.963Z - info: Rebuilding affected source files
2020-02-14T07:27:30.964Z - info: Rebuilding 1 pages
2020-02-14T07:27:31.241Z - info: Pages rebuilt
2020-02-14T07:27:31.250Z - info: Site data built
2020-02-14T07:27:38.024Z - info: [3:27:38 PM] Reload for file change: C:\repos\nus-cs2113-AY1920S2\cs2113-website\schedule\week6\tutorial-cs2113.mbdf
2020-02-14T07:27:39.024Z - info: Rebuilding affected source files
2020-02-14T07:27:39.025Z - info: Rebuilding 1 pages
2020-02-14T07:27:39.266Z - info: Pages rebuilt
2020-02-14T07:27:39.270Z - info: Site data built
2020-02-14T07:28:26.788Z - info: [3:28:26 PM] Reload for file change: C:\repos\nus-cs2113-AY1920S2\cs2113-website\schedule\week6\tutorial-cs2113.mbdf
2020-02-14T07:28:27.790Z - info: Rebuilding affected source files
2020-02-14T07:28:27.791Z - info: Rebuilding 1 pages
2020-02-14T07:28:28.038Z - info: Pages rebuilt
2020-02-14T07:28:28.040Z - info: Site data built
2020-02-14T07:29:45.490Z - info: [3:29:45 PM] Reload for file change: C:\repos\nus-cs2113-AY1920S2\cs2113-website\schedule\week6\tutorial-cs2113.mbdf
2020-02-14T07:29:46.492Z - info: Rebuilding affected source files
2020-02-14T07:29:46.493Z - info: Rebuilding 1 pages
2020-02-14T07:29:46.673Z - info: Pages rebuilt
2020-02-14T07:29:46.683Z - info: Site data built
2020-02-14T07:29:57.853Z - info: [3:29:57 PM] Reload for file change: C:\repos\nus-cs2113-AY1920S2\cs2113-website\schedule\week6\tutorial-cs2113.mbdf
2020-02-14T07:29:58.856Z - info: Rebuilding affected source files
2020-02-14T07:29:58.857Z - info: Rebuilding 1 pages
2020-02-14T07:29:59.077Z - info: Pages rebuilt
2020-02-14T07:29:59.080Z - info: Site data built
2020-02-14T07:31:44.857Z - info: [3:31:44 PM] Reload for file change: C:\repos\nus-cs2113-AY1920S2\cs2113-website\schedule\week6\tutorial-cs2113.mbdf
2020-02-14T07:31:45.859Z - info: Rebuilding affected source files
2020-02-14T07:31:45.861Z - info: Rebuilding 1 pages
2020-02-14T07:31:46.180Z - info: Pages rebuilt
2020-02-14T07:31:46.189Z - info: Site data built
2020-02-14T07:34:27.361Z - info: [3:34:27 PM] Reload for file change: C:\repos\nus-cs2113-AY1920S2\cs2113-website\schedule\week6\tutorial-cs2113.mbdf
2020-02-14T07:34:28.363Z - info: Rebuilding affected source files
2020-02-14T07:34:28.364Z - info: Rebuilding 1 pages
2020-02-14T07:34:28.600Z - info: Pages rebuilt
2020-02-14T07:34:28.603Z - info: Site data built
2020-02-14T07:36:36.973Z - info: [3:36:36 PM] Reload for file change: C:\repos\nus-cs2113-AY1920S2\cs2113-website\admin\ip-tasks.mbdf
2020-02-14T07:36:37.974Z - info: Rebuilding affected source files
2020-02-14T07:36:37.987Z - info: Rebuilding 20 pages
2020-02-14T07:36:54.683Z - info: Pages rebuilt
2020-02-14T07:36:54.687Z - info: Site data built
2020-02-14T07:37:38.121Z - info: [3:37:38 PM] Reload for file change: C:\repos\nus-cs2113-AY1920S2\cs2113-website\admin\tp-tasks.mbdf
2020-02-14T07:37:39.124Z - info: Rebuilding affected source files
2020-02-14T07:37:39.132Z - info: Rebuilding 39 pages
2020-02-14T07:38:00.236Z - info: Pages rebuilt
2020-02-14T07:38:00.243Z - info: Site data built
2020-02-14T07:39:07.796Z - info: [3:39:07 PM] Reload for file change: C:\repos\nus-cs2113-AY1920S2\cs2113-website\schedule\week6\tutorial-cs2113.mbdf
2020-02-14T07:39:08.798Z - info: Rebuilding affected source files
2020-02-14T07:39:08.799Z - info: Rebuilding 1 pages
2020-02-14T07:39:09.105Z - info: Pages rebuilt
2020-02-14T07:39:09.111Z - info: Site data built
2020-02-14T07:39:45.392Z - info: Website generation started at 3:39:40 PM
2020-02-14T07:39:48.887Z - info: Building assets...
2020-02-14T07:39:51.666Z - info: Assets built
2020-02-14T07:39:51.666Z - info: Generating pages...
2020-02-14T07:40:43.740Z - debug: The process cannot access the file because it is being used by another process.

2020-02-14T07:40:43.740Z - debug: The process cannot access the file because it is being used by another process.

2020-02-14T07:40:43.741Z - debug: The process cannot access the file because it is being used by another process.

2020-02-14T07:40:43.741Z - debug: The process cannot access the file because it is being used by another process.

2020-02-14T07:40:43.741Z - debug: The process cannot access the file because it is being used by another process.

2020-02-14T07:40:43.741Z - debug: The process cannot access the file because it is being used by another process.

2020-02-14T07:40:43.741Z - debug: The process cannot access the file because it is being used by another process.

2020-02-14T07:40:43.742Z - debug: The process cannot access the file because it is being used by another process.

2020-02-14T07:40:43.742Z - debug: The process cannot access the file because it is being used by another process.

2020-02-14T07:40:43.742Z - debug: The process cannot access the file because it is being used by another process.

2020-02-14T07:40:43.909Z - debug: The process cannot access the file because it is being used by another process.

2020-02-14T07:40:48.017Z - debug:  
2020-02-14T07:40:48.018Z - debug:  
2020-02-14T07:40:49.877Z - debug:  
2020-02-14T07:40:49.877Z - debug:  
2020-02-14T07:41:37.897Z - info: Pages built
2020-02-14T07:41:53.803Z - info: Website generation complete! Total build time: 133.097s
2020-02-14T07:41:53.803Z - info: Build success!
2020-02-14T07:41:53.808Z - info: Site data built
2020-02-14T07:42:32.332Z - info: Deployed!
