2020-03-13T05:46:36.948Z - info: Website generation (lazy) started at 1:46:36 PM
2020-03-13T05:46:39.636Z - info: Building assets...
2020-03-13T05:46:41.722Z - info: Assets built
2020-03-13T05:46:41.723Z - info: Generating landing page...
2020-03-13T05:46:42.787Z - info: Landing page built, other pages will be built as you navigate to them!
2020-03-13T05:46:42.947Z - info: Website generation (lazy) complete! Total build time: 6.579s
2020-03-13T05:46:43.292Z - info: Serving "C:\repos\nus-cs2113-AY1920S2\cs2113-website\_site" at http://127.0.0.1:8080
2020-03-13T05:46:43.292Z - info: Press CTRL+C to stop ...
2020-03-13T05:46:43.387Z - info: Site data built
2020-03-13T05:49:28.794Z - info: Building C:\repos\nus-cs2113-AY1920S2\cs2113-website\schedule\week9\topics as some of its dependencies were changed since the last visit
2020-03-13T05:49:31.815Z - info: Site data built
2020-03-13T05:49:31.824Z - info: Lazy website regeneration complete! Total build time: 3.031s
2020-03-13T05:49:43.360Z - info: Building C:\repos\nus-cs2113-AY1920S2\cs2113-website\schedule\week9\project as some of its dependencies were changed since the last visit
2020-03-13T05:49:43.916Z - info: Site data built
2020-03-13T05:49:43.916Z - info: Lazy website regeneration complete! Total build time: 0.557s
2020-03-13T05:50:04.961Z - info: Building C:\repos\nus-cs2113-AY1920S2\cs2113-website\schedule\week9\tutorial as some of its dependencies were changed since the last visit
2020-03-13T05:50:05.380Z - info: Site data built
2020-03-13T05:50:05.380Z - info: Lazy website regeneration complete! Total build time: 0.419s
2020-03-13T05:50:10.668Z - info: Building C:\repos\nus-cs2113-AY1920S2\cs2113-website\schedule\week8\tutorial as some of its dependencies were changed since the last visit
2020-03-13T05:50:10.946Z - info: Site data built
2020-03-13T05:50:10.949Z - info: Lazy website regeneration complete! Total build time: 0.281s
2020-03-13T05:51:41.737Z - info: [1:51:41 PM] Reload for file change: C:\repos\nus-cs2113-AY1920S2\cs2113-website\schedule\week8\tutorial-cs2113.mbdf
2020-03-13T05:51:42.739Z - info: Rebuilding affected source files
2020-03-13T05:51:42.742Z - info: Rebuilding 1 pages
2020-03-13T05:51:43.061Z - info: Pages rebuilt
2020-03-13T05:51:43.061Z - info: Website regeneration complete! Total build time: 0.321s
2020-03-13T05:51:43.069Z - info: Site data built
2020-03-13T05:51:52.693Z - info: [1:51:52 PM] Reload for file change: C:\repos\nus-cs2113-AY1920S2\cs2113-website\schedule\week8\tutorial-cs2113.mbdf
2020-03-13T05:51:53.694Z - info: Rebuilding affected source files
2020-03-13T05:51:53.696Z - info: Rebuilding 1 pages
2020-03-13T05:51:54.035Z - info: Pages rebuilt
2020-03-13T05:51:54.036Z - info: Website regeneration complete! Total build time: 0.342s
2020-03-13T05:51:54.038Z - info: Site data built
2020-03-13T06:00:52.867Z - info: [2:00:52 PM] Reload for file change: C:\repos\nus-cs2113-AY1920S2\cs2113-website\schedule\week8\tutorial-cs2113.mbdf
2020-03-13T06:00:53.870Z - info: Rebuilding affected source files
2020-03-13T06:00:53.872Z - info: Rebuilding 1 pages
2020-03-13T06:00:54.116Z - info: Pages rebuilt
2020-03-13T06:00:54.116Z - info: Website regeneration complete! Total build time: 0.246s
2020-03-13T06:00:54.123Z - info: Site data built
2020-03-13T06:01:47.799Z - info: [2:01:47 PM] Reload for file change: C:\repos\nus-cs2113-AY1920S2\cs2113-website\schedule\week8\tutorial-cs2113.mbdf
2020-03-13T06:01:48.800Z - info: Rebuilding affected source files
2020-03-13T06:01:48.804Z - info: Rebuilding 1 pages
2020-03-13T06:01:49.127Z - info: Pages rebuilt
2020-03-13T06:01:49.128Z - info: Website regeneration complete! Total build time: 0.327s
2020-03-13T06:01:49.131Z - info: Site data built
2020-03-13T06:02:41.825Z - info: [2:02:41 PM] Reload for file change: C:\repos\nus-cs2113-AY1920S2\cs2113-website\schedule\week8\tutorial-cs2113.mbdf
2020-03-13T06:02:42.826Z - info: Rebuilding affected source files
2020-03-13T06:02:42.829Z - info: Rebuilding 1 pages
2020-03-13T06:02:43.072Z - info: Pages rebuilt
2020-03-13T06:02:43.072Z - info: Website regeneration complete! Total build time: 0.245s
2020-03-13T06:02:43.079Z - info: Site data built
2020-03-13T06:07:36.243Z - info: [2:07:36 PM] Reload for file add: C:\repos\nus-cs2113-AY1920S2\cs2113-website\schedule\week8\images\DrawingOnWhiteboard.png
2020-03-13T06:07:36.251Z - info: [2:07:36 PM] Reload for file change: C:\repos\nus-cs2113-AY1920S2\cs2113-website\schedule\week8\images\DrawingOnWhiteboard.png
2020-03-13T06:07:37.250Z - info: Assets built
2020-03-13T06:08:17.002Z - info: [2:08:17 PM] Reload for file change: C:\repos\nus-cs2113-AY1920S2\cs2113-website\schedule\week8\tutorial-cs2113.mbdf
2020-03-13T06:08:18.004Z - info: Rebuilding affected source files
2020-03-13T06:08:18.006Z - info: Rebuilding 1 pages
2020-03-13T06:08:18.331Z - info: Pages rebuilt
2020-03-13T06:08:18.332Z - info: Website regeneration complete! Total build time: 0.328s
2020-03-13T06:08:18.335Z - info: Site data built
2020-03-13T06:08:40.767Z - info: [2:08:40 PM] Reload for file change: C:\repos\nus-cs2113-AY1920S2\cs2113-website\schedule\week8\tutorial-cs2113.mbdf
2020-03-13T06:08:41.768Z - info: Rebuilding affected source files
2020-03-13T06:08:41.769Z - info: Rebuilding 1 pages
2020-03-13T06:08:42.015Z - info: Pages rebuilt
2020-03-13T06:08:42.016Z - info: Website regeneration complete! Total build time: 0.247s
2020-03-13T06:08:42.023Z - info: Site data built
2020-03-13T06:09:06.075Z - info: [2:09:06 PM] Reload for file change: C:\repos\nus-cs2113-AY1920S2\cs2113-website\schedule\week8\tutorial-cs2113.mbdf
2020-03-13T06:09:07.076Z - info: Rebuilding affected source files
2020-03-13T06:09:07.077Z - info: Rebuilding 1 pages
2020-03-13T06:09:07.399Z - info: Pages rebuilt
2020-03-13T06:09:07.399Z - info: Website regeneration complete! Total build time: 0.323s
2020-03-13T06:09:07.402Z - info: Site data built
2020-03-13T06:09:24.370Z - info: [2:09:24 PM] Reload for file change: C:\repos\nus-cs2113-AY1920S2\cs2113-website\schedule\week8\tutorial-cs2113.mbdf
2020-03-13T06:09:25.385Z - info: Rebuilding affected source files
2020-03-13T06:09:25.388Z - info: Rebuilding 1 pages
2020-03-13T06:09:25.650Z - info: Pages rebuilt
2020-03-13T06:09:25.650Z - info: Website regeneration complete! Total build time: 0.265s
2020-03-13T06:09:25.658Z - info: Site data built
2020-03-13T06:09:37.634Z - info: [2:09:37 PM] Reload for file change: C:\repos\nus-cs2113-AY1920S2\cs2113-website\schedule\week8\tutorial-cs2113.mbdf
2020-03-13T06:09:38.635Z - info: Rebuilding affected source files
2020-03-13T06:09:38.637Z - info: Rebuilding 1 pages
2020-03-13T06:09:39.012Z - info: Pages rebuilt
2020-03-13T06:09:39.012Z - info: Website regeneration complete! Total build time: 0.377s
2020-03-13T06:09:39.015Z - info: Site data built
2020-03-13T06:09:44.847Z - info: [2:09:44 PM] Reload for file change: C:\repos\nus-cs2113-AY1920S2\cs2113-website\schedule\week8\tutorial-cs2113.mbdf
2020-03-13T06:09:45.848Z - info: Rebuilding affected source files
2020-03-13T06:09:45.850Z - info: Rebuilding 1 pages
2020-03-13T06:09:46.143Z - info: Pages rebuilt
2020-03-13T06:09:46.143Z - info: Website regeneration complete! Total build time: 0.295s
2020-03-13T06:09:46.151Z - info: Site data built
2020-03-13T06:09:53.138Z - info: [2:09:53 PM] Reload for file change: C:\repos\nus-cs2113-AY1920S2\cs2113-website\schedule\week8\tutorial-cs2113.mbdf
2020-03-13T06:09:54.139Z - info: Rebuilding affected source files
2020-03-13T06:09:54.141Z - info: Rebuilding 1 pages
2020-03-13T06:09:54.353Z - info: Pages rebuilt
2020-03-13T06:09:54.353Z - info: Website regeneration complete! Total build time: 0.213s
2020-03-13T06:09:54.356Z - info: Site data built
2020-03-13T06:10:06.137Z - info: [2:10:06 PM] Reload for file change: C:\repos\nus-cs2113-AY1920S2\cs2113-website\schedule\week8\tutorial-cs2113.mbdf
2020-03-13T06:10:07.138Z - info: Rebuilding affected source files
2020-03-13T06:10:07.139Z - info: Rebuilding 1 pages
2020-03-13T06:10:07.395Z - info: Pages rebuilt
2020-03-13T06:10:07.395Z - info: Website regeneration complete! Total build time: 0.257s
2020-03-13T06:10:07.398Z - info: Site data built
2020-03-13T06:10:28.795Z - info: [2:10:28 PM] Reload for file change: C:\repos\nus-cs2113-AY1920S2\cs2113-website\schedule\week8\tutorial-cs2113.mbdf
2020-03-13T06:10:29.803Z - info: Rebuilding affected source files
2020-03-13T06:10:29.808Z - info: Rebuilding 1 pages
2020-03-13T06:10:30.190Z - info: Pages rebuilt
2020-03-13T06:10:30.190Z - info: Website regeneration complete! Total build time: 0.387s
2020-03-13T06:10:30.193Z - info: Site data built
2020-03-13T06:10:44.614Z - info: [2:10:44 PM] Reload for file change: C:\repos\nus-cs2113-AY1920S2\cs2113-website\schedule\week8\tutorial-cs2113.mbdf
2020-03-13T06:10:45.616Z - info: Rebuilding affected source files
2020-03-13T06:10:45.618Z - info: Rebuilding 1 pages
2020-03-13T06:10:45.933Z - info: Pages rebuilt
2020-03-13T06:10:45.933Z - info: Website regeneration complete! Total build time: 0.317s
2020-03-13T06:10:45.936Z - info: Site data built
2020-03-13T06:11:00.276Z - info: [2:11:00 PM] Reload for file change: C:\repos\nus-cs2113-AY1920S2\cs2113-website\schedule\week8\tutorial-cs2113.mbdf
2020-03-13T06:11:01.277Z - info: Rebuilding affected source files
2020-03-13T06:11:01.279Z - info: Rebuilding 1 pages
2020-03-13T06:11:01.631Z - info: Pages rebuilt
2020-03-13T06:11:01.631Z - info: Website regeneration complete! Total build time: 0.354s
2020-03-13T06:11:01.635Z - info: Site data built
2020-03-13T06:11:29.591Z - info: [2:11:29 PM] Reload for file change: C:\repos\nus-cs2113-AY1920S2\cs2113-website\schedule\week8\tutorial-cs2113.mbdf
2020-03-13T06:11:30.592Z - info: Rebuilding affected source files
2020-03-13T06:11:30.596Z - info: Rebuilding 1 pages
2020-03-13T06:11:30.861Z - info: Pages rebuilt
2020-03-13T06:11:30.861Z - info: Website regeneration complete! Total build time: 0.269s
2020-03-13T06:11:30.866Z - info: Site data built
2020-03-13T06:11:50.324Z - info: [2:11:50 PM] Reload for file change: C:\repos\nus-cs2113-AY1920S2\cs2113-website\schedule\week8\tutorial-cs2113.mbdf
2020-03-13T06:11:51.325Z - info: Rebuilding affected source files
2020-03-13T06:11:51.330Z - info: Rebuilding 1 pages
2020-03-13T06:11:51.701Z - info: Pages rebuilt
2020-03-13T06:11:51.701Z - info: Website regeneration complete! Total build time: 0.375s
2020-03-13T06:11:51.704Z - info: Site data built
2020-03-13T06:12:07.666Z - info: [2:12:07 PM] Reload for file change: C:\repos\nus-cs2113-AY1920S2\cs2113-website\schedule\week8\tutorial-cs2113.mbdf
2020-03-13T06:12:08.667Z - info: Rebuilding affected source files
2020-03-13T06:12:08.670Z - info: Rebuilding 1 pages
2020-03-13T06:12:09.002Z - info: Pages rebuilt
2020-03-13T06:12:09.002Z - info: Website regeneration complete! Total build time: 0.335s
2020-03-13T06:12:09.005Z - info: Site data built
2020-03-13T06:12:36.913Z - info: [2:12:36 PM] Reload for file change: C:\repos\nus-cs2113-AY1920S2\cs2113-website\schedule\week8\tutorial-cs2113.mbdf
2020-03-13T06:12:37.913Z - info: Rebuilding affected source files
2020-03-13T06:12:37.915Z - info: Rebuilding 1 pages
2020-03-13T06:12:38.150Z - info: Pages rebuilt
2020-03-13T06:12:38.150Z - info: Website regeneration complete! Total build time: 0.237s
2020-03-13T06:12:38.157Z - info: Site data built
2020-03-13T06:13:02.859Z - info: [2:13:02 PM] Reload for file change: C:\repos\nus-cs2113-AY1920S2\cs2113-website\schedule\week8\tutorial-cs2113.mbdf
2020-03-13T06:13:03.862Z - info: Rebuilding affected source files
2020-03-13T06:13:03.866Z - info: Rebuilding 1 pages
2020-03-13T06:13:04.198Z - info: Pages rebuilt
2020-03-13T06:13:04.198Z - info: Website regeneration complete! Total build time: 0.336s
2020-03-13T06:13:04.201Z - info: Site data built
2020-03-13T06:13:20.334Z - info: [2:13:20 PM] Reload for file change: C:\repos\nus-cs2113-AY1920S2\cs2113-website\schedule\week8\tutorial-cs2113.mbdf
2020-03-13T06:13:21.336Z - info: Rebuilding affected source files
2020-03-13T06:13:21.338Z - info: Rebuilding 1 pages
2020-03-13T06:13:21.584Z - info: Pages rebuilt
2020-03-13T06:13:21.585Z - info: Website regeneration complete! Total build time: 0.248s
2020-03-13T06:13:21.589Z - info: Site data built
2020-03-13T06:13:45.998Z - info: [2:13:45 PM] Reload for file change: C:\repos\nus-cs2113-AY1920S2\cs2113-website\schedule\week8\tutorial-cs2113.mbdf
2020-03-13T06:13:46.999Z - info: Rebuilding affected source files
2020-03-13T06:13:47.000Z - info: Rebuilding 1 pages
2020-03-13T06:13:47.240Z - info: Pages rebuilt
2020-03-13T06:13:47.240Z - info: Website regeneration complete! Total build time: 0.241s
2020-03-13T06:13:47.247Z - info: Site data built
2020-03-13T06:14:01.951Z - info: [2:14:01 PM] Reload for file change: C:\repos\nus-cs2113-AY1920S2\cs2113-website\schedule\week8\tutorial-cs2113.mbdf
2020-03-13T06:14:02.952Z - info: Rebuilding affected source files
2020-03-13T06:14:02.956Z - info: Rebuilding 1 pages
2020-03-13T06:14:03.211Z - info: Pages rebuilt
2020-03-13T06:14:03.212Z - info: Website regeneration complete! Total build time: 0.26s
2020-03-13T06:14:03.215Z - info: Site data built
2020-03-13T06:14:15.187Z - info: [2:14:15 PM] Reload for file change: C:\repos\nus-cs2113-AY1920S2\cs2113-website\schedule\week8\tutorial-cs2113.mbdf
2020-03-13T06:14:16.188Z - info: Rebuilding affected source files
2020-03-13T06:14:16.193Z - info: Rebuilding 1 pages
2020-03-13T06:14:16.490Z - info: Pages rebuilt
2020-03-13T06:14:16.490Z - info: Website regeneration complete! Total build time: 0.302s
2020-03-13T06:14:16.493Z - info: Site data built
2020-03-13T06:14:48.274Z - info: [2:14:48 PM] Reload for file change: C:\repos\nus-cs2113-AY1920S2\cs2113-website\schedule\week8\tutorial-cs2113.mbdf
2020-03-13T06:14:49.276Z - info: Rebuilding affected source files
2020-03-13T06:14:49.281Z - info: Rebuilding 1 pages
2020-03-13T06:14:49.637Z - info: Pages rebuilt
2020-03-13T06:14:49.637Z - info: Website regeneration complete! Total build time: 0.36s
2020-03-13T06:14:49.640Z - info: Site data built
2020-03-13T06:15:00.228Z - info: [2:15:00 PM] Reload for file change: C:\repos\nus-cs2113-AY1920S2\cs2113-website\schedule\week8\tutorial-cs2113.mbdf
2020-03-13T06:15:01.229Z - info: Rebuilding affected source files
2020-03-13T06:15:01.233Z - info: Rebuilding 1 pages
2020-03-13T06:15:01.582Z - info: Pages rebuilt
2020-03-13T06:15:01.582Z - info: Website regeneration complete! Total build time: 0.353s
2020-03-13T06:15:01.586Z - info: Site data built
2020-03-13T06:17:59.074Z - info: [2:17:59 PM] Reload for file change: C:\repos\nus-cs2113-AY1920S2\cs2113-website\schedule\week9\tutorial-cs2113.mbdf
2020-03-13T06:18:00.075Z - info: Rebuilding affected source files
2020-03-13T06:18:00.076Z - info: Rebuilding 0 pages
2020-03-13T06:18:00.094Z - info: Pages rebuilt
2020-03-13T06:18:00.094Z - info: Website regeneration complete! Total build time: 0.019s
2020-03-13T06:18:00.096Z - info: Site data built
2020-03-13T06:18:01.211Z - info: Building C:\repos\nus-cs2113-AY1920S2\cs2113-website\schedule\week9\tutorial as some of its dependencies were changed since the last visit
2020-03-13T06:18:01.559Z - info: Site data built
2020-03-13T06:18:01.559Z - info: Lazy website regeneration complete! Total build time: 0.349s
2020-03-13T06:19:09.573Z - info: [2:19:09 PM] Reload for file change: C:\repos\nus-cs2113-AY1920S2\cs2113-website\schedule\week9\tutorial-cs2113.mbdf
2020-03-13T06:19:10.578Z - info: Rebuilding affected source files
2020-03-13T06:19:10.580Z - info: Rebuilding 1 pages
2020-03-13T06:19:10.992Z - info: Pages rebuilt
2020-03-13T06:19:10.992Z - info: Website regeneration complete! Total build time: 0.414s
2020-03-13T06:19:10.995Z - info: Site data built
2020-03-13T06:20:48.716Z - info: [2:20:48 PM] Reload for file change: C:\repos\nus-cs2113-AY1920S2\cs2113-website\schedule\week9\tutorial-cs2113.mbdf
2020-03-13T06:20:49.718Z - info: Rebuilding affected source files
2020-03-13T06:20:49.723Z - info: Rebuilding 1 pages
2020-03-13T06:20:50.016Z - info: Pages rebuilt
2020-03-13T06:20:50.016Z - info: Website regeneration complete! Total build time: 0.297s
2020-03-13T06:20:50.024Z - info: Site data built
2020-03-13T06:35:54.576Z - info: [2:35:54 PM] Reload for file change: C:\repos\nus-cs2113-AY1920S2\cs2113-website\schedule\week9\tutorial-cs2113.mbdf
2020-03-13T06:35:55.578Z - info: Rebuilding affected source files
2020-03-13T06:35:55.580Z - info: Rebuilding 1 pages
2020-03-13T06:35:56.036Z - info: Pages rebuilt
2020-03-13T06:35:56.036Z - info: Website regeneration complete! Total build time: 0.458s
2020-03-13T06:35:56.039Z - info: Site data built
2020-03-13T06:46:26.923Z - info: [2:46:26 PM] Reload for file change: C:\repos\nus-cs2113-AY1920S2\cs2113-website\schedule\week9\tutorial-cs2113.mbdf
2020-03-13T06:46:27.925Z - info: Rebuilding affected source files
2020-03-13T06:46:27.927Z - info: Rebuilding 0 pages
2020-03-13T06:46:28.012Z - info: Pages rebuilt
2020-03-13T06:46:28.012Z - info: Website regeneration complete! Total build time: 0.087s
2020-03-13T06:46:28.015Z - info: Site data built
2020-03-13T06:46:38.784Z - info: Building C:\repos\nus-cs2113-AY1920S2\cs2113-website\schedule\week9\tutorial as some of its dependencies were changed since the last visit
2020-03-13T06:46:39.274Z - info: Site data built
2020-03-13T06:46:39.275Z - info: Lazy website regeneration complete! Total build time: 0.491s
2020-03-13T06:47:30.336Z - info: [2:47:30 PM] Reload for file change: C:\repos\nus-cs2113-AY1920S2\cs2113-website\schedule\week9\tutorial-cs2113.mbdf
2020-03-13T06:47:31.337Z - info: Rebuilding affected source files
2020-03-13T06:47:31.342Z - info: Rebuilding 1 pages
2020-03-13T06:47:31.732Z - info: Pages rebuilt
2020-03-13T06:47:31.732Z - info: Website regeneration complete! Total build time: 0.395s
2020-03-13T06:47:31.735Z - info: Site data built
2020-03-13T06:48:37.594Z - info: [2:48:37 PM] Reload for file change: C:\repos\nus-cs2113-AY1920S2\cs2113-website\schedule\week9\tutorial-cs2113.mbdf
2020-03-13T06:48:38.595Z - info: Rebuilding affected source files
2020-03-13T06:48:38.596Z - info: Rebuilding 1 pages
2020-03-13T06:48:38.891Z - info: Pages rebuilt
2020-03-13T06:48:38.891Z - info: Website regeneration complete! Total build time: 0.296s
2020-03-13T06:48:38.898Z - info: Site data built
2020-03-13T06:49:14.830Z - info: [2:49:14 PM] Reload for file change: C:\repos\nus-cs2113-AY1920S2\cs2113-website\schedule\week9\tutorial-cs2113.mbdf
2020-03-13T06:49:15.832Z - info: Rebuilding affected source files
2020-03-13T06:49:15.834Z - info: Rebuilding 1 pages
2020-03-13T06:49:16.222Z - info: Pages rebuilt
2020-03-13T06:49:16.223Z - info: Website regeneration complete! Total build time: 0.391s
2020-03-13T06:49:16.226Z - info: Site data built
2020-03-13T06:49:41.406Z - info: [2:49:41 PM] Reload for file change: C:\repos\nus-cs2113-AY1920S2\cs2113-website\schedule\week9\tutorial-cs2113.mbdf
2020-03-13T06:49:42.407Z - info: Rebuilding affected source files
2020-03-13T06:49:42.411Z - info: Rebuilding 1 pages
2020-03-13T06:49:42.857Z - info: Pages rebuilt
2020-03-13T06:49:42.857Z - info: Website regeneration complete! Total build time: 0.45s
2020-03-13T06:49:42.860Z - info: Site data built
2020-03-13T06:50:39.052Z - info: [2:50:39 PM] Reload for file change: C:\repos\nus-cs2113-AY1920S2\cs2113-website\schedule\week9\tutorial-cs2113.mbdf
2020-03-13T06:50:40.054Z - info: Rebuilding affected source files
2020-03-13T06:50:40.056Z - info: Rebuilding 1 pages
2020-03-13T06:50:40.446Z - info: Pages rebuilt
2020-03-13T06:50:40.446Z - info: Website regeneration complete! Total build time: 0.392s
2020-03-13T06:50:40.448Z - info: Site data built
2020-03-13T06:50:51.019Z - info: [2:50:51 PM] Reload for file change: C:\repos\nus-cs2113-AY1920S2\cs2113-website\schedule\week9\tutorial-cs2113.mbdf
2020-03-13T06:50:52.019Z - info: Rebuilding affected source files
2020-03-13T06:50:52.021Z - info: Rebuilding 1 pages
2020-03-13T06:50:52.288Z - info: Pages rebuilt
2020-03-13T06:50:52.288Z - info: Website regeneration complete! Total build time: 0.269s
2020-03-13T06:50:52.296Z - info: Site data built
2020-03-13T06:51:23.961Z - info: [2:51:23 PM] Reload for file change: C:\repos\nus-cs2113-AY1920S2\cs2113-website\schedule\week9\tutorial-cs2113.mbdf
2020-03-13T06:51:24.964Z - info: Rebuilding affected source files
2020-03-13T06:51:24.968Z - info: Rebuilding 1 pages
2020-03-13T06:51:25.368Z - info: Pages rebuilt
2020-03-13T06:51:25.368Z - info: Website regeneration complete! Total build time: 0.404s
2020-03-13T06:51:25.371Z - info: Site data built
2020-03-13T06:51:55.354Z - info: [2:51:55 PM] Reload for file change: C:\repos\nus-cs2113-AY1920S2\cs2113-website\schedule\week9\tutorial-cs2113.mbdf
2020-03-13T06:51:56.355Z - info: Rebuilding affected source files
2020-03-13T06:51:56.357Z - info: Rebuilding 1 pages
2020-03-13T06:51:56.670Z - info: Pages rebuilt
2020-03-13T06:51:56.671Z - info: Website regeneration complete! Total build time: 0.316s
2020-03-13T06:51:56.674Z - info: Site data built
2020-03-13T06:58:20.148Z - info: [2:58:20 PM] Reload for file change: C:\repos\nus-cs2113-AY1920S2\cs2113-website\schedule\week9\tutorial-cs2113.mbdf
2020-03-13T06:58:21.149Z - info: Rebuilding affected source files
2020-03-13T06:58:21.152Z - info: Rebuilding 1 pages
2020-03-13T06:58:21.558Z - info: Pages rebuilt
2020-03-13T06:58:21.558Z - info: Website regeneration complete! Total build time: 0.409s
2020-03-13T06:58:21.561Z - info: Site data built
2020-03-13T07:01:26.321Z - info: [3:01:26 PM] Reload for file change: C:\repos\nus-cs2113-AY1920S2\cs2113-website\admin\tp-tasks.mbdf
2020-03-13T07:01:27.325Z - info: Rebuilding affected source files
2020-03-13T07:01:27.328Z - info: Rebuilding 1 pages
2020-03-13T07:01:28.094Z - info: Pages rebuilt
2020-03-13T07:01:28.094Z - info: Website regeneration complete! Total build time: 0.769s
2020-03-13T07:01:28.098Z - info: Site data built
2020-03-13T07:02:17.816Z - info: [3:02:17 PM] Reload for file change: C:\repos\nus-cs2113-AY1920S2\cs2113-website\admin\tp-tasks.mbdf
2020-03-13T07:02:18.818Z - info: Rebuilding affected source files
2020-03-13T07:02:18.820Z - info: Rebuilding 1 pages
2020-03-13T07:02:19.538Z - info: Pages rebuilt
2020-03-13T07:02:19.538Z - info: Website regeneration complete! Total build time: 0.72s
2020-03-13T07:02:19.541Z - info: Site data built
2020-03-13T07:02:48.838Z - info: [3:02:48 PM] Reload for file change: C:\repos\nus-cs2113-AY1920S2\cs2113-website\admin\tp-tasks.mbdf
2020-03-13T07:02:49.842Z - info: Rebuilding affected source files
2020-03-13T07:02:49.846Z - info: Rebuilding 1 pages
2020-03-13T07:02:50.633Z - info: Pages rebuilt
2020-03-13T07:02:50.633Z - info: Website regeneration complete! Total build time: 0.791s
2020-03-13T07:02:50.636Z - info: Site data built
2020-03-13T07:02:58.127Z - info: [3:02:58 PM] Reload for file change: C:\repos\nus-cs2113-AY1920S2\cs2113-website\admin\tp-tasks.mbdf
2020-03-13T07:02:59.134Z - info: Rebuilding affected source files
2020-03-13T07:02:59.136Z - info: Rebuilding 1 pages
2020-03-13T07:02:59.766Z - info: Pages rebuilt
2020-03-13T07:02:59.766Z - info: Website regeneration complete! Total build time: 0.632s
2020-03-13T07:02:59.769Z - info: Site data built
2020-03-13T07:04:15.812Z - info: Building C:\repos\nus-cs2113-AY1920S2\cs2113-website\schedule\week9\tutorial as some of its dependencies were changed since the last visit
2020-03-13T07:04:16.242Z - info: Site data built
2020-03-13T07:04:16.242Z - info: Lazy website regeneration complete! Total build time: 0.43s
2020-03-13T07:18:36.453Z - info: [3:18:36 PM] Reload for file change: C:\repos\nus-cs2113-AY1920S2\cs2113-website\schedule\week9\tutorial-cs2113.mbdf
2020-03-13T07:18:37.454Z - info: Rebuilding affected source files
2020-03-13T07:18:37.457Z - info: Rebuilding 1 pages
2020-03-13T07:18:37.784Z - info: Pages rebuilt
2020-03-13T07:18:37.784Z - info: Website regeneration complete! Total build time: 0.329s
2020-03-13T07:18:37.791Z - info: Site data built
2020-03-13T07:20:19.141Z - info: [3:20:19 PM] Reload for file change: C:\repos\nus-cs2113-AY1920S2\cs2113-website\schedule\week9\tutorial-cs2113.mbdf
2020-03-13T07:20:20.143Z - info: Rebuilding affected source files
2020-03-13T07:20:20.147Z - info: Rebuilding 1 pages
2020-03-13T07:20:20.564Z - info: Pages rebuilt
2020-03-13T07:20:20.564Z - info: Website regeneration complete! Total build time: 0.421s
2020-03-13T07:20:20.567Z - info: Site data built
2020-03-13T07:30:50.056Z - info: [3:30:50 PM] Reload for file change: C:\repos\nus-cs2113-AY1920S2\cs2113-website\schedule\week9\tutorial-cs2113.mbdf
2020-03-13T07:30:51.057Z - info: Rebuilding affected source files
2020-03-13T07:30:51.058Z - info: Rebuilding 1 pages
2020-03-13T07:30:51.458Z - info: Pages rebuilt
2020-03-13T07:30:51.458Z - info: Website regeneration complete! Total build time: 0.401s
2020-03-13T07:30:51.461Z - info: Site data built
2020-03-13T07:31:01.328Z - info: [3:31:01 PM] Reload for file change: C:\repos\nus-cs2113-AY1920S2\cs2113-website\schedule\week9\tutorial-cs2113.mbdf
2020-03-13T07:31:02.330Z - info: Rebuilding affected source files
2020-03-13T07:31:02.331Z - info: Rebuilding 1 pages
2020-03-13T07:31:02.678Z - info: Pages rebuilt
2020-03-13T07:31:02.678Z - info: Website regeneration complete! Total build time: 0.348s
2020-03-13T07:31:02.681Z - info: Site data built
2020-03-13T07:31:17.183Z - info: Building C:\repos\nus-cs2113-AY1920S2\cs2113-website\schedule\week9\admin as some of its dependencies were changed since the last visit
2020-03-13T07:31:17.709Z - info: Site data built
2020-03-13T07:31:17.709Z - info: Lazy website regeneration complete! Total build time: 0.527s
2020-03-13T07:31:31.499Z - info: Building C:\repos\nus-cs2113-AY1920S2\cs2113-website\schedule\week10\tutorial as some of its dependencies were changed since the last visit
2020-03-13T07:31:31.803Z - info: Site data built
2020-03-13T07:31:31.804Z - info: Lazy website regeneration complete! Total build time: 0.306s
2020-03-13T07:39:23.445Z - info: Building C:\repos\nus-cs2113-AY1920S2\cs2113-website\admin\index as some of its dependencies were changed since the last visit
2020-03-13T07:39:24.089Z - info: Site data built
2020-03-13T07:39:24.089Z - info: Lazy website regeneration complete! Total build time: 0.644s
2020-03-13T07:39:33.491Z - info: Building C:\repos\nus-cs2113-AY1920S2\cs2113-website\admin\appendixE-gitHub as some of its dependencies were changed since the last visit
2020-03-13T07:39:34.224Z - info: Site data built
2020-03-13T07:39:34.225Z - info: Lazy website regeneration complete! Total build time: 0.734s
2020-03-13T07:44:07.631Z - info: [3:44:07 PM] Reload for file change: C:\repos\nus-cs2113-AY1920S2\cs2113-website\admin\appendixE-gitHub.md
2020-03-13T07:44:08.635Z - info: Rebuilding affected source files
2020-03-13T07:44:08.639Z - info: Rebuilding 1 pages
2020-03-13T07:44:09.422Z - info: Pages rebuilt
2020-03-13T07:44:09.422Z - info: Website regeneration complete! Total build time: 0.786s
2020-03-13T07:44:09.425Z - info: Site data built
2020-03-13T07:45:30.639Z - info: [3:45:30 PM] Reload for file change: C:\repos\nus-cs2113-AY1920S2\cs2113-website\admin\appendixE-gitHub.md
2020-03-13T07:45:31.644Z - info: Rebuilding affected source files
2020-03-13T07:45:31.649Z - info: Rebuilding 1 pages
2020-03-13T07:45:32.313Z - info: Pages rebuilt
2020-03-13T07:45:32.314Z - info: Website regeneration complete! Total build time: 0.669s
2020-03-13T07:45:32.317Z - info: Site data built
2020-03-13T07:46:11.424Z - info: [3:46:11 PM] Reload for file change: C:\repos\nus-cs2113-AY1920S2\cs2113-website\admin\appendixE-gitHub.md
2020-03-13T07:46:12.429Z - info: Rebuilding affected source files
2020-03-13T07:46:12.434Z - info: Rebuilding 1 pages
2020-03-13T07:46:13.094Z - info: Pages rebuilt
2020-03-13T07:46:13.095Z - info: Website regeneration complete! Total build time: 0.666s
2020-03-13T07:46:13.098Z - info: Site data built
2020-03-13T07:46:23.582Z - info: [3:46:23 PM] Reload for file change: C:\repos\nus-cs2113-AY1920S2\cs2113-website\admin\appendixE-gitHub.md
2020-03-13T07:46:24.587Z - info: Rebuilding affected source files
2020-03-13T07:46:24.588Z - info: Rebuilding 1 pages
2020-03-13T07:46:25.149Z - info: Pages rebuilt
2020-03-13T07:46:25.149Z - info: Website regeneration complete! Total build time: 0.562s
2020-03-13T07:46:25.160Z - info: Site data built
2020-03-13T07:47:13.504Z - info: [3:47:13 PM] Reload for file change: C:\repos\nus-cs2113-AY1920S2\cs2113-website\admin\appendixE-gitHub.md
2020-03-13T07:47:14.508Z - info: Rebuilding affected source files
2020-03-13T07:47:14.510Z - info: Rebuilding 1 pages
2020-03-13T07:47:15.194Z - info: Pages rebuilt
2020-03-13T07:47:15.194Z - info: Website regeneration complete! Total build time: 0.686s
2020-03-13T07:47:15.197Z - info: Site data built
2020-03-13T07:47:48.907Z - info: [3:47:48 PM] Reload for file change: C:\repos\nus-cs2113-AY1920S2\cs2113-website\admin\appendixE-gitHub.md
2020-03-13T07:47:49.910Z - info: Rebuilding affected source files
2020-03-13T07:47:49.912Z - info: Rebuilding 1 pages
2020-03-13T07:47:50.564Z - info: Pages rebuilt
2020-03-13T07:47:50.564Z - info: Website regeneration complete! Total build time: 0.654s
2020-03-13T07:47:50.572Z - info: Site data built
2020-03-13T07:48:41.120Z - info: [3:48:41 PM] Reload for file change: C:\repos\nus-cs2113-AY1920S2\cs2113-website\admin\appendixE-gitHub.md
2020-03-13T07:48:42.122Z - info: Rebuilding affected source files
2020-03-13T07:48:42.127Z - info: Rebuilding 1 pages
2020-03-13T07:48:42.783Z - info: Pages rebuilt
2020-03-13T07:48:42.783Z - info: Website regeneration complete! Total build time: 0.66s
2020-03-13T07:48:42.787Z - info: Site data built
2020-03-13T07:48:57.372Z - info: [3:48:57 PM] Reload for file change: C:\repos\nus-cs2113-AY1920S2\cs2113-website\admin\appendixE-gitHub.md
2020-03-13T07:48:58.375Z - info: Rebuilding affected source files
2020-03-13T07:48:58.377Z - info: Rebuilding 1 pages
2020-03-13T07:48:59.076Z - info: Pages rebuilt
2020-03-13T07:48:59.077Z - info: Website regeneration complete! Total build time: 0.702s
2020-03-13T07:48:59.079Z - info: Site data built
2020-03-13T07:50:06.486Z - info: [3:50:06 PM] Reload for file change: C:\repos\nus-cs2113-AY1920S2\cs2113-website\admin\appendixE-gitHub.md
2020-03-13T07:50:07.490Z - info: Rebuilding affected source files
2020-03-13T07:50:07.491Z - info: Rebuilding 1 pages
2020-03-13T07:50:08.122Z - info: Pages rebuilt
2020-03-13T07:50:08.122Z - info: Website regeneration complete! Total build time: 0.632s
2020-03-13T07:50:08.125Z - info: Site data built
2020-03-13T07:51:22.299Z - info: [3:51:22 PM] Reload for file change: C:\repos\nus-cs2113-AY1920S2\cs2113-website\admin\appendixE-gitHub.md
2020-03-13T07:51:23.302Z - info: Rebuilding affected source files
2020-03-13T07:51:23.304Z - info: Rebuilding 1 pages
2020-03-13T07:51:23.944Z - info: Pages rebuilt
2020-03-13T07:51:23.945Z - info: Website regeneration complete! Total build time: 0.643s
2020-03-13T07:51:23.948Z - info: Site data built
2020-03-13T07:51:37.322Z - info: [3:51:37 PM] Reload for file change: C:\repos\nus-cs2113-AY1920S2\cs2113-website\admin\appendixE-gitHub.md
2020-03-13T07:51:38.326Z - info: Rebuilding affected source files
2020-03-13T07:51:38.327Z - info: Rebuilding 1 pages
2020-03-13T07:51:38.884Z - info: Pages rebuilt
2020-03-13T07:51:38.884Z - info: Website regeneration complete! Total build time: 0.558s
2020-03-13T07:51:38.894Z - info: Site data built
2020-03-13T07:52:39.320Z - info: [3:52:39 PM] Reload for file change: C:\repos\nus-cs2113-AY1920S2\cs2113-website\admin\appendixE-gitHub.md
2020-03-13T07:52:40.323Z - info: Rebuilding affected source files
2020-03-13T07:52:40.324Z - info: Rebuilding 1 pages
2020-03-13T07:52:40.988Z - info: Pages rebuilt
2020-03-13T07:52:40.988Z - info: Website regeneration complete! Total build time: 0.665s
2020-03-13T07:52:40.991Z - info: Site data built
2020-03-13T07:53:27.352Z - info: [3:53:27 PM] Reload for file change: C:\repos\nus-cs2113-AY1920S2\cs2113-website\admin\appendixE-gitHub.md
2020-03-13T07:53:28.355Z - info: Rebuilding affected source files
2020-03-13T07:53:28.357Z - info: Rebuilding 1 pages
2020-03-13T07:53:29.012Z - info: Pages rebuilt
2020-03-13T07:53:29.012Z - info: Website regeneration complete! Total build time: 0.656s
2020-03-13T07:53:29.015Z - info: Site data built
2020-03-13T07:53:50.814Z - info: [3:53:50 PM] Reload for file change: C:\repos\nus-cs2113-AY1920S2\cs2113-website\admin\appendixE-gitHub.md
2020-03-13T07:53:51.817Z - info: Rebuilding affected source files
2020-03-13T07:53:51.820Z - info: Rebuilding 1 pages
2020-03-13T07:53:52.474Z - info: Pages rebuilt
2020-03-13T07:53:52.475Z - info: Website regeneration complete! Total build time: 0.658s
2020-03-13T07:53:52.478Z - info: Site data built
2020-03-13T07:54:37.821Z - info: Website generation started at 3:54:37 PM
2020-03-13T07:54:40.303Z - info: Building assets...
2020-03-13T07:54:42.501Z - info: Assets built
2020-03-13T07:54:42.501Z - info: Generating pages...
2020-03-13T07:55:31.791Z - debug: The process cannot access the file because it is being used by another process.

2020-03-13T07:55:31.792Z - debug: The process cannot access the file because it is being used by another process.

2020-03-13T07:55:31.793Z - debug: The process cannot access the file because it is being used by another process.

2020-03-13T07:55:31.793Z - debug: The process cannot access the file because it is being used by another process.

2020-03-13T07:55:31.793Z - debug: The process cannot access the file because it is being used by another process.

2020-03-13T07:55:31.793Z - debug: The process cannot access the file because it is being used by another process.

2020-03-13T07:55:31.793Z - debug: The process cannot access the file because it is being used by another process.

2020-03-13T07:55:31.793Z - debug: The process cannot access the file because it is being used by another process.

2020-03-13T07:55:31.794Z - debug: The process cannot access the file because it is being used by another process.

2020-03-13T07:55:31.794Z - debug: The process cannot access the file because it is being used by another process.

2020-03-13T07:55:31.794Z - debug: The process cannot access the file because it is being used by another process.

2020-03-13T07:55:31.795Z - debug: The process cannot access the file because it is being used by another process.

2020-03-13T07:55:31.795Z - debug: The process cannot access the file because it is being used by another process.

2020-03-13T07:55:31.795Z - debug: The process cannot access the file because it is being used by another process.

2020-03-13T07:55:31.795Z - debug: The process cannot access the file because it is being used by another process.

2020-03-13T07:55:31.795Z - debug: The process cannot access the file because it is being used by another process.

2020-03-13T07:55:31.796Z - debug: The process cannot access the file because it is being used by another process.

2020-03-13T07:55:31.796Z - debug: The process cannot access the file because it is being used by another process.

2020-03-13T07:55:31.796Z - debug: The process cannot access the file because it is being used by another process.

2020-03-13T07:55:31.796Z - debug: The process cannot access the file because it is being used by another process.

2020-03-13T07:55:31.796Z - debug: The process cannot access the file because it is being used by another process.

2020-03-13T07:55:31.796Z - debug: The process cannot access the file because it is being used by another process.

2020-03-13T07:55:31.852Z - debug: The process cannot access the file because it is being used by another process.

2020-03-13T07:55:31.858Z - debug: The process cannot access the file because it is being used by another process.

2020-03-13T07:55:31.863Z - debug: The process cannot access the file because it is being used by another process.

2020-03-13T07:55:37.164Z - debug:  
2020-03-13T07:55:37.164Z - debug:  
2020-03-13T07:55:37.164Z - debug:  
2020-03-13T07:55:37.164Z - debug:  
2020-03-13T07:56:10.201Z - debug:  
2020-03-13T07:56:10.201Z - debug:  
2020-03-13T07:56:30.618Z - info: Pages built
2020-03-13T07:56:47.779Z - info: Website generation complete! Total build time: 130.647s
2020-03-13T07:56:47.780Z - info: Build success!
2020-03-13T07:56:47.782Z - info: Site data built
2020-03-13T07:57:34.111Z - info: Deployed!
