2020-01-11T13:46:09.600Z - info: Website generation started at 21:46:00
2020-01-11T13:46:13.687Z - info: Building assets...
2020-01-11T13:46:17.017Z - info: Assets built
2020-01-11T13:46:17.018Z - info: Generating pages...
2020-01-11T13:46:17.886Z - info: Pages built
2020-01-11T13:46:17.966Z - info: Website generation complete! Total build time: 17.013s
2020-01-11T13:46:18.293Z - info: Serving "C:\repos\nus-cs2113-AY1920S2\cs2113-website\_site" at http://127.0.0.1:8080
2020-01-11T13:46:18.293Z - info: Press CTRL+C to stop ...
2020-01-11T13:46:18.357Z - info: Site data built
2020-01-11T13:48:18.101Z - info: [21:48:18] Reload for file change: C:\repos\nus-cs2113-AY1920S2\cs2113-website\schedule\week1\notices-cs2113.mbdf
2020-01-11T13:48:19.105Z - info: Rebuilding affected source files
2020-01-11T13:48:19.107Z - info: Rebuilding 1 pages
2020-01-11T13:48:19.667Z - info: Pages rebuilt
2020-01-11T13:48:19.672Z - info: Site data built
2020-01-11T13:51:58.773Z - info: [21:51:58] Reload for file change: C:\repos\nus-cs2113-AY1920S2\cs2113-website\schedule\week1\notices-cs2113.mbdf
2020-01-11T13:51:59.775Z - info: Rebuilding affected source files
2020-01-11T13:51:59.776Z - info: Rebuilding 1 pages
2020-01-11T13:52:00.536Z - info: Pages rebuilt
2020-01-11T13:52:00.543Z - info: Site data built
2020-01-11T13:52:27.004Z - info: [21:52:27] Reload for file change: C:\repos\nus-cs2113-AY1920S2\cs2113-website\schedule\week1\notices-cs2113.mbdf
2020-01-11T13:52:28.005Z - info: Rebuilding affected source files
2020-01-11T13:52:28.006Z - info: Rebuilding 1 pages
2020-01-11T13:52:28.463Z - info: Pages rebuilt
2020-01-11T13:52:28.468Z - info: Site data built
2020-01-11T13:53:41.953Z - info: Website generation started at 21:53:39
2020-01-11T13:53:45.650Z - info: Building assets...
2020-01-11T13:53:48.738Z - info: Assets built
2020-01-11T13:53:48.739Z - info: Generating pages...
2020-01-11T13:55:21.184Z - debug: The process cannot access the file because it is being used by another process.

2020-01-11T13:55:21.185Z - debug: The process cannot access the file because it is being used by another process.

2020-01-11T13:55:21.185Z - debug: The process cannot access the file because it is being used by another process.

2020-01-11T13:55:21.185Z - debug: The process cannot access the file because it is being used by another process.

2020-01-11T13:55:21.185Z - debug: The process cannot access the file because it is being used by another process.

2020-01-11T13:55:21.186Z - debug: The process cannot access the file because it is being used by another process.

2020-01-11T13:55:21.186Z - debug: The process cannot access the file because it is being used by another process.

2020-01-11T13:55:21.186Z - debug: The process cannot access the file because it is being used by another process.

2020-01-11T13:55:21.186Z - debug: The process cannot access the file because it is being used by another process.

2020-01-11T13:55:21.189Z - debug: The process cannot access the file because it is being used by another process.

2020-01-11T13:55:23.003Z - debug: The process cannot access the file because it is being used by another process.

2020-01-11T13:55:33.412Z - debug:  
2020-01-11T13:55:33.413Z - debug:  
2020-01-11T13:55:33.413Z - debug:  
2020-01-11T13:55:33.413Z - debug:  
2020-01-11T13:57:31.867Z - info: Website generation started at 21:57:24
2020-01-11T13:57:35.402Z - info: Building assets...
2020-01-11T13:57:38.401Z - info: Assets built
2020-01-11T13:57:38.402Z - info: Generating pages...
2020-01-11T13:57:39.157Z - info: Pages built
2020-01-11T13:57:39.240Z - info: Website generation complete! Total build time: 14.388s
2020-01-11T13:57:39.549Z - info: Serving "C:\repos\nus-cs2113-AY1920S2\cs2113-website\_site" at http://127.0.0.1:8080
2020-01-11T13:57:39.549Z - info: Press CTRL+C to stop ...
2020-01-11T13:57:39.595Z - info: Site data built
2020-01-11T13:58:29.843Z - info: Website generation started at 21:58:27
2020-01-11T13:58:33.826Z - info: Building assets...
2020-01-11T13:58:36.911Z - info: Assets built
2020-01-11T13:58:36.911Z - info: Generating pages...
2020-01-11T14:00:15.481Z - debug: The process cannot access the file because it is being used by another process.

2020-01-11T14:00:15.482Z - debug: The process cannot access the file because it is being used by another process.

2020-01-11T14:00:15.482Z - debug: The process cannot access the file because it is being used by another process.

2020-01-11T14:00:15.483Z - debug: The process cannot access the file because it is being used by another process.

2020-01-11T14:00:15.483Z - debug: The process cannot access the file because it is being used by another process.

2020-01-11T14:00:15.483Z - debug: The process cannot access the file because it is being used by another process.

2020-01-11T14:00:17.314Z - debug: The process cannot access the file because it is being used by another process.

2020-01-11T14:00:17.314Z - debug: The process cannot access the file because it is being used by another process.

2020-01-11T14:00:17.315Z - debug: The process cannot access the file because it is being used by another process.

2020-01-11T14:00:17.315Z - debug: The process cannot access the file because it is being used by another process.

2020-01-11T14:00:18.246Z - debug: The process cannot access the file because it is being used by another process.

2020-01-11T14:00:31.248Z - debug:  
2020-01-11T14:00:31.248Z - debug:  
2020-01-11T14:00:31.248Z - debug:  
2020-01-11T14:00:31.249Z - debug:  
2020-01-11T14:01:44.049Z - info: Pages built
2020-01-11T14:02:11.724Z - info: Website generation complete! Total build time: 224.458s
2020-01-11T14:02:12.040Z - info: Serving "C:\repos\nus-cs2113-AY1920S2\cs2113-website\_site" at http://127.0.0.1:8080
2020-01-11T14:02:12.040Z - info: Press CTRL+C to stop ...
2020-01-11T14:02:12.099Z - info: Site data built
2020-01-11T14:03:15.214Z - info: Website generation started at 22:03:09
2020-01-11T14:03:18.854Z - info: Building assets...
2020-01-11T14:03:21.676Z - info: Assets built
2020-01-11T14:03:21.677Z - info: Generating pages...
2020-01-11T14:05:00.928Z - debug: The process cannot access the file because it is being used by another process.

2020-01-11T14:05:00.929Z - debug: The process cannot access the file because it is being used by another process.

2020-01-11T14:05:00.929Z - debug: The process cannot access the file because it is being used by another process.

2020-01-11T14:05:00.930Z - debug: The process cannot access the file because it is being used by another process.

2020-01-11T14:05:00.930Z - debug: The process cannot access the file because it is being used by another process.

2020-01-11T14:05:00.930Z - debug: The process cannot access the file because it is being used by another process.

2020-01-11T14:05:02.837Z - debug: The process cannot access the file because it is being used by another process.

2020-01-11T14:05:02.837Z - debug: The process cannot access the file because it is being used by another process.

2020-01-11T14:05:02.837Z - debug: The process cannot access the file because it is being used by another process.

2020-01-11T14:05:02.837Z - debug: The process cannot access the file because it is being used by another process.

2020-01-11T14:05:03.486Z - debug: The process cannot access the file because it is being used by another process.

2020-01-11T14:05:16.350Z - debug:  
2020-01-11T14:05:16.351Z - debug:  
2020-01-11T14:05:16.351Z - debug:  
2020-01-11T14:05:16.352Z - debug:  
2020-01-11T14:06:31.433Z - info: Pages built
2020-01-11T14:07:01.403Z - info: Website generation complete! Total build time: 231.786s
2020-01-11T14:07:01.405Z - info: Build success!
2020-01-11T14:07:01.467Z - info: Site data built
2020-01-11T14:07:46.955Z - info: Deployed!
2020-01-11T14:14:37.590Z - info: Website generation started at 22:14:31
2020-01-11T14:14:41.085Z - info: Building assets...
