2020-02-12T16:16:59.461Z - info: [00:16:59] Reload for file change: C:\repos\nus-cs2113-AY1920S2\cs2113-website\admin\participation-dashboard-table.mbdf
2020-02-12T16:17:00.472Z - info: Rebuilding affected source files
2020-02-12T16:17:00.489Z - info: Rebuilding 1 pages
2020-02-12T16:17:04.528Z - info: Pages rebuilt
2020-02-12T16:17:04.535Z - info: Site data built
2020-02-12T16:20:45.040Z - info: [00:20:45] Reload for file change: C:\repos\nus-cs2113-AY1920S2\cs2113-website\admin\participation-dashboard-table.mbdf
2020-02-12T16:20:46.044Z - info: Rebuilding affected source files
2020-02-12T16:20:46.051Z - info: Rebuilding 1 pages
2020-02-12T16:20:50.065Z - info: Pages rebuilt
2020-02-12T16:20:50.088Z - info: Site data built
2020-02-12T16:22:26.960Z - info: [00:22:26] Reload for file change: C:\repos\nus-cs2113-AY1920S2\cs2113-website\admin\participation-dashboard-table.mbdf
2020-02-12T16:22:27.961Z - info: Rebuilding affected source files
2020-02-12T16:22:27.971Z - info: Rebuilding 1 pages
2020-02-12T16:22:32.086Z - info: Pages rebuilt
2020-02-12T16:22:32.090Z - info: Site data built
2020-02-12T16:25:03.622Z - info: [00:25:03] Reload for file change: C:\repos\nus-cs2113-AY1920S2\cs2113-website\admin\participation-dashboard-table.mbdf
2020-02-12T16:25:04.627Z - info: Rebuilding affected source files
2020-02-12T16:25:04.629Z - info: Rebuilding 1 pages
2020-02-12T16:25:08.347Z - info: Pages rebuilt
2020-02-12T16:25:08.351Z - info: Site data built
2020-02-12T16:31:24.545Z - info: [00:31:24] Reload for file change: C:\repos\nus-cs2113-AY1920S2\cs2113-website\admin\participation-dashboard-table.mbdf
2020-02-12T16:31:25.550Z - info: Rebuilding affected source files
2020-02-12T16:31:25.563Z - info: Rebuilding 1 pages
2020-02-12T16:31:29.541Z - info: Pages rebuilt
2020-02-12T16:31:29.545Z - info: Site data built
2020-02-12T16:33:20.521Z - info: [00:33:20] Reload for file change: C:\repos\nus-cs2113-AY1920S2\cs2113-website\admin\participation-dashboard-table.mbdf
2020-02-12T16:33:21.526Z - info: Rebuilding affected source files
2020-02-12T16:33:21.531Z - info: Rebuilding 1 pages
2020-02-12T16:33:25.429Z - info: Pages rebuilt
2020-02-12T16:33:25.433Z - info: Site data built
2020-02-12T16:35:40.900Z - info: [00:35:40] Reload for file change: C:\repos\nus-cs2113-AY1920S2\cs2113-website\admin\participation-dashboard-table.mbdf
2020-02-12T16:35:41.902Z - info: Rebuilding affected source files
2020-02-12T16:35:41.908Z - info: Rebuilding 1 pages
2020-02-12T16:35:46.241Z - info: Pages rebuilt
2020-02-12T16:35:46.245Z - info: Site data built
2020-02-12T16:37:54.126Z - info: [00:37:54] Reload for file change: C:\repos\nus-cs2113-AY1920S2\cs2113-website\admin\participation-dashboard-table.mbdf
2020-02-12T16:37:55.131Z - info: Rebuilding affected source files
2020-02-12T16:37:55.133Z - info: Rebuilding 1 pages
2020-02-12T16:37:58.833Z - info: Pages rebuilt
2020-02-12T16:37:58.838Z - info: Site data built
2020-02-12T16:48:45.169Z - info: [00:48:45] Reload for file change: C:\repos\nus-cs2113-AY1920S2\cs2113-website\admin\participation-dashboard-table.mbdf
2020-02-12T16:48:46.175Z - info: Rebuilding affected source files
2020-02-12T16:48:46.183Z - info: Rebuilding 1 pages
2020-02-12T16:48:50.777Z - info: Pages rebuilt
2020-02-12T16:48:50.781Z - info: Site data built
2020-02-12T16:49:50.183Z - info: Website generation started at 00:49:43
2020-02-12T16:49:54.697Z - info: Building assets...
2020-02-12T16:49:58.279Z - info: Assets built
2020-02-12T16:49:58.279Z - info: Generating pages...
2020-02-12T16:51:39.841Z - debug: The process cannot access the file because it is being used by another process.

2020-02-12T16:51:39.842Z - debug: The process cannot access the file because it is being used by another process.

2020-02-12T16:51:39.843Z - debug: The process cannot access the file because it is being used by another process.

2020-02-12T16:51:39.843Z - debug: The process cannot access the file because it is being used by another process.

2020-02-12T16:51:39.843Z - debug: The process cannot access the file because it is being used by another process.

2020-02-12T16:51:39.844Z - debug: The process cannot access the file because it is being used by another process.

2020-02-12T16:51:39.844Z - debug: The process cannot access the file because it is being used by another process.

2020-02-12T16:51:39.844Z - debug: The process cannot access the file because it is being used by another process.

2020-02-12T16:51:42.285Z - debug: The process cannot access the file because it is being used by another process.

2020-02-12T16:51:42.286Z - debug: The process cannot access the file because it is being used by another process.

2020-02-12T16:51:42.452Z - debug: The process cannot access the file because it is being used by another process.

2020-02-12T16:51:59.348Z - debug:  
2020-02-12T16:51:59.349Z - debug:  
2020-02-12T16:51:59.349Z - debug:  
2020-02-12T16:51:59.349Z - debug:  
2020-02-12T16:53:12.842Z - info: Pages built
2020-02-12T16:53:41.618Z - info: Website generation complete! Total build time: 238.117s
2020-02-12T16:53:41.619Z - info: Build success!
2020-02-12T16:53:41.635Z - info: Site data built
2020-02-12T16:54:23.811Z - info: Deployed!
