2020-01-05T16:09:20.505Z - info: [00:09:20] Reload for file change: C:\repos\nus-cs2113-AY1920S2\cs2113-website\admin\ip-tasks.mbdf
2020-01-05T16:09:21.534Z - info: Rebuilding affected source files
2020-01-05T16:09:21.542Z - info: Rebuilding 20 pages
2020-01-05T16:10:03.142Z - info: Website generation started at 00:09:57
2020-01-05T16:10:11.536Z - info: Building assets...
2020-01-05T16:10:16.360Z - info: Assets built
2020-01-05T16:10:16.360Z - info: Generating pages...
2020-01-05T16:10:25.578Z - info: Pages built
2020-01-05T16:10:25.906Z - info: Website generation complete! Total build time: 28.269s
2020-01-05T16:10:26.259Z - info: Serving "C:\repos\nus-cs2113-AY1920S2\cs2113-website\_site" at http://127.0.0.1:8080
2020-01-05T16:10:26.259Z - info: Press CTRL+C to stop ...
2020-01-05T16:10:26.311Z - info: Site data built
2020-01-05T16:11:20.849Z - info: [00:11:20] Reload for file change: C:\repos\nus-cs2113-AY1920S2\cs2113-website\admin\ip-tasks.mbdf
2020-01-05T16:11:21.864Z - info: Rebuilding affected source files
2020-01-05T16:11:21.868Z - info: Rebuilding 1 pages
2020-01-05T16:11:31.091Z - info: Pages rebuilt
2020-01-05T16:11:31.100Z - info: Site data built
2020-01-05T16:11:41.052Z - info: [00:11:41] Reload for file change: C:\repos\nus-cs2113-AY1920S2\cs2113-website\admin\ip-tasks.mbdf
2020-01-05T16:11:42.058Z - info: Rebuilding affected source files
2020-01-05T16:11:42.062Z - info: Rebuilding 1 pages
2020-01-05T16:11:51.068Z - info: Pages rebuilt
2020-01-05T16:11:51.084Z - info: Site data built
2020-01-05T16:17:11.924Z - info: Website generation started at 00:17:07
2020-01-05T16:17:20.898Z - info: Building assets...
2020-01-05T16:17:26.995Z - info: Assets built
2020-01-05T16:17:26.995Z - info: Generating pages...
2020-01-05T16:17:31.113Z - info: Pages built
2020-01-05T16:17:31.552Z - info: Website generation complete! Total build time: 23.653s
2020-01-05T16:17:31.936Z - info: Serving "C:\repos\nus-cs2113-AY1920S2\cs2113-website\_site" at http://127.0.0.1:8080
2020-01-05T16:17:31.936Z - info: Press CTRL+C to stop ...
2020-01-05T16:17:32.016Z - info: Site data built
2020-01-05T16:19:42.946Z - info: [00:19:42] Reload for file change: C:\repos\nus-cs2113-AY1920S2\cs2113-website\schedule\week8\project-cs2113.mbdf
2020-01-05T16:19:43.955Z - info: Rebuilding affected source files
2020-01-05T16:19:43.955Z - info: Rebuilding 1 pages
2020-01-05T16:19:48.080Z - info: Pages rebuilt
2020-01-05T16:19:48.092Z - info: Site data built
2020-01-05T16:19:57.476Z - info: [00:19:57] Reload for file change: C:\repos\nus-cs2113-AY1920S2\cs2113-website\schedule\week8\project-cs2113.mbdf
2020-01-05T16:19:58.482Z - info: Rebuilding affected source files
2020-01-05T16:19:58.482Z - info: Rebuilding 1 pages
2020-01-05T16:20:02.676Z - info: Pages rebuilt
2020-01-05T16:20:02.684Z - info: Site data built
2020-01-06T14:04:51.263Z - info: Website generation started at 22:04:46
2020-01-06T14:04:57.930Z - info: Building assets...
2020-01-06T14:05:02.731Z - info: Assets built
2020-01-06T14:05:02.731Z - info: Generating pages...
2020-01-06T14:07:04.021Z - debug: The process cannot access the file because it is being used by another process.

2020-01-06T14:07:04.022Z - debug: The process cannot access the file because it is being used by another process.

2020-01-06T14:07:04.023Z - debug: The process cannot access the file because it is being used by another process.

2020-01-06T14:07:04.023Z - debug: The process cannot access the file because it is being used by another process.

2020-01-06T14:07:04.024Z - debug: The process cannot access the file because it is being used by another process.

2020-01-06T14:07:05.541Z - debug: The process cannot access the file because it is being used by another process.

2020-01-06T14:07:05.541Z - debug: The process cannot access the file because it is being used by another process.

2020-01-06T14:07:05.541Z - debug: The process cannot access the file because it is being used by another process.

2020-01-06T14:07:05.541Z - debug: The process cannot access the file because it is being used by another process.

2020-01-06T14:07:06.202Z - debug: The process cannot access the file because it is being used by another process.

2020-01-06T14:08:05.634Z - debug:  
2020-01-06T14:08:05.634Z - debug:  
2020-01-06T14:08:05.634Z - debug:  
2020-01-06T14:08:06.419Z - debug:  
2020-01-06T14:08:34.900Z - info: Pages built
2020-01-06T14:09:09.859Z - info: Website generation complete! Total build time: 263.222s
2020-01-06T14:09:10.206Z - info: Serving "C:\repos\nus-cs2113-AY1920S2\cs2113-website\_site" at http://127.0.0.1:8080
2020-01-06T14:09:10.206Z - info: Press CTRL+C to stop ...
2020-01-06T14:09:10.268Z - info: Site data built
2020-01-06T14:09:10.592Z - info: [22:09:10] Reload for file change: C:\repos\nus-cs2113-AY1920S2\cs2113-website\admin\exams.md
2020-01-06T14:09:11.707Z - info: Rebuilding affected source files
2020-01-06T14:09:11.711Z - info: Rebuilding 2 pages
2020-01-06T14:09:15.872Z - debug:  
2020-01-06T14:09:20.133Z - info: Pages rebuilt
2020-01-06T14:09:20.373Z - info: Site data built
2020-01-06T14:24:45.096Z - info: [22:24:45] Reload for file change: C:\repos\nus-cs2113-AY1920S2\cs2113-website\admin\participation.md
2020-01-06T14:24:46.125Z - info: Rebuilding affected source files
2020-01-06T14:24:46.156Z - info: Rebuilding 2 pages
2020-01-06T14:24:48.901Z - debug:  
2020-01-06T14:24:49.217Z - info: Pages rebuilt
2020-01-06T14:24:49.237Z - info: Site data built
2020-01-06T14:25:00.234Z - info: [22:25:00] Reload for file change: C:\repos\nus-cs2113-AY1920S2\cs2113-website\admin\participation.md
2020-01-06T14:25:01.238Z - info: Rebuilding affected source files
2020-01-06T14:25:01.242Z - info: Rebuilding 2 pages
2020-01-06T14:25:03.426Z - debug:  
2020-01-06T14:25:03.626Z - info: Pages rebuilt
2020-01-06T14:25:03.630Z - info: Site data built
2020-01-06T14:29:24.062Z - info: [22:29:24] Reload for file change: C:\repos\nus-cs2113-AY1920S2\cs2113-website\admin\participation.md
2020-01-06T14:29:25.076Z - info: Rebuilding affected source files
2020-01-06T14:29:25.076Z - info: Rebuilding 2 pages
2020-01-06T14:29:27.468Z - info: Pages rebuilt
2020-01-06T14:29:27.488Z - debug:  
2020-01-06T14:29:27.496Z - info: Site data built
2020-01-06T14:30:42.889Z - info: [22:30:42] Reload for file change: C:\repos\nus-cs2113-AY1920S2\cs2113-website\admin\participation.md
2020-01-06T14:30:43.893Z - info: Rebuilding affected source files
2020-01-06T14:30:43.893Z - info: Rebuilding 2 pages
2020-01-06T14:30:46.033Z - info: Pages rebuilt
2020-01-06T14:30:46.045Z - debug:  
2020-01-06T14:30:46.049Z - info: Site data built
2020-01-06T14:31:57.657Z - info: [22:31:57] Reload for file change: C:\repos\nus-cs2113-AY1920S2\cs2113-website\admin\participation.md
2020-01-06T14:31:58.666Z - info: Rebuilding affected source files
2020-01-06T14:31:58.666Z - info: Rebuilding 2 pages
2020-01-06T14:32:00.690Z - info: Pages rebuilt
2020-01-06T14:32:00.698Z - debug:  
2020-01-06T14:32:00.702Z - info: Site data built
2020-01-06T14:38:56.221Z - info: [22:38:56] Reload for file change: C:\repos\nus-cs2113-AY1920S2\cs2113-website\admin\participation.md
2020-01-06T14:38:57.242Z - info: Rebuilding affected source files
2020-01-06T14:38:57.250Z - info: Rebuilding 2 pages
2020-01-06T14:38:59.427Z - debug:  
2020-01-06T14:38:59.619Z - info: Pages rebuilt
2020-01-06T14:38:59.646Z - info: Site data built
2020-01-06T14:39:33.620Z - info: [22:39:33] Reload for file change: C:\repos\nus-cs2113-AY1920S2\cs2113-website\admin\participation.md
2020-01-06T14:39:34.637Z - info: Rebuilding affected source files
2020-01-06T14:39:34.637Z - info: Rebuilding 2 pages
2020-01-06T14:39:36.584Z - info: Pages rebuilt
2020-01-06T14:39:36.588Z - debug:  
2020-01-06T14:39:36.592Z - info: Site data built
2020-01-06T14:39:54.547Z - info: [22:39:54] Reload for file change: C:\repos\nus-cs2113-AY1920S2\cs2113-website\admin\participation.md
2020-01-06T14:39:55.560Z - info: Rebuilding affected source files
2020-01-06T14:39:55.560Z - info: Rebuilding 2 pages
2020-01-06T14:39:57.442Z - info: Pages rebuilt
2020-01-06T14:39:57.454Z - debug:  
2020-01-06T14:39:57.458Z - info: Site data built
2020-01-06T14:40:54.785Z - info: [22:40:54] Reload for file change: C:\repos\nus-cs2113-AY1920S2\cs2113-website\admin\participation.md
2020-01-06T14:40:55.794Z - info: Rebuilding affected source files
2020-01-06T14:40:55.794Z - info: Rebuilding 2 pages
2020-01-06T14:40:57.944Z - debug:  
2020-01-06T14:40:58.293Z - info: Pages rebuilt
2020-01-06T14:40:58.312Z - info: Site data built
2020-01-06T14:43:00.963Z - info: [22:43:00] Reload for file change: C:\repos\nus-cs2113-AY1920S2\cs2113-website\admin\images\grade-breakdown.puml
2020-01-06T14:43:01.984Z - info: Assets built
2020-01-06T14:46:44.673Z - info: [22:46:44] Reload for file change: C:\repos\nus-cs2113-AY1920S2\cs2113-website\admin\policies.mbdf
2020-01-06T14:46:45.679Z - info: Rebuilding affected source files
2020-01-06T14:46:45.683Z - info: Rebuilding 4 pages
2020-01-06T14:46:50.384Z - info: Pages rebuilt
2020-01-06T14:46:50.392Z - info: Site data built
2020-01-06T14:51:46.542Z - info: [22:51:46] Reload for file change: C:\repos\nus-cs2113-AY1920S2\cs2113-website\common\admin.njk
2020-01-06T14:51:47.567Z - info: Assets built
2020-01-06T14:52:57.895Z - info: [22:52:57] Reload for file change: C:\repos\nus-cs2113-AY1920S2\cs2113-website\admin\faq.mbdf
2020-01-06T14:52:58.923Z - info: Rebuilding affected source files
2020-01-06T14:52:58.925Z - info: Rebuilding 2 pages
2020-01-06T14:52:59.308Z - error:  Error: No such segment 'admin-faq-fromScratch' in file: C:\repos\nus-cs2113-AY1920S2\cs2113-website\admin\faq.mbdf
Missing reference in C:\repos\nus-cs2113-AY1920S2\cs2113-website\admin\appendixC-faq.md
    at Parser._preprocess (C:\Users\damithch\AppData\Roaming\npm\node_modules\markbind-cli\src\lib\markbind\src\parser.js:439:25)
    at element.children.element.children.map.e (C:\Users\damithch\AppData\Roaming\npm\node_modules\markbind-cli\src\lib\markbind\src\parser.js:505:57)
    at Array.map (<anonymous>)
    at Parser._preprocess (C:\Users\damithch\AppData\Roaming\npm\node_modules\markbind-cli\src\lib\markbind\src\parser.js:505:43)
    at element.children.element.children.map.e (C:\Users\damithch\AppData\Roaming\npm\node_modules\markbind-cli\src\lib\markbind\src\parser.js:505:57)
    at Array.map (<anonymous>)
    at Parser._preprocess (C:\Users\damithch\AppData\Roaming\npm\node_modules\markbind-cli\src\lib\markbind\src\parser.js:505:43)
    at element.children.element.children.map.e (C:\Users\damithch\AppData\Roaming\npm\node_modules\markbind-cli\src\lib\markbind\src\parser.js:505:57)
    at Array.map (<anonymous>)
    at Parser._preprocess (C:\Users\damithch\AppData\Roaming\npm\node_modules\markbind-cli\src\lib\markbind\src\parser.js:505:43)
    at element.children.element.children.map.e (C:\Users\damithch\AppData\Roaming\npm\node_modules\markbind-cli\src\lib\markbind\src\parser.js:505:57)
    at Array.map (<anonymous>)
    at Parser._preprocess (C:\Users\damithch\AppData\Roaming\npm\node_modules\markbind-cli\src\lib\markbind\src\parser.js:505:43)
    at element.children.element.children.map.e (C:\Users\damithch\AppData\Roaming\npm\node_modules\markbind-cli\src\lib\markbind\src\parser.js:505:57)
    at Array.map (<anonymous>)
    at Parser._preprocess (C:\Users\damithch\AppData\Roaming\npm\node_modules\markbind-cli\src\lib\markbind\src\parser.js:505:43)
2020-01-06T14:53:00.346Z - error:  Error: No such segment 'admin-faq-fromScratch' in file: C:\repos\nus-cs2113-AY1920S2\cs2113-website\admin\faq.mbdf
Missing reference in C:\repos\nus-cs2113-AY1920S2\cs2113-website\admin\appendixC-faq.md
    at Parser._preprocess (C:\Users\damithch\AppData\Roaming\npm\node_modules\markbind-cli\src\lib\markbind\src\parser.js:439:25)
    at element.children.element.children.map.e (C:\Users\damithch\AppData\Roaming\npm\node_modules\markbind-cli\src\lib\markbind\src\parser.js:505:57)
    at Array.map (<anonymous>)
    at Parser._preprocess (C:\Users\damithch\AppData\Roaming\npm\node_modules\markbind-cli\src\lib\markbind\src\parser.js:505:43)
    at element.children.element.children.map.e (C:\Users\damithch\AppData\Roaming\npm\node_modules\markbind-cli\src\lib\markbind\src\parser.js:505:57)
    at Array.map (<anonymous>)
    at Parser._preprocess (C:\Users\damithch\AppData\Roaming\npm\node_modules\markbind-cli\src\lib\markbind\src\parser.js:505:43)
    at element.children.element.children.map.e (C:\Users\damithch\AppData\Roaming\npm\node_modules\markbind-cli\src\lib\markbind\src\parser.js:505:57)
    at Array.map (<anonymous>)
    at Parser._preprocess (C:\Users\damithch\AppData\Roaming\npm\node_modules\markbind-cli\src\lib\markbind\src\parser.js:505:43)
    at element.children.element.children.map.e (C:\Users\damithch\AppData\Roaming\npm\node_modules\markbind-cli\src\lib\markbind\src\parser.js:505:57)
    at Array.map (<anonymous>)
    at Parser._preprocess (C:\Users\damithch\AppData\Roaming\npm\node_modules\markbind-cli\src\lib\markbind\src\parser.js:505:43)
    at element.children.element.children.map.e (C:\Users\damithch\AppData\Roaming\npm\node_modules\markbind-cli\src\lib\markbind\src\parser.js:505:57)
    at Array.map (<anonymous>)
    at Parser._preprocess (C:\Users\damithch\AppData\Roaming\npm\node_modules\markbind-cli\src\lib\markbind\src\parser.js:505:43)
2020-01-06T14:53:00.529Z - info: Pages rebuilt
2020-01-06T14:53:00.540Z - info: Site data built
2020-01-06T14:54:55.549Z - info: [22:54:55] Reload for file change: C:\repos\nus-cs2113-AY1920S2\cs2113-website\admin\appendixF-teamworkIssues.md
2020-01-06T14:54:56.555Z - info: Rebuilding affected source files
2020-01-06T14:54:56.560Z - info: Rebuilding 1 pages
2020-01-06T14:54:56.847Z - info: Pages rebuilt
2020-01-06T14:54:56.852Z - info: Site data built
2020-01-06T15:09:43.972Z - info: Website generation started at 23:09:37
2020-01-06T15:09:49.439Z - info: Building assets...
2020-01-06T15:09:53.989Z - info: Assets built
2020-01-06T15:09:53.989Z - info: Generating pages...
2020-01-06T15:09:55.849Z - info: Pages built
2020-01-06T15:09:56.137Z - info: Website generation complete! Total build time: 19.079s
2020-01-06T15:09:56.481Z - info: Serving "C:\repos\nus-cs2113-AY1920S2\cs2113-website\_site" at http://127.0.0.1:8080
2020-01-06T15:09:56.481Z - info: Press CTRL+C to stop ...
2020-01-06T15:09:56.570Z - info: Site data built
2020-01-06T15:10:53.315Z - info: [23:10:53] Reload for file change: C:\repos\nus-cs2113-AY1920S2\cs2113-website\admin\admin-tasks.mbdf
2020-01-06T15:10:54.319Z - info: Rebuilding affected source files
2020-01-06T15:10:54.319Z - info: Rebuilding 1 pages
2020-01-06T15:10:56.246Z - info: Pages rebuilt
2020-01-06T15:10:56.258Z - info: Site data built
2020-01-06T15:11:34.723Z - info: Website generation started at 23:11:28
2020-01-06T15:11:43.317Z - info: Building assets...
2020-01-06T15:11:49.485Z - info: Assets built
2020-01-06T15:11:49.485Z - info: Generating pages...
2020-01-06T15:11:51.586Z - info: Pages built
2020-01-06T15:11:51.858Z - info: Website generation complete! Total build time: 23.793s
2020-01-06T15:11:52.223Z - info: Serving "C:\repos\nus-cs2113-AY1920S2\cs2113-website\_site" at http://127.0.0.1:8080
2020-01-06T15:11:52.223Z - info: Press CTRL+C to stop ...
2020-01-06T15:11:52.372Z - info: Site data built
2020-01-06T15:12:15.065Z - info: [23:12:15] Reload for file change: C:\repos\nus-cs2113-AY1920S2\cs2113-website\admin\admin-tasks.mbdf
2020-01-06T15:12:16.076Z - info: Rebuilding affected source files
2020-01-06T15:12:16.079Z - info: Rebuilding 1 pages
2020-01-06T15:12:17.921Z - info: Pages rebuilt
2020-01-06T15:12:17.929Z - info: Site data built
2020-01-06T15:14:58.881Z - info: [23:14:58] Reload for file change: C:\repos\nus-cs2113-AY1920S2\cs2113-website\admin\admin-tasks.mbdf
2020-01-06T15:14:59.887Z - info: Rebuilding affected source files
2020-01-06T15:14:59.887Z - info: Rebuilding 1 pages
2020-01-06T15:15:02.103Z - info: Pages rebuilt
2020-01-06T15:15:02.119Z - info: Site data built
2020-01-06T15:15:18.329Z - info: Website generation started at 23:15:14
2020-01-06T15:15:24.766Z - info: Building assets...
2020-01-06T15:15:29.783Z - info: Assets built
2020-01-06T15:15:29.783Z - info: Generating pages...
2020-01-06T15:15:32.409Z - debug:  
2020-01-06T15:15:33.122Z - info: Pages built
2020-01-06T15:15:33.694Z - info: Website generation complete! Total build time: 18.967s
2020-01-06T15:15:34.167Z - info: Serving "C:\repos\nus-cs2113-AY1920S2\cs2113-website\_site" at http://127.0.0.1:8080
2020-01-06T15:15:34.167Z - info: Press CTRL+C to stop ...
2020-01-06T15:15:34.256Z - info: Site data built
2020-01-06T15:17:15.458Z - info: Website generation started at 23:17:11
2020-01-06T15:17:24.919Z - info: Building assets...
2020-01-06T15:17:31.146Z - info: Assets built
2020-01-06T15:17:31.146Z - info: Generating pages...
2020-01-06T15:19:39.095Z - debug: The process cannot access the file because it is being used by another process.

2020-01-06T15:19:39.095Z - debug: The process cannot access the file because it is being used by another process.

2020-01-06T15:19:39.099Z - debug: The process cannot access the file because it is being used by another process.

2020-01-06T15:19:40.431Z - debug: The process cannot access the file because it is being used by another process.

2020-01-06T15:19:40.431Z - debug: The process cannot access the file because it is being used by another process.

2020-01-06T15:19:40.431Z - debug: The process cannot access the file because it is being used by another process.

2020-01-06T15:19:40.431Z - debug: The process cannot access the file because it is being used by another process.

2020-01-06T15:19:40.431Z - debug: The process cannot access the file because it is being used by another process.

2020-01-06T15:19:40.431Z - debug: The process cannot access the file because it is being used by another process.

2020-01-06T15:19:40.435Z - debug: The process cannot access the file because it is being used by another process.

2020-01-06T15:19:40.668Z - debug: The process cannot access the file because it is being used by another process.

2020-01-06T15:19:54.735Z - debug:  
2020-01-06T15:19:54.735Z - debug:  
2020-01-06T15:19:54.735Z - debug:  
2020-01-06T15:19:54.739Z - debug:  
2020-01-06T15:21:15.844Z - info: Pages built
2020-01-06T15:21:49.857Z - info: Website generation complete! Total build time: 277.878s
2020-01-06T15:21:50.307Z - info: Serving "C:\repos\nus-cs2113-AY1920S2\cs2113-website\_site" at http://127.0.0.1:8080
2020-01-06T15:21:50.307Z - info: Press CTRL+C to stop ...
2020-01-06T15:21:50.359Z - info: Site data built
2020-01-06T15:22:47.076Z - info: [23:22:47] Reload for file change: C:\repos\nus-cs2113-AY1920S2\cs2113-website\_markbind\headers\header.md
2020-01-06T15:22:48.093Z - info: Rebuilding affected source files
2020-01-06T15:22:48.161Z - info: Rebuilding 152 pages
2020-01-06T15:23:55.816Z - info: [23:23:55] Reload for file change: C:\repos\nus-cs2113-AY1920S2\cs2113-website\_markbind\headers\header.md
2020-01-06T15:23:56.137Z - debug: The process cannot access the file because it is being used by another process.

2020-01-06T15:23:56.145Z - debug: The process cannot access the file because it is being used by another process.

2020-01-06T15:23:58.827Z - debug:  
2020-01-06T15:24:11.013Z - debug:  
2020-01-06T15:25:18.273Z - info: Pages rebuilt
2020-01-06T15:25:18.338Z - info: Site data built
2020-01-06T15:25:18.970Z - info: Rebuilding affected source files
2020-01-06T15:25:19.010Z - info: Rebuilding 152 pages
2020-01-06T15:26:34.661Z - debug: The process cannot access the file because it is being used by another process.

2020-01-06T15:26:34.661Z - debug: The process cannot access the file because it is being used by another process.

2020-01-06T15:27:21.824Z - debug:  
2020-01-06T15:27:21.824Z - debug:  
2020-01-06T15:27:52.346Z - info: Pages rebuilt
2020-01-06T15:27:52.382Z - info: Site data built
2020-01-06T15:30:58.931Z - info: [23:30:58] Reload for file change: C:\repos\nus-cs2113-AY1920S2\cs2113-website\_markbind\variables.md
2020-01-06T15:30:59.946Z - info: Rebuilding affected source files
2020-01-06T15:31:00.143Z - warn: Rebuilding all pages as variables file was changed, or the --force-reload flag was set
2020-01-06T15:31:00.339Z - info: Rebuilding 768 pages
2020-01-06T15:33:01.932Z - debug: The process cannot access the file because it is being used by another process.

2020-01-06T15:33:01.932Z - debug: The process cannot access the file because it is being used by another process.

2020-01-06T15:33:01.932Z - debug: The process cannot access the file because it is being used by another process.

2020-01-06T15:33:01.932Z - debug: The process cannot access the file because it is being used by another process.

2020-01-06T15:33:01.932Z - debug: The process cannot access the file because it is being used by another process.

2020-01-06T15:33:01.932Z - debug: The process cannot access the file because it is being used by another process.

2020-01-06T15:33:01.932Z - debug: The process cannot access the file because it is being used by another process.

2020-01-06T15:33:01.936Z - debug: The process cannot access the file because it is being used by another process.

2020-01-06T15:33:01.936Z - debug: The process cannot access the file because it is being used by another process.

2020-01-06T15:33:01.936Z - debug: The process cannot access the file because it is being used by another process.

2020-01-06T15:33:02.590Z - debug: The process cannot access the file because it is being used by another process.

2020-01-06T15:33:09.329Z - debug:  
2020-01-06T15:33:09.345Z - debug:  
2020-01-06T15:33:09.345Z - debug:  
2020-01-06T15:33:09.345Z - debug:  
2020-01-06T15:35:10.488Z - info: Pages rebuilt
2020-01-06T15:35:10.518Z - info: Site data built
2020-01-06T15:38:06.160Z - info: [23:38:06] Reload for file change: C:\repos\nus-cs2113-AY1920S2\cs2113-website\book\specifyingRequirements\useCases\introduction\text.md
2020-01-06T15:38:07.168Z - info: Rebuilding affected source files
2020-01-06T15:38:07.168Z - info: Rebuilding 11 pages
2020-01-06T15:38:25.135Z - debug:  
2020-01-06T15:38:32.526Z - info: Pages rebuilt
2020-01-06T15:38:32.538Z - info: Site data built
2020-01-06T15:39:39.973Z - info: [23:39:39] Reload for file change: C:\repos\nus-cs2113-AY1920S2\cs2113-website\book\specifyingRequirements\useCases\details\extensions.md
2020-01-06T15:39:39.981Z - info: [23:39:39] Reload for file change: C:\repos\nus-cs2113-AY1920S2\cs2113-website\book\specifyingRequirements\useCases\introduction\text.md
2020-01-06T15:39:40.974Z - info: Rebuilding affected source files
2020-01-06T15:39:40.983Z - info: Rebuilding 11 pages
2020-01-06T15:40:00.015Z - debug:  
2020-01-06T15:40:08.091Z - info: Pages rebuilt
2020-01-06T15:40:08.113Z - info: Site data built
2020-01-06T15:41:09.703Z - info: [23:41:09] Reload for file change: C:\repos\nus-cs2113-AY1920S2\cs2113-website\book\specifyingRequirements\useCases\introduction\text.md
2020-01-06T15:41:10.721Z - info: Rebuilding affected source files
2020-01-06T15:41:10.721Z - info: Rebuilding 11 pages
2020-01-06T15:41:28.053Z - debug:  
2020-01-06T15:41:38.133Z - info: Pages rebuilt
2020-01-06T15:41:38.147Z - info: Site data built
2020-01-06T15:47:29.956Z - info: [23:47:29] Reload for file change: C:\repos\nus-cs2113-AY1920S2\cs2113-website\book\projectDuke\text.md
2020-01-06T15:47:30.957Z - info: Rebuilding affected source files
2020-01-06T15:47:30.964Z - info: Rebuilding 15 pages
2020-01-06T15:47:48.275Z - info: Pages rebuilt
2020-01-06T15:47:48.283Z - info: Site data built
2020-01-06T15:48:22.284Z - info: [23:48:22] Reload for file change: C:\repos\nus-cs2113-AY1920S2\cs2113-website\book\projectDuke\text.md
2020-01-06T15:48:23.285Z - info: Rebuilding affected source files
2020-01-06T15:48:23.294Z - info: Rebuilding 15 pages
2020-01-06T15:48:40.275Z - info: Pages rebuilt
2020-01-06T15:48:40.290Z - info: Site data built
2020-01-06T15:53:43.441Z - info: [23:53:43] Reload for file change: C:\repos\nus-cs2113-AY1920S2\cs2113-website\book\projectDuke\text.md
2020-01-06T15:53:44.444Z - info: Rebuilding affected source files
2020-01-06T15:53:44.455Z - info: Rebuilding 15 pages
2020-01-06T15:54:02.554Z - info: Pages rebuilt
2020-01-06T15:54:02.564Z - info: Site data built
2020-01-06T15:56:20.093Z - info: [23:56:20] Reload for file change: C:\repos\nus-cs2113-AY1920S2\cs2113-website\book\projectDuke\text.md
2020-01-06T15:56:21.095Z - info: Rebuilding affected source files
2020-01-06T15:56:21.098Z - info: Rebuilding 15 pages
2020-01-06T15:56:38.293Z - info: Pages rebuilt
2020-01-06T15:56:38.311Z - info: Site data built
