2020-04-04T04:42:40.488Z - info: Website generation (lazy) started at 12:42:31 PM
2020-04-04T04:42:46.955Z - info: Building assets...
2020-04-04T04:42:51.510Z - info: Assets built
2020-04-04T04:42:51.512Z - info: Generating landing page...
2020-04-04T04:42:52.917Z - info: Landing page built, other pages will be built as you navigate to them!
2020-04-04T04:42:53.015Z - info: Website generation (lazy) complete! Total build time: 21.408s
2020-04-04T04:42:53.839Z - info: Serving "C:\repos\nus-cs2113-AY1920S2\cs2113-website\_site" at http://127.0.0.1:8080
2020-04-04T04:42:53.839Z - info: Press CTRL+C to stop ...
2020-04-04T04:42:53.899Z - info: Site data built
2020-04-04T04:47:19.624Z - info: [12:47:19 PM] Reload for file change: C:\repos\nus-cs2113-AY1920S2\cs2113-website\admin\tp-deliverables-demo.mbdf
2020-04-04T04:47:20.663Z - info: Rebuilding affected source files
2020-04-04T04:47:20.665Z - info: Rebuilding 0 pages
2020-04-04T04:47:20.667Z - info: Pages rebuilt
2020-04-04T04:47:20.667Z - info: Website regeneration complete! Total build time: 0.004s
2020-04-04T04:47:20.674Z - info: Site data built
2020-04-04T04:47:41.576Z - info: Building C:\repos\nus-cs2113-AY1920S2\cs2113-website\admin\index as some of its dependencies were changed since the last visit
2020-04-04T04:47:42.622Z - info: Site data built
2020-04-04T04:47:42.622Z - info: Lazy website regeneration complete! Total build time: 1.047s
2020-04-04T04:48:02.670Z - info: Building C:\repos\nus-cs2113-AY1920S2\cs2113-website\admin\tp-deliverables as some of its dependencies were changed since the last visit
2020-04-04T04:48:04.694Z - info: Site data built
2020-04-04T04:48:04.694Z - info: Lazy website regeneration complete! Total build time: 2.024s
2020-04-04T04:52:09.380Z - info: [12:52:09 PM] Reload for file change: C:\repos\nus-cs2113-AY1920S2\cs2113-website\admin\tp-deliverables-demo.mbdf
2020-04-04T04:52:10.384Z - info: Rebuilding affected source files
2020-04-04T04:52:10.388Z - info: Rebuilding 1 pages
2020-04-04T04:52:12.791Z - info: Pages rebuilt
2020-04-04T04:52:12.792Z - info: Website regeneration complete! Total build time: 2.408s
2020-04-04T04:52:12.833Z - info: Site data built
2020-04-04T04:53:35.067Z - info: [12:53:35 PM] Reload for file change: C:\repos\nus-cs2113-AY1920S2\cs2113-website\admin\tp-deliverables-demo.mbdf
2020-04-04T04:53:36.080Z - info: Rebuilding affected source files
2020-04-04T04:53:36.085Z - info: Rebuilding 1 pages
2020-04-04T04:53:38.150Z - info: Pages rebuilt
2020-04-04T04:53:38.151Z - info: Website regeneration complete! Total build time: 2.07s
2020-04-04T04:53:38.195Z - info: Site data built
2020-04-04T04:54:09.883Z - info: [12:54:09 PM] Reload for file change: C:\repos\nus-cs2113-AY1920S2\cs2113-website\admin\tp-deliverables-demo.mbdf
2020-04-04T04:54:10.891Z - info: Rebuilding affected source files
2020-04-04T04:54:10.896Z - info: Rebuilding 1 pages
2020-04-04T04:54:12.972Z - info: Pages rebuilt
2020-04-04T04:54:12.972Z - info: Website regeneration complete! Total build time: 2.08s
2020-04-04T04:54:12.977Z - info: Site data built
2020-04-04T04:55:34.359Z - info: [12:55:34 PM] Reload for file change: C:\repos\nus-cs2113-AY1920S2\cs2113-website\admin\tp-deliverables-demo.mbdf
2020-04-04T04:55:35.366Z - info: Rebuilding affected source files
2020-04-04T04:55:35.370Z - info: Rebuilding 1 pages
2020-04-04T04:55:37.501Z - info: Pages rebuilt
2020-04-04T04:55:37.501Z - info: Website regeneration complete! Total build time: 2.135s
2020-04-04T04:55:37.541Z - info: Site data built
2020-04-04T04:57:26.773Z - info: [12:57:26 PM] Reload for file change: C:\repos\nus-cs2113-AY1920S2\cs2113-website\admin\tp-deliverables-demo.mbdf
2020-04-04T04:57:27.789Z - info: Rebuilding affected source files
2020-04-04T04:57:27.801Z - info: Rebuilding 1 pages
2020-04-04T04:57:29.858Z - info: Pages rebuilt
2020-04-04T04:57:29.858Z - info: Website regeneration complete! Total build time: 2.068s
2020-04-04T04:57:29.913Z - info: Site data built
2020-04-04T04:58:08.028Z - info: [12:58:08 PM] Reload for file change: C:\repos\nus-cs2113-AY1920S2\cs2113-website\admin\tp-deliverables-demo.mbdf
2020-04-04T04:58:09.039Z - info: Rebuilding affected source files
2020-04-04T04:58:09.044Z - info: Rebuilding 1 pages
2020-04-04T04:58:11.429Z - info: Pages rebuilt
2020-04-04T04:58:11.429Z - info: Website regeneration complete! Total build time: 2.39s
2020-04-04T04:58:11.461Z - info: Site data built
2020-04-04T04:58:36.837Z - info: [12:58:36 PM] Reload for file change: C:\repos\nus-cs2113-AY1920S2\cs2113-website\admin\tp-deliverables-demo.mbdf
2020-04-04T04:58:37.843Z - info: Rebuilding affected source files
2020-04-04T04:58:37.847Z - info: Rebuilding 1 pages
2020-04-04T04:58:40.211Z - info: Pages rebuilt
2020-04-04T04:58:40.211Z - info: Website regeneration complete! Total build time: 2.367s
2020-04-04T04:58:40.265Z - info: Site data built
2020-04-04T04:59:10.156Z - info: [12:59:10 PM] Reload for file change: C:\repos\nus-cs2113-AY1920S2\cs2113-website\admin\tp-deliverables-demo.mbdf
2020-04-04T04:59:11.159Z - info: Rebuilding affected source files
2020-04-04T04:59:11.163Z - info: Rebuilding 1 pages
2020-04-04T04:59:13.381Z - info: Pages rebuilt
2020-04-04T04:59:13.382Z - info: Website regeneration complete! Total build time: 2.222s
2020-04-04T04:59:13.388Z - info: Site data built
2020-04-04T04:59:46.392Z - info: [12:59:46 PM] Reload for file change: C:\repos\nus-cs2113-AY1920S2\cs2113-website\admin\tp-deliverables-demo.mbdf
2020-04-04T04:59:47.400Z - info: Rebuilding affected source files
2020-04-04T04:59:47.405Z - info: Rebuilding 1 pages
2020-04-04T04:59:49.364Z - info: Pages rebuilt
2020-04-04T04:59:49.365Z - info: Website regeneration complete! Total build time: 1.964s
2020-04-04T04:59:49.407Z - info: Site data built
2020-04-04T05:00:44.055Z - info: [1:00:44 PM] Reload for file change: C:\repos\nus-cs2113-AY1920S2\cs2113-website\admin\tp-deliverables-demo.mbdf
2020-04-04T05:00:45.059Z - info: Rebuilding affected source files
2020-04-04T05:00:45.062Z - info: Rebuilding 1 pages
2020-04-04T05:00:47.259Z - info: Pages rebuilt
2020-04-04T05:00:47.259Z - info: Website regeneration complete! Total build time: 2.2s
2020-04-04T05:00:47.302Z - info: Site data built
2020-04-04T05:02:21.259Z - info: [1:02:21 PM] Reload for file change: C:\repos\nus-cs2113-AY1920S2\cs2113-website\admin\tp-deliverables-demo.mbdf
2020-04-04T05:02:22.265Z - info: Rebuilding affected source files
2020-04-04T05:02:22.276Z - info: Rebuilding 1 pages
2020-04-04T05:02:24.583Z - info: Pages rebuilt
2020-04-04T05:02:24.583Z - info: Website regeneration complete! Total build time: 2.317s
2020-04-04T05:02:24.626Z - info: Site data built
2020-04-04T05:03:07.656Z - info: [1:03:07 PM] Reload for file change: C:\repos\nus-cs2113-AY1920S2\cs2113-website\admin\tp-deliverables-demo.mbdf
2020-04-04T05:03:08.687Z - info: Rebuilding affected source files
2020-04-04T05:03:08.696Z - info: Rebuilding 1 pages
2020-04-04T05:03:10.882Z - info: Pages rebuilt
2020-04-04T05:03:10.883Z - info: Website regeneration complete! Total build time: 2.195s
2020-04-04T05:03:10.934Z - info: Site data built
2020-04-04T05:03:36.361Z - info: [1:03:36 PM] Reload for file change: C:\repos\nus-cs2113-AY1920S2\cs2113-website\admin\tp-deliverables-demo.mbdf
2020-04-04T05:03:37.367Z - info: Rebuilding affected source files
2020-04-04T05:03:37.371Z - info: Rebuilding 1 pages
2020-04-04T05:03:39.567Z - info: Pages rebuilt
2020-04-04T05:03:39.567Z - info: Website regeneration complete! Total build time: 2.199s
2020-04-04T05:03:39.572Z - info: Site data built
2020-04-04T05:05:29.400Z - info: [1:05:29 PM] Reload for file change: C:\repos\nus-cs2113-AY1920S2\cs2113-website\admin\tp-deliverables-demo.mbdf
2020-04-04T05:05:30.404Z - info: Rebuilding affected source files
2020-04-04T05:05:30.408Z - info: Rebuilding 1 pages
2020-04-04T05:05:32.462Z - info: Pages rebuilt
2020-04-04T05:05:32.462Z - info: Website regeneration complete! Total build time: 2.058s
2020-04-04T05:05:32.468Z - info: Site data built
2020-04-04T05:08:42.076Z - info: Website generation started at 1:08:38 PM
2020-04-04T05:08:46.783Z - info: Building assets...
2020-04-04T05:08:50.601Z - info: Assets built
2020-04-04T05:08:50.602Z - info: Generating pages...
2020-04-04T05:11:52.947Z - debug: The process cannot access the file because it is being used by another process.

2020-04-04T05:11:52.965Z - debug: The process cannot access the file because it is being used by another process.

2020-04-04T05:11:52.967Z - debug: The process cannot access the file because it is being used by another process.

2020-04-04T05:11:52.968Z - debug: The process cannot access the file because it is being used by another process.

2020-04-04T05:11:52.968Z - debug: The process cannot access the file because it is being used by another process.

2020-04-04T05:11:52.968Z - debug: The process cannot access the file because it is being used by another process.

2020-04-04T05:11:52.970Z - debug: The process cannot access the file because it is being used by another process.

2020-04-04T05:11:52.971Z - debug: The process cannot access the file because it is being used by another process.

2020-04-04T05:11:52.971Z - debug: The process cannot access the file because it is being used by another process.

2020-04-04T05:11:52.992Z - debug: The process cannot access the file because it is being used by another process.

2020-04-04T05:11:55.243Z - debug: The process cannot access the file because it is being used by another process.

2020-04-04T05:11:55.244Z - debug: The process cannot access the file because it is being used by another process.

2020-04-04T05:11:55.245Z - debug: The process cannot access the file because it is being used by another process.

2020-04-04T05:11:55.246Z - debug: The process cannot access the file because it is being used by another process.

2020-04-04T05:11:55.252Z - debug: The process cannot access the file because it is being used by another process.

2020-04-04T05:11:55.253Z - debug: The process cannot access the file because it is being used by another process.

2020-04-04T05:11:55.253Z - debug: The process cannot access the file because it is being used by another process.

2020-04-04T05:11:55.254Z - debug: The process cannot access the file because it is being used by another process.

2020-04-04T05:11:55.254Z - debug: The process cannot access the file because it is being used by another process.

2020-04-04T05:11:55.255Z - debug: The process cannot access the file because it is being used by another process.

2020-04-04T05:11:55.255Z - debug: The process cannot access the file because it is being used by another process.

2020-04-04T05:11:55.255Z - debug: The process cannot access the file because it is being used by another process.

2020-04-04T05:11:55.256Z - debug: The process cannot access the file because it is being used by another process.

2020-04-04T05:11:55.256Z - debug: The process cannot access the file because it is being used by another process.

2020-04-04T05:11:55.314Z - debug: The process cannot access the file because it is being used by another process.

2020-04-04T05:11:58.557Z - debug:  
2020-04-04T05:11:58.557Z - debug:  
2020-04-04T05:11:58.557Z - debug:  
2020-04-04T05:11:58.558Z - debug:  
2020-04-04T05:11:58.982Z - info: Pages built
2020-04-04T05:12:29.419Z - info: Website generation complete! Total build time: 230.842s
2020-04-04T05:12:29.420Z - info: Build success!
2020-04-04T05:12:29.426Z - info: Site data built
2020-04-04T05:12:29.646Z - debug:  
2020-04-04T05:12:29.648Z - debug:  
2020-04-04T05:13:17.846Z - info: Deployed!
2020-04-04T06:25:45.930Z - info: Website generation started at 2:25:37 PM
2020-04-04T06:25:53.513Z - info: Building assets...
