2020-03-11T05:27:31.462Z - info: Website generation started at 1:27:26 PM
2020-03-11T05:27:35.504Z - info: Building assets...
2020-03-11T05:27:38.879Z - info: Assets built
2020-03-11T05:27:38.879Z - info: Generating pages...
2020-03-11T05:28:41.238Z - debug: The process cannot access the file because it is being used by another process.

2020-03-11T05:28:41.239Z - debug: The process cannot access the file because it is being used by another process.

2020-03-11T05:28:41.239Z - debug: The process cannot access the file because it is being used by another process.

2020-03-11T05:28:41.239Z - debug: The process cannot access the file because it is being used by another process.

2020-03-11T05:28:41.240Z - debug: The process cannot access the file because it is being used by another process.

2020-03-11T05:28:41.240Z - debug: The process cannot access the file because it is being used by another process.

2020-03-11T05:28:41.240Z - debug: The process cannot access the file because it is being used by another process.

2020-03-11T05:28:41.240Z - debug: The process cannot access the file because it is being used by another process.

2020-03-11T05:28:41.240Z - debug: The process cannot access the file because it is being used by another process.

2020-03-11T05:28:41.241Z - debug: The process cannot access the file because it is being used by another process.

2020-03-11T05:28:41.241Z - debug: The process cannot access the file because it is being used by another process.

2020-03-11T05:28:41.241Z - debug: The process cannot access the file because it is being used by another process.

2020-03-11T05:28:41.242Z - debug: The process cannot access the file because it is being used by another process.

2020-03-11T05:28:41.242Z - debug: The process cannot access the file because it is being used by another process.

2020-03-11T05:28:41.242Z - debug: The process cannot access the file because it is being used by another process.

2020-03-11T05:28:41.243Z - debug: The process cannot access the file because it is being used by another process.

2020-03-11T05:28:41.243Z - debug: The process cannot access the file because it is being used by another process.

2020-03-11T05:28:41.243Z - debug: The process cannot access the file because it is being used by another process.

2020-03-11T05:28:41.243Z - debug: The process cannot access the file because it is being used by another process.

2020-03-11T05:28:41.244Z - debug: The process cannot access the file because it is being used by another process.

2020-03-11T05:28:41.244Z - debug: The process cannot access the file because it is being used by another process.

2020-03-11T05:28:41.244Z - debug: The process cannot access the file because it is being used by another process.

2020-03-11T05:28:41.781Z - debug: The process cannot access the file because it is being used by another process.

2020-03-11T05:28:41.782Z - debug: The process cannot access the file because it is being used by another process.

2020-03-11T05:28:41.794Z - debug: The process cannot access the file because it is being used by another process.

2020-03-11T05:28:46.811Z - debug:  
2020-03-11T05:28:46.811Z - debug:  
2020-03-11T05:28:46.811Z - debug:  
2020-03-11T05:28:46.811Z - debug:  
2020-03-11T05:29:26.496Z - debug:  
2020-03-11T05:29:26.496Z - debug:  
2020-03-11T05:29:48.692Z - info: Pages built
2020-03-11T05:30:09.378Z - info: Website generation complete! Total build time: 162.895s
2020-03-11T05:30:09.379Z - info: Build success!
2020-03-11T05:30:09.382Z - info: Site data built
2020-03-11T05:37:08.956Z - info: Deployed!
