2020-02-24T03:29:13.439Z - info: Website generation started at 11:29:11 AM
2020-02-24T03:29:16.849Z - info: Building assets...
2020-02-24T03:29:19.946Z - info: Assets built
2020-02-24T03:29:19.946Z - info: Generating pages...
2020-02-24T03:30:14.784Z - debug: The process cannot access the file because it is being used by another process.

2020-02-24T03:30:14.784Z - debug: The process cannot access the file because it is being used by another process.

2020-02-24T03:30:14.784Z - debug: The process cannot access the file because it is being used by another process.

2020-02-24T03:30:14.785Z - debug: The process cannot access the file because it is being used by another process.

2020-02-24T03:30:14.785Z - debug: The process cannot access the file because it is being used by another process.

2020-02-24T03:30:14.786Z - debug: The process cannot access the file because it is being used by another process.

2020-02-24T03:30:14.786Z - debug: The process cannot access the file because it is being used by another process.

2020-02-24T03:30:14.786Z - debug: The process cannot access the file because it is being used by another process.

2020-02-24T03:30:14.786Z - debug: The process cannot access the file because it is being used by another process.

2020-02-24T03:30:14.795Z - debug: The process cannot access the file because it is being used by another process.

2020-02-24T03:30:14.796Z - debug: The process cannot access the file because it is being used by another process.

2020-02-24T03:30:14.796Z - debug: The process cannot access the file because it is being used by another process.

2020-02-24T03:30:14.796Z - debug: The process cannot access the file because it is being used by another process.

2020-02-24T03:30:14.796Z - debug: The process cannot access the file because it is being used by another process.

2020-02-24T03:30:14.797Z - debug: The process cannot access the file because it is being used by another process.

2020-02-24T03:30:14.797Z - debug: The process cannot access the file because it is being used by another process.

2020-02-24T03:30:14.797Z - debug: The process cannot access the file because it is being used by another process.

2020-02-24T03:30:14.797Z - debug: The process cannot access the file because it is being used by another process.

2020-02-24T03:30:14.798Z - debug: The process cannot access the file because it is being used by another process.

2020-02-24T03:30:14.798Z - debug: The process cannot access the file because it is being used by another process.

2020-02-24T03:30:14.804Z - debug: The process cannot access the file because it is being used by another process.

2020-02-24T03:30:14.804Z - debug: The process cannot access the file because it is being used by another process.

2020-02-24T03:30:14.804Z - debug: The process cannot access the file because it is being used by another process.

2020-02-24T03:30:14.813Z - debug: The process cannot access the file because it is being used by another process.

2020-02-24T03:30:14.814Z - debug: The process cannot access the file because it is being used by another process.

2020-02-24T03:30:18.684Z - debug:  
2020-02-24T03:30:18.912Z - debug:  
2020-02-24T03:30:19.913Z - debug:  
2020-02-24T03:30:19.914Z - debug:  
2020-02-24T03:31:15.533Z - info: Pages built
2020-02-24T03:31:32.134Z - info: Website generation complete! Total build time: 140.371s
2020-02-24T03:31:32.134Z - info: Build success!
2020-02-24T03:31:32.137Z - info: Site data built
2020-02-24T03:32:42.052Z - info: Deployed!
2020-02-24T05:06:45.571Z - info: Website generation started at 1:06:43 PM
2020-02-24T05:06:48.850Z - info: Building assets...
2020-02-24T05:06:51.637Z - info: Assets built
2020-02-24T05:06:51.638Z - info: Generating pages...
2020-02-24T05:07:49.333Z - debug: The process cannot access the file because it is being used by another process.

2020-02-24T05:07:49.354Z - debug: The process cannot access the file because it is being used by another process.

2020-02-24T05:07:49.354Z - debug: The process cannot access the file because it is being used by another process.

2020-02-24T05:07:49.354Z - debug: The process cannot access the file because it is being used by another process.

2020-02-24T05:07:49.355Z - debug: The process cannot access the file because it is being used by another process.

2020-02-24T05:07:49.355Z - debug: The process cannot access the file because it is being used by another process.

2020-02-24T05:07:49.357Z - debug: The process cannot access the file because it is being used by another process.

2020-02-24T05:07:49.357Z - debug: The process cannot access the file because it is being used by another process.

2020-02-24T05:07:49.358Z - debug: The process cannot access the file because it is being used by another process.

2020-02-24T05:07:49.359Z - debug: The process cannot access the file because it is being used by another process.

2020-02-24T05:07:49.359Z - debug: The process cannot access the file because it is being used by another process.

2020-02-24T05:07:49.360Z - debug: The process cannot access the file because it is being used by another process.

2020-02-24T05:07:49.360Z - debug: The process cannot access the file because it is being used by another process.

2020-02-24T05:07:49.360Z - debug: The process cannot access the file because it is being used by another process.

2020-02-24T05:07:49.361Z - debug: The process cannot access the file because it is being used by another process.

2020-02-24T05:07:49.361Z - debug: The process cannot access the file because it is being used by another process.

2020-02-24T05:07:49.361Z - debug: The process cannot access the file because it is being used by another process.

2020-02-24T05:07:49.362Z - debug: The process cannot access the file because it is being used by another process.

2020-02-24T05:07:49.363Z - debug: The process cannot access the file because it is being used by another process.

2020-02-24T05:07:49.363Z - debug: The process cannot access the file because it is being used by another process.

2020-02-24T05:07:49.363Z - debug: The process cannot access the file because it is being used by another process.

2020-02-24T05:07:49.363Z - debug: The process cannot access the file because it is being used by another process.

2020-02-24T05:07:49.578Z - debug: The process cannot access the file because it is being used by another process.

2020-02-24T05:07:49.584Z - debug: The process cannot access the file because it is being used by another process.

2020-02-24T05:07:49.592Z - debug: The process cannot access the file because it is being used by another process.

2020-02-24T05:07:53.413Z - debug:  
2020-02-24T05:07:53.414Z - debug:  
2020-02-24T05:07:53.414Z - debug:  
2020-02-24T05:07:53.414Z - debug:  
2020-02-24T05:08:50.566Z - info: Pages built
2020-02-24T05:09:08.679Z - info: Website generation complete! Total build time: 144.769s
2020-02-24T05:09:09.041Z - info: Serving "C:\repos\nus-cs2113-AY1920S2\cs2113-website\_site" at http://127.0.0.1:8080
2020-02-24T05:09:09.041Z - info: Press CTRL+C to stop ...
2020-02-24T05:09:09.147Z - info: Site data built
2020-02-24T05:20:54.646Z - info: [1:20:54 PM] Reload for file change: C:\repos\nus-cs2113-AY1920S2\cs2113-website\admin\ip-tasks.mbdf
2020-02-24T05:20:55.649Z - info: Rebuilding affected source files
2020-02-24T05:20:55.654Z - info: Rebuilding 22 pages
2020-02-24T05:21:13.258Z - info: Pages rebuilt
2020-02-24T05:21:13.266Z - info: Site data built
2020-02-24T06:51:40.428Z - info: [2:51:40 PM] Reload for file change: C:\repos\nus-cs2113-AY1920S2\cs2113-website\admin\appendixE-gitHub.md
2020-02-24T06:51:41.430Z - info: Rebuilding affected source files
2020-02-24T06:51:41.434Z - info: Rebuilding 20 pages
2020-02-24T06:51:54.554Z - info: Pages rebuilt
2020-02-24T06:51:54.562Z - info: Site data built
2020-02-24T06:52:26.338Z - info: Website generation started at 2:52:24 PM
2020-02-24T06:52:29.340Z - info: Building assets...
