2020-03-12T11:53:01.948Z - info: Website generation (lazy) started at 19:52:54
2020-03-12T11:53:08.578Z - info: Building assets...
2020-03-12T11:53:12.799Z - info: Assets built
2020-03-12T11:53:12.803Z - info: Generating landing page...
2020-03-12T11:53:14.461Z - info: Landing page built, other pages will be built as you navigate to them!
2020-03-12T11:53:14.553Z - info: Website generation (lazy) complete! Total build time: 20.06s
2020-03-12T11:53:14.849Z - info: Serving "C:\repos\nus-cs2113-AY1920S2\cs2113-website\_site" at http://127.0.0.1:8080
2020-03-12T11:53:14.849Z - info: Press CTRL+C to stop ...
2020-03-12T11:53:14.897Z - info: Site data built
2020-03-12T11:57:31.124Z - info: [19:57:31] Reload for file change: C:\repos\nus-cs2113-AY1920S2\cs2113-website\admin\tp-progress-dashboard-table.mbdf
2020-03-12T11:57:32.169Z - info: Rebuilding affected source files
2020-03-12T11:57:32.181Z - info: Rebuilding 0 pages
2020-03-12T11:57:32.181Z - info: Pages rebuilt
2020-03-12T11:57:32.181Z - info: Website regeneration complete! Total build time: 0.008s
2020-03-12T11:57:32.193Z - info: Site data built
2020-03-12T11:59:40.515Z - info: Building C:\repos\nus-cs2113-AY1920S2\cs2113-website\admin\tp-progress-dashboard as some of its dependencies were changed since the last visit
2020-03-12T11:59:42.981Z - info: Site data built
2020-03-12T11:59:42.981Z - info: Lazy website regeneration complete! Total build time: 2.466s
2020-03-12T13:22:19.295Z - info: [21:22:19] Reload for file change: C:\repos\nus-cs2113-AY1920S2\cs2113-website\admin\tp-progress-dashboard-table.mbdf
2020-03-12T13:22:20.306Z - info: Rebuilding affected source files
2020-03-12T13:22:20.342Z - info: Rebuilding 1 pages
2020-03-12T13:22:22.899Z - info: Pages rebuilt
2020-03-12T13:22:22.899Z - info: Website regeneration complete! Total build time: 2.593s
2020-03-12T13:22:22.907Z - info: Site data built
2020-03-12T13:27:35.401Z - info: [21:27:35] Reload for file change: C:\repos\nus-cs2113-AY1920S2\cs2113-website\admin\tp-progress-dashboard-table.mbdf
2020-03-12T13:27:36.411Z - info: Rebuilding affected source files
2020-03-12T13:27:36.415Z - info: Rebuilding 1 pages
2020-03-12T13:27:38.819Z - info: Pages rebuilt
2020-03-12T13:27:38.823Z - info: Website regeneration complete! Total build time: 2.412s
2020-03-12T13:27:38.823Z - info: Site data built
2020-03-12T14:05:05.353Z - info: [22:05:05] Reload for file change: C:\repos\nus-cs2113-AY1920S2\cs2113-website\admin\tp-progress-dashboard-table.mbdf
2020-03-12T14:05:06.361Z - info: Rebuilding affected source files
2020-03-12T14:05:06.421Z - info: Rebuilding 1 pages
2020-03-12T14:05:09.118Z - info: Pages rebuilt
2020-03-12T14:05:09.118Z - info: Website regeneration complete! Total build time: 2.753s
2020-03-12T14:05:09.122Z - info: Site data built
2020-03-12T14:06:00.221Z - info: [22:06:00] Reload for file change: C:\repos\nus-cs2113-AY1920S2\cs2113-website\admin\tp-progress-dashboard-table.mbdf
2020-03-12T14:06:01.224Z - info: Rebuilding affected source files
2020-03-12T14:06:01.232Z - info: Rebuilding 1 pages
2020-03-12T14:06:03.261Z - info: Pages rebuilt
2020-03-12T14:06:03.261Z - info: Website regeneration complete! Total build time: 2.037s
2020-03-12T14:06:03.265Z - info: Site data built
2020-03-12T14:06:33.192Z - info: [22:06:33] Reload for file change: C:\repos\nus-cs2113-AY1920S2\cs2113-website\admin\tp-progress-dashboard-table.mbdf
2020-03-12T14:06:34.202Z - info: Rebuilding affected source files
2020-03-12T14:06:34.206Z - info: Rebuilding 1 pages
2020-03-12T14:06:36.143Z - info: Pages rebuilt
2020-03-12T14:06:36.143Z - info: Website regeneration complete! Total build time: 1.941s
2020-03-12T14:06:36.147Z - info: Site data built
2020-03-12T14:10:25.164Z - info: [22:10:25] Reload for file change: C:\repos\nus-cs2113-AY1920S2\cs2113-website\admin\tp-progress-dashboard-table.mbdf
2020-03-12T14:10:26.175Z - info: Rebuilding affected source files
2020-03-12T14:10:26.187Z - info: Rebuilding 1 pages
2020-03-12T14:10:28.815Z - info: Pages rebuilt
2020-03-12T14:10:28.815Z - info: Website regeneration complete! Total build time: 2.64s
2020-03-12T14:10:28.823Z - info: Site data built
2020-03-12T14:12:19.446Z - info: [22:12:19] Reload for file change: C:\repos\nus-cs2113-AY1920S2\cs2113-website\admin\tp-progress-dashboard-table.mbdf
2020-03-12T14:12:20.454Z - info: Rebuilding affected source files
2020-03-12T14:12:20.462Z - info: Rebuilding 1 pages
2020-03-12T14:12:22.631Z - info: Pages rebuilt
2020-03-12T14:12:22.631Z - info: Website regeneration complete! Total build time: 2.177s
2020-03-12T14:12:22.639Z - info: Site data built
2020-03-12T14:15:43.835Z - info: [22:15:43] Reload for file change: C:\repos\nus-cs2113-AY1920S2\cs2113-website\admin\tp-progress-dashboard-table.mbdf
2020-03-12T14:15:44.838Z - info: Rebuilding affected source files
2020-03-12T14:15:44.841Z - info: Rebuilding 1 pages
2020-03-12T14:15:46.679Z - info: Pages rebuilt
2020-03-12T14:15:46.680Z - info: Website regeneration complete! Total build time: 1.841s
2020-03-12T14:15:46.682Z - info: Site data built
2020-03-12T14:17:43.246Z - info: [22:17:43] Reload for file change: C:\repos\nus-cs2113-AY1920S2\cs2113-website\admin\tp-progress-dashboard-table.mbdf
2020-03-12T14:17:44.250Z - info: Rebuilding affected source files
2020-03-12T14:17:44.252Z - info: Rebuilding 1 pages
2020-03-12T14:17:46.340Z - info: Pages rebuilt
2020-03-12T14:17:46.340Z - info: Website regeneration complete! Total build time: 2.09s
2020-03-12T14:17:46.342Z - info: Site data built
2020-03-12T14:18:58.040Z - info: [22:18:58] Reload for file change: C:\repos\nus-cs2113-AY1920S2\cs2113-website\admin\tp-progress-dashboard-table.mbdf
2020-03-12T14:18:59.050Z - info: Rebuilding affected source files
2020-03-12T14:18:59.054Z - info: Rebuilding 1 pages
2020-03-12T14:19:02.092Z - info: Pages rebuilt
2020-03-12T14:19:02.092Z - info: Website regeneration complete! Total build time: 3.042s
2020-03-12T14:19:02.096Z - info: Site data built
2020-03-12T14:21:21.735Z - info: [22:21:21] Reload for file change: C:\repos\nus-cs2113-AY1920S2\cs2113-website\admin\tp-progress-dashboard-table.mbdf
2020-03-12T14:21:22.737Z - info: Rebuilding affected source files
2020-03-12T14:21:22.745Z - info: Rebuilding 1 pages
2020-03-12T14:21:24.819Z - info: Pages rebuilt
2020-03-12T14:21:24.819Z - info: Website regeneration complete! Total build time: 2.082s
2020-03-12T14:21:24.823Z - info: Site data built
2020-03-12T14:21:57.380Z - info: [22:21:57] Reload for file change: C:\repos\nus-cs2113-AY1920S2\cs2113-website\admin\tp-progress-dashboard-table.mbdf
2020-03-12T14:21:58.384Z - info: Rebuilding affected source files
2020-03-12T14:21:58.391Z - info: Rebuilding 1 pages
2020-03-12T14:22:00.538Z - info: Pages rebuilt
2020-03-12T14:22:00.538Z - info: Website regeneration complete! Total build time: 2.154s
2020-03-12T14:22:00.544Z - info: Site data built
2020-03-12T14:29:29.810Z - info: [22:29:29] Reload for file change: C:\repos\nus-cs2113-AY1920S2\cs2113-website\admin\tp-progress-dashboard-table.mbdf
2020-03-12T14:29:30.815Z - info: Rebuilding affected source files
2020-03-12T14:29:30.825Z - info: Rebuilding 1 pages
2020-03-12T14:29:33.133Z - info: Pages rebuilt
2020-03-12T14:29:33.133Z - info: Website regeneration complete! Total build time: 2.317s
2020-03-12T14:29:33.141Z - info: Site data built
2020-03-12T15:00:03.773Z - info: Website generation (lazy) started at 23:00:01
2020-03-12T15:00:07.198Z - info: Building assets...
2020-03-12T15:00:10.355Z - info: Assets built
2020-03-12T15:00:10.356Z - info: Generating landing page...
2020-03-12T15:00:12.055Z - info: Landing page built, other pages will be built as you navigate to them!
2020-03-12T15:00:12.134Z - info: Website generation (lazy) complete! Total build time: 10.626s
2020-03-12T15:00:12.503Z - info: Serving "C:\repos\nus-cs2113-AY1920S2\cs2113-website\_site" at http://127.0.0.1:8080
2020-03-12T15:00:12.503Z - info: Press CTRL+C to stop ...
2020-03-12T15:00:12.558Z - info: Site data built
2020-03-12T15:04:44.706Z - info: [23:04:44] Reload for file change: C:\repos\nus-cs2113-AY1920S2\cs2113-website\admin\appendixE-gitHub.md
2020-03-12T15:04:45.722Z - info: Rebuilding affected source files
2020-03-12T15:04:45.729Z - info: Rebuilding 0 pages
2020-03-12T15:04:45.734Z - info: Pages rebuilt
2020-03-12T15:04:45.734Z - info: Website regeneration complete! Total build time: 0.012s
2020-03-12T15:04:45.740Z - info: Site data built
2020-03-12T15:04:56.074Z - info: Building C:\repos\nus-cs2113-AY1920S2\cs2113-website\admin\index as some of its dependencies were changed since the last visit
2020-03-12T15:04:57.100Z - info: Site data built
2020-03-12T15:04:57.101Z - info: Lazy website regeneration complete! Total build time: 1.027s
2020-03-12T15:05:04.590Z - info: Building C:\repos\nus-cs2113-AY1920S2\cs2113-website\admin\tp-w8 as some of its dependencies were changed since the last visit
2020-03-12T15:05:06.621Z - info: Site data built
2020-03-12T15:05:06.622Z - info: Lazy website regeneration complete! Total build time: 2.032s
2020-03-12T15:06:09.885Z - info: [23:06:09] Reload for file change: C:\repos\nus-cs2113-AY1920S2\cs2113-website\admin\appendixE-gitHub.md
2020-03-12T15:06:10.906Z - info: Rebuilding affected source files
2020-03-12T15:06:10.909Z - info: Rebuilding 1 pages
2020-03-12T15:06:13.764Z - info: Pages rebuilt
2020-03-12T15:06:13.764Z - info: Website regeneration complete! Total build time: 2.858s
2020-03-12T15:06:13.772Z - info: Site data built
2020-03-12T15:06:48.295Z - info: [23:06:48] Reload for file change: C:\repos\nus-cs2113-AY1920S2\cs2113-website\admin\appendixE-gitHub.md
2020-03-12T15:06:49.308Z - info: Rebuilding affected source files
2020-03-12T15:06:49.312Z - info: Rebuilding 1 pages
2020-03-12T15:06:51.423Z - info: Pages rebuilt
2020-03-12T15:06:51.423Z - info: Website regeneration complete! Total build time: 2.115s
2020-03-12T15:06:51.428Z - info: Site data built
2020-03-12T15:07:12.275Z - info: [23:07:12] Reload for file change: C:\repos\nus-cs2113-AY1920S2\cs2113-website\admin\appendixE-gitHub.md
2020-03-12T15:07:13.277Z - info: Rebuilding affected source files
2020-03-12T15:07:13.284Z - info: Rebuilding 1 pages
2020-03-12T15:07:15.472Z - info: Pages rebuilt
2020-03-12T15:07:15.472Z - info: Website regeneration complete! Total build time: 2.194s
2020-03-12T15:07:15.477Z - info: Site data built
2020-03-12T15:10:04.875Z - info: Building C:\repos\nus-cs2113-AY1920S2\cs2113-website\admin\participation-dashboard as some of its dependencies were changed since the last visit
2020-03-12T15:10:09.836Z - info: Site data built
2020-03-12T15:10:09.837Z - info: Lazy website regeneration complete! Total build time: 4.963s
2020-03-12T15:10:30.008Z - info: Building C:\repos\nus-cs2113-AY1920S2\cs2113-website\admin\tp-progress-dashboard as some of its dependencies were changed since the last visit
2020-03-12T15:10:31.500Z - info: Site data built
2020-03-12T15:10:31.501Z - info: Lazy website regeneration complete! Total build time: 1.493s
2020-03-12T15:18:52.939Z - info: [23:18:52] Reload for file change: C:\repos\nus-cs2113-AY1920S2\cs2113-website\admin\tp-progress-dashboard-table.mbdf
2020-03-12T15:18:53.945Z - info: Rebuilding affected source files
2020-03-12T15:18:53.948Z - info: Rebuilding 1 pages
2020-03-12T15:18:57.308Z - info: Pages rebuilt
2020-03-12T15:18:57.309Z - info: Website regeneration complete! Total build time: 3.364s
2020-03-12T15:18:57.313Z - info: Site data built
2020-03-12T15:19:23.233Z - info: [23:19:23] Reload for file change: C:\repos\nus-cs2113-AY1920S2\cs2113-website\admin\tp-progress-dashboard-table.mbdf
2020-03-12T15:19:24.241Z - info: Rebuilding affected source files
2020-03-12T15:19:24.255Z - info: Rebuilding 1 pages
2020-03-12T15:19:26.696Z - info: Pages rebuilt
2020-03-12T15:19:26.696Z - info: Website regeneration complete! Total build time: 2.451s
2020-03-12T15:19:26.700Z - info: Site data built
2020-03-12T15:22:20.842Z - info: Website generation started at 23:22:18
2020-03-12T15:22:24.359Z - info: Building assets...
2020-03-12T15:22:27.347Z - info: Assets built
2020-03-12T15:22:27.347Z - info: Generating pages...
2020-03-12T15:24:15.191Z - debug: The process cannot access the file because it is being used by another process.

2020-03-12T15:24:15.194Z - debug: The process cannot access the file because it is being used by another process.

2020-03-12T15:24:15.196Z - debug: The process cannot access the file because it is being used by another process.

2020-03-12T15:24:15.197Z - debug: The process cannot access the file because it is being used by another process.

2020-03-12T15:24:15.197Z - debug: The process cannot access the file because it is being used by another process.

2020-03-12T15:24:15.198Z - debug: The process cannot access the file because it is being used by another process.

2020-03-12T15:24:15.199Z - debug: The process cannot access the file because it is being used by another process.

2020-03-12T15:24:15.201Z - debug: The process cannot access the file because it is being used by another process.

2020-03-12T15:24:15.201Z - debug: The process cannot access the file because it is being used by another process.

2020-03-12T15:24:15.202Z - debug: The process cannot access the file because it is being used by another process.

2020-03-12T15:24:15.202Z - debug: The process cannot access the file because it is being used by another process.

2020-03-12T15:24:15.204Z - debug: The process cannot access the file because it is being used by another process.

2020-03-12T15:24:15.207Z - debug: The process cannot access the file because it is being used by another process.

2020-03-12T15:24:15.210Z - debug: The process cannot access the file because it is being used by another process.

2020-03-12T15:24:15.211Z - debug: The process cannot access the file because it is being used by another process.

2020-03-12T15:24:15.213Z - debug: The process cannot access the file because it is being used by another process.

2020-03-12T15:24:15.213Z - debug: The process cannot access the file because it is being used by another process.

2020-03-12T15:24:15.214Z - debug: The process cannot access the file because it is being used by another process.

2020-03-12T15:24:15.214Z - debug: The process cannot access the file because it is being used by another process.

2020-03-12T15:24:15.214Z - debug: The process cannot access the file because it is being used by another process.

2020-03-12T15:24:15.214Z - debug: The process cannot access the file because it is being used by another process.

2020-03-12T15:24:15.215Z - debug: The process cannot access the file because it is being used by another process.

2020-03-12T15:24:15.459Z - debug: The process cannot access the file because it is being used by another process.

2020-03-12T15:24:15.460Z - debug: The process cannot access the file because it is being used by another process.

2020-03-12T15:24:15.470Z - debug: The process cannot access the file because it is being used by another process.

2020-03-12T15:24:40.079Z - debug:  
2020-03-12T15:24:40.080Z - debug:  
2020-03-12T15:24:40.080Z - debug:  
2020-03-12T15:24:40.080Z - debug:  
2020-03-12T15:25:56.652Z - debug:  
2020-03-12T15:25:56.874Z - debug:  
2020-03-12T15:25:58.529Z - info: Pages built
2020-03-12T15:26:32.378Z - info: Website generation complete! Total build time: 253.825s
2020-03-12T15:26:32.378Z - info: Build success!
2020-03-12T15:26:32.382Z - info: Site data built
2020-03-12T15:27:08.859Z - info: Deployed!
2020-03-12T15:55:13.134Z - info: Website generation started at 23:55:07
2020-03-12T15:55:18.816Z - info: Building assets...
2020-03-12T15:55:24.272Z - info: Assets built
2020-03-12T15:55:24.272Z - info: Generating pages...
2020-03-12T15:57:34.364Z - debug: The process cannot access the file because it is being used by another process.

2020-03-12T15:57:34.366Z - debug: The process cannot access the file because it is being used by another process.

2020-03-12T15:57:34.366Z - debug: The process cannot access the file because it is being used by another process.

2020-03-12T15:57:34.367Z - debug: The process cannot access the file because it is being used by another process.

2020-03-12T15:57:34.367Z - debug: The process cannot access the file because it is being used by another process.

2020-03-12T15:57:34.368Z - debug: The process cannot access the file because it is being used by another process.

2020-03-12T15:57:34.370Z - debug: The process cannot access the file because it is being used by another process.

2020-03-12T15:57:34.860Z - debug: The process cannot access the file because it is being used by another process.

2020-03-12T15:57:34.861Z - debug: The process cannot access the file because it is being used by another process.

2020-03-12T15:57:34.861Z - debug: The process cannot access the file because it is being used by another process.

2020-03-12T15:57:34.861Z - debug: The process cannot access the file because it is being used by another process.

2020-03-12T15:57:34.862Z - debug: The process cannot access the file because it is being used by another process.

2020-03-12T15:57:34.862Z - debug: The process cannot access the file because it is being used by another process.

2020-03-12T15:57:34.862Z - debug: The process cannot access the file because it is being used by another process.

2020-03-12T15:57:34.862Z - debug: The process cannot access the file because it is being used by another process.

2020-03-12T15:57:34.863Z - debug: The process cannot access the file because it is being used by another process.

2020-03-12T15:57:34.863Z - debug: The process cannot access the file because it is being used by another process.

2020-03-12T15:57:34.863Z - debug: The process cannot access the file because it is being used by another process.

2020-03-12T15:57:34.863Z - debug: The process cannot access the file because it is being used by another process.

2020-03-12T15:57:34.863Z - debug: The process cannot access the file because it is being used by another process.

2020-03-12T15:57:34.864Z - debug: The process cannot access the file because it is being used by another process.

2020-03-12T15:57:34.864Z - debug: The process cannot access the file because it is being used by another process.

2020-03-12T15:57:34.864Z - debug: The process cannot access the file because it is being used by another process.

2020-03-12T15:57:34.864Z - debug: The process cannot access the file because it is being used by another process.

2020-03-12T15:57:34.889Z - debug: The process cannot access the file because it is being used by another process.

2020-03-12T15:57:35.322Z - debug:  
2020-03-12T15:57:35.323Z - debug:  
2020-03-12T15:57:35.356Z - debug:  
2020-03-12T15:57:35.567Z - debug:  
2020-03-12T15:59:25.976Z - debug:  
2020-03-12T15:59:26.193Z - debug:  
2020-03-12T15:59:27.795Z - info: Pages built
