2020-02-16T15:12:36.912Z - info: Website generation started at 23:12:28
2020-02-16T15:12:46.782Z - info: Building assets...
2020-02-16T15:12:52.257Z - info: Assets built
2020-02-16T15:12:52.257Z - info: Generating pages...
2020-02-16T15:15:02.185Z - debug: The process cannot access the file because it is being used by another process.

2020-02-16T15:15:02.185Z - debug: The process cannot access the file because it is being used by another process.

2020-02-16T15:15:02.189Z - debug: The process cannot access the file because it is being used by another process.

2020-02-16T15:15:03.427Z - debug: The process cannot access the file because it is being used by another process.

2020-02-16T15:15:03.427Z - debug: The process cannot access the file because it is being used by another process.

2020-02-16T15:15:03.427Z - debug: The process cannot access the file because it is being used by another process.

2020-02-16T15:15:03.427Z - debug: The process cannot access the file because it is being used by another process.

2020-02-16T15:15:03.427Z - debug: The process cannot access the file because it is being used by another process.

2020-02-16T15:15:03.431Z - debug: The process cannot access the file because it is being used by another process.

2020-02-16T15:15:03.431Z - debug: The process cannot access the file because it is being used by another process.

2020-02-16T15:15:03.647Z - debug: The process cannot access the file because it is being used by another process.

2020-02-16T15:15:19.097Z - debug:  
2020-02-16T15:15:19.101Z - debug:  
2020-02-16T15:15:19.101Z - debug:  
2020-02-16T15:15:19.101Z - debug:  
2020-02-16T15:16:48.267Z - info: Pages built
2020-02-16T15:17:25.051Z - info: Website generation complete! Total build time: 296.751s
2020-02-16T15:17:25.499Z - info: Serving "C:\repos\nus-cs2113-AY1920S2\cs2113-website\_site" at http://127.0.0.1:8080
2020-02-16T15:17:25.499Z - info: Press CTRL+C to stop ...
2020-02-16T15:17:25.567Z - info: Site data built
2020-02-16T15:17:52.954Z - info: [23:17:52] Reload for file change: C:\repos\nus-cs2113-AY1920S2\cs2113-website\schedule\week7\commentary.mbdf
2020-02-16T15:17:53.964Z - info: Rebuilding affected source files
2020-02-16T15:17:53.964Z - info: Rebuilding 1 pages
2020-02-16T15:17:55.950Z - info: Pages rebuilt
2020-02-16T15:17:55.958Z - info: Site data built
2020-02-16T15:19:20.812Z - info: [23:19:20] Reload for file add: C:\repos\nus-cs2113-AY1920S2\cs2113-website\schedule\week7\notices-cs2113.mbdf
2020-02-16T15:19:21.816Z - warn: Rebuilding all source files
2020-02-16T15:19:25.322Z - info: Assets removed
2020-02-16T15:19:25.322Z - info: Generating pages...
2020-02-16T15:21:48.437Z - info: [23:21:48] Reload for file change: C:\repos\nus-cs2113-AY1920S2\cs2113-website\schedule\week7\notices-cs2113.mbdf
2020-02-16T15:21:48.736Z - debug: The process cannot access the file because it is being used by another process.

2020-02-16T15:21:48.736Z - debug: The process cannot access the file because it is being used by another process.

2020-02-16T15:21:48.740Z - debug: The process cannot access the file because it is being used by another process.

2020-02-16T15:21:48.740Z - debug: The process cannot access the file because it is being used by another process.

2020-02-16T15:21:49.032Z - debug: The process cannot access the file because it is being used by another process.

2020-02-16T15:21:49.032Z - debug: The process cannot access the file because it is being used by another process.

2020-02-16T15:21:49.160Z - debug: The process cannot access the file because it is being used by another process.

2020-02-16T15:21:49.160Z - debug: The process cannot access the file because it is being used by another process.

2020-02-16T15:21:49.160Z - debug: The process cannot access the file because it is being used by another process.

2020-02-16T15:21:49.160Z - debug: The process cannot access the file because it is being used by another process.

2020-02-16T15:21:49.353Z - debug: The process cannot access the file because it is being used by another process.

2020-02-16T15:21:50.125Z - info: Rebuilding affected source files
2020-02-16T15:21:50.129Z - info: Rebuilding 0 pages
2020-02-16T15:21:50.861Z - info: Pages rebuilt
2020-02-16T15:22:00.128Z - info: Site data built
2020-02-16T15:22:00.148Z - debug:  
2020-02-16T15:22:00.148Z - debug:  
2020-02-16T15:22:00.152Z - debug:  
2020-02-16T15:22:00.152Z - debug:  
2020-02-16T15:24:11.001Z - info: Pages built
2020-02-16T15:25:16.283Z - info: [23:25:16] Reload for file change: C:\repos\nus-cs2113-AY1920S2\cs2113-website\schedule\week7\notices-cs2113.mbdf
2020-02-16T15:25:17.289Z - info: Rebuilding affected source files
2020-02-16T15:25:17.289Z - info: Rebuilding 1 pages
2020-02-16T15:25:18.730Z - info: Pages rebuilt
2020-02-16T15:25:18.738Z - info: Site data built
2020-02-16T15:26:41.543Z - info: [23:26:41] Reload for file change: C:\repos\nus-cs2113-AY1920S2\cs2113-website\schedule\week7\notices-cs2113.mbdf
2020-02-16T15:26:42.549Z - info: Rebuilding affected source files
2020-02-16T15:26:42.557Z - info: Rebuilding 1 pages
2020-02-16T15:26:43.797Z - info: Pages rebuilt
2020-02-16T15:26:43.801Z - info: Site data built
2020-02-16T15:27:31.776Z - info: [23:27:31] Reload for file change: C:\repos\nus-cs2113-AY1920S2\cs2113-website\schedule\week7\notices-cs2113.mbdf
2020-02-16T15:27:32.784Z - info: Rebuilding affected source files
2020-02-16T15:27:32.788Z - info: Rebuilding 1 pages
2020-02-16T15:27:34.318Z - info: Pages rebuilt
2020-02-16T15:27:34.322Z - info: Site data built
2020-02-16T15:28:42.799Z - info: [23:28:42] Reload for file change: C:\repos\nus-cs2113-AY1920S2\cs2113-website\schedule\week7\notices-cs2113.mbdf
2020-02-16T15:28:43.815Z - info: Rebuilding affected source files
2020-02-16T15:28:43.815Z - info: Rebuilding 1 pages
2020-02-16T15:28:44.915Z - info: Pages rebuilt
2020-02-16T15:28:44.919Z - info: Site data built
2020-02-16T15:40:05.839Z - info: Website generation started at 23:39:59
2020-02-16T15:40:10.707Z - info: Building assets...
