2020-02-10T14:24:10.415Z - info: Website generation started at 22:24:01
2020-02-10T14:24:18.972Z - info: Building assets...
2020-02-10T14:24:22.888Z - info: Assets built
2020-02-10T14:24:22.892Z - info: Generating pages...
2020-02-10T14:24:25.027Z - info: Pages built
2020-02-10T14:24:25.162Z - info: Website generation complete! Total build time: 23.341s
2020-02-10T14:24:25.627Z - info: Serving "C:\repos\nus-cs2113-AY1920S2\cs2113-website\_site" at http://127.0.0.1:8080
2020-02-10T14:24:25.627Z - info: Press CTRL+C to stop ...
2020-02-10T14:24:25.746Z - info: Site data built
2020-02-10T14:25:49.958Z - info: [22:25:49] Reload for file change: C:\repos\nus-cs2113-AY1920S2\cs2113-website\schedule\week6\activity.mbdf
2020-02-10T14:25:50.970Z - info: Rebuilding affected source files
2020-02-10T14:25:50.974Z - info: Rebuilding 1 pages
2020-02-10T14:25:53.487Z - info: Pages rebuilt
2020-02-10T14:25:53.491Z - info: Site data built
2020-02-10T14:26:41.026Z - info: [22:26:41] Reload for file change: C:\repos\nus-cs2113-AY1920S2\cs2113-website\schedule\week6\activity.mbdf
2020-02-10T14:26:42.071Z - info: Rebuilding affected source files
2020-02-10T14:26:42.071Z - info: Rebuilding 1 pages
2020-02-10T14:26:44.203Z - info: Pages rebuilt
2020-02-10T14:26:44.211Z - info: Site data built
2020-02-10T14:27:31.332Z - info: [22:27:31] Reload for file change: C:\repos\nus-cs2113-AY1920S2\cs2113-website\schedule\week6\activity.mbdf
2020-02-10T14:27:32.340Z - info: Rebuilding affected source files
2020-02-10T14:27:32.340Z - info: Rebuilding 1 pages
2020-02-10T14:27:34.189Z - info: Pages rebuilt
2020-02-10T14:27:34.197Z - info: Site data built
2020-02-10T14:27:44.214Z - info: [22:27:44] Reload for file change: C:\repos\nus-cs2113-AY1920S2\cs2113-website\schedule\week6\activity.mbdf
2020-02-10T14:27:45.226Z - info: Rebuilding affected source files
2020-02-10T14:27:45.226Z - info: Rebuilding 1 pages
2020-02-10T14:27:47.519Z - info: Pages rebuilt
2020-02-10T14:27:47.527Z - info: Site data built
2020-02-10T14:30:03.753Z - info: [22:30:03] Reload for file change: C:\repos\nus-cs2113-AY1920S2\cs2113-website\schedule\week6\activity.mbdf
2020-02-10T14:30:04.763Z - info: Rebuilding affected source files
2020-02-10T14:30:04.763Z - info: Rebuilding 1 pages
2020-02-10T14:30:06.165Z - error:  TypeError: Cannot read property 'replace' of undefined
    at Object.ensurePosix (C:\Users\damithch\AppData\Roaming\npm\node_modules\markbind-cli\src\lib\markbind\src\utils.js:21:23)
    at Object.<anonymous> (C:\Users\damithch\AppData\Roaming\npm\node_modules\markbind-cli\src\lib\markbind\src\parser.js:401:34)
    at initialize.exports.each (C:\Users\damithch\AppData\Roaming\npm\node_modules\markbind-cli\node_modules\cheerio\lib\api\traversing.js:300:24)
    at Parser.processDynamicResources (C:\Users\damithch\AppData\Roaming\npm\node_modules\markbind-cli\src\lib\markbind\src\parser.js:395:30)
    at markbinder.includeFile.then.then.then.then.then.then.then.then.then.then.then.then.then.then.then.then.result (C:\Users\damithch\AppData\Roaming\npm\node_modules\markbind-cli\src\Page.js:796:36)
    at tryCatcher (C:\Users\damithch\AppData\Roaming\npm\node_modules\markbind-cli\node_modules\bluebird\js\release\util.js:16:23)
    at Promise._settlePromiseFromHandler (C:\Users\damithch\AppData\Roaming\npm\node_modules\markbind-cli\node_modules\bluebird\js\release\promise.js:547:31)
    at Promise._settlePromise (C:\Users\damithch\AppData\Roaming\npm\node_modules\markbind-cli\node_modules\bluebird\js\release\promise.js:604:18)
    at Promise._settlePromise0 (C:\Users\damithch\AppData\Roaming\npm\node_modules\markbind-cli\node_modules\bluebird\js\release\promise.js:649:10)
    at Promise._settlePromises (C:\Users\damithch\AppData\Roaming\npm\node_modules\markbind-cli\node_modules\bluebird\js\release\promise.js:729:18)
    at _drainQueueStep (C:\Users\damithch\AppData\Roaming\npm\node_modules\markbind-cli\node_modules\bluebird\js\release\async.js:93:12)
    at _drainQueue (C:\Users\damithch\AppData\Roaming\npm\node_modules\markbind-cli\node_modules\bluebird\js\release\async.js:86:9)
    at Async._drainQueues (C:\Users\damithch\AppData\Roaming\npm\node_modules\markbind-cli\node_modules\bluebird\js\release\async.js:102:5)
    at Immediate.Async.drainQueues (C:\Users\damithch\AppData\Roaming\npm\node_modules\markbind-cli\node_modules\bluebird\js\release\async.js:15:14)
    at runCallback (timers.js:789:20)
    at tryOnImmediate (timers.js:751:5)
2020-02-10T14:30:06.169Z - warn:  Error: Error while generating C:\repos\nus-cs2113-AY1920S2\cs2113-website\schedule\week6\index.md
    at processingFiles.push.page.generate.catch (C:\Users\damithch\AppData\Roaming\npm\node_modules\markbind-cli\src\Site.js:821:35)
    at tryCatcher (C:\Users\damithch\AppData\Roaming\npm\node_modules\markbind-cli\node_modules\bluebird\js\release\util.js:16:23)
    at Promise._settlePromiseFromHandler (C:\Users\damithch\AppData\Roaming\npm\node_modules\markbind-cli\node_modules\bluebird\js\release\promise.js:547:31)
    at Promise._settlePromise (C:\Users\damithch\AppData\Roaming\npm\node_modules\markbind-cli\node_modules\bluebird\js\release\promise.js:604:18)
    at Promise._settlePromise0 (C:\Users\damithch\AppData\Roaming\npm\node_modules\markbind-cli\node_modules\bluebird\js\release\promise.js:649:10)
    at Promise._settlePromises (C:\Users\damithch\AppData\Roaming\npm\node_modules\markbind-cli\node_modules\bluebird\js\release\promise.js:725:18)
    at _drainQueueStep (C:\Users\damithch\AppData\Roaming\npm\node_modules\markbind-cli\node_modules\bluebird\js\release\async.js:93:12)
    at _drainQueue (C:\Users\damithch\AppData\Roaming\npm\node_modules\markbind-cli\node_modules\bluebird\js\release\async.js:86:9)
    at Async._drainQueues (C:\Users\damithch\AppData\Roaming\npm\node_modules\markbind-cli\node_modules\bluebird\js\release\async.js:102:5)
    at Immediate.Async.drainQueues (C:\Users\damithch\AppData\Roaming\npm\node_modules\markbind-cli\node_modules\bluebird\js\release\async.js:15:14)
    at runCallback (timers.js:789:20)
    at tryOnImmediate (timers.js:751:5)
    at processImmediate [as _immediateCallback] (timers.js:722:5)
2020-02-10T14:30:08.047Z - error: Error while generating C:\repos\nus-cs2113-AY1920S2\cs2113-website\schedule\week6\index.md
2020-02-10T14:31:47.386Z - info: [22:31:47] Reload for file change: C:\repos\nus-cs2113-AY1920S2\cs2113-website\schedule\week6\activity.mbdf
2020-02-10T14:31:47.386Z - info: Rebuilding affected source files
2020-02-10T14:31:47.386Z - info: Rebuilding 0 pages
2020-02-10T14:31:47.390Z - info: Pages rebuilt
2020-02-10T14:31:47.390Z - error: Error while generating C:\repos\nus-cs2113-AY1920S2\cs2113-website\schedule\week6\index.md
2020-02-10T14:31:47.402Z - info: Site data built
2020-02-10T14:32:03.554Z - info: Website generation started at 22:32:03
2020-02-10T14:32:11.660Z - info: Building assets...
2020-02-10T14:32:17.565Z - info: Assets built
2020-02-10T14:32:17.565Z - info: Generating pages...
2020-02-10T14:32:19.135Z - error:  TypeError: Cannot read property 'replace' of undefined
    at Object.ensurePosix (C:\Users\damithch\AppData\Roaming\npm\node_modules\markbind-cli\src\lib\markbind\src\utils.js:21:23)
    at Object.<anonymous> (C:\Users\damithch\AppData\Roaming\npm\node_modules\markbind-cli\src\lib\markbind\src\parser.js:401:34)
    at initialize.exports.each (C:\Users\damithch\AppData\Roaming\npm\node_modules\markbind-cli\node_modules\cheerio\lib\api\traversing.js:300:24)
    at Parser.processDynamicResources (C:\Users\damithch\AppData\Roaming\npm\node_modules\markbind-cli\src\lib\markbind\src\parser.js:395:30)
    at markbinder.includeFile.then.then.then.then.then.then.then.then.then.then.then.then.then.then.then.then.result (C:\Users\damithch\AppData\Roaming\npm\node_modules\markbind-cli\src\Page.js:796:36)
    at tryCatcher (C:\Users\damithch\AppData\Roaming\npm\node_modules\markbind-cli\node_modules\bluebird\js\release\util.js:16:23)
    at Promise._settlePromiseFromHandler (C:\Users\damithch\AppData\Roaming\npm\node_modules\markbind-cli\node_modules\bluebird\js\release\promise.js:547:31)
    at Promise._settlePromise (C:\Users\damithch\AppData\Roaming\npm\node_modules\markbind-cli\node_modules\bluebird\js\release\promise.js:604:18)
    at Promise._settlePromise0 (C:\Users\damithch\AppData\Roaming\npm\node_modules\markbind-cli\node_modules\bluebird\js\release\promise.js:649:10)
    at Promise._settlePromises (C:\Users\damithch\AppData\Roaming\npm\node_modules\markbind-cli\node_modules\bluebird\js\release\promise.js:729:18)
    at _drainQueueStep (C:\Users\damithch\AppData\Roaming\npm\node_modules\markbind-cli\node_modules\bluebird\js\release\async.js:93:12)
    at _drainQueue (C:\Users\damithch\AppData\Roaming\npm\node_modules\markbind-cli\node_modules\bluebird\js\release\async.js:86:9)
    at Async._drainQueues (C:\Users\damithch\AppData\Roaming\npm\node_modules\markbind-cli\node_modules\bluebird\js\release\async.js:102:5)
    at Immediate.Async.drainQueues (C:\Users\damithch\AppData\Roaming\npm\node_modules\markbind-cli\node_modules\bluebird\js\release\async.js:15:14)
    at runCallback (timers.js:789:20)
    at tryOnImmediate (timers.js:751:5)
2020-02-10T14:32:19.135Z - warn:  Error: Error while generating C:\repos\nus-cs2113-AY1920S2\cs2113-website\schedule\week6\index.md
    at processingFiles.push.page.generate.then.catch (C:\Users\damithch\AppData\Roaming\npm\node_modules\markbind-cli\src\Site.js:791:33)
    at tryCatcher (C:\Users\damithch\AppData\Roaming\npm\node_modules\markbind-cli\node_modules\bluebird\js\release\util.js:16:23)
    at Promise._settlePromiseFromHandler (C:\Users\damithch\AppData\Roaming\npm\node_modules\markbind-cli\node_modules\bluebird\js\release\promise.js:547:31)
    at Promise._settlePromise (C:\Users\damithch\AppData\Roaming\npm\node_modules\markbind-cli\node_modules\bluebird\js\release\promise.js:604:18)
    at Promise._settlePromise0 (C:\Users\damithch\AppData\Roaming\npm\node_modules\markbind-cli\node_modules\bluebird\js\release\promise.js:649:10)
    at Promise._settlePromises (C:\Users\damithch\AppData\Roaming\npm\node_modules\markbind-cli\node_modules\bluebird\js\release\promise.js:725:18)
    at _drainQueueStep (C:\Users\damithch\AppData\Roaming\npm\node_modules\markbind-cli\node_modules\bluebird\js\release\async.js:93:12)
    at _drainQueue (C:\Users\damithch\AppData\Roaming\npm\node_modules\markbind-cli\node_modules\bluebird\js\release\async.js:86:9)
    at Async._drainQueues (C:\Users\damithch\AppData\Roaming\npm\node_modules\markbind-cli\node_modules\bluebird\js\release\async.js:102:5)
    at Immediate.Async.drainQueues (C:\Users\damithch\AppData\Roaming\npm\node_modules\markbind-cli\node_modules\bluebird\js\release\async.js:15:14)
    at runCallback (timers.js:789:20)
    at tryOnImmediate (timers.js:751:5)
    at processImmediate [as _immediateCallback] (timers.js:722:5)
2020-02-10T14:32:19.919Z - warn:  Error: Error while generating C:\repos\nus-cs2113-AY1920S2\cs2113-website\schedule\week6\index.md
    at processingFiles.push.page.generate.then.catch (C:\Users\damithch\AppData\Roaming\npm\node_modules\markbind-cli\src\Site.js:791:33)
    at tryCatcher (C:\Users\damithch\AppData\Roaming\npm\node_modules\markbind-cli\node_modules\bluebird\js\release\util.js:16:23)
    at Promise._settlePromiseFromHandler (C:\Users\damithch\AppData\Roaming\npm\node_modules\markbind-cli\node_modules\bluebird\js\release\promise.js:547:31)
    at Promise._settlePromise (C:\Users\damithch\AppData\Roaming\npm\node_modules\markbind-cli\node_modules\bluebird\js\release\promise.js:604:18)
    at Promise._settlePromise0 (C:\Users\damithch\AppData\Roaming\npm\node_modules\markbind-cli\node_modules\bluebird\js\release\promise.js:649:10)
    at Promise._settlePromises (C:\Users\damithch\AppData\Roaming\npm\node_modules\markbind-cli\node_modules\bluebird\js\release\promise.js:725:18)
    at _drainQueueStep (C:\Users\damithch\AppData\Roaming\npm\node_modules\markbind-cli\node_modules\bluebird\js\release\async.js:93:12)
    at _drainQueue (C:\Users\damithch\AppData\Roaming\npm\node_modules\markbind-cli\node_modules\bluebird\js\release\async.js:86:9)
    at Async._drainQueues (C:\Users\damithch\AppData\Roaming\npm\node_modules\markbind-cli\node_modules\bluebird\js\release\async.js:102:5)
    at Immediate.Async.drainQueues (C:\Users\damithch\AppData\Roaming\npm\node_modules\markbind-cli\node_modules\bluebird\js\release\async.js:15:14)
    at runCallback (timers.js:789:20)
    at tryOnImmediate (timers.js:751:5)
    at processImmediate [as _immediateCallback] (timers.js:722:5)
2020-02-10T14:32:19.919Z - error: Error while generating C:\repos\nus-cs2113-AY1920S2\cs2113-website\schedule\week6\index.md
2020-02-10T14:33:15.571Z - info: Website generation started at 22:33:15
2020-02-10T14:33:23.144Z - info: Building assets...
2020-02-10T14:33:27.656Z - info: Assets built
2020-02-10T14:33:27.656Z - info: Generating pages...
2020-02-10T14:33:29.632Z - info: Pages built
2020-02-10T14:33:29.780Z - info: Website generation complete! Total build time: 14.225s
2020-02-10T14:33:30.288Z - info: Serving "C:\repos\nus-cs2113-AY1920S2\cs2113-website\_site" at http://127.0.0.1:8080
2020-02-10T14:33:30.288Z - info: Press CTRL+C to stop ...
2020-02-10T14:33:30.383Z - info: Site data built
2020-02-10T14:34:14.422Z - info: [22:34:14] Reload for file change: C:\repos\nus-cs2113-AY1920S2\cs2113-website\schedule\week6\activity.mbdf
2020-02-10T14:34:15.429Z - info: Rebuilding affected source files
2020-02-10T14:34:15.429Z - info: Rebuilding 1 pages
2020-02-10T14:34:17.204Z - info: Pages rebuilt
2020-02-10T14:34:17.212Z - info: Site data built
2020-02-10T14:34:18.972Z - info: [22:34:18] Reload for file change: C:\repos\nus-cs2113-AY1920S2\cs2113-website\schedule\week6\activity.mbdf
2020-02-10T14:34:19.979Z - info: Rebuilding affected source files
2020-02-10T14:34:19.979Z - info: Rebuilding 1 pages
2020-02-10T14:34:22.029Z - info: Pages rebuilt
2020-02-10T14:34:22.077Z - info: Site data built
2020-02-10T14:35:49.537Z - info: [22:35:49] Reload for file change: C:\repos\nus-cs2113-AY1920S2\cs2113-website\schedule\week6\activity.mbdf
2020-02-10T14:35:50.544Z - info: Rebuilding affected source files
2020-02-10T14:35:50.544Z - info: Rebuilding 1 pages
2020-02-10T14:35:52.606Z - info: Pages rebuilt
2020-02-10T14:35:52.610Z - info: Site data built
2020-02-10T14:36:06.915Z - info: [22:36:06] Reload for file change: C:\repos\nus-cs2113-AY1920S2\cs2113-website\schedule\week6\activity.mbdf
2020-02-10T14:36:07.923Z - info: Rebuilding affected source files
2020-02-10T14:36:07.923Z - info: Rebuilding 1 pages
2020-02-10T14:36:09.295Z - info: Pages rebuilt
2020-02-10T14:36:09.303Z - info: Site data built
2020-02-10T14:36:23.294Z - info: [22:36:23] Reload for file change: C:\repos\nus-cs2113-AY1920S2\cs2113-website\schedule\week6\activity.mbdf
2020-02-10T14:36:24.301Z - info: Rebuilding affected source files
2020-02-10T14:36:24.301Z - info: Rebuilding 1 pages
2020-02-10T14:36:26.177Z - info: Pages rebuilt
2020-02-10T14:36:26.185Z - info: Site data built
2020-02-10T14:36:46.975Z - info: [22:36:46] Reload for file change: C:\repos\nus-cs2113-AY1920S2\cs2113-website\schedule\week6\activity.mbdf
2020-02-10T14:36:47.981Z - info: Rebuilding affected source files
2020-02-10T14:36:47.985Z - info: Rebuilding 1 pages
2020-02-10T14:36:50.284Z - info: Pages rebuilt
2020-02-10T14:36:50.288Z - info: Site data built
2020-02-10T14:37:26.950Z - info: [22:37:26] Reload for file change: C:\repos\nus-cs2113-AY1920S2\cs2113-website\schedule\week6\activity.mbdf
2020-02-10T14:37:27.959Z - info: Rebuilding affected source files
2020-02-10T14:37:27.959Z - info: Rebuilding 1 pages
2020-02-10T14:37:30.205Z - info: Pages rebuilt
2020-02-10T14:37:30.209Z - info: Site data built
2020-02-10T14:37:44.874Z - info: [22:37:44] Reload for file change: C:\repos\nus-cs2113-AY1920S2\cs2113-website\schedule\week6\activity.mbdf
2020-02-10T14:37:45.878Z - info: Rebuilding affected source files
2020-02-10T14:37:45.878Z - info: Rebuilding 1 pages
2020-02-10T14:37:47.319Z - info: Pages rebuilt
2020-02-10T14:37:47.323Z - info: Site data built
2020-02-10T14:38:12.980Z - info: [22:38:12] Reload for file change: C:\repos\nus-cs2113-AY1920S2\cs2113-website\schedule\week6\activity.mbdf
2020-02-10T14:38:13.983Z - info: Rebuilding affected source files
2020-02-10T14:38:13.983Z - info: Rebuilding 1 pages
2020-02-10T14:38:15.659Z - info: Pages rebuilt
2020-02-10T14:38:15.663Z - info: Site data built
2020-02-10T14:38:26.920Z - info: [22:38:26] Reload for file change: C:\repos\nus-cs2113-AY1920S2\cs2113-website\schedule\week6\activity.mbdf
2020-02-10T14:38:27.928Z - info: Rebuilding affected source files
2020-02-10T14:38:27.928Z - info: Rebuilding 1 pages
2020-02-10T14:38:30.692Z - info: Pages rebuilt
2020-02-10T14:38:30.700Z - info: Site data built
2020-02-10T14:38:41.778Z - info: [22:38:41] Reload for file change: C:\repos\nus-cs2113-AY1920S2\cs2113-website\schedule\week6\activity.mbdf
2020-02-10T14:38:42.784Z - info: Rebuilding affected source files
2020-02-10T14:38:42.784Z - info: Rebuilding 1 pages
2020-02-10T14:38:45.066Z - info: Pages rebuilt
2020-02-10T14:38:45.070Z - info: Site data built
2020-02-10T14:38:56.772Z - info: [22:38:56] Reload for file change: C:\repos\nus-cs2113-AY1920S2\cs2113-website\schedule\week6\activity.mbdf
2020-02-10T14:38:57.780Z - info: Rebuilding affected source files
2020-02-10T14:38:57.780Z - info: Rebuilding 1 pages
2020-02-10T14:38:59.533Z - info: Pages rebuilt
2020-02-10T14:38:59.577Z - info: Site data built
2020-02-10T14:39:12.644Z - info: [22:39:12] Reload for file change: C:\repos\nus-cs2113-AY1920S2\cs2113-website\schedule\week6\activity.mbdf
2020-02-10T14:39:13.652Z - info: Rebuilding affected source files
2020-02-10T14:39:13.652Z - info: Rebuilding 1 pages
2020-02-10T14:39:15.916Z - info: Pages rebuilt
2020-02-10T14:39:15.928Z - info: Site data built
2020-02-10T14:39:22.178Z - info: [22:39:22] Reload for file change: C:\repos\nus-cs2113-AY1920S2\cs2113-website\schedule\week6\activity.mbdf
2020-02-10T14:39:23.188Z - info: Rebuilding affected source files
2020-02-10T14:39:23.188Z - info: Rebuilding 1 pages
2020-02-10T14:39:24.890Z - info: Pages rebuilt
2020-02-10T14:39:24.894Z - info: Site data built
2020-02-10T14:39:44.145Z - info: [22:39:44] Reload for file change: C:\repos\nus-cs2113-AY1920S2\cs2113-website\schedule\week6\activity.mbdf
2020-02-10T14:39:45.154Z - info: Rebuilding affected source files
2020-02-10T14:39:45.154Z - info: Rebuilding 1 pages
2020-02-10T14:39:47.092Z - info: Pages rebuilt
2020-02-10T14:39:47.096Z - info: Site data built
2020-02-10T14:39:56.742Z - info: [22:39:56] Reload for file change: C:\repos\nus-cs2113-AY1920S2\cs2113-website\schedule\week6\activity.mbdf
2020-02-10T14:39:57.750Z - info: Rebuilding affected source files
2020-02-10T14:39:57.750Z - info: Rebuilding 1 pages
2020-02-10T14:40:00.352Z - info: Pages rebuilt
2020-02-10T14:40:00.364Z - info: Site data built
2020-02-10T14:40:41.508Z - info: [22:40:41] Reload for file change: C:\repos\nus-cs2113-AY1920S2\cs2113-website\schedule\week6\activity.mbdf
2020-02-10T14:40:42.519Z - info: Rebuilding affected source files
2020-02-10T14:40:42.523Z - info: Rebuilding 1 pages
2020-02-10T14:40:44.306Z - info: Pages rebuilt
2020-02-10T14:40:44.310Z - info: Site data built
2020-02-10T14:41:13.737Z - info: [22:41:13] Reload for file change: C:\repos\nus-cs2113-AY1920S2\cs2113-website\schedule\week6\activity.mbdf
2020-02-10T14:41:14.753Z - info: Rebuilding affected source files
2020-02-10T14:41:14.753Z - info: Rebuilding 1 pages
2020-02-10T14:41:17.382Z - info: Pages rebuilt
2020-02-10T14:41:17.402Z - info: Site data built
2020-02-10T14:41:34.951Z - info: [22:41:34] Reload for file change: C:\repos\nus-cs2113-AY1920S2\cs2113-website\schedule\week6\activity.mbdf
2020-02-10T14:41:35.962Z - info: Rebuilding affected source files
2020-02-10T14:41:35.962Z - info: Rebuilding 1 pages
2020-02-10T14:41:37.472Z - info: Pages rebuilt
2020-02-10T14:41:37.476Z - info: Site data built
2020-02-10T14:41:49.428Z - info: [22:41:49] Reload for file change: C:\repos\nus-cs2113-AY1920S2\cs2113-website\schedule\week6\activity.mbdf
2020-02-10T14:41:50.438Z - info: Rebuilding affected source files
2020-02-10T14:41:50.438Z - info: Rebuilding 1 pages
2020-02-10T14:41:51.913Z - info: Pages rebuilt
2020-02-10T14:41:51.917Z - info: Site data built
2020-02-10T14:45:17.389Z - info: [22:45:17] Reload for file change: C:\repos\nus-cs2113-AY1920S2\cs2113-website\schedule\week6\activity.mbdf
2020-02-10T14:45:18.395Z - info: Rebuilding affected source files
2020-02-10T14:45:18.395Z - info: Rebuilding 1 pages
2020-02-10T14:45:19.968Z - info: Pages rebuilt
2020-02-10T14:45:19.972Z - info: Site data built
2020-02-10T14:45:50.474Z - info: [22:45:50] Reload for file change: C:\repos\nus-cs2113-AY1920S2\cs2113-website\schedule\week6\activity.mbdf
2020-02-10T14:45:51.483Z - info: Rebuilding affected source files
2020-02-10T14:45:51.483Z - info: Rebuilding 1 pages
2020-02-10T14:45:52.919Z - info: Pages rebuilt
2020-02-10T14:45:52.923Z - info: Site data built
2020-02-10T14:48:24.532Z - info: [22:48:24] Reload for file change: C:\repos\nus-cs2113-AY1920S2\cs2113-website\schedule\week6\activity.mbdf
2020-02-10T14:48:25.540Z - info: Rebuilding affected source files
2020-02-10T14:48:25.540Z - info: Rebuilding 1 pages
2020-02-10T14:48:27.037Z - info: Pages rebuilt
2020-02-10T14:48:27.041Z - info: Site data built
2020-02-10T14:48:43.489Z - info: [22:48:43] Reload for file change: C:\repos\nus-cs2113-AY1920S2\cs2113-website\schedule\week6\activity.mbdf
2020-02-10T14:48:44.497Z - info: Rebuilding affected source files
2020-02-10T14:48:44.497Z - info: Rebuilding 1 pages
2020-02-10T14:48:45.727Z - info: Pages rebuilt
2020-02-10T14:48:45.735Z - info: Site data built
2020-02-10T14:49:02.521Z - info: [22:49:02] Reload for file change: C:\repos\nus-cs2113-AY1920S2\cs2113-website\schedule\week6\activity.mbdf
2020-02-10T14:49:03.528Z - info: Rebuilding affected source files
2020-02-10T14:49:03.528Z - info: Rebuilding 1 pages
2020-02-10T14:49:04.769Z - info: Pages rebuilt
2020-02-10T14:49:04.769Z - info: Site data built
2020-02-10T14:52:15.478Z - info: [22:52:15] Reload for file change: C:\repos\nus-cs2113-AY1920S2\cs2113-website\schedule\week6\activity.mbdf
2020-02-10T14:52:16.484Z - info: Rebuilding affected source files
2020-02-10T14:52:16.484Z - info: Rebuilding 1 pages
2020-02-10T14:52:18.541Z - info: Pages rebuilt
2020-02-10T14:52:18.545Z - info: Site data built
2020-02-10T14:53:19.983Z - info: [22:53:19] Reload for file change: C:\repos\nus-cs2113-AY1920S2\cs2113-website\schedule\week6\activity.mbdf
2020-02-10T14:53:20.987Z - info: Rebuilding affected source files
2020-02-10T14:53:20.987Z - info: Rebuilding 1 pages
2020-02-10T14:53:22.757Z - info: Pages rebuilt
2020-02-10T14:53:22.761Z - info: Site data built
2020-02-10T14:56:32.363Z - info: [22:56:32] Reload for file add: C:\repos\nus-cs2113-AY1920S2\cs2113-website\schedule\week6\images\after-checking-out-branch.png
2020-02-10T14:56:32.387Z - info: [22:56:32] Reload for file change: C:\repos\nus-cs2113-AY1920S2\cs2113-website\schedule\week6\images\after-checking-out-branch.png
2020-02-10T14:56:33.381Z - info: Assets built
2020-02-10T14:56:46.668Z - info: [22:56:46] Reload for file change: C:\repos\nus-cs2113-AY1920S2\cs2113-website\schedule\week6\activity.mbdf
2020-02-10T14:56:47.674Z - info: Rebuilding affected source files
2020-02-10T14:56:47.674Z - info: Rebuilding 1 pages
2020-02-10T14:56:49.214Z - info: Pages rebuilt
2020-02-10T14:56:49.266Z - info: Site data built
2020-02-10T14:57:33.370Z - info: [22:57:33] Reload for file change: C:\repos\nus-cs2113-AY1920S2\cs2113-website\schedule\week6\activity.mbdf
2020-02-10T14:57:34.380Z - info: Rebuilding affected source files
2020-02-10T14:57:34.380Z - info: Rebuilding 1 pages
2020-02-10T14:57:36.154Z - info: Pages rebuilt
2020-02-10T14:57:36.154Z - info: Site data built
2020-02-10T14:59:04.716Z - info: [22:59:04] Reload for file change: C:\repos\nus-cs2113-AY1920S2\cs2113-website\schedule\week6\activity.mbdf
2020-02-10T14:59:05.720Z - info: Rebuilding affected source files
2020-02-10T14:59:05.720Z - info: Rebuilding 1 pages
2020-02-10T14:59:07.560Z - info: Pages rebuilt
2020-02-10T14:59:07.564Z - info: Site data built
2020-02-10T14:59:38.520Z - info: [22:59:38] Reload for file change: C:\repos\nus-cs2113-AY1920S2\cs2113-website\schedule\week6\activity.mbdf
2020-02-10T14:59:39.523Z - info: Rebuilding affected source files
2020-02-10T14:59:39.523Z - info: Rebuilding 1 pages
2020-02-10T14:59:40.923Z - info: Pages rebuilt
2020-02-10T14:59:40.927Z - info: Site data built
2020-02-10T15:00:04.368Z - info: [23:00:04] Reload for file change: C:\repos\nus-cs2113-AY1920S2\cs2113-website\schedule\week6\activity.mbdf
2020-02-10T15:00:05.378Z - info: Rebuilding affected source files
2020-02-10T15:00:05.378Z - info: Rebuilding 1 pages
2020-02-10T15:00:07.116Z - info: Pages rebuilt
2020-02-10T15:00:07.120Z - info: Site data built
2020-02-10T15:00:17.478Z - info: [23:00:17] Reload for file change: C:\repos\nus-cs2113-AY1920S2\cs2113-website\schedule\week6\activity.mbdf
2020-02-10T15:00:18.486Z - info: Rebuilding affected source files
2020-02-10T15:00:18.486Z - info: Rebuilding 1 pages
2020-02-10T15:00:19.844Z - info: Pages rebuilt
2020-02-10T15:00:19.848Z - info: Site data built
2020-02-10T15:01:51.278Z - info: [23:01:51] Reload for file change: C:\repos\nus-cs2113-AY1920S2\cs2113-website\schedule\week6\activity.mbdf
2020-02-10T15:01:52.282Z - info: Rebuilding affected source files
2020-02-10T15:01:52.282Z - info: Rebuilding 1 pages
2020-02-10T15:01:54.164Z - info: Pages rebuilt
2020-02-10T15:01:54.168Z - info: Site data built
2020-02-10T15:04:30.225Z - info: [23:04:30] Reload for file change: C:\repos\nus-cs2113-AY1920S2\cs2113-website\schedule\week6\activity.mbdf
2020-02-10T15:04:31.234Z - info: Rebuilding affected source files
2020-02-10T15:04:31.234Z - info: Rebuilding 1 pages
2020-02-10T15:04:33.964Z - info: Pages rebuilt
2020-02-10T15:04:34.016Z - info: Site data built
2020-02-10T15:05:04.332Z - info: [23:05:04] Reload for file change: C:\repos\nus-cs2113-AY1920S2\cs2113-website\schedule\week6\activity.mbdf
2020-02-10T15:05:05.342Z - info: Rebuilding affected source files
2020-02-10T15:05:05.342Z - info: Rebuilding 1 pages
2020-02-10T15:05:07.881Z - info: Pages rebuilt
2020-02-10T15:05:07.885Z - info: Site data built
2020-02-10T15:07:31.109Z - info: [23:07:31] Reload for file change: C:\repos\nus-cs2113-AY1920S2\cs2113-website\schedule\week6\activity.mbdf
2020-02-10T15:07:32.113Z - info: Rebuilding affected source files
2020-02-10T15:07:32.113Z - info: Rebuilding 1 pages
2020-02-10T15:07:34.531Z - info: Pages rebuilt
2020-02-10T15:07:34.591Z - info: Site data built
2020-02-10T15:07:49.182Z - info: [23:07:49] Reload for file change: C:\repos\nus-cs2113-AY1920S2\cs2113-website\schedule\week6\activity.mbdf
2020-02-10T15:07:50.186Z - info: Rebuilding affected source files
2020-02-10T15:07:50.186Z - info: Rebuilding 1 pages
2020-02-10T15:07:52.960Z - info: Pages rebuilt
2020-02-10T15:07:52.964Z - info: Site data built
2020-02-10T15:08:07.859Z - info: [23:08:07] Reload for file change: C:\repos\nus-cs2113-AY1920S2\cs2113-website\schedule\week6\activity.mbdf
2020-02-10T15:08:08.865Z - info: Rebuilding affected source files
2020-02-10T15:08:08.865Z - info: Rebuilding 1 pages
2020-02-10T15:08:11.138Z - info: Pages rebuilt
2020-02-10T15:08:11.138Z - info: Site data built
2020-02-10T15:08:22.370Z - info: [23:08:22] Reload for file change: C:\repos\nus-cs2113-AY1920S2\cs2113-website\schedule\week6\activity.mbdf
2020-02-10T15:08:23.385Z - info: Rebuilding affected source files
2020-02-10T15:08:23.389Z - info: Rebuilding 1 pages
2020-02-10T15:08:26.008Z - info: Pages rebuilt
2020-02-10T15:08:26.012Z - info: Site data built
2020-02-10T15:09:15.295Z - info: [23:09:15] Reload for file change: C:\repos\nus-cs2113-AY1920S2\cs2113-website\schedule\week6\activity.mbdf
2020-02-10T15:09:16.296Z - info: Rebuilding affected source files
2020-02-10T15:09:16.296Z - info: Rebuilding 1 pages
2020-02-10T15:09:18.900Z - info: Pages rebuilt
2020-02-10T15:09:18.964Z - info: Site data built
2020-02-10T15:14:39.898Z - info: [23:14:39] Reload for file change: C:\repos\nus-cs2113-AY1920S2\cs2113-website\schedule\week6\activity.mbdf
2020-02-10T15:14:40.903Z - info: Rebuilding affected source files
2020-02-10T15:14:40.903Z - info: Rebuilding 1 pages
2020-02-10T15:14:43.158Z - info: Pages rebuilt
2020-02-10T15:14:43.222Z - info: Site data built
2020-02-10T15:17:07.951Z - info: [23:17:07] Reload for file change: C:\repos\nus-cs2113-AY1920S2\cs2113-website\schedule\week6\activity.mbdf
2020-02-10T15:17:08.955Z - info: Rebuilding affected source files
2020-02-10T15:17:08.959Z - info: Rebuilding 1 pages
2020-02-10T15:17:12.152Z - info: Pages rebuilt
2020-02-10T15:17:12.156Z - info: Site data built
2020-02-10T15:18:43.438Z - info: [23:18:43] Reload for file change: C:\repos\nus-cs2113-AY1920S2\cs2113-website\schedule\week6\activity.mbdf
2020-02-10T15:18:44.442Z - info: Rebuilding affected source files
2020-02-10T15:18:44.442Z - info: Rebuilding 1 pages
2020-02-10T15:18:46.947Z - info: Pages rebuilt
2020-02-10T15:18:46.951Z - info: Site data built
2020-02-10T15:20:03.948Z - info: [23:20:03] Reload for file change: C:\repos\nus-cs2113-AY1920S2\cs2113-website\schedule\week6\activity.mbdf
2020-02-10T15:20:04.954Z - info: Rebuilding affected source files
2020-02-10T15:20:04.954Z - info: Rebuilding 1 pages
2020-02-10T15:20:07.652Z - info: Pages rebuilt
2020-02-10T15:20:07.764Z - info: Site data built
2020-02-10T15:20:36.854Z - info: [23:20:36] Reload for file change: C:\repos\nus-cs2113-AY1920S2\cs2113-website\schedule\week6\activity.mbdf
2020-02-10T15:20:37.860Z - info: Rebuilding affected source files
2020-02-10T15:20:37.868Z - info: Rebuilding 1 pages
2020-02-10T15:20:40.395Z - info: Pages rebuilt
2020-02-10T15:20:40.395Z - info: Site data built
2020-02-10T15:22:59.082Z - info: [23:22:59] Reload for file change: C:\repos\nus-cs2113-AY1920S2\cs2113-website\schedule\week6\activity.mbdf
2020-02-10T15:23:00.098Z - info: Rebuilding affected source files
2020-02-10T15:23:00.098Z - info: Rebuilding 1 pages
2020-02-10T15:23:02.716Z - info: Pages rebuilt
2020-02-10T15:23:02.772Z - info: Site data built
2020-02-10T15:24:39.862Z - info: [23:24:39] Reload for file change: C:\repos\nus-cs2113-AY1920S2\cs2113-website\schedule\week6\activity.mbdf
2020-02-10T15:24:40.867Z - info: Rebuilding affected source files
2020-02-10T15:24:40.867Z - info: Rebuilding 1 pages
2020-02-10T15:24:43.667Z - info: Pages rebuilt
2020-02-10T15:24:43.671Z - info: Site data built
2020-02-10T15:29:27.727Z - info: [23:29:27] Reload for file change: C:\repos\nus-cs2113-AY1920S2\cs2113-website\schedule\week6\activity.mbdf
2020-02-10T15:29:28.734Z - info: Rebuilding affected source files
2020-02-10T15:29:28.738Z - info: Rebuilding 1 pages
2020-02-10T15:29:31.485Z - info: Pages rebuilt
2020-02-10T15:29:31.485Z - info: Site data built
2020-02-10T15:29:48.597Z - info: [23:29:48] Reload for file change: C:\repos\nus-cs2113-AY1920S2\cs2113-website\schedule\week6\activity.mbdf
2020-02-10T15:29:49.600Z - info: Rebuilding affected source files
2020-02-10T15:29:49.601Z - info: Rebuilding 1 pages
2020-02-10T15:29:51.221Z - info: Pages rebuilt
2020-02-10T15:29:51.227Z - info: Site data built
2020-02-10T15:33:31.136Z - info: [23:33:31] Reload for file change: C:\repos\nus-cs2113-AY1920S2\cs2113-website\schedule\week6\activity.mbdf
2020-02-10T15:33:32.137Z - info: Rebuilding affected source files
2020-02-10T15:33:32.137Z - info: Rebuilding 1 pages
2020-02-10T15:33:33.733Z - info: Pages rebuilt
2020-02-10T15:33:33.737Z - info: Site data built
2020-02-10T15:34:26.075Z - info: [23:34:26] Reload for file change: C:\repos\nus-cs2113-AY1920S2\cs2113-website\schedule\week6\activity.mbdf
2020-02-10T15:34:27.077Z - info: Rebuilding affected source files
2020-02-10T15:34:27.078Z - info: Rebuilding 1 pages
2020-02-10T15:34:28.625Z - info: Pages rebuilt
2020-02-10T15:34:28.628Z - info: Site data built
2020-02-10T15:34:34.238Z - info: [23:34:34] Reload for file change: C:\repos\nus-cs2113-AY1920S2\cs2113-website\schedule\week6\activity.mbdf
2020-02-10T15:34:35.243Z - info: Rebuilding affected source files
2020-02-10T15:34:35.243Z - info: Rebuilding 1 pages
2020-02-10T15:34:36.747Z - info: Pages rebuilt
2020-02-10T15:34:36.750Z - info: Site data built
2020-02-10T15:37:06.995Z - info: [23:37:06] Reload for file change: C:\repos\nus-cs2113-AY1920S2\cs2113-website\schedule\week6\activity.mbdf
2020-02-10T15:37:07.998Z - info: Rebuilding affected source files
2020-02-10T15:37:07.999Z - info: Rebuilding 1 pages
2020-02-10T15:37:09.558Z - info: Pages rebuilt
2020-02-10T15:37:09.561Z - info: Site data built
2020-02-10T15:38:45.493Z - info: [23:38:45] Reload for file change: C:\repos\nus-cs2113-AY1920S2\cs2113-website\schedule\week6\activity.mbdf
2020-02-10T15:38:46.496Z - info: Rebuilding affected source files
2020-02-10T15:38:46.497Z - info: Rebuilding 1 pages
2020-02-10T15:38:48.050Z - info: Pages rebuilt
2020-02-10T15:38:48.053Z - info: Site data built
2020-02-10T15:39:30.999Z - info: [23:39:30] Reload for file change: C:\repos\nus-cs2113-AY1920S2\cs2113-website\schedule\week6\activity.mbdf
2020-02-10T15:39:32.006Z - info: Rebuilding affected source files
2020-02-10T15:39:32.007Z - info: Rebuilding 1 pages
2020-02-10T15:39:33.533Z - info: Pages rebuilt
2020-02-10T15:39:33.586Z - info: Site data built
2020-02-10T15:41:28.213Z - info: [23:41:28] Reload for file change: C:\repos\nus-cs2113-AY1920S2\cs2113-website\schedule\week6\activity.mbdf
2020-02-10T15:41:29.216Z - info: Rebuilding affected source files
2020-02-10T15:41:29.216Z - info: Rebuilding 1 pages
2020-02-10T15:41:31.247Z - info: Pages rebuilt
2020-02-10T15:41:31.307Z - info: Site data built
2020-02-10T15:41:56.182Z - info: [23:41:56] Reload for file change: C:\repos\nus-cs2113-AY1920S2\cs2113-website\schedule\week6\activity.mbdf
2020-02-10T15:41:57.183Z - info: Rebuilding affected source files
2020-02-10T15:41:57.185Z - info: Rebuilding 1 pages
2020-02-10T15:41:59.389Z - info: Pages rebuilt
2020-02-10T15:41:59.393Z - info: Site data built
2020-02-10T15:44:02.008Z - info: [23:44:02] Reload for file change: C:\repos\nus-cs2113-AY1920S2\cs2113-website\schedule\week6\activity.mbdf
2020-02-10T15:44:03.017Z - info: Rebuilding affected source files
2020-02-10T15:44:03.018Z - info: Rebuilding 1 pages
2020-02-10T15:44:05.341Z - info: Pages rebuilt
2020-02-10T15:44:05.345Z - info: Site data built
2020-02-10T15:44:12.477Z - info: [23:44:12] Reload for file change: C:\repos\nus-cs2113-AY1920S2\cs2113-website\schedule\week6\activity.mbdf
2020-02-10T15:44:13.483Z - info: Rebuilding affected source files
2020-02-10T15:44:13.483Z - info: Rebuilding 1 pages
2020-02-10T15:44:15.483Z - info: Pages rebuilt
2020-02-10T15:44:15.486Z - info: Site data built
2020-02-10T15:45:41.497Z - info: [23:45:41] Reload for file change: C:\repos\nus-cs2113-AY1920S2\cs2113-website\schedule\week6\activity.mbdf
2020-02-10T15:45:42.500Z - info: Rebuilding affected source files
2020-02-10T15:45:42.500Z - info: Rebuilding 1 pages
2020-02-10T15:45:44.699Z - info: Pages rebuilt
2020-02-10T15:45:44.703Z - info: Site data built
2020-02-10T15:47:40.001Z - info: [23:47:40] Reload for file change: C:\repos\nus-cs2113-AY1920S2\cs2113-website\schedule\week6\activity.mbdf
2020-02-10T15:47:41.007Z - info: Rebuilding affected source files
2020-02-10T15:47:41.007Z - info: Rebuilding 1 pages
2020-02-10T15:47:43.083Z - info: Pages rebuilt
2020-02-10T15:47:43.086Z - info: Site data built
2020-02-10T15:48:11.990Z - info: [23:48:11] Reload for file change: C:\repos\nus-cs2113-AY1920S2\cs2113-website\schedule\week6\activity.mbdf
2020-02-10T15:48:12.994Z - info: Rebuilding affected source files
2020-02-10T15:48:12.996Z - info: Rebuilding 1 pages
2020-02-10T15:48:14.649Z - info: Pages rebuilt
2020-02-10T15:48:14.652Z - info: Site data built
2020-02-10T15:48:30.823Z - info: [23:48:30] Reload for file change: C:\repos\nus-cs2113-AY1920S2\cs2113-website\schedule\week6\activity.mbdf
2020-02-10T15:48:31.827Z - info: Rebuilding affected source files
2020-02-10T15:48:31.827Z - info: Rebuilding 1 pages
2020-02-10T15:48:33.453Z - info: Pages rebuilt
2020-02-10T15:48:33.456Z - info: Site data built
2020-02-10T15:48:50.666Z - info: [23:48:50] Reload for file change: C:\repos\nus-cs2113-AY1920S2\cs2113-website\schedule\week6\activity.mbdf
2020-02-10T15:48:51.667Z - info: Rebuilding affected source files
2020-02-10T15:48:51.667Z - info: Rebuilding 1 pages
2020-02-10T15:48:53.216Z - info: Pages rebuilt
2020-02-10T15:48:53.219Z - info: Site data built
2020-02-10T15:49:12.199Z - info: [23:49:12] Reload for file change: C:\repos\nus-cs2113-AY1920S2\cs2113-website\schedule\week6\activity.mbdf
2020-02-10T15:49:13.203Z - info: Rebuilding affected source files
2020-02-10T15:49:13.203Z - info: Rebuilding 1 pages
2020-02-10T15:49:14.781Z - info: Pages rebuilt
2020-02-10T15:49:14.784Z - info: Site data built
2020-02-10T15:49:47.071Z - info: [23:49:47] Reload for file change: C:\repos\nus-cs2113-AY1920S2\cs2113-website\schedule\week6\activity.mbdf
2020-02-10T15:49:48.072Z - info: Rebuilding affected source files
2020-02-10T15:49:48.072Z - info: Rebuilding 1 pages
2020-02-10T15:49:49.603Z - info: Pages rebuilt
2020-02-10T15:49:49.606Z - info: Site data built
2020-02-10T15:50:03.686Z - info: [23:50:03] Reload for file change: C:\repos\nus-cs2113-AY1920S2\cs2113-website\schedule\week6\activity.mbdf
2020-02-10T15:50:04.695Z - info: Rebuilding affected source files
2020-02-10T15:50:04.695Z - info: Rebuilding 1 pages
2020-02-10T15:50:06.159Z - info: Pages rebuilt
2020-02-10T15:50:06.162Z - info: Site data built
2020-02-10T15:50:13.047Z - info: [23:50:13] Reload for file change: C:\repos\nus-cs2113-AY1920S2\cs2113-website\schedule\week6\activity.mbdf
2020-02-10T15:50:14.050Z - info: Rebuilding affected source files
2020-02-10T15:50:14.050Z - info: Rebuilding 1 pages
2020-02-10T15:50:15.482Z - info: Pages rebuilt
2020-02-10T15:50:15.485Z - info: Site data built
2020-02-10T15:50:24.475Z - info: [23:50:24] Reload for file change: C:\repos\nus-cs2113-AY1920S2\cs2113-website\schedule\week6\activity.mbdf
2020-02-10T15:50:25.479Z - info: Rebuilding affected source files
2020-02-10T15:50:25.479Z - info: Rebuilding 1 pages
2020-02-10T15:50:26.916Z - info: Pages rebuilt
2020-02-10T15:50:26.919Z - info: Site data built
2020-02-10T15:51:03.682Z - info: [23:51:03] Reload for file change: C:\repos\nus-cs2113-AY1920S2\cs2113-website\schedule\week6\activity.mbdf
2020-02-10T15:51:04.688Z - info: Rebuilding affected source files
2020-02-10T15:51:04.688Z - info: Rebuilding 1 pages
2020-02-10T15:51:06.295Z - info: Pages rebuilt
2020-02-10T15:51:06.298Z - info: Site data built
2020-02-10T15:51:15.219Z - info: [23:51:15] Reload for file change: C:\repos\nus-cs2113-AY1920S2\cs2113-website\schedule\week6\activity.mbdf
2020-02-10T15:51:16.224Z - info: Rebuilding affected source files
2020-02-10T15:51:16.224Z - info: Rebuilding 1 pages
2020-02-10T15:51:17.685Z - info: Pages rebuilt
2020-02-10T15:51:17.687Z - info: Site data built
2020-02-10T15:51:26.258Z - info: [23:51:26] Reload for file change: C:\repos\nus-cs2113-AY1920S2\cs2113-website\schedule\week6\activity.mbdf
2020-02-10T15:51:27.262Z - info: Rebuilding affected source files
2020-02-10T15:51:27.262Z - info: Rebuilding 1 pages
2020-02-10T15:51:28.663Z - info: Pages rebuilt
2020-02-10T15:51:28.666Z - info: Site data built
2020-02-10T15:52:18.651Z - info: [23:52:18] Reload for file change: C:\repos\nus-cs2113-AY1920S2\cs2113-website\schedule\week6\activity.mbdf
2020-02-10T15:52:19.656Z - info: Rebuilding affected source files
2020-02-10T15:52:19.656Z - info: Rebuilding 1 pages
2020-02-10T15:52:21.207Z - info: Pages rebuilt
2020-02-10T15:52:21.265Z - info: Site data built
2020-02-10T15:52:27.161Z - info: [23:52:27] Reload for file change: C:\repos\nus-cs2113-AY1920S2\cs2113-website\schedule\week6\activity.mbdf
2020-02-10T15:52:28.164Z - info: Rebuilding affected source files
2020-02-10T15:52:28.164Z - info: Rebuilding 1 pages
2020-02-10T15:52:29.592Z - info: Pages rebuilt
2020-02-10T15:52:29.594Z - info: Site data built
2020-02-10T15:55:13.530Z - info: [23:55:13] Reload for file change: C:\repos\nus-cs2113-AY1920S2\cs2113-website\schedule\week6\activity.mbdf
2020-02-10T15:55:14.535Z - info: Rebuilding affected source files
2020-02-10T15:55:14.535Z - info: Rebuilding 1 pages
2020-02-10T15:55:16.190Z - info: Pages rebuilt
2020-02-10T15:55:16.193Z - info: Site data built
2020-02-10T15:55:26.648Z - info: [23:55:26] Reload for file change: C:\repos\nus-cs2113-AY1920S2\cs2113-website\schedule\week6\activity.mbdf
2020-02-10T15:55:27.653Z - info: Rebuilding affected source files
2020-02-10T15:55:27.653Z - info: Rebuilding 1 pages
2020-02-10T15:55:29.176Z - info: Pages rebuilt
2020-02-10T15:55:29.179Z - info: Site data built
2020-02-10T15:59:26.717Z - info: [23:59:26] Reload for file change: C:\repos\nus-cs2113-AY1920S2\cs2113-website\schedule\week6\activity.mbdf
2020-02-10T15:59:27.724Z - info: Rebuilding affected source files
2020-02-10T15:59:27.724Z - info: Rebuilding 1 pages
2020-02-10T15:59:29.921Z - info: Pages rebuilt
2020-02-10T15:59:29.926Z - info: Site data built
2020-02-10T15:59:42.564Z - info: [23:59:42] Reload for file change: C:\repos\nus-cs2113-AY1920S2\cs2113-website\schedule\week6\activity.mbdf
2020-02-10T15:59:43.565Z - info: Rebuilding affected source files
2020-02-10T15:59:43.565Z - info: Rebuilding 1 pages
2020-02-10T15:59:45.529Z - info: Pages rebuilt
2020-02-10T15:59:45.532Z - info: Site data built
2020-02-10T15:59:54.534Z - info: [23:59:54] Reload for file change: C:\repos\nus-cs2113-AY1920S2\cs2113-website\schedule\week6\activity.mbdf
2020-02-10T15:59:55.538Z - info: Rebuilding affected source files
2020-02-10T15:59:55.539Z - info: Rebuilding 1 pages
2020-02-10T15:59:57.542Z - info: Pages rebuilt
2020-02-10T15:59:57.545Z - info: Site data built
