2020-02-26T03:24:56.219Z - info: Website generation started at 11:24:54 AM
2020-02-26T03:24:59.364Z - info: Building assets...
2020-02-26T03:25:02.340Z - info: Assets built
2020-02-26T03:25:02.340Z - info: Generating pages...
2020-02-26T03:25:57.194Z - debug: The process cannot access the file because it is being used by another process.

2020-02-26T03:25:57.195Z - debug: The process cannot access the file because it is being used by another process.

2020-02-26T03:25:57.195Z - debug: The process cannot access the file because it is being used by another process.

2020-02-26T03:25:57.196Z - debug: The process cannot access the file because it is being used by another process.

2020-02-26T03:25:57.196Z - debug: The process cannot access the file because it is being used by another process.

2020-02-26T03:25:57.196Z - debug: The process cannot access the file because it is being used by another process.

2020-02-26T03:25:57.196Z - debug: The process cannot access the file because it is being used by another process.

2020-02-26T03:25:57.196Z - debug: The process cannot access the file because it is being used by another process.

2020-02-26T03:25:57.197Z - debug: The process cannot access the file because it is being used by another process.

2020-02-26T03:25:57.197Z - debug: The process cannot access the file because it is being used by another process.

2020-02-26T03:25:57.198Z - debug: The process cannot access the file because it is being used by another process.

2020-02-26T03:25:57.198Z - debug: The process cannot access the file because it is being used by another process.

2020-02-26T03:25:57.198Z - debug: The process cannot access the file because it is being used by another process.

2020-02-26T03:25:57.198Z - debug: The process cannot access the file because it is being used by another process.

2020-02-26T03:25:57.198Z - debug: The process cannot access the file because it is being used by another process.

2020-02-26T03:25:57.199Z - debug: The process cannot access the file because it is being used by another process.

2020-02-26T03:25:57.199Z - debug: The process cannot access the file because it is being used by another process.

2020-02-26T03:25:57.199Z - debug: The process cannot access the file because it is being used by another process.

2020-02-26T03:25:57.199Z - debug: The process cannot access the file because it is being used by another process.

2020-02-26T03:25:57.200Z - debug: The process cannot access the file because it is being used by another process.

2020-02-26T03:25:57.206Z - debug: The process cannot access the file because it is being used by another process.

2020-02-26T03:25:57.206Z - debug: The process cannot access the file because it is being used by another process.

2020-02-26T03:25:57.207Z - debug: The process cannot access the file because it is being used by another process.

2020-02-26T03:25:57.207Z - debug: The process cannot access the file because it is being used by another process.

2020-02-26T03:25:57.208Z - debug: The process cannot access the file because it is being used by another process.

2020-02-26T03:26:01.215Z - debug:  
2020-02-26T03:26:01.215Z - debug:  
2020-02-26T03:26:02.317Z - debug:  
2020-02-26T03:26:02.317Z - debug:  
2020-02-26T03:26:54.161Z - info: Pages built
2020-02-26T03:27:10.014Z - info: Website generation complete! Total build time: 135.44s
2020-02-26T03:27:10.015Z - info: Build success!
2020-02-26T03:27:10.018Z - info: Site data built
2020-02-26T03:27:53.345Z - info: Deployed!
2020-02-26T05:55:22.678Z - info: Website generation started at 1:55:20 PM
2020-02-26T05:55:26.098Z - info: Building assets...
2020-02-26T05:55:29.028Z - info: Assets built
2020-02-26T05:55:29.028Z - info: Generating pages...
2020-02-26T05:56:23.254Z - debug: The process cannot access the file because it is being used by another process.

2020-02-26T05:56:23.254Z - debug: The process cannot access the file because it is being used by another process.

2020-02-26T05:56:23.254Z - debug: The process cannot access the file because it is being used by another process.

2020-02-26T05:56:23.255Z - debug: The process cannot access the file because it is being used by another process.

2020-02-26T05:56:23.255Z - debug: The process cannot access the file because it is being used by another process.

2020-02-26T05:56:23.255Z - debug: The process cannot access the file because it is being used by another process.

2020-02-26T05:56:23.255Z - debug: The process cannot access the file because it is being used by another process.

2020-02-26T05:56:23.256Z - debug: The process cannot access the file because it is being used by another process.

2020-02-26T05:56:23.256Z - debug: The process cannot access the file because it is being used by another process.

2020-02-26T05:56:23.257Z - debug: The process cannot access the file because it is being used by another process.

2020-02-26T05:56:23.269Z - debug: The process cannot access the file because it is being used by another process.

2020-02-26T05:56:23.269Z - debug: The process cannot access the file because it is being used by another process.

2020-02-26T05:56:23.269Z - debug: The process cannot access the file because it is being used by another process.

2020-02-26T05:56:23.270Z - debug: The process cannot access the file because it is being used by another process.

2020-02-26T05:56:23.270Z - debug: The process cannot access the file because it is being used by another process.

2020-02-26T05:56:23.270Z - debug: The process cannot access the file because it is being used by another process.

2020-02-26T05:56:23.271Z - debug: The process cannot access the file because it is being used by another process.

2020-02-26T05:56:23.273Z - debug: The process cannot access the file because it is being used by another process.

2020-02-26T05:56:23.273Z - debug: The process cannot access the file because it is being used by another process.

2020-02-26T05:56:23.273Z - debug: The process cannot access the file because it is being used by another process.

2020-02-26T05:56:23.337Z - debug: The process cannot access the file because it is being used by another process.

2020-02-26T05:56:23.337Z - debug: The process cannot access the file because it is being used by another process.

2020-02-26T05:56:23.338Z - debug: The process cannot access the file because it is being used by another process.

2020-02-26T05:56:23.338Z - debug: The process cannot access the file because it is being used by another process.

2020-02-26T05:56:23.338Z - debug: The process cannot access the file because it is being used by another process.

2020-02-26T05:56:28.054Z - debug:  
2020-02-26T05:56:29.400Z - debug:  
2020-02-26T05:56:29.400Z - debug:  
2020-02-26T05:56:29.400Z - debug:  
2020-02-26T05:57:33.576Z - info: Pages built
2020-02-26T05:57:50.276Z - info: Website generation complete! Total build time: 149.605s
2020-02-26T05:57:50.623Z - info: Serving "C:\repos\nus-cs2113-AY1920S2\cs2113-website\_site" at http://127.0.0.1:8080
2020-02-26T05:57:50.623Z - info: Press CTRL+C to stop ...
2020-02-26T05:57:50.729Z - info: Site data built
2020-02-26T06:01:30.294Z - info: [2:01:30 PM] Reload for file change: C:\repos\nus-cs2113-AY1920S2\cs2113-website\_markbind\headers\header.md
2020-02-26T06:01:31.297Z - info: Rebuilding affected source files
2020-02-26T06:01:31.329Z - info: Rebuilding 154 pages
2020-02-26T06:02:02.642Z - debug: The process cannot access the file because it is being used by another process.

2020-02-26T06:02:02.646Z - debug: The process cannot access the file because it is being used by another process.

2020-02-26T06:02:02.647Z - debug: The process cannot access the file because it is being used by another process.

2020-02-26T06:02:02.647Z - debug: The process cannot access the file because it is being used by another process.

2020-02-26T06:02:05.574Z - debug:  
2020-02-26T06:02:05.820Z - debug:  
2020-02-26T06:02:07.494Z - debug:  
2020-02-26T06:02:07.494Z - debug:  
2020-02-26T06:02:44.356Z - info: Pages rebuilt
2020-02-26T06:02:44.360Z - info: Site data built
2020-02-26T06:03:53.400Z - info: [2:03:53 PM] Reload for file change: C:\repos\nus-cs2113-AY1920S2\cs2113-website\_markbind\headers\header.md
2020-02-26T06:03:54.402Z - info: Rebuilding affected source files
2020-02-26T06:03:54.425Z - info: Rebuilding 154 pages
2020-02-26T06:04:24.731Z - debug: The process cannot access the file because it is being used by another process.

2020-02-26T06:04:24.732Z - debug: The process cannot access the file because it is being used by another process.

2020-02-26T06:04:24.733Z - debug: The process cannot access the file because it is being used by another process.

2020-02-26T06:04:24.733Z - debug: The process cannot access the file because it is being used by another process.

2020-02-26T06:04:28.135Z - debug:  
2020-02-26T06:04:28.137Z - debug:  
2020-02-26T06:04:30.257Z - debug:  
2020-02-26T06:04:30.257Z - debug:  
2020-02-26T06:05:06.385Z - info: Pages rebuilt
2020-02-26T06:05:06.393Z - info: Site data built
2020-02-26T06:09:33.131Z - info: [2:09:33 PM] Reload for file change: C:\repos\nus-cs2113-AY1920S2\cs2113-website\admin\forumParticipation.md
2020-02-26T06:09:34.133Z - info: Rebuilding affected source files
2020-02-26T06:09:34.136Z - info: Rebuilding 1 pages
2020-02-26T06:09:34.709Z - info: Pages rebuilt
2020-02-26T06:09:34.716Z - info: Site data built
2020-02-26T06:11:15.626Z - info: [2:11:15 PM] Reload for file change: C:\repos\nus-cs2113-AY1920S2\cs2113-website\admin\forumParticipation.md
2020-02-26T06:11:16.628Z - info: Rebuilding affected source files
2020-02-26T06:11:16.629Z - info: Rebuilding 1 pages
2020-02-26T06:11:17.116Z - info: Pages rebuilt
2020-02-26T06:11:17.123Z - info: Site data built
2020-02-26T06:14:17.657Z - info: [2:14:17 PM] Reload for file change: C:\repos\nus-cs2113-AY1920S2\cs2113-website\admin\forumParticipation.md
2020-02-26T06:14:18.659Z - info: Rebuilding affected source files
2020-02-26T06:14:18.660Z - info: Rebuilding 1 pages
2020-02-26T06:14:19.116Z - info: Pages rebuilt
2020-02-26T06:14:19.125Z - info: Site data built
2020-02-26T06:25:48.728Z - info: [2:25:48 PM] Reload for file change: C:\repos\nus-cs2113-AY1920S2\cs2113-website\admin\forumParticipation.md
2020-02-26T06:25:49.731Z - info: Rebuilding affected source files
2020-02-26T06:25:49.733Z - info: Rebuilding 1 pages
2020-02-26T06:25:50.221Z - info: Pages rebuilt
2020-02-26T06:25:50.228Z - info: Site data built
2020-02-26T06:27:45.308Z - info: [2:27:45 PM] Reload for file change: C:\repos\nus-cs2113-AY1920S2\cs2113-website\admin\forumParticipation.md
2020-02-26T06:27:46.311Z - info: Rebuilding affected source files
2020-02-26T06:27:46.314Z - info: Rebuilding 1 pages
2020-02-26T06:27:46.845Z - info: Pages rebuilt
2020-02-26T06:27:46.855Z - info: Site data built
2020-02-26T06:30:43.302Z - info: [2:30:43 PM] Reload for file add: C:\repos\nus-cs2113-AY1920S2\cs2113-website\admin\forumParticipation.md.backup
2020-02-26T06:30:43.308Z - info: [2:30:43 PM] Reload for file change: C:\repos\nus-cs2113-AY1920S2\cs2113-website\admin\forumParticipation.md
2020-02-26T06:30:44.309Z - info: Rebuilding affected source files
2020-02-26T06:30:44.312Z - info: Rebuilding 1 pages
2020-02-26T06:30:44.384Z - info: Assets built
2020-02-26T06:30:44.811Z - info: Pages rebuilt
2020-02-26T06:30:44.819Z - info: Site data built
2020-02-26T06:32:00.377Z - info: [2:32:00 PM] Reload for file change: C:\repos\nus-cs2113-AY1920S2\cs2113-website\admin\forumParticipation.md
2020-02-26T06:32:01.379Z - info: Rebuilding affected source files
2020-02-26T06:32:01.380Z - info: Rebuilding 1 pages
2020-02-26T06:32:01.846Z - info: Pages rebuilt
2020-02-26T06:32:01.853Z - info: Site data built
2020-02-26T06:34:32.626Z - info: [2:34:32 PM] Reload for file change: C:\repos\nus-cs2113-AY1920S2\cs2113-website\admin\forumParticipation.md
2020-02-26T06:34:33.628Z - info: Rebuilding affected source files
2020-02-26T06:34:33.629Z - info: Rebuilding 1 pages
2020-02-26T06:34:34.056Z - info: Pages rebuilt
2020-02-26T06:34:34.064Z - info: Site data built
2020-02-26T06:38:34.910Z - info: [2:38:34 PM] Reload for file change: C:\repos\nus-cs2113-AY1920S2\cs2113-website\admin\forumParticipation.md
2020-02-26T06:38:35.912Z - info: Rebuilding affected source files
2020-02-26T06:38:35.913Z - info: Rebuilding 1 pages
2020-02-26T06:38:36.548Z - info: Pages rebuilt
2020-02-26T06:38:36.555Z - info: Site data built
2020-02-26T06:39:15.907Z - info: [2:39:15 PM] Reload for file change: C:\repos\nus-cs2113-AY1920S2\cs2113-website\admin\forumParticipation.md
2020-02-26T06:39:16.909Z - info: Rebuilding affected source files
2020-02-26T06:39:16.911Z - info: Rebuilding 1 pages
2020-02-26T06:39:17.370Z - info: Pages rebuilt
2020-02-26T06:39:17.383Z - info: Site data built
2020-02-26T06:40:12.383Z - info: [2:40:12 PM] Reload for file deletion: C:\repos\nus-cs2113-AY1920S2\cs2113-website\admin\forumParticipation.md.backup
2020-02-26T06:40:13.389Z - info: Assets removed
2020-02-26T06:40:19.096Z - info: [2:40:19 PM] Reload for file add: C:\repos\nus-cs2113-AY1920S2\cs2113-website\admin\forumParticipation.md.backup
2020-02-26T06:40:19.101Z - info: [2:40:19 PM] Reload for file change: C:\repos\nus-cs2113-AY1920S2\cs2113-website\admin\forumParticipation.md
2020-02-26T06:40:19.203Z - info: [2:40:19 PM] Reload for file deletion: C:\repos\nus-cs2113-AY1920S2\cs2113-website\admin\forumParticipation.md.backup
2020-02-26T06:40:20.099Z - error: ENOENT: no such file or directory, lstat 'C:\repos\nus-cs2113-AY1920S2\cs2113-website\admin\forumParticipation.md.backup'
2020-02-26T06:40:20.101Z - info: Rebuilding affected source files
2020-02-26T06:40:20.102Z - info: Rebuilding 1 pages
2020-02-26T06:40:20.203Z - info: Assets removed
2020-02-26T06:40:20.619Z - info: Pages rebuilt
2020-02-26T06:40:20.625Z - info: Site data built
2020-02-26T06:40:36.795Z - info: [2:40:36 PM] Reload for file add: C:\repos\nus-cs2113-AY1920S2\cs2113-website\admin\forumParticipation.md.backup
2020-02-26T06:40:36.801Z - info: [2:40:36 PM] Reload for file change: C:\repos\nus-cs2113-AY1920S2\cs2113-website\admin\forumParticipation.md
2020-02-26T06:40:36.816Z - info: Assets built
2020-02-26T06:40:36.817Z - error: ENOENT: no such file or directory, lstat 'C:\repos\nus-cs2113-AY1920S2\cs2113-website\admin\forumParticipation.md.backup'
2020-02-26T06:40:37.802Z - info: Rebuilding affected source files
2020-02-26T06:40:37.805Z - info: Rebuilding 1 pages
2020-02-26T06:40:38.244Z - info: Pages rebuilt
2020-02-26T06:40:38.256Z - info: Site data built
2020-02-26T06:40:46.580Z - info: [2:40:46 PM] Reload for file change: C:\repos\nus-cs2113-AY1920S2\cs2113-website\admin\forumParticipation.md
2020-02-26T06:40:47.583Z - info: Rebuilding affected source files
2020-02-26T06:40:47.584Z - info: Rebuilding 1 pages
2020-02-26T06:40:48.130Z - info: Pages rebuilt
2020-02-26T06:40:48.136Z - info: Site data built
2020-02-26T06:40:52.448Z - info: [2:40:52 PM] Reload for file deletion: C:\repos\nus-cs2113-AY1920S2\cs2113-website\admin\forumParticipation.md.backup
2020-02-26T06:40:53.451Z - info: Assets removed
2020-02-26T06:45:42.196Z - info: [2:45:42 PM] Reload for file add: C:\repos\nus-cs2113-AY1920S2\cs2113-website\admin\forum-activities-dashboard.md
2020-02-26T06:45:42.202Z - info: [2:45:42 PM] Reload for file change: C:\repos\nus-cs2113-AY1920S2\cs2113-website\admin\forum-activities-dashboard.md
2020-02-26T06:45:43.202Z - warn: Rebuilding all source files
2020-02-26T06:45:44.674Z - info: Rebuilding affected source files
2020-02-26T06:45:44.676Z - info: Rebuilding 0 pages
2020-02-26T06:45:44.676Z - info: Pages rebuilt
2020-02-26T06:45:44.682Z - info: Site data built
2020-02-26T06:45:45.675Z - info: Assets removed
2020-02-26T06:45:45.675Z - info: Generating pages...
2020-02-26T06:46:43.584Z - debug: The process cannot access the file because it is being used by another process.

2020-02-26T06:46:43.628Z - debug: The process cannot access the file because it is being used by another process.

2020-02-26T06:46:43.629Z - debug: The process cannot access the file because it is being used by another process.

2020-02-26T06:46:43.629Z - debug: The process cannot access the file because it is being used by another process.

2020-02-26T06:46:43.629Z - debug: The process cannot access the file because it is being used by another process.

2020-02-26T06:46:43.629Z - debug: The process cannot access the file because it is being used by another process.

2020-02-26T06:46:43.629Z - debug: The process cannot access the file because it is being used by another process.

2020-02-26T06:46:43.629Z - debug: The process cannot access the file because it is being used by another process.

2020-02-26T06:46:43.629Z - debug: The process cannot access the file because it is being used by another process.

2020-02-26T06:46:43.630Z - debug: The process cannot access the file because it is being used by another process.

2020-02-26T06:46:43.630Z - debug: The process cannot access the file because it is being used by another process.

2020-02-26T06:46:43.630Z - debug: The process cannot access the file because it is being used by another process.

2020-02-26T06:46:43.630Z - debug: The process cannot access the file because it is being used by another process.

2020-02-26T06:46:43.630Z - debug: The process cannot access the file because it is being used by another process.

2020-02-26T06:46:43.630Z - debug: The process cannot access the file because it is being used by another process.

2020-02-26T06:46:43.630Z - debug: The process cannot access the file because it is being used by another process.

2020-02-26T06:46:43.630Z - debug: The process cannot access the file because it is being used by another process.

2020-02-26T06:46:43.631Z - debug: The process cannot access the file because it is being used by another process.

2020-02-26T06:46:43.631Z - debug: The process cannot access the file because it is being used by another process.

2020-02-26T06:46:43.631Z - debug: The process cannot access the file because it is being used by another process.

2020-02-26T06:46:43.631Z - debug: The process cannot access the file because it is being used by another process.

2020-02-26T06:46:43.631Z - debug: The process cannot access the file because it is being used by another process.

2020-02-26T06:46:43.892Z - debug: The process cannot access the file because it is being used by another process.

2020-02-26T06:46:43.957Z - debug: The process cannot access the file because it is being used by another process.

2020-02-26T06:46:43.957Z - debug: The process cannot access the file because it is being used by another process.

2020-02-26T06:46:45.312Z - info: [2:46:45 PM] Reload for file deletion: C:\repos\nus-cs2113-AY1920S2\cs2113-website\admin\forumParticipation.md
2020-02-26T06:46:48.142Z - info: [2:46:48 PM] Reload for file add: C:\repos\nus-cs2113-AY1920S2\cs2113-website\admin\forum-activities-dashboard-panels.mbdf
2020-02-26T06:46:49.358Z - debug:  
2020-02-26T06:46:49.360Z - debug:  
2020-02-26T06:46:49.360Z - debug:  
2020-02-26T06:46:49.364Z - debug:  
2020-02-26T06:46:49.773Z - info: [2:46:49 PM] Reload for file change: C:\repos\nus-cs2113-AY1920S2\cs2113-website\admin\forum-activities-dashboard.md
2020-02-26T06:46:51.336Z - info: Rebuilding affected source files
2020-02-26T06:46:51.336Z - info: Rebuilding 1 pages
2020-02-26T06:46:52.151Z - info: [2:46:52 PM] Reload for file change: C:\repos\nus-cs2113-AY1920S2\cs2113-website\admin\forum-activities-dashboard.md
2020-02-26T06:47:14.542Z - info: [2:47:14 PM] Reload for file change: C:\repos\nus-cs2113-AY1920S2\cs2113-website\admin\forum-activities-dashboard-panels.mbdf
2020-02-26T06:47:30.355Z - info: Pages rebuilt
2020-02-26T06:47:32.821Z - info: Site data built
2020-02-26T06:47:47.424Z - info: Rebuilding affected source files
2020-02-26T06:47:47.424Z - info: Rebuilding 1 pages
2020-02-26T06:47:47.647Z - info: Pages built
2020-02-26T06:47:47.648Z - warn: Rebuilding all source files
2020-02-26T06:47:49.317Z - info: Pages rebuilt
2020-02-26T06:47:49.321Z - info: Site data built
2020-02-26T06:47:49.896Z - info: Assets removed
2020-02-26T06:47:49.897Z - info: Generating pages...
2020-02-26T06:48:45.052Z - debug: The process cannot access the file because it is being used by another process.

2020-02-26T06:48:45.067Z - debug: The process cannot access the file because it is being used by another process.

2020-02-26T06:48:45.067Z - debug: The process cannot access the file because it is being used by another process.

2020-02-26T06:48:45.068Z - debug: The process cannot access the file because it is being used by another process.

2020-02-26T06:48:45.068Z - debug: The process cannot access the file because it is being used by another process.

2020-02-26T06:48:45.068Z - debug: The process cannot access the file because it is being used by another process.

2020-02-26T06:48:45.068Z - debug: The process cannot access the file because it is being used by another process.

2020-02-26T06:48:45.068Z - debug: The process cannot access the file because it is being used by another process.

2020-02-26T06:48:45.069Z - debug: The process cannot access the file because it is being used by another process.

2020-02-26T06:48:45.069Z - debug: The process cannot access the file because it is being used by another process.

2020-02-26T06:48:45.069Z - debug: The process cannot access the file because it is being used by another process.

2020-02-26T06:48:45.070Z - debug: The process cannot access the file because it is being used by another process.

2020-02-26T06:48:45.070Z - debug: The process cannot access the file because it is being used by another process.

2020-02-26T06:48:45.070Z - debug: The process cannot access the file because it is being used by another process.

2020-02-26T06:48:45.070Z - debug: The process cannot access the file because it is being used by another process.

2020-02-26T06:48:45.070Z - debug: The process cannot access the file because it is being used by another process.

2020-02-26T06:48:45.071Z - debug: The process cannot access the file because it is being used by another process.

2020-02-26T06:48:45.071Z - debug: The process cannot access the file because it is being used by another process.

2020-02-26T06:48:45.071Z - debug: The process cannot access the file because it is being used by another process.

2020-02-26T06:48:45.071Z - debug: The process cannot access the file because it is being used by another process.

2020-02-26T06:48:45.071Z - debug: The process cannot access the file because it is being used by another process.

2020-02-26T06:48:45.072Z - debug: The process cannot access the file because it is being used by another process.

2020-02-26T06:48:45.225Z - debug: The process cannot access the file because it is being used by another process.

2020-02-26T06:48:45.238Z - debug: The process cannot access the file because it is being used by another process.

2020-02-26T06:48:45.239Z - debug: The process cannot access the file because it is being used by another process.

2020-02-26T06:48:47.497Z - debug:  
2020-02-26T06:48:48.387Z - debug:  
2020-02-26T06:48:48.388Z - debug:  
2020-02-26T06:48:48.388Z - debug:  
2020-02-26T06:49:42.539Z - info: Pages built
2020-02-26T06:52:29.726Z - info: [2:52:29 PM] Reload for file add: C:\repos\nus-cs2113-AY1920S2\cs2113-website\admin\forum-activities-dashboard-panels.mbdf.backup
2020-02-26T06:52:29.733Z - info: [2:52:29 PM] Reload for file change: C:\repos\nus-cs2113-AY1920S2\cs2113-website\admin\forum-activities-dashboard-panels.mbdf
2020-02-26T06:52:29.747Z - info: Assets built
2020-02-26T06:52:29.747Z - error: ENOENT: no such file or directory, lstat 'C:\repos\nus-cs2113-AY1920S2\cs2113-website\admin\forumParticipation.md.backup'
2020-02-26T06:52:30.735Z - info: Rebuilding affected source files
2020-02-26T06:52:30.736Z - info: Rebuilding 1 pages
2020-02-26T06:52:31.531Z - info: Pages rebuilt
2020-02-26T06:52:31.535Z - info: Site data built
2020-02-26T06:54:00.102Z - info: [2:54:00 PM] Reload for file deletion: C:\repos\nus-cs2113-AY1920S2\cs2113-website\admin\forum-activities-dashboard-panels.mbdf.backup
2020-02-26T06:54:01.108Z - info: Assets removed
2020-02-26T06:55:12.323Z - info: [2:55:12 PM] Reload for file change: C:\repos\nus-cs2113-AY1920S2\cs2113-website\_markbind\headers\header.md
2020-02-26T06:55:13.325Z - info: Rebuilding affected source files
2020-02-26T06:55:13.339Z - info: Rebuilding 155 pages
2020-02-26T06:55:45.976Z - debug: The process cannot access the file because it is being used by another process.

2020-02-26T06:55:45.980Z - debug: The process cannot access the file because it is being used by another process.

2020-02-26T06:55:45.980Z - debug: The process cannot access the file because it is being used by another process.

2020-02-26T06:55:45.980Z - debug: The process cannot access the file because it is being used by another process.

2020-02-26T06:55:48.894Z - debug:  
2020-02-26T06:55:48.895Z - debug:  
2020-02-26T06:55:49.177Z - debug:  
2020-02-26T06:55:49.178Z - debug:  
2020-02-26T06:56:29.320Z - info: Pages rebuilt
2020-02-26T06:56:29.325Z - info: Site data built
2020-02-26T07:07:41.009Z - info: [3:07:41 PM] Reload for file change: C:\repos\nus-cs2113-AY1920S2\cs2113-website\admin\appendixE-gitHub.md
2020-02-26T07:07:42.013Z - info: Rebuilding affected source files
2020-02-26T07:07:42.017Z - info: Rebuilding 19 pages
2020-02-26T07:07:50.028Z - debug:  
2020-02-26T07:07:55.633Z - info: Pages rebuilt
2020-02-26T07:07:55.646Z - info: Site data built
2020-02-26T07:08:54.212Z - info: Website generation started at 3:08:52 PM
2020-02-26T07:08:57.130Z - info: Building assets...
