2020-02-04T03:03:15.525Z - info: Website generation started at 11:03:14 AM
2020-02-04T03:03:18.031Z - info: Building assets...
2020-02-04T03:03:20.109Z - info: Assets built
2020-02-04T03:03:20.109Z - info: Generating pages...
2020-02-04T03:04:12.056Z - debug: The process cannot access the file because it is being used by another process.

2020-02-04T03:04:12.057Z - debug: The process cannot access the file because it is being used by another process.

2020-02-04T03:04:12.057Z - debug: The process cannot access the file because it is being used by another process.

2020-02-04T03:04:12.057Z - debug: The process cannot access the file because it is being used by another process.

2020-02-04T03:04:12.058Z - debug: The process cannot access the file because it is being used by another process.

2020-02-04T03:04:12.058Z - debug: The process cannot access the file because it is being used by another process.

2020-02-04T03:04:12.058Z - debug: The process cannot access the file because it is being used by another process.

2020-02-04T03:04:12.059Z - debug: The process cannot access the file because it is being used by another process.

2020-02-04T03:04:12.059Z - debug: The process cannot access the file because it is being used by another process.

2020-02-04T03:04:12.059Z - debug: The process cannot access the file because it is being used by another process.

2020-02-04T03:04:12.060Z - debug: The process cannot access the file because it is being used by another process.

2020-02-04T03:04:16.477Z - debug:  
2020-02-04T03:04:16.478Z - debug:  
2020-02-04T03:04:18.499Z - debug:  
2020-02-04T03:04:18.499Z - debug:  
2020-02-04T03:05:09.253Z - info: Pages built
2020-02-04T03:05:24.038Z - info: Website generation complete! Total build time: 129.771s
2020-02-04T03:05:24.378Z - info: Serving "C:\repos\nus-cs2113-AY1920S2\cs2113-website\_site" at http://127.0.0.1:8080
2020-02-04T03:05:24.378Z - info: Press CTRL+C to stop ...
2020-02-04T03:05:24.471Z - info: Site data built
2020-02-04T03:07:50.971Z - info: [11:07:50 AM] Reload for file change: C:\repos\nus-cs2113-AY1920S2\cs2113-website\schedule\week4\tutorial-cs2113.mbdf
2020-02-04T03:07:51.972Z - info: Rebuilding affected source files
2020-02-04T03:07:51.974Z - info: Rebuilding 1 pages
2020-02-04T03:07:52.493Z - info: Pages rebuilt
2020-02-04T03:07:52.498Z - info: Site data built
2020-02-04T03:09:02.907Z - info: [11:09:02 AM] Reload for file change: C:\repos\nus-cs2113-AY1920S2\cs2113-website\schedule\week4\tutorial-cs2113.mbdf
2020-02-04T03:09:03.909Z - info: Rebuilding affected source files
2020-02-04T03:09:03.910Z - info: Rebuilding 1 pages
2020-02-04T03:09:04.283Z - info: Pages rebuilt
2020-02-04T03:09:04.293Z - info: Site data built
2020-02-04T03:12:08.078Z - info: [11:12:08 AM] Reload for file change: C:\repos\nus-cs2113-AY1920S2\cs2113-website\schedule\week4\tutorial-cs2113.mbdf
2020-02-04T03:12:09.080Z - info: Rebuilding affected source files
2020-02-04T03:12:09.081Z - info: Rebuilding 1 pages
2020-02-04T03:12:09.522Z - info: Pages rebuilt
2020-02-04T03:12:09.529Z - info: Site data built
2020-02-04T03:12:19.791Z - info: [11:12:19 AM] Reload for file change: C:\repos\nus-cs2113-AY1920S2\cs2113-website\schedule\week4\tutorial-cs2113.mbdf
2020-02-04T03:12:20.791Z - info: Rebuilding affected source files
2020-02-04T03:12:20.792Z - info: Rebuilding 1 pages
2020-02-04T03:12:21.113Z - info: Pages rebuilt
2020-02-04T03:12:21.118Z - info: Site data built
2020-02-04T03:13:26.862Z - info: [11:13:26 AM] Reload for file change: C:\repos\nus-cs2113-AY1920S2\cs2113-website\schedule\week4\tutorial-cs2113.mbdf
2020-02-04T03:13:27.863Z - info: Rebuilding affected source files
2020-02-04T03:13:27.864Z - info: Rebuilding 1 pages
2020-02-04T03:13:28.329Z - info: Pages rebuilt
2020-02-04T03:13:28.339Z - info: Site data built
2020-02-04T03:16:01.756Z - info: [11:16:01 AM] Reload for file change: C:\repos\nus-cs2113-AY1920S2\cs2113-website\schedule\week4\tutorial-cs2113.mbdf
2020-02-04T03:16:02.760Z - info: Rebuilding affected source files
2020-02-04T03:16:02.761Z - info: Rebuilding 1 pages
2020-02-04T03:16:03.139Z - info: Pages rebuilt
2020-02-04T03:16:03.146Z - info: Site data built
2020-02-04T03:16:25.026Z - info: [11:16:25 AM] Reload for file change: C:\repos\nus-cs2113-AY1920S2\cs2113-website\schedule\week4\tutorial-cs2113.mbdf
2020-02-04T03:16:26.027Z - info: Rebuilding affected source files
2020-02-04T03:16:26.028Z - info: Rebuilding 1 pages
2020-02-04T03:16:26.402Z - info: Pages rebuilt
2020-02-04T03:16:26.409Z - info: Site data built
2020-02-04T03:16:49.727Z - info: [11:16:49 AM] Reload for file change: C:\repos\nus-cs2113-AY1920S2\cs2113-website\schedule\week4\tutorial-cs2113.mbdf
2020-02-04T03:16:50.730Z - info: Rebuilding affected source files
2020-02-04T03:16:50.732Z - info: Rebuilding 1 pages
2020-02-04T03:16:51.117Z - info: Pages rebuilt
2020-02-04T03:16:51.125Z - info: Site data built
2020-02-04T03:19:13.217Z - info: [11:19:13 AM] Reload for file change: C:\repos\nus-cs2113-AY1920S2\cs2113-website\schedule\week4\tutorial-cs2113.mbdf
2020-02-04T03:19:14.218Z - info: Rebuilding affected source files
2020-02-04T03:19:14.219Z - info: Rebuilding 1 pages
2020-02-04T03:19:14.585Z - info: Pages rebuilt
2020-02-04T03:19:14.590Z - info: Site data built
2020-02-04T03:22:22.168Z - info: [11:22:22 AM] Reload for file change: C:\repos\nus-cs2113-AY1920S2\cs2113-website\schedule\week4\tutorial-cs2113.mbdf
2020-02-04T03:22:23.171Z - info: Rebuilding affected source files
2020-02-04T03:22:23.172Z - info: Rebuilding 1 pages
2020-02-04T03:22:23.594Z - info: Pages rebuilt
2020-02-04T03:22:23.600Z - info: Site data built
2020-02-04T03:22:31.612Z - info: [11:22:31 AM] Reload for file change: C:\repos\nus-cs2113-AY1920S2\cs2113-website\schedule\week4\tutorial-cs2113.mbdf
2020-02-04T03:22:32.614Z - info: Rebuilding affected source files
2020-02-04T03:22:32.615Z - info: Rebuilding 1 pages
2020-02-04T03:22:32.924Z - info: Pages rebuilt
2020-02-04T03:22:32.932Z - info: Site data built
2020-02-04T03:22:57.758Z - info: [11:22:57 AM] Reload for file change: C:\repos\nus-cs2113-AY1920S2\cs2113-website\schedule\week4\tutorial-cs2113.mbdf
2020-02-04T03:22:58.759Z - info: Rebuilding affected source files
2020-02-04T03:22:58.759Z - info: Rebuilding 1 pages
2020-02-04T03:22:59.107Z - info: Pages rebuilt
2020-02-04T03:22:59.114Z - info: Site data built
2020-02-04T03:23:17.072Z - info: [11:23:17 AM] Reload for file change: C:\repos\nus-cs2113-AY1920S2\cs2113-website\schedule\week4\tutorial-cs2113.mbdf
2020-02-04T03:23:18.073Z - info: Rebuilding affected source files
2020-02-04T03:23:18.075Z - info: Rebuilding 1 pages
2020-02-04T03:23:18.520Z - info: Pages rebuilt
2020-02-04T03:23:18.528Z - info: Site data built
2020-02-04T03:24:26.327Z - info: Website generation started at 11:24:24 AM
2020-02-04T03:24:28.902Z - info: Building assets...
