2020-01-30T12:34:23.298Z - info: Website generation started at 20:34:09
2020-01-30T12:34:29.141Z - info: Building assets...
2020-01-30T12:34:32.292Z - info: Assets built
2020-01-30T12:34:32.293Z - info: Generating pages...
2020-01-30T12:36:04.854Z - debug: The process cannot access the file because it is being used by another process.

2020-01-30T12:36:04.854Z - debug: The process cannot access the file because it is being used by another process.

2020-01-30T12:36:04.854Z - debug: The process cannot access the file because it is being used by another process.

2020-01-30T12:36:06.397Z - debug: The process cannot access the file because it is being used by another process.

2020-01-30T12:36:06.397Z - debug: The process cannot access the file because it is being used by another process.

2020-01-30T12:36:06.397Z - debug: The process cannot access the file because it is being used by another process.

2020-01-30T12:36:06.397Z - debug: The process cannot access the file because it is being used by another process.

2020-01-30T12:36:06.397Z - debug: The process cannot access the file because it is being used by another process.

2020-01-30T12:36:06.397Z - debug: The process cannot access the file because it is being used by another process.

2020-01-30T12:36:06.397Z - debug: The process cannot access the file because it is being used by another process.

2020-01-30T12:36:06.748Z - debug: The process cannot access the file because it is being used by another process.

2020-01-30T12:36:19.111Z - debug:  
2020-01-30T12:36:19.111Z - debug:  
2020-01-30T12:36:19.111Z - debug:  
2020-01-30T12:36:19.111Z - debug:  
2020-01-30T12:37:27.790Z - info: Pages built
2020-01-30T12:37:54.555Z - info: Website generation complete! Total build time: 224.804s
2020-01-30T12:37:54.836Z - info: Serving "C:\repos\nus-cs2113-AY1920S2\cs2113-website\_site" at http://127.0.0.1:8080
2020-01-30T12:37:54.836Z - info: Press CTRL+C to stop ...
2020-01-30T12:37:54.899Z - info: Site data built
2020-01-30T12:55:39.550Z - info: [20:55:39] Reload for file add: C:\repos\nus-cs2113-AY1920S2\cs2113-website\admin\participation-dashboard-table.mbdf.backup
2020-01-30T12:55:39.566Z - info: [20:55:39] Reload for file change: C:\repos\nus-cs2113-AY1920S2\cs2113-website\admin\participation-dashboard-table.mbdf
2020-01-30T12:55:40.569Z - info: Rebuilding affected source files
2020-01-30T12:55:40.575Z - info: Rebuilding 1 pages
2020-01-30T12:55:41.101Z - info: Assets built
2020-01-30T12:55:42.568Z - info: Pages rebuilt
2020-01-30T12:55:42.592Z - info: Site data built
2020-01-30T13:00:17.466Z - info: [21:00:17] Reload for file deletion: C:\repos\nus-cs2113-AY1920S2\cs2113-website\admin\participation-dashboard-table.mbdf.backup
2020-01-30T13:00:18.474Z - info: Assets removed
2020-01-30T13:13:48.694Z - info: [21:13:48] Reload for file add: C:\repos\nus-cs2113-AY1920S2\cs2113-website\admin\participation-dashboard-table.mbdf.backup
2020-01-30T13:13:48.694Z - info: [21:13:48] Reload for file change: C:\repos\nus-cs2113-AY1920S2\cs2113-website\admin\participation-dashboard-table.mbdf
2020-01-30T13:13:49.708Z - info: Rebuilding affected source files
2020-01-30T13:13:49.712Z - info: Rebuilding 1 pages
2020-01-30T13:13:50.299Z - info: Assets built
2020-01-30T13:13:52.141Z - info: Pages rebuilt
2020-01-30T13:13:52.141Z - info: Site data built
2020-01-30T13:23:18.244Z - info: [21:23:18] Reload for file change: C:\repos\nus-cs2113-AY1920S2\cs2113-website\admin\participation-dashboard-table.mbdf
2020-01-30T13:23:19.250Z - info: Rebuilding affected source files
2020-01-30T13:23:19.251Z - info: Rebuilding 1 pages
2020-01-30T13:23:21.910Z - info: Pages rebuilt
2020-01-30T13:23:21.910Z - info: Site data built
2020-01-30T13:24:54.684Z - info: [21:24:54] Reload for file change: C:\repos\nus-cs2113-AY1920S2\cs2113-website\admin\participation-dashboard-table.mbdf
2020-01-30T13:24:55.711Z - info: Rebuilding affected source files
2020-01-30T13:24:55.711Z - info: Rebuilding 1 pages
2020-01-30T13:24:58.204Z - info: Pages rebuilt
2020-01-30T13:24:58.219Z - info: Site data built
2020-01-30T13:25:45.474Z - info: [21:25:45] Reload for file change: C:\repos\nus-cs2113-AY1920S2\cs2113-website\admin\participation-dashboard-table.mbdf
2020-01-30T13:25:46.484Z - info: Rebuilding affected source files
2020-01-30T13:25:46.485Z - info: Rebuilding 1 pages
2020-01-30T13:25:48.810Z - info: Pages rebuilt
2020-01-30T13:25:48.814Z - info: Site data built
2020-01-30T13:28:15.205Z - info: [21:28:15] Reload for file change: C:\repos\nus-cs2113-AY1920S2\cs2113-website\admin\participation-dashboard-table.mbdf
2020-01-30T13:28:16.216Z - info: Rebuilding affected source files
2020-01-30T13:28:16.216Z - info: Rebuilding 1 pages
2020-01-30T13:28:18.400Z - info: Pages rebuilt
2020-01-30T13:28:18.400Z - info: Site data built
2020-01-30T13:29:16.089Z - info: [21:29:16] Reload for file deletion: C:\repos\nus-cs2113-AY1920S2\cs2113-website\admin\participation-dashboard-table.mbdf.backup
2020-01-30T13:29:17.099Z - info: Assets removed
2020-01-30T13:29:22.067Z - info: [21:29:22] Reload for file change: C:\repos\nus-cs2113-AY1920S2\cs2113-website\admin\participation-dashboard-table.mbdf
2020-01-30T13:29:23.074Z - info: Rebuilding affected source files
2020-01-30T13:29:23.076Z - info: Rebuilding 1 pages
2020-01-30T13:29:25.492Z - info: Pages rebuilt
2020-01-30T13:29:25.513Z - info: Site data built
2020-01-30T13:29:54.656Z - info: Website generation started at 21:29:49
2020-01-30T13:29:58.562Z - info: Building assets...
