2020-02-09T04:33:16.377Z - info: Website generation started at 12:33:14 PM
2020-02-09T04:33:19.483Z - info: Building assets...
2020-02-09T04:33:21.787Z - info: Assets built
2020-02-09T04:33:21.788Z - info: Generating pages...
2020-02-09T04:34:13.780Z - debug: The process cannot access the file because it is being used by another process.

2020-02-09T04:34:13.783Z - debug: The process cannot access the file because it is being used by another process.

2020-02-09T04:34:13.784Z - debug: The process cannot access the file because it is being used by another process.

2020-02-09T04:34:13.784Z - debug: The process cannot access the file because it is being used by another process.

2020-02-09T04:34:13.784Z - debug: The process cannot access the file because it is being used by another process.

2020-02-09T04:34:13.784Z - debug: The process cannot access the file because it is being used by another process.

2020-02-09T04:34:13.785Z - debug: The process cannot access the file because it is being used by another process.

2020-02-09T04:34:13.785Z - debug: The process cannot access the file because it is being used by another process.

2020-02-09T04:34:13.785Z - debug: The process cannot access the file because it is being used by another process.

2020-02-09T04:34:13.786Z - debug: The process cannot access the file because it is being used by another process.

2020-02-09T04:34:13.891Z - debug: The process cannot access the file because it is being used by another process.

2020-02-09T04:34:19.479Z - debug:  
2020-02-09T04:34:19.479Z - debug:  
2020-02-09T04:34:19.479Z - debug:  
2020-02-09T04:34:19.479Z - debug:  
2020-02-09T04:35:06.375Z - info: Pages built
2020-02-09T04:35:22.445Z - info: Website generation complete! Total build time: 127.823s
2020-02-09T04:35:22.802Z - info: Serving "C:\repos\nus-cs2113-AY1920S2\cs2113-website\_site" at http://127.0.0.1:8080
2020-02-09T04:35:22.802Z - info: Press CTRL+C to stop ...
2020-02-09T04:35:22.904Z - info: Site data built
2020-02-09T04:38:37.386Z - info: [12:38:37 PM] Reload for file add: C:\repos\nus-cs2113-AY1920S2\cs2113-website\admin\ip-progress-dashboard-table.mbdf.backup
2020-02-09T04:38:37.391Z - info: [12:38:37 PM] Reload for file change: C:\repos\nus-cs2113-AY1920S2\cs2113-website\admin\ip-progress-dashboard-table.mbdf.backup
2020-02-09T04:38:37.396Z - info: [12:38:37 PM] Reload for file change: C:\repos\nus-cs2113-AY1920S2\cs2113-website\admin\ip-progress-dashboard-table.mbdf
2020-02-09T04:38:38.401Z - info: Rebuilding affected source files
2020-02-09T04:38:38.403Z - info: Rebuilding 1 pages
2020-02-09T04:38:38.812Z - info: Assets built
2020-02-09T04:38:39.839Z - info: Pages rebuilt
2020-02-09T04:38:39.845Z - info: Site data built
2020-02-09T04:39:56.606Z - info: [12:39:56 PM] Reload for file deletion: C:\repos\nus-cs2113-AY1920S2\cs2113-website\admin\ip-progress-dashboard-table.mbdf.backup
2020-02-09T04:39:57.624Z - info: Assets removed
2020-02-09T04:40:37.387Z - info: Website generation started at 12:40:36 PM
2020-02-09T04:40:40.239Z - info: Building assets...
2020-02-09T04:40:42.640Z - info: Assets built
2020-02-09T04:40:42.640Z - info: Generating pages...
2020-02-09T04:41:31.317Z - debug: The process cannot access the file because it is being used by another process.

2020-02-09T04:41:31.317Z - debug: The process cannot access the file because it is being used by another process.

2020-02-09T04:41:31.318Z - debug: The process cannot access the file because it is being used by another process.

2020-02-09T04:41:31.325Z - debug: The process cannot access the file because it is being used by another process.

2020-02-09T04:41:31.326Z - debug: The process cannot access the file because it is being used by another process.

2020-02-09T04:41:31.326Z - debug: The process cannot access the file because it is being used by another process.

2020-02-09T04:41:31.327Z - debug: The process cannot access the file because it is being used by another process.

2020-02-09T04:41:31.328Z - debug: The process cannot access the file because it is being used by another process.

2020-02-09T04:41:31.328Z - debug: The process cannot access the file because it is being used by another process.

2020-02-09T04:41:31.328Z - debug: The process cannot access the file because it is being used by another process.

2020-02-09T04:41:31.609Z - debug: The process cannot access the file because it is being used by another process.

2020-02-09T04:41:35.257Z - debug:  
2020-02-09T04:41:35.258Z - debug:  
2020-02-09T04:41:35.258Z - debug:  
2020-02-09T04:41:35.259Z - debug:  
2020-02-09T04:42:21.625Z - info: Pages built
2020-02-09T04:42:36.556Z - info: Website generation complete! Total build time: 120.484s
2020-02-09T04:42:36.556Z - info: Build success!
2020-02-09T04:42:36.559Z - info: Site data built
2020-02-09T04:43:20.377Z - info: Deployed!
2020-02-09T05:52:50.160Z - error: Config file not found at user specified root C:\repos\nus-cs2113-AY1920S2\cs2113-website\index.md
2020-02-09T05:52:50.186Z - error: uncaughtException: The "path" argument must be of type string. Received type undefined date=Sun Feb 09 2020 13:52:50 GMT+0800 (Singapore Standard Time), pid=32692, uid=null, gid=null, cwd=C:\repos\nus-cs2113-AY1920S2\cs2113-website, execPath=C:\Program Files\nodejs\node.exe, version=v10.14.2, argv=[C:\Program Files\nodejs\node.exe, C:\Users\dcsdcr\AppData\Roaming\npm\node_modules\markbind-cli\index.js, serve, index.md], rss=64319488, heapTotal=63279104, heapUsed=33945232, external=1211240, loadavg=[0, 0, 0], uptime=1994781
TypeError [ERR_INVALID_ARG_TYPE]: The "path" argument must be of type string. Received type undefined
    at assertPath (path.js:39:11)
    at Object.join (path.js:432:7)
    at Command.program.command.alias.description.option.option.option.option.option.action (C:\Users\dcsdcr\AppData\Roaming\npm\node_modules\markbind-cli\index.js:108:29)
    at Command.listener (C:\Users\dcsdcr\AppData\Roaming\npm\node_modules\markbind-cli\node_modules\commander\index.js:291:8)
    at Command.emit (events.js:182:13)
    at Command.parseArgs (C:\Users\dcsdcr\AppData\Roaming\npm\node_modules\markbind-cli\node_modules\commander\index.js:672:12)
    at Command.parse (C:\Users\dcsdcr\AppData\Roaming\npm\node_modules\markbind-cli\node_modules\commander\index.js:459:21)
    at Object.<anonymous> (C:\Users\dcsdcr\AppData\Roaming\npm\node_modules\markbind-cli\index.js:244:9)
    at Module._compile (internal/modules/cjs/loader.js:689:30)
    at Object.Module._extensions..js (internal/modules/cjs/loader.js:700:10)
    at Module.load (internal/modules/cjs/loader.js:599:32)
    at tryModuleLoad (internal/modules/cjs/loader.js:538:12)
    at Function.Module._load (internal/modules/cjs/loader.js:530:3)
    at Function.Module.runMain (internal/modules/cjs/loader.js:742:12)
    at startup (internal/bootstrap/node.js:282:19)
    at bootstrapNodeJSCore (internal/bootstrap/node.js:743:3)
2020-02-09T05:53:53.495Z - info: Website generation started at 1:53:52 PM
2020-02-09T05:53:56.064Z - info: Building assets...
2020-02-09T05:53:58.297Z - info: Assets built
2020-02-09T05:53:58.298Z - info: Generating pages...
2020-02-09T05:53:58.781Z - error: uncaughtException: Template render error: Template render error: (C:\repos\nus-cs2113-AY1920S2\cs2113-website\index.md)
  RangeError: Maximum call stack size exceeded date=Sun Feb 09 2020 13:53:58 GMT+0800 (Singapore Standard Time), pid=35440, uid=null, gid=null, cwd=C:\repos\nus-cs2113-AY1920S2\cs2113-website, execPath=C:\Program Files\nodejs\node.exe, version=v10.14.2, argv=[C:\Program Files\nodejs\node.exe, C:\Users\dcsdcr\AppData\Roaming\npm\node_modules\markbind-cli\index.js, serve, -o, index.md], rss=135229440, heapTotal=114606080, heapUsed=89554280, external=148194, loadavg=[0, 0, 0], uptime=1994850
Template render error: (C:\repos\nus-cs2113-AY1920S2\cs2113-website\index.md)
  RangeError: Maximum call stack size exceeded
    at Object._prettifyError (C:\Users\dcsdcr\AppData\Roaming\npm\node_modules\markbind-cli\node_modules\nunjucks\src\lib.js:36:11)
    at C:\Users\dcsdcr\AppData\Roaming\npm\node_modules\markbind-cli\node_modules\nunjucks\src\environment.js:567:19
    at eval (eval at _compile (C:\Users\dcsdcr\AppData\Roaming\npm\node_modules\markbind-cli\node_modules\nunjucks\src\environment.js:637:18), <anonymous>:12:11)
    at C:\Users\dcsdcr\AppData\Roaming\npm\node_modules\markbind-cli\node_modules\nunjucks\src\environment.js:617:9
    at eval (eval at _compile (C:\Users\dcsdcr\AppData\Roaming\npm\node_modules\markbind-cli\node_modules\nunjucks\src\environment.js:637:18), <anonymous>:19:11)
    at C:\Users\dcsdcr\AppData\Roaming\npm\node_modules\markbind-cli\node_modules\nunjucks\src\environment.js:617:9
    at eval (eval at _compile (C:\Users\dcsdcr\AppData\Roaming\npm\node_modules\markbind-cli\node_modules\nunjucks\src\environment.js:637:18), <anonymous>:93:12)
    at C:\Users\dcsdcr\AppData\Roaming\npm\node_modules\markbind-cli\node_modules\nunjucks\src\environment.js:617:9
    at eval (eval at _compile (C:\Users\dcsdcr\AppData\Roaming\npm\node_modules\markbind-cli\node_modules\nunjucks\src\environment.js:637:18), <anonymous>:19:11)
    at C:\Users\dcsdcr\AppData\Roaming\npm\node_modules\markbind-cli\node_modules\nunjucks\src\environment.js:617:9
    at eval (eval at _compile (C:\Users\dcsdcr\AppData\Roaming\npm\node_modules\markbind-cli\node_modules\nunjucks\src\environment.js:637:18), <anonymous>:93:12)
    at C:\Users\dcsdcr\AppData\Roaming\npm\node_modules\markbind-cli\node_modules\nunjucks\src\environment.js:617:9
    at eval (eval at _compile (C:\Users\dcsdcr\AppData\Roaming\npm\node_modules\markbind-cli\node_modules\nunjucks\src\environment.js:637:18), <anonymous>:19:11)
    at C:\Users\dcsdcr\AppData\Roaming\npm\node_modules\markbind-cli\node_modules\nunjucks\src\environment.js:617:9
    at eval (eval at _compile (C:\Users\dcsdcr\AppData\Roaming\npm\node_modules\markbind-cli\node_modules\nunjucks\src\environment.js:637:18), <anonymous>:93:12)
    at C:\Users\dcsdcr\AppData\Roaming\npm\node_modules\markbind-cli\node_modules\nunjucks\src\environment.js:617:9
2020-02-09T05:54:28.602Z - info: Website generation started at 1:54:27 PM
2020-02-09T05:54:31.398Z - info: Building assets...
2020-02-09T05:54:33.467Z - info: Assets built
2020-02-09T05:54:33.467Z - info: Generating pages...
2020-02-09T05:54:33.973Z - error: uncaughtException: Template render error: Template render error: (C:\repos\nus-cs2113-AY1920S2\cs2113-website\schedule\week5\index.md)
  RangeError: Maximum call stack size exceeded date=Sun Feb 09 2020 13:54:33 GMT+0800 (Singapore Standard Time), pid=25252, uid=null, gid=null, cwd=C:\repos\nus-cs2113-AY1920S2\cs2113-website, execPath=C:\Program Files\nodejs\node.exe, version=v10.14.2, argv=[C:\Program Files\nodejs\node.exe, C:\Users\dcsdcr\AppData\Roaming\npm\node_modules\markbind-cli\index.js, serve, -o, schedule/week5/index.md], rss=137687040, heapTotal=117227520, heapUsed=88255296, external=148050, loadavg=[0, 0, 0], uptime=1994885
Template render error: (C:\repos\nus-cs2113-AY1920S2\cs2113-website\schedule\week5\index.md)
  RangeError: Maximum call stack size exceeded
    at Object._prettifyError (C:\Users\dcsdcr\AppData\Roaming\npm\node_modules\markbind-cli\node_modules\nunjucks\src\lib.js:36:11)
    at C:\Users\dcsdcr\AppData\Roaming\npm\node_modules\markbind-cli\node_modules\nunjucks\src\environment.js:567:19
    at eval (eval at _compile (C:\Users\dcsdcr\AppData\Roaming\npm\node_modules\markbind-cli\node_modules\nunjucks\src\environment.js:637:18), <anonymous>:12:11)
    at C:\Users\dcsdcr\AppData\Roaming\npm\node_modules\markbind-cli\node_modules\nunjucks\src\environment.js:617:9
    at eval (eval at _compile (C:\Users\dcsdcr\AppData\Roaming\npm\node_modules\markbind-cli\node_modules\nunjucks\src\environment.js:637:18), <anonymous>:19:11)
    at C:\Users\dcsdcr\AppData\Roaming\npm\node_modules\markbind-cli\node_modules\nunjucks\src\environment.js:617:9
    at eval (eval at _compile (C:\Users\dcsdcr\AppData\Roaming\npm\node_modules\markbind-cli\node_modules\nunjucks\src\environment.js:637:18), <anonymous>:93:12)
    at C:\Users\dcsdcr\AppData\Roaming\npm\node_modules\markbind-cli\node_modules\nunjucks\src\environment.js:617:9
    at eval (eval at _compile (C:\Users\dcsdcr\AppData\Roaming\npm\node_modules\markbind-cli\node_modules\nunjucks\src\environment.js:637:18), <anonymous>:19:11)
    at C:\Users\dcsdcr\AppData\Roaming\npm\node_modules\markbind-cli\node_modules\nunjucks\src\environment.js:617:9
    at eval (eval at _compile (C:\Users\dcsdcr\AppData\Roaming\npm\node_modules\markbind-cli\node_modules\nunjucks\src\environment.js:637:18), <anonymous>:93:12)
    at C:\Users\dcsdcr\AppData\Roaming\npm\node_modules\markbind-cli\node_modules\nunjucks\src\environment.js:617:9
    at eval (eval at _compile (C:\Users\dcsdcr\AppData\Roaming\npm\node_modules\markbind-cli\node_modules\nunjucks\src\environment.js:637:18), <anonymous>:19:11)
    at C:\Users\dcsdcr\AppData\Roaming\npm\node_modules\markbind-cli\node_modules\nunjucks\src\environment.js:617:9
    at eval (eval at _compile (C:\Users\dcsdcr\AppData\Roaming\npm\node_modules\markbind-cli\node_modules\nunjucks\src\environment.js:637:18), <anonymous>:93:12)
    at C:\Users\dcsdcr\AppData\Roaming\npm\node_modules\markbind-cli\node_modules\nunjucks\src\environment.js:617:9
2020-02-09T05:57:43.866Z - info: Website generation started at 1:57:43 PM
2020-02-09T05:57:46.522Z - info: Building assets...
2020-02-09T05:57:48.767Z - info: Assets built
2020-02-09T05:57:48.767Z - info: Generating pages...
2020-02-09T05:57:49.725Z - info: Pages built
2020-02-09T05:57:49.917Z - info: Website generation complete! Total build time: 6.689s
2020-02-09T05:57:50.253Z - info: Serving "C:\repos\nus-cs2113-AY1920S2\cs2113-website\_site" at http://127.0.0.1:8080
2020-02-09T05:57:50.253Z - info: Press CTRL+C to stop ...
2020-02-09T05:57:50.345Z - info: Site data built
2020-02-09T05:59:05.506Z - info: Website generation started at 1:59:04 PM
2020-02-09T05:59:08.310Z - info: Building assets...
