2020-01-25T03:34:20.573Z - info: Website generation started at 11:34:19 AM
2020-01-25T03:34:23.111Z - info: Building assets...
2020-01-25T03:34:25.061Z - info: Assets built
2020-01-25T03:34:25.061Z - info: Generating pages...
2020-01-25T03:35:26.380Z - debug: The process cannot access the file because it is being used by another process.

2020-01-25T03:35:26.381Z - debug: The process cannot access the file because it is being used by another process.

2020-01-25T03:35:26.381Z - debug: The process cannot access the file because it is being used by another process.

2020-01-25T03:35:26.384Z - debug: The process cannot access the file because it is being used by another process.

2020-01-25T03:35:26.384Z - debug: The process cannot access the file because it is being used by another process.

2020-01-25T03:35:26.384Z - debug: The process cannot access the file because it is being used by another process.

2020-01-25T03:35:26.385Z - debug: The process cannot access the file because it is being used by another process.

2020-01-25T03:35:26.385Z - debug: The process cannot access the file because it is being used by another process.

2020-01-25T03:35:26.385Z - debug: The process cannot access the file because it is being used by another process.

2020-01-25T03:35:26.385Z - debug: The process cannot access the file because it is being used by another process.

2020-01-25T03:35:26.860Z - debug: The process cannot access the file because it is being used by another process.

2020-01-25T03:35:32.487Z - debug:  
2020-01-25T03:35:32.487Z - debug:  
2020-01-25T03:35:32.487Z - debug:  
2020-01-25T03:35:32.488Z - debug:  
2020-01-25T03:36:21.990Z - info: Pages built
2020-01-25T03:36:38.122Z - info: Website generation complete! Total build time: 138.804s
2020-01-25T03:36:38.521Z - info: Serving "C:\repos\nus-cs2113-AY1920S2\cs2113-website\_site" at http://127.0.0.1:8080
2020-01-25T03:36:38.521Z - info: Press CTRL+C to stop ...
2020-01-25T03:36:38.622Z - info: Site data built
2020-01-25T03:41:54.084Z - info: [11:41:54 AM] Reload for file change: C:\repos\nus-cs2113-AY1920S2\cs2113-website\admin\participation-dashboard-table.mbdf
2020-01-25T03:41:54.086Z - info: [11:41:54 AM] Reload for file add: C:\repos\nus-cs2113-AY1920S2\cs2113-website\admin\participation-dashboard-table.mbdf.backup
2020-01-25T03:41:55.086Z - info: Rebuilding affected source files
2020-01-25T03:41:55.088Z - info: Rebuilding 1 pages
2020-01-25T03:41:55.288Z - info: Assets built
2020-01-25T03:41:55.707Z - info: Pages rebuilt
2020-01-25T03:41:55.714Z - info: Site data built
2020-01-25T03:42:47.424Z - info: [11:42:47 AM] Reload for file change: C:\repos\nus-cs2113-AY1920S2\cs2113-website\admin\participation-dashboard.md
2020-01-25T03:42:48.426Z - info: Rebuilding affected source files
2020-01-25T03:42:48.427Z - info: Rebuilding 1 pages
2020-01-25T03:42:48.429Z - error:  Error: Empty src attribute in include in: C:\repos\nus-cs2113-AY1920S2\cs2113-website\admin\participation-dashboard.md
    at Parser._preprocess (C:\Users\dcsdcr\AppData\Roaming\npm\node_modules\markbind-cli\src\lib\markbind\src\parser.js:326:19)
    at element.children.element.children.map.e (C:\Users\dcsdcr\AppData\Roaming\npm\node_modules\markbind-cli\src\lib\markbind\src\parser.js:505:57)
    at Array.map (<anonymous>)
    at Parser._preprocess (C:\Users\dcsdcr\AppData\Roaming\npm\node_modules\markbind-cli\src\lib\markbind\src\parser.js:505:43)
    at dom.map (C:\Users\dcsdcr\AppData\Roaming\npm\node_modules\markbind-cli\src\lib\markbind\src\parser.js:673:28)
    at Array.map (<anonymous>)
    at DomHandler.htmlparser.DomHandler [as _callback] (C:\Users\dcsdcr\AppData\Roaming\npm\node_modules\markbind-cli\src\lib\markbind\src\parser.js:670:25)
    at DomHandler._handleCallback.DomHandler.onerror (C:\Users\dcsdcr\AppData\Roaming\npm\node_modules\markbind-cli\node_modules\domhandler\index.js:52:8)
    at DomHandler.onend (C:\Users\dcsdcr\AppData\Roaming\npm\node_modules\markbind-cli\node_modules\domhandler\index.js:46:7)
    at Parser.onend (C:\Users\dcsdcr\AppData\Roaming\npm\node_modules\markbind-cli\node_modules\htmlparser2\lib\Parser.js:340:36)
    at Tokenizer._finish (C:\Users\dcsdcr\AppData\Roaming\npm\node_modules\markbind-cli\node_modules\htmlparser2\lib\Tokenizer.js:890:15)
    at Tokenizer.end (C:\Users\dcsdcr\AppData\Roaming\npm\node_modules\markbind-cli\node_modules\htmlparser2\lib\Tokenizer.js:881:29)
    at Parser.end (C:\Users\dcsdcr\AppData\Roaming\npm\node_modules\markbind-cli\node_modules\htmlparser2\lib\Parser.js:367:21)
    at Parser.parseComplete (C:\Users\dcsdcr\AppData\Roaming\npm\node_modules\markbind-cli\node_modules\htmlparser2\lib\Parser.js:359:10)
    at fs.readFile (C:\Users\dcsdcr\AppData\Roaming\npm\node_modules\markbind-cli\src\lib\markbind\src\parser.js:716:16)
    at FSReqWrap.readFileAfterClose [as oncomplete] (internal/fs/read_file_context.js:53:3)
2020-01-25T03:42:48.918Z - info: Pages rebuilt
2020-01-25T03:42:48.921Z - info: Site data built
2020-01-25T03:43:17.348Z - info: [11:43:17 AM] Reload for file change: C:\repos\nus-cs2113-AY1920S2\cs2113-website\admin\participation-dashboard.md
2020-01-25T03:43:18.352Z - info: Rebuilding affected source files
2020-01-25T03:43:18.353Z - info: Rebuilding 1 pages
2020-01-25T03:43:18.844Z - info: Pages rebuilt
2020-01-25T03:43:18.847Z - info: Site data built
2020-01-25T03:45:14.718Z - info: Website generation started at 11:45:13 AM
2020-01-25T03:45:17.321Z - info: Building assets...
2020-01-25T03:45:19.447Z - info: Assets built
2020-01-25T03:45:19.447Z - info: Generating pages...
2020-01-25T03:46:07.994Z - debug: The process cannot access the file because it is being used by another process.

2020-01-25T03:46:07.995Z - debug: The process cannot access the file because it is being used by another process.

2020-01-25T03:46:07.995Z - debug: The process cannot access the file because it is being used by another process.

2020-01-25T03:46:07.995Z - debug: The process cannot access the file because it is being used by another process.

2020-01-25T03:46:07.995Z - debug: The process cannot access the file because it is being used by another process.

2020-01-25T03:46:07.996Z - debug: The process cannot access the file because it is being used by another process.

2020-01-25T03:46:07.997Z - debug: The process cannot access the file because it is being used by another process.

2020-01-25T03:46:07.997Z - debug: The process cannot access the file because it is being used by another process.

2020-01-25T03:46:07.997Z - debug: The process cannot access the file because it is being used by another process.

2020-01-25T03:46:07.997Z - debug: The process cannot access the file because it is being used by another process.

2020-01-25T03:46:08.004Z - debug: The process cannot access the file because it is being used by another process.

2020-01-25T03:46:12.771Z - debug:  
2020-01-25T03:46:12.771Z - debug:  
2020-01-25T03:46:12.773Z - debug:  
2020-01-25T03:46:12.773Z - debug:  
2020-01-25T03:47:00.861Z - info: Pages built
2020-01-25T03:47:16.194Z - info: Website generation complete! Total build time: 122.645s
2020-01-25T03:47:16.538Z - info: Serving "C:\repos\nus-cs2113-AY1920S2\cs2113-website\_site" at http://127.0.0.1:8080
2020-01-25T03:47:16.538Z - info: Press CTRL+C to stop ...
2020-01-25T03:47:16.627Z - info: Site data built
2020-01-25T03:48:24.032Z - info: [11:48:24 AM] Reload for file change: C:\repos\nus-cs2113-AY1920S2\cs2113-website\admin\participation-dashboard.md
2020-01-25T03:48:25.035Z - info: Rebuilding affected source files
2020-01-25T03:48:25.037Z - info: Rebuilding 1 pages
2020-01-25T03:48:25.622Z - info: Pages rebuilt
2020-01-25T03:48:25.625Z - info: Site data built
2020-01-25T03:50:20.161Z - info: [11:50:20 AM] Reload for file change: C:\repos\nus-cs2113-AY1920S2\cs2113-website\admin\participation-dashboard.md
2020-01-25T03:50:21.166Z - info: Rebuilding affected source files
2020-01-25T03:50:21.167Z - info: Rebuilding 1 pages
2020-01-25T03:50:21.746Z - info: Pages rebuilt
2020-01-25T03:50:21.751Z - info: Site data built
2020-01-25T03:51:10.729Z - info: [11:51:10 AM] Reload for file change: C:\repos\nus-cs2113-AY1920S2\cs2113-website\admin\participation-dashboard.md
2020-01-25T03:51:11.732Z - info: Rebuilding affected source files
2020-01-25T03:51:11.734Z - info: Rebuilding 1 pages
2020-01-25T03:51:12.283Z - info: Pages rebuilt
2020-01-25T03:51:12.287Z - info: Site data built
2020-01-25T03:52:47.567Z - info: [11:52:47 AM] Reload for file change: C:\repos\nus-cs2113-AY1920S2\cs2113-website\admin\participation-dashboard-table.mbdf
2020-01-25T03:52:48.570Z - info: Rebuilding affected source files
2020-01-25T03:52:48.571Z - info: Rebuilding 1 pages
2020-01-25T03:52:49.295Z - info: Pages rebuilt
2020-01-25T03:52:49.300Z - info: Site data built
2020-01-25T03:52:52.953Z - info: [11:52:52 AM] Reload for file change: C:\repos\nus-cs2113-AY1920S2\cs2113-website\admin\participation-dashboard.md
2020-01-25T03:52:53.956Z - info: Rebuilding affected source files
2020-01-25T03:52:53.957Z - info: Rebuilding 1 pages
2020-01-25T03:52:54.375Z - info: Pages rebuilt
2020-01-25T03:52:54.379Z - info: Site data built
2020-01-25T03:53:50.018Z - info: [11:53:50 AM] Reload for file change: C:\repos\nus-cs2113-AY1920S2\cs2113-website\admin\participation-dashboard-table.mbdf
2020-01-25T03:53:51.021Z - info: Rebuilding affected source files
2020-01-25T03:53:51.022Z - info: Rebuilding 1 pages
2020-01-25T03:53:51.581Z - info: Pages rebuilt
2020-01-25T03:53:51.585Z - info: Site data built
2020-01-25T03:54:09.634Z - info: [11:54:09 AM] Reload for file change: C:\repos\nus-cs2113-AY1920S2\cs2113-website\admin\participation-dashboard-table.mbdf
2020-01-25T03:54:10.637Z - info: Rebuilding affected source files
2020-01-25T03:54:10.645Z - info: Rebuilding 1 pages
2020-01-25T03:54:11.095Z - info: Pages rebuilt
2020-01-25T03:54:11.100Z - info: Site data built
2020-01-25T03:54:38.669Z - info: [11:54:38 AM] Reload for file change: C:\repos\nus-cs2113-AY1920S2\cs2113-website\admin\participation-dashboard.md
2020-01-25T03:54:39.677Z - info: Rebuilding affected source files
2020-01-25T03:54:39.678Z - info: Rebuilding 1 pages
2020-01-25T03:54:40.229Z - info: Pages rebuilt
2020-01-25T03:54:40.233Z - info: Site data built
2020-01-25T04:04:47.683Z - info: [12:04:47 PM] Reload for file change: C:\repos\nus-cs2113-AY1920S2\cs2113-website\book\cppToJava\usefulClasses\stringClass\text.md
2020-01-25T04:04:48.684Z - info: Rebuilding affected source files
2020-01-25T04:04:48.689Z - info: Rebuilding 10 pages
2020-01-25T04:05:03.223Z - info: Pages rebuilt
2020-01-25T04:05:03.232Z - info: Site data built
2020-01-25T04:09:07.406Z - info: [12:09:07 PM] Reload for file change: C:\repos\nus-cs2113-AY1920S2\cs2113-website\book\cppToJava\usefulClasses\stringClass\text.md
2020-01-25T04:09:08.406Z - info: Rebuilding affected source files
2020-01-25T04:09:08.410Z - info: Rebuilding 10 pages
2020-01-25T04:09:21.763Z - info: Pages rebuilt
2020-01-25T04:09:21.767Z - info: Site data built
2020-01-25T04:13:03.349Z - info: Website generation started at 12:13:02 PM
2020-01-25T04:13:05.853Z - info: Building assets...
