2020-03-14T03:38:32.832Z - info: Website generation (lazy) started at 11:38:22
2020-03-14T03:38:38.779Z - info: Building assets...
2020-03-14T03:38:43.771Z - info: Assets built
2020-03-14T03:38:43.771Z - info: Generating landing page...
2020-03-14T03:38:45.615Z - info: Landing page built, other pages will be built as you navigate to them!
2020-03-14T03:38:45.703Z - info: Website generation (lazy) complete! Total build time: 23.549s
2020-03-14T03:38:46.091Z - info: Serving "C:\repos\nus-cs2113-AY1920S2\cs2113-website\_site" at http://127.0.0.1:8080
2020-03-14T03:38:46.091Z - info: Press CTRL+C to stop ...
2020-03-14T03:38:46.143Z - info: Site data built
2020-03-14T03:38:56.453Z - info: Building C:\repos\nus-cs2113-AY1920S2\cs2113-website\admin\tp-progress-dashboard as some of its dependencies were changed since the last visit
2020-03-14T03:38:59.245Z - info: Site data built
2020-03-14T03:38:59.245Z - info: Lazy website regeneration complete! Total build time: 2.792s
2020-03-14T06:46:47.698Z - info: [14:46:47] Reload for file change: C:\repos\nus-cs2113-AY1920S2\cs2113-website\admin\tp-progress-dashboard-table.mbdf
2020-03-14T06:46:48.747Z - info: Rebuilding affected source files
2020-03-14T06:46:48.763Z - info: Rebuilding 1 pages
2020-03-14T06:46:54.897Z - info: Pages rebuilt
2020-03-14T06:46:54.897Z - info: Website regeneration complete! Total build time: 6.15s
2020-03-14T06:46:54.927Z - info: Site data built
2020-03-14T06:49:59.012Z - info: [14:49:59] Reload for file change: C:\repos\nus-cs2113-AY1920S2\cs2113-website\admin\tp-progress-dashboard-table.mbdf
2020-03-14T06:50:00.024Z - info: Rebuilding affected source files
2020-03-14T06:50:00.044Z - info: Rebuilding 1 pages
2020-03-14T06:50:03.853Z - info: Pages rebuilt
2020-03-14T06:50:03.853Z - info: Website regeneration complete! Total build time: 3.829s
2020-03-14T06:50:03.857Z - info: Site data built
2020-03-14T06:52:50.720Z - info: [14:52:50] Reload for file change: C:\repos\nus-cs2113-AY1920S2\cs2113-website\admin\tp-progress-dashboard-table.mbdf
2020-03-14T06:52:51.742Z - info: Rebuilding affected source files
2020-03-14T06:52:51.742Z - info: Rebuilding 1 pages
2020-03-14T06:52:54.587Z - info: Pages rebuilt
2020-03-14T06:52:54.587Z - info: Website regeneration complete! Total build time: 2.845s
2020-03-14T06:52:54.587Z - info: Site data built
2020-03-14T06:55:05.122Z - info: [14:55:05] Reload for file change: C:\repos\nus-cs2113-AY1920S2\cs2113-website\admin\tp-progress-dashboard-table.mbdf
2020-03-14T06:55:06.135Z - info: Rebuilding affected source files
2020-03-14T06:55:06.135Z - info: Rebuilding 1 pages
2020-03-14T06:55:10.324Z - info: Pages rebuilt
2020-03-14T06:55:10.324Z - info: Website regeneration complete! Total build time: 4.189s
2020-03-14T06:55:10.332Z - info: Site data built
2020-03-14T07:18:15.760Z - info: [15:18:15] Reload for file change: C:\repos\nus-cs2113-AY1920S2\cs2113-website\admin\tp-progress-dashboard-table.mbdf
2020-03-14T07:18:16.765Z - info: Rebuilding affected source files
2020-03-14T07:18:16.789Z - info: Rebuilding 1 pages
2020-03-14T07:18:20.021Z - info: Pages rebuilt
2020-03-14T07:18:20.021Z - info: Website regeneration complete! Total build time: 3.256s
2020-03-14T07:18:20.025Z - info: Site data built
2020-03-14T07:27:27.544Z - info: [15:27:27] Reload for file change: C:\repos\nus-cs2113-AY1920S2\cs2113-website\admin\tp-progress-dashboard-table.mbdf
2020-03-14T07:27:28.549Z - info: Rebuilding affected source files
2020-03-14T07:27:28.557Z - info: Rebuilding 1 pages
2020-03-14T07:27:31.532Z - info: Pages rebuilt
2020-03-14T07:27:31.532Z - info: Website regeneration complete! Total build time: 2.983s
2020-03-14T07:27:31.532Z - info: Site data built
2020-03-14T07:29:37.894Z - info: [15:29:37] Reload for file change: C:\repos\nus-cs2113-AY1920S2\cs2113-website\admin\tp-progress-dashboard-table.mbdf
2020-03-14T07:29:38.911Z - info: Rebuilding affected source files
2020-03-14T07:29:38.919Z - info: Rebuilding 1 pages
2020-03-14T07:29:44.973Z - info: Pages rebuilt
2020-03-14T07:29:44.973Z - info: Website regeneration complete! Total build time: 6.062s
2020-03-14T07:29:44.985Z - info: Site data built
2020-03-14T07:36:23.575Z - info: [15:36:23] Reload for file change: C:\repos\nus-cs2113-AY1920S2\cs2113-website\admin\tp-progress-dashboard-table.mbdf
2020-03-14T07:36:24.578Z - info: Rebuilding affected source files
2020-03-14T07:36:24.586Z - info: Rebuilding 1 pages
2020-03-14T07:36:28.202Z - info: Pages rebuilt
2020-03-14T07:36:28.202Z - info: Website regeneration complete! Total build time: 3.624s
2020-03-14T07:36:28.206Z - info: Site data built
2020-03-14T07:57:48.175Z - info: [15:57:48] Reload for file change: C:\repos\nus-cs2113-AY1920S2\cs2113-website\admin\tp-progress-dashboard-table.mbdf
2020-03-14T07:57:49.182Z - info: Rebuilding affected source files
2020-03-14T07:57:49.220Z - info: Rebuilding 1 pages
2020-03-14T07:57:52.622Z - info: Pages rebuilt
2020-03-14T07:57:52.622Z - info: Website regeneration complete! Total build time: 3.439s
2020-03-14T07:57:52.628Z - info: Site data built
2020-03-14T07:59:19.685Z - info: [15:59:19] Reload for file change: C:\repos\nus-cs2113-AY1920S2\cs2113-website\admin\tp-progress-dashboard-table.mbdf
2020-03-14T07:59:20.694Z - info: Rebuilding affected source files
2020-03-14T07:59:20.705Z - info: Rebuilding 1 pages
2020-03-14T07:59:24.226Z - info: Pages rebuilt
2020-03-14T07:59:24.227Z - info: Website regeneration complete! Total build time: 3.533s
2020-03-14T07:59:24.230Z - info: Site data built
2020-03-14T08:02:20.273Z - info: [16:02:20] Reload for file change: C:\repos\nus-cs2113-AY1920S2\cs2113-website\admin\tp-progress-dashboard-table.mbdf
2020-03-14T08:02:21.278Z - info: Rebuilding affected source files
2020-03-14T08:02:21.291Z - info: Rebuilding 1 pages
2020-03-14T08:02:25.049Z - info: Pages rebuilt
2020-03-14T08:02:25.049Z - info: Website regeneration complete! Total build time: 3.77s
2020-03-14T08:02:25.053Z - info: Site data built
2020-03-14T08:04:03.338Z - info: [16:04:03] Reload for file change: C:\repos\nus-cs2113-AY1920S2\cs2113-website\admin\tp-progress-dashboard-table.mbdf
2020-03-14T08:04:04.344Z - info: Rebuilding affected source files
2020-03-14T08:04:04.355Z - info: Rebuilding 1 pages
2020-03-14T08:04:08.228Z - info: Pages rebuilt
2020-03-14T08:04:08.228Z - info: Website regeneration complete! Total build time: 3.883s
2020-03-14T08:04:08.232Z - info: Site data built
2020-03-14T09:18:13.104Z - info: Website generation started at 17:18:10
2020-03-14T09:18:16.995Z - info: Building assets...
2020-03-14T09:18:20.429Z - info: Assets built
2020-03-14T09:18:20.429Z - info: Generating pages...
2020-03-14T09:20:21.434Z - debug: The process cannot access the file because it is being used by another process.

2020-03-14T09:20:21.434Z - debug: The process cannot access the file because it is being used by another process.

2020-03-14T09:20:21.434Z - debug: The process cannot access the file because it is being used by another process.

2020-03-14T09:20:21.434Z - debug: The process cannot access the file because it is being used by another process.

2020-03-14T09:20:21.434Z - debug: The process cannot access the file because it is being used by another process.

2020-03-14T09:20:21.434Z - debug: The process cannot access the file because it is being used by another process.

2020-03-14T09:20:21.434Z - debug: The process cannot access the file because it is being used by another process.

2020-03-14T09:20:22.762Z - debug: The process cannot access the file because it is being used by another process.

2020-03-14T09:20:22.762Z - debug: The process cannot access the file because it is being used by another process.

2020-03-14T09:20:22.762Z - debug: The process cannot access the file because it is being used by another process.

2020-03-14T09:20:22.762Z - debug: The process cannot access the file because it is being used by another process.

2020-03-14T09:20:22.762Z - debug: The process cannot access the file because it is being used by another process.

2020-03-14T09:20:22.762Z - debug: The process cannot access the file because it is being used by another process.

2020-03-14T09:20:22.762Z - debug: The process cannot access the file because it is being used by another process.

2020-03-14T09:20:22.762Z - debug: The process cannot access the file because it is being used by another process.

2020-03-14T09:20:22.762Z - debug: The process cannot access the file because it is being used by another process.

2020-03-14T09:20:22.762Z - debug: The process cannot access the file because it is being used by another process.

2020-03-14T09:20:22.762Z - debug: The process cannot access the file because it is being used by another process.

2020-03-14T09:20:22.762Z - debug: The process cannot access the file because it is being used by another process.

2020-03-14T09:20:22.762Z - debug: The process cannot access the file because it is being used by another process.

2020-03-14T09:20:22.762Z - debug: The process cannot access the file because it is being used by another process.

2020-03-14T09:20:22.762Z - debug: The process cannot access the file because it is being used by another process.

2020-03-14T09:20:22.762Z - debug: The process cannot access the file because it is being used by another process.

2020-03-14T09:20:22.762Z - debug: The process cannot access the file because it is being used by another process.

2020-03-14T09:20:22.793Z - debug: The process cannot access the file because it is being used by another process.

2020-03-14T09:20:41.094Z - debug:  
2020-03-14T09:20:41.094Z - debug:  
2020-03-14T09:20:41.094Z - debug:  
2020-03-14T09:20:41.094Z - debug:  
2020-03-14T09:22:05.828Z - debug:  
2020-03-14T09:22:06.094Z - debug:  
2020-03-14T09:22:07.784Z - info: Pages built
2020-03-14T09:22:43.084Z - info: Website generation complete! Total build time: 272.731s
2020-03-14T09:22:43.084Z - info: Build success!
2020-03-14T09:22:43.084Z - info: Site data built
2020-03-14T09:23:44.383Z - info: Deployed!
