2020-01-31T06:02:05.929Z - info: Website generation started at 2:02:04 PM
2020-01-31T06:02:08.857Z - info: Building assets...
2020-01-31T06:02:10.883Z - info: Assets built
2020-01-31T06:02:10.883Z - info: Generating pages...
2020-01-31T06:03:03.354Z - debug: The process cannot access the file because it is being used by another process.

2020-01-31T06:03:03.354Z - debug: The process cannot access the file because it is being used by another process.

2020-01-31T06:03:03.354Z - debug: The process cannot access the file because it is being used by another process.

2020-01-31T06:03:03.355Z - debug: The process cannot access the file because it is being used by another process.

2020-01-31T06:03:03.355Z - debug: The process cannot access the file because it is being used by another process.

2020-01-31T06:03:03.356Z - debug: The process cannot access the file because it is being used by another process.

2020-01-31T06:03:03.356Z - debug: The process cannot access the file because it is being used by another process.

2020-01-31T06:03:03.356Z - debug: The process cannot access the file because it is being used by another process.

2020-01-31T06:03:03.356Z - debug: The process cannot access the file because it is being used by another process.

2020-01-31T06:03:03.356Z - debug: The process cannot access the file because it is being used by another process.

2020-01-31T06:03:03.415Z - debug: The process cannot access the file because it is being used by another process.

2020-01-31T06:03:09.346Z - debug:  
2020-01-31T06:03:09.347Z - debug:  
2020-01-31T06:03:09.347Z - debug:  
2020-01-31T06:03:09.347Z - debug:  
2020-01-31T06:03:53.741Z - info: Pages built
2020-01-31T06:04:08.146Z - info: Website generation complete! Total build time: 123.49s
2020-01-31T06:04:08.495Z - info: Serving "C:\repos\nus-cs2113-AY1920S2\cs2113-website\_site" at http://127.0.0.1:8080
2020-01-31T06:04:08.495Z - info: Press CTRL+C to stop ...
2020-01-31T06:04:08.588Z - info: Site data built
2020-01-31T06:21:59.835Z - info: [2:21:59 PM] Reload for file change: C:\repos\nus-cs2113-AY1920S2\cs2113-website\schedule\week4\tutorial-cs2113.mbdf
2020-01-31T06:22:00.838Z - info: Rebuilding affected source files
2020-01-31T06:22:00.840Z - info: Rebuilding 1 pages
2020-01-31T06:22:01.274Z - info: Pages rebuilt
2020-01-31T06:22:01.280Z - info: Site data built
2020-01-31T06:27:26.251Z - info: [2:27:26 PM] Reload for file change: C:\repos\nus-cs2113-AY1920S2\cs2113-website\schedule\week4\tutorial-cs2113.mbdf
2020-01-31T06:27:27.252Z - info: Rebuilding affected source files
2020-01-31T06:27:27.253Z - info: Rebuilding 1 pages
2020-01-31T06:27:27.618Z - info: Pages rebuilt
2020-01-31T06:27:27.625Z - info: Site data built
2020-01-31T06:33:15.878Z - info: [2:33:15 PM] Reload for file change: C:\repos\nus-cs2113-AY1920S2\cs2113-website\common\macros.njk
2020-01-31T06:33:15.883Z - info: [2:33:15 PM] Reload for file change: C:\repos\nus-cs2113-AY1920S2\cs2113-website\schedule\week4\tutorial-cs2113.mbdf
2020-01-31T06:33:16.883Z - info: Rebuilding affected source files
2020-01-31T06:33:16.884Z - info: Rebuilding 1 pages
2020-01-31T06:33:16.904Z - error:  Template render error: (C:\repos\nus-cs2113-AY1920S2\cs2113-website\schedule\week4\tutorial-cs2113.mbdf)
  Error: cannot import 'button'
    at Object._prettifyError (C:\Users\dcsdcr\AppData\Roaming\npm\node_modules\markbind-cli\node_modules\nunjucks\src\lib.js:36:11)
    at C:\Users\dcsdcr\AppData\Roaming\npm\node_modules\markbind-cli\node_modules\nunjucks\src\environment.js:567:19
    at eval (eval at _compile (C:\Users\dcsdcr\AppData\Roaming\npm\node_modules\markbind-cli\node_modules\nunjucks\src\environment.js:637:18), <anonymous>:16:1)
    at C:\Users\dcsdcr\AppData\Roaming\npm\node_modules\markbind-cli\node_modules\nunjucks\src\environment.js:619:9
    at eval (eval at _compile (C:\Users\dcsdcr\AppData\Roaming\npm\node_modules\markbind-cli\node_modules\nunjucks\src\environment.js:637:18), <anonymous>:610:1)
    at C:\Users\dcsdcr\AppData\Roaming\npm\node_modules\markbind-cli\node_modules\nunjucks\src\environment.js:619:9
    at Template.root [as rootRenderFunc] (eval at _compile (C:\Users\dcsdcr\AppData\Roaming\npm\node_modules\markbind-cli\node_modules\nunjucks\src\environment.js:637:18), <anonymous>:245:1)
    at Template.getExported (C:\Users\dcsdcr\AppData\Roaming\npm\node_modules\markbind-cli\node_modules\nunjucks\src\environment.js:615:10)
    at eval (eval at _compile (C:\Users\dcsdcr\AppData\Roaming\npm\node_modules\markbind-cli\node_modules\nunjucks\src\environment.js:637:18), <anonymous>:11:5)
    at Environment.getTemplate (C:\Users\dcsdcr\AppData\Roaming\npm\node_modules\markbind-cli\node_modules\nunjucks\src\environment.js:279:9)
    at Template.root [as rootRenderFunc] (eval at _compile (C:\Users\dcsdcr\AppData\Roaming\npm\node_modules\markbind-cli\node_modules\nunjucks\src\environment.js:637:18), <anonymous>:9:5)
    at Template.getExported (C:\Users\dcsdcr\AppData\Roaming\npm\node_modules\markbind-cli\node_modules\nunjucks\src\environment.js:615:10)
    at eval (eval at _compile (C:\Users\dcsdcr\AppData\Roaming\npm\node_modules\markbind-cli\node_modules\nunjucks\src\environment.js:637:18), <anonymous>:11:5)
    at Environment.getTemplate (C:\Users\dcsdcr\AppData\Roaming\npm\node_modules\markbind-cli\node_modules\nunjucks\src\environment.js:279:9)
    at Template.root [as rootRenderFunc] (eval at _compile (C:\Users\dcsdcr\AppData\Roaming\npm\node_modules\markbind-cli\node_modules\nunjucks\src\environment.js:637:18), <anonymous>:9:5)
    at Template.render (C:\Users\dcsdcr\AppData\Roaming\npm\node_modules\markbind-cli\node_modules\nunjucks\src\environment.js:556:10)
2020-01-31T06:33:16.907Z - info: Assets built
2020-01-31T06:33:16.949Z - info: Pages rebuilt
2020-01-31T06:33:16.952Z - info: Site data built
2020-01-31T06:33:31.515Z - info: Website generation started at 2:33:30 PM
2020-01-31T06:33:33.995Z - info: Building assets...
2020-01-31T06:33:36.075Z - info: Assets built
2020-01-31T06:33:36.075Z - info: Generating pages...
2020-01-31T06:34:25.443Z - debug: The process cannot access the file because it is being used by another process.

2020-01-31T06:34:25.445Z - debug: The process cannot access the file because it is being used by another process.

2020-01-31T06:34:25.445Z - debug: The process cannot access the file because it is being used by another process.

2020-01-31T06:34:25.446Z - debug: The process cannot access the file because it is being used by another process.

2020-01-31T06:34:25.446Z - debug: The process cannot access the file because it is being used by another process.

2020-01-31T06:34:25.447Z - debug: The process cannot access the file because it is being used by another process.

2020-01-31T06:34:25.447Z - debug: The process cannot access the file because it is being used by another process.

2020-01-31T06:34:25.447Z - debug: The process cannot access the file because it is being used by another process.

2020-01-31T06:34:25.450Z - debug: The process cannot access the file because it is being used by another process.

2020-01-31T06:34:25.450Z - debug: The process cannot access the file because it is being used by another process.

2020-01-31T06:34:25.547Z - debug: The process cannot access the file because it is being used by another process.

2020-01-31T06:34:29.457Z - debug:  
2020-01-31T06:34:29.458Z - debug:  
2020-01-31T06:34:29.458Z - debug:  
2020-01-31T06:34:31.758Z - debug:  
2020-01-31T06:35:14.214Z - info: Pages built
2020-01-31T06:35:28.855Z - info: Website generation complete! Total build time: 118.504s
2020-01-31T06:35:29.201Z - info: Serving "C:\repos\nus-cs2113-AY1920S2\cs2113-website\_site" at http://127.0.0.1:8080
2020-01-31T06:35:29.201Z - info: Press CTRL+C to stop ...
2020-01-31T06:35:29.300Z - info: Site data built
2020-01-31T06:36:05.033Z - info: [2:36:05 PM] Reload for file change: C:\repos\nus-cs2113-AY1920S2\cs2113-website\schedule\week4\tutorial-cs2113.mbdf
2020-01-31T06:36:06.036Z - info: Rebuilding affected source files
2020-01-31T06:36:06.039Z - info: Rebuilding 1 pages
2020-01-31T06:36:06.425Z - info: Pages rebuilt
2020-01-31T06:36:06.440Z - info: Site data built
2020-01-31T06:36:41.583Z - info: [2:36:41 PM] Reload for file change: C:\repos\nus-cs2113-AY1920S2\cs2113-website\schedule\week4\tutorial-cs2113.mbdf
2020-01-31T06:36:42.585Z - info: Rebuilding affected source files
2020-01-31T06:36:42.586Z - info: Rebuilding 1 pages
2020-01-31T06:36:42.898Z - info: Pages rebuilt
2020-01-31T06:36:42.903Z - info: Site data built
2020-01-31T06:36:59.474Z - info: [2:36:59 PM] Reload for file change: C:\repos\nus-cs2113-AY1920S2\cs2113-website\schedule\week4\tutorial-cs2113.mbdf
2020-01-31T06:37:00.475Z - info: Rebuilding affected source files
2020-01-31T06:37:00.476Z - info: Rebuilding 1 pages
2020-01-31T06:37:00.775Z - info: Pages rebuilt
2020-01-31T06:37:00.781Z - info: Site data built
2020-01-31T06:37:38.008Z - info: [2:37:38 PM] Reload for file change: C:\repos\nus-cs2113-AY1920S2\cs2113-website\schedule\week4\tutorial-cs2113.mbdf
2020-01-31T06:37:39.009Z - info: Rebuilding affected source files
2020-01-31T06:37:39.011Z - info: Rebuilding 1 pages
2020-01-31T06:37:39.364Z - info: Pages rebuilt
2020-01-31T06:37:39.379Z - info: Site data built
2020-01-31T06:37:47.072Z - info: [2:37:47 PM] Reload for file change: C:\repos\nus-cs2113-AY1920S2\cs2113-website\schedule\week4\tutorial-cs2113.mbdf
2020-01-31T06:37:48.075Z - info: Rebuilding affected source files
2020-01-31T06:37:48.077Z - info: Rebuilding 1 pages
2020-01-31T06:37:48.393Z - info: Pages rebuilt
2020-01-31T06:37:48.408Z - info: Site data built
2020-01-31T06:38:12.684Z - info: [2:38:12 PM] Reload for file change: C:\repos\nus-cs2113-AY1920S2\cs2113-website\schedule\week4\tutorial-cs2113.mbdf
2020-01-31T06:38:13.686Z - info: Rebuilding affected source files
2020-01-31T06:38:13.688Z - info: Rebuilding 1 pages
2020-01-31T06:38:13.979Z - info: Pages rebuilt
2020-01-31T06:38:13.987Z - info: Site data built
2020-01-31T06:38:33.896Z - info: [2:38:33 PM] Reload for file change: C:\repos\nus-cs2113-AY1920S2\cs2113-website\schedule\week4\tutorial-cs2113.mbdf
2020-01-31T06:38:34.896Z - info: Rebuilding affected source files
2020-01-31T06:38:34.897Z - info: Rebuilding 1 pages
2020-01-31T06:38:35.208Z - info: Pages rebuilt
2020-01-31T06:38:35.218Z - info: Site data built
2020-01-31T06:39:19.952Z - info: [2:39:19 PM] Reload for file change: C:\repos\nus-cs2113-AY1920S2\cs2113-website\schedule\week4\tutorial-cs2113.mbdf
2020-01-31T06:39:20.954Z - info: Rebuilding affected source files
2020-01-31T06:39:20.956Z - info: Rebuilding 1 pages
2020-01-31T06:39:21.318Z - info: Pages rebuilt
2020-01-31T06:39:21.333Z - info: Site data built
2020-01-31T06:39:41.070Z - info: [2:39:41 PM] Reload for file change: C:\repos\nus-cs2113-AY1920S2\cs2113-website\schedule\week4\tutorial-cs2113.mbdf
2020-01-31T06:39:42.072Z - info: Rebuilding affected source files
2020-01-31T06:39:42.073Z - info: Rebuilding 1 pages
2020-01-31T06:39:42.473Z - info: Pages rebuilt
2020-01-31T06:39:42.478Z - info: Site data built
2020-01-31T06:40:58.004Z - info: [2:40:58 PM] Reload for file change: C:\repos\nus-cs2113-AY1920S2\cs2113-website\common\macros.njk
2020-01-31T06:40:59.014Z - info: Assets built
2020-01-31T06:43:45.162Z - info: [2:43:45 PM] Reload for file change: C:\repos\nus-cs2113-AY1920S2\cs2113-website\schedule\week4\tutorial-cs2113.mbdf
2020-01-31T06:43:46.163Z - info: Rebuilding affected source files
2020-01-31T06:43:46.164Z - info: Rebuilding 1 pages
2020-01-31T06:43:46.493Z - info: Pages rebuilt
2020-01-31T06:43:46.500Z - info: Site data built
2020-01-31T06:44:11.289Z - info: [2:44:11 PM] Reload for file change: C:\repos\nus-cs2113-AY1920S2\cs2113-website\schedule\week4\tutorial-cs2113.mbdf
2020-01-31T06:44:12.291Z - info: Rebuilding affected source files
2020-01-31T06:44:12.292Z - info: Rebuilding 1 pages
2020-01-31T06:44:12.611Z - info: Pages rebuilt
2020-01-31T06:44:12.622Z - info: Site data built
2020-01-31T06:44:19.277Z - info: [2:44:19 PM] Reload for file change: C:\repos\nus-cs2113-AY1920S2\cs2113-website\schedule\week4\tutorial-cs2113.mbdf
2020-01-31T06:44:20.279Z - info: Rebuilding affected source files
2020-01-31T06:44:20.280Z - info: Rebuilding 1 pages
2020-01-31T06:44:20.582Z - info: Pages rebuilt
2020-01-31T06:44:20.587Z - info: Site data built
2020-01-31T06:44:42.804Z - info: [2:44:42 PM] Reload for file change: C:\repos\nus-cs2113-AY1920S2\cs2113-website\schedule\week4\tutorial-cs2113.mbdf
2020-01-31T06:44:43.806Z - info: Rebuilding affected source files
2020-01-31T06:44:43.809Z - info: Rebuilding 1 pages
2020-01-31T06:44:44.071Z - info: Pages rebuilt
2020-01-31T06:44:44.082Z - info: Site data built
2020-01-31T06:44:58.284Z - info: [2:44:58 PM] Reload for file change: C:\repos\nus-cs2113-AY1920S2\cs2113-website\schedule\week4\tutorial-cs2113.mbdf
2020-01-31T06:44:59.285Z - info: Rebuilding affected source files
2020-01-31T06:44:59.286Z - info: Rebuilding 1 pages
2020-01-31T06:44:59.558Z - info: Pages rebuilt
2020-01-31T06:44:59.563Z - info: Site data built
2020-01-31T06:45:23.725Z - info: [2:45:23 PM] Reload for file change: C:\repos\nus-cs2113-AY1920S2\cs2113-website\schedule\week4\tutorial-cs2113.mbdf
2020-01-31T06:45:24.726Z - info: Rebuilding affected source files
2020-01-31T06:45:24.727Z - info: Rebuilding 1 pages
2020-01-31T06:45:25.105Z - info: Pages rebuilt
2020-01-31T06:45:25.110Z - info: Site data built
2020-01-31T06:45:44.810Z - info: [2:45:44 PM] Reload for file change: C:\repos\nus-cs2113-AY1920S2\cs2113-website\schedule\week4\tutorial-cs2113.mbdf
2020-01-31T06:45:45.812Z - info: Rebuilding affected source files
2020-01-31T06:45:45.813Z - info: Rebuilding 1 pages
2020-01-31T06:45:46.116Z - info: Pages rebuilt
2020-01-31T06:45:46.122Z - info: Site data built
2020-01-31T06:46:06.488Z - info: [2:46:06 PM] Reload for file change: C:\repos\nus-cs2113-AY1920S2\cs2113-website\schedule\week4\tutorial-cs2113.mbdf
2020-01-31T06:46:07.489Z - info: Rebuilding affected source files
2020-01-31T06:46:07.490Z - info: Rebuilding 1 pages
2020-01-31T06:46:07.794Z - info: Pages rebuilt
2020-01-31T06:46:07.799Z - info: Site data built
2020-01-31T06:46:28.888Z - info: [2:46:28 PM] Reload for file change: C:\repos\nus-cs2113-AY1920S2\cs2113-website\schedule\week4\tutorial-cs2113.mbdf
2020-01-31T06:46:29.888Z - info: Rebuilding affected source files
2020-01-31T06:46:29.889Z - info: Rebuilding 1 pages
2020-01-31T06:46:30.197Z - info: Pages rebuilt
2020-01-31T06:46:30.204Z - info: Site data built
2020-01-31T06:46:40.168Z - info: [2:46:40 PM] Reload for file change: C:\repos\nus-cs2113-AY1920S2\cs2113-website\schedule\week4\tutorial-cs2113.mbdf
2020-01-31T06:46:41.169Z - info: Rebuilding affected source files
2020-01-31T06:46:41.170Z - info: Rebuilding 1 pages
2020-01-31T06:46:41.448Z - info: Pages rebuilt
2020-01-31T06:46:41.467Z - info: Site data built
2020-01-31T06:47:08.433Z - info: [2:47:08 PM] Reload for file change: C:\repos\nus-cs2113-AY1920S2\cs2113-website\schedule\week4\tutorial-cs2113.mbdf
2020-01-31T06:47:09.434Z - info: Rebuilding affected source files
2020-01-31T06:47:09.435Z - info: Rebuilding 1 pages
2020-01-31T06:47:09.708Z - info: Pages rebuilt
2020-01-31T06:47:09.715Z - info: Site data built
2020-01-31T06:47:18.387Z - info: [2:47:18 PM] Reload for file change: C:\repos\nus-cs2113-AY1920S2\cs2113-website\schedule\week4\tutorial-cs2113.mbdf
2020-01-31T06:47:19.390Z - info: Rebuilding affected source files
2020-01-31T06:47:19.391Z - info: Rebuilding 1 pages
2020-01-31T06:47:19.700Z - info: Pages rebuilt
2020-01-31T06:47:19.708Z - info: Site data built
2020-01-31T06:47:24.657Z - info: [2:47:24 PM] Reload for file change: C:\repos\nus-cs2113-AY1920S2\cs2113-website\schedule\week4\tutorial-cs2113.mbdf
2020-01-31T06:47:25.659Z - info: Rebuilding affected source files
2020-01-31T06:47:25.660Z - info: Rebuilding 1 pages
2020-01-31T06:47:25.919Z - info: Pages rebuilt
2020-01-31T06:47:25.928Z - info: Site data built
2020-01-31T06:47:30.573Z - info: [2:47:30 PM] Reload for file change: C:\repos\nus-cs2113-AY1920S2\cs2113-website\schedule\week4\tutorial-cs2113.mbdf
2020-01-31T06:47:31.575Z - info: Rebuilding affected source files
2020-01-31T06:47:31.576Z - info: Rebuilding 1 pages
2020-01-31T06:47:31.813Z - info: Pages rebuilt
2020-01-31T06:47:31.822Z - info: Site data built
2020-01-31T06:47:59.266Z - info: [2:47:59 PM] Reload for file change: C:\repos\nus-cs2113-AY1920S2\cs2113-website\schedule\week4\tutorial-cs2113.mbdf
2020-01-31T06:48:00.267Z - info: Rebuilding affected source files
2020-01-31T06:48:00.268Z - info: Rebuilding 1 pages
2020-01-31T06:48:00.487Z - info: Pages rebuilt
2020-01-31T06:48:00.495Z - info: Site data built
2020-01-31T06:48:35.852Z - info: [2:48:35 PM] Reload for file change: C:\repos\nus-cs2113-AY1920S2\cs2113-website\common\macros.njk
2020-01-31T06:48:35.858Z - info: [2:48:35 PM] Reload for file change: C:\repos\nus-cs2113-AY1920S2\cs2113-website\schedule\week4\tutorial-cs2113.mbdf
2020-01-31T06:48:36.858Z - info: Rebuilding affected source files
2020-01-31T06:48:36.859Z - info: Rebuilding 1 pages
2020-01-31T06:48:36.895Z - info: Assets built
2020-01-31T06:48:37.168Z - info: Pages rebuilt
2020-01-31T06:48:37.176Z - info: Site data built
2020-01-31T06:48:49.609Z - info: Website generation started at 2:48:48 PM
2020-01-31T06:48:52.170Z - info: Building assets...
2020-01-31T06:48:54.404Z - info: Assets built
2020-01-31T06:48:54.404Z - info: Generating pages...
2020-01-31T06:49:43.903Z - debug: The process cannot access the file because it is being used by another process.

2020-01-31T06:49:43.903Z - debug: The process cannot access the file because it is being used by another process.

2020-01-31T06:49:43.904Z - debug: The process cannot access the file because it is being used by another process.

2020-01-31T06:49:43.907Z - debug: The process cannot access the file because it is being used by another process.

2020-01-31T06:49:43.908Z - debug: The process cannot access the file because it is being used by another process.

2020-01-31T06:49:43.908Z - debug: The process cannot access the file because it is being used by another process.

2020-01-31T06:49:43.908Z - debug: The process cannot access the file because it is being used by another process.

2020-01-31T06:49:43.908Z - debug: The process cannot access the file because it is being used by another process.

2020-01-31T06:49:43.914Z - debug: The process cannot access the file because it is being used by another process.

2020-01-31T06:49:43.919Z - debug: The process cannot access the file because it is being used by another process.

2020-01-31T06:49:44.120Z - debug: The process cannot access the file because it is being used by another process.

2020-01-31T06:49:47.336Z - debug:  
2020-01-31T06:49:47.336Z - debug:  
2020-01-31T06:49:47.337Z - debug:  
2020-01-31T06:49:48.404Z - debug:  
2020-01-31T06:50:33.664Z - info: Pages built
2020-01-31T06:50:48.764Z - info: Website generation complete! Total build time: 120.327s
2020-01-31T06:50:49.111Z - info: Serving "C:\repos\nus-cs2113-AY1920S2\cs2113-website\_site" at http://127.0.0.1:8080
2020-01-31T06:50:49.111Z - info: Press CTRL+C to stop ...
2020-01-31T06:50:49.204Z - info: Site data built
2020-01-31T06:51:28.762Z - info: [2:51:28 PM] Reload for file change: C:\repos\nus-cs2113-AY1920S2\cs2113-website\common\macros.njk
2020-01-31T06:51:29.774Z - info: Assets built
2020-01-31T06:51:59.113Z - info: [2:51:59 PM] Reload for file change: C:\repos\nus-cs2113-AY1920S2\cs2113-website\schedule\week4\tutorial-cs2113.mbdf
2020-01-31T06:52:00.115Z - info: Rebuilding affected source files
2020-01-31T06:52:00.116Z - info: Rebuilding 1 pages
2020-01-31T06:52:00.558Z - info: Pages rebuilt
2020-01-31T06:52:00.563Z - info: Site data built
2020-01-31T06:54:37.582Z - info: [2:54:37 PM] Reload for file change: C:\repos\nus-cs2113-AY1920S2\cs2113-website\schedule\week1\notices-cs2103.mbdf
2020-01-31T06:54:38.584Z - info: Rebuilding affected source files
2020-01-31T06:54:38.585Z - info: Rebuilding 1 pages
2020-01-31T06:54:38.787Z - info: Pages rebuilt
2020-01-31T06:54:38.792Z - info: Site data built
2020-01-31T06:54:50.944Z - info: [2:54:50 PM] Reload for file change: C:\repos\nus-cs2113-AY1920S2\cs2113-website\schedule\week1\notices-cs2103.mbdf
2020-01-31T06:54:51.946Z - info: Rebuilding affected source files
2020-01-31T06:54:51.947Z - info: Rebuilding 1 pages
2020-01-31T06:54:52.153Z - info: Pages rebuilt
2020-01-31T06:54:52.159Z - info: Site data built
2020-01-31T06:55:48.955Z - info: [2:55:48 PM] Reload for file change: C:\repos\nus-cs2113-AY1920S2\cs2113-website\schedule\week1\notices-cs2103.mbdf
2020-01-31T06:55:49.956Z - info: Rebuilding affected source files
2020-01-31T06:55:49.958Z - info: Rebuilding 1 pages
2020-01-31T06:55:50.171Z - info: Pages rebuilt
2020-01-31T06:55:50.174Z - info: Site data built
2020-01-31T06:57:18.964Z - info: [2:57:18 PM] Reload for file change: C:\repos\nus-cs2113-AY1920S2\cs2113-website\common\macros.njk
2020-01-31T06:57:18.970Z - info: [2:57:18 PM] Reload for file change: C:\repos\nus-cs2113-AY1920S2\cs2113-website\schedule\week4\tutorial-cs2113.mbdf
2020-01-31T06:57:19.969Z - info: Rebuilding affected source files
2020-01-31T06:57:19.970Z - info: Rebuilding 1 pages
2020-01-31T06:57:19.989Z - error:  Template render error: (C:\repos\nus-cs2113-AY1920S2\cs2113-website\schedule\week4\tutorial-cs2113.mbdf)
  Error: cannot import 'show_as_rounded_tab'
    at Object._prettifyError (C:\Users\dcsdcr\AppData\Roaming\npm\node_modules\markbind-cli\node_modules\nunjucks\src\lib.js:36:11)
    at C:\Users\dcsdcr\AppData\Roaming\npm\node_modules\markbind-cli\node_modules\nunjucks\src\environment.js:567:19
    at eval (eval at _compile (C:\Users\dcsdcr\AppData\Roaming\npm\node_modules\markbind-cli\node_modules\nunjucks\src\environment.js:637:18), <anonymous>:34:1)
    at C:\Users\dcsdcr\AppData\Roaming\npm\node_modules\markbind-cli\node_modules\nunjucks\src\environment.js:619:9
    at eval (eval at _compile (C:\Users\dcsdcr\AppData\Roaming\npm\node_modules\markbind-cli\node_modules\nunjucks\src\environment.js:637:18), <anonymous>:656:1)
    at C:\Users\dcsdcr\AppData\Roaming\npm\node_modules\markbind-cli\node_modules\nunjucks\src\environment.js:619:9
    at Template.root [as rootRenderFunc] (eval at _compile (C:\Users\dcsdcr\AppData\Roaming\npm\node_modules\markbind-cli\node_modules\nunjucks\src\environment.js:637:18), <anonymous>:245:1)
    at Template.getExported (C:\Users\dcsdcr\AppData\Roaming\npm\node_modules\markbind-cli\node_modules\nunjucks\src\environment.js:615:10)
    at eval (eval at _compile (C:\Users\dcsdcr\AppData\Roaming\npm\node_modules\markbind-cli\node_modules\nunjucks\src\environment.js:637:18), <anonymous>:11:5)
    at Environment.getTemplate (C:\Users\dcsdcr\AppData\Roaming\npm\node_modules\markbind-cli\node_modules\nunjucks\src\environment.js:279:9)
    at Template.root [as rootRenderFunc] (eval at _compile (C:\Users\dcsdcr\AppData\Roaming\npm\node_modules\markbind-cli\node_modules\nunjucks\src\environment.js:637:18), <anonymous>:9:5)
    at Template.getExported (C:\Users\dcsdcr\AppData\Roaming\npm\node_modules\markbind-cli\node_modules\nunjucks\src\environment.js:615:10)
    at eval (eval at _compile (C:\Users\dcsdcr\AppData\Roaming\npm\node_modules\markbind-cli\node_modules\nunjucks\src\environment.js:637:18), <anonymous>:11:5)
    at Environment.getTemplate (C:\Users\dcsdcr\AppData\Roaming\npm\node_modules\markbind-cli\node_modules\nunjucks\src\environment.js:279:9)
    at Template.root [as rootRenderFunc] (eval at _compile (C:\Users\dcsdcr\AppData\Roaming\npm\node_modules\markbind-cli\node_modules\nunjucks\src\environment.js:637:18), <anonymous>:9:5)
    at Template.render (C:\Users\dcsdcr\AppData\Roaming\npm\node_modules\markbind-cli\node_modules\nunjucks\src\environment.js:556:10)
2020-01-31T06:57:19.992Z - info: Assets built
2020-01-31T06:57:20.024Z - info: Pages rebuilt
2020-01-31T06:57:20.027Z - info: Site data built
2020-01-31T06:57:33.173Z - info: Website generation started at 2:57:31 PM
2020-01-31T06:57:35.859Z - info: Building assets...
2020-01-31T06:57:37.938Z - info: Assets built
2020-01-31T06:57:37.938Z - info: Generating pages...
2020-01-31T06:58:32.641Z - debug: The process cannot access the file because it is being used by another process.

2020-01-31T06:58:32.648Z - debug: The process cannot access the file because it is being used by another process.

2020-01-31T06:58:32.649Z - debug: The process cannot access the file because it is being used by another process.

2020-01-31T06:58:32.649Z - debug: The process cannot access the file because it is being used by another process.

2020-01-31T06:58:32.649Z - debug: The process cannot access the file because it is being used by another process.

2020-01-31T06:58:32.649Z - debug: The process cannot access the file because it is being used by another process.

2020-01-31T06:58:32.650Z - debug: The process cannot access the file because it is being used by another process.

2020-01-31T06:58:32.650Z - debug: The process cannot access the file because it is being used by another process.

2020-01-31T06:58:32.650Z - debug: The process cannot access the file because it is being used by another process.

2020-01-31T06:58:32.650Z - debug: The process cannot access the file because it is being used by another process.

2020-01-31T06:58:32.748Z - debug: The process cannot access the file because it is being used by another process.

2020-01-31T06:58:38.459Z - debug:  
2020-01-31T06:58:38.460Z - debug:  
2020-01-31T06:58:38.460Z - debug:  
2020-01-31T06:58:38.460Z - debug:  
2020-01-31T06:59:24.103Z - info: Pages built
2020-01-31T06:59:39.103Z - info: Website generation complete! Total build time: 127.247s
2020-01-31T06:59:39.438Z - info: Serving "C:\repos\nus-cs2113-AY1920S2\cs2113-website\_site" at http://127.0.0.1:8080
2020-01-31T06:59:39.438Z - info: Press CTRL+C to stop ...
2020-01-31T06:59:39.539Z - info: Site data built
2020-01-31T07:01:51.192Z - info: [3:01:51 PM] Reload for file change: C:\repos\nus-cs2113-AY1920S2\cs2113-website\schedule\week1\notices-cs2103.mbdf
2020-01-31T07:01:52.195Z - info: Rebuilding affected source files
2020-01-31T07:01:52.196Z - info: Rebuilding 1 pages
2020-01-31T07:01:52.475Z - info: Pages rebuilt
2020-01-31T07:01:52.479Z - info: Site data built
2020-01-31T07:04:04.830Z - info: Website generation started at 3:04:03 PM
2020-01-31T07:04:07.321Z - info: Building assets...
