2019-12-30T03:47:11.865Z - info: Website generation started at 11:47:11 AM
2019-12-30T03:47:14.044Z - info: Building assets...
2019-12-30T03:47:15.947Z - info: Assets built
2019-12-30T03:47:15.948Z - info: Generating pages...
2019-12-30T03:47:52.693Z - debug: The process cannot access the file because it is being used by another process.

2019-12-30T03:47:52.694Z - debug: The process cannot access the file because it is being used by another process.

2019-12-30T03:47:52.694Z - debug: The process cannot access the file because it is being used by another process.

2019-12-30T03:47:52.694Z - debug: The process cannot access the file because it is being used by another process.

2019-12-30T03:47:52.694Z - debug: The process cannot access the file because it is being used by another process.

2019-12-30T03:47:52.695Z - debug: The process cannot access the file because it is being used by another process.

2019-12-30T03:47:52.695Z - debug: The process cannot access the file because it is being used by another process.

2019-12-30T03:47:52.719Z - debug: The process cannot access the file because it is being used by another process.

2019-12-30T03:47:52.721Z - debug: The process cannot access the file because it is being used by another process.

2019-12-30T03:47:52.724Z - debug: The process cannot access the file because it is being used by another process.

2019-12-30T03:47:56.656Z - debug:  
2019-12-30T03:47:56.656Z - debug:  
2019-12-30T03:47:56.656Z - debug:  
2019-12-30T03:47:56.656Z - debug:  
2019-12-30T03:48:41.698Z - info: Pages built
2019-12-30T03:48:56.867Z - info: Website generation complete! Total build time: 105.538s
2019-12-30T03:48:57.204Z - info: Serving "C:\repos\nus-cs2113-AY1920S2\cs2113-website\_site" at http://127.0.0.1:8080
2019-12-30T03:48:57.204Z - info: Press CTRL+C to stop ...
2019-12-30T03:48:57.296Z - info: Site data built
2019-12-30T03:54:50.988Z - info: [11:54:50 AM] Reload for file change: C:\repos\nus-cs2113-AY1920S2\cs2113-website\se-book-adapted\config.njk
2019-12-30T03:54:52.003Z - info: Assets built
2019-12-30T03:55:15.540Z - info: [11:55:15 AM] Reload for file change: C:\repos\nus-cs2113-AY1920S2\cs2113-website\schedule\week3\topics.md
2019-12-30T03:55:16.029Z - info: [11:55:16 AM] Reload for file change: C:\repos\nus-cs2113-AY1920S2\cs2113-website\schedule\week3\topics.md
2019-12-30T03:55:16.542Z - info: Rebuilding affected source files
2019-12-30T03:55:16.547Z - info: Rebuilding 3 pages
2019-12-30T03:55:21.480Z - info: Pages rebuilt
2019-12-30T03:55:21.512Z - info: Site data built
2019-12-30T03:55:58.573Z - info: Website generation started at 11:55:57 AM
2019-12-30T03:56:00.790Z - info: Building assets...
2019-12-30T03:56:02.462Z - info: Assets built
2019-12-30T03:56:02.462Z - info: Generating pages...
2019-12-30T03:56:39.240Z - debug: The process cannot access the file because it is being used by another process.

2019-12-30T03:56:39.358Z - debug: The process cannot access the file because it is being used by another process.

2019-12-30T03:56:39.362Z - debug: The process cannot access the file because it is being used by another process.

2019-12-30T03:56:39.364Z - debug: The process cannot access the file because it is being used by another process.

2019-12-30T03:56:39.364Z - debug: The process cannot access the file because it is being used by another process.

2019-12-30T03:56:39.364Z - debug: The process cannot access the file because it is being used by another process.

2019-12-30T03:56:39.375Z - debug: The process cannot access the file because it is being used by another process.

2019-12-30T03:56:39.376Z - debug: The process cannot access the file because it is being used by another process.

2019-12-30T03:56:39.586Z - debug: The process cannot access the file because it is being used by another process.

2019-12-30T03:56:39.589Z - debug: The process cannot access the file because it is being used by another process.

2019-12-30T03:56:42.037Z - debug:  
2019-12-30T03:56:42.038Z - debug:  
2019-12-30T03:56:42.412Z - debug:  
2019-12-30T03:56:42.412Z - debug:  
2019-12-30T03:57:29.016Z - info: Pages built
2019-12-30T03:57:43.654Z - info: Website generation complete! Total build time: 106.291s
2019-12-30T03:57:43.983Z - info: Serving "C:\repos\nus-cs2113-AY1920S2\cs2113-website\_site" at http://127.0.0.1:8080
2019-12-30T03:57:43.983Z - info: Press CTRL+C to stop ...
2019-12-30T03:57:44.086Z - info: Site data built
2019-12-30T08:43:25.484Z - info: [4:43:25 PM] Reload for file change: C:\repos\nus-cs2113-AY1920S2\cs2113-website\schedule\week3\topics.md
2019-12-30T08:43:26.645Z - info: Rebuilding affected source files
2019-12-30T08:43:26.652Z - info: Rebuilding 3 pages
2019-12-30T08:43:33.175Z - info: Pages rebuilt
2019-12-30T08:43:33.197Z - info: Site data built
2019-12-30T08:43:34.249Z - info: [4:43:34 PM] Reload for file change: C:\repos\nus-cs2113-AY1920S2\cs2113-website\schedule\week3\topics.md
2019-12-30T08:43:35.251Z - info: Rebuilding affected source files
2019-12-30T08:43:35.253Z - info: Rebuilding 3 pages
2019-12-30T08:43:39.786Z - info: Pages rebuilt
2019-12-30T08:43:39.798Z - info: Site data built
2019-12-30T09:21:45.380Z - info: [5:21:45 PM] Reload for file change: C:\repos\nus-cs2113-AY1920S2\cs2113-website\schedule\week3\topics.md
2019-12-30T09:21:46.380Z - info: Rebuilding affected source files
2019-12-30T09:21:46.382Z - info: Rebuilding 3 pages
2019-12-30T09:21:52.078Z - info: Pages rebuilt
2019-12-30T09:21:52.091Z - info: Site data built
2019-12-30T10:07:32.816Z - info: [6:07:32 PM] Reload for file change: C:\repos\nus-cs2113-AY1920S2\cs2113-website\admin\project-scope.md
2019-12-30T10:07:33.840Z - info: Rebuilding affected source files
2019-12-30T10:07:33.846Z - info: Rebuilding 18 pages
2019-12-30T10:07:41.884Z - info: Pages rebuilt
2019-12-30T10:07:41.903Z - info: Site data built
2019-12-30T10:14:55.749Z - info: [6:14:55 PM] Reload for file change: C:\repos\nus-cs2113-AY1920S2\cs2113-website\admin\project-scope.md
2019-12-30T10:14:56.753Z - info: Rebuilding affected source files
2019-12-30T10:14:56.758Z - info: Rebuilding 18 pages
2019-12-30T10:15:03.625Z - info: Pages rebuilt
2019-12-30T10:15:03.640Z - info: Site data built
2019-12-30T10:15:09.440Z - info: [6:15:09 PM] Reload for file change: C:\repos\nus-cs2113-AY1920S2\cs2113-website\admin\project-scope.md
2019-12-30T10:15:10.444Z - info: Rebuilding affected source files
2019-12-30T10:15:10.446Z - info: Rebuilding 18 pages
2019-12-30T10:15:17.055Z - info: Pages rebuilt
2019-12-30T10:15:17.069Z - info: Site data built
2019-12-30T10:19:44.298Z - info: [6:19:44 PM] Reload for file change: C:\repos\nus-cs2113-AY1920S2\cs2113-website\admin\project-scope.md
2019-12-30T10:19:45.304Z - info: Rebuilding affected source files
2019-12-30T10:19:45.308Z - info: Rebuilding 18 pages
2019-12-30T10:19:52.083Z - info: Pages rebuilt
2019-12-30T10:19:52.096Z - info: Site data built
2019-12-30T10:20:35.036Z - info: [6:20:35 PM] Reload for file change: C:\repos\nus-cs2113-AY1920S2\cs2113-website\admin\project-scope.md
2019-12-30T10:20:36.040Z - info: Rebuilding affected source files
2019-12-30T10:20:36.043Z - info: Rebuilding 18 pages
2019-12-30T10:20:43.102Z - info: Pages rebuilt
2019-12-30T10:20:43.121Z - info: Site data built
2019-12-30T10:20:53.709Z - info: [6:20:53 PM] Reload for file change: C:\repos\nus-cs2113-AY1920S2\cs2113-website\admin\project-scope.md
2019-12-30T10:20:54.712Z - info: Rebuilding affected source files
2019-12-30T10:20:54.715Z - info: Rebuilding 18 pages
2019-12-30T10:21:01.501Z - info: Pages rebuilt
2019-12-30T10:21:01.523Z - info: Site data built
2019-12-30T10:26:42.192Z - info: [6:26:42 PM] Reload for file change: C:\repos\nus-cs2113-AY1920S2\cs2113-website\admin\project-scope.md
2019-12-30T10:26:43.196Z - info: Rebuilding affected source files
2019-12-30T10:26:43.199Z - info: Rebuilding 18 pages
2019-12-30T10:26:50.060Z - info: Pages rebuilt
2019-12-30T10:26:50.085Z - info: Site data built
2019-12-30T10:27:40.524Z - info: [6:27:40 PM] Reload for file change: C:\repos\nus-cs2113-AY1920S2\cs2113-website\admin\project-scope.md
2019-12-30T10:27:41.527Z - info: Rebuilding affected source files
2019-12-30T10:27:41.530Z - info: Rebuilding 18 pages
2019-12-30T10:27:48.249Z - info: Pages rebuilt
2019-12-30T10:27:48.261Z - info: Site data built
2019-12-30T10:29:18.945Z - info: [6:29:18 PM] Reload for file change: C:\repos\nus-cs2113-AY1920S2\cs2113-website\admin\project-scope.md
2019-12-30T10:29:19.949Z - info: Rebuilding affected source files
2019-12-30T10:29:19.952Z - info: Rebuilding 18 pages
2019-12-30T10:29:26.804Z - info: Pages rebuilt
2019-12-30T10:29:26.819Z - info: Site data built
2019-12-30T10:31:18.550Z - info: [6:31:18 PM] Reload for file change: C:\repos\nus-cs2113-AY1920S2\cs2113-website\admin\project-scope.md
2019-12-30T10:31:19.553Z - info: Rebuilding affected source files
2019-12-30T10:31:19.557Z - info: Rebuilding 18 pages
2019-12-30T10:31:26.270Z - info: Pages rebuilt
2019-12-30T10:31:26.288Z - info: Site data built
2019-12-30T10:32:46.003Z - info: [6:32:46 PM] Reload for file change: C:\repos\nus-cs2113-AY1920S2\cs2113-website\admin\project-scope.md
2019-12-30T10:32:47.007Z - info: Rebuilding affected source files
2019-12-30T10:32:47.010Z - info: Rebuilding 18 pages
2019-12-30T10:32:53.693Z - info: Pages rebuilt
2019-12-30T10:32:53.708Z - info: Site data built
2019-12-30T10:33:14.028Z - info: [6:33:14 PM] Reload for file change: C:\repos\nus-cs2113-AY1920S2\cs2113-website\admin\project-scope.md
2019-12-30T10:33:15.033Z - info: Rebuilding affected source files
2019-12-30T10:33:15.040Z - info: Rebuilding 18 pages
2019-12-30T10:33:21.705Z - info: Pages rebuilt
2019-12-30T10:33:21.729Z - info: Site data built
2019-12-30T10:43:25.265Z - info: [6:43:25 PM] Reload for file change: C:\repos\nus-cs2113-AY1920S2\cs2113-website\admin\project-scope.md
2019-12-30T10:43:26.269Z - info: Rebuilding affected source files
2019-12-30T10:43:26.273Z - info: Rebuilding 18 pages
2019-12-30T10:43:33.171Z - info: Pages rebuilt
2019-12-30T10:43:33.188Z - info: Site data built
2019-12-30T10:44:33.564Z - info: [6:44:33 PM] Reload for file change: C:\repos\nus-cs2113-AY1920S2\cs2113-website\admin\project-scope.md
2019-12-30T10:44:34.569Z - info: Rebuilding affected source files
2019-12-30T10:44:34.572Z - info: Rebuilding 18 pages
2019-12-30T10:44:41.307Z - info: Pages rebuilt
2019-12-30T10:44:41.324Z - info: Site data built
2019-12-30T10:45:09.596Z - info: [6:45:09 PM] Reload for file change: C:\repos\nus-cs2113-AY1920S2\cs2113-website\admin\project-scope.md
2019-12-30T10:45:10.600Z - info: Rebuilding affected source files
2019-12-30T10:45:10.603Z - info: Rebuilding 18 pages
2019-12-30T10:45:17.299Z - info: Pages rebuilt
2019-12-30T10:45:17.319Z - info: Site data built
2019-12-30T10:46:47.910Z - info: [6:46:47 PM] Reload for file change: C:\repos\nus-cs2113-AY1920S2\cs2113-website\admin\project-scope.md
2019-12-30T10:46:48.913Z - info: Rebuilding affected source files
2019-12-30T10:46:48.916Z - info: Rebuilding 18 pages
2019-12-30T10:46:55.701Z - info: Pages rebuilt
2019-12-30T10:46:55.714Z - info: Site data built
2019-12-30T10:48:04.483Z - info: [6:48:04 PM] Reload for file change: C:\repos\nus-cs2113-AY1920S2\cs2113-website\admin\project-scope.md
2019-12-30T10:48:05.487Z - info: Rebuilding affected source files
2019-12-30T10:48:05.489Z - info: Rebuilding 18 pages
2019-12-30T10:48:12.655Z - info: Pages rebuilt
2019-12-30T10:48:12.669Z - info: Site data built
2019-12-30T10:49:05.524Z - info: [6:49:05 PM] Reload for file change: C:\repos\nus-cs2113-AY1920S2\cs2113-website\admin\project-scope.md
2019-12-30T10:49:06.528Z - info: Rebuilding affected source files
2019-12-30T10:49:06.536Z - info: Rebuilding 18 pages
2019-12-30T10:49:13.289Z - info: Pages rebuilt
2019-12-30T10:49:13.315Z - info: Site data built
2019-12-30T10:49:42.124Z - info: [6:49:42 PM] Reload for file change: C:\repos\nus-cs2113-AY1920S2\cs2113-website\admin\project-scope.md
2019-12-30T10:49:43.129Z - info: Rebuilding affected source files
2019-12-30T10:49:43.131Z - info: Rebuilding 18 pages
2019-12-30T10:49:49.801Z - info: Pages rebuilt
2019-12-30T10:49:49.817Z - info: Site data built
2019-12-30T10:51:01.764Z - info: [6:51:01 PM] Reload for file change: C:\repos\nus-cs2113-AY1920S2\cs2113-website\admin\project-scope.md
2019-12-30T10:51:02.767Z - info: Rebuilding affected source files
2019-12-30T10:51:02.772Z - info: Rebuilding 18 pages
2019-12-30T10:51:09.536Z - info: Pages rebuilt
2019-12-30T10:51:09.548Z - info: Site data built
2019-12-30T10:52:55.163Z - info: [6:52:55 PM] Reload for file change: C:\repos\nus-cs2113-AY1920S2\cs2113-website\admin\project-scope.md
2019-12-30T10:52:56.167Z - info: Rebuilding affected source files
2019-12-30T10:52:56.171Z - info: Rebuilding 18 pages
2019-12-30T10:53:03.031Z - info: Pages rebuilt
2019-12-30T10:53:03.046Z - info: Site data built
2019-12-30T10:55:32.420Z - info: [6:55:32 PM] Reload for file change: C:\repos\nus-cs2113-AY1920S2\cs2113-website\admin\project-scope.md
2019-12-30T10:55:33.424Z - info: Rebuilding affected source files
2019-12-30T10:55:33.427Z - info: Rebuilding 18 pages
2019-12-30T10:55:40.072Z - info: Pages rebuilt
2019-12-30T10:55:40.087Z - info: Site data built
2019-12-30T10:56:18.205Z - info: [6:56:18 PM] Reload for file change: C:\repos\nus-cs2113-AY1920S2\cs2113-website\admin\project-scope.md
2019-12-30T10:56:19.209Z - info: Rebuilding affected source files
2019-12-30T10:56:19.212Z - info: Rebuilding 18 pages
2019-12-30T10:56:25.896Z - info: Pages rebuilt
2019-12-30T10:56:25.917Z - info: Site data built
2019-12-30T10:56:44.812Z - info: [6:56:44 PM] Reload for file change: C:\repos\nus-cs2113-AY1920S2\cs2113-website\admin\project-scope.md
2019-12-30T10:56:45.817Z - info: Rebuilding affected source files
2019-12-30T10:56:45.825Z - info: Rebuilding 18 pages
2019-12-30T10:56:52.597Z - info: Pages rebuilt
2019-12-30T10:56:52.626Z - info: Site data built
2019-12-30T10:58:54.952Z - info: [6:58:54 PM] Reload for file change: C:\repos\nus-cs2113-AY1920S2\cs2113-website\admin\project-scope.md
2019-12-30T10:58:55.956Z - info: Rebuilding affected source files
2019-12-30T10:58:55.959Z - info: Rebuilding 18 pages
2019-12-30T10:59:02.769Z - info: Pages rebuilt
2019-12-30T10:59:02.783Z - info: Site data built
2019-12-30T10:59:14.611Z - info: [6:59:14 PM] Reload for file change: C:\repos\nus-cs2113-AY1920S2\cs2113-website\admin\project-scope.md
2019-12-30T10:59:15.614Z - info: Rebuilding affected source files
2019-12-30T10:59:15.621Z - info: Rebuilding 18 pages
2019-12-30T10:59:22.331Z - info: Pages rebuilt
2019-12-30T10:59:22.353Z - info: Site data built
2019-12-30T11:02:26.331Z - info: [7:02:26 PM] Reload for file change: C:\repos\nus-cs2113-AY1920S2\cs2113-website\admin\project-scope.md
2019-12-30T11:02:27.335Z - info: Rebuilding affected source files
2019-12-30T11:02:27.338Z - info: Rebuilding 18 pages
2019-12-30T11:02:34.110Z - info: Pages rebuilt
2019-12-30T11:02:34.131Z - info: Site data built
2019-12-30T11:17:37.592Z - info: [7:17:37 PM] Reload for file change: C:\repos\nus-cs2113-AY1920S2\cs2113-website\admin\project-scope.md
2019-12-30T11:17:37.606Z - info: [7:17:37 PM] Reload for file change: C:\repos\nus-cs2113-AY1920S2\cs2113-website\admin\project-deliverables-pe.md
2019-12-30T11:17:38.720Z - info: Rebuilding affected source files
2019-12-30T11:17:38.725Z - info: Rebuilding 21 pages
2019-12-30T11:17:46.422Z - info: Pages rebuilt
2019-12-30T11:17:46.466Z - info: Site data built
2019-12-30T11:17:56.320Z - info: [7:17:56 PM] Reload for file change: C:\repos\nus-cs2113-AY1920S2\cs2113-website\admin\project-scope.md
2019-12-30T11:17:57.323Z - info: Rebuilding affected source files
2019-12-30T11:17:57.325Z - info: Rebuilding 18 pages
2019-12-30T11:18:04.137Z - info: Pages rebuilt
2019-12-30T11:18:04.151Z - info: Site data built
2019-12-30T11:18:35.421Z - info: [7:18:35 PM] Reload for file change: C:\repos\nus-cs2113-AY1920S2\cs2113-website\admin\project-scope.md
2019-12-30T11:18:36.425Z - info: Rebuilding affected source files
2019-12-30T11:18:36.428Z - info: Rebuilding 18 pages
2019-12-30T11:18:43.238Z - info: Pages rebuilt
2019-12-30T11:18:43.254Z - info: Site data built
2019-12-30T11:18:46.188Z - info: [7:18:46 PM] Reload for file change: C:\repos\nus-cs2113-AY1920S2\cs2113-website\admin\project-scope.md
2019-12-30T11:18:47.192Z - info: Rebuilding affected source files
2019-12-30T11:18:47.194Z - info: Rebuilding 18 pages
2019-12-30T11:18:53.663Z - info: Pages rebuilt
2019-12-30T11:18:53.676Z - info: Site data built
2019-12-30T11:19:55.100Z - info: [7:19:55 PM] Reload for file add: C:\repos\nus-cs2113-AY1920S2\cs2113-website\admin\project-expectations.md
2019-12-30T11:19:55.194Z - info: [7:19:55 PM] Reload for file deletion: C:\repos\nus-cs2113-AY1920S2\cs2113-website\admin\project-scope.md
2019-12-30T11:19:56.102Z - warn: Rebuilding all source files
2019-12-30T11:19:58.297Z - info: Assets removed
2019-12-30T11:19:58.297Z - info: Generating pages...
2019-12-30T11:19:58.777Z - error:  Error: No such file: C:\repos\nus-cs2113-AY1920S2\cs2113-website\admin\project-scope.md
Missing reference in C:\repos\nus-cs2113-AY1920S2\cs2113-website\admin\policies.mbdf
    at Parser._preprocess (C:\Users\dcsdcr\AppData\Roaming\npm\node_modules\markbind-cli\src\lib\markbind\src\parser.js:355:21)
    at element.children.element.children.map.e (C:\Users\dcsdcr\AppData\Roaming\npm\node_modules\markbind-cli\src\lib\markbind\src\parser.js:505:57)
    at Array.map (<anonymous>)
    at Parser._preprocess (C:\Users\dcsdcr\AppData\Roaming\npm\node_modules\markbind-cli\src\lib\markbind\src\parser.js:505:43)
    at element.children.element.children.map.e (C:\Users\dcsdcr\AppData\Roaming\npm\node_modules\markbind-cli\src\lib\markbind\src\parser.js:488:57)
    at Array.map (<anonymous>)
    at Parser._preprocess (C:\Users\dcsdcr\AppData\Roaming\npm\node_modules\markbind-cli\src\lib\markbind\src\parser.js:488:43)
    at element.children.element.children.map.e (C:\Users\dcsdcr\AppData\Roaming\npm\node_modules\markbind-cli\src\lib\markbind\src\parser.js:505:57)
    at Array.map (<anonymous>)
    at Parser._preprocess (C:\Users\dcsdcr\AppData\Roaming\npm\node_modules\markbind-cli\src\lib\markbind\src\parser.js:505:43)
    at element.children.element.children.map.e (C:\Users\dcsdcr\AppData\Roaming\npm\node_modules\markbind-cli\src\lib\markbind\src\parser.js:505:57)
    at Array.map (<anonymous>)
    at Parser._preprocess (C:\Users\dcsdcr\AppData\Roaming\npm\node_modules\markbind-cli\src\lib\markbind\src\parser.js:505:43)
    at element.children.element.children.map.e (C:\Users\dcsdcr\AppData\Roaming\npm\node_modules\markbind-cli\src\lib\markbind\src\parser.js:505:57)
    at Array.map (<anonymous>)
    at Parser._preprocess (C:\Users\dcsdcr\AppData\Roaming\npm\node_modules\markbind-cli\src\lib\markbind\src\parser.js:505:43)
2019-12-30T11:20:35.504Z - info: Website generation started at 7:20:34 PM
2019-12-30T11:20:37.915Z - info: Building assets...
2019-12-30T11:20:39.915Z - info: Assets built
2019-12-30T11:20:39.915Z - info: Generating pages...
2019-12-30T11:20:40.467Z - error:  Error: No such file: C:\repos\nus-cs2113-AY1920S2\cs2113-website\admin\project-scope.md
Missing reference in C:\repos\nus-cs2113-AY1920S2\cs2113-website\admin\project-deliverables-ppp.md
    at Parser._preprocess (C:\Users\dcsdcr\AppData\Roaming\npm\node_modules\markbind-cli\src\lib\markbind\src\parser.js:355:21)
    at element.children.element.children.map.e (C:\Users\dcsdcr\AppData\Roaming\npm\node_modules\markbind-cli\src\lib\markbind\src\parser.js:505:57)
    at Array.map (<anonymous>)
    at Parser._preprocess (C:\Users\dcsdcr\AppData\Roaming\npm\node_modules\markbind-cli\src\lib\markbind\src\parser.js:505:43)
    at element.children.element.children.map.e (C:\Users\dcsdcr\AppData\Roaming\npm\node_modules\markbind-cli\src\lib\markbind\src\parser.js:505:57)
    at Array.map (<anonymous>)
    at Parser._preprocess (C:\Users\dcsdcr\AppData\Roaming\npm\node_modules\markbind-cli\src\lib\markbind\src\parser.js:505:43)
    at element.children.element.children.map.e (C:\Users\dcsdcr\AppData\Roaming\npm\node_modules\markbind-cli\src\lib\markbind\src\parser.js:488:57)
    at Array.map (<anonymous>)
    at Parser._preprocess (C:\Users\dcsdcr\AppData\Roaming\npm\node_modules\markbind-cli\src\lib\markbind\src\parser.js:488:43)
    at element.children.element.children.map.e (C:\Users\dcsdcr\AppData\Roaming\npm\node_modules\markbind-cli\src\lib\markbind\src\parser.js:505:57)
    at Array.map (<anonymous>)
    at Parser._preprocess (C:\Users\dcsdcr\AppData\Roaming\npm\node_modules\markbind-cli\src\lib\markbind\src\parser.js:505:43)
    at element.children.element.children.map.e (C:\Users\dcsdcr\AppData\Roaming\npm\node_modules\markbind-cli\src\lib\markbind\src\parser.js:488:57)
    at Array.map (<anonymous>)
    at Parser._preprocess (C:\Users\dcsdcr\AppData\Roaming\npm\node_modules\markbind-cli\src\lib\markbind\src\parser.js:488:43)
2019-12-30T11:23:33.532Z - info: Website generation started at 7:23:33 PM
2019-12-30T11:23:35.899Z - info: Building assets...
2019-12-30T11:23:37.658Z - info: Assets built
2019-12-30T11:23:37.658Z - info: Generating pages...
2019-12-30T11:24:16.578Z - debug: The process cannot access the file because it is being used by another process.

2019-12-30T11:24:16.579Z - debug: The process cannot access the file because it is being used by another process.

2019-12-30T11:24:16.579Z - debug: The process cannot access the file because it is being used by another process.

2019-12-30T11:24:16.579Z - debug: The process cannot access the file because it is being used by another process.

2019-12-30T11:24:16.579Z - debug: The process cannot access the file because it is being used by another process.

2019-12-30T11:24:16.580Z - debug: The process cannot access the file because it is being used by another process.

2019-12-30T11:24:16.580Z - debug: The process cannot access the file because it is being used by another process.

2019-12-30T11:24:16.580Z - debug: The process cannot access the file because it is being used by another process.

2019-12-30T11:24:16.581Z - debug: The process cannot access the file because it is being used by another process.

2019-12-30T11:24:16.598Z - debug: The process cannot access the file because it is being used by another process.

2019-12-30T11:24:22.144Z - debug:  
2019-12-30T11:24:22.144Z - debug:  
2019-12-30T11:24:22.144Z - debug:  
2019-12-30T11:24:22.144Z - debug:  
2019-12-30T11:25:12.642Z - info: Pages built
2019-12-30T11:25:28.673Z - info: Website generation complete! Total build time: 115.665s
2019-12-30T11:25:29.029Z - info: Serving "C:\repos\nus-cs2113-AY1920S2\cs2113-website\_site" at http://127.0.0.1:8080
2019-12-30T11:25:29.029Z - info: Press CTRL+C to stop ...
2019-12-30T11:25:29.129Z - info: Site data built
2019-12-30T11:30:03.536Z - info: [7:30:03 PM] Reload for file change: C:\repos\nus-cs2113-AY1920S2\cs2113-website\admin\project-product.md
2019-12-30T11:30:03.548Z - info: [7:30:03 PM] Reload for file change: C:\repos\nus-cs2113-AY1920S2\cs2113-website\admin\project-expectations.md
2019-12-30T11:30:04.543Z - info: Rebuilding affected source files
2019-12-30T11:30:04.550Z - info: Rebuilding 19 pages
2019-12-30T11:30:11.259Z - info: Pages rebuilt
2019-12-30T11:30:11.271Z - info: Site data built
2019-12-30T11:31:25.085Z - info: [7:31:25 PM] Reload for file change: C:\repos\nus-cs2113-AY1920S2\cs2113-website\admin\project-expectations.md
2019-12-30T11:31:26.088Z - info: Rebuilding affected source files
2019-12-30T11:31:26.091Z - info: Rebuilding 18 pages
2019-12-30T11:31:32.813Z - info: Pages rebuilt
2019-12-30T11:31:32.828Z - info: Site data built
2019-12-30T11:33:09.932Z - info: [7:33:09 PM] Reload for file change: C:\repos\nus-cs2113-AY1920S2\cs2113-website\admin\project-expectations.md
2019-12-30T11:33:10.935Z - info: Rebuilding affected source files
2019-12-30T11:33:10.938Z - info: Rebuilding 18 pages
2019-12-30T11:33:17.814Z - info: Pages rebuilt
2019-12-30T11:33:17.832Z - info: Site data built
2019-12-30T11:36:00.302Z - info: [7:36:00 PM] Reload for file change: C:\repos\nus-cs2113-AY1920S2\cs2113-website\admin\project-expectations.md
2019-12-30T11:36:01.306Z - info: Rebuilding affected source files
2019-12-30T11:36:01.310Z - info: Rebuilding 18 pages
2019-12-30T11:36:08.077Z - info: Pages rebuilt
2019-12-30T11:36:08.092Z - info: Site data built
2019-12-30T11:36:44.532Z - info: [7:36:44 PM] Reload for file change: C:\repos\nus-cs2113-AY1920S2\cs2113-website\admin\project-expectations.md
2019-12-30T11:36:45.535Z - info: Rebuilding affected source files
2019-12-30T11:36:45.539Z - info: Rebuilding 18 pages
2019-12-30T11:36:53.179Z - info: Pages rebuilt
2019-12-30T11:36:53.198Z - info: Site data built
2019-12-30T11:39:51.606Z - info: [7:39:51 PM] Reload for file deletion: C:\repos\nus-cs2113-AY1920S2\cs2113-website\admin\project-product.md
2019-12-30T11:39:52.608Z - warn: Rebuilding all source files
2019-12-30T11:39:54.752Z - info: Assets removed
2019-12-30T11:39:54.753Z - info: Generating pages...
2019-12-30T11:39:55.975Z - error:  Error: No such file: C:\repos\nus-cs2113-AY1920S2\cs2113-website\admin\project-product.md
Missing reference in C:\repos\nus-cs2113-AY1920S2\cs2113-website\admin\project-w04-inception.md
    at Parser._preprocess (C:\Users\dcsdcr\AppData\Roaming\npm\node_modules\markbind-cli\src\lib\markbind\src\parser.js:355:21)
    at element.children.element.children.map.e (C:\Users\dcsdcr\AppData\Roaming\npm\node_modules\markbind-cli\src\lib\markbind\src\parser.js:505:57)
    at Array.map (<anonymous>)
    at Parser._preprocess (C:\Users\dcsdcr\AppData\Roaming\npm\node_modules\markbind-cli\src\lib\markbind\src\parser.js:505:43)
    at element.children.element.children.map.e (C:\Users\dcsdcr\AppData\Roaming\npm\node_modules\markbind-cli\src\lib\markbind\src\parser.js:505:57)
    at Array.map (<anonymous>)
    at Parser._preprocess (C:\Users\dcsdcr\AppData\Roaming\npm\node_modules\markbind-cli\src\lib\markbind\src\parser.js:505:43)
    at element.children.element.children.map.e (C:\Users\dcsdcr\AppData\Roaming\npm\node_modules\markbind-cli\src\lib\markbind\src\parser.js:505:57)
    at Array.map (<anonymous>)
    at Parser._preprocess (C:\Users\dcsdcr\AppData\Roaming\npm\node_modules\markbind-cli\src\lib\markbind\src\parser.js:505:43)
    at element.children.element.children.map.e (C:\Users\dcsdcr\AppData\Roaming\npm\node_modules\markbind-cli\src\lib\markbind\src\parser.js:505:57)
    at Array.map (<anonymous>)
    at Parser._preprocess (C:\Users\dcsdcr\AppData\Roaming\npm\node_modules\markbind-cli\src\lib\markbind\src\parser.js:505:43)
    at element.children.element.children.map.e (C:\Users\dcsdcr\AppData\Roaming\npm\node_modules\markbind-cli\src\lib\markbind\src\parser.js:505:57)
    at Array.map (<anonymous>)
    at Parser._preprocess (C:\Users\dcsdcr\AppData\Roaming\npm\node_modules\markbind-cli\src\lib\markbind\src\parser.js:505:43)
2019-12-30T11:40:01.463Z - error:  Error: No such file: C:\repos\nus-cs2113-AY1920S2\cs2113-website\admin\project-product.md
Missing reference in C:\repos\nus-cs2113-AY1920S2\cs2113-website\admin\project-w04-inception.md
    at Parser._preprocess (C:\Users\dcsdcr\AppData\Roaming\npm\node_modules\markbind-cli\src\lib\markbind\src\parser.js:355:21)
    at element.children.element.children.map.e (C:\Users\dcsdcr\AppData\Roaming\npm\node_modules\markbind-cli\src\lib\markbind\src\parser.js:505:57)
    at Array.map (<anonymous>)
    at Parser._preprocess (C:\Users\dcsdcr\AppData\Roaming\npm\node_modules\markbind-cli\src\lib\markbind\src\parser.js:505:43)
    at element.children.element.children.map.e (C:\Users\dcsdcr\AppData\Roaming\npm\node_modules\markbind-cli\src\lib\markbind\src\parser.js:505:57)
    at Array.map (<anonymous>)
    at Parser._preprocess (C:\Users\dcsdcr\AppData\Roaming\npm\node_modules\markbind-cli\src\lib\markbind\src\parser.js:505:43)
    at element.children.element.children.map.e (C:\Users\dcsdcr\AppData\Roaming\npm\node_modules\markbind-cli\src\lib\markbind\src\parser.js:488:57)
    at Array.map (<anonymous>)
    at Parser._preprocess (C:\Users\dcsdcr\AppData\Roaming\npm\node_modules\markbind-cli\src\lib\markbind\src\parser.js:488:43)
    at element.children.element.children.map.e (C:\Users\dcsdcr\AppData\Roaming\npm\node_modules\markbind-cli\src\lib\markbind\src\parser.js:505:57)
    at Array.map (<anonymous>)
    at Parser._preprocess (C:\Users\dcsdcr\AppData\Roaming\npm\node_modules\markbind-cli\src\lib\markbind\src\parser.js:505:43)
    at element.children.element.children.map.e (C:\Users\dcsdcr\AppData\Roaming\npm\node_modules\markbind-cli\src\lib\markbind\src\parser.js:505:57)
    at Array.map (<anonymous>)
    at Parser._preprocess (C:\Users\dcsdcr\AppData\Roaming\npm\node_modules\markbind-cli\src\lib\markbind\src\parser.js:505:43)
2019-12-30T11:40:34.901Z - debug: The process cannot access the file because it is being used by another process.

2019-12-30T11:40:34.902Z - debug: The process cannot access the file because it is being used by another process.

2019-12-30T11:40:34.902Z - debug: The process cannot access the file because it is being used by another process.

2019-12-30T11:40:34.903Z - debug: The process cannot access the file because it is being used by another process.

2019-12-30T11:40:34.903Z - debug: The process cannot access the file because it is being used by another process.

2019-12-30T11:40:34.905Z - debug: The process cannot access the file because it is being used by another process.

2019-12-30T11:40:34.905Z - debug: The process cannot access the file because it is being used by another process.

2019-12-30T11:40:34.906Z - debug: The process cannot access the file because it is being used by another process.

2019-12-30T11:40:34.906Z - debug: The process cannot access the file because it is being used by another process.

2019-12-30T11:40:35.306Z - debug: The process cannot access the file because it is being used by another process.

2019-12-30T11:40:37.980Z - debug:  
2019-12-30T11:40:37.981Z - debug:  
2019-12-30T11:40:37.981Z - debug:  
2019-12-30T11:40:38.777Z - debug:  
2019-12-30T11:41:30.596Z - info: Pages built
2019-12-30T11:44:08.541Z - info: [7:44:08 PM] Reload for file change: C:\repos\nus-cs2113-AY1920S2\cs2113-website\admin\project-grading.md
2019-12-30T11:44:08.551Z - info: [7:44:08 PM] Reload for file change: C:\repos\nus-cs2113-AY1920S2\cs2113-website\admin\project-w08-mid-v12.md
2019-12-30T11:44:08.560Z - info: [7:44:08 PM] Reload for file change: C:\repos\nus-cs2113-AY1920S2\cs2113-website\common\admin.njk
2019-12-30T11:44:08.568Z - info: [7:44:08 PM] Reload for file change: C:\repos\nus-cs2113-AY1920S2\cs2113-website\admin\project-w04-inception.md
2019-12-30T11:44:08.578Z - info: [7:44:08 PM] Reload for file change: C:\repos\nus-cs2113-AY1920S2\cs2113-website\admin\policies.mbdf
2019-12-30T11:44:09.545Z - info: Rebuilding affected source files
2019-12-30T11:44:09.558Z - info: Rebuilding 19 pages
2019-12-30T11:44:13.447Z - debug: The process cannot access the file because it is being used by another process.

2019-12-30T11:44:13.466Z - info: Assets built
2019-12-30T11:44:14.845Z - debug:  
2019-12-30T11:44:26.892Z - info: Website generation started at 7:44:25 PM
2019-12-30T11:44:29.132Z - info: Building assets...
2019-12-30T11:44:30.916Z - info: Assets built
2019-12-30T11:44:30.917Z - info: Generating pages...
2019-12-30T11:45:09.284Z - debug: The process cannot access the file because it is being used by another process.

2019-12-30T11:45:09.285Z - debug: The process cannot access the file because it is being used by another process.

2019-12-30T11:45:09.287Z - debug: The process cannot access the file because it is being used by another process.

2019-12-30T11:45:09.287Z - debug: The process cannot access the file because it is being used by another process.

2019-12-30T11:45:09.289Z - debug: The process cannot access the file because it is being used by another process.

2019-12-30T11:45:09.290Z - debug: The process cannot access the file because it is being used by another process.

2019-12-30T11:45:09.290Z - debug: The process cannot access the file because it is being used by another process.

2019-12-30T11:45:09.413Z - debug: The process cannot access the file because it is being used by another process.

2019-12-30T11:45:09.432Z - debug: The process cannot access the file because it is being used by another process.

2019-12-30T11:45:09.470Z - debug: The process cannot access the file because it is being used by another process.

2019-12-30T11:45:12.733Z - debug:  
2019-12-30T11:45:12.733Z - debug:  
2019-12-30T11:45:13.007Z - debug:  
2019-12-30T11:45:13.007Z - debug:  
2019-12-30T11:45:58.965Z - info: Pages built
2019-12-30T11:46:14.119Z - info: Website generation complete! Total build time: 108.42s
2019-12-30T11:46:14.460Z - info: Serving "C:\repos\nus-cs2113-AY1920S2\cs2113-website\_site" at http://127.0.0.1:8080
2019-12-30T11:46:14.460Z - info: Press CTRL+C to stop ...
2019-12-30T11:46:14.562Z - info: Site data built
2019-12-30T11:49:14.428Z - info: [7:49:14 PM] Reload for file change: C:\repos\nus-cs2113-AY1920S2\cs2113-website\admin\project-expectations.md
2019-12-30T11:49:15.435Z - info: Rebuilding affected source files
2019-12-30T11:49:15.439Z - info: Rebuilding 18 pages
2019-12-30T11:49:22.259Z - warn:  TypeError: Cannot read property 'parent' of null
    at Function.exports.update (C:\Users\dcsdcr\AppData\Roaming\npm\node_modules\markbind-cli\node_modules\cheerio\lib\parse.js:55:26)
    at module.exports (C:\Users\dcsdcr\AppData\Roaming\npm\node_modules\markbind-cli\node_modules\cheerio\lib\parse.js:17:11)
    at Function.exports.load (C:\Users\dcsdcr\AppData\Roaming\npm\node_modules\markbind-cli\node_modules\cheerio\lib\static.js:22:14)
    at Page.collectHeadingsAndKeywordsInContent (C:\Users\dcsdcr\AppData\Roaming\npm\node_modules\markbind-cli\src\Page.js:346:19)
    at Object.$.not.each.each (C:\Users\dcsdcr\AppData\Roaming\npm\node_modules\markbind-cli\src\Page.js:390:16)
    at initialize.exports.each (C:\Users\dcsdcr\AppData\Roaming\npm\node_modules\markbind-cli\node_modules\cheerio\lib\api\traversing.js:300:24)
    at Page.collectHeadingsAndKeywordsInContent (C:\Users\dcsdcr\AppData\Roaming\npm\node_modules\markbind-cli\src\Page.js:356:6)
    at Page.collectHeadingsAndKeywords (C:\Users\dcsdcr\AppData\Roaming\npm\node_modules\markbind-cli\src\Page.js:337:8)
    at pages.forEach (C:\Users\dcsdcr\AppData\Roaming\npm\node_modules\markbind-cli\src\Site.js:877:12)
    at Array.forEach (<anonymous>)
    at Site.updateSiteData (C:\Users\dcsdcr\AppData\Roaming\npm\node_modules\markbind-cli\src\Site.js:875:14)
    at Promise.all.then (C:\Users\dcsdcr\AppData\Roaming\npm\node_modules\markbind-cli\src\Site.js:859:24)
    at tryCatcher (C:\Users\dcsdcr\AppData\Roaming\npm\node_modules\markbind-cli\node_modules\bluebird\js\release\util.js:16:23)
    at Promise._settlePromiseFromHandler (C:\Users\dcsdcr\AppData\Roaming\npm\node_modules\markbind-cli\node_modules\bluebird\js\release\promise.js:547:31)
    at Promise._settlePromise (C:\Users\dcsdcr\AppData\Roaming\npm\node_modules\markbind-cli\node_modules\bluebird\js\release\promise.js:604:18)
    at Promise._settlePromise0 (C:\Users\dcsdcr\AppData\Roaming\npm\node_modules\markbind-cli\node_modules\bluebird\js\release\promise.js:649:10)
2019-12-30T11:49:23.662Z - error: Cannot read property 'parent' of null
2019-12-30T11:50:10.215Z - info: [7:50:10 PM] Reload for file change: C:\repos\nus-cs2113-AY1920S2\cs2113-website\admin\project-w08-mid-v12.md
2019-12-30T11:50:10.217Z - info: Rebuilding affected source files
2019-12-30T11:50:10.219Z - info: Rebuilding 4 pages
2019-12-30T11:50:15.077Z - info: Pages rebuilt
2019-12-30T11:50:15.091Z - info: Site data built
2019-12-30T11:50:15.102Z - error: Cannot read property 'parent' of null
2019-12-30T11:50:54.204Z - info: Website generation started at 7:50:54 PM
2019-12-30T11:50:56.546Z - info: Building assets...
2019-12-30T11:50:58.380Z - info: Assets built
2019-12-30T11:50:58.381Z - info: Generating pages...
2019-12-30T11:51:36.657Z - debug: The process cannot access the file because it is being used by another process.

2019-12-30T11:51:36.666Z - debug: The process cannot access the file because it is being used by another process.

2019-12-30T11:51:36.666Z - debug: The process cannot access the file because it is being used by another process.

2019-12-30T11:51:36.666Z - debug: The process cannot access the file because it is being used by another process.

2019-12-30T11:51:36.666Z - debug: The process cannot access the file because it is being used by another process.

2019-12-30T11:51:36.667Z - debug: The process cannot access the file because it is being used by another process.

2019-12-30T11:51:36.667Z - debug: The process cannot access the file because it is being used by another process.

2019-12-30T11:51:36.668Z - debug: The process cannot access the file because it is being used by another process.

2019-12-30T11:51:36.673Z - debug: The process cannot access the file because it is being used by another process.

2019-12-30T11:51:37.531Z - debug: The process cannot access the file because it is being used by another process.

2019-12-30T11:51:39.475Z - debug:  
2019-12-30T11:51:41.698Z - debug:  
2019-12-30T11:51:41.698Z - debug:  
2019-12-30T11:51:41.698Z - debug:  
2019-12-30T11:52:27.836Z - info: Pages built
2019-12-30T11:52:43.865Z - info: Website generation complete! Total build time: 109.676s
2019-12-30T11:52:44.208Z - info: Serving "C:\repos\nus-cs2113-AY1920S2\cs2113-website\_site" at http://127.0.0.1:8080
2019-12-30T11:52:44.209Z - info: Press CTRL+C to stop ...
2019-12-30T11:52:44.313Z - info: Site data built
2019-12-30T11:54:48.484Z - info: [7:54:48 PM] Reload for file change: C:\repos\nus-cs2113-AY1920S2\cs2113-website\admin\project-w08-mid-v12.md
2019-12-30T11:54:48.497Z - info: [7:54:48 PM] Reload for file change: C:\repos\nus-cs2113-AY1920S2\cs2113-website\admin\project-expectations.md
2019-12-30T11:54:48.501Z - info: [7:54:48 PM] Reload for file change: C:\repos\nus-cs2113-AY1920S2\cs2113-website\admin\policies.mbdf
2019-12-30T11:54:49.489Z - info: Rebuilding affected source files
2019-12-30T11:54:49.502Z - info: Rebuilding 22 pages
2019-12-30T11:55:00.048Z - info: Pages rebuilt
2019-12-30T11:55:00.063Z - info: Site data built
2019-12-30T11:55:43.127Z - info: [7:55:43 PM] Reload for file change: C:\repos\nus-cs2113-AY1920S2\cs2113-website\admin\project-w08-mid-v12.md
2019-12-30T11:55:44.129Z - info: Rebuilding affected source files
2019-12-30T11:55:44.131Z - info: Rebuilding 4 pages
2019-12-30T11:55:48.976Z - warn:  TypeError: Cannot read property 'parent' of null
    at Function.exports.update (C:\Users\dcsdcr\AppData\Roaming\npm\node_modules\markbind-cli\node_modules\cheerio\lib\parse.js:55:26)
    at module.exports (C:\Users\dcsdcr\AppData\Roaming\npm\node_modules\markbind-cli\node_modules\cheerio\lib\parse.js:17:11)
    at Function.exports.load (C:\Users\dcsdcr\AppData\Roaming\npm\node_modules\markbind-cli\node_modules\cheerio\lib\static.js:22:14)
    at Page.collectHeadingsAndKeywordsInContent (C:\Users\dcsdcr\AppData\Roaming\npm\node_modules\markbind-cli\src\Page.js:346:19)
    at Object.$.not.each.each (C:\Users\dcsdcr\AppData\Roaming\npm\node_modules\markbind-cli\src\Page.js:390:16)
    at initialize.exports.each (C:\Users\dcsdcr\AppData\Roaming\npm\node_modules\markbind-cli\node_modules\cheerio\lib\api\traversing.js:300:24)
    at Page.collectHeadingsAndKeywordsInContent (C:\Users\dcsdcr\AppData\Roaming\npm\node_modules\markbind-cli\src\Page.js:356:6)
    at Page.collectHeadingsAndKeywords (C:\Users\dcsdcr\AppData\Roaming\npm\node_modules\markbind-cli\src\Page.js:337:8)
    at pages.forEach (C:\Users\dcsdcr\AppData\Roaming\npm\node_modules\markbind-cli\src\Site.js:877:12)
    at Array.forEach (<anonymous>)
    at Site.updateSiteData (C:\Users\dcsdcr\AppData\Roaming\npm\node_modules\markbind-cli\src\Site.js:875:14)
    at Promise.all.then (C:\Users\dcsdcr\AppData\Roaming\npm\node_modules\markbind-cli\src\Site.js:859:24)
    at tryCatcher (C:\Users\dcsdcr\AppData\Roaming\npm\node_modules\markbind-cli\node_modules\bluebird\js\release\util.js:16:23)
    at Promise._settlePromiseFromHandler (C:\Users\dcsdcr\AppData\Roaming\npm\node_modules\markbind-cli\node_modules\bluebird\js\release\promise.js:547:31)
    at Promise._settlePromise (C:\Users\dcsdcr\AppData\Roaming\npm\node_modules\markbind-cli\node_modules\bluebird\js\release\promise.js:604:18)
    at Promise._settlePromise0 (C:\Users\dcsdcr\AppData\Roaming\npm\node_modules\markbind-cli\node_modules\bluebird\js\release\promise.js:649:10)
2019-12-30T11:55:50.411Z - error: Cannot read property 'parent' of null
2019-12-30T11:57:53.615Z - info: [7:57:53 PM] Reload for file change: C:\repos\nus-cs2113-AY1920S2\cs2113-website\admin\project-w08-mid-v12.md
2019-12-30T11:57:53.617Z - info: Rebuilding affected source files
2019-12-30T11:57:53.618Z - info: Rebuilding 4 pages
2019-12-30T11:57:53.625Z - info: [7:57:53 PM] Reload for file change: C:\repos\nus-cs2113-AY1920S2\cs2113-website\admin\project-expectations.md
2019-12-30T11:58:03.328Z - info: Website generation started at 7:58:03 PM
2019-12-30T11:58:05.662Z - info: Building assets...
2019-12-30T11:58:07.651Z - info: Assets built
2019-12-30T11:58:07.652Z - info: Generating pages...
2019-12-30T11:58:44.881Z - debug: The process cannot access the file because it is being used by another process.

2019-12-30T11:58:44.916Z - debug: The process cannot access the file because it is being used by another process.

2019-12-30T11:58:44.916Z - debug: The process cannot access the file because it is being used by another process.

2019-12-30T11:58:44.917Z - debug: The process cannot access the file because it is being used by another process.

2019-12-30T11:58:44.917Z - debug: The process cannot access the file because it is being used by another process.

2019-12-30T11:58:44.917Z - debug: The process cannot access the file because it is being used by another process.

2019-12-30T11:58:44.917Z - debug: The process cannot access the file because it is being used by another process.

2019-12-30T11:58:44.918Z - debug: The process cannot access the file because it is being used by another process.

2019-12-30T11:58:44.918Z - debug: The process cannot access the file because it is being used by another process.

2019-12-30T11:58:45.180Z - debug: The process cannot access the file because it is being used by another process.

2019-12-30T11:58:48.257Z - debug:  
2019-12-30T11:58:48.258Z - debug:  
2019-12-30T11:58:48.258Z - debug:  
2019-12-30T11:58:48.258Z - debug:  
2019-12-30T11:59:35.740Z - info: Pages built
2019-12-30T11:59:51.453Z - info: Website generation complete! Total build time: 108.133s
2019-12-30T11:59:51.804Z - info: Serving "C:\repos\nus-cs2113-AY1920S2\cs2113-website\_site" at http://127.0.0.1:8080
2019-12-30T11:59:51.804Z - info: Press CTRL+C to stop ...
2019-12-30T11:59:51.905Z - info: Site data built
2019-12-30T12:03:51.520Z - info: [8:03:51 PM] Reload for file change: C:\repos\nus-cs2113-AY1920S2\cs2113-website\common\admin.njk
2019-12-30T12:03:52.530Z - info: Assets built
2019-12-30T12:04:12.748Z - info: [8:04:12 PM] Reload for file change: C:\repos\nus-cs2113-AY1920S2\cs2113-website\common\admin.njk
2019-12-30T12:04:13.755Z - info: Assets built
2019-12-30T12:04:25.799Z - info: Website generation started at 8:04:24 PM
2019-12-30T12:04:28.170Z - info: Building assets...
2019-12-30T12:04:30.048Z - info: Assets built
2019-12-30T12:04:30.049Z - info: Generating pages...
2019-12-30T12:05:09.435Z - debug: The process cannot access the file because it is being used by another process.

2019-12-30T12:05:09.501Z - debug: The process cannot access the file because it is being used by another process.

2019-12-30T12:05:09.502Z - debug: The process cannot access the file because it is being used by another process.

2019-12-30T12:05:09.502Z - debug: The process cannot access the file because it is being used by another process.

2019-12-30T12:05:09.503Z - debug: The process cannot access the file because it is being used by another process.

2019-12-30T12:05:09.503Z - debug: The process cannot access the file because it is being used by another process.

2019-12-30T12:05:09.504Z - debug: The process cannot access the file because it is being used by another process.

2019-12-30T12:05:09.505Z - debug: The process cannot access the file because it is being used by another process.

2019-12-30T12:05:09.505Z - debug: The process cannot access the file because it is being used by another process.

2019-12-30T12:05:09.550Z - debug: The process cannot access the file because it is being used by another process.

2019-12-30T12:05:12.558Z - debug:  
2019-12-30T12:05:12.774Z - debug:  
2019-12-30T12:05:12.774Z - debug:  
2019-12-30T12:05:12.774Z - debug:  
2019-12-30T12:06:00.961Z - info: Pages built
2019-12-30T12:06:16.994Z - info: Website generation complete! Total build time: 112.547s
2019-12-30T12:06:17.338Z - info: Serving "C:\repos\nus-cs2113-AY1920S2\cs2113-website\_site" at http://127.0.0.1:8080
2019-12-30T12:06:17.338Z - info: Press CTRL+C to stop ...
2019-12-30T12:06:17.443Z - info: Site data built
2019-12-30T12:27:57.246Z - info: Website generation started at 8:27:55 PM
2019-12-30T12:27:59.553Z - info: Building assets...
2019-12-30T12:28:01.455Z - info: Assets built
2019-12-30T12:28:01.455Z - info: Generating pages...
2019-12-30T12:28:39.033Z - debug: The process cannot access the file because it is being used by another process.

2019-12-30T12:28:39.034Z - debug: The process cannot access the file because it is being used by another process.

2019-12-30T12:28:39.034Z - debug: The process cannot access the file because it is being used by another process.

2019-12-30T12:28:39.034Z - debug: The process cannot access the file because it is being used by another process.

2019-12-30T12:28:39.034Z - debug: The process cannot access the file because it is being used by another process.

2019-12-30T12:28:39.035Z - debug: The process cannot access the file because it is being used by another process.

2019-12-30T12:28:39.035Z - debug: The process cannot access the file because it is being used by another process.

2019-12-30T12:28:39.054Z - debug: The process cannot access the file because it is being used by another process.

2019-12-30T12:28:39.055Z - debug: The process cannot access the file because it is being used by another process.

2019-12-30T12:28:39.057Z - debug: The process cannot access the file because it is being used by another process.

2019-12-30T12:28:43.073Z - debug:  
2019-12-30T12:28:43.073Z - debug:  
2019-12-30T12:28:43.074Z - debug:  
2019-12-30T12:28:43.074Z - debug:  
2019-12-30T12:29:28.916Z - info: Pages built
2019-12-30T12:29:45.152Z - info: Website generation complete! Total build time: 109.165s
2019-12-30T12:29:45.504Z - info: Serving "C:\repos\nus-cs2113-AY1920S2\cs2113-website\_site" at http://127.0.0.1:8080
2019-12-30T12:29:45.504Z - info: Press CTRL+C to stop ...
2019-12-30T12:29:45.606Z - info: Site data built
