2020-02-15T03:28:02.230Z - info: Website generation started at 11:27:54
2020-02-15T03:28:09.497Z - info: Building assets...
2020-02-15T03:28:13.450Z - info: Assets built
2020-02-15T03:28:13.450Z - info: Generating pages...
2020-02-15T03:30:24.624Z - debug: The process cannot access the file because it is being used by another process.

2020-02-15T03:30:24.628Z - debug: The process cannot access the file because it is being used by another process.

2020-02-15T03:30:24.628Z - debug: The process cannot access the file because it is being used by another process.

2020-02-15T03:30:24.692Z - debug: The process cannot access the file because it is being used by another process.

2020-02-15T03:30:24.692Z - debug: The process cannot access the file because it is being used by another process.

2020-02-15T03:30:24.692Z - debug: The process cannot access the file because it is being used by another process.

2020-02-15T03:30:24.692Z - debug: The process cannot access the file because it is being used by another process.

2020-02-15T03:30:24.692Z - debug: The process cannot access the file because it is being used by another process.

2020-02-15T03:30:24.692Z - debug: The process cannot access the file because it is being used by another process.

2020-02-15T03:30:24.692Z - debug: The process cannot access the file because it is being used by another process.

2020-02-15T03:30:24.880Z - debug: The process cannot access the file because it is being used by another process.

2020-02-15T03:30:36.183Z - debug:  
2020-02-15T03:30:36.187Z - debug:  
2020-02-15T03:30:36.187Z - debug:  
2020-02-15T03:30:36.187Z - debug:  
2020-02-15T03:32:29.739Z - info: Pages built
2020-02-15T03:33:12.254Z - info: Website generation complete! Total build time: 317.647s
2020-02-15T03:33:12.254Z - info: Build success!
2020-02-15T03:33:12.270Z - info: Site data built
2020-02-15T03:34:00.442Z - info: Deployed!
