2020-04-23T05:46:55.949Z - info: Website generation (lazy) started at 1:46:44 PM
2020-04-23T05:47:02.594Z - info: Building assets...
2020-04-23T05:47:08.461Z - info: Assets built
2020-04-23T05:47:08.462Z - info: Generating landing page...
2020-04-23T05:47:09.632Z - info: Landing page built, other pages will be built as you navigate to them!
2020-04-23T05:47:09.722Z - info: Website generation (lazy) complete! Total build time: 25.212s
2020-04-23T05:47:12.056Z - info: Serving "C:\repos\nus-cs2113-AY1920S2\cs2113-website\_site" at http://127.0.0.1:8080
2020-04-23T05:47:12.056Z - info: Press CTRL+C to stop ...
2020-04-23T05:47:12.606Z - info: Site data built
2020-04-23T05:48:51.998Z - info: [1:48:51 PM] Reload for file change: C:\repos\nus-cs2113-AY1920S2\cs2113-website\admin\exams.md
2020-04-23T05:48:53.003Z - info: Rebuilding affected source files
2020-04-23T05:48:53.006Z - info: Rebuilding 0 pages
2020-04-23T05:48:53.009Z - info: Pages rebuilt
2020-04-23T05:48:53.009Z - info: Website regeneration complete! Total build time: 0.005s
2020-04-23T05:48:53.019Z - info: Site data built
2020-04-23T05:48:57.183Z - info: Building C:\repos\nus-cs2113-AY1920S2\cs2113-website\admin\index as some of its dependencies were changed since the last visit
2020-04-23T05:48:58.224Z - info: Site data built
2020-04-23T05:48:58.226Z - info: Lazy website regeneration complete! Total build time: 1.043s
2020-04-23T05:49:02.729Z - info: Building C:\repos\nus-cs2113-AY1920S2\cs2113-website\admin\exams as some of its dependencies were changed since the last visit
2020-04-23T05:49:03.288Z - info: Site data built
2020-04-23T05:49:03.288Z - info: Lazy website regeneration complete! Total build time: 0.56s
2020-04-23T05:50:33.658Z - info: [1:50:33 PM] Reload for file change: C:\repos\nus-cs2113-AY1920S2\cs2113-website\admin\exams.md
2020-04-23T05:50:34.663Z - info: Rebuilding affected source files
2020-04-23T05:50:34.667Z - info: Rebuilding 1 pages
2020-04-23T05:50:35.077Z - info: Pages rebuilt
2020-04-23T05:50:35.077Z - info: Website regeneration complete! Total build time: 0.413s
2020-04-23T05:50:35.082Z - info: Site data built
2020-04-23T05:51:03.348Z - info: [1:51:03 PM] Reload for file change: C:\repos\nus-cs2113-AY1920S2\cs2113-website\admin\exams.md
2020-04-23T05:51:04.360Z - info: Rebuilding affected source files
2020-04-23T05:51:04.363Z - info: Rebuilding 1 pages
2020-04-23T05:51:04.752Z - info: Pages rebuilt
2020-04-23T05:51:04.752Z - info: Website regeneration complete! Total build time: 0.391s
2020-04-23T05:51:04.757Z - info: Site data built
2020-04-23T05:52:16.008Z - info: [1:52:16 PM] Reload for file change: C:\repos\nus-cs2113-AY1920S2\cs2113-website\admin\exams.md
2020-04-23T05:52:17.021Z - info: Rebuilding affected source files
2020-04-23T05:52:17.024Z - info: Rebuilding 1 pages
2020-04-23T05:52:17.690Z - info: Pages rebuilt
2020-04-23T05:52:17.690Z - info: Website regeneration complete! Total build time: 0.669s
2020-04-23T05:52:17.694Z - info: Site data built
2020-04-23T05:52:36.569Z - info: [1:52:36 PM] Reload for file change: C:\repos\nus-cs2113-AY1920S2\cs2113-website\admin\exams.md
2020-04-23T05:52:37.571Z - info: Rebuilding affected source files
2020-04-23T05:52:37.574Z - info: Rebuilding 1 pages
2020-04-23T05:52:37.928Z - info: Pages rebuilt
2020-04-23T05:52:37.928Z - info: Website regeneration complete! Total build time: 0.357s
2020-04-23T05:52:37.935Z - info: Site data built
2020-04-23T05:53:43.791Z - info: [1:53:43 PM] Reload for file change: C:\repos\nus-cs2113-AY1920S2\cs2113-website\admin\exams.md
2020-04-23T05:53:44.813Z - info: Rebuilding affected source files
2020-04-23T05:53:44.816Z - info: Rebuilding 1 pages
2020-04-23T05:53:45.254Z - info: Pages rebuilt
2020-04-23T05:53:45.255Z - info: Website regeneration complete! Total build time: 0.442s
2020-04-23T05:53:45.265Z - info: Site data built
2020-04-23T05:54:00.458Z - info: [1:54:00 PM] Reload for file change: C:\repos\nus-cs2113-AY1920S2\cs2113-website\admin\exams.md
2020-04-23T05:54:01.464Z - info: Rebuilding affected source files
2020-04-23T05:54:01.467Z - info: Rebuilding 1 pages
2020-04-23T05:54:02.032Z - info: Pages rebuilt
2020-04-23T05:54:02.032Z - info: Website regeneration complete! Total build time: 0.567s
2020-04-23T05:54:02.036Z - info: Site data built
2020-04-23T05:54:30.227Z - info: [1:54:30 PM] Reload for file change: C:\repos\nus-cs2113-AY1920S2\cs2113-website\admin\exams.md
2020-04-23T05:54:31.241Z - info: Rebuilding affected source files
2020-04-23T05:54:31.244Z - info: Rebuilding 1 pages
2020-04-23T05:54:31.738Z - info: Pages rebuilt
2020-04-23T05:54:31.739Z - info: Website regeneration complete! Total build time: 0.497s
2020-04-23T05:54:31.743Z - info: Site data built
2020-04-23T05:54:58.839Z - info: [1:54:58 PM] Reload for file change: C:\repos\nus-cs2113-AY1920S2\cs2113-website\admin\exams.md
2020-04-23T05:54:59.840Z - info: Rebuilding affected source files
2020-04-23T05:54:59.841Z - info: Rebuilding 1 pages
2020-04-23T05:55:00.180Z - info: Pages rebuilt
2020-04-23T05:55:00.181Z - info: Website regeneration complete! Total build time: 0.341s
2020-04-23T05:55:00.184Z - info: Site data built
2020-04-23T05:55:12.266Z - info: [1:55:12 PM] Reload for file change: C:\repos\nus-cs2113-AY1920S2\cs2113-website\admin\exams.md
2020-04-23T05:55:13.276Z - info: Rebuilding affected source files
2020-04-23T05:55:13.283Z - info: Rebuilding 1 pages
2020-04-23T05:55:13.636Z - info: Pages rebuilt
2020-04-23T05:55:13.637Z - info: Website regeneration complete! Total build time: 0.361s
2020-04-23T05:55:13.640Z - info: Site data built
2020-04-23T05:55:58.685Z - info: [1:55:58 PM] Reload for file change: C:\repos\nus-cs2113-AY1920S2\cs2113-website\admin\exams.md
2020-04-23T05:55:59.698Z - info: Rebuilding affected source files
2020-04-23T05:55:59.700Z - info: Rebuilding 1 pages
2020-04-23T05:56:00.081Z - info: Pages rebuilt
2020-04-23T05:56:00.081Z - info: Website regeneration complete! Total build time: 0.383s
2020-04-23T05:56:00.085Z - info: Site data built
2020-04-23T05:57:29.983Z - info: [1:57:29 PM] Reload for file change: C:\repos\nus-cs2113-AY1920S2\cs2113-website\admin\exams.md
2020-04-23T05:57:30.990Z - info: Rebuilding affected source files
2020-04-23T05:57:30.991Z - info: Rebuilding 0 pages
2020-04-23T05:57:31.013Z - info: Pages rebuilt
2020-04-23T05:57:31.013Z - info: Website regeneration complete! Total build time: 0.023s
2020-04-23T05:57:31.021Z - info: Site data built
2020-04-23T05:57:31.115Z - info: Building C:\repos\nus-cs2113-AY1920S2\cs2113-website\admin\gradeBreakdown as some of its dependencies were changed since the last visit
2020-04-23T05:57:32.176Z - info: Site data built
2020-04-23T05:57:32.178Z - info: Lazy website regeneration complete! Total build time: 1.063s
2020-04-23T05:57:33.860Z - debug:  
2020-04-23T05:58:06.068Z - info: [1:58:06 PM] Reload for file change: C:\repos\nus-cs2113-AY1920S2\cs2113-website\admin\exams.md
2020-04-23T05:58:07.071Z - info: Rebuilding affected source files
2020-04-23T05:58:07.076Z - info: Rebuilding 1 pages
2020-04-23T05:58:07.970Z - info: Pages rebuilt
2020-04-23T05:58:07.970Z - info: Website regeneration complete! Total build time: 0.898s
2020-04-23T05:58:07.976Z - info: Site data built
2020-04-23T05:58:09.203Z - debug:  
2020-04-23T05:58:49.601Z - info: Building C:\repos\nus-cs2113-AY1920S2\cs2113-website\admin\exams as some of its dependencies were changed since the last visit
2020-04-23T05:58:50.308Z - info: Site data built
2020-04-23T05:58:50.308Z - info: Lazy website regeneration complete! Total build time: 0.709s
2020-04-23T06:00:37.610Z - info: [2:00:37 PM] Reload for file change: C:\repos\nus-cs2113-AY1920S2\cs2113-website\admin\exams.md
2020-04-23T06:00:38.622Z - info: Rebuilding affected source files
2020-04-23T06:00:38.627Z - info: Rebuilding 1 pages
2020-04-23T06:00:39.186Z - info: Pages rebuilt
2020-04-23T06:00:39.186Z - info: Website regeneration complete! Total build time: 0.563s
2020-04-23T06:00:39.190Z - info: Site data built
2020-04-23T06:01:39.849Z - info: Website generation started at 2:01:36 PM
2020-04-23T06:01:47.746Z - info: Building assets...
