2019-12-28T06:20:28.593Z - info: Website generation started at 2:20:28 PM
2019-12-28T06:20:30.830Z - info: Building assets...
2019-12-28T06:20:32.495Z - info: Assets built
2019-12-28T06:20:32.495Z - info: Generating pages...
2019-12-28T06:21:13.256Z - debug: The process cannot access the file because it is being used by another process.

2019-12-28T06:21:13.378Z - debug: The process cannot access the file because it is being used by another process.

2019-12-28T06:21:13.378Z - debug: The process cannot access the file because it is being used by another process.

2019-12-28T06:21:13.378Z - debug: The process cannot access the file because it is being used by another process.

2019-12-28T06:21:13.378Z - debug: The process cannot access the file because it is being used by another process.

2019-12-28T06:21:13.378Z - debug: The process cannot access the file because it is being used by another process.

2019-12-28T06:21:13.379Z - debug: The process cannot access the file because it is being used by another process.

2019-12-28T06:21:13.379Z - debug: The process cannot access the file because it is being used by another process.

2019-12-28T06:21:13.379Z - debug: The process cannot access the file because it is being used by another process.

2019-12-28T06:21:13.379Z - debug: The process cannot access the file because it is being used by another process.

2019-12-28T06:21:13.397Z - debug: The process cannot access the file because it is being used by another process.

2019-12-28T06:21:18.386Z - debug:  
2019-12-28T06:21:18.386Z - debug:  
2019-12-28T06:21:18.386Z - debug:  
2019-12-28T06:21:18.386Z - debug:  
2019-12-28T06:22:04.564Z - info: Pages built
2019-12-28T06:22:20.455Z - info: Website generation complete! Total build time: 111.869s
2019-12-28T06:22:20.818Z - info: Serving "C:\repos\nus-cs2113-AY1920S2\cs2113-website\_site" at http://127.0.0.1:8080
2019-12-28T06:22:20.818Z - info: Press CTRL+C to stop ...
2019-12-28T06:22:20.918Z - info: Site data built
2019-12-28T06:25:37.672Z - info: [2:25:37 PM] Reload for file change: C:\repos\nus-cs2113-AY1920S2\cs2113-website\favicon.ico
2019-12-28T06:25:38.680Z - info: Assets built
2019-12-28T07:05:20.739Z - info: [3:05:20 PM] Reload for file add: C:\repos\nus-cs2113-AY1920S2\cs2113-website\schedule\week1\tutorial.md
2019-12-28T07:05:20.741Z - info: [3:05:20 PM] Reload for file change: C:\repos\nus-cs2113-AY1920S2\cs2113-website\schedule\week1\tutorial.md
2019-12-28T07:05:21.748Z - warn: Rebuilding all source files
2019-12-28T07:05:21.748Z - info: Rebuilding affected source files
2019-12-28T07:05:21.750Z - info: Rebuilding 0 pages
2019-12-28T07:05:22.841Z - info: Pages rebuilt
2019-12-28T07:05:22.868Z - info: Site data built
2019-12-28T07:05:23.841Z - info: Assets removed
2019-12-28T07:05:23.841Z - info: Generating pages...
2019-12-28T07:06:02.670Z - debug: The process cannot access the file because it is being used by another process.

2019-12-28T07:06:02.691Z - debug: The process cannot access the file because it is being used by another process.

2019-12-28T07:06:02.691Z - debug: The process cannot access the file because it is being used by another process.

2019-12-28T07:06:02.692Z - debug: The process cannot access the file because it is being used by another process.

2019-12-28T07:06:02.692Z - debug: The process cannot access the file because it is being used by another process.

2019-12-28T07:06:02.692Z - debug: The process cannot access the file because it is being used by another process.

2019-12-28T07:06:02.694Z - debug: The process cannot access the file because it is being used by another process.

2019-12-28T07:06:02.694Z - debug: The process cannot access the file because it is being used by another process.

2019-12-28T07:06:02.694Z - debug: The process cannot access the file because it is being used by another process.

2019-12-28T07:06:02.694Z - debug: The process cannot access the file because it is being used by another process.

2019-12-28T07:06:02.806Z - debug: The process cannot access the file because it is being used by another process.

2019-12-28T07:06:08.239Z - debug:  
2019-12-28T07:06:08.240Z - debug:  
2019-12-28T07:06:08.240Z - debug:  
2019-12-28T07:06:08.241Z - debug:  
2019-12-28T07:06:51.082Z - info: [3:06:51 PM] Reload for file change: C:\repos\nus-cs2113-AY1920S2\cs2113-website\schedule\week1\tutorial-cs2103.md
2019-12-28T07:06:51.083Z - info: [3:06:51 PM] Reload for file change: C:\repos\nus-cs2113-AY1920S2\cs2113-website\schedule\index.md
2019-12-28T07:06:51.106Z - info: [3:06:51 PM] Reload for file change: C:\repos\nus-cs2113-AY1920S2\cs2113-website\schedule\week1\tutorial.md
2019-12-28T07:06:52.509Z - info: Rebuilding affected source files
2019-12-28T07:06:52.511Z - info: Rebuilding 3 pages
2019-12-28T07:06:52.573Z - error: uncaughtException: Template render error: Template render error: Template render error: Template render error: Template render error: Template render error: (C:\repos\nus-cs2113-AY1920S2\cs2113-website\schedule\week1\tutorial.md)
  Error: cannot import 'show_week_tutorial_page' date=Sat Dec 28 2019 15:06:52 GMT+0800 (Singapore Standard Time), pid=22688, uid=null, gid=null, cwd=C:\repos\nus-cs2113-AY1920S2\cs2113-website, execPath=C:\Program Files\nodejs\node.exe, version=v10.14.2, argv=[C:\Program Files\nodejs\node.exe, C:\Users\dcsdcr\AppData\Roaming\npm\node_modules\markbind-cli\index.js, serve], rss=338726912, heapTotal=294416384, heapUsed=157224744, external=3277000, loadavg=[0, 0, 0], uptime=1394180
Template render error: (C:\repos\nus-cs2113-AY1920S2\cs2113-website\schedule\week1\tutorial.md)
  Error: cannot import 'show_week_tutorial_page'
    at Object._prettifyError (C:\Users\dcsdcr\AppData\Roaming\npm\node_modules\markbind-cli\node_modules\nunjucks\src\lib.js:36:11)
    at C:\Users\dcsdcr\AppData\Roaming\npm\node_modules\markbind-cli\node_modules\nunjucks\src\environment.js:567:19
    at eval (eval at _compile (C:\Users\dcsdcr\AppData\Roaming\npm\node_modules\markbind-cli\node_modules\nunjucks\src\environment.js:637:18), <anonymous>:16:1)
    at C:\Users\dcsdcr\AppData\Roaming\npm\node_modules\markbind-cli\node_modules\nunjucks\src\environment.js:619:9
    at eval (eval at _compile (C:\Users\dcsdcr\AppData\Roaming\npm\node_modules\markbind-cli\node_modules\nunjucks\src\environment.js:637:18), <anonymous>:350:1)
    at C:\Users\dcsdcr\AppData\Roaming\npm\node_modules\markbind-cli\node_modules\nunjucks\src\environment.js:619:9
    at eval (eval at _compile (C:\Users\dcsdcr\AppData\Roaming\npm\node_modules\markbind-cli\node_modules\nunjucks\src\environment.js:637:18), <anonymous>:1111:1)
    at C:\Users\dcsdcr\AppData\Roaming\npm\node_modules\markbind-cli\node_modules\nunjucks\src\environment.js:619:9
    at eval (eval at _compile (C:\Users\dcsdcr\AppData\Roaming\npm\node_modules\markbind-cli\node_modules\nunjucks\src\environment.js:637:18), <anonymous>:667:1)
    at C:\Users\dcsdcr\AppData\Roaming\npm\node_modules\markbind-cli\node_modules\nunjucks\src\environment.js:619:9
    at Template.root [as rootRenderFunc] (eval at _compile (C:\Users\dcsdcr\AppData\Roaming\npm\node_modules\markbind-cli\node_modules\nunjucks\src\environment.js:637:18), <anonymous>:245:1)
    at Template.getExported (C:\Users\dcsdcr\AppData\Roaming\npm\node_modules\markbind-cli\node_modules\nunjucks\src\environment.js:615:10)
    at eval (eval at _compile (C:\Users\dcsdcr\AppData\Roaming\npm\node_modules\markbind-cli\node_modules\nunjucks\src\environment.js:637:18), <anonymous>:11:5)
    at Environment.getTemplate (C:\Users\dcsdcr\AppData\Roaming\npm\node_modules\markbind-cli\node_modules\nunjucks\src\environment.js:279:9)
    at Template.root [as rootRenderFunc] (eval at _compile (C:\Users\dcsdcr\AppData\Roaming\npm\node_modules\markbind-cli\node_modules\nunjucks\src\environment.js:637:18), <anonymous>:9:5)
    at Template.getExported (C:\Users\dcsdcr\AppData\Roaming\npm\node_modules\markbind-cli\node_modules\nunjucks\src\environment.js:615:10)
2019-12-28T07:06:59.956Z - info: Pages built
2019-12-28T07:08:43.833Z - info: [3:08:43 PM] Reload for file add: C:\repos\nus-cs2113-AY1920S2\cs2113-website\schedule\week2\tutorial.md
2019-12-28T07:08:43.844Z - info: [3:08:43 PM] Reload for file add: C:\repos\nus-cs2113-AY1920S2\cs2113-website\schedule\week3\tutorial.md
2019-12-28T07:08:43.845Z - info: [3:08:43 PM] Reload for file add: C:\repos\nus-cs2113-AY1920S2\cs2113-website\schedule\week4\tutorial.md
2019-12-28T07:08:43.854Z - info: [3:08:43 PM] Reload for file add: C:\repos\nus-cs2113-AY1920S2\cs2113-website\schedule\week5\tutorial.md
2019-12-28T07:08:43.864Z - info: [3:08:43 PM] Reload for file add: C:\repos\nus-cs2113-AY1920S2\cs2113-website\schedule\week6\tutorial.md
2019-12-28T07:08:43.865Z - info: [3:08:43 PM] Reload for file add: C:\repos\nus-cs2113-AY1920S2\cs2113-website\schedule\week7\tutorial.md
2019-12-28T07:08:43.869Z - info: [3:08:43 PM] Reload for file add: C:\repos\nus-cs2113-AY1920S2\cs2113-website\schedule\week8\tutorial.md
2019-12-28T07:08:43.870Z - info: [3:08:43 PM] Reload for file add: C:\repos\nus-cs2113-AY1920S2\cs2113-website\schedule\week9\tutorial.md
2019-12-28T07:08:43.871Z - info: [3:08:43 PM] Reload for file add: C:\repos\nus-cs2113-AY1920S2\cs2113-website\schedule\week10\tutorial.md
2019-12-28T07:08:43.872Z - info: [3:08:43 PM] Reload for file add: C:\repos\nus-cs2113-AY1920S2\cs2113-website\schedule\week11\tutorial.md
2019-12-28T07:08:43.875Z - info: [3:08:43 PM] Reload for file add: C:\repos\nus-cs2113-AY1920S2\cs2113-website\schedule\week12\tutorial.md
2019-12-28T07:08:43.876Z - info: [3:08:43 PM] Reload for file add: C:\repos\nus-cs2113-AY1920S2\cs2113-website\schedule\week13\tutorial.md
2019-12-28T07:08:44.837Z - warn: Rebuilding all source files
2019-12-28T07:08:47.039Z - info: Assets removed
2019-12-28T07:08:47.039Z - info: Generating pages...
2019-12-28T07:08:55.936Z - error: uncaughtException: Template render error: Template render error: Template render error: Template render error: Template render error: Template render error: (C:\repos\nus-cs2113-AY1920S2\cs2113-website\schedule\week1\tutorial.md)
  Error: cannot import 'show_week_tutorial_page' date=Sat Dec 28 2019 15:08:55 GMT+0800 (Singapore Standard Time), pid=22688, uid=null, gid=null, cwd=C:\repos\nus-cs2113-AY1920S2\cs2113-website, execPath=C:\Program Files\nodejs\node.exe, version=v10.14.2, argv=[C:\Program Files\nodejs\node.exe, C:\Users\dcsdcr\AppData\Roaming\npm\node_modules\markbind-cli\index.js, serve], rss=311758848, heapTotal=268369920, heapUsed=221878752, external=1228265, loadavg=[0, 0, 0], uptime=1394303
Template render error: (C:\repos\nus-cs2113-AY1920S2\cs2113-website\schedule\week1\tutorial.md)
  Error: cannot import 'show_week_tutorial_page'
    at Object._prettifyError (C:\Users\dcsdcr\AppData\Roaming\npm\node_modules\markbind-cli\node_modules\nunjucks\src\lib.js:36:11)
    at C:\Users\dcsdcr\AppData\Roaming\npm\node_modules\markbind-cli\node_modules\nunjucks\src\environment.js:567:19
    at eval (eval at _compile (C:\Users\dcsdcr\AppData\Roaming\npm\node_modules\markbind-cli\node_modules\nunjucks\src\environment.js:637:18), <anonymous>:16:1)
    at C:\Users\dcsdcr\AppData\Roaming\npm\node_modules\markbind-cli\node_modules\nunjucks\src\environment.js:619:9
    at eval (eval at _compile (C:\Users\dcsdcr\AppData\Roaming\npm\node_modules\markbind-cli\node_modules\nunjucks\src\environment.js:637:18), <anonymous>:350:1)
    at C:\Users\dcsdcr\AppData\Roaming\npm\node_modules\markbind-cli\node_modules\nunjucks\src\environment.js:619:9
    at eval (eval at _compile (C:\Users\dcsdcr\AppData\Roaming\npm\node_modules\markbind-cli\node_modules\nunjucks\src\environment.js:637:18), <anonymous>:1111:1)
    at C:\Users\dcsdcr\AppData\Roaming\npm\node_modules\markbind-cli\node_modules\nunjucks\src\environment.js:619:9
    at eval (eval at _compile (C:\Users\dcsdcr\AppData\Roaming\npm\node_modules\markbind-cli\node_modules\nunjucks\src\environment.js:637:18), <anonymous>:667:1)
    at C:\Users\dcsdcr\AppData\Roaming\npm\node_modules\markbind-cli\node_modules\nunjucks\src\environment.js:619:9
    at Template.root [as rootRenderFunc] (eval at _compile (C:\Users\dcsdcr\AppData\Roaming\npm\node_modules\markbind-cli\node_modules\nunjucks\src\environment.js:637:18), <anonymous>:245:1)
    at Template.getExported (C:\Users\dcsdcr\AppData\Roaming\npm\node_modules\markbind-cli\node_modules\nunjucks\src\environment.js:615:10)
    at eval (eval at _compile (C:\Users\dcsdcr\AppData\Roaming\npm\node_modules\markbind-cli\node_modules\nunjucks\src\environment.js:637:18), <anonymous>:11:5)
    at Environment.getTemplate (C:\Users\dcsdcr\AppData\Roaming\npm\node_modules\markbind-cli\node_modules\nunjucks\src\environment.js:279:9)
    at Template.root [as rootRenderFunc] (eval at _compile (C:\Users\dcsdcr\AppData\Roaming\npm\node_modules\markbind-cli\node_modules\nunjucks\src\environment.js:637:18), <anonymous>:9:5)
    at Template.getExported (C:\Users\dcsdcr\AppData\Roaming\npm\node_modules\markbind-cli\node_modules\nunjucks\src\environment.js:615:10)
2019-12-28T07:08:55.940Z - error: uncaughtException: Template render error: Template render error: Template render error: Template render error: Template render error: Template render error: (C:\repos\nus-cs2113-AY1920S2\cs2113-website\schedule\week10\tutorial.md)
  Error: cannot import 'show_week_tutorial_page' date=Sat Dec 28 2019 15:08:55 GMT+0800 (Singapore Standard Time), pid=22688, uid=null, gid=null, cwd=C:\repos\nus-cs2113-AY1920S2\cs2113-website, execPath=C:\Program Files\nodejs\node.exe, version=v10.14.2, argv=[C:\Program Files\nodejs\node.exe, C:\Users\dcsdcr\AppData\Roaming\npm\node_modules\markbind-cli\index.js, serve], rss=311775232, heapTotal=268369920, heapUsed=222655544, external=1236457, loadavg=[0, 0, 0], uptime=1394303
Template render error: (C:\repos\nus-cs2113-AY1920S2\cs2113-website\schedule\week10\tutorial.md)
  Error: cannot import 'show_week_tutorial_page'
    at Object._prettifyError (C:\Users\dcsdcr\AppData\Roaming\npm\node_modules\markbind-cli\node_modules\nunjucks\src\lib.js:36:11)
    at C:\Users\dcsdcr\AppData\Roaming\npm\node_modules\markbind-cli\node_modules\nunjucks\src\environment.js:567:19
    at eval (eval at _compile (C:\Users\dcsdcr\AppData\Roaming\npm\node_modules\markbind-cli\node_modules\nunjucks\src\environment.js:637:18), <anonymous>:16:1)
    at C:\Users\dcsdcr\AppData\Roaming\npm\node_modules\markbind-cli\node_modules\nunjucks\src\environment.js:619:9
    at eval (eval at _compile (C:\Users\dcsdcr\AppData\Roaming\npm\node_modules\markbind-cli\node_modules\nunjucks\src\environment.js:637:18), <anonymous>:350:1)
    at C:\Users\dcsdcr\AppData\Roaming\npm\node_modules\markbind-cli\node_modules\nunjucks\src\environment.js:619:9
    at eval (eval at _compile (C:\Users\dcsdcr\AppData\Roaming\npm\node_modules\markbind-cli\node_modules\nunjucks\src\environment.js:637:18), <anonymous>:1111:1)
    at C:\Users\dcsdcr\AppData\Roaming\npm\node_modules\markbind-cli\node_modules\nunjucks\src\environment.js:619:9
    at eval (eval at _compile (C:\Users\dcsdcr\AppData\Roaming\npm\node_modules\markbind-cli\node_modules\nunjucks\src\environment.js:637:18), <anonymous>:667:1)
    at C:\Users\dcsdcr\AppData\Roaming\npm\node_modules\markbind-cli\node_modules\nunjucks\src\environment.js:619:9
    at Template.root [as rootRenderFunc] (eval at _compile (C:\Users\dcsdcr\AppData\Roaming\npm\node_modules\markbind-cli\node_modules\nunjucks\src\environment.js:637:18), <anonymous>:245:1)
    at Template.getExported (C:\Users\dcsdcr\AppData\Roaming\npm\node_modules\markbind-cli\node_modules\nunjucks\src\environment.js:615:10)
    at eval (eval at _compile (C:\Users\dcsdcr\AppData\Roaming\npm\node_modules\markbind-cli\node_modules\nunjucks\src\environment.js:637:18), <anonymous>:11:5)
    at Environment.getTemplate (C:\Users\dcsdcr\AppData\Roaming\npm\node_modules\markbind-cli\node_modules\nunjucks\src\environment.js:279:9)
    at Template.root [as rootRenderFunc] (eval at _compile (C:\Users\dcsdcr\AppData\Roaming\npm\node_modules\markbind-cli\node_modules\nunjucks\src\environment.js:637:18), <anonymous>:9:5)
    at Template.getExported (C:\Users\dcsdcr\AppData\Roaming\npm\node_modules\markbind-cli\node_modules\nunjucks\src\environment.js:615:10)
2019-12-28T07:08:55.944Z - error: uncaughtException: Template render error: Template render error: Template render error: Template render error: Template render error: Template render error: (C:\repos\nus-cs2113-AY1920S2\cs2113-website\schedule\week11\tutorial.md)
  Error: cannot import 'show_week_tutorial_page' date=Sat Dec 28 2019 15:08:55 GMT+0800 (Singapore Standard Time), pid=22688, uid=null, gid=null, cwd=C:\repos\nus-cs2113-AY1920S2\cs2113-website, execPath=C:\Program Files\nodejs\node.exe, version=v10.14.2, argv=[C:\Program Files\nodejs\node.exe, C:\Users\dcsdcr\AppData\Roaming\npm\node_modules\markbind-cli\index.js, serve], rss=311779328, heapTotal=268369920, heapUsed=223412320, external=1244649, loadavg=[0, 0, 0], uptime=1394303
Template render error: (C:\repos\nus-cs2113-AY1920S2\cs2113-website\schedule\week11\tutorial.md)
  Error: cannot import 'show_week_tutorial_page'
    at Object._prettifyError (C:\Users\dcsdcr\AppData\Roaming\npm\node_modules\markbind-cli\node_modules\nunjucks\src\lib.js:36:11)
    at C:\Users\dcsdcr\AppData\Roaming\npm\node_modules\markbind-cli\node_modules\nunjucks\src\environment.js:567:19
    at eval (eval at _compile (C:\Users\dcsdcr\AppData\Roaming\npm\node_modules\markbind-cli\node_modules\nunjucks\src\environment.js:637:18), <anonymous>:16:1)
    at C:\Users\dcsdcr\AppData\Roaming\npm\node_modules\markbind-cli\node_modules\nunjucks\src\environment.js:619:9
    at eval (eval at _compile (C:\Users\dcsdcr\AppData\Roaming\npm\node_modules\markbind-cli\node_modules\nunjucks\src\environment.js:637:18), <anonymous>:350:1)
    at C:\Users\dcsdcr\AppData\Roaming\npm\node_modules\markbind-cli\node_modules\nunjucks\src\environment.js:619:9
    at eval (eval at _compile (C:\Users\dcsdcr\AppData\Roaming\npm\node_modules\markbind-cli\node_modules\nunjucks\src\environment.js:637:18), <anonymous>:1111:1)
    at C:\Users\dcsdcr\AppData\Roaming\npm\node_modules\markbind-cli\node_modules\nunjucks\src\environment.js:619:9
    at eval (eval at _compile (C:\Users\dcsdcr\AppData\Roaming\npm\node_modules\markbind-cli\node_modules\nunjucks\src\environment.js:637:18), <anonymous>:667:1)
    at C:\Users\dcsdcr\AppData\Roaming\npm\node_modules\markbind-cli\node_modules\nunjucks\src\environment.js:619:9
    at Template.root [as rootRenderFunc] (eval at _compile (C:\Users\dcsdcr\AppData\Roaming\npm\node_modules\markbind-cli\node_modules\nunjucks\src\environment.js:637:18), <anonymous>:245:1)
    at Template.getExported (C:\Users\dcsdcr\AppData\Roaming\npm\node_modules\markbind-cli\node_modules\nunjucks\src\environment.js:615:10)
    at eval (eval at _compile (C:\Users\dcsdcr\AppData\Roaming\npm\node_modules\markbind-cli\node_modules\nunjucks\src\environment.js:637:18), <anonymous>:11:5)
    at Environment.getTemplate (C:\Users\dcsdcr\AppData\Roaming\npm\node_modules\markbind-cli\node_modules\nunjucks\src\environment.js:279:9)
    at Template.root [as rootRenderFunc] (eval at _compile (C:\Users\dcsdcr\AppData\Roaming\npm\node_modules\markbind-cli\node_modules\nunjucks\src\environment.js:637:18), <anonymous>:9:5)
    at Template.getExported (C:\Users\dcsdcr\AppData\Roaming\npm\node_modules\markbind-cli\node_modules\nunjucks\src\environment.js:615:10)
2019-12-28T07:08:55.948Z - error: uncaughtException: Template render error: Template render error: Template render error: Template render error: Template render error: Template render error: (C:\repos\nus-cs2113-AY1920S2\cs2113-website\schedule\week12\tutorial.md)
  Error: cannot import 'show_week_tutorial_page' date=Sat Dec 28 2019 15:08:55 GMT+0800 (Singapore Standard Time), pid=22688, uid=null, gid=null, cwd=C:\repos\nus-cs2113-AY1920S2\cs2113-website, execPath=C:\Program Files\nodejs\node.exe, version=v10.14.2, argv=[C:\Program Files\nodejs\node.exe, C:\Users\dcsdcr\AppData\Roaming\npm\node_modules\markbind-cli\index.js, serve], rss=311787520, heapTotal=268369920, heapUsed=224168776, external=1252841, loadavg=[0, 0, 0], uptime=1394303
Template render error: (C:\repos\nus-cs2113-AY1920S2\cs2113-website\schedule\week12\tutorial.md)
  Error: cannot import 'show_week_tutorial_page'
    at Object._prettifyError (C:\Users\dcsdcr\AppData\Roaming\npm\node_modules\markbind-cli\node_modules\nunjucks\src\lib.js:36:11)
    at C:\Users\dcsdcr\AppData\Roaming\npm\node_modules\markbind-cli\node_modules\nunjucks\src\environment.js:567:19
    at eval (eval at _compile (C:\Users\dcsdcr\AppData\Roaming\npm\node_modules\markbind-cli\node_modules\nunjucks\src\environment.js:637:18), <anonymous>:16:1)
    at C:\Users\dcsdcr\AppData\Roaming\npm\node_modules\markbind-cli\node_modules\nunjucks\src\environment.js:619:9
    at eval (eval at _compile (C:\Users\dcsdcr\AppData\Roaming\npm\node_modules\markbind-cli\node_modules\nunjucks\src\environment.js:637:18), <anonymous>:350:1)
    at C:\Users\dcsdcr\AppData\Roaming\npm\node_modules\markbind-cli\node_modules\nunjucks\src\environment.js:619:9
    at eval (eval at _compile (C:\Users\dcsdcr\AppData\Roaming\npm\node_modules\markbind-cli\node_modules\nunjucks\src\environment.js:637:18), <anonymous>:1111:1)
    at C:\Users\dcsdcr\AppData\Roaming\npm\node_modules\markbind-cli\node_modules\nunjucks\src\environment.js:619:9
    at eval (eval at _compile (C:\Users\dcsdcr\AppData\Roaming\npm\node_modules\markbind-cli\node_modules\nunjucks\src\environment.js:637:18), <anonymous>:667:1)
    at C:\Users\dcsdcr\AppData\Roaming\npm\node_modules\markbind-cli\node_modules\nunjucks\src\environment.js:619:9
    at Template.root [as rootRenderFunc] (eval at _compile (C:\Users\dcsdcr\AppData\Roaming\npm\node_modules\markbind-cli\node_modules\nunjucks\src\environment.js:637:18), <anonymous>:245:1)
    at Template.getExported (C:\Users\dcsdcr\AppData\Roaming\npm\node_modules\markbind-cli\node_modules\nunjucks\src\environment.js:615:10)
    at eval (eval at _compile (C:\Users\dcsdcr\AppData\Roaming\npm\node_modules\markbind-cli\node_modules\nunjucks\src\environment.js:637:18), <anonymous>:11:5)
    at Environment.getTemplate (C:\Users\dcsdcr\AppData\Roaming\npm\node_modules\markbind-cli\node_modules\nunjucks\src\environment.js:279:9)
    at Template.root [as rootRenderFunc] (eval at _compile (C:\Users\dcsdcr\AppData\Roaming\npm\node_modules\markbind-cli\node_modules\nunjucks\src\environment.js:637:18), <anonymous>:9:5)
    at Template.getExported (C:\Users\dcsdcr\AppData\Roaming\npm\node_modules\markbind-cli\node_modules\nunjucks\src\environment.js:615:10)
2019-12-28T07:08:55.958Z - error: uncaughtException: Template render error: Template render error: Template render error: Template render error: Template render error: Template render error: (C:\repos\nus-cs2113-AY1920S2\cs2113-website\schedule\week13\tutorial.md)
  Error: cannot import 'show_week_tutorial_page' date=Sat Dec 28 2019 15:08:55 GMT+0800 (Singapore Standard Time), pid=22688, uid=null, gid=null, cwd=C:\repos\nus-cs2113-AY1920S2\cs2113-website, execPath=C:\Program Files\nodejs\node.exe, version=v10.14.2, argv=[C:\Program Files\nodejs\node.exe, C:\Users\dcsdcr\AppData\Roaming\npm\node_modules\markbind-cli\index.js, serve], rss=313278464, heapTotal=269942784, heapUsed=213818288, external=1261033, loadavg=[0, 0, 0], uptime=1394303
Template render error: (C:\repos\nus-cs2113-AY1920S2\cs2113-website\schedule\week13\tutorial.md)
  Error: cannot import 'show_week_tutorial_page'
    at Object._prettifyError (C:\Users\dcsdcr\AppData\Roaming\npm\node_modules\markbind-cli\node_modules\nunjucks\src\lib.js:36:11)
    at C:\Users\dcsdcr\AppData\Roaming\npm\node_modules\markbind-cli\node_modules\nunjucks\src\environment.js:567:19
    at eval (eval at _compile (C:\Users\dcsdcr\AppData\Roaming\npm\node_modules\markbind-cli\node_modules\nunjucks\src\environment.js:637:18), <anonymous>:16:1)
    at C:\Users\dcsdcr\AppData\Roaming\npm\node_modules\markbind-cli\node_modules\nunjucks\src\environment.js:619:9
    at eval (eval at _compile (C:\Users\dcsdcr\AppData\Roaming\npm\node_modules\markbind-cli\node_modules\nunjucks\src\environment.js:637:18), <anonymous>:350:1)
    at C:\Users\dcsdcr\AppData\Roaming\npm\node_modules\markbind-cli\node_modules\nunjucks\src\environment.js:619:9
    at eval (eval at _compile (C:\Users\dcsdcr\AppData\Roaming\npm\node_modules\markbind-cli\node_modules\nunjucks\src\environment.js:637:18), <anonymous>:1111:1)
    at C:\Users\dcsdcr\AppData\Roaming\npm\node_modules\markbind-cli\node_modules\nunjucks\src\environment.js:619:9
    at eval (eval at _compile (C:\Users\dcsdcr\AppData\Roaming\npm\node_modules\markbind-cli\node_modules\nunjucks\src\environment.js:637:18), <anonymous>:667:1)
    at C:\Users\dcsdcr\AppData\Roaming\npm\node_modules\markbind-cli\node_modules\nunjucks\src\environment.js:619:9
    at Template.root [as rootRenderFunc] (eval at _compile (C:\Users\dcsdcr\AppData\Roaming\npm\node_modules\markbind-cli\node_modules\nunjucks\src\environment.js:637:18), <anonymous>:245:1)
    at Template.getExported (C:\Users\dcsdcr\AppData\Roaming\npm\node_modules\markbind-cli\node_modules\nunjucks\src\environment.js:615:10)
    at eval (eval at _compile (C:\Users\dcsdcr\AppData\Roaming\npm\node_modules\markbind-cli\node_modules\nunjucks\src\environment.js:637:18), <anonymous>:11:5)
    at Environment.getTemplate (C:\Users\dcsdcr\AppData\Roaming\npm\node_modules\markbind-cli\node_modules\nunjucks\src\environment.js:279:9)
    at Template.root [as rootRenderFunc] (eval at _compile (C:\Users\dcsdcr\AppData\Roaming\npm\node_modules\markbind-cli\node_modules\nunjucks\src\environment.js:637:18), <anonymous>:9:5)
    at Template.getExported (C:\Users\dcsdcr\AppData\Roaming\npm\node_modules\markbind-cli\node_modules\nunjucks\src\environment.js:615:10)
2019-12-28T07:08:55.971Z - error: uncaughtException: Template render error: Template render error: Template render error: Template render error: Template render error: Template render error: (C:\repos\nus-cs2113-AY1920S2\cs2113-website\schedule\week2\tutorial.md)
  Error: cannot import 'show_week_tutorial_page' date=Sat Dec 28 2019 15:08:55 GMT+0800 (Singapore Standard Time), pid=22688, uid=null, gid=null, cwd=C:\repos\nus-cs2113-AY1920S2\cs2113-website, execPath=C:\Program Files\nodejs\node.exe, version=v10.14.2, argv=[C:\Program Files\nodejs\node.exe, C:\Users\dcsdcr\AppData\Roaming\npm\node_modules\markbind-cli\index.js, serve], rss=313323520, heapTotal=269942784, heapUsed=218302016, external=1277684, loadavg=[0, 0, 0], uptime=1394303
Template render error: (C:\repos\nus-cs2113-AY1920S2\cs2113-website\schedule\week2\tutorial.md)
  Error: cannot import 'show_week_tutorial_page'
    at Object._prettifyError (C:\Users\dcsdcr\AppData\Roaming\npm\node_modules\markbind-cli\node_modules\nunjucks\src\lib.js:36:11)
    at C:\Users\dcsdcr\AppData\Roaming\npm\node_modules\markbind-cli\node_modules\nunjucks\src\environment.js:567:19
    at eval (eval at _compile (C:\Users\dcsdcr\AppData\Roaming\npm\node_modules\markbind-cli\node_modules\nunjucks\src\environment.js:637:18), <anonymous>:16:1)
    at C:\Users\dcsdcr\AppData\Roaming\npm\node_modules\markbind-cli\node_modules\nunjucks\src\environment.js:619:9
    at eval (eval at _compile (C:\Users\dcsdcr\AppData\Roaming\npm\node_modules\markbind-cli\node_modules\nunjucks\src\environment.js:637:18), <anonymous>:350:1)
    at C:\Users\dcsdcr\AppData\Roaming\npm\node_modules\markbind-cli\node_modules\nunjucks\src\environment.js:619:9
    at eval (eval at _compile (C:\Users\dcsdcr\AppData\Roaming\npm\node_modules\markbind-cli\node_modules\nunjucks\src\environment.js:637:18), <anonymous>:1111:1)
    at C:\Users\dcsdcr\AppData\Roaming\npm\node_modules\markbind-cli\node_modules\nunjucks\src\environment.js:619:9
    at eval (eval at _compile (C:\Users\dcsdcr\AppData\Roaming\npm\node_modules\markbind-cli\node_modules\nunjucks\src\environment.js:637:18), <anonymous>:667:1)
    at C:\Users\dcsdcr\AppData\Roaming\npm\node_modules\markbind-cli\node_modules\nunjucks\src\environment.js:619:9
    at Template.root [as rootRenderFunc] (eval at _compile (C:\Users\dcsdcr\AppData\Roaming\npm\node_modules\markbind-cli\node_modules\nunjucks\src\environment.js:637:18), <anonymous>:245:1)
    at Template.getExported (C:\Users\dcsdcr\AppData\Roaming\npm\node_modules\markbind-cli\node_modules\nunjucks\src\environment.js:615:10)
    at eval (eval at _compile (C:\Users\dcsdcr\AppData\Roaming\npm\node_modules\markbind-cli\node_modules\nunjucks\src\environment.js:637:18), <anonymous>:11:5)
    at Environment.getTemplate (C:\Users\dcsdcr\AppData\Roaming\npm\node_modules\markbind-cli\node_modules\nunjucks\src\environment.js:279:9)
    at Template.root [as rootRenderFunc] (eval at _compile (C:\Users\dcsdcr\AppData\Roaming\npm\node_modules\markbind-cli\node_modules\nunjucks\src\environment.js:637:18), <anonymous>:9:5)
    at Template.getExported (C:\Users\dcsdcr\AppData\Roaming\npm\node_modules\markbind-cli\node_modules\nunjucks\src\environment.js:615:10)
2019-12-28T07:08:55.983Z - error: uncaughtException: Template render error: Template render error: Template render error: Template render error: Template render error: Template render error: (C:\repos\nus-cs2113-AY1920S2\cs2113-website\schedule\week3\tutorial.md)
  Error: cannot import 'show_week_tutorial_page' date=Sat Dec 28 2019 15:08:55 GMT+0800 (Singapore Standard Time), pid=22688, uid=null, gid=null, cwd=C:\repos\nus-cs2113-AY1920S2\cs2113-website, execPath=C:\Program Files\nodejs\node.exe, version=v10.14.2, argv=[C:\Program Files\nodejs\node.exe, C:\Users\dcsdcr\AppData\Roaming\npm\node_modules\markbind-cli\index.js, serve], rss=313483264, heapTotal=269942784, heapUsed=220585544, external=1285876, loadavg=[0, 0, 0], uptime=1394303
Template render error: (C:\repos\nus-cs2113-AY1920S2\cs2113-website\schedule\week3\tutorial.md)
  Error: cannot import 'show_week_tutorial_page'
    at Object._prettifyError (C:\Users\dcsdcr\AppData\Roaming\npm\node_modules\markbind-cli\node_modules\nunjucks\src\lib.js:36:11)
    at C:\Users\dcsdcr\AppData\Roaming\npm\node_modules\markbind-cli\node_modules\nunjucks\src\environment.js:567:19
    at eval (eval at _compile (C:\Users\dcsdcr\AppData\Roaming\npm\node_modules\markbind-cli\node_modules\nunjucks\src\environment.js:637:18), <anonymous>:16:1)
    at C:\Users\dcsdcr\AppData\Roaming\npm\node_modules\markbind-cli\node_modules\nunjucks\src\environment.js:619:9
    at eval (eval at _compile (C:\Users\dcsdcr\AppData\Roaming\npm\node_modules\markbind-cli\node_modules\nunjucks\src\environment.js:637:18), <anonymous>:350:1)
    at C:\Users\dcsdcr\AppData\Roaming\npm\node_modules\markbind-cli\node_modules\nunjucks\src\environment.js:619:9
    at eval (eval at _compile (C:\Users\dcsdcr\AppData\Roaming\npm\node_modules\markbind-cli\node_modules\nunjucks\src\environment.js:637:18), <anonymous>:1111:1)
    at C:\Users\dcsdcr\AppData\Roaming\npm\node_modules\markbind-cli\node_modules\nunjucks\src\environment.js:619:9
    at eval (eval at _compile (C:\Users\dcsdcr\AppData\Roaming\npm\node_modules\markbind-cli\node_modules\nunjucks\src\environment.js:637:18), <anonymous>:667:1)
    at C:\Users\dcsdcr\AppData\Roaming\npm\node_modules\markbind-cli\node_modules\nunjucks\src\environment.js:619:9
    at Template.root [as rootRenderFunc] (eval at _compile (C:\Users\dcsdcr\AppData\Roaming\npm\node_modules\markbind-cli\node_modules\nunjucks\src\environment.js:637:18), <anonymous>:245:1)
    at Template.getExported (C:\Users\dcsdcr\AppData\Roaming\npm\node_modules\markbind-cli\node_modules\nunjucks\src\environment.js:615:10)
    at eval (eval at _compile (C:\Users\dcsdcr\AppData\Roaming\npm\node_modules\markbind-cli\node_modules\nunjucks\src\environment.js:637:18), <anonymous>:11:5)
    at Environment.getTemplate (C:\Users\dcsdcr\AppData\Roaming\npm\node_modules\markbind-cli\node_modules\nunjucks\src\environment.js:279:9)
    at Template.root [as rootRenderFunc] (eval at _compile (C:\Users\dcsdcr\AppData\Roaming\npm\node_modules\markbind-cli\node_modules\nunjucks\src\environment.js:637:18), <anonymous>:9:5)
    at Template.getExported (C:\Users\dcsdcr\AppData\Roaming\npm\node_modules\markbind-cli\node_modules\nunjucks\src\environment.js:615:10)
2019-12-28T07:08:55.989Z - error: uncaughtException: Template render error: Template render error: Template render error: Template render error: Template render error: Template render error: (C:\repos\nus-cs2113-AY1920S2\cs2113-website\schedule\week4\tutorial.md)
  Error: cannot import 'show_week_tutorial_page' date=Sat Dec 28 2019 15:08:55 GMT+0800 (Singapore Standard Time), pid=22688, uid=null, gid=null, cwd=C:\repos\nus-cs2113-AY1920S2\cs2113-website, execPath=C:\Program Files\nodejs\node.exe, version=v10.14.2, argv=[C:\Program Files\nodejs\node.exe, C:\Users\dcsdcr\AppData\Roaming\npm\node_modules\markbind-cli\index.js, serve], rss=314363904, heapTotal=269942784, heapUsed=222170152, external=1294068, loadavg=[0, 0, 0], uptime=1394303
Template render error: (C:\repos\nus-cs2113-AY1920S2\cs2113-website\schedule\week4\tutorial.md)
  Error: cannot import 'show_week_tutorial_page'
    at Object._prettifyError (C:\Users\dcsdcr\AppData\Roaming\npm\node_modules\markbind-cli\node_modules\nunjucks\src\lib.js:36:11)
    at C:\Users\dcsdcr\AppData\Roaming\npm\node_modules\markbind-cli\node_modules\nunjucks\src\environment.js:567:19
    at eval (eval at _compile (C:\Users\dcsdcr\AppData\Roaming\npm\node_modules\markbind-cli\node_modules\nunjucks\src\environment.js:637:18), <anonymous>:16:1)
    at C:\Users\dcsdcr\AppData\Roaming\npm\node_modules\markbind-cli\node_modules\nunjucks\src\environment.js:619:9
    at eval (eval at _compile (C:\Users\dcsdcr\AppData\Roaming\npm\node_modules\markbind-cli\node_modules\nunjucks\src\environment.js:637:18), <anonymous>:350:1)
    at C:\Users\dcsdcr\AppData\Roaming\npm\node_modules\markbind-cli\node_modules\nunjucks\src\environment.js:619:9
    at eval (eval at _compile (C:\Users\dcsdcr\AppData\Roaming\npm\node_modules\markbind-cli\node_modules\nunjucks\src\environment.js:637:18), <anonymous>:1111:1)
    at C:\Users\dcsdcr\AppData\Roaming\npm\node_modules\markbind-cli\node_modules\nunjucks\src\environment.js:619:9
    at eval (eval at _compile (C:\Users\dcsdcr\AppData\Roaming\npm\node_modules\markbind-cli\node_modules\nunjucks\src\environment.js:637:18), <anonymous>:667:1)
    at C:\Users\dcsdcr\AppData\Roaming\npm\node_modules\markbind-cli\node_modules\nunjucks\src\environment.js:619:9
    at Template.root [as rootRenderFunc] (eval at _compile (C:\Users\dcsdcr\AppData\Roaming\npm\node_modules\markbind-cli\node_modules\nunjucks\src\environment.js:637:18), <anonymous>:245:1)
    at Template.getExported (C:\Users\dcsdcr\AppData\Roaming\npm\node_modules\markbind-cli\node_modules\nunjucks\src\environment.js:615:10)
    at eval (eval at _compile (C:\Users\dcsdcr\AppData\Roaming\npm\node_modules\markbind-cli\node_modules\nunjucks\src\environment.js:637:18), <anonymous>:11:5)
    at Environment.getTemplate (C:\Users\dcsdcr\AppData\Roaming\npm\node_modules\markbind-cli\node_modules\nunjucks\src\environment.js:279:9)
    at Template.root [as rootRenderFunc] (eval at _compile (C:\Users\dcsdcr\AppData\Roaming\npm\node_modules\markbind-cli\node_modules\nunjucks\src\environment.js:637:18), <anonymous>:9:5)
    at Template.getExported (C:\Users\dcsdcr\AppData\Roaming\npm\node_modules\markbind-cli\node_modules\nunjucks\src\environment.js:615:10)
2019-12-28T07:08:55.993Z - error: uncaughtException: Template render error: Template render error: Template render error: Template render error: Template render error: Template render error: (C:\repos\nus-cs2113-AY1920S2\cs2113-website\schedule\week5\tutorial.md)
  Error: cannot import 'show_week_tutorial_page' date=Sat Dec 28 2019 15:08:55 GMT+0800 (Singapore Standard Time), pid=22688, uid=null, gid=null, cwd=C:\repos\nus-cs2113-AY1920S2\cs2113-website, execPath=C:\Program Files\nodejs\node.exe, version=v10.14.2, argv=[C:\Program Files\nodejs\node.exe, C:\Users\dcsdcr\AppData\Roaming\npm\node_modules\markbind-cli\index.js, serve], rss=314724352, heapTotal=269942784, heapUsed=222926496, external=1302260, loadavg=[0, 0, 0], uptime=1394303
Template render error: (C:\repos\nus-cs2113-AY1920S2\cs2113-website\schedule\week5\tutorial.md)
  Error: cannot import 'show_week_tutorial_page'
    at Object._prettifyError (C:\Users\dcsdcr\AppData\Roaming\npm\node_modules\markbind-cli\node_modules\nunjucks\src\lib.js:36:11)
    at C:\Users\dcsdcr\AppData\Roaming\npm\node_modules\markbind-cli\node_modules\nunjucks\src\environment.js:567:19
    at eval (eval at _compile (C:\Users\dcsdcr\AppData\Roaming\npm\node_modules\markbind-cli\node_modules\nunjucks\src\environment.js:637:18), <anonymous>:16:1)
    at C:\Users\dcsdcr\AppData\Roaming\npm\node_modules\markbind-cli\node_modules\nunjucks\src\environment.js:619:9
    at eval (eval at _compile (C:\Users\dcsdcr\AppData\Roaming\npm\node_modules\markbind-cli\node_modules\nunjucks\src\environment.js:637:18), <anonymous>:350:1)
    at C:\Users\dcsdcr\AppData\Roaming\npm\node_modules\markbind-cli\node_modules\nunjucks\src\environment.js:619:9
    at eval (eval at _compile (C:\Users\dcsdcr\AppData\Roaming\npm\node_modules\markbind-cli\node_modules\nunjucks\src\environment.js:637:18), <anonymous>:1111:1)
    at C:\Users\dcsdcr\AppData\Roaming\npm\node_modules\markbind-cli\node_modules\nunjucks\src\environment.js:619:9
    at eval (eval at _compile (C:\Users\dcsdcr\AppData\Roaming\npm\node_modules\markbind-cli\node_modules\nunjucks\src\environment.js:637:18), <anonymous>:667:1)
    at C:\Users\dcsdcr\AppData\Roaming\npm\node_modules\markbind-cli\node_modules\nunjucks\src\environment.js:619:9
    at Template.root [as rootRenderFunc] (eval at _compile (C:\Users\dcsdcr\AppData\Roaming\npm\node_modules\markbind-cli\node_modules\nunjucks\src\environment.js:637:18), <anonymous>:245:1)
    at Template.getExported (C:\Users\dcsdcr\AppData\Roaming\npm\node_modules\markbind-cli\node_modules\nunjucks\src\environment.js:615:10)
    at eval (eval at _compile (C:\Users\dcsdcr\AppData\Roaming\npm\node_modules\markbind-cli\node_modules\nunjucks\src\environment.js:637:18), <anonymous>:11:5)
    at Environment.getTemplate (C:\Users\dcsdcr\AppData\Roaming\npm\node_modules\markbind-cli\node_modules\nunjucks\src\environment.js:279:9)
    at Template.root [as rootRenderFunc] (eval at _compile (C:\Users\dcsdcr\AppData\Roaming\npm\node_modules\markbind-cli\node_modules\nunjucks\src\environment.js:637:18), <anonymous>:9:5)
    at Template.getExported (C:\Users\dcsdcr\AppData\Roaming\npm\node_modules\markbind-cli\node_modules\nunjucks\src\environment.js:615:10)
2019-12-28T07:08:56.042Z - error: uncaughtException: Template render error: Template render error: Template render error: Template render error: Template render error: Template render error: (C:\repos\nus-cs2113-AY1920S2\cs2113-website\schedule\week6\tutorial.md)
  Error: cannot import 'show_week_tutorial_page' date=Sat Dec 28 2019 15:08:56 GMT+0800 (Singapore Standard Time), pid=22688, uid=null, gid=null, cwd=C:\repos\nus-cs2113-AY1920S2\cs2113-website, execPath=C:\Program Files\nodejs\node.exe, version=v10.14.2, argv=[C:\Program Files\nodejs\node.exe, C:\Users\dcsdcr\AppData\Roaming\npm\node_modules\markbind-cli\index.js, serve], rss=316932096, heapTotal=273088512, heapUsed=224569688, external=1301993, loadavg=[0, 0, 0], uptime=1394303
Template render error: (C:\repos\nus-cs2113-AY1920S2\cs2113-website\schedule\week6\tutorial.md)
  Error: cannot import 'show_week_tutorial_page'
    at Object._prettifyError (C:\Users\dcsdcr\AppData\Roaming\npm\node_modules\markbind-cli\node_modules\nunjucks\src\lib.js:36:11)
    at C:\Users\dcsdcr\AppData\Roaming\npm\node_modules\markbind-cli\node_modules\nunjucks\src\environment.js:567:19
    at eval (eval at _compile (C:\Users\dcsdcr\AppData\Roaming\npm\node_modules\markbind-cli\node_modules\nunjucks\src\environment.js:637:18), <anonymous>:16:1)
    at C:\Users\dcsdcr\AppData\Roaming\npm\node_modules\markbind-cli\node_modules\nunjucks\src\environment.js:619:9
    at eval (eval at _compile (C:\Users\dcsdcr\AppData\Roaming\npm\node_modules\markbind-cli\node_modules\nunjucks\src\environment.js:637:18), <anonymous>:350:1)
    at C:\Users\dcsdcr\AppData\Roaming\npm\node_modules\markbind-cli\node_modules\nunjucks\src\environment.js:619:9
    at eval (eval at _compile (C:\Users\dcsdcr\AppData\Roaming\npm\node_modules\markbind-cli\node_modules\nunjucks\src\environment.js:637:18), <anonymous>:1111:1)
    at C:\Users\dcsdcr\AppData\Roaming\npm\node_modules\markbind-cli\node_modules\nunjucks\src\environment.js:619:9
    at eval (eval at _compile (C:\Users\dcsdcr\AppData\Roaming\npm\node_modules\markbind-cli\node_modules\nunjucks\src\environment.js:637:18), <anonymous>:667:1)
    at C:\Users\dcsdcr\AppData\Roaming\npm\node_modules\markbind-cli\node_modules\nunjucks\src\environment.js:619:9
    at Template.root [as rootRenderFunc] (eval at _compile (C:\Users\dcsdcr\AppData\Roaming\npm\node_modules\markbind-cli\node_modules\nunjucks\src\environment.js:637:18), <anonymous>:245:1)
    at Template.getExported (C:\Users\dcsdcr\AppData\Roaming\npm\node_modules\markbind-cli\node_modules\nunjucks\src\environment.js:615:10)
    at eval (eval at _compile (C:\Users\dcsdcr\AppData\Roaming\npm\node_modules\markbind-cli\node_modules\nunjucks\src\environment.js:637:18), <anonymous>:11:5)
    at Environment.getTemplate (C:\Users\dcsdcr\AppData\Roaming\npm\node_modules\markbind-cli\node_modules\nunjucks\src\environment.js:279:9)
    at Template.root [as rootRenderFunc] (eval at _compile (C:\Users\dcsdcr\AppData\Roaming\npm\node_modules\markbind-cli\node_modules\nunjucks\src\environment.js:637:18), <anonymous>:9:5)
    at Template.getExported (C:\Users\dcsdcr\AppData\Roaming\npm\node_modules\markbind-cli\node_modules\nunjucks\src\environment.js:615:10)
2019-12-28T07:08:56.051Z - error: uncaughtException: Template render error: Template render error: Template render error: Template render error: Template render error: Template render error: (C:\repos\nus-cs2113-AY1920S2\cs2113-website\schedule\week7\tutorial.md)
  Error: cannot import 'show_week_tutorial_page' date=Sat Dec 28 2019 15:08:56 GMT+0800 (Singapore Standard Time), pid=22688, uid=null, gid=null, cwd=C:\repos\nus-cs2113-AY1920S2\cs2113-website, execPath=C:\Program Files\nodejs\node.exe, version=v10.14.2, argv=[C:\Program Files\nodejs\node.exe, C:\Users\dcsdcr\AppData\Roaming\npm\node_modules\markbind-cli\index.js, serve], rss=316985344, heapTotal=273088512, heapUsed=226885680, external=1310185, loadavg=[0, 0, 0], uptime=1394303
Template render error: (C:\repos\nus-cs2113-AY1920S2\cs2113-website\schedule\week7\tutorial.md)
  Error: cannot import 'show_week_tutorial_page'
    at Object._prettifyError (C:\Users\dcsdcr\AppData\Roaming\npm\node_modules\markbind-cli\node_modules\nunjucks\src\lib.js:36:11)
    at C:\Users\dcsdcr\AppData\Roaming\npm\node_modules\markbind-cli\node_modules\nunjucks\src\environment.js:567:19
    at eval (eval at _compile (C:\Users\dcsdcr\AppData\Roaming\npm\node_modules\markbind-cli\node_modules\nunjucks\src\environment.js:637:18), <anonymous>:16:1)
    at C:\Users\dcsdcr\AppData\Roaming\npm\node_modules\markbind-cli\node_modules\nunjucks\src\environment.js:619:9
    at eval (eval at _compile (C:\Users\dcsdcr\AppData\Roaming\npm\node_modules\markbind-cli\node_modules\nunjucks\src\environment.js:637:18), <anonymous>:350:1)
    at C:\Users\dcsdcr\AppData\Roaming\npm\node_modules\markbind-cli\node_modules\nunjucks\src\environment.js:619:9
    at eval (eval at _compile (C:\Users\dcsdcr\AppData\Roaming\npm\node_modules\markbind-cli\node_modules\nunjucks\src\environment.js:637:18), <anonymous>:1111:1)
    at C:\Users\dcsdcr\AppData\Roaming\npm\node_modules\markbind-cli\node_modules\nunjucks\src\environment.js:619:9
    at eval (eval at _compile (C:\Users\dcsdcr\AppData\Roaming\npm\node_modules\markbind-cli\node_modules\nunjucks\src\environment.js:637:18), <anonymous>:667:1)
    at C:\Users\dcsdcr\AppData\Roaming\npm\node_modules\markbind-cli\node_modules\nunjucks\src\environment.js:619:9
    at Template.root [as rootRenderFunc] (eval at _compile (C:\Users\dcsdcr\AppData\Roaming\npm\node_modules\markbind-cli\node_modules\nunjucks\src\environment.js:637:18), <anonymous>:245:1)
    at Template.getExported (C:\Users\dcsdcr\AppData\Roaming\npm\node_modules\markbind-cli\node_modules\nunjucks\src\environment.js:615:10)
    at eval (eval at _compile (C:\Users\dcsdcr\AppData\Roaming\npm\node_modules\markbind-cli\node_modules\nunjucks\src\environment.js:637:18), <anonymous>:11:5)
    at Environment.getTemplate (C:\Users\dcsdcr\AppData\Roaming\npm\node_modules\markbind-cli\node_modules\nunjucks\src\environment.js:279:9)
    at Template.root [as rootRenderFunc] (eval at _compile (C:\Users\dcsdcr\AppData\Roaming\npm\node_modules\markbind-cli\node_modules\nunjucks\src\environment.js:637:18), <anonymous>:9:5)
    at Template.getExported (C:\Users\dcsdcr\AppData\Roaming\npm\node_modules\markbind-cli\node_modules\nunjucks\src\environment.js:615:10)
2019-12-28T07:08:56.062Z - error: uncaughtException: Template render error: Template render error: Template render error: Template render error: Template render error: Template render error: (C:\repos\nus-cs2113-AY1920S2\cs2113-website\schedule\week8\tutorial.md)
  Error: cannot import 'show_week_tutorial_page' date=Sat Dec 28 2019 15:08:56 GMT+0800 (Singapore Standard Time), pid=22688, uid=null, gid=null, cwd=C:\repos\nus-cs2113-AY1920S2\cs2113-website, execPath=C:\Program Files\nodejs\node.exe, version=v10.14.2, argv=[C:\Program Files\nodejs\node.exe, C:\Users\dcsdcr\AppData\Roaming\npm\node_modules\markbind-cli\index.js, serve], rss=318492672, heapTotal=274137088, heapUsed=216252680, external=1318377, loadavg=[0, 0, 0], uptime=1394303
Template render error: (C:\repos\nus-cs2113-AY1920S2\cs2113-website\schedule\week8\tutorial.md)
  Error: cannot import 'show_week_tutorial_page'
    at Object._prettifyError (C:\Users\dcsdcr\AppData\Roaming\npm\node_modules\markbind-cli\node_modules\nunjucks\src\lib.js:36:11)
    at C:\Users\dcsdcr\AppData\Roaming\npm\node_modules\markbind-cli\node_modules\nunjucks\src\environment.js:567:19
    at eval (eval at _compile (C:\Users\dcsdcr\AppData\Roaming\npm\node_modules\markbind-cli\node_modules\nunjucks\src\environment.js:637:18), <anonymous>:16:1)
    at C:\Users\dcsdcr\AppData\Roaming\npm\node_modules\markbind-cli\node_modules\nunjucks\src\environment.js:619:9
    at eval (eval at _compile (C:\Users\dcsdcr\AppData\Roaming\npm\node_modules\markbind-cli\node_modules\nunjucks\src\environment.js:637:18), <anonymous>:350:1)
    at C:\Users\dcsdcr\AppData\Roaming\npm\node_modules\markbind-cli\node_modules\nunjucks\src\environment.js:619:9
    at eval (eval at _compile (C:\Users\dcsdcr\AppData\Roaming\npm\node_modules\markbind-cli\node_modules\nunjucks\src\environment.js:637:18), <anonymous>:1111:1)
    at C:\Users\dcsdcr\AppData\Roaming\npm\node_modules\markbind-cli\node_modules\nunjucks\src\environment.js:619:9
    at eval (eval at _compile (C:\Users\dcsdcr\AppData\Roaming\npm\node_modules\markbind-cli\node_modules\nunjucks\src\environment.js:637:18), <anonymous>:667:1)
    at C:\Users\dcsdcr\AppData\Roaming\npm\node_modules\markbind-cli\node_modules\nunjucks\src\environment.js:619:9
    at Template.root [as rootRenderFunc] (eval at _compile (C:\Users\dcsdcr\AppData\Roaming\npm\node_modules\markbind-cli\node_modules\nunjucks\src\environment.js:637:18), <anonymous>:245:1)
    at Template.getExported (C:\Users\dcsdcr\AppData\Roaming\npm\node_modules\markbind-cli\node_modules\nunjucks\src\environment.js:615:10)
    at eval (eval at _compile (C:\Users\dcsdcr\AppData\Roaming\npm\node_modules\markbind-cli\node_modules\nunjucks\src\environment.js:637:18), <anonymous>:11:5)
    at Environment.getTemplate (C:\Users\dcsdcr\AppData\Roaming\npm\node_modules\markbind-cli\node_modules\nunjucks\src\environment.js:279:9)
    at Template.root [as rootRenderFunc] (eval at _compile (C:\Users\dcsdcr\AppData\Roaming\npm\node_modules\markbind-cli\node_modules\nunjucks\src\environment.js:637:18), <anonymous>:9:5)
    at Template.getExported (C:\Users\dcsdcr\AppData\Roaming\npm\node_modules\markbind-cli\node_modules\nunjucks\src\environment.js:615:10)
2019-12-28T07:08:56.066Z - error: uncaughtException: Template render error: Template render error: Template render error: Template render error: Template render error: Template render error: (C:\repos\nus-cs2113-AY1920S2\cs2113-website\schedule\week9\tutorial.md)
  Error: cannot import 'show_week_tutorial_page' date=Sat Dec 28 2019 15:08:56 GMT+0800 (Singapore Standard Time), pid=22688, uid=null, gid=null, cwd=C:\repos\nus-cs2113-AY1920S2\cs2113-website, execPath=C:\Program Files\nodejs\node.exe, version=v10.14.2, argv=[C:\Program Files\nodejs\node.exe, C:\Users\dcsdcr\AppData\Roaming\npm\node_modules\markbind-cli\index.js, serve], rss=318500864, heapTotal=274137088, heapUsed=217008896, external=1326569, loadavg=[0, 0, 0], uptime=1394303
Template render error: (C:\repos\nus-cs2113-AY1920S2\cs2113-website\schedule\week9\tutorial.md)
  Error: cannot import 'show_week_tutorial_page'
    at Object._prettifyError (C:\Users\dcsdcr\AppData\Roaming\npm\node_modules\markbind-cli\node_modules\nunjucks\src\lib.js:36:11)
    at C:\Users\dcsdcr\AppData\Roaming\npm\node_modules\markbind-cli\node_modules\nunjucks\src\environment.js:567:19
    at eval (eval at _compile (C:\Users\dcsdcr\AppData\Roaming\npm\node_modules\markbind-cli\node_modules\nunjucks\src\environment.js:637:18), <anonymous>:16:1)
    at C:\Users\dcsdcr\AppData\Roaming\npm\node_modules\markbind-cli\node_modules\nunjucks\src\environment.js:619:9
    at eval (eval at _compile (C:\Users\dcsdcr\AppData\Roaming\npm\node_modules\markbind-cli\node_modules\nunjucks\src\environment.js:637:18), <anonymous>:350:1)
    at C:\Users\dcsdcr\AppData\Roaming\npm\node_modules\markbind-cli\node_modules\nunjucks\src\environment.js:619:9
    at eval (eval at _compile (C:\Users\dcsdcr\AppData\Roaming\npm\node_modules\markbind-cli\node_modules\nunjucks\src\environment.js:637:18), <anonymous>:1111:1)
    at C:\Users\dcsdcr\AppData\Roaming\npm\node_modules\markbind-cli\node_modules\nunjucks\src\environment.js:619:9
    at eval (eval at _compile (C:\Users\dcsdcr\AppData\Roaming\npm\node_modules\markbind-cli\node_modules\nunjucks\src\environment.js:637:18), <anonymous>:667:1)
    at C:\Users\dcsdcr\AppData\Roaming\npm\node_modules\markbind-cli\node_modules\nunjucks\src\environment.js:619:9
    at Template.root [as rootRenderFunc] (eval at _compile (C:\Users\dcsdcr\AppData\Roaming\npm\node_modules\markbind-cli\node_modules\nunjucks\src\environment.js:637:18), <anonymous>:245:1)
    at Template.getExported (C:\Users\dcsdcr\AppData\Roaming\npm\node_modules\markbind-cli\node_modules\nunjucks\src\environment.js:615:10)
    at eval (eval at _compile (C:\Users\dcsdcr\AppData\Roaming\npm\node_modules\markbind-cli\node_modules\nunjucks\src\environment.js:637:18), <anonymous>:11:5)
    at Environment.getTemplate (C:\Users\dcsdcr\AppData\Roaming\npm\node_modules\markbind-cli\node_modules\nunjucks\src\environment.js:279:9)
    at Template.root [as rootRenderFunc] (eval at _compile (C:\Users\dcsdcr\AppData\Roaming\npm\node_modules\markbind-cli\node_modules\nunjucks\src\environment.js:637:18), <anonymous>:9:5)
    at Template.getExported (C:\Users\dcsdcr\AppData\Roaming\npm\node_modules\markbind-cli\node_modules\nunjucks\src\environment.js:615:10)
2019-12-28T07:13:31.183Z - info: Website generation started at 3:13:29 PM
2019-12-28T07:13:33.250Z - info: Building assets...
2019-12-28T07:13:34.911Z - info: Assets built
2019-12-28T07:13:34.911Z - info: Generating pages...
2019-12-28T07:14:15.349Z - debug: The process cannot access the file because it is being used by another process.

2019-12-28T07:14:15.350Z - debug: The process cannot access the file because it is being used by another process.

2019-12-28T07:14:15.350Z - debug: The process cannot access the file because it is being used by another process.

2019-12-28T07:14:15.383Z - debug: The process cannot access the file because it is being used by another process.

2019-12-28T07:14:15.383Z - debug: The process cannot access the file because it is being used by another process.

2019-12-28T07:14:15.384Z - debug: The process cannot access the file because it is being used by another process.

2019-12-28T07:14:15.384Z - debug: The process cannot access the file because it is being used by another process.

2019-12-28T07:14:15.384Z - debug: The process cannot access the file because it is being used by another process.

2019-12-28T07:14:15.385Z - debug: The process cannot access the file because it is being used by another process.

2019-12-28T07:14:15.393Z - debug: The process cannot access the file because it is being used by another process.

2019-12-28T07:14:15.665Z - debug: The process cannot access the file because it is being used by another process.

2019-12-28T07:14:19.115Z - debug:  
2019-12-28T07:14:19.116Z - debug:  
2019-12-28T07:14:19.116Z - debug:  
2019-12-28T07:14:19.116Z - debug:  
2019-12-28T07:15:06.153Z - info: Pages built
2019-12-28T07:15:21.538Z - info: Website generation complete! Total build time: 111.652s
2019-12-28T07:15:21.882Z - info: Serving "C:\repos\nus-cs2113-AY1920S2\cs2113-website\_site" at http://127.0.0.1:8080
2019-12-28T07:15:21.883Z - info: Press CTRL+C to stop ...
2019-12-28T07:15:21.984Z - info: Site data built
2019-12-28T07:16:56.377Z - info: [3:16:56 PM] Reload for file change: C:\repos\nus-cs2113-AY1920S2\cs2113-website\schedule\index.md
2019-12-28T07:16:57.383Z - info: Rebuilding affected source files
2019-12-28T07:16:57.384Z - info: Rebuilding 1 pages
2019-12-28T07:16:57.611Z - info: Pages rebuilt
2019-12-28T07:16:57.621Z - info: Site data built
2019-12-28T07:18:11.736Z - info: Website generation started at 3:18:10 PM
2019-12-28T07:18:13.814Z - info: Building assets...
2019-12-28T07:18:15.426Z - info: Assets built
2019-12-28T07:18:15.426Z - info: Generating pages...
2019-12-28T07:18:15.428Z - warn:  Error: schedule/week12/ is not specified in the site configuration.
    at Site.generatePages (C:\Users\dcsdcr\AppData\Roaming\npm\node_modules\markbind-cli\src\Site.js:784:29)
    at Promise (C:\Users\dcsdcr\AppData\Roaming\npm\node_modules\markbind-cli\src\Site.js:547:10)
    at Promise._execute (C:\Users\dcsdcr\AppData\Roaming\npm\node_modules\markbind-cli\node_modules\bluebird\js\release\debuggability.js:384:9)
    at Promise._resolveFromExecutor (C:\Users\dcsdcr\AppData\Roaming\npm\node_modules\markbind-cli\node_modules\bluebird\js\release\promise.js:518:18)
    at new Promise (C:\Users\dcsdcr\AppData\Roaming\npm\node_modules\markbind-cli\node_modules\bluebird\js\release\promise.js:103:10)
    at Site.buildSourceFiles (C:\Users\dcsdcr\AppData\Roaming\npm\node_modules\markbind-cli\src\Site.js:545:10)
    at readSiteConfig.then.then.then.then.then.then (C:\Users\dcsdcr\AppData\Roaming\npm\node_modules\markbind-cli\src\Site.js:524:24)
    at tryCatcher (C:\Users\dcsdcr\AppData\Roaming\npm\node_modules\markbind-cli\node_modules\bluebird\js\release\util.js:16:23)
    at Promise._settlePromiseFromHandler (C:\Users\dcsdcr\AppData\Roaming\npm\node_modules\markbind-cli\node_modules\bluebird\js\release\promise.js:547:31)
    at Promise._settlePromise (C:\Users\dcsdcr\AppData\Roaming\npm\node_modules\markbind-cli\node_modules\bluebird\js\release\promise.js:604:18)
    at Promise._settlePromise0 (C:\Users\dcsdcr\AppData\Roaming\npm\node_modules\markbind-cli\node_modules\bluebird\js\release\promise.js:649:10)
    at Promise._settlePromises (C:\Users\dcsdcr\AppData\Roaming\npm\node_modules\markbind-cli\node_modules\bluebird\js\release\promise.js:729:18)
    at _drainQueueStep (C:\Users\dcsdcr\AppData\Roaming\npm\node_modules\markbind-cli\node_modules\bluebird\js\release\async.js:93:12)
    at _drainQueue (C:\Users\dcsdcr\AppData\Roaming\npm\node_modules\markbind-cli\node_modules\bluebird\js\release\async.js:86:9)
    at Async._drainQueues (C:\Users\dcsdcr\AppData\Roaming\npm\node_modules\markbind-cli\node_modules\bluebird\js\release\async.js:102:5)
    at Immediate.Async.drainQueues [as _onImmediate] (C:\Users\dcsdcr\AppData\Roaming\npm\node_modules\markbind-cli\node_modules\bluebird\js\release\async.js:15:14)
2019-12-28T07:18:15.588Z - warn:  Error: schedule/week12/ is not specified in the site configuration.
    at Site.generatePages (C:\Users\dcsdcr\AppData\Roaming\npm\node_modules\markbind-cli\src\Site.js:784:29)
    at Promise (C:\Users\dcsdcr\AppData\Roaming\npm\node_modules\markbind-cli\src\Site.js:547:10)
    at Promise._execute (C:\Users\dcsdcr\AppData\Roaming\npm\node_modules\markbind-cli\node_modules\bluebird\js\release\debuggability.js:384:9)
    at Promise._resolveFromExecutor (C:\Users\dcsdcr\AppData\Roaming\npm\node_modules\markbind-cli\node_modules\bluebird\js\release\promise.js:518:18)
    at new Promise (C:\Users\dcsdcr\AppData\Roaming\npm\node_modules\markbind-cli\node_modules\bluebird\js\release\promise.js:103:10)
    at Site.buildSourceFiles (C:\Users\dcsdcr\AppData\Roaming\npm\node_modules\markbind-cli\src\Site.js:545:10)
    at readSiteConfig.then.then.then.then.then.then (C:\Users\dcsdcr\AppData\Roaming\npm\node_modules\markbind-cli\src\Site.js:524:24)
    at tryCatcher (C:\Users\dcsdcr\AppData\Roaming\npm\node_modules\markbind-cli\node_modules\bluebird\js\release\util.js:16:23)
    at Promise._settlePromiseFromHandler (C:\Users\dcsdcr\AppData\Roaming\npm\node_modules\markbind-cli\node_modules\bluebird\js\release\promise.js:547:31)
    at Promise._settlePromise (C:\Users\dcsdcr\AppData\Roaming\npm\node_modules\markbind-cli\node_modules\bluebird\js\release\promise.js:604:18)
    at Promise._settlePromise0 (C:\Users\dcsdcr\AppData\Roaming\npm\node_modules\markbind-cli\node_modules\bluebird\js\release\promise.js:649:10)
    at Promise._settlePromises (C:\Users\dcsdcr\AppData\Roaming\npm\node_modules\markbind-cli\node_modules\bluebird\js\release\promise.js:729:18)
    at _drainQueueStep (C:\Users\dcsdcr\AppData\Roaming\npm\node_modules\markbind-cli\node_modules\bluebird\js\release\async.js:93:12)
    at _drainQueue (C:\Users\dcsdcr\AppData\Roaming\npm\node_modules\markbind-cli\node_modules\bluebird\js\release\async.js:86:9)
    at Async._drainQueues (C:\Users\dcsdcr\AppData\Roaming\npm\node_modules\markbind-cli\node_modules\bluebird\js\release\async.js:102:5)
    at Immediate.Async.drainQueues [as _onImmediate] (C:\Users\dcsdcr\AppData\Roaming\npm\node_modules\markbind-cli\node_modules\bluebird\js\release\async.js:15:14)
2019-12-28T07:18:15.589Z - error: schedule/week12/ is not specified in the site configuration.
2019-12-28T07:18:26.591Z - info: Website generation started at 3:18:26 PM
2019-12-28T07:18:28.706Z - info: Building assets...
2019-12-28T07:18:30.240Z - info: Assets built
2019-12-28T07:18:30.240Z - info: Generating pages...
2019-12-28T07:18:31.048Z - info: Pages built
2019-12-28T07:18:31.187Z - info: Website generation complete! Total build time: 4.603s
2019-12-28T07:18:31.522Z - info: Serving "C:\repos\nus-cs2113-AY1920S2\cs2113-website\_site" at http://127.0.0.1:8080
2019-12-28T07:18:31.522Z - info: Press CTRL+C to stop ...
2019-12-28T07:18:31.550Z - info: Site data built
2019-12-28T07:19:20.947Z - info: [3:19:20 PM] Reload for file change: C:\repos\nus-cs2113-AY1920S2\cs2113-website\schedule\index.md
2019-12-28T07:19:21.965Z - info: Rebuilding affected source files
2019-12-28T07:19:21.966Z - info: Rebuilding 0 pages
2019-12-28T07:19:21.966Z - info: Pages rebuilt
2019-12-28T07:19:21.972Z - info: Site data built
2019-12-28T07:19:31.937Z - info: Website generation started at 3:19:31 PM
2019-12-28T07:19:33.975Z - info: Building assets...
2019-12-28T07:19:35.407Z - info: Assets built
2019-12-28T07:19:35.407Z - info: Generating pages...
2019-12-28T07:19:36.232Z - info: Pages built
2019-12-28T07:19:36.364Z - info: Website generation complete! Total build time: 4.991s
2019-12-28T07:19:36.692Z - info: Serving "C:\repos\nus-cs2113-AY1920S2\cs2113-website\_site" at http://127.0.0.1:8080
2019-12-28T07:19:36.692Z - info: Press CTRL+C to stop ...
2019-12-28T07:19:36.718Z - info: Site data built
2019-12-28T07:20:18.161Z - info: Website generation started at 3:20:17 PM
2019-12-28T07:20:20.248Z - info: Building assets...
2019-12-28T07:20:21.741Z - info: Assets built
2019-12-28T07:20:21.742Z - info: Generating pages...
2019-12-28T07:21:03.079Z - debug: The process cannot access the file because it is being used by another process.

2019-12-28T07:21:03.079Z - debug: The process cannot access the file because it is being used by another process.

2019-12-28T07:21:03.102Z - debug: The process cannot access the file because it is being used by another process.

2019-12-28T07:21:03.104Z - debug: The process cannot access the file because it is being used by another process.

2019-12-28T07:21:03.111Z - debug: The process cannot access the file because it is being used by another process.

2019-12-28T07:21:03.112Z - debug: The process cannot access the file because it is being used by another process.

2019-12-28T07:21:03.112Z - debug: The process cannot access the file because it is being used by another process.

2019-12-28T07:21:03.112Z - debug: The process cannot access the file because it is being used by another process.

2019-12-28T07:21:03.112Z - debug: The process cannot access the file because it is being used by another process.

2019-12-28T07:21:03.112Z - debug: The process cannot access the file because it is being used by another process.

2019-12-28T07:21:03.954Z - debug: The process cannot access the file because it is being used by another process.

2019-12-28T07:21:07.396Z - debug:  
2019-12-28T07:21:07.396Z - debug:  
2019-12-28T07:21:07.397Z - debug:  
2019-12-28T07:21:07.873Z - debug:  
2019-12-28T07:21:58.456Z - info: Pages built
2019-12-28T07:22:14.197Z - info: Website generation complete! Total build time: 116.548s
2019-12-28T07:22:14.577Z - info: Serving "C:\repos\nus-cs2113-AY1920S2\cs2113-website\_site" at http://127.0.0.1:8080
2019-12-28T07:22:14.577Z - info: Press CTRL+C to stop ...
2019-12-28T07:22:14.693Z - info: Site data built
2019-12-28T07:23:26.947Z - info: [3:23:26 PM] Reload for file change: C:\repos\nus-cs2113-AY1920S2\cs2113-website\schedule\week3\tutorial-cs2103.mbdf
2019-12-28T07:23:27.949Z - info: Rebuilding affected source files
2019-12-28T07:23:27.952Z - info: Rebuilding 1 pages
2019-12-28T07:23:28.492Z - info: Pages rebuilt
2019-12-28T07:23:28.505Z - info: Site data built
2019-12-28T07:45:07.907Z - info: Website generation started at 3:45:06 PM
2019-12-28T07:45:10.099Z - info: Building assets...
2019-12-28T07:45:11.895Z - info: Assets built
2019-12-28T07:45:11.895Z - info: Generating pages...
2019-12-28T07:45:17.097Z - error:  Template render error: (C:\repos\nus-cs2113-AY1920S2\cs2113-website\schedule\week2\project-cs2103.mbdf)
  Error: Unable to call `show_week_pagetop`, which is undefined or falsey
    at Object._prettifyError (C:\Users\dcsdcr\AppData\Roaming\npm\node_modules\markbind-cli\node_modules\nunjucks\src\lib.js:36:11)
    at C:\Users\dcsdcr\AppData\Roaming\npm\node_modules\markbind-cli\node_modules\nunjucks\src\environment.js:567:19
    at eval (eval at _compile (C:\Users\dcsdcr\AppData\Roaming\npm\node_modules\markbind-cli\node_modules\nunjucks\src\environment.js:637:18), <anonymous>:29:11)
    at C:\Users\dcsdcr\AppData\Roaming\npm\node_modules\markbind-cli\node_modules\nunjucks\src\environment.js:617:9
    at eval (eval at _compile (C:\Users\dcsdcr\AppData\Roaming\npm\node_modules\markbind-cli\node_modules\nunjucks\src\environment.js:637:18), <anonymous>:13:11)
    at C:\Users\dcsdcr\AppData\Roaming\npm\node_modules\markbind-cli\node_modules\nunjucks\src\environment.js:617:9
    at eval (eval at _compile (C:\Users\dcsdcr\AppData\Roaming\npm\node_modules\markbind-cli\node_modules\nunjucks\src\environment.js:637:18), <anonymous>:18:11)
    at C:\Users\dcsdcr\AppData\Roaming\npm\node_modules\markbind-cli\node_modules\nunjucks\src\environment.js:617:9
    at eval (eval at _compile (C:\Users\dcsdcr\AppData\Roaming\npm\node_modules\markbind-cli\node_modules\nunjucks\src\environment.js:637:18), <anonymous>:12:11)
    at C:\Users\dcsdcr\AppData\Roaming\npm\node_modules\markbind-cli\node_modules\nunjucks\src\environment.js:617:9
    at Template.root [as rootRenderFunc] (eval at _compile (C:\Users\dcsdcr\AppData\Roaming\npm\node_modules\markbind-cli\node_modules\nunjucks\src\environment.js:637:18), <anonymous>:249:3)
    at Template.getExported (C:\Users\dcsdcr\AppData\Roaming\npm\node_modules\markbind-cli\node_modules\nunjucks\src\environment.js:615:10)
    at eval (eval at _compile (C:\Users\dcsdcr\AppData\Roaming\npm\node_modules\markbind-cli\node_modules\nunjucks\src\environment.js:637:18), <anonymous>:11:5)
    at Environment.getTemplate (C:\Users\dcsdcr\AppData\Roaming\npm\node_modules\markbind-cli\node_modules\nunjucks\src\environment.js:279:9)
    at Template.root [as rootRenderFunc] (eval at _compile (C:\Users\dcsdcr\AppData\Roaming\npm\node_modules\markbind-cli\node_modules\nunjucks\src\environment.js:637:18), <anonymous>:9:5)
    at Template.getExported (C:\Users\dcsdcr\AppData\Roaming\npm\node_modules\markbind-cli\node_modules\nunjucks\src\environment.js:615:10)
2019-12-28T07:46:25.953Z - info: Website generation started at 3:46:25 PM
2019-12-28T07:46:28.169Z - info: Building assets...
2019-12-28T07:46:29.900Z - info: Assets built
2019-12-28T07:46:29.901Z - info: Generating pages...
2019-12-28T07:47:08.661Z - debug: The process cannot access the file because it is being used by another process.

2019-12-28T07:47:08.828Z - debug: The process cannot access the file because it is being used by another process.

2019-12-28T07:47:08.829Z - debug: The process cannot access the file because it is being used by another process.

2019-12-28T07:47:08.830Z - debug: The process cannot access the file because it is being used by another process.

2019-12-28T07:47:08.830Z - debug: The process cannot access the file because it is being used by another process.

2019-12-28T07:47:08.831Z - debug: The process cannot access the file because it is being used by another process.

2019-12-28T07:47:08.833Z - debug: The process cannot access the file because it is being used by another process.

2019-12-28T07:47:08.833Z - debug: The process cannot access the file because it is being used by another process.

2019-12-28T07:47:08.834Z - debug: The process cannot access the file because it is being used by another process.

2019-12-28T07:47:08.834Z - debug: The process cannot access the file because it is being used by another process.

2019-12-28T07:47:08.901Z - debug: The process cannot access the file because it is being used by another process.

2019-12-28T07:47:12.279Z - debug:  
2019-12-28T07:47:12.279Z - debug:  
2019-12-28T07:47:12.279Z - debug:  
2019-12-28T07:47:13.121Z - debug:  
2019-12-28T07:48:00.544Z - info: Pages built
2019-12-28T07:48:15.869Z - info: Website generation complete! Total build time: 110.475s
2019-12-28T07:48:16.211Z - info: Serving "C:\repos\nus-cs2113-AY1920S2\cs2113-website\_site" at http://127.0.0.1:8080
2019-12-28T07:48:16.211Z - info: Press CTRL+C to stop ...
2019-12-28T07:48:16.320Z - info: Site data built
2019-12-28T08:00:34.673Z - info: [4:00:34 PM] Reload for file add: C:\repos\nus-cs2113-AY1920S2\cs2113-website\schedule\studentData-cs2103.njk
2019-12-28T08:00:34.780Z - info: [4:00:34 PM] Reload for file deletion: C:\repos\nus-cs2113-AY1920S2\cs2113-website\schedule\studentData.njk
2019-12-28T08:00:35.681Z - info: Assets built
2019-12-28T08:00:35.784Z - info: Assets removed
2019-12-28T08:00:39.042Z - info: [4:00:39 PM] Reload for file change: C:\repos\nus-cs2113-AY1920S2\cs2113-website\schedule\week5\tutorial-cs2103.mbdf
2019-12-28T08:00:39.049Z - info: [4:00:39 PM] Reload for file change: C:\repos\nus-cs2113-AY1920S2\cs2113-website\schedule\week7\tutorial-cs2103.mbdf
2019-12-28T08:00:39.056Z - info: [4:00:39 PM] Reload for file change: C:\repos\nus-cs2113-AY1920S2\cs2113-website\schedule\week10\tutorial-cs2103.mbdf
2019-12-28T08:00:40.045Z - info: Rebuilding affected source files
2019-12-28T08:00:40.047Z - info: Rebuilding 3 pages
2019-12-28T08:02:49.136Z - info: Website generation started at 4:02:47 PM
2019-12-28T08:02:51.315Z - info: Building assets...
2019-12-28T08:02:53.305Z - info: Assets built
2019-12-28T08:02:53.307Z - info: Generating pages...
2019-12-28T08:03:30.159Z - debug: The process cannot access the file because it is being used by another process.

2019-12-28T08:03:30.159Z - debug: The process cannot access the file because it is being used by another process.

2019-12-28T08:03:30.159Z - debug: The process cannot access the file because it is being used by another process.

2019-12-28T08:03:30.171Z - debug: The process cannot access the file because it is being used by another process.

2019-12-28T08:03:30.172Z - debug: The process cannot access the file because it is being used by another process.

2019-12-28T08:03:30.172Z - debug: The process cannot access the file because it is being used by another process.

2019-12-28T08:03:30.172Z - debug: The process cannot access the file because it is being used by another process.

2019-12-28T08:03:30.172Z - debug: The process cannot access the file because it is being used by another process.

2019-12-28T08:03:30.178Z - debug: The process cannot access the file because it is being used by another process.

2019-12-28T08:03:30.178Z - debug: The process cannot access the file because it is being used by another process.

2019-12-28T08:03:30.262Z - debug: The process cannot access the file because it is being used by another process.

2019-12-28T08:03:34.716Z - debug:  
2019-12-28T08:03:34.716Z - debug:  
2019-12-28T08:03:34.716Z - debug:  
2019-12-28T08:03:34.716Z - debug:  
2019-12-28T08:04:18.759Z - info: Pages built
2019-12-28T08:04:33.492Z - info: Website generation complete! Total build time: 105.554s
2019-12-28T08:04:33.826Z - info: Serving "C:\repos\nus-cs2113-AY1920S2\cs2113-website\_site" at http://127.0.0.1:8080
2019-12-28T08:04:33.826Z - info: Press CTRL+C to stop ...
2019-12-28T08:04:33.925Z - info: Site data built
2019-12-28T08:10:42.266Z - info: Website generation started at 4:10:40 PM
2019-12-28T08:10:44.367Z - info: Building assets...
2019-12-28T08:10:46.017Z - info: Assets built
2019-12-28T08:10:46.018Z - info: Generating pages...
2019-12-28T08:11:23.616Z - debug: The process cannot access the file because it is being used by another process.

2019-12-28T08:11:23.617Z - debug: The process cannot access the file because it is being used by another process.

2019-12-28T08:11:23.618Z - debug: The process cannot access the file because it is being used by another process.

2019-12-28T08:11:23.627Z - debug: The process cannot access the file because it is being used by another process.

2019-12-28T08:11:23.627Z - debug: The process cannot access the file because it is being used by another process.

2019-12-28T08:11:23.627Z - debug: The process cannot access the file because it is being used by another process.

2019-12-28T08:11:23.628Z - debug: The process cannot access the file because it is being used by another process.

2019-12-28T08:11:23.628Z - debug: The process cannot access the file because it is being used by another process.

2019-12-28T08:11:23.628Z - debug: The process cannot access the file because it is being used by another process.

2019-12-28T08:11:23.629Z - debug: The process cannot access the file because it is being used by another process.

2019-12-28T08:11:24.616Z - debug: The process cannot access the file because it is being used by another process.

2019-12-28T08:11:26.480Z - debug:  
2019-12-28T08:11:26.480Z - debug:  
2019-12-28T08:11:26.480Z - debug:  
2019-12-28T08:11:28.532Z - debug:  
2019-12-28T08:12:13.886Z - info: Pages built
2019-12-28T08:12:28.515Z - info: Website generation complete! Total build time: 107.546s
2019-12-28T08:12:28.853Z - info: Serving "C:\repos\nus-cs2113-AY1920S2\cs2113-website\_site" at http://127.0.0.1:8080
2019-12-28T08:12:28.853Z - info: Press CTRL+C to stop ...
2019-12-28T08:12:28.957Z - info: Site data built
2019-12-28T08:50:16.823Z - info: Website generation started at 4:50:15 PM
2019-12-28T08:50:19.262Z - info: Building assets...
2019-12-28T08:50:21.259Z - info: Assets built
2019-12-28T08:50:21.259Z - info: Generating pages...
2019-12-28T08:50:25.326Z - info: Pages built
2019-12-28T08:50:25.663Z - info: Website generation complete! Total build time: 10.073s
2019-12-28T08:50:26.038Z - info: Serving "C:\repos\nus-cs2113-AY1920S2\cs2113-website\_site" at http://127.0.0.1:8080
2019-12-28T08:50:26.038Z - info: Press CTRL+C to stop ...
2019-12-28T08:50:26.132Z - info: Site data built
2019-12-28T09:02:03.390Z - info: [5:02:03 PM] Reload for file change: C:\repos\nus-cs2113-AY1920S2\cs2113-website\schedule\index.md
2019-12-28T09:02:04.391Z - info: Rebuilding affected source files
2019-12-28T09:02:04.391Z - info: Rebuilding 0 pages
2019-12-28T09:02:04.392Z - info: Pages rebuilt
2019-12-28T09:02:04.397Z - info: Site data built
2019-12-28T09:02:17.256Z - info: Website generation started at 5:02:16 PM
2019-12-28T09:02:19.448Z - info: Building assets...
2019-12-28T09:02:21.163Z - info: Assets built
2019-12-28T09:02:21.164Z - info: Generating pages...
2019-12-28T09:02:24.782Z - info: Pages built
2019-12-28T09:02:25.083Z - info: Website generation complete! Total build time: 8.365s
2019-12-28T09:02:25.432Z - info: Serving "C:\repos\nus-cs2113-AY1920S2\cs2113-website\_site" at http://127.0.0.1:8080
2019-12-28T09:02:25.432Z - info: Press CTRL+C to stop ...
2019-12-28T09:02:25.525Z - info: Site data built
2019-12-28T09:29:54.095Z - info: [5:29:54 PM] Reload for file change: C:\repos\nus-cs2113-AY1920S2\cs2113-website\schedule\index.md
2019-12-28T09:29:55.117Z - info: Rebuilding affected source files
2019-12-28T09:29:55.118Z - info: Rebuilding 0 pages
2019-12-28T09:29:55.118Z - info: Pages rebuilt
2019-12-28T09:29:55.125Z - info: Site data built
2019-12-28T09:34:47.152Z - info: Website generation started at 5:34:46 PM
2019-12-28T09:34:49.510Z - info: Building assets...
2019-12-28T09:34:51.590Z - info: Assets built
2019-12-28T09:34:51.590Z - info: Generating pages...
2019-12-28T09:34:55.513Z - info: Pages built
2019-12-28T09:34:55.845Z - info: Website generation complete! Total build time: 9.346s
2019-12-28T09:34:56.215Z - info: Serving "C:\repos\nus-cs2113-AY1920S2\cs2113-website\_site" at http://127.0.0.1:8080
2019-12-28T09:34:56.215Z - info: Press CTRL+C to stop ...
2019-12-28T09:34:56.306Z - info: Site data built
2019-12-28T10:05:00.688Z - info: Website generation started at 6:05:00 PM
2019-12-28T10:05:03.020Z - info: Building assets...
2019-12-28T10:05:04.764Z - info: Assets built
2019-12-28T10:05:04.765Z - info: Generating pages...
2019-12-28T10:05:44.263Z - debug: The process cannot access the file because it is being used by another process.

2019-12-28T10:05:44.263Z - debug: The process cannot access the file because it is being used by another process.

2019-12-28T10:05:44.264Z - debug: The process cannot access the file because it is being used by another process.

2019-12-28T10:05:44.264Z - debug: The process cannot access the file because it is being used by another process.

2019-12-28T10:05:44.264Z - debug: The process cannot access the file because it is being used by another process.

2019-12-28T10:05:44.264Z - debug: The process cannot access the file because it is being used by another process.

2019-12-28T10:05:44.265Z - debug: The process cannot access the file because it is being used by another process.

2019-12-28T10:05:44.265Z - debug: The process cannot access the file because it is being used by another process.

2019-12-28T10:05:44.287Z - debug: The process cannot access the file because it is being used by another process.

2019-12-28T10:05:44.287Z - debug: The process cannot access the file because it is being used by another process.

2019-12-28T10:05:44.288Z - debug: The process cannot access the file because it is being used by another process.

2019-12-28T10:05:49.236Z - debug:  
2019-12-28T10:05:49.236Z - debug:  
2019-12-28T10:05:49.236Z - debug:  
2019-12-28T10:05:49.237Z - debug:  
2019-12-28T10:06:36.218Z - info: Pages built
2019-12-28T10:06:52.298Z - info: Website generation complete! Total build time: 112.155s
2019-12-28T10:06:52.644Z - info: Serving "C:\repos\nus-cs2113-AY1920S2\cs2113-website\_site" at http://127.0.0.1:8080
2019-12-28T10:06:52.644Z - info: Press CTRL+C to stop ...
2019-12-28T10:06:52.751Z - info: Site data built
2019-12-28T10:07:51.623Z - info: [6:07:51 PM] Reload for file change: C:\repos\nus-cs2113-AY1920S2\cs2113-website\book\cppToJava\gettingStarted\helloWorld\text.md
2019-12-28T10:07:52.625Z - info: Rebuilding affected source files
2019-12-28T10:07:52.629Z - info: Rebuilding 9 pages
2019-12-28T10:08:02.797Z - info: Pages rebuilt
2019-12-28T10:08:02.824Z - info: Site data built
2019-12-28T10:08:45.109Z - info: [6:08:45 PM] Reload for file change: C:\repos\nus-cs2113-AY1920S2\cs2113-website\book\cppToJava\gettingStarted\helloWorld\text.md
2019-12-28T10:08:46.110Z - info: Rebuilding affected source files
2019-12-28T10:08:46.113Z - info: Rebuilding 9 pages
2019-12-28T10:08:56.041Z - info: Pages rebuilt
2019-12-28T10:08:56.063Z - info: Site data built
2019-12-28T10:09:18.751Z - info: [6:09:18 PM] Reload for file change: C:\repos\nus-cs2113-AY1920S2\cs2113-website\book\cppToJava\gettingStarted\helloWorld\text.md
2019-12-28T10:09:19.753Z - info: Rebuilding affected source files
2019-12-28T10:09:19.756Z - info: Rebuilding 9 pages
2019-12-28T10:09:29.828Z - info: Pages rebuilt
2019-12-28T10:09:29.841Z - info: Site data built
2019-12-28T10:10:37.697Z - info: [6:10:37 PM] Reload for file change: C:\repos\nus-cs2113-AY1920S2\cs2113-website\book\cppToJava\gettingStarted\helloWorld\text.md
2019-12-28T10:10:38.699Z - info: Rebuilding affected source files
2019-12-28T10:10:38.701Z - info: Rebuilding 9 pages
2019-12-28T10:10:48.937Z - info: Pages rebuilt
2019-12-28T10:10:48.948Z - info: Site data built
2019-12-28T10:14:07.180Z - info: [6:14:07 PM] Reload for file change: C:\repos\nus-cs2113-AY1920S2\cs2113-website\book\cppToJava\gettingStarted\running\q-runHelloWorld.md
2019-12-28T10:14:08.182Z - info: Rebuilding affected source files
2019-12-28T10:14:08.184Z - info: Rebuilding 5 pages
2019-12-28T10:14:14.537Z - info: Pages rebuilt
2019-12-28T10:14:14.547Z - info: Site data built
2019-12-28T10:31:50.209Z - info: [6:31:50 PM] Reload for file change: C:\repos\nus-cs2113-AY1920S2\cs2113-website\schedule\index.md
2019-12-28T10:31:51.211Z - info: Rebuilding affected source files
2019-12-28T10:31:51.213Z - info: Rebuilding 1 pages
2019-12-28T10:31:51.638Z - info: Pages rebuilt
2019-12-28T10:31:51.647Z - info: Site data built
2019-12-28T10:32:03.309Z - info: Website generation started at 6:32:01 PM
2019-12-28T10:32:05.757Z - info: Building assets...
2019-12-28T10:32:07.653Z - info: Assets built
2019-12-28T10:32:07.653Z - info: Generating pages...
2019-12-28T10:32:48.380Z - debug: The process cannot access the file because it is being used by another process.

2019-12-28T10:32:48.381Z - debug: The process cannot access the file because it is being used by another process.

2019-12-28T10:32:48.381Z - debug: The process cannot access the file because it is being used by another process.

2019-12-28T10:32:48.462Z - debug: The process cannot access the file because it is being used by another process.

2019-12-28T10:32:48.462Z - debug: The process cannot access the file because it is being used by another process.

2019-12-28T10:32:48.463Z - debug: The process cannot access the file because it is being used by another process.

2019-12-28T10:32:48.464Z - debug: The process cannot access the file because it is being used by another process.

2019-12-28T10:32:48.465Z - debug: The process cannot access the file because it is being used by another process.

2019-12-28T10:32:48.466Z - debug: The process cannot access the file because it is being used by another process.

2019-12-28T10:32:48.466Z - debug: The process cannot access the file because it is being used by another process.

2019-12-28T10:32:48.526Z - debug: The process cannot access the file because it is being used by another process.

2019-12-28T10:32:52.982Z - debug:  
2019-12-28T10:32:52.982Z - debug:  
2019-12-28T10:32:55.427Z - debug:  
2019-12-28T10:32:55.427Z - debug:  
2019-12-28T10:33:41.722Z - info: Pages built
2019-12-28T10:33:57.846Z - info: Website generation complete! Total build time: 115.913s
2019-12-28T10:33:58.200Z - info: Serving "C:\repos\nus-cs2113-AY1920S2\cs2113-website\_site" at http://127.0.0.1:8080
2019-12-28T10:33:58.200Z - info: Press CTRL+C to stop ...
2019-12-28T10:33:58.302Z - info: Site data built
2019-12-28T10:37:16.019Z - info: [6:37:16 PM] Reload for file change: C:\repos\nus-cs2113-AY1920S2\cs2113-website\schedule\index.md
2019-12-28T10:37:17.023Z - info: Rebuilding affected source files
2019-12-28T10:37:17.028Z - info: Rebuilding 1 pages
2019-12-28T10:37:17.625Z - info: Pages rebuilt
2019-12-28T10:37:17.636Z - info: Site data built
2019-12-28T10:38:41.438Z - info: [6:38:41 PM] Reload for file change: C:\repos\nus-cs2113-AY1920S2\cs2113-website\schedule\index.md
2019-12-28T10:38:42.439Z - info: Rebuilding affected source files
2019-12-28T10:38:42.440Z - info: Rebuilding 1 pages
2019-12-28T10:38:42.792Z - info: Pages rebuilt
2019-12-28T10:38:42.806Z - info: Site data built
2019-12-28T10:40:02.620Z - info: [6:40:02 PM] Reload for file change: C:\repos\nus-cs2113-AY1920S2\cs2113-website\schedule\index.md
2019-12-28T10:40:03.621Z - info: Rebuilding affected source files
2019-12-28T10:40:03.623Z - info: Rebuilding 1 pages
2019-12-28T10:40:14.402Z - info: Website generation started at 6:40:13 PM
2019-12-28T10:40:16.646Z - info: Building assets...
2019-12-28T10:40:18.389Z - info: Assets built
2019-12-28T10:40:18.389Z - info: Generating pages...
2019-12-28T10:40:58.120Z - debug: The process cannot access the file because it is being used by another process.

2019-12-28T10:40:58.165Z - debug: The process cannot access the file because it is being used by another process.

2019-12-28T10:40:58.165Z - debug: The process cannot access the file because it is being used by another process.

2019-12-28T10:40:58.166Z - debug: The process cannot access the file because it is being used by another process.

2019-12-28T10:40:58.166Z - debug: The process cannot access the file because it is being used by another process.

2019-12-28T10:40:58.167Z - debug: The process cannot access the file because it is being used by another process.

2019-12-28T10:40:58.167Z - debug: The process cannot access the file because it is being used by another process.

2019-12-28T10:40:58.168Z - debug: The process cannot access the file because it is being used by another process.

2019-12-28T10:40:58.168Z - debug: The process cannot access the file because it is being used by another process.

2019-12-28T10:40:58.169Z - debug: The process cannot access the file because it is being used by another process.

2019-12-28T10:40:58.529Z - debug: The process cannot access the file because it is being used by another process.

2019-12-28T10:41:01.932Z - debug:  
2019-12-28T10:41:01.933Z - debug:  
2019-12-28T10:41:01.933Z - debug:  
2019-12-28T10:41:01.934Z - debug:  
2019-12-28T10:41:50.779Z - info: Pages built
2019-12-28T10:42:06.746Z - info: Website generation complete! Total build time: 113.554s
2019-12-28T10:42:07.103Z - info: Serving "C:\repos\nus-cs2113-AY1920S2\cs2113-website\_site" at http://127.0.0.1:8080
2019-12-28T10:42:07.103Z - info: Press CTRL+C to stop ...
2019-12-28T10:42:07.205Z - info: Site data built
2019-12-28T10:44:59.334Z - info: [6:44:59 PM] Reload for file change: C:\repos\nus-cs2113-AY1920S2\cs2113-website\schedule\index.md
2019-12-28T10:45:00.337Z - info: Rebuilding affected source files
2019-12-28T10:45:00.339Z - info: Rebuilding 1 pages
2019-12-28T10:45:00.868Z - info: Pages rebuilt
2019-12-28T10:45:00.880Z - info: Site data built
2019-12-28T10:45:43.342Z - info: Website generation started at 6:45:41 PM
2019-12-28T10:45:45.714Z - info: Building assets...
2019-12-28T10:45:47.552Z - info: Assets built
2019-12-28T10:45:47.552Z - info: Generating pages...
2019-12-28T10:46:30.182Z - debug: The process cannot access the file because it is being used by another process.

2019-12-28T10:46:30.183Z - debug: The process cannot access the file because it is being used by another process.

2019-12-28T10:46:30.184Z - debug: The process cannot access the file because it is being used by another process.

2019-12-28T10:46:30.184Z - debug: The process cannot access the file because it is being used by another process.

2019-12-28T10:46:30.184Z - debug: The process cannot access the file because it is being used by another process.

2019-12-28T10:46:30.187Z - debug: The process cannot access the file because it is being used by another process.

2019-12-28T10:46:30.188Z - debug: The process cannot access the file because it is being used by another process.

2019-12-28T10:46:30.192Z - debug: The process cannot access the file because it is being used by another process.

2019-12-28T10:46:30.192Z - debug: The process cannot access the file because it is being used by another process.

2019-12-28T10:46:30.193Z - debug: The process cannot access the file because it is being used by another process.

2019-12-28T10:46:30.254Z - debug: The process cannot access the file because it is being used by another process.

2019-12-28T10:46:33.572Z - debug:  
2019-12-28T10:46:33.872Z - debug:  
2019-12-28T10:46:33.873Z - debug:  
2019-12-28T10:46:33.873Z - debug:  
2019-12-28T10:47:27.435Z - info: Pages built
2019-12-28T10:47:45.318Z - info: Website generation complete! Total build time: 123.377s
2019-12-28T10:47:45.697Z - info: Serving "C:\repos\nus-cs2113-AY1920S2\cs2113-website\_site" at http://127.0.0.1:8080
2019-12-28T10:47:45.697Z - info: Press CTRL+C to stop ...
2019-12-28T10:47:45.811Z - info: Site data built
2019-12-28T11:08:24.148Z - info: [7:08:24 PM] Reload for file change: C:\repos\nus-cs2113-AY1920S2\cs2113-website\schedule\index.md
2019-12-28T11:08:25.150Z - info: Rebuilding affected source files
2019-12-28T11:08:25.152Z - info: Rebuilding 1 pages
2019-12-28T11:08:25.805Z - info: Pages rebuilt
2019-12-28T11:08:25.815Z - info: Site data built
2019-12-28T11:10:08.921Z - info: [7:10:08 PM] Reload for file change: C:\repos\nus-cs2113-AY1920S2\cs2113-website\book\_markbind\boilerplates\dukeNestedFragment.md
2019-12-28T11:10:09.921Z - info: Rebuilding affected source files
2019-12-28T11:10:09.923Z - info: Rebuilding 6 pages
2019-12-28T11:10:13.516Z - info: Pages rebuilt
2019-12-28T11:10:13.550Z - info: Site data built
2019-12-28T11:10:45.659Z - info: [7:10:45 PM] Reload for file change: C:\repos\nus-cs2113-AY1920S2\cs2113-website\book\_markbind\boilerplates\dukeNestedFragment.md
2019-12-28T11:10:46.661Z - info: Rebuilding affected source files
2019-12-28T11:10:46.664Z - info: Rebuilding 6 pages
2019-12-28T11:10:50.265Z - info: Pages rebuilt
2019-12-28T11:10:50.283Z - info: Site data built
2019-12-28T11:20:44.491Z - info: [7:20:44 PM] Reload for file change: C:\repos\nus-cs2113-AY1920S2\cs2113-website\schedule\index.md
2019-12-28T11:20:45.493Z - info: Rebuilding affected source files
2019-12-28T11:20:45.494Z - info: Rebuilding 1 pages
2019-12-28T11:20:46.096Z - info: Pages rebuilt
2019-12-28T11:20:46.105Z - info: Site data built
2019-12-28T11:22:28.195Z - info: [7:22:28 PM] Reload for file change: C:\repos\nus-cs2113-AY1920S2\cs2113-website\schedule\index.md
2019-12-28T11:22:29.195Z - info: Rebuilding affected source files
2019-12-28T11:22:29.197Z - info: Rebuilding 1 pages
2019-12-28T11:22:29.574Z - info: Pages rebuilt
2019-12-28T11:22:29.585Z - info: Site data built
2019-12-28T11:30:34.992Z - info: [7:30:34 PM] Reload for file change: C:\repos\nus-cs2113-AY1920S2\cs2113-website\schedule\index.md
2019-12-28T11:30:35.994Z - info: Rebuilding affected source files
2019-12-28T11:30:35.995Z - info: Rebuilding 1 pages
2019-12-28T11:30:36.433Z - info: Pages rebuilt
2019-12-28T11:30:36.448Z - info: Site data built
2019-12-28T11:38:00.882Z - info: [7:38:00 PM] Reload for file change: C:\repos\nus-cs2113-AY1920S2\cs2113-website\schedule\index.md
2019-12-28T11:38:01.883Z - info: Rebuilding affected source files
2019-12-28T11:38:01.884Z - info: Rebuilding 1 pages
2019-12-28T11:38:02.318Z - info: Pages rebuilt
2019-12-28T11:38:02.330Z - info: Site data built
2019-12-28T11:40:17.505Z - info: [7:40:17 PM] Reload for file change: C:\repos\nus-cs2113-AY1920S2\cs2113-website\schedule\index.md
2019-12-28T11:40:18.505Z - info: Rebuilding affected source files
2019-12-28T11:40:18.507Z - info: Rebuilding 1 pages
2019-12-28T11:40:18.896Z - info: Pages rebuilt
2019-12-28T11:40:18.908Z - info: Site data built
2019-12-28T11:53:19.284Z - info: [7:53:19 PM] Reload for file change: C:\repos\nus-cs2113-AY1920S2\cs2113-website\schedule\index.md
2019-12-28T11:53:20.285Z - info: Rebuilding affected source files
2019-12-28T11:53:20.287Z - info: Rebuilding 1 pages
2019-12-28T11:53:20.728Z - info: Pages rebuilt
2019-12-28T11:53:20.743Z - info: Site data built
2019-12-28T11:56:54.851Z - info: [7:56:54 PM] Reload for file change: C:\repos\nus-cs2113-AY1920S2\cs2113-website\schedule\index.md
2019-12-28T11:56:55.851Z - info: Rebuilding affected source files
2019-12-28T11:56:55.852Z - info: Rebuilding 1 pages
2019-12-28T11:56:56.254Z - info: Pages rebuilt
2019-12-28T11:56:56.268Z - info: Site data built
