2020-03-27T08:04:24.957Z - info: Website generation (lazy) started at 4:04:23 PM
2020-03-27T08:04:27.929Z - info: Building assets...
2020-03-27T08:04:30.274Z - info: Assets built
2020-03-27T08:04:30.274Z - info: Generating landing page...
2020-03-27T08:04:31.429Z - info: Landing page built, other pages will be built as you navigate to them!
2020-03-27T08:04:31.609Z - info: Website generation (lazy) complete! Total build time: 8.103s
2020-03-27T08:04:31.991Z - info: Serving "C:\repos\nus-cs2113-AY1920S2\cs2113-website\_site" at http://127.0.0.1:8080
2020-03-27T08:04:31.992Z - info: Press CTRL+C to stop ...
2020-03-27T08:04:32.096Z - info: Site data built
2020-03-27T08:04:37.652Z - info: Building C:\repos\nus-cs2113-AY1920S2\cs2113-website\schedule\week11\tutorial as some of its dependencies were changed since the last visit
2020-03-27T08:04:38.044Z - info: Site data built
2020-03-27T08:04:38.045Z - info: Lazy website regeneration complete! Total build time: 0.393s
2020-03-27T08:06:13.257Z - info: [4:06:13 PM] Reload for file change: C:\repos\nus-cs2113-AY1920S2\cs2113-website\schedule\week11\tutorial-cs2113.mbdf
2020-03-27T08:06:14.261Z - info: Rebuilding affected source files
2020-03-27T08:06:14.263Z - info: Rebuilding 1 pages
2020-03-27T08:06:14.723Z - info: Pages rebuilt
2020-03-27T08:06:14.724Z - info: Website regeneration complete! Total build time: 0.463s
2020-03-27T08:06:14.727Z - info: Site data built
2020-03-27T08:07:55.270Z - info: [4:07:55 PM] Reload for file change: C:\repos\nus-cs2113-AY1920S2\cs2113-website\schedule\week11\tutorial-cs2113.mbdf
2020-03-27T08:07:56.271Z - info: Rebuilding affected source files
2020-03-27T08:07:56.273Z - info: Rebuilding 1 pages
2020-03-27T08:07:56.643Z - info: Pages rebuilt
2020-03-27T08:07:56.644Z - info: Website regeneration complete! Total build time: 0.373s
2020-03-27T08:07:56.649Z - info: Site data built
2020-03-27T08:09:54.156Z - info: [4:09:54 PM] Reload for file change: C:\repos\nus-cs2113-AY1920S2\cs2113-website\schedule\week11\tutorial-cs2113.mbdf
2020-03-27T08:09:55.157Z - info: Rebuilding affected source files
2020-03-27T08:09:55.159Z - info: Rebuilding 1 pages
2020-03-27T08:09:55.606Z - info: Pages rebuilt
2020-03-27T08:09:55.606Z - info: Website regeneration complete! Total build time: 0.449s
2020-03-27T08:09:55.610Z - info: Site data built
2020-03-27T08:10:58.613Z - info: [4:10:58 PM] Reload for file change: C:\repos\nus-cs2113-AY1920S2\cs2113-website\schedule\week11\tutorial-cs2113.mbdf
2020-03-27T08:10:59.616Z - info: Rebuilding affected source files
2020-03-27T08:10:59.618Z - info: Rebuilding 1 pages
2020-03-27T08:11:00.039Z - info: Pages rebuilt
2020-03-27T08:11:00.039Z - info: Website regeneration complete! Total build time: 0.423s
2020-03-27T08:11:00.042Z - info: Site data built
2020-03-27T08:11:26.374Z - info: [4:11:26 PM] Reload for file change: C:\repos\nus-cs2113-AY1920S2\cs2113-website\schedule\week11\tutorial-cs2113.mbdf
2020-03-27T08:11:27.377Z - info: Rebuilding affected source files
2020-03-27T08:11:27.379Z - info: Rebuilding 1 pages
2020-03-27T08:11:27.830Z - info: Pages rebuilt
2020-03-27T08:11:27.831Z - info: Website regeneration complete! Total build time: 0.454s
2020-03-27T08:11:27.834Z - info: Site data built
2020-03-27T08:12:08.169Z - info: [4:12:08 PM] Reload for file change: C:\repos\nus-cs2113-AY1920S2\cs2113-website\schedule\week11\tutorial-cs2113.mbdf
2020-03-27T08:12:09.171Z - info: Rebuilding affected source files
2020-03-27T08:12:09.173Z - info: Rebuilding 1 pages
2020-03-27T08:12:09.517Z - info: Pages rebuilt
2020-03-27T08:12:09.517Z - info: Website regeneration complete! Total build time: 0.346s
2020-03-27T08:12:09.520Z - info: Site data built
2020-03-27T08:12:40.601Z - info: [4:12:40 PM] Reload for file change: C:\repos\nus-cs2113-AY1920S2\cs2113-website\schedule\week11\tutorial-cs2113.mbdf
2020-03-27T08:12:41.603Z - info: Rebuilding affected source files
2020-03-27T08:12:41.604Z - info: Rebuilding 1 pages
2020-03-27T08:12:42.039Z - info: Pages rebuilt
2020-03-27T08:12:42.039Z - info: Website regeneration complete! Total build time: 0.436s
2020-03-27T08:12:42.042Z - info: Site data built
2020-03-27T08:13:10.045Z - info: [4:13:10 PM] Reload for file change: C:\repos\nus-cs2113-AY1920S2\cs2113-website\schedule\week11\tutorial-cs2113.mbdf
2020-03-27T08:13:11.046Z - info: Rebuilding affected source files
2020-03-27T08:13:11.048Z - info: Rebuilding 1 pages
2020-03-27T08:13:11.418Z - info: Pages rebuilt
2020-03-27T08:13:11.418Z - info: Website regeneration complete! Total build time: 0.371s
2020-03-27T08:13:11.421Z - info: Site data built
2020-03-27T08:14:03.276Z - info: [4:14:03 PM] Reload for file change: C:\repos\nus-cs2113-AY1920S2\cs2113-website\schedule\week11\tutorial-cs2113.mbdf
2020-03-27T08:14:04.277Z - info: Rebuilding affected source files
2020-03-27T08:14:04.278Z - info: Rebuilding 1 pages
2020-03-27T08:14:04.729Z - info: Pages rebuilt
2020-03-27T08:14:04.729Z - info: Website regeneration complete! Total build time: 0.452s
2020-03-27T08:14:04.733Z - info: Site data built
2020-03-27T08:17:19.584Z - info: [4:17:19 PM] Reload for file change: C:\repos\nus-cs2113-AY1920S2\cs2113-website\schedule\week11\tutorial-cs2113.mbdf
2020-03-27T08:17:20.584Z - info: Rebuilding affected source files
2020-03-27T08:17:20.586Z - info: Rebuilding 1 pages
2020-03-27T08:17:20.977Z - info: Pages rebuilt
2020-03-27T08:17:20.978Z - info: Website regeneration complete! Total build time: 0.394s
2020-03-27T08:17:20.981Z - info: Site data built
2020-03-27T08:25:51.814Z - info: [4:25:51 PM] Reload for file change: C:\repos\nus-cs2113-AY1920S2\cs2113-website\schedule\week11\tutorial-cs2113.mbdf
2020-03-27T08:25:52.816Z - info: Rebuilding affected source files
2020-03-27T08:25:52.819Z - info: Rebuilding 1 pages
2020-03-27T08:25:53.271Z - info: Pages rebuilt
2020-03-27T08:25:53.271Z - info: Website regeneration complete! Total build time: 0.455s
2020-03-27T08:25:53.274Z - info: Site data built
2020-03-27T08:30:50.472Z - info: [4:30:50 PM] Reload for file change: C:\repos\nus-cs2113-AY1920S2\cs2113-website\schedule\week11\tutorial-cs2113.mbdf
2020-03-27T08:30:51.474Z - info: Rebuilding affected source files
2020-03-27T08:30:51.476Z - info: Rebuilding 1 pages
2020-03-27T08:30:51.499Z - error:  Template render error: (C:\repos\nus-cs2113-AY1920S2\cs2113-website\schedule\week11\tutorial-cs2113.mbdf) [Line 1, Column 68]
  unexpected token: ,
Error while preprocessing 'C:\repos\nus-cs2113-AY1920S2\cs2113-website\schedule\week11\tutorial.md'
    at Object._prettifyError (C:\Users\dcsdcr\AppData\Roaming\npm\node_modules\markbind-cli\node_modules\nunjucks\src\lib.js:36:11)
    at Template.render (C:\Users\dcsdcr\AppData\Roaming\npm\node_modules\markbind-cli\node_modules\nunjucks\src\environment.js:542:21)
    at Environment.renderString (C:\Users\dcsdcr\AppData\Roaming\npm\node_modules\markbind-cli\node_modules\nunjucks\src\environment.js:380:17)
    at Object.renderString (C:\Users\dcsdcr\AppData\Roaming\npm\node_modules\markbind-cli\node_modules\nunjucks\index.js:99:14)
    at Parser._renderIncludeFile (C:\Users\dcsdcr\AppData\Roaming\npm\node_modules\markbind-cli\src\lib\markbind\src\parser.js:148:30)
    at _preprocessInclude (C:\Users\dcsdcr\AppData\Roaming\npm\node_modules\markbind-cli\src\lib\markbind\src\preprocessors\componentPreprocessor.js:314:14)
    at preProcessComponent (C:\Users\dcsdcr\AppData\Roaming\npm\node_modules\markbind-cli\src\lib\markbind\src\preprocessors\componentPreprocessor.js:420:12)
    at element.children.element.children.map.e (C:\Users\dcsdcr\AppData\Roaming\npm\node_modules\markbind-cli\src\lib\markbind\src\preprocessors\componentPreprocessor.js:427:52)
    at Array.map (<anonymous>)
    at Object.preProcessComponent (C:\Users\dcsdcr\AppData\Roaming\npm\node_modules\markbind-cli\src\lib\markbind\src\preprocessors\componentPreprocessor.js:427:43)
    at dom.map (C:\Users\dcsdcr\AppData\Roaming\npm\node_modules\markbind-cli\src\lib\markbind\src\parser.js:362:47)
    at Array.map (<anonymous>)
    at DomHandler.htmlparser.DomHandler [as _callback] (C:\Users\dcsdcr\AppData\Roaming\npm\node_modules\markbind-cli\src\lib\markbind\src\parser.js:359:27)
    at DomHandler._handleCallback.DomHandler.onerror (C:\Users\dcsdcr\AppData\Roaming\npm\node_modules\markbind-cli\node_modules\domhandler\index.js:52:8)
    at DomHandler.onend (C:\Users\dcsdcr\AppData\Roaming\npm\node_modules\markbind-cli\node_modules\domhandler\index.js:46:7)
    at Parser.onend (C:\Users\dcsdcr\AppData\Roaming\npm\node_modules\markbind-cli\node_modules\htmlparser2\lib\Parser.js:340:36)
2020-03-27T08:30:51.531Z - info: Pages rebuilt
2020-03-27T08:30:51.531Z - info: Website regeneration complete! Total build time: 0.057s
2020-03-27T08:30:51.535Z - info: Site data built
2020-03-27T08:31:08.181Z - info: [4:31:08 PM] Reload for file change: C:\repos\nus-cs2113-AY1920S2\cs2113-website\schedule\week11\tutorial-cs2113.mbdf
2020-03-27T08:31:09.182Z - info: Rebuilding affected source files
2020-03-27T08:31:09.183Z - info: Rebuilding 1 pages
2020-03-27T08:31:09.613Z - info: Pages rebuilt
2020-03-27T08:31:09.614Z - info: Website regeneration complete! Total build time: 0.432s
2020-03-27T08:31:09.616Z - info: Site data built
2020-03-27T08:31:49.588Z - info: [4:31:49 PM] Reload for file change: C:\repos\nus-cs2113-AY1920S2\cs2113-website\schedule\week11\tutorial-cs2113.mbdf
2020-03-27T08:31:50.590Z - info: Rebuilding affected source files
2020-03-27T08:31:50.592Z - info: Rebuilding 1 pages
2020-03-27T08:31:51.016Z - info: Pages rebuilt
2020-03-27T08:31:51.016Z - info: Website regeneration complete! Total build time: 0.426s
2020-03-27T08:31:51.020Z - info: Site data built
2020-03-27T08:32:30.663Z - info: [4:32:30 PM] Reload for file change: C:\repos\nus-cs2113-AY1920S2\cs2113-website\schedule\week11\tutorial-cs2113.mbdf
2020-03-27T08:32:31.664Z - info: Rebuilding affected source files
2020-03-27T08:32:31.666Z - info: Rebuilding 1 pages
2020-03-27T08:32:32.025Z - info: Pages rebuilt
2020-03-27T08:32:32.025Z - info: Website regeneration complete! Total build time: 0.361s
2020-03-27T08:32:32.029Z - info: Site data built
2020-03-27T08:33:16.247Z - info: [4:33:16 PM] Reload for file change: C:\repos\nus-cs2113-AY1920S2\cs2113-website\schedule\week11\tutorial-cs2113.mbdf
2020-03-27T08:33:17.249Z - info: Rebuilding affected source files
2020-03-27T08:33:17.250Z - info: Rebuilding 1 pages
2020-03-27T08:33:17.714Z - info: Pages rebuilt
2020-03-27T08:33:17.714Z - info: Website regeneration complete! Total build time: 0.465s
2020-03-27T08:33:17.717Z - info: Site data built
2020-03-27T08:35:02.761Z - info: [4:35:02 PM] Reload for file change: C:\repos\nus-cs2113-AY1920S2\cs2113-website\schedule\week11\tutorial-cs2113.mbdf
2020-03-27T08:35:03.761Z - info: Rebuilding affected source files
2020-03-27T08:35:03.762Z - info: Rebuilding 1 pages
2020-03-27T08:35:04.163Z - info: Pages rebuilt
2020-03-27T08:35:04.163Z - info: Website regeneration complete! Total build time: 0.402s
2020-03-27T08:35:04.167Z - info: Site data built
2020-03-27T08:35:31.367Z - info: [4:35:31 PM] Reload for file change: C:\repos\nus-cs2113-AY1920S2\cs2113-website\schedule\week11\tutorial-cs2113.mbdf
2020-03-27T08:35:32.367Z - info: Rebuilding affected source files
2020-03-27T08:35:32.368Z - info: Rebuilding 1 pages
2020-03-27T08:35:32.829Z - info: Pages rebuilt
2020-03-27T08:35:32.829Z - info: Website regeneration complete! Total build time: 0.462s
2020-03-27T08:35:32.832Z - info: Site data built
2020-03-27T08:36:08.056Z - info: [4:36:08 PM] Reload for file change: C:\repos\nus-cs2113-AY1920S2\cs2113-website\schedule\week11\tutorial-cs2113.mbdf
2020-03-27T08:36:09.057Z - info: Rebuilding affected source files
2020-03-27T08:36:09.058Z - info: Rebuilding 1 pages
2020-03-27T08:36:09.491Z - info: Pages rebuilt
2020-03-27T08:36:09.491Z - info: Website regeneration complete! Total build time: 0.434s
2020-03-27T08:36:09.495Z - info: Site data built
2020-03-27T08:36:51.688Z - info: [4:36:51 PM] Reload for file change: C:\repos\nus-cs2113-AY1920S2\cs2113-website\schedule\week11\tutorial-cs2113.mbdf
2020-03-27T08:36:52.690Z - info: Rebuilding affected source files
2020-03-27T08:36:52.692Z - info: Rebuilding 1 pages
2020-03-27T08:36:53.165Z - info: Pages rebuilt
2020-03-27T08:36:53.165Z - info: Website regeneration complete! Total build time: 0.475s
2020-03-27T08:36:53.168Z - info: Site data built
2020-03-27T08:39:08.841Z - info: [4:39:08 PM] Reload for file change: C:\repos\nus-cs2113-AY1920S2\cs2113-website\schedule\week11\tutorial-cs2113.mbdf
2020-03-27T08:39:09.843Z - info: Rebuilding affected source files
2020-03-27T08:39:09.845Z - info: Rebuilding 1 pages
2020-03-27T08:39:10.274Z - info: Pages rebuilt
2020-03-27T08:39:10.274Z - info: Website regeneration complete! Total build time: 0.431s
2020-03-27T08:39:10.278Z - info: Site data built
2020-03-27T08:39:38.026Z - info: [4:39:38 PM] Reload for file change: C:\repos\nus-cs2113-AY1920S2\cs2113-website\schedule\week11\tutorial-cs2113.mbdf
2020-03-27T08:39:39.027Z - info: Rebuilding affected source files
2020-03-27T08:39:39.029Z - info: Rebuilding 1 pages
2020-03-27T08:39:39.522Z - info: Pages rebuilt
2020-03-27T08:39:39.522Z - info: Website regeneration complete! Total build time: 0.495s
2020-03-27T08:39:39.525Z - info: Site data built
2020-03-27T08:41:20.569Z - info: [4:41:20 PM] Reload for file change: C:\repos\nus-cs2113-AY1920S2\cs2113-website\schedule\week11\tutorial-cs2113.mbdf
2020-03-27T08:41:21.571Z - info: Rebuilding affected source files
2020-03-27T08:41:21.573Z - info: Rebuilding 1 pages
2020-03-27T08:41:22.008Z - info: Pages rebuilt
2020-03-27T08:41:22.008Z - info: Website regeneration complete! Total build time: 0.437s
2020-03-27T08:41:22.011Z - info: Site data built
2020-03-27T08:42:37.674Z - info: [4:42:37 PM] Reload for file change: C:\repos\nus-cs2113-AY1920S2\cs2113-website\schedule\week11\tutorial-cs2113.mbdf
2020-03-27T08:42:38.676Z - info: Rebuilding affected source files
2020-03-27T08:42:38.677Z - info: Rebuilding 1 pages
2020-03-27T08:42:39.151Z - info: Pages rebuilt
2020-03-27T08:42:39.151Z - info: Website regeneration complete! Total build time: 0.475s
2020-03-27T08:42:39.154Z - info: Site data built
2020-03-27T08:43:17.527Z - info: [4:43:17 PM] Reload for file change: C:\repos\nus-cs2113-AY1920S2\cs2113-website\admin\tp-grading-bugs.mbdf
2020-03-27T08:43:18.531Z - info: Rebuilding affected source files
2020-03-27T08:43:18.533Z - info: Rebuilding 1 pages
2020-03-27T08:43:18.967Z - info: Pages rebuilt
2020-03-27T08:43:18.967Z - info: Website regeneration complete! Total build time: 0.436s
2020-03-27T08:43:18.970Z - info: Site data built
2020-03-27T08:46:55.557Z - info: [4:46:55 PM] Reload for file change: C:\repos\nus-cs2113-AY1920S2\cs2113-website\schedule\week11\tutorial-cs2113.mbdf
2020-03-27T08:46:56.559Z - info: Rebuilding affected source files
2020-03-27T08:46:56.561Z - info: Rebuilding 1 pages
2020-03-27T08:46:57.067Z - info: Pages rebuilt
2020-03-27T08:46:57.067Z - info: Website regeneration complete! Total build time: 0.508s
2020-03-27T08:46:57.070Z - info: Site data built
2020-03-27T08:49:38.536Z - info: [4:49:38 PM] Reload for file add: C:\repos\nus-cs2113-AY1920S2\cs2113-website\schedule\week11\ReviewCommentExample.png
2020-03-27T08:49:38.565Z - info: [4:49:38 PM] Reload for file change: C:\repos\nus-cs2113-AY1920S2\cs2113-website\schedule\week11\ReviewCommentExample.png
2020-03-27T08:49:39.543Z - info: Assets built
2020-03-27T08:50:19.195Z - info: [4:50:19 PM] Reload for file change: C:\repos\nus-cs2113-AY1920S2\cs2113-website\schedule\week11\tutorial-cs2113.mbdf
2020-03-27T08:50:20.197Z - info: Rebuilding affected source files
2020-03-27T08:50:20.199Z - info: Rebuilding 1 pages
2020-03-27T08:50:20.639Z - info: Pages rebuilt
2020-03-27T08:50:20.640Z - info: Website regeneration complete! Total build time: 0.443s
2020-03-27T08:50:20.643Z - info: Site data built
2020-03-27T08:50:41.002Z - info: Website generation (lazy) started at 4:50:40 PM
2020-03-27T08:50:44.034Z - info: Building assets...
2020-03-27T08:50:46.668Z - info: Assets built
2020-03-27T08:50:46.669Z - info: Generating landing page...
2020-03-27T08:50:47.897Z - info: Landing page built, other pages will be built as you navigate to them!
2020-03-27T08:50:48.069Z - info: Website generation (lazy) complete! Total build time: 7.876s
2020-03-27T08:50:48.461Z - info: Serving "C:\repos\nus-cs2113-AY1920S2\cs2113-website\_site" at http://127.0.0.1:8080
2020-03-27T08:50:48.461Z - info: Press CTRL+C to stop ...
2020-03-27T08:50:48.557Z - info: Site data built
2020-03-27T08:50:52.935Z - info: Building C:\repos\nus-cs2113-AY1920S2\cs2113-website\schedule\week11\tutorial as some of its dependencies were changed since the last visit
2020-03-27T08:50:53.308Z - info: Site data built
2020-03-27T08:50:53.308Z - info: Lazy website regeneration complete! Total build time: 0.373s
2020-03-27T08:51:12.540Z - info: [4:51:12 PM] Reload for file add: C:\repos\nus-cs2113-AY1920S2\cs2113-website\schedule\week11\images\ReviewCommentExample.png
2020-03-27T08:51:12.636Z - info: [4:51:12 PM] Reload for file deletion: C:\repos\nus-cs2113-AY1920S2\cs2113-website\schedule\week11\ReviewCommentExample.png
2020-03-27T08:51:13.551Z - info: Assets built
2020-03-27T08:51:13.638Z - info: Assets removed
2020-03-27T08:51:37.705Z - info: [4:51:37 PM] Reload for file change: C:\repos\nus-cs2113-AY1920S2\cs2113-website\schedule\week11\images\ReviewCommentExample.png
2020-03-27T08:51:38.714Z - info: Assets built
2020-03-27T08:52:24.560Z - info: [4:52:24 PM] Reload for file change: C:\repos\nus-cs2113-AY1920S2\cs2113-website\schedule\week11\images\ReviewCommentExample.png
2020-03-27T08:52:25.568Z - info: Assets built
2020-03-27T08:53:28.572Z - info: [4:53:28 PM] Reload for file change: C:\repos\nus-cs2113-AY1920S2\cs2113-website\schedule\week11\tutorial-cs2113.mbdf
2020-03-27T08:53:29.573Z - info: Rebuilding affected source files
2020-03-27T08:53:29.576Z - info: Rebuilding 1 pages
2020-03-27T08:53:30.018Z - info: Pages rebuilt
2020-03-27T08:53:30.018Z - info: Website regeneration complete! Total build time: 0.444s
2020-03-27T08:53:30.021Z - info: Site data built
2020-03-27T08:54:07.452Z - info: [4:54:07 PM] Reload for file change: C:\repos\nus-cs2113-AY1920S2\cs2113-website\schedule\week11\tutorial-cs2113.mbdf
2020-03-27T08:54:08.454Z - info: Rebuilding affected source files
2020-03-27T08:54:08.455Z - info: Rebuilding 1 pages
2020-03-27T08:54:08.799Z - info: Pages rebuilt
2020-03-27T08:54:08.799Z - info: Website regeneration complete! Total build time: 0.345s
2020-03-27T08:54:08.809Z - info: Site data built
2020-03-27T08:55:05.623Z - info: Building C:\repos\nus-cs2113-AY1920S2\cs2113-website\schedule\week11\project as some of its dependencies were changed since the last visit
2020-03-27T08:55:07.305Z - info: Site data built
2020-03-27T08:55:07.305Z - info: Lazy website regeneration complete! Total build time: 1.682s
2020-03-27T08:57:09.948Z - info: [4:57:09 PM] Reload for file change: C:\repos\nus-cs2113-AY1920S2\cs2113-website\schedule\week11\project-cs2113.mbdf
2020-03-27T08:57:10.950Z - info: Rebuilding affected source files
2020-03-27T08:57:10.952Z - info: Rebuilding 1 pages
2020-03-27T08:57:12.513Z - info: Pages rebuilt
2020-03-27T08:57:12.514Z - info: Website regeneration complete! Total build time: 1.563s
2020-03-27T08:57:12.519Z - info: Site data built
2020-03-27T08:58:45.661Z - info: [4:58:45 PM] Reload for file change: C:\repos\nus-cs2113-AY1920S2\cs2113-website\schedule\week11\project-cs2113.mbdf
2020-03-27T08:58:46.663Z - info: Rebuilding affected source files
2020-03-27T08:58:46.665Z - info: Rebuilding 1 pages
2020-03-27T08:58:48.447Z - info: Pages rebuilt
2020-03-27T08:58:48.448Z - info: Website regeneration complete! Total build time: 1.785s
2020-03-27T08:58:48.451Z - info: Site data built
2020-03-27T08:59:47.132Z - info: [4:59:47 PM] Reload for file change: C:\repos\nus-cs2113-AY1920S2\cs2113-website\schedule\week11\project-cs2113.mbdf
2020-03-27T08:59:48.135Z - info: Rebuilding affected source files
2020-03-27T08:59:48.136Z - info: Rebuilding 1 pages
2020-03-27T08:59:50.048Z - info: Pages rebuilt
2020-03-27T08:59:50.049Z - info: Website regeneration complete! Total build time: 1.914s
2020-03-27T08:59:50.052Z - info: Site data built
2020-03-27T09:00:18.572Z - info: [5:00:18 PM] Reload for file change: C:\repos\nus-cs2113-AY1920S2\cs2113-website\schedule\week11\project-cs2113.mbdf
2020-03-27T09:00:19.573Z - info: Rebuilding affected source files
2020-03-27T09:00:19.575Z - info: Rebuilding 1 pages
2020-03-27T09:00:21.541Z - info: Pages rebuilt
2020-03-27T09:00:21.542Z - info: Website regeneration complete! Total build time: 1.968s
2020-03-27T09:00:21.545Z - info: Site data built
2020-03-27T09:01:24.205Z - info: [5:01:24 PM] Reload for file change: C:\repos\nus-cs2113-AY1920S2\cs2113-website\schedule\week11\project-cs2113.mbdf
2020-03-27T09:01:25.205Z - info: Rebuilding affected source files
2020-03-27T09:01:25.207Z - info: Rebuilding 1 pages
2020-03-27T09:01:27.071Z - info: Pages rebuilt
2020-03-27T09:01:27.072Z - info: Website regeneration complete! Total build time: 1.867s
2020-03-27T09:01:27.075Z - info: Site data built
2020-03-27T09:02:18.072Z - info: Building C:\repos\nus-cs2113-AY1920S2\cs2113-website\schedule\week11\admin as some of its dependencies were changed since the last visit
2020-03-27T09:02:18.480Z - info: Site data built
2020-03-27T09:02:18.480Z - info: Lazy website regeneration complete! Total build time: 0.409s
2020-03-27T09:02:25.904Z - info: Building C:\repos\nus-cs2113-AY1920S2\cs2113-website\schedule\week11\topics as some of its dependencies were changed since the last visit
2020-03-27T09:02:29.612Z - info: Site data built
2020-03-27T09:02:29.613Z - info: Lazy website regeneration complete! Total build time: 3.709s
2020-03-27T09:05:27.455Z - info: Website generation started at 5:05:26 PM
2020-03-27T09:05:30.390Z - info: Building assets...
2020-03-27T09:05:32.956Z - info: Assets built
2020-03-27T09:05:32.957Z - info: Generating pages...
2020-03-27T09:06:33.480Z - debug: The process cannot access the file because it is being used by another process.

2020-03-27T09:06:33.481Z - debug: The process cannot access the file because it is being used by another process.

2020-03-27T09:06:33.481Z - debug: The process cannot access the file because it is being used by another process.

2020-03-27T09:06:33.482Z - debug: The process cannot access the file because it is being used by another process.

2020-03-27T09:06:33.482Z - debug: The process cannot access the file because it is being used by another process.

2020-03-27T09:06:33.482Z - debug: The process cannot access the file because it is being used by another process.

2020-03-27T09:06:33.482Z - debug: The process cannot access the file because it is being used by another process.

2020-03-27T09:06:33.487Z - debug: The process cannot access the file because it is being used by another process.

2020-03-27T09:06:33.487Z - debug: The process cannot access the file because it is being used by another process.

2020-03-27T09:06:33.488Z - debug: The process cannot access the file because it is being used by another process.

2020-03-27T09:06:33.488Z - debug: The process cannot access the file because it is being used by another process.

2020-03-27T09:06:33.488Z - debug: The process cannot access the file because it is being used by another process.

2020-03-27T09:06:33.488Z - debug: The process cannot access the file because it is being used by another process.

2020-03-27T09:06:33.488Z - debug: The process cannot access the file because it is being used by another process.

2020-03-27T09:06:33.489Z - debug: The process cannot access the file because it is being used by another process.

2020-03-27T09:06:33.489Z - debug: The process cannot access the file because it is being used by another process.

2020-03-27T09:06:33.489Z - debug: The process cannot access the file because it is being used by another process.

2020-03-27T09:06:33.489Z - debug: The process cannot access the file because it is being used by another process.

2020-03-27T09:06:33.490Z - debug: The process cannot access the file because it is being used by another process.

2020-03-27T09:06:33.490Z - debug: The process cannot access the file because it is being used by another process.

2020-03-27T09:06:33.490Z - debug: The process cannot access the file because it is being used by another process.

2020-03-27T09:06:33.492Z - debug: The process cannot access the file because it is being used by another process.

2020-03-27T09:06:33.899Z - debug: The process cannot access the file because it is being used by another process.

2020-03-27T09:06:33.908Z - debug: The process cannot access the file because it is being used by another process.

2020-03-27T09:06:33.909Z - debug: The process cannot access the file because it is being used by another process.

2020-03-27T09:06:39.721Z - debug:  
2020-03-27T09:06:39.722Z - debug:  
2020-03-27T09:06:39.722Z - debug:  
2020-03-27T09:06:39.722Z - debug:  
2020-03-27T09:07:20.988Z - debug:  
2020-03-27T09:07:20.988Z - debug:  
2020-03-27T09:07:45.847Z - info: Pages built
2020-03-27T09:08:06.621Z - info: Website generation complete! Total build time: 159.924s
2020-03-27T09:08:06.621Z - info: Build success!
2020-03-27T09:08:06.627Z - info: Site data built
2020-03-27T09:08:55.291Z - info: Deployed!
