2020-02-08T05:12:15.985Z - info: Website generation started at 13:12:13
2020-02-08T05:12:19.371Z - info: Building assets...
2020-02-08T05:12:22.865Z - info: Assets built
2020-02-08T05:12:22.866Z - info: Generating pages...
2020-02-08T05:14:03.808Z - debug: The process cannot access the file because it is being used by another process.

2020-02-08T05:14:03.809Z - debug: The process cannot access the file because it is being used by another process.

2020-02-08T05:14:03.810Z - debug: The process cannot access the file because it is being used by another process.

2020-02-08T05:14:03.810Z - debug: The process cannot access the file because it is being used by another process.

2020-02-08T05:14:03.811Z - debug: The process cannot access the file because it is being used by another process.

2020-02-08T05:14:03.811Z - debug: The process cannot access the file because it is being used by another process.

2020-02-08T05:14:03.811Z - debug: The process cannot access the file because it is being used by another process.

2020-02-08T05:14:03.812Z - debug: The process cannot access the file because it is being used by another process.

2020-02-08T05:14:03.812Z - debug: The process cannot access the file because it is being used by another process.

2020-02-08T05:14:03.820Z - debug: The process cannot access the file because it is being used by another process.

2020-02-08T05:14:05.887Z - debug: The process cannot access the file because it is being used by another process.

2020-02-08T05:14:27.958Z - debug:  
2020-02-08T05:14:27.959Z - debug:  
2020-02-08T05:14:27.959Z - debug:  
2020-02-08T05:14:27.973Z - debug:  
2020-02-08T05:15:37.646Z - info: Pages built
2020-02-08T05:16:07.747Z - info: Website generation complete! Total build time: 234.443s
2020-02-08T05:16:08.054Z - info: Serving "C:\repos\nus-cs2113-AY1920S2\cs2113-website\_site" at http://127.0.0.1:8080
2020-02-08T05:16:08.054Z - info: Press CTRL+C to stop ...
2020-02-08T05:16:08.117Z - info: Site data built
2020-02-08T06:19:13.925Z - info: [14:19:13] Reload for file change: C:\repos\nus-cs2113-AY1920S2\cs2113-website\admin\ip-progress-dashboard-table.mbdf
2020-02-08T06:19:13.933Z - info: [14:19:13] Reload for file add: C:\repos\nus-cs2113-AY1920S2\cs2113-website\admin\ip-progress-dashboard-table.mbdf.backup
2020-02-08T06:19:14.968Z - info: Rebuilding affected source files
2020-02-08T06:19:14.988Z - info: Rebuilding 1 pages
2020-02-08T06:19:16.358Z - info: Assets built
2020-02-08T06:19:17.376Z - info: Pages rebuilt
2020-02-08T06:19:17.384Z - info: Site data built
2020-02-08T06:22:25.758Z - info: [14:22:25] Reload for file change: C:\repos\nus-cs2113-AY1920S2\cs2113-website\admin\ip-progress-dashboard-table.mbdf
2020-02-08T06:22:26.782Z - info: Rebuilding affected source files
2020-02-08T06:22:26.786Z - info: Rebuilding 1 pages
2020-02-08T06:22:28.306Z - info: Pages rebuilt
2020-02-08T06:22:28.318Z - info: Site data built
2020-02-08T06:25:05.590Z - info: [14:25:05] Reload for file change: C:\repos\nus-cs2113-AY1920S2\cs2113-website\admin\ip-progress-dashboard-table.mbdf
2020-02-08T06:25:06.596Z - info: Rebuilding affected source files
2020-02-08T06:25:06.604Z - info: Rebuilding 1 pages
2020-02-08T06:25:08.084Z - info: Pages rebuilt
2020-02-08T06:25:08.096Z - info: Site data built
2020-02-08T06:26:01.163Z - info: [14:26:01] Reload for file deletion: C:\repos\nus-cs2113-AY1920S2\cs2113-website\admin\ip-progress-dashboard-table.mbdf.backup
2020-02-08T06:26:02.185Z - info: Assets removed
2020-02-08T06:27:40.451Z - info: [14:27:40] Reload for file change: C:\repos\nus-cs2113-AY1920S2\cs2113-website\admin\ip-progress-dashboard-table.mbdf
2020-02-08T06:27:40.455Z - info: [14:27:40] Reload for file add: C:\repos\nus-cs2113-AY1920S2\cs2113-website\admin\ip-progress-dashboard-table.mbdf.backup
2020-02-08T06:27:41.459Z - info: Rebuilding affected source files
2020-02-08T06:27:41.459Z - info: Rebuilding 1 pages
2020-02-08T06:27:42.432Z - info: Assets built
2020-02-08T06:27:43.219Z - info: Pages rebuilt
2020-02-08T06:27:43.223Z - info: Site data built
2020-02-08T06:38:28.647Z - info: [14:38:28] Reload for file change: C:\repos\nus-cs2113-AY1920S2\cs2113-website\admin\ip-progress-dashboard-table.mbdf
2020-02-08T06:38:29.660Z - info: Rebuilding affected source files
2020-02-08T06:38:29.708Z - info: Rebuilding 1 pages
2020-02-08T06:38:31.096Z - info: Pages rebuilt
2020-02-08T06:38:31.100Z - info: Site data built
2020-02-08T06:39:01.958Z - info: [14:39:01] Reload for file deletion: C:\repos\nus-cs2113-AY1920S2\cs2113-website\admin\ip-progress-dashboard-table.mbdf.backup
2020-02-08T06:39:02.968Z - info: Assets removed
2020-02-08T06:45:48.807Z - info: [14:45:48] Reload for file add: C:\repos\nus-cs2113-AY1920S2\cs2113-website\admin\ip-progress-dashboard-table.mbdf.backup
2020-02-08T06:45:48.823Z - info: [14:45:48] Reload for file change: C:\repos\nus-cs2113-AY1920S2\cs2113-website\admin\ip-progress-dashboard-table.mbdf
2020-02-08T06:45:49.939Z - info: Rebuilding affected source files
2020-02-08T06:45:49.943Z - info: Rebuilding 1 pages
2020-02-08T06:45:51.994Z - info: Assets built
2020-02-08T06:45:54.355Z - info: Pages rebuilt
2020-02-08T06:45:54.367Z - info: Site data built
2020-02-08T06:51:37.402Z - info: [14:51:37] Reload for file change: C:\repos\nus-cs2113-AY1920S2\cs2113-website\admin\ip-progress-dashboard-table.mbdf
2020-02-08T06:51:38.438Z - info: Rebuilding affected source files
2020-02-08T06:51:38.438Z - info: Rebuilding 1 pages
2020-02-08T06:51:42.220Z - info: Pages rebuilt
2020-02-08T06:51:42.224Z - info: Site data built
2020-02-08T06:53:06.789Z - info: [14:53:06] Reload for file change: C:\repos\nus-cs2113-AY1920S2\cs2113-website\admin\ip-progress-dashboard-table.mbdf
2020-02-08T06:53:07.804Z - info: Rebuilding affected source files
2020-02-08T06:53:07.832Z - info: Rebuilding 1 pages
2020-02-08T06:53:11.638Z - info: Pages rebuilt
2020-02-08T06:53:11.642Z - info: Site data built
2020-02-08T07:02:20.224Z - info: [15:02:20] Reload for file change: C:\repos\nus-cs2113-AY1920S2\cs2113-website\admin\ip-progress-dashboard-table.mbdf
2020-02-08T07:02:21.238Z - info: Rebuilding affected source files
2020-02-08T07:02:21.238Z - info: Rebuilding 1 pages
2020-02-08T07:02:25.134Z - info: Pages rebuilt
2020-02-08T07:02:25.154Z - info: Site data built
2020-02-08T07:03:28.843Z - info: [15:03:28] Reload for file change: C:\repos\nus-cs2113-AY1920S2\cs2113-website\admin\ip-progress-dashboard.md
2020-02-08T07:03:29.863Z - info: Rebuilding affected source files
2020-02-08T07:03:29.863Z - info: Rebuilding 1 pages
2020-02-08T07:03:33.436Z - info: Pages rebuilt
2020-02-08T07:03:33.440Z - info: Site data built
2020-02-08T07:04:24.545Z - info: [15:04:24] Reload for file change: C:\repos\nus-cs2113-AY1920S2\cs2113-website\admin\ip-progress-dashboard.md
2020-02-08T07:04:25.574Z - info: Rebuilding affected source files
2020-02-08T07:04:25.578Z - info: Rebuilding 1 pages
2020-02-08T07:04:29.049Z - info: Pages rebuilt
2020-02-08T07:04:29.053Z - info: Site data built
2020-02-08T07:04:44.232Z - info: [15:04:44] Reload for file change: C:\repos\nus-cs2113-AY1920S2\cs2113-website\admin\ip-progress-dashboard.md
2020-02-08T07:04:45.257Z - info: Rebuilding affected source files
2020-02-08T07:04:45.257Z - info: Rebuilding 1 pages
2020-02-08T07:04:48.160Z - info: Pages rebuilt
2020-02-08T07:04:48.164Z - info: Site data built
2020-02-08T07:05:10.190Z - info: [15:05:10] Reload for file change: C:\repos\nus-cs2113-AY1920S2\cs2113-website\admin\ip-progress-dashboard.md
2020-02-08T07:05:11.199Z - info: Rebuilding affected source files
2020-02-08T07:05:11.199Z - info: Rebuilding 1 pages
2020-02-08T07:05:14.222Z - info: Pages rebuilt
2020-02-08T07:05:14.226Z - info: Site data built
2020-02-08T07:05:35.109Z - info: [15:05:35] Reload for file change: C:\repos\nus-cs2113-AY1920S2\cs2113-website\admin\ip-progress-dashboard.md
2020-02-08T07:05:36.128Z - info: Rebuilding affected source files
2020-02-08T07:05:36.128Z - info: Rebuilding 1 pages
2020-02-08T07:05:39.205Z - info: Pages rebuilt
2020-02-08T07:05:39.209Z - info: Site data built
2020-02-08T07:08:12.513Z - info: [15:08:12] Reload for file change: C:\repos\nus-cs2113-AY1920S2\cs2113-website\admin\ip-progress-dashboard.md
2020-02-08T07:08:13.544Z - info: Rebuilding affected source files
2020-02-08T07:08:13.548Z - info: Rebuilding 1 pages
2020-02-08T07:08:17.118Z - info: Pages rebuilt
2020-02-08T07:08:17.146Z - info: Site data built
2020-02-08T07:09:59.653Z - info: [15:09:59] Reload for file change: C:\repos\nus-cs2113-AY1920S2\cs2113-website\admin\ip-progress-dashboard-table.mbdf
2020-02-08T07:10:00.662Z - info: Rebuilding affected source files
2020-02-08T07:10:00.666Z - info: Rebuilding 1 pages
2020-02-08T07:10:04.136Z - info: Pages rebuilt
2020-02-08T07:10:04.148Z - info: Site data built
2020-02-08T07:10:47.327Z - info: [15:10:47] Reload for file change: C:\repos\nus-cs2113-AY1920S2\cs2113-website\admin\ip-progress-dashboard-table.mbdf
2020-02-08T07:10:48.332Z - info: Rebuilding affected source files
2020-02-08T07:10:48.352Z - info: Rebuilding 1 pages
2020-02-08T07:10:51.601Z - info: Pages rebuilt
2020-02-08T07:10:51.605Z - info: Site data built
2020-02-08T07:15:19.585Z - info: [15:15:19] Reload for file change: C:\repos\nus-cs2113-AY1920S2\cs2113-website\admin\ip-progress-dashboard-table.mbdf
2020-02-08T07:15:20.599Z - info: Rebuilding affected source files
2020-02-08T07:15:20.599Z - info: Rebuilding 1 pages
2020-02-08T07:15:24.591Z - info: Pages rebuilt
2020-02-08T07:15:24.595Z - info: Site data built
2020-02-08T07:15:47.259Z - info: [15:15:47] Reload for file change: C:\repos\nus-cs2113-AY1920S2\cs2113-website\admin\ip-progress-dashboard-table.mbdf
2020-02-08T07:15:48.263Z - info: Rebuilding affected source files
2020-02-08T07:15:48.263Z - info: Rebuilding 1 pages
2020-02-08T07:15:52.037Z - info: Pages rebuilt
2020-02-08T07:15:52.045Z - info: Site data built
2020-02-08T07:17:22.484Z - info: [15:17:22] Reload for file change: C:\repos\nus-cs2113-AY1920S2\cs2113-website\admin\ip-progress-dashboard-table.mbdf
2020-02-08T07:17:23.492Z - info: Rebuilding affected source files
2020-02-08T07:17:23.492Z - info: Rebuilding 1 pages
2020-02-08T07:17:27.885Z - info: Pages rebuilt
2020-02-08T07:17:27.889Z - info: Site data built
2020-02-08T07:17:41.855Z - info: [15:17:41] Reload for file change: C:\repos\nus-cs2113-AY1920S2\cs2113-website\admin\ip-progress-dashboard-table.mbdf
2020-02-08T07:17:42.863Z - info: Rebuilding affected source files
2020-02-08T07:17:42.867Z - info: Rebuilding 1 pages
2020-02-08T07:17:46.559Z - info: Pages rebuilt
2020-02-08T07:17:46.691Z - info: Site data built
2020-02-08T07:18:11.882Z - info: [15:18:11] Reload for file change: C:\repos\nus-cs2113-AY1920S2\cs2113-website\admin\ip-progress-dashboard-table.mbdf
2020-02-08T07:18:12.892Z - info: Rebuilding affected source files
2020-02-08T07:18:12.892Z - info: Rebuilding 1 pages
2020-02-08T07:18:16.168Z - info: Pages rebuilt
2020-02-08T07:18:16.172Z - info: Site data built
2020-02-08T07:19:24.240Z - info: [15:19:24] Reload for file change: C:\repos\nus-cs2113-AY1920S2\cs2113-website\admin\ip-progress-dashboard-table.mbdf
2020-02-08T07:19:25.252Z - info: Rebuilding affected source files
2020-02-08T07:19:25.252Z - info: Rebuilding 1 pages
2020-02-08T07:19:29.872Z - info: Pages rebuilt
2020-02-08T07:19:29.888Z - info: Site data built
2020-02-08T07:20:14.673Z - info: [15:20:14] Reload for file change: C:\repos\nus-cs2113-AY1920S2\cs2113-website\admin\ip-progress-dashboard.md
2020-02-08T07:20:15.675Z - info: Rebuilding affected source files
2020-02-08T07:20:15.678Z - info: Rebuilding 1 pages
2020-02-08T07:20:21.223Z - info: Pages rebuilt
2020-02-08T07:20:21.231Z - info: Site data built
2020-02-08T07:48:35.728Z - info: [15:48:35] Reload for file change: C:\repos\nus-cs2113-AY1920S2\cs2113-website\admin\ip-progress-dashboard-table.mbdf
2020-02-08T07:48:36.741Z - info: Rebuilding affected source files
2020-02-08T07:48:36.745Z - info: Rebuilding 1 pages
2020-02-08T07:48:41.904Z - info: Pages rebuilt
2020-02-08T07:48:41.908Z - info: Site data built
2020-02-08T07:55:51.250Z - info: [15:55:51] Reload for file change: C:\repos\nus-cs2113-AY1920S2\cs2113-website\admin\ip-progress-dashboard-table.mbdf
2020-02-08T07:55:52.256Z - info: Rebuilding affected source files
2020-02-08T07:55:52.256Z - info: Rebuilding 1 pages
2020-02-08T07:55:58.009Z - info: Pages rebuilt
2020-02-08T07:55:58.013Z - info: Site data built
2020-02-08T07:59:54.813Z - info: [15:59:54] Reload for file change: C:\repos\nus-cs2113-AY1920S2\cs2113-website\admin\ip-progress-dashboard-table.mbdf
2020-02-08T07:59:55.827Z - info: Rebuilding affected source files
2020-02-08T07:59:55.827Z - info: Rebuilding 1 pages
2020-02-08T07:59:59.929Z - info: Pages rebuilt
2020-02-08T07:59:59.933Z - info: Site data built
2020-02-08T08:02:08.045Z - info: [16:02:08] Reload for file change: C:\repos\nus-cs2113-AY1920S2\cs2113-website\admin\ip-progress-dashboard-table.mbdf
2020-02-08T08:02:09.056Z - info: Rebuilding affected source files
2020-02-08T08:02:09.056Z - info: Rebuilding 1 pages
2020-02-08T08:02:12.673Z - info: Pages rebuilt
2020-02-08T08:02:12.677Z - info: Site data built
2020-02-08T08:03:51.387Z - info: [16:03:51] Reload for file change: C:\repos\nus-cs2113-AY1920S2\cs2113-website\admin\ip-progress-dashboard-table.mbdf
2020-02-08T08:03:52.402Z - info: Rebuilding affected source files
2020-02-08T08:03:52.402Z - info: Rebuilding 1 pages
2020-02-08T08:03:55.935Z - info: Pages rebuilt
2020-02-08T08:03:55.939Z - info: Site data built
2020-02-08T08:05:29.969Z - info: [16:05:29] Reload for file change: C:\repos\nus-cs2113-AY1920S2\cs2113-website\admin\ip-progress-dashboard-table.mbdf
2020-02-08T08:05:30.972Z - info: Rebuilding affected source files
2020-02-08T08:05:30.972Z - info: Rebuilding 1 pages
2020-02-08T08:05:34.478Z - info: Pages rebuilt
2020-02-08T08:05:34.482Z - info: Site data built
2020-02-08T08:06:22.846Z - info: [16:06:22] Reload for file change: C:\repos\nus-cs2113-AY1920S2\cs2113-website\admin\ip-progress-dashboard-table.mbdf
2020-02-08T08:06:23.865Z - info: Rebuilding affected source files
2020-02-08T08:06:23.865Z - info: Rebuilding 1 pages
2020-02-08T08:06:27.574Z - info: Pages rebuilt
2020-02-08T08:06:27.578Z - info: Site data built
2020-02-08T08:14:19.693Z - info: [16:14:19] Reload for file change: C:\repos\nus-cs2113-AY1920S2\cs2113-website\admin\ip-progress-dashboard-table.mbdf
2020-02-08T08:14:20.699Z - info: Rebuilding affected source files
2020-02-08T08:14:20.699Z - info: Rebuilding 1 pages
2020-02-08T08:14:24.820Z - info: Pages rebuilt
2020-02-08T08:14:24.868Z - info: Site data built
2020-02-08T08:15:59.444Z - info: [16:15:59] Reload for file change: C:\repos\nus-cs2113-AY1920S2\cs2113-website\admin\ip-progress-dashboard-table.mbdf
2020-02-08T08:16:00.455Z - info: Rebuilding affected source files
2020-02-08T08:16:00.455Z - info: Rebuilding 1 pages
2020-02-08T08:16:03.870Z - info: Pages rebuilt
2020-02-08T08:16:03.874Z - info: Site data built
2020-02-08T08:18:08.782Z - info: [16:18:08] Reload for file change: C:\repos\nus-cs2113-AY1920S2\cs2113-website\admin\ip-progress-dashboard-table.mbdf
2020-02-08T08:18:09.799Z - info: Rebuilding affected source files
2020-02-08T08:18:09.799Z - info: Rebuilding 1 pages
2020-02-08T08:18:13.586Z - info: Pages rebuilt
2020-02-08T08:18:13.590Z - info: Site data built
2020-02-08T08:19:45.323Z - info: [16:19:45] Reload for file change: C:\repos\nus-cs2113-AY1920S2\cs2113-website\admin\ip-progress-dashboard-table.mbdf
2020-02-08T08:19:46.331Z - info: Rebuilding affected source files
2020-02-08T08:19:46.331Z - info: Rebuilding 1 pages
2020-02-08T08:19:49.499Z - info: Pages rebuilt
2020-02-08T08:19:49.503Z - info: Site data built
2020-02-08T08:25:25.237Z - info: [16:25:25] Reload for file change: C:\repos\nus-cs2113-AY1920S2\cs2113-website\admin\ip-progress-dashboard-table.mbdf
2020-02-08T08:25:26.249Z - info: Rebuilding affected source files
2020-02-08T08:25:26.249Z - info: Rebuilding 1 pages
2020-02-08T08:25:29.668Z - info: Pages rebuilt
2020-02-08T08:25:29.672Z - info: Site data built
2020-02-08T08:26:43.521Z - info: [16:26:43] Reload for file change: C:\repos\nus-cs2113-AY1920S2\cs2113-website\admin\ip-progress-dashboard-table.mbdf
2020-02-08T08:26:44.543Z - info: Rebuilding affected source files
2020-02-08T08:26:44.543Z - info: Rebuilding 1 pages
2020-02-08T08:26:48.244Z - info: Pages rebuilt
2020-02-08T08:26:48.252Z - info: Site data built
2020-02-08T08:28:54.676Z - info: [16:28:54] Reload for file change: C:\repos\nus-cs2113-AY1920S2\cs2113-website\admin\ip-progress-dashboard-table.mbdf
2020-02-08T08:28:55.684Z - info: Rebuilding affected source files
2020-02-08T08:28:55.688Z - info: Rebuilding 1 pages
2020-02-08T08:28:59.875Z - info: Pages rebuilt
2020-02-08T08:28:59.899Z - info: Site data built
2020-02-08T08:35:59.834Z - info: [16:35:59] Reload for file change: C:\repos\nus-cs2113-AY1920S2\cs2113-website\admin\ip-progress-dashboard-table.mbdf
2020-02-08T08:36:00.842Z - info: Rebuilding affected source files
2020-02-08T08:36:00.850Z - info: Rebuilding 1 pages
2020-02-08T08:36:04.831Z - info: Pages rebuilt
2020-02-08T08:36:04.835Z - info: Site data built
2020-02-08T08:38:38.700Z - info: [16:38:38] Reload for file change: C:\repos\nus-cs2113-AY1920S2\cs2113-website\admin\ip-progress-dashboard-table.mbdf
2020-02-08T08:38:39.710Z - info: Rebuilding affected source files
2020-02-08T08:38:39.710Z - info: Rebuilding 1 pages
2020-02-08T08:38:42.842Z - info: Pages rebuilt
2020-02-08T08:38:42.858Z - info: Site data built
2020-02-08T08:43:50.345Z - info: [16:43:50] Reload for file change: C:\repos\nus-cs2113-AY1920S2\cs2113-website\admin\ip-progress-dashboard-table.mbdf
2020-02-08T08:43:51.370Z - info: Rebuilding affected source files
2020-02-08T08:43:51.374Z - info: Rebuilding 1 pages
2020-02-08T08:43:54.498Z - info: Pages rebuilt
2020-02-08T08:43:54.502Z - info: Site data built
2020-02-08T08:54:49.672Z - info: [16:54:49] Reload for file change: C:\repos\nus-cs2113-AY1920S2\cs2113-website\admin\ip-progress-dashboard-table.mbdf
2020-02-08T08:54:50.684Z - info: Rebuilding affected source files
2020-02-08T08:54:50.684Z - info: Rebuilding 1 pages
2020-02-08T08:54:54.426Z - info: Pages rebuilt
2020-02-08T08:54:54.430Z - info: Site data built
2020-02-08T08:56:01.428Z - info: [16:56:01] Reload for file change: C:\repos\nus-cs2113-AY1920S2\cs2113-website\admin\ip-progress-dashboard-table.mbdf
2020-02-08T08:56:02.437Z - info: Rebuilding affected source files
2020-02-08T08:56:02.437Z - info: Rebuilding 1 pages
2020-02-08T08:56:05.967Z - info: Pages rebuilt
2020-02-08T08:56:05.971Z - info: Site data built
2020-02-08T09:00:03.627Z - info: [17:00:03] Reload for file change: C:\repos\nus-cs2113-AY1920S2\cs2113-website\admin\ip-progress-dashboard-table.mbdf
2020-02-08T09:00:04.628Z - info: Rebuilding affected source files
2020-02-08T09:00:04.632Z - info: Rebuilding 1 pages
2020-02-08T09:00:08.063Z - info: Pages rebuilt
2020-02-08T09:00:08.087Z - info: Site data built
2020-02-08T09:02:14.598Z - info: [17:02:14] Reload for file change: C:\repos\nus-cs2113-AY1920S2\cs2113-website\admin\ip-progress-dashboard-table.mbdf
2020-02-08T09:02:15.606Z - info: Rebuilding affected source files
2020-02-08T09:02:15.610Z - info: Rebuilding 1 pages
2020-02-08T09:02:18.582Z - info: Pages rebuilt
2020-02-08T09:02:18.608Z - info: Site data built
2020-02-08T09:06:59.392Z - info: [17:06:59] Reload for file change: C:\repos\nus-cs2113-AY1920S2\cs2113-website\admin\ip-progress-dashboard-table.mbdf
2020-02-08T09:07:00.400Z - info: Rebuilding affected source files
2020-02-08T09:07:00.400Z - info: Rebuilding 1 pages
2020-02-08T09:07:03.257Z - info: Pages rebuilt
2020-02-08T09:07:03.261Z - info: Site data built
2020-02-08T09:07:18.238Z - info: [17:07:18] Reload for file change: C:\repos\nus-cs2113-AY1920S2\cs2113-website\admin\ip-progress-dashboard-table.mbdf
2020-02-08T09:07:19.253Z - info: Rebuilding affected source files
2020-02-08T09:07:19.253Z - info: Rebuilding 1 pages
2020-02-08T09:07:22.580Z - info: Pages rebuilt
2020-02-08T09:07:22.592Z - info: Site data built
2020-02-08T09:10:51.718Z - info: [17:10:51] Reload for file change: C:\repos\nus-cs2113-AY1920S2\cs2113-website\admin\ip-progress-dashboard-table.mbdf
2020-02-08T09:10:52.730Z - info: Rebuilding affected source files
2020-02-08T09:10:52.730Z - info: Rebuilding 1 pages
2020-02-08T09:10:56.145Z - info: Pages rebuilt
2020-02-08T09:10:56.149Z - info: Site data built
2020-02-08T09:17:47.996Z - info: [17:17:47] Reload for file change: C:\repos\nus-cs2113-AY1920S2\cs2113-website\admin\ip-progress-dashboard-table.mbdf
2020-02-08T09:17:49.000Z - info: Rebuilding affected source files
2020-02-08T09:17:49.002Z - info: Rebuilding 1 pages
2020-02-08T09:17:51.809Z - info: Pages rebuilt
2020-02-08T09:17:51.812Z - info: Site data built
2020-02-08T09:19:30.987Z - info: [17:19:30] Reload for file change: C:\repos\nus-cs2113-AY1920S2\cs2113-website\admin\ip-progress-dashboard-table.mbdf
2020-02-08T09:19:31.992Z - info: Rebuilding affected source files
2020-02-08T09:19:31.993Z - info: Rebuilding 1 pages
2020-02-08T09:19:34.832Z - info: Pages rebuilt
2020-02-08T09:19:34.835Z - info: Site data built
2020-02-08T09:20:32.788Z - info: [17:20:32] Reload for file change: C:\repos\nus-cs2113-AY1920S2\cs2113-website\admin\ip-progress-dashboard-table.mbdf
2020-02-08T09:20:33.808Z - info: Rebuilding affected source files
2020-02-08T09:20:33.809Z - info: Rebuilding 1 pages
2020-02-08T09:20:37.068Z - info: Pages rebuilt
2020-02-08T09:20:37.078Z - info: Site data built
2020-02-08T09:22:21.919Z - info: [17:22:21] Reload for file change: C:\repos\nus-cs2113-AY1920S2\cs2113-website\_markbind\headers\header.md
2020-02-08T09:22:22.921Z - info: Rebuilding affected source files
2020-02-08T09:22:22.985Z - info: Rebuilding 154 pages
2020-02-08T09:23:32.702Z - debug: The process cannot access the file because it is being used by another process.

2020-02-08T09:23:32.702Z - debug: The process cannot access the file because it is being used by another process.

2020-02-08T09:23:44.163Z - debug:  
2020-02-08T09:23:44.164Z - debug:  
2020-02-08T09:24:51.448Z - info: Pages rebuilt
2020-02-08T09:24:51.504Z - info: Site data built
2020-02-08T09:50:00.606Z - info: [17:50:00] Reload for file deletion: C:\repos\nus-cs2113-AY1920S2\cs2113-website\admin\ip-progress-dashboard-table.mbdf.backup
2020-02-08T09:50:01.621Z - info: Assets removed
2020-02-08T09:51:13.530Z - info: [17:51:13] Reload for file change: C:\repos\nus-cs2113-AY1920S2\cs2113-website\admin\ip-progress-dashboard-table.mbdf
2020-02-08T09:51:14.538Z - info: Rebuilding affected source files
2020-02-08T09:51:14.546Z - info: Rebuilding 1 pages
2020-02-08T09:51:17.325Z - info: Pages rebuilt
2020-02-08T09:51:17.356Z - info: Site data built
2020-02-08T09:55:20.175Z - info: [17:55:20] Reload for file change: C:\repos\nus-cs2113-AY1920S2\cs2113-website\admin\ip-progress-dashboard-table.mbdf
2020-02-08T09:55:21.180Z - info: Rebuilding affected source files
2020-02-08T09:55:21.190Z - info: Rebuilding 1 pages
2020-02-08T09:55:24.243Z - info: Pages rebuilt
2020-02-08T09:55:24.248Z - info: Site data built
2020-02-08T09:59:46.638Z - info: [17:59:46] Reload for file add: C:\repos\nus-cs2113-AY1920S2\cs2113-website\admin\ip-progress-dashboard-table.mbdf.backup
2020-02-08T09:59:46.639Z - info: [17:59:46] Reload for file change: C:\repos\nus-cs2113-AY1920S2\cs2113-website\admin\ip-progress-dashboard-table.mbdf
2020-02-08T09:59:47.650Z - info: Rebuilding affected source files
2020-02-08T09:59:47.653Z - info: Rebuilding 1 pages
2020-02-08T09:59:49.158Z - info: Assets built
2020-02-08T09:59:50.750Z - info: Pages rebuilt
2020-02-08T09:59:50.754Z - info: Site data built
2020-02-08T10:01:13.806Z - info: [18:01:13] Reload for file change: C:\repos\nus-cs2113-AY1920S2\cs2113-website\admin\ip-progress-dashboard-table.mbdf
2020-02-08T10:01:14.809Z - info: Rebuilding affected source files
2020-02-08T10:01:14.811Z - info: Rebuilding 1 pages
2020-02-08T10:01:18.575Z - info: Pages rebuilt
2020-02-08T10:01:18.580Z - info: Site data built
2020-02-08T10:01:30.427Z - info: [18:01:30] Reload for file deletion: C:\repos\nus-cs2113-AY1920S2\cs2113-website\admin\ip-progress-dashboard-table.mbdf.backup
2020-02-08T10:01:31.444Z - info: Assets removed
2020-02-08T10:02:45.074Z - info: [18:02:45] Reload for file change: C:\repos\nus-cs2113-AY1920S2\cs2113-website\admin\ip-progress-dashboard-table.mbdf
2020-02-08T10:02:46.075Z - info: Rebuilding affected source files
2020-02-08T10:02:46.077Z - info: Rebuilding 1 pages
2020-02-08T10:02:49.572Z - info: Pages rebuilt
2020-02-08T10:02:49.576Z - info: Site data built
2020-02-08T10:03:07.860Z - info: [18:03:07] Reload for file add: C:\repos\nus-cs2113-AY1920S2\cs2113-website\admin\ip-progress-dashboard-table.mbdf.backup
2020-02-08T10:03:07.864Z - info: [18:03:07] Reload for file change: C:\repos\nus-cs2113-AY1920S2\cs2113-website\admin\ip-progress-dashboard-table.mbdf
2020-02-08T10:03:07.977Z - info: [18:03:07] Reload for file deletion: C:\repos\nus-cs2113-AY1920S2\cs2113-website\admin\ip-progress-dashboard-table.mbdf.backup
2020-02-08T10:03:08.866Z - info: Rebuilding affected source files
2020-02-08T10:03:08.870Z - info: Rebuilding 1 pages
2020-02-08T10:03:08.874Z - error: ENOENT: no such file or directory, lstat 'C:\repos\nus-cs2113-AY1920S2\cs2113-website\admin\ip-progress-dashboard-table.mbdf.backup'
2020-02-08T10:03:10.404Z - info: Assets removed
2020-02-08T10:03:11.976Z - info: Pages rebuilt
2020-02-08T10:03:11.980Z - info: Site data built
2020-02-08T10:10:17.043Z - info: [18:10:17] Reload for file add: C:\repos\nus-cs2113-AY1920S2\cs2113-website\admin\ip-progress-dashboard-table.mbdf.backup
2020-02-08T10:10:17.049Z - info: [18:10:17] Reload for file change: C:\repos\nus-cs2113-AY1920S2\cs2113-website\admin\ip-progress-dashboard-table.mbdf
2020-02-08T10:10:17.057Z - error: ENOENT: no such file or directory, lstat 'C:\repos\nus-cs2113-AY1920S2\cs2113-website\admin\ip-progress-dashboard-table.mbdf.backup'
2020-02-08T10:10:17.156Z - info: [18:10:17] Reload for file deletion: C:\repos\nus-cs2113-AY1920S2\cs2113-website\admin\ip-progress-dashboard-table.mbdf.backup
2020-02-08T10:10:18.052Z - info: Rebuilding affected source files
2020-02-08T10:10:18.055Z - info: Rebuilding 1 pages
2020-02-08T10:10:19.642Z - info: Assets removed
2020-02-08T10:10:21.244Z - info: Pages rebuilt
2020-02-08T10:10:21.257Z - info: Site data built
2020-02-08T10:11:21.759Z - info: [18:11:21] Reload for file change: C:\repos\nus-cs2113-AY1920S2\cs2113-website\admin\ip-progress-dashboard-table.mbdf
2020-02-08T10:11:22.761Z - info: Rebuilding affected source files
2020-02-08T10:11:22.762Z - info: Rebuilding 1 pages
2020-02-08T10:11:26.051Z - info: Pages rebuilt
2020-02-08T10:11:26.056Z - info: Site data built
2020-02-08T10:11:50.805Z - info: [18:11:50] Reload for file add: C:\repos\nus-cs2113-AY1920S2\cs2113-website\admin\ip-progress-dashboard-table.mbdf.backup
2020-02-08T10:11:50.811Z - info: [18:11:50] Reload for file change: C:\repos\nus-cs2113-AY1920S2\cs2113-website\admin\ip-progress-dashboard-table.mbdf
2020-02-08T10:11:50.819Z - error: ENOENT: no such file or directory, lstat 'C:\repos\nus-cs2113-AY1920S2\cs2113-website\admin\ip-progress-dashboard-table.mbdf.backup'
2020-02-08T10:11:50.919Z - info: [18:11:50] Reload for file deletion: C:\repos\nus-cs2113-AY1920S2\cs2113-website\admin\ip-progress-dashboard-table.mbdf.backup
2020-02-08T10:11:51.812Z - info: Rebuilding affected source files
2020-02-08T10:11:51.815Z - info: Rebuilding 1 pages
2020-02-08T10:11:53.620Z - info: Assets removed
2020-02-08T10:11:55.365Z - info: Pages rebuilt
2020-02-08T10:11:55.371Z - info: Site data built
2020-02-08T10:12:12.999Z - info: [18:12:12] Reload for file add: C:\repos\nus-cs2113-AY1920S2\cs2113-website\admin\ip-progress-dashboard-table.mbdf.backup
2020-02-08T10:12:13.011Z - info: [18:12:13] Reload for file change: C:\repos\nus-cs2113-AY1920S2\cs2113-website\admin\ip-progress-dashboard-table.mbdf
2020-02-08T10:12:13.014Z - error: ENOENT: no such file or directory, lstat 'C:\repos\nus-cs2113-AY1920S2\cs2113-website\admin\ip-progress-dashboard-table.mbdf.backup'
2020-02-08T10:12:13.119Z - info: [18:12:13] Reload for file deletion: C:\repos\nus-cs2113-AY1920S2\cs2113-website\admin\ip-progress-dashboard-table.mbdf.backup
2020-02-08T10:12:14.012Z - info: Rebuilding affected source files
2020-02-08T10:12:14.014Z - info: Rebuilding 1 pages
2020-02-08T10:12:15.740Z - info: Assets removed
2020-02-08T10:12:17.387Z - info: Pages rebuilt
2020-02-08T10:12:17.391Z - info: Site data built
2020-02-08T10:13:01.738Z - info: [18:13:01] Reload for file add: C:\repos\nus-cs2113-AY1920S2\cs2113-website\admin\ip-progress-dashboard-table.mbdf.backup
2020-02-08T10:13:01.742Z - info: [18:13:01] Reload for file change: C:\repos\nus-cs2113-AY1920S2\cs2113-website\admin\ip-progress-dashboard-table.mbdf
2020-02-08T10:13:01.749Z - error: ENOENT: no such file or directory, lstat 'C:\repos\nus-cs2113-AY1920S2\cs2113-website\admin\ip-progress-dashboard-table.mbdf.backup'
2020-02-08T10:13:01.849Z - info: [18:13:01] Reload for file deletion: C:\repos\nus-cs2113-AY1920S2\cs2113-website\admin\ip-progress-dashboard-table.mbdf.backup
2020-02-08T10:13:02.745Z - info: Rebuilding affected source files
2020-02-08T10:13:02.746Z - info: Rebuilding 1 pages
2020-02-08T10:13:04.489Z - info: Assets removed
2020-02-08T10:13:06.230Z - info: Pages rebuilt
2020-02-08T10:13:06.237Z - info: Site data built
2020-02-08T10:24:56.524Z - info: [18:24:56] Reload for file add: C:\repos\nus-cs2113-AY1920S2\cs2113-website\admin\ip-progress-dashboard-table.mbdf.backup
2020-02-08T10:24:56.535Z - info: [18:24:56] Reload for file change: C:\repos\nus-cs2113-AY1920S2\cs2113-website\admin\ip-progress-dashboard-table.mbdf
2020-02-08T10:24:56.536Z - error: ENOENT: no such file or directory, lstat 'C:\repos\nus-cs2113-AY1920S2\cs2113-website\admin\ip-progress-dashboard-table.mbdf.backup'
2020-02-08T10:24:56.635Z - info: [18:24:56] Reload for file deletion: C:\repos\nus-cs2113-AY1920S2\cs2113-website\admin\ip-progress-dashboard-table.mbdf.backup
2020-02-08T10:24:57.536Z - info: Rebuilding affected source files
2020-02-08T10:24:57.539Z - info: Rebuilding 1 pages
2020-02-08T10:24:58.884Z - info: Assets removed
2020-02-08T10:25:00.664Z - info: Pages rebuilt
2020-02-08T10:25:00.669Z - info: Site data built
2020-02-08T10:25:40.001Z - info: [18:25:40] Reload for file add: C:\repos\nus-cs2113-AY1920S2\cs2113-website\admin\ip-progress-dashboard-table.mbdf.backup
2020-02-08T10:25:40.005Z - info: [18:25:40] Reload for file change: C:\repos\nus-cs2113-AY1920S2\cs2113-website\admin\ip-progress-dashboard-table.mbdf
2020-02-08T10:25:40.012Z - error: ENOENT: no such file or directory, lstat 'C:\repos\nus-cs2113-AY1920S2\cs2113-website\admin\ip-progress-dashboard-table.mbdf.backup'
2020-02-08T10:25:40.111Z - info: [18:25:40] Reload for file deletion: C:\repos\nus-cs2113-AY1920S2\cs2113-website\admin\ip-progress-dashboard-table.mbdf.backup
2020-02-08T10:25:41.006Z - info: Rebuilding affected source files
2020-02-08T10:25:41.007Z - info: Rebuilding 1 pages
2020-02-08T10:25:42.948Z - info: Assets removed
2020-02-08T10:25:45.450Z - info: Pages rebuilt
2020-02-08T10:25:45.526Z - info: Site data built
2020-02-08T10:28:49.488Z - info: [18:28:49] Reload for file change: C:\repos\nus-cs2113-AY1920S2\cs2113-website\admin\ip-progress-dashboard-table.mbdf
2020-02-08T10:28:50.490Z - info: Rebuilding affected source files
2020-02-08T10:28:50.492Z - info: Rebuilding 1 pages
2020-02-08T10:28:54.255Z - info: Pages rebuilt
2020-02-08T10:28:54.259Z - info: Site data built
2020-02-08T10:38:51.027Z - info: [18:38:51] Reload for file add: C:\repos\nus-cs2113-AY1920S2\cs2113-website\admin\ip-progress-dashboard-table.mbdf.backup
2020-02-08T10:38:51.032Z - info: [18:38:51] Reload for file change: C:\repos\nus-cs2113-AY1920S2\cs2113-website\admin\ip-progress-dashboard-table.mbdf
2020-02-08T10:38:51.051Z - info: Assets built
2020-02-08T10:38:51.051Z - error: ENOENT: no such file or directory, lstat 'C:\repos\nus-cs2113-AY1920S2\cs2113-website\admin\ip-progress-dashboard-table.mbdf.backup'
2020-02-08T10:38:52.034Z - info: Rebuilding affected source files
2020-02-08T10:38:52.039Z - info: Rebuilding 1 pages
2020-02-08T10:38:56.367Z - info: Pages rebuilt
2020-02-08T10:38:56.393Z - info: Site data built
2020-02-08T10:40:27.299Z - info: [18:40:27] Reload for file change: C:\repos\nus-cs2113-AY1920S2\cs2113-website\admin\ip-progress-dashboard-table.mbdf
2020-02-08T10:40:28.305Z - info: Rebuilding affected source files
2020-02-08T10:40:28.305Z - info: Rebuilding 1 pages
2020-02-08T10:40:32.696Z - info: Pages rebuilt
2020-02-08T10:40:32.704Z - info: Site data built
2020-02-08T10:41:32.352Z - info: [18:41:32] Reload for file change: C:\repos\nus-cs2113-AY1920S2\cs2113-website\admin\ip-progress-dashboard.md
2020-02-08T10:41:33.374Z - info: Rebuilding affected source files
2020-02-08T10:41:33.378Z - info: Rebuilding 1 pages
2020-02-08T10:41:37.846Z - info: Pages rebuilt
2020-02-08T10:41:37.850Z - info: Site data built
2020-02-08T10:45:34.963Z - info: [18:45:34] Reload for file change: C:\repos\nus-cs2113-AY1920S2\cs2113-website\admin\ip-progress-dashboard.md
2020-02-08T10:45:35.973Z - info: Rebuilding affected source files
2020-02-08T10:45:35.973Z - info: Rebuilding 1 pages
2020-02-08T10:45:40.121Z - info: Pages rebuilt
2020-02-08T10:45:40.125Z - info: Site data built
2020-02-08T10:46:53.824Z - info: [18:46:53] Reload for file change: C:\repos\nus-cs2113-AY1920S2\cs2113-website\admin\ip-progress-dashboard-table.mbdf
2020-02-08T10:46:54.850Z - info: Rebuilding affected source files
2020-02-08T10:46:54.850Z - info: Rebuilding 1 pages
2020-02-08T10:47:01.644Z - info: Pages rebuilt
2020-02-08T10:47:01.648Z - info: Site data built
2020-02-08T10:47:16.219Z - info: [18:47:16] Reload for file change: C:\repos\nus-cs2113-AY1920S2\cs2113-website\admin\ip-progress-dashboard-table.mbdf
2020-02-08T10:47:17.232Z - info: Rebuilding affected source files
2020-02-08T10:47:17.232Z - info: Rebuilding 1 pages
2020-02-08T10:47:21.368Z - info: Pages rebuilt
2020-02-08T10:47:21.372Z - info: Site data built
2020-02-08T10:51:35.629Z - info: [18:51:35] Reload for file change: C:\repos\nus-cs2113-AY1920S2\cs2113-website\admin\ip-progress-dashboard-table.mbdf
2020-02-08T10:51:36.635Z - info: Rebuilding affected source files
2020-02-08T10:51:36.643Z - info: Rebuilding 1 pages
2020-02-08T10:51:44.014Z - info: Pages rebuilt
2020-02-08T10:51:44.022Z - info: Site data built
2020-02-08T10:52:31.725Z - info: [18:52:31] Reload for file change: C:\repos\nus-cs2113-AY1920S2\cs2113-website\admin\ip-progress-dashboard-table.mbdf
2020-02-08T10:52:32.734Z - info: Rebuilding affected source files
2020-02-08T10:52:32.734Z - info: Rebuilding 1 pages
2020-02-08T10:52:37.765Z - info: Pages rebuilt
2020-02-08T10:52:37.769Z - info: Site data built
2020-02-08T10:53:07.317Z - info: [18:53:07] Reload for file change: C:\repos\nus-cs2113-AY1920S2\cs2113-website\admin\ip-progress-dashboard-table.mbdf
2020-02-08T10:53:08.321Z - info: Rebuilding affected source files
2020-02-08T10:53:08.321Z - info: Rebuilding 1 pages
2020-02-08T10:53:13.664Z - info: Pages rebuilt
2020-02-08T10:53:13.680Z - info: Site data built
2020-02-08T10:53:25.203Z - info: [18:53:25] Reload for file change: C:\repos\nus-cs2113-AY1920S2\cs2113-website\admin\ip-progress-dashboard-table.mbdf
2020-02-08T10:53:26.213Z - info: Rebuilding affected source files
2020-02-08T10:53:26.213Z - info: Rebuilding 1 pages
2020-02-08T10:53:30.179Z - info: Pages rebuilt
2020-02-08T10:53:30.199Z - info: Site data built
2020-02-08T10:55:57.576Z - info: [18:55:57] Reload for file change: C:\repos\nus-cs2113-AY1920S2\cs2113-website\admin\ip-grading.md
2020-02-08T10:55:58.589Z - info: Rebuilding affected source files
2020-02-08T10:55:58.593Z - info: Rebuilding 5 pages
2020-02-08T10:56:05.952Z - debug: The process cannot access the file because it is being used by another process.

2020-02-08T10:56:07.957Z - debug:  
2020-02-08T10:56:11.303Z - info: Pages rebuilt
2020-02-08T10:56:11.331Z - info: Site data built
2020-02-08T11:01:12.780Z - info: [19:01:12] Reload for file change: C:\repos\nus-cs2113-AY1920S2\cs2113-website\admin\ip-progress-dashboard.md
2020-02-08T11:01:12.808Z - info: [19:01:12] Reload for file change: C:\repos\nus-cs2113-AY1920S2\cs2113-website\admin\ip-grading.md
2020-02-08T11:01:13.798Z - info: Rebuilding affected source files
2020-02-08T11:01:13.802Z - info: Rebuilding 6 pages
2020-02-08T11:01:19.504Z - debug: The process cannot access the file because it is being used by another process.

2020-02-08T11:01:24.109Z - debug:  
2020-02-08T11:01:27.962Z - info: Pages rebuilt
2020-02-08T11:01:28.102Z - info: Site data built
2020-02-08T11:06:45.598Z - info: [19:06:45] Reload for file change: C:\repos\nus-cs2113-AY1920S2\cs2113-website\admin\ip-progress-dashboard.md
2020-02-08T11:06:46.634Z - info: Rebuilding affected source files
2020-02-08T11:06:46.634Z - info: Rebuilding 1 pages
2020-02-08T11:06:50.578Z - info: Pages rebuilt
2020-02-08T11:06:50.582Z - info: Site data built
2020-02-08T11:07:13.183Z - info: [19:07:13] Reload for file change: C:\repos\nus-cs2113-AY1920S2\cs2113-website\admin\ip-progress-dashboard.md
2020-02-08T11:07:14.207Z - info: Rebuilding affected source files
2020-02-08T11:07:14.207Z - info: Rebuilding 1 pages
2020-02-08T11:07:17.430Z - info: Pages rebuilt
2020-02-08T11:07:17.438Z - info: Site data built
2020-02-08T11:07:50.702Z - info: [19:07:50] Reload for file change: C:\repos\nus-cs2113-AY1920S2\cs2113-website\admin\ip-progress-dashboard.md
2020-02-08T11:07:51.717Z - info: Rebuilding affected source files
2020-02-08T11:07:51.717Z - info: Rebuilding 1 pages
2020-02-08T11:07:55.068Z - info: Pages rebuilt
2020-02-08T11:07:55.072Z - info: Site data built
2020-02-08T11:08:57.250Z - info: [19:08:57] Reload for file change: C:\repos\nus-cs2113-AY1920S2\cs2113-website\admin\ip-progress-dashboard.md
2020-02-08T11:08:58.262Z - info: Rebuilding affected source files
2020-02-08T11:08:58.266Z - info: Rebuilding 1 pages
2020-02-08T11:09:01.738Z - info: Pages rebuilt
2020-02-08T11:09:01.742Z - info: Site data built
2020-02-08T11:10:57.371Z - info: [19:10:57] Reload for file deletion: C:\repos\nus-cs2113-AY1920S2\cs2113-website\admin\ip-progress-dashboard-table.mbdf.backup
2020-02-08T11:10:58.377Z - info: Assets removed
2020-02-08T11:11:52.713Z - info: Website generation started at 19:11:46
2020-02-08T11:11:57.687Z - info: Building assets...
2020-02-08T11:12:01.663Z - info: Assets built
2020-02-08T11:12:01.669Z - info: Generating pages...
2020-02-08T11:14:11.014Z - debug: The process cannot access the file because it is being used by another process.

2020-02-08T11:14:11.014Z - debug: The process cannot access the file because it is being used by another process.

2020-02-08T11:14:11.014Z - debug: The process cannot access the file because it is being used by another process.

2020-02-08T11:14:11.014Z - debug: The process cannot access the file because it is being used by another process.

2020-02-08T11:14:11.014Z - debug: The process cannot access the file because it is being used by another process.

2020-02-08T11:14:11.018Z - debug: The process cannot access the file because it is being used by another process.

2020-02-08T11:14:11.018Z - debug: The process cannot access the file because it is being used by another process.

2020-02-08T11:14:11.018Z - debug: The process cannot access the file because it is being used by another process.

2020-02-08T11:14:11.018Z - debug: The process cannot access the file because it is being used by another process.

2020-02-08T11:14:11.198Z - debug: The process cannot access the file because it is being used by another process.

2020-02-08T11:14:12.071Z - debug: The process cannot access the file because it is being used by another process.

2020-02-08T11:14:28.604Z - debug:  
2020-02-08T11:14:28.604Z - debug:  
2020-02-08T11:14:28.605Z - debug:  
2020-02-08T11:14:28.607Z - debug:  
2020-02-08T11:16:04.915Z - info: Pages built
2020-02-08T11:16:38.969Z - info: Website generation complete! Total build time: 292.642s
2020-02-08T11:16:38.969Z - info: Build success!
2020-02-08T11:16:38.981Z - info: Site data built
2020-02-08T11:17:44.934Z - info: Deployed!
2020-02-08T14:03:18.797Z - info: Website generation started at 22:03:11
2020-02-08T14:03:25.373Z - info: Building assets...
2020-02-08T14:03:30.021Z - info: Assets built
2020-02-08T14:03:30.021Z - info: Generating pages...
2020-02-08T14:03:32.858Z - info: Pages built
2020-02-08T14:03:33.174Z - info: Website generation complete! Total build time: 21.198s
2020-02-08T14:03:33.578Z - info: Serving "C:\repos\nus-cs2113-AY1920S2\cs2113-website\_site" at http://127.0.0.1:8080
2020-02-08T14:03:33.578Z - info: Press CTRL+C to stop ...
2020-02-08T14:03:33.642Z - info: Site data built
2020-02-08T14:04:09.819Z - info: [22:04:09] Reload for file change: C:\repos\nus-cs2113-AY1920S2\cs2113-website\admin\ip-progress-dashboard.md
2020-02-08T14:04:10.846Z - info: Rebuilding affected source files
2020-02-08T14:04:10.846Z - info: Rebuilding 1 pages
2020-02-08T14:04:12.974Z - info: Pages rebuilt
2020-02-08T14:04:12.978Z - info: Site data built
2020-02-08T14:04:17.894Z - info: [22:04:17] Reload for file change: C:\repos\nus-cs2113-AY1920S2\cs2113-website\admin\ip-progress-dashboard.md
2020-02-08T14:04:18.912Z - info: Rebuilding affected source files
2020-02-08T14:04:18.912Z - info: Rebuilding 1 pages
2020-02-08T14:04:20.893Z - info: Pages rebuilt
2020-02-08T14:04:20.897Z - info: Site data built
2020-02-08T14:04:44.662Z - info: [22:04:44] Reload for file change: C:\repos\nus-cs2113-AY1920S2\cs2113-website\admin\ip-progress-dashboard.md
2020-02-08T14:04:45.667Z - info: Rebuilding affected source files
2020-02-08T14:04:45.667Z - info: Rebuilding 1 pages
2020-02-08T14:04:47.745Z - info: Pages rebuilt
2020-02-08T14:04:47.753Z - info: Site data built
2020-02-08T14:05:13.441Z - info: [22:05:13] Reload for file change: C:\repos\nus-cs2113-AY1920S2\cs2113-website\admin\ip-progress-dashboard.md
2020-02-08T14:05:14.446Z - info: Rebuilding affected source files
2020-02-08T14:05:14.446Z - info: Rebuilding 1 pages
2020-02-08T14:05:16.593Z - info: Pages rebuilt
2020-02-08T14:05:16.609Z - info: Site data built
2020-02-08T14:05:35.058Z - info: [22:05:35] Reload for file change: C:\repos\nus-cs2113-AY1920S2\cs2113-website\admin\ip-progress-dashboard.md
2020-02-08T14:05:36.103Z - info: Rebuilding affected source files
2020-02-08T14:05:36.103Z - info: Rebuilding 1 pages
2020-02-08T14:05:38.297Z - info: Pages rebuilt
2020-02-08T14:05:38.301Z - info: Site data built
2020-02-08T14:06:15.645Z - info: Website generation started at 22:06:13
2020-02-08T14:06:19.768Z - info: Building assets...
