2020-03-18T16:02:13.785Z - info: Website generation started at 00:02:08
2020-03-18T16:02:19.203Z - info: Building assets...
2020-03-18T16:02:24.673Z - info: Assets built
2020-03-18T16:02:24.673Z - info: Generating pages...
2020-03-18T16:04:13.121Z - debug: The process cannot access the file because it is being used by another process.

2020-03-18T16:04:13.122Z - debug: The process cannot access the file because it is being used by another process.

2020-03-18T16:04:13.123Z - debug: The process cannot access the file because it is being used by another process.

2020-03-18T16:04:13.123Z - debug: The process cannot access the file because it is being used by another process.

2020-03-18T16:04:13.123Z - debug: The process cannot access the file because it is being used by another process.

2020-03-18T16:04:13.125Z - debug: The process cannot access the file because it is being used by another process.

2020-03-18T16:04:13.128Z - debug: The process cannot access the file because it is being used by another process.

2020-03-18T16:04:13.128Z - debug: The process cannot access the file because it is being used by another process.

2020-03-18T16:04:13.128Z - debug: The process cannot access the file because it is being used by another process.

2020-03-18T16:04:13.129Z - debug: The process cannot access the file because it is being used by another process.

2020-03-18T16:04:15.325Z - debug: The process cannot access the file because it is being used by another process.

2020-03-18T16:04:15.325Z - debug: The process cannot access the file because it is being used by another process.

2020-03-18T16:04:15.326Z - debug: The process cannot access the file because it is being used by another process.

2020-03-18T16:04:15.326Z - debug: The process cannot access the file because it is being used by another process.

2020-03-18T16:04:15.326Z - debug: The process cannot access the file because it is being used by another process.

2020-03-18T16:04:15.326Z - debug: The process cannot access the file because it is being used by another process.

2020-03-18T16:04:15.327Z - debug: The process cannot access the file because it is being used by another process.

2020-03-18T16:04:15.327Z - debug: The process cannot access the file because it is being used by another process.

2020-03-18T16:04:15.327Z - debug: The process cannot access the file because it is being used by another process.

2020-03-18T16:04:15.327Z - debug: The process cannot access the file because it is being used by another process.

2020-03-18T16:04:15.327Z - debug: The process cannot access the file because it is being used by another process.

2020-03-18T16:04:15.328Z - debug: The process cannot access the file because it is being used by another process.

2020-03-18T16:04:15.328Z - debug: The process cannot access the file because it is being used by another process.

2020-03-18T16:04:15.328Z - debug: The process cannot access the file because it is being used by another process.

2020-03-18T16:04:15.343Z - debug: The process cannot access the file because it is being used by another process.

2020-03-18T16:04:51.957Z - debug:  
2020-03-18T16:04:51.957Z - debug:  
2020-03-18T16:04:51.957Z - debug:  
2020-03-18T16:04:51.957Z - debug:  
2020-03-18T16:05:55.980Z - debug:  
2020-03-18T16:05:56.088Z - debug:  
2020-03-18T16:05:57.644Z - info: Pages built
2020-03-18T16:06:31.893Z - info: Website generation complete! Total build time: 262.994s
2020-03-18T16:06:31.893Z - info: Build success!
2020-03-18T16:06:31.898Z - info: Site data built
2020-03-18T16:07:07.641Z - info: Deployed!
