2020-02-27T16:01:54.848Z - info: [00:01:54] Reload for file change: C:\repos\nus-cs2113-AY1920S2\cs2113-website\admin\ip-progress-dashboard-table.mbdf
2020-02-27T16:01:55.858Z - info: Rebuilding affected source files
2020-02-27T16:01:55.858Z - info: Rebuilding 1 pages
2020-02-27T16:02:00.301Z - info: Pages rebuilt
2020-02-27T16:02:00.305Z - info: Site data built
2020-02-27T16:05:24.808Z - info: Website generation started at 00:05:22
2020-02-27T16:05:30.192Z - info: Building assets...
2020-02-27T16:05:33.761Z - info: Assets built
2020-02-27T16:05:33.765Z - info: Generating pages...
2020-02-27T16:05:38.028Z - info: Pages built
2020-02-27T16:05:38.359Z - info: Website generation complete! Total build time: 16.16s
2020-02-27T16:05:38.697Z - info: Serving "C:\repos\nus-cs2113-AY1920S2\cs2113-website\_site" at http://127.0.0.1:8080
2020-02-27T16:05:38.698Z - info: Press CTRL+C to stop ...
2020-02-27T16:05:38.769Z - info: Site data built
2020-02-27T16:07:14.339Z - info: Website generation started at 00:07:11
2020-02-27T16:07:21.490Z - info: Building assets...
2020-02-27T16:07:26.201Z - info: Assets built
2020-02-27T16:07:26.205Z - info: Generating pages...
2020-02-27T16:07:30.668Z - info: Pages built
2020-02-27T16:07:31.009Z - info: Website generation complete! Total build time: 19.226s
2020-02-27T16:07:31.413Z - info: Serving "C:\repos\nus-cs2113-AY1920S2\cs2113-website\_site" at http://127.0.0.1:8080
2020-02-27T16:07:31.413Z - info: Press CTRL+C to stop ...
2020-02-27T16:07:31.525Z - info: Site data built
2020-02-27T16:18:31.978Z - info: [00:18:31] Reload for file change: C:\repos\nus-cs2113-AY1920S2\cs2113-website\admin\ip-progress-dashboard-table.mbdf
2020-02-27T16:18:32.989Z - info: Rebuilding affected source files
2020-02-27T16:18:33.009Z - info: Rebuilding 1 pages
2020-02-27T16:18:37.981Z - info: Pages rebuilt
2020-02-27T16:18:37.988Z - info: Site data built
2020-02-27T16:22:09.660Z - info: [00:22:09] Reload for file change: C:\repos\nus-cs2113-AY1920S2\cs2113-website\admin\ip-progress-dashboard-table.mbdf
2020-02-27T16:22:10.669Z - info: Rebuilding affected source files
2020-02-27T16:22:10.669Z - info: Rebuilding 1 pages
2020-02-27T16:22:14.532Z - info: Pages rebuilt
2020-02-27T16:22:14.536Z - info: Site data built
2020-02-28T12:00:58.317Z - info: Website generation started at 20:00:55
2020-02-28T12:01:02.561Z - info: Building assets...
2020-02-28T12:01:06.013Z - info: Assets built
2020-02-28T12:01:06.014Z - info: Generating pages...
2020-02-28T12:02:57.874Z - debug: The process cannot access the file because it is being used by another process.

2020-02-28T12:02:57.878Z - debug: The process cannot access the file because it is being used by another process.

2020-02-28T12:02:57.878Z - debug: The process cannot access the file because it is being used by another process.

2020-02-28T12:02:57.878Z - debug: The process cannot access the file because it is being used by another process.

2020-02-28T12:02:57.879Z - debug: The process cannot access the file because it is being used by another process.

2020-02-28T12:02:57.879Z - debug: The process cannot access the file because it is being used by another process.

2020-02-28T12:02:57.879Z - debug: The process cannot access the file because it is being used by another process.

2020-02-28T12:02:58.537Z - debug: The process cannot access the file because it is being used by another process.

2020-02-28T12:02:58.538Z - debug: The process cannot access the file because it is being used by another process.

2020-02-28T12:02:58.538Z - debug: The process cannot access the file because it is being used by another process.

2020-02-28T12:02:58.538Z - debug: The process cannot access the file because it is being used by another process.

2020-02-28T12:02:58.539Z - debug: The process cannot access the file because it is being used by another process.

2020-02-28T12:02:58.539Z - debug: The process cannot access the file because it is being used by another process.

2020-02-28T12:02:58.539Z - debug: The process cannot access the file because it is being used by another process.

2020-02-28T12:02:58.539Z - debug: The process cannot access the file because it is being used by another process.

2020-02-28T12:02:58.539Z - debug: The process cannot access the file because it is being used by another process.

2020-02-28T12:02:58.540Z - debug: The process cannot access the file because it is being used by another process.

2020-02-28T12:02:58.540Z - debug: The process cannot access the file because it is being used by another process.

2020-02-28T12:02:58.540Z - debug: The process cannot access the file because it is being used by another process.

2020-02-28T12:02:58.540Z - debug: The process cannot access the file because it is being used by another process.

2020-02-28T12:02:58.540Z - debug: The process cannot access the file because it is being used by another process.

2020-02-28T12:02:58.549Z - debug: The process cannot access the file because it is being used by another process.

2020-02-28T12:02:58.550Z - debug: The process cannot access the file because it is being used by another process.

2020-02-28T12:02:58.550Z - debug: The process cannot access the file because it is being used by another process.

2020-02-28T12:02:58.559Z - debug: The process cannot access the file because it is being used by another process.

2020-02-28T12:03:14.560Z - debug:  
2020-02-28T12:03:14.560Z - debug:  
2020-02-28T12:03:14.560Z - debug:  
2020-02-28T12:03:14.560Z - debug:  
2020-02-28T12:04:36.016Z - info: Pages built
2020-02-28T12:05:05.736Z - info: Website generation complete! Total build time: 250.629s
2020-02-28T12:05:06.038Z - info: Serving "C:\repos\nus-cs2113-AY1920S2\cs2113-website\_site" at http://127.0.0.1:8080
2020-02-28T12:05:06.038Z - info: Press CTRL+C to stop ...
2020-02-28T12:05:06.086Z - info: Site data built
2020-02-28T12:08:03.548Z - info: [20:08:03] Reload for file change: C:\repos\nus-cs2113-AY1920S2\cs2113-website\admin\tp-tasks.mbdf
2020-02-28T12:08:04.553Z - info: Rebuilding affected source files
2020-02-28T12:08:04.573Z - info: Rebuilding 39 pages
2020-02-28T12:08:47.260Z - info: Pages rebuilt
2020-02-28T12:08:47.351Z - info: Site data built
2020-02-28T12:24:37.762Z - info: [20:24:37] Reload for file change: C:\repos\nus-cs2113-AY1920S2\cs2113-website\admin\tp-tasks.mbdf
2020-02-28T12:24:38.772Z - info: Rebuilding affected source files
2020-02-28T12:24:38.802Z - info: Rebuilding 39 pages
2020-02-28T12:25:22.917Z - info: Pages rebuilt
2020-02-28T12:25:22.930Z - info: Site data built
2020-02-28T12:25:57.608Z - info: [20:25:57] Reload for file change: C:\repos\nus-cs2113-AY1920S2\cs2113-website\admin\tp-tasks.mbdf
2020-02-28T12:25:58.609Z - info: Rebuilding affected source files
2020-02-28T12:25:58.626Z - info: Rebuilding 39 pages
2020-02-28T12:26:44.814Z - info: Pages rebuilt
2020-02-28T12:26:44.837Z - info: Site data built
2020-02-28T12:26:59.945Z - info: [20:26:59] Reload for file change: C:\repos\nus-cs2113-AY1920S2\cs2113-website\admin\tp-deliverables-dg.mbdf
2020-02-28T12:27:00.953Z - info: Rebuilding affected source files
2020-02-28T12:27:00.958Z - info: Rebuilding 6 pages
2020-02-28T12:27:08.229Z - info: Pages rebuilt
2020-02-28T12:27:08.238Z - info: Site data built
2020-02-28T12:28:49.356Z - info: [20:28:49] Reload for file change: C:\repos\nus-cs2113-AY1920S2\cs2113-website\admin\tp-deliverables-dg.mbdf
2020-02-28T12:28:50.357Z - info: Rebuilding affected source files
2020-02-28T12:28:50.360Z - info: Rebuilding 6 pages
2020-02-28T12:28:58.903Z - info: Pages rebuilt
2020-02-28T12:28:58.914Z - info: Site data built
2020-02-28T12:29:45.862Z - info: [20:29:45] Reload for file change: C:\repos\nus-cs2113-AY1920S2\cs2113-website\admin\tp-deliverables-dg.mbdf
2020-02-28T12:29:46.863Z - info: Rebuilding affected source files
2020-02-28T12:29:46.871Z - info: Rebuilding 6 pages
2020-02-28T12:29:55.517Z - info: Pages rebuilt
2020-02-28T12:29:55.524Z - info: Site data built
2020-02-28T12:30:42.880Z - info: [20:30:42] Reload for file change: C:\repos\nus-cs2113-AY1920S2\cs2113-website\admin\tp-deliverables-dg.mbdf
2020-02-28T12:30:43.887Z - info: Rebuilding affected source files
2020-02-28T12:30:43.891Z - info: Rebuilding 6 pages
2020-02-28T12:30:51.676Z - info: Pages rebuilt
2020-02-28T12:30:51.681Z - info: Site data built
2020-02-28T12:31:01.271Z - info: [20:31:01] Reload for file change: C:\repos\nus-cs2113-AY1920S2\cs2113-website\admin\tp-deliverables-dg.mbdf
2020-02-28T12:31:02.272Z - info: Rebuilding affected source files
2020-02-28T12:31:02.276Z - info: Rebuilding 6 pages
2020-02-28T12:31:09.499Z - info: Pages rebuilt
2020-02-28T12:31:09.505Z - info: Site data built
2020-02-28T12:32:45.827Z - info: [20:32:45] Reload for file change: C:\repos\nus-cs2113-AY1920S2\cs2113-website\admin\tp-deliverables-dg.mbdf
2020-02-28T12:32:46.829Z - info: Rebuilding affected source files
2020-02-28T12:32:46.841Z - info: Rebuilding 6 pages
2020-02-28T12:32:54.671Z - info: Pages rebuilt
2020-02-28T12:32:54.683Z - info: Site data built
2020-02-28T12:33:38.613Z - info: [20:33:38] Reload for file change: C:\repos\nus-cs2113-AY1920S2\cs2113-website\admin\tools-reposense.mbdf
2020-02-28T12:33:39.620Z - info: Rebuilding affected source files
2020-02-28T12:33:39.626Z - info: Rebuilding 5 pages
2020-02-28T12:33:45.615Z - info: Pages rebuilt
2020-02-28T12:33:45.620Z - info: Site data built
2020-02-28T12:37:59.456Z - info: [20:37:59] Reload for file change: C:\repos\nus-cs2113-AY1920S2\cs2113-website\admin\tools-reposense.mbdf
2020-02-28T12:38:00.463Z - info: Rebuilding affected source files
2020-02-28T12:38:00.469Z - info: Rebuilding 5 pages
2020-02-28T12:38:06.692Z - info: Pages rebuilt
2020-02-28T12:38:06.703Z - info: Site data built
2020-02-28T12:38:53.740Z - info: [20:38:53] Reload for file change: C:\repos\nus-cs2113-AY1920S2\cs2113-website\admin\tools-reposense.mbdf
2020-02-28T12:38:54.747Z - info: Rebuilding affected source files
2020-02-28T12:38:54.752Z - info: Rebuilding 5 pages
2020-02-28T12:39:00.594Z - info: Pages rebuilt
2020-02-28T12:39:00.609Z - info: Site data built
2020-02-28T13:28:00.210Z - info: [21:28:00] Reload for file change: C:\repos\nus-cs2113-AY1920S2\cs2113-website\schedule\week11\tutorial-cs2113.mbdf
2020-02-28T13:28:00.225Z - info: [21:28:00] Reload for file change: C:\repos\nus-cs2113-AY1920S2\cs2113-website\schedule\week10\tutorial-cs2113.mbdf
2020-02-28T13:28:01.220Z - info: Rebuilding affected source files
2020-02-28T13:28:01.245Z - info: Rebuilding 2 pages
2020-02-28T13:28:02.765Z - info: Pages rebuilt
2020-02-28T13:28:02.773Z - info: Site data built
2020-02-28T13:29:15.440Z - info: [21:29:15] Reload for file change: C:\repos\nus-cs2113-AY1920S2\cs2113-website\schedule\week11\tutorial-cs2113.mbdf
2020-02-28T13:29:16.447Z - info: Rebuilding affected source files
2020-02-28T13:29:16.451Z - info: Rebuilding 1 pages
2020-02-28T13:29:17.607Z - info: Pages rebuilt
2020-02-28T13:29:17.832Z - info: Site data built
2020-02-28T13:29:54.461Z - info: [21:29:54] Reload for file change: C:\repos\nus-cs2113-AY1920S2\cs2113-website\schedule\week10\tutorial-cs2113.mbdf
2020-02-28T13:29:55.466Z - info: Rebuilding affected source files
2020-02-28T13:29:55.466Z - info: Rebuilding 1 pages
2020-02-28T13:29:56.911Z - info: Pages rebuilt
2020-02-28T13:29:56.915Z - info: Site data built
2020-02-28T13:31:30.830Z - info: [21:31:30] Reload for file change: C:\repos\nus-cs2113-AY1920S2\cs2113-website\schedule\week10\tutorial-cs2113.mbdf
2020-02-28T13:31:31.837Z - info: Rebuilding affected source files
2020-02-28T13:31:31.841Z - info: Rebuilding 1 pages
2020-02-28T13:31:33.618Z - info: Pages rebuilt
2020-02-28T13:31:33.630Z - info: Site data built
2020-02-28T13:32:35.859Z - info: [21:32:35] Reload for file change: C:\repos\nus-cs2113-AY1920S2\cs2113-website\schedule\week10\tutorial-cs2113.mbdf
2020-02-28T13:32:36.864Z - info: Rebuilding affected source files
2020-02-28T13:32:36.868Z - info: Rebuilding 1 pages
2020-02-28T13:32:37.901Z - info: Pages rebuilt
2020-02-28T13:32:37.901Z - info: Site data built
2020-02-28T13:38:17.393Z - info: [21:38:17] Reload for file change: C:\repos\nus-cs2113-AY1920S2\cs2113-website\admin\tp-tasks.mbdf
2020-02-28T13:38:18.407Z - info: Rebuilding affected source files
2020-02-28T13:38:18.427Z - info: Rebuilding 39 pages
2020-02-28T13:39:45.873Z - info: Pages rebuilt
2020-02-28T13:39:45.901Z - info: Site data built
2020-02-28T13:41:06.001Z - info: [21:41:05] Reload for file change: C:\repos\nus-cs2113-AY1920S2\cs2113-website\schedule\week11\tutorial-cs2113.mbdf
2020-02-28T13:41:06.009Z - info: [21:41:06] Reload for file change: C:\repos\nus-cs2113-AY1920S2\cs2113-website\schedule\week12\tutorial-cs2113.mbdf
2020-02-28T13:41:07.005Z - info: Rebuilding affected source files
2020-02-28T13:41:07.005Z - info: Rebuilding 2 pages
2020-02-28T13:41:08.252Z - info: Pages rebuilt
2020-02-28T13:41:08.256Z - info: Site data built
2020-02-28T13:45:32.417Z - info: [21:45:32] Reload for file change: C:\repos\nus-cs2113-AY1920S2\cs2113-website\admin\tp-tasks.mbdf
2020-02-28T13:45:33.441Z - info: Rebuilding affected source files
2020-02-28T13:45:33.461Z - info: Rebuilding 39 pages
2020-02-28T13:46:54.508Z - info: Pages rebuilt
2020-02-28T13:46:54.692Z - info: Site data built
2020-02-28T14:57:08.685Z - info: Website generation started at 22:56:59
2020-02-28T14:57:14.179Z - info: Building assets...
2020-02-28T14:57:18.634Z - info: Assets built
2020-02-28T14:57:18.635Z - info: Generating pages...
2020-02-28T14:59:29.632Z - debug: The process cannot access the file because it is being used by another process.

2020-02-28T14:59:29.636Z - debug: The process cannot access the file because it is being used by another process.

2020-02-28T14:59:29.636Z - debug: The process cannot access the file because it is being used by another process.

2020-02-28T14:59:29.636Z - debug: The process cannot access the file because it is being used by another process.

2020-02-28T14:59:29.636Z - debug: The process cannot access the file because it is being used by another process.

2020-02-28T14:59:29.636Z - debug: The process cannot access the file because it is being used by another process.

2020-02-28T14:59:29.636Z - debug: The process cannot access the file because it is being used by another process.

2020-02-28T14:59:32.029Z - debug: The process cannot access the file because it is being used by another process.

2020-02-28T14:59:32.029Z - debug: The process cannot access the file because it is being used by another process.

2020-02-28T14:59:32.029Z - debug: The process cannot access the file because it is being used by another process.

2020-02-28T14:59:32.029Z - debug: The process cannot access the file because it is being used by another process.

2020-02-28T14:59:32.029Z - debug: The process cannot access the file because it is being used by another process.

2020-02-28T14:59:32.033Z - debug: The process cannot access the file because it is being used by another process.

2020-02-28T14:59:32.033Z - debug: The process cannot access the file because it is being used by another process.

2020-02-28T14:59:32.033Z - debug: The process cannot access the file because it is being used by another process.

2020-02-28T14:59:32.033Z - debug: The process cannot access the file because it is being used by another process.

2020-02-28T14:59:32.033Z - debug: The process cannot access the file because it is being used by another process.

2020-02-28T14:59:32.033Z - debug: The process cannot access the file because it is being used by another process.

2020-02-28T14:59:32.033Z - debug: The process cannot access the file because it is being used by another process.

2020-02-28T14:59:32.033Z - debug: The process cannot access the file because it is being used by another process.

2020-02-28T14:59:32.033Z - debug: The process cannot access the file because it is being used by another process.

2020-02-28T14:59:32.037Z - debug: The process cannot access the file because it is being used by another process.

2020-02-28T14:59:32.037Z - debug: The process cannot access the file because it is being used by another process.

2020-02-28T14:59:32.041Z - debug: The process cannot access the file because it is being used by another process.

2020-02-28T14:59:32.053Z - debug: The process cannot access the file because it is being used by another process.

2020-02-28T15:00:09.952Z - debug:  
2020-02-28T15:00:09.952Z - debug:  
2020-02-28T15:00:09.956Z - debug:  
2020-02-28T15:00:09.956Z - debug:  
2020-02-28T15:01:20.920Z - info: Pages built
2020-02-28T15:01:55.425Z - info: Website generation complete! Total build time: 295.436s
2020-02-28T15:01:55.425Z - info: Build success!
2020-02-28T15:01:55.429Z - info: Site data built
2020-02-28T15:03:02.683Z - info: Deployed!
