2020-01-05T13:49:56.569Z - info: Website generation started at 21:49:50
2020-01-05T13:50:03.495Z - info: Building assets...
2020-01-05T13:50:08.690Z - info: Assets built
2020-01-05T13:50:08.690Z - info: Generating pages...
2020-01-05T13:52:28.829Z - debug: The process cannot access the file because it is being used by another process.

2020-01-05T13:52:30.580Z - debug: The process cannot access the file because it is being used by another process.

2020-01-05T13:52:30.612Z - debug: The process cannot access the file because it is being used by another process.

2020-01-05T13:52:30.612Z - debug: The process cannot access the file because it is being used by another process.

2020-01-05T13:52:30.612Z - debug: The process cannot access the file because it is being used by another process.

2020-01-05T13:52:30.612Z - debug: The process cannot access the file because it is being used by another process.

2020-01-05T13:52:30.612Z - debug: The process cannot access the file because it is being used by another process.

2020-01-05T13:52:30.616Z - debug: The process cannot access the file because it is being used by another process.

2020-01-05T13:52:30.616Z - debug: The process cannot access the file because it is being used by another process.

2020-01-05T13:52:31.041Z - debug: The process cannot access the file because it is being used by another process.

2020-01-05T13:53:29.333Z - debug:  
2020-01-05T13:53:29.333Z - debug:  
2020-01-05T13:53:29.333Z - debug:  
2020-01-05T13:53:29.333Z - debug:  
2020-01-05T13:54:14.926Z - info: Pages built
2020-01-05T13:54:50.651Z - info: Website generation complete! Total build time: 300.384s
2020-01-05T13:54:50.984Z - info: Serving "C:\repos\nus-cs2113-AY1920S2\cs2113-website\_site" at http://127.0.0.1:8080
2020-01-05T13:54:50.988Z - info: Press CTRL+C to stop ...
2020-01-05T13:54:51.056Z - info: Site data built
2020-01-05T14:03:50.611Z - info: [22:03:50] Reload for file change: C:\repos\nus-cs2113-AY1920S2\cs2113-website\admin\tp-grading.md
2020-01-05T14:03:50.643Z - info: [22:03:50] Reload for file change: C:\repos\nus-cs2113-AY1920S2\cs2113-website\admin\tp-tasks.mbdf
2020-01-05T14:03:51.615Z - info: Rebuilding affected source files
2020-01-05T14:03:51.631Z - info: Rebuilding 37 pages
2020-01-05T14:04:37.582Z - debug:  
2020-01-05T14:04:46.748Z - info: Pages rebuilt
2020-01-05T14:04:46.784Z - info: Site data built
2020-01-05T14:05:01.320Z - info: [22:05:01] Reload for file change: C:\repos\nus-cs2113-AY1920S2\cs2113-website\admin\tp-tasks.mbdf
2020-01-05T14:05:02.325Z - info: Rebuilding affected source files
2020-01-05T14:05:02.333Z - info: Rebuilding 35 pages
2020-01-05T14:05:37.676Z - info: [22:05:37] Reload for file change: C:\repos\nus-cs2113-AY1920S2\cs2113-website\admin\tp-tasks.mbdf
2020-01-05T14:05:55.202Z - info: Pages rebuilt
2020-01-05T14:05:55.218Z - info: Site data built
2020-01-05T14:05:55.302Z - info: Rebuilding affected source files
2020-01-05T14:05:55.310Z - info: Rebuilding 35 pages
2020-01-05T14:06:56.182Z - info: Pages rebuilt
2020-01-05T14:06:56.202Z - info: Site data built
2020-01-05T14:08:54.222Z - info: [22:08:54] Reload for file change: C:\repos\nus-cs2113-AY1920S2\cs2113-website\admin\ip-tasks.mbdf
2020-01-05T14:08:55.236Z - info: Rebuilding affected source files
2020-01-05T14:08:55.256Z - info: Rebuilding 20 pages
2020-01-05T14:09:38.257Z - info: Pages rebuilt
2020-01-05T14:09:38.272Z - info: Site data built
2020-01-05T14:24:33.979Z - info: [22:24:33] Reload for file change: C:\repos\nus-cs2113-AY1920S2\cs2113-website\schedule\week6\tutorial-cs2103.mbdf
2020-01-05T14:24:34.987Z - info: Rebuilding affected source files
2020-01-05T14:24:34.988Z - info: Rebuilding 0 pages
2020-01-05T14:24:34.990Z - info: Pages rebuilt
2020-01-05T14:24:34.997Z - info: Site data built
2020-01-05T14:24:52.175Z - info: [22:24:52] Reload for file add: C:\repos\nus-cs2113-AY1920S2\cs2113-website\schedule\week6\tutorial-cs2113.mbdf
2020-01-05T14:24:53.180Z - warn: Rebuilding all source files
2020-01-05T14:24:55.783Z - info: Assets removed
2020-01-05T14:24:55.783Z - info: Generating pages...
2020-01-05T14:27:21.333Z - info: [22:27:21] Reload for file change: C:\repos\nus-cs2113-AY1920S2\cs2113-website\schedule\week6\tutorial-cs2113.mbdf
2020-01-05T14:27:21.706Z - debug: The process cannot access the file because it is being used by another process.

2020-01-05T14:27:21.706Z - debug: The process cannot access the file because it is being used by another process.

2020-01-05T14:27:21.706Z - debug: The process cannot access the file because it is being used by another process.

2020-01-05T14:27:21.710Z - debug: The process cannot access the file because it is being used by another process.

2020-01-05T14:27:21.710Z - debug: The process cannot access the file because it is being used by another process.

2020-01-05T14:27:21.710Z - debug: The process cannot access the file because it is being used by another process.

2020-01-05T14:27:21.710Z - debug: The process cannot access the file because it is being used by another process.

2020-01-05T14:27:21.710Z - debug: The process cannot access the file because it is being used by another process.

2020-01-05T14:27:21.710Z - debug: The process cannot access the file because it is being used by another process.

2020-01-05T14:27:21.722Z - debug: The process cannot access the file because it is being used by another process.

2020-01-05T14:27:22.352Z - info: Rebuilding affected source files
2020-01-05T14:27:22.356Z - info: Rebuilding 0 pages
2020-01-05T14:27:22.825Z - info: Pages rebuilt
2020-01-05T14:27:29.604Z - debug:  
2020-01-05T14:27:29.604Z - debug:  
2020-01-05T14:27:29.803Z - debug:  
2020-01-05T14:27:29.803Z - debug:  
2020-01-05T14:27:29.806Z - info: Site data built
2020-01-05T14:29:25.815Z - info: Pages built
2020-01-05T14:29:54.532Z - info: [22:29:54] Reload for file change: C:\repos\nus-cs2113-AY1920S2\cs2113-website\schedule\week6\tutorial-cs2113.mbdf
2020-01-05T14:29:55.536Z - info: Rebuilding affected source files
2020-01-05T14:29:55.536Z - info: Rebuilding 1 pages
2020-01-05T14:29:55.748Z - info: Pages rebuilt
2020-01-05T14:29:55.752Z - info: Site data built
2020-01-05T14:29:55.892Z - info: [22:29:55] Reload for file change: C:\repos\nus-cs2113-AY1920S2\cs2113-website\schedule\week6\tutorial-cs2113.mbdf
2020-01-05T14:29:56.896Z - info: Rebuilding affected source files
2020-01-05T14:29:56.900Z - info: Rebuilding 1 pages
2020-01-05T14:29:57.284Z - info: Pages rebuilt
2020-01-05T14:29:57.316Z - info: Site data built
2020-01-05T14:52:36.953Z - info: [22:52:36] Reload for file change: C:\repos\nus-cs2113-AY1920S2\cs2113-website\admin\ip-tasks.mbdf
2020-01-05T14:52:37.962Z - info: Rebuilding affected source files
2020-01-05T14:52:37.971Z - info: Rebuilding 20 pages
2020-01-05T14:53:12.418Z - info: Pages rebuilt
2020-01-05T14:53:12.439Z - info: Site data built
2020-01-05T14:53:40.997Z - info: [22:53:40] Reload for file change: C:\repos\nus-cs2113-AY1920S2\cs2113-website\admin\ip-tasks.mbdf
2020-01-05T14:53:42.010Z - info: Rebuilding affected source files
2020-01-05T14:53:42.018Z - info: Rebuilding 20 pages
2020-01-05T14:54:15.288Z - info: Pages rebuilt
2020-01-05T14:54:15.300Z - info: Site data built
2020-01-05T14:54:37.458Z - info: [22:54:37] Reload for file change: C:\repos\nus-cs2113-AY1920S2\cs2113-website\admin\ip-tasks.mbdf
2020-01-05T14:54:38.459Z - info: Rebuilding affected source files
2020-01-05T14:54:38.463Z - info: Rebuilding 20 pages
2020-01-05T14:55:07.991Z - info: Pages rebuilt
2020-01-05T14:55:08.087Z - info: Site data built
2020-01-05T14:57:12.822Z - info: Website generation started at 22:57:07
2020-01-05T14:57:16.538Z - info: Building assets...
2020-01-05T14:57:19.341Z - info: Assets built
2020-01-05T14:57:19.341Z - info: Generating pages...
2020-01-05T14:57:22.301Z - info: Pages built
2020-01-05T14:57:22.436Z - info: Website generation complete! Total build time: 14.967s
2020-01-05T14:57:22.733Z - info: Serving "C:\repos\nus-cs2113-AY1920S2\cs2113-website\_site" at http://127.0.0.1:8080
2020-01-05T14:57:22.734Z - info: Press CTRL+C to stop ...
2020-01-05T14:57:22.820Z - info: Site data built
2020-01-05T15:08:59.981Z - info: [23:08:59] Reload for file change: C:\repos\nus-cs2113-AY1920S2\cs2113-website\admin\ip-tasks.mbdf
2020-01-05T15:09:00.994Z - info: Rebuilding affected source files
2020-01-05T15:09:00.998Z - info: Rebuilding 1 pages
2020-01-05T15:09:04.069Z - info: Pages rebuilt
2020-01-05T15:09:04.079Z - info: Site data built
2020-01-05T15:09:32.812Z - info: [23:09:32] Reload for file change: C:\repos\nus-cs2113-AY1920S2\cs2113-website\admin\ip-tasks.mbdf
2020-01-05T15:09:33.813Z - info: Rebuilding affected source files
2020-01-05T15:09:33.814Z - info: Rebuilding 1 pages
2020-01-05T15:09:36.356Z - info: Pages rebuilt
2020-01-05T15:09:36.363Z - info: Site data built
2020-01-05T15:09:53.756Z - info: [23:09:53] Reload for file change: C:\repos\nus-cs2113-AY1920S2\cs2113-website\admin\ip-tasks.mbdf
2020-01-05T15:09:54.758Z - info: Rebuilding affected source files
2020-01-05T15:09:54.761Z - info: Rebuilding 1 pages
2020-01-05T15:09:57.123Z - info: Pages rebuilt
2020-01-05T15:09:57.131Z - info: Site data built
2020-01-05T15:12:14.480Z - info: [23:12:14] Reload for file change: C:\repos\nus-cs2113-AY1920S2\cs2113-website\admin\ip-tasks.mbdf
2020-01-05T15:12:15.490Z - info: Rebuilding affected source files
2020-01-05T15:12:15.491Z - info: Rebuilding 1 pages
2020-01-05T15:12:18.283Z - info: Pages rebuilt
2020-01-05T15:12:18.290Z - info: Site data built
2020-01-05T15:12:33.601Z - info: Website generation started at 23:12:31
2020-01-05T15:12:36.667Z - info: Building assets...
2020-01-05T15:12:39.576Z - info: Assets built
2020-01-05T15:12:39.576Z - info: Generating pages...
2020-01-05T15:12:42.336Z - info: Pages built
2020-01-05T15:12:42.467Z - info: Website generation complete! Total build time: 10.843s
2020-01-05T15:12:42.761Z - info: Serving "C:\repos\nus-cs2113-AY1920S2\cs2113-website\_site" at http://127.0.0.1:8080
2020-01-05T15:12:42.761Z - info: Press CTRL+C to stop ...
2020-01-05T15:12:42.809Z - info: Site data built
2020-01-05T15:19:58.647Z - info: [23:19:58] Reload for file change: C:\repos\nus-cs2113-AY1920S2\cs2113-website\schedule\week7\project-cs2113.mbdf
2020-01-05T15:19:59.651Z - info: Rebuilding affected source files
2020-01-05T15:19:59.653Z - info: Rebuilding 1 pages
2020-01-05T15:20:02.426Z - info: Pages rebuilt
2020-01-05T15:20:02.433Z - info: Site data built
2020-01-05T15:21:56.637Z - info: [23:21:56] Reload for file change: C:\repos\nus-cs2113-AY1920S2\cs2113-website\admin\tp-tasks.mbdf
2020-01-05T15:21:57.650Z - info: Rebuilding affected source files
2020-01-05T15:21:57.651Z - info: Rebuilding 1 pages
2020-01-05T15:22:00.130Z - info: Pages rebuilt
2020-01-05T15:22:00.137Z - info: Site data built
2020-01-05T15:23:05.472Z - info: [23:23:05] Reload for file change: C:\repos\nus-cs2113-AY1920S2\cs2113-website\admin\tp-tasks.mbdf
2020-01-05T15:23:06.475Z - info: Rebuilding affected source files
2020-01-05T15:23:06.476Z - info: Rebuilding 1 pages
2020-01-05T15:23:08.943Z - info: Pages rebuilt
2020-01-05T15:23:08.947Z - info: Site data built
2020-01-05T15:26:32.242Z - info: [23:26:32] Reload for file change: C:\repos\nus-cs2113-AY1920S2\cs2113-website\admin\tp-tasks.mbdf
2020-01-05T15:26:33.245Z - info: Rebuilding affected source files
2020-01-05T15:26:33.250Z - info: Rebuilding 1 pages
2020-01-05T15:26:36.195Z - info: Pages rebuilt
2020-01-05T15:26:36.202Z - info: Site data built
2020-01-05T15:28:21.838Z - info: [23:28:21] Reload for file change: C:\repos\nus-cs2113-AY1920S2\cs2113-website\admin\tp-tasks.mbdf
2020-01-05T15:28:22.848Z - info: Rebuilding affected source files
2020-01-05T15:28:22.850Z - info: Rebuilding 1 pages
2020-01-05T15:28:25.341Z - info: Pages rebuilt
2020-01-05T15:28:25.346Z - info: Site data built
2020-01-05T15:28:46.983Z - info: Website generation started at 23:28:44
2020-01-05T15:28:50.617Z - info: Building assets...
2020-01-05T15:28:53.836Z - info: Assets built
2020-01-05T15:28:53.836Z - info: Generating pages...
2020-01-05T15:28:55.956Z - info: Pages built
2020-01-05T15:28:56.167Z - info: Website generation complete! Total build time: 11.772s
2020-01-05T15:28:56.506Z - info: Serving "C:\repos\nus-cs2113-AY1920S2\cs2113-website\_site" at http://127.0.0.1:8080
2020-01-05T15:28:56.506Z - info: Press CTRL+C to stop ...
2020-01-05T15:28:56.553Z - info: Site data built
2020-01-05T15:29:31.039Z - info: Website generation started at 23:29:28
2020-01-05T15:29:34.368Z - info: Building assets...
2020-01-05T15:29:37.338Z - info: Assets built
2020-01-05T15:29:37.339Z - info: Generating pages...
2020-01-05T15:29:37.950Z - info: Pages built
2020-01-05T15:29:38.024Z - info: Website generation complete! Total build time: 9.108s
2020-01-05T15:29:38.322Z - info: Serving "C:\repos\nus-cs2113-AY1920S2\cs2113-website\_site" at http://127.0.0.1:8080
2020-01-05T15:29:38.322Z - info: Press CTRL+C to stop ...
2020-01-05T15:29:38.376Z - info: Site data built
2020-01-05T15:30:44.054Z - info: [23:30:44] Reload for file change: C:\repos\nus-cs2113-AY1920S2\cs2113-website\admin\ip-tasks.mbdf
2020-01-05T15:30:45.060Z - info: Rebuilding affected source files
2020-01-05T15:30:45.061Z - info: Rebuilding 0 pages
2020-01-05T15:30:45.062Z - info: Pages rebuilt
2020-01-05T15:30:45.078Z - info: Site data built
2020-01-05T15:31:35.285Z - info: [23:31:35] Reload for file change: C:\repos\nus-cs2113-AY1920S2\cs2113-website\admin\admin-tasks.mbdf
2020-01-05T15:31:36.286Z - info: Rebuilding affected source files
2020-01-05T15:31:36.286Z - info: Rebuilding 1 pages
2020-01-05T15:31:36.715Z - info: Pages rebuilt
2020-01-05T15:31:36.721Z - info: Site data built
2020-01-05T15:31:55.076Z - info: Website generation started at 23:31:52
2020-01-05T15:31:58.229Z - info: Building assets...
2020-01-05T15:32:01.151Z - info: Assets built
2020-01-05T15:32:01.152Z - info: Generating pages...
2020-01-05T15:32:01.658Z - info: Pages built
2020-01-05T15:32:01.733Z - info: Website generation complete! Total build time: 9.077s
2020-01-05T15:32:02.027Z - info: Serving "C:\repos\nus-cs2113-AY1920S2\cs2113-website\_site" at http://127.0.0.1:8080
2020-01-05T15:32:02.027Z - info: Press CTRL+C to stop ...
2020-01-05T15:32:02.074Z - info: Site data built
2020-01-05T15:32:27.368Z - info: [23:32:27] Reload for file add: C:\repos\nus-cs2113-AY1920S2\cs2113-website\schedule\week7\tutorial-cs2113.mbdf
2020-01-05T15:32:28.369Z - warn: Rebuilding all source files
2020-01-05T15:32:31.020Z - info: Assets removed
2020-01-05T15:32:31.020Z - info: Generating pages...
2020-01-05T15:32:31.071Z - error:  Template render error: (C:\repos\nus-cs2113-AY1920S2\cs2113-website\schedule\week7\tutorial-cs2113.mbdf)
  Error: template not found: data-cs2113/studentData.njk
    at Object._prettifyError (C:\Users\damithch\AppData\Roaming\npm\node_modules\markbind-cli\node_modules\nunjucks\src\lib.js:36:11)
    at C:\Users\damithch\AppData\Roaming\npm\node_modules\markbind-cli\node_modules\nunjucks\src\environment.js:567:19
    at eval (eval at _compile (C:\Users\damithch\AppData\Roaming\npm\node_modules\markbind-cli\node_modules\nunjucks\src\environment.js:637:18), <anonymous>:38:11)
    at createTemplate (C:\Users\damithch\AppData\Roaming\npm\node_modules\markbind-cli\node_modules\nunjucks\src\environment.js:295:11)
    at next (C:\Users\damithch\AppData\Roaming\npm\node_modules\markbind-cli\node_modules\nunjucks\src\lib.js:282:7)
    at handle (C:\Users\damithch\AppData\Roaming\npm\node_modules\markbind-cli\node_modules\nunjucks\src\environment.js:329:11)
    at C:\Users\damithch\AppData\Roaming\npm\node_modules\markbind-cli\node_modules\nunjucks\src\environment.js:339:9
    at next (C:\Users\damithch\AppData\Roaming\npm\node_modules\markbind-cli\node_modules\nunjucks\src\lib.js:280:7)
    at Object.asyncIter (C:\Users\damithch\AppData\Roaming\npm\node_modules\markbind-cli\node_modules\nunjucks\src\lib.js:286:3)
    at Environment.getTemplate (C:\Users\damithch\AppData\Roaming\npm\node_modules\markbind-cli\node_modules\nunjucks\src\environment.js:321:9)
    at eval (eval at _compile (C:\Users\damithch\AppData\Roaming\npm\node_modules\markbind-cli\node_modules\nunjucks\src\environment.js:637:18), <anonymous>:37:5)
    at C:\Users\damithch\AppData\Roaming\npm\node_modules\markbind-cli\node_modules\nunjucks\src\environment.js:619:9
    at eval (eval at _compile (C:\Users\damithch\AppData\Roaming\npm\node_modules\markbind-cli\node_modules\nunjucks\src\environment.js:637:18), <anonymous>:609:1)
    at C:\Users\damithch\AppData\Roaming\npm\node_modules\markbind-cli\node_modules\nunjucks\src\environment.js:619:9
    at Template.root [as rootRenderFunc] (eval at _compile (C:\Users\damithch\AppData\Roaming\npm\node_modules\markbind-cli\node_modules\nunjucks\src\environment.js:637:18), <anonymous>:244:1)
    at Template.getExported (C:\Users\damithch\AppData\Roaming\npm\node_modules\markbind-cli\node_modules\nunjucks\src\environment.js:615:10)
2020-01-05T15:32:31.095Z - error:  Template render error: (C:\repos\nus-cs2113-AY1920S2\cs2113-website\schedule\week7\tutorial-cs2113.mbdf)
  Error: template not found: data-cs2113/studentData.njk
    at Object._prettifyError (C:\Users\damithch\AppData\Roaming\npm\node_modules\markbind-cli\node_modules\nunjucks\src\lib.js:36:11)
    at C:\Users\damithch\AppData\Roaming\npm\node_modules\markbind-cli\node_modules\nunjucks\src\environment.js:567:19
    at eval (eval at _compile (C:\Users\damithch\AppData\Roaming\npm\node_modules\markbind-cli\node_modules\nunjucks\src\environment.js:637:18), <anonymous>:38:11)
    at createTemplate (C:\Users\damithch\AppData\Roaming\npm\node_modules\markbind-cli\node_modules\nunjucks\src\environment.js:295:11)
    at next (C:\Users\damithch\AppData\Roaming\npm\node_modules\markbind-cli\node_modules\nunjucks\src\lib.js:282:7)
    at handle (C:\Users\damithch\AppData\Roaming\npm\node_modules\markbind-cli\node_modules\nunjucks\src\environment.js:329:11)
    at C:\Users\damithch\AppData\Roaming\npm\node_modules\markbind-cli\node_modules\nunjucks\src\environment.js:339:9
    at next (C:\Users\damithch\AppData\Roaming\npm\node_modules\markbind-cli\node_modules\nunjucks\src\lib.js:280:7)
    at Object.asyncIter (C:\Users\damithch\AppData\Roaming\npm\node_modules\markbind-cli\node_modules\nunjucks\src\lib.js:286:3)
    at Environment.getTemplate (C:\Users\damithch\AppData\Roaming\npm\node_modules\markbind-cli\node_modules\nunjucks\src\environment.js:321:9)
    at eval (eval at _compile (C:\Users\damithch\AppData\Roaming\npm\node_modules\markbind-cli\node_modules\nunjucks\src\environment.js:637:18), <anonymous>:37:5)
    at C:\Users\damithch\AppData\Roaming\npm\node_modules\markbind-cli\node_modules\nunjucks\src\environment.js:619:9
    at eval (eval at _compile (C:\Users\damithch\AppData\Roaming\npm\node_modules\markbind-cli\node_modules\nunjucks\src\environment.js:637:18), <anonymous>:609:1)
    at C:\Users\damithch\AppData\Roaming\npm\node_modules\markbind-cli\node_modules\nunjucks\src\environment.js:619:9
    at Template.root [as rootRenderFunc] (eval at _compile (C:\Users\damithch\AppData\Roaming\npm\node_modules\markbind-cli\node_modules\nunjucks\src\environment.js:637:18), <anonymous>:244:1)
    at Template.getExported (C:\Users\damithch\AppData\Roaming\npm\node_modules\markbind-cli\node_modules\nunjucks\src\environment.js:615:10)
2020-01-05T15:32:31.169Z - info: Pages built
2020-01-05T15:33:12.938Z - info: [23:33:12] Reload for file add: C:\repos\nus-cs2113-AY1920S2\cs2113-website\data-cs2113\studentData.njk
2020-01-05T15:33:13.946Z - info: Assets built
2020-01-05T15:33:32.286Z - info: Website generation started at 23:33:30
2020-01-05T15:33:35.451Z - info: Building assets...
2020-01-05T15:33:38.266Z - info: Assets built
2020-01-05T15:33:38.267Z - info: Generating pages...
2020-01-05T15:33:39.182Z - info: Pages built
2020-01-05T15:33:39.346Z - info: Website generation complete! Total build time: 9.073s
2020-01-05T15:33:39.673Z - info: Serving "C:\repos\nus-cs2113-AY1920S2\cs2113-website\_site" at http://127.0.0.1:8080
2020-01-05T15:33:39.673Z - info: Press CTRL+C to stop ...
2020-01-05T15:33:39.745Z - info: Site data built
2020-01-05T15:41:42.567Z - info: [23:41:42] Reload for file change: C:\repos\nus-cs2113-AY1920S2\cs2113-website\schedule\week7\tutorial-cs2113.mbdf
2020-01-05T15:41:43.570Z - info: Rebuilding affected source files
2020-01-05T15:41:43.574Z - info: Rebuilding 1 pages
2020-01-05T15:41:43.870Z - info: Pages rebuilt
2020-01-05T15:41:43.877Z - info: Site data built
2020-01-05T15:42:29.059Z - info: [23:42:29] Reload for file change: C:\repos\nus-cs2113-AY1920S2\cs2113-website\schedule\week7\tutorial-cs2113.mbdf
2020-01-05T15:42:30.063Z - info: Rebuilding affected source files
2020-01-05T15:42:30.064Z - info: Rebuilding 1 pages
2020-01-05T15:42:30.317Z - info: Pages rebuilt
2020-01-05T15:42:30.320Z - info: Site data built
2020-01-05T15:44:46.293Z - info: [23:44:46] Reload for file change: C:\repos\nus-cs2113-AY1920S2\cs2113-website\schedule\week9\project-cs2113.mbdf
2020-01-05T15:44:46.315Z - info: [23:44:46] Reload for file change: C:\repos\nus-cs2113-AY1920S2\cs2113-website\schedule\week11\project-cs2113.mbdf
2020-01-05T15:44:46.323Z - info: [23:44:46] Reload for file change: C:\repos\nus-cs2113-AY1920S2\cs2113-website\schedule\week13\project-cs2113.mbdf
2020-01-05T15:44:47.298Z - info: Rebuilding affected source files
2020-01-05T15:44:47.298Z - info: Rebuilding 0 pages
2020-01-05T15:44:47.299Z - info: Pages rebuilt
2020-01-05T15:44:47.303Z - info: Site data built
2020-01-05T15:45:08.958Z - info: Website generation started at 23:45:06
2020-01-05T15:45:12.110Z - info: Building assets...
2020-01-05T15:45:15.185Z - info: Assets built
2020-01-05T15:45:15.186Z - info: Generating pages...
2020-01-05T15:45:22.690Z - info: Pages built
2020-01-05T15:45:22.978Z - info: Website generation complete! Total build time: 16.012s
2020-01-05T15:45:23.284Z - info: Serving "C:\repos\nus-cs2113-AY1920S2\cs2113-website\_site" at http://127.0.0.1:8080
2020-01-05T15:45:23.284Z - info: Press CTRL+C to stop ...
2020-01-05T15:45:23.339Z - info: Site data built
2020-01-05T15:51:49.920Z - info: [23:51:49] Reload for file change: C:\repos\nus-cs2113-AY1920S2\cs2113-website\admin\tp-tasks.mbdf
2020-01-05T15:51:50.930Z - info: Rebuilding affected source files
2020-01-05T15:51:50.932Z - info: Rebuilding 1 pages
2020-01-05T15:51:59.495Z - info: Pages rebuilt
2020-01-05T15:51:59.564Z - info: Site data built
2020-01-05T15:52:24.405Z - info: Website generation started at 23:52:21
2020-01-05T15:52:27.968Z - info: Building assets...
2020-01-05T15:52:30.990Z - info: Assets built
2020-01-05T15:52:30.990Z - info: Generating pages...
2020-01-05T15:52:32.846Z - info: Pages built
2020-01-05T15:52:32.987Z - info: Website generation complete! Total build time: 11.259s
2020-01-05T15:52:33.286Z - info: Serving "C:\repos\nus-cs2113-AY1920S2\cs2113-website\_site" at http://127.0.0.1:8080
2020-01-05T15:52:33.286Z - info: Press CTRL+C to stop ...
2020-01-05T15:52:33.330Z - info: Site data built
2020-01-05T15:53:17.450Z - info: Website generation started at 23:53:14
2020-01-05T15:53:20.855Z - info: Building assets...
2020-01-05T15:53:23.900Z - info: Assets built
2020-01-05T15:53:23.900Z - info: Generating pages...
2020-01-05T15:53:26.149Z - info: Pages built
2020-01-05T15:53:26.340Z - info: Website generation complete! Total build time: 12.305s
2020-01-05T15:53:26.636Z - info: Serving "C:\repos\nus-cs2113-AY1920S2\cs2113-website\_site" at http://127.0.0.1:8080
2020-01-05T15:53:26.636Z - info: Press CTRL+C to stop ...
2020-01-05T15:53:26.682Z - info: Site data built
2020-01-05T15:55:12.252Z - info: [23:55:12] Reload for file change: C:\repos\nus-cs2113-AY1920S2\cs2113-website\admin\tp-tasks.mbdf
2020-01-05T15:55:13.269Z - info: Rebuilding affected source files
2020-01-05T15:55:13.270Z - info: Rebuilding 1 pages
2020-01-05T15:55:15.377Z - info: Pages rebuilt
2020-01-05T15:55:15.382Z - info: Site data built
2020-01-05T15:56:08.251Z - info: Website generation started at 23:56:06
2020-01-05T15:56:11.761Z - info: Building assets...
2020-01-05T15:56:14.657Z - info: Assets built
2020-01-05T15:56:14.658Z - info: Generating pages...
2020-01-05T15:57:48.693Z - debug: The process cannot access the file because it is being used by another process.

2020-01-05T15:57:48.694Z - debug: The process cannot access the file because it is being used by another process.

2020-01-05T15:57:48.695Z - debug: The process cannot access the file because it is being used by another process.

2020-01-05T15:57:48.695Z - debug: The process cannot access the file because it is being used by another process.

2020-01-05T15:57:48.695Z - debug: The process cannot access the file because it is being used by another process.

2020-01-05T15:57:50.060Z - debug: The process cannot access the file because it is being used by another process.

2020-01-05T15:57:50.060Z - debug: The process cannot access the file because it is being used by another process.

2020-01-05T15:57:50.060Z - debug: The process cannot access the file because it is being used by another process.

2020-01-05T15:57:50.061Z - debug: The process cannot access the file because it is being used by another process.

2020-01-05T15:57:50.105Z - debug: The process cannot access the file because it is being used by another process.

2020-01-05T15:58:27.519Z - debug:  
2020-01-05T15:58:27.519Z - debug:  
2020-01-05T15:58:27.519Z - debug:  
2020-01-05T15:58:27.519Z - debug:  
2020-01-05T15:59:10.761Z - info: Pages built
2020-01-05T15:59:38.125Z - info: Website generation complete! Total build time: 212.04s
2020-01-05T15:59:38.419Z - info: Serving "C:\repos\nus-cs2113-AY1920S2\cs2113-website\_site" at http://127.0.0.1:8080
2020-01-05T15:59:38.419Z - info: Press CTRL+C to stop ...
2020-01-05T15:59:38.467Z - info: Site data built
