2020-03-21T04:45:13.575Z - info: Website generation (lazy) started at 12:45:04
2020-03-21T04:45:20.143Z - info: Building assets...
2020-03-21T04:45:25.182Z - info: Assets built
2020-03-21T04:45:25.182Z - info: Generating landing page...
2020-03-21T04:45:26.770Z - info: Landing page built, other pages will be built as you navigate to them!
2020-03-21T04:45:26.854Z - info: Website generation (lazy) complete! Total build time: 22.228s
2020-03-21T04:45:27.392Z - info: Serving "C:\repos\nus-cs2113-AY1920S2\cs2113-website\_site" at http://127.0.0.1:8080
2020-03-21T04:45:27.392Z - info: Press CTRL+C to stop ...
2020-03-21T04:45:27.480Z - info: Site data built
2020-03-21T04:45:34.595Z - info: Building C:\repos\nus-cs2113-AY1920S2\cs2113-website\schedule\week10\tutorial as some of its dependencies were changed since the last visit
2020-03-21T04:45:35.335Z - info: Site data built
2020-03-21T04:45:35.335Z - info: Lazy website regeneration complete! Total build time: 0.74s
2020-03-21T04:46:42.535Z - info: [12:46:42] Reload for file change: C:\repos\nus-cs2113-AY1920S2\cs2113-website\schedule\week10\tutorial-cs2113.mbdf
2020-03-21T04:46:43.542Z - info: Rebuilding affected source files
2020-03-21T04:46:43.544Z - info: Rebuilding 1 pages
2020-03-21T04:46:44.446Z - info: Pages rebuilt
2020-03-21T04:46:44.446Z - info: Website regeneration complete! Total build time: 0.904s
2020-03-21T04:46:44.450Z - info: Site data built
2020-03-21T04:50:50.176Z - info: [12:50:50] Reload for file change: C:\repos\nus-cs2113-AY1920S2\cs2113-website\schedule\week10\tutorial-cs2113.mbdf
2020-03-21T04:50:51.180Z - info: Rebuilding affected source files
2020-03-21T04:50:51.180Z - info: Rebuilding 1 pages
2020-03-21T04:50:51.990Z - info: Pages rebuilt
2020-03-21T04:50:51.990Z - info: Website regeneration complete! Total build time: 0.81s
2020-03-21T04:50:51.990Z - info: Site data built
2020-03-21T04:51:54.548Z - info: [12:51:54] Reload for file change: C:\repos\nus-cs2113-AY1920S2\cs2113-website\schedule\week10\tutorial-cs2113.mbdf
2020-03-21T04:51:55.552Z - info: Rebuilding affected source files
2020-03-21T04:51:55.552Z - info: Rebuilding 1 pages
2020-03-21T04:51:56.445Z - info: Pages rebuilt
2020-03-21T04:51:56.445Z - info: Website regeneration complete! Total build time: 0.893s
2020-03-21T04:51:56.453Z - info: Site data built
2020-03-21T04:52:42.616Z - info: [12:52:42] Reload for file change: C:\repos\nus-cs2113-AY1920S2\cs2113-website\schedule\week10\tutorial-cs2113.mbdf
2020-03-21T04:52:43.620Z - info: Rebuilding affected source files
2020-03-21T04:52:43.620Z - info: Rebuilding 1 pages
2020-03-21T04:52:44.572Z - info: Pages rebuilt
2020-03-21T04:52:44.572Z - info: Website regeneration complete! Total build time: 0.952s
2020-03-21T04:52:44.576Z - info: Site data built
2020-03-21T04:53:11.242Z - info: [12:53:11] Reload for file change: C:\repos\nus-cs2113-AY1920S2\cs2113-website\schedule\week10\tutorial-cs2113.mbdf
2020-03-21T04:53:12.244Z - info: Rebuilding affected source files
2020-03-21T04:53:12.244Z - info: Rebuilding 1 pages
2020-03-21T04:53:13.185Z - info: Pages rebuilt
2020-03-21T04:53:13.185Z - info: Website regeneration complete! Total build time: 0.941s
2020-03-21T04:53:13.200Z - info: Site data built
2020-03-21T04:53:45.109Z - info: [12:53:45] Reload for file change: C:\repos\nus-cs2113-AY1920S2\cs2113-website\schedule\week10\tutorial-cs2113.mbdf
2020-03-21T04:53:46.114Z - info: Rebuilding affected source files
2020-03-21T04:53:46.114Z - info: Rebuilding 1 pages
2020-03-21T04:53:46.846Z - info: Pages rebuilt
2020-03-21T04:53:46.846Z - info: Website regeneration complete! Total build time: 0.732s
2020-03-21T04:53:46.846Z - info: Site data built
2020-03-21T04:53:59.378Z - info: [12:53:59] Reload for file change: C:\repos\nus-cs2113-AY1920S2\cs2113-website\schedule\week10\tutorial-cs2113.mbdf
2020-03-21T04:54:00.395Z - info: Rebuilding affected source files
2020-03-21T04:54:00.395Z - info: Rebuilding 1 pages
2020-03-21T04:54:00.970Z - info: Pages rebuilt
2020-03-21T04:54:00.970Z - info: Website regeneration complete! Total build time: 0.575s
2020-03-21T04:54:00.974Z - info: Site data built
2020-03-21T04:54:53.271Z - info: [12:54:53] Reload for file change: C:\repos\nus-cs2113-AY1920S2\cs2113-website\schedule\week10\tutorial-cs2113.mbdf
2020-03-21T04:54:54.276Z - info: Rebuilding affected source files
2020-03-21T04:54:54.284Z - info: Rebuilding 1 pages
2020-03-21T04:54:55.430Z - info: Pages rebuilt
2020-03-21T04:54:55.430Z - info: Website regeneration complete! Total build time: 1.154s
2020-03-21T04:54:55.442Z - info: Site data built
2020-03-21T04:55:01.809Z - info: [12:55:01] Reload for file change: C:\repos\nus-cs2113-AY1920S2\cs2113-website\schedule\week10\tutorial-cs2113.mbdf
2020-03-21T04:55:02.820Z - info: Rebuilding affected source files
2020-03-21T04:55:02.824Z - info: Rebuilding 1 pages
2020-03-21T04:55:03.720Z - info: Pages rebuilt
2020-03-21T04:55:03.720Z - info: Website regeneration complete! Total build time: 0.9s
2020-03-21T04:55:03.720Z - info: Site data built
2020-03-21T04:56:34.081Z - info: [12:56:34] Reload for file change: C:\repos\nus-cs2113-AY1920S2\cs2113-website\schedule\week10\tutorial-cs2113.mbdf
2020-03-21T04:56:35.088Z - info: Rebuilding affected source files
2020-03-21T04:56:35.088Z - info: Rebuilding 1 pages
2020-03-21T04:56:35.885Z - info: Pages rebuilt
2020-03-21T04:56:35.885Z - info: Website regeneration complete! Total build time: 0.797s
2020-03-21T04:56:35.889Z - info: Site data built
2020-03-21T05:23:10.168Z - info: [13:23:10] Reload for file change: C:\repos\nus-cs2113-AY1920S2\cs2113-website\schedule\week10\tutorial-cs2113.mbdf
2020-03-21T05:23:11.176Z - info: Rebuilding affected source files
2020-03-21T05:23:11.195Z - info: Rebuilding 1 pages
2020-03-21T05:23:12.073Z - info: Pages rebuilt
2020-03-21T05:23:12.073Z - info: Website regeneration complete! Total build time: 0.896s
2020-03-21T05:23:12.076Z - info: Site data built
2020-03-21T05:24:18.391Z - info: [13:24:18] Reload for file change: C:\repos\nus-cs2113-AY1920S2\cs2113-website\schedule\week10\tutorial-cs2113.mbdf
2020-03-21T05:24:19.395Z - info: Rebuilding affected source files
2020-03-21T05:24:19.398Z - info: Rebuilding 1 pages
2020-03-21T05:24:20.128Z - info: Pages rebuilt
2020-03-21T05:24:20.128Z - info: Website regeneration complete! Total build time: 0.733s
2020-03-21T05:24:20.131Z - info: Site data built
2020-03-21T05:26:39.654Z - info: [13:26:39] Reload for file change: C:\repos\nus-cs2113-AY1920S2\cs2113-website\schedule\week10\tutorial-cs2113.mbdf
2020-03-21T05:26:40.659Z - info: Rebuilding affected source files
2020-03-21T05:26:40.662Z - info: Rebuilding 1 pages
2020-03-21T05:26:41.459Z - info: Pages rebuilt
2020-03-21T05:26:41.459Z - info: Website regeneration complete! Total build time: 0.8s
2020-03-21T05:26:41.461Z - info: Site data built
2020-03-21T05:27:15.503Z - info: [13:27:15] Reload for file change: C:\repos\nus-cs2113-AY1920S2\cs2113-website\schedule\week10\tutorial-cs2113.mbdf
2020-03-21T05:27:16.506Z - info: Rebuilding affected source files
2020-03-21T05:27:16.514Z - info: Rebuilding 1 pages
2020-03-21T05:27:17.136Z - info: Pages rebuilt
2020-03-21T05:27:17.136Z - info: Website regeneration complete! Total build time: 0.63s
2020-03-21T05:27:17.139Z - info: Site data built
2020-03-21T05:27:45.715Z - info: [13:27:45] Reload for file change: C:\repos\nus-cs2113-AY1920S2\cs2113-website\schedule\week10\tutorial-cs2113.mbdf
2020-03-21T05:27:46.717Z - info: Rebuilding affected source files
2020-03-21T05:27:46.719Z - info: Rebuilding 1 pages
2020-03-21T05:27:47.473Z - info: Pages rebuilt
2020-03-21T05:27:47.473Z - info: Website regeneration complete! Total build time: 0.756s
2020-03-21T05:27:47.473Z - info: Site data built
2020-03-21T05:27:56.521Z - info: [13:27:56] Reload for file change: C:\repos\nus-cs2113-AY1920S2\cs2113-website\schedule\week10\tutorial-cs2113.mbdf
2020-03-21T05:27:57.528Z - info: Rebuilding affected source files
2020-03-21T05:27:57.530Z - info: Rebuilding 1 pages
2020-03-21T05:27:58.217Z - info: Pages rebuilt
2020-03-21T05:27:58.217Z - info: Website regeneration complete! Total build time: 0.689s
2020-03-21T05:27:58.220Z - info: Site data built
2020-03-21T05:28:05.350Z - info: Building C:\repos\nus-cs2113-AY1920S2\cs2113-website\schedule\week10\topics as some of its dependencies were changed since the last visit
2020-03-21T05:28:09.678Z - debug:  
2020-03-21T05:28:10.227Z - debug:  
2020-03-21T05:28:10.228Z - debug:  
2020-03-21T05:28:10.237Z - info: Site data built
2020-03-21T05:28:10.238Z - info: Lazy website regeneration complete! Total build time: 4.888s
2020-03-21T05:30:22.469Z - info: [13:30:22] Reload for file change: C:\repos\nus-cs2113-AY1920S2\cs2113-website\schedule\week10\tutorial-cs2113.mbdf
2020-03-21T05:30:23.483Z - info: Rebuilding affected source files
2020-03-21T05:30:23.483Z - info: Rebuilding 1 pages
2020-03-21T05:30:24.118Z - info: Pages rebuilt
2020-03-21T05:30:24.118Z - info: Website regeneration complete! Total build time: 0.635s
2020-03-21T05:30:24.118Z - info: Site data built
2020-03-21T05:32:51.704Z - info: [13:32:51] Reload for file change: C:\repos\nus-cs2113-AY1920S2\cs2113-website\schedule\week10\tutorial-cs2113.mbdf
2020-03-21T05:32:52.712Z - info: Rebuilding affected source files
2020-03-21T05:32:52.714Z - info: Rebuilding 1 pages
2020-03-21T05:32:53.317Z - info: Pages rebuilt
2020-03-21T05:32:53.317Z - info: Website regeneration complete! Total build time: 0.605s
2020-03-21T05:32:53.332Z - info: Site data built
2020-03-21T05:34:16.368Z - info: [13:34:16] Reload for file change: C:\repos\nus-cs2113-AY1920S2\cs2113-website\schedule\week10\tutorial-cs2113.mbdf
2020-03-21T05:34:17.386Z - info: Rebuilding affected source files
2020-03-21T05:34:17.388Z - info: Rebuilding 1 pages
2020-03-21T05:34:18.082Z - info: Pages rebuilt
2020-03-21T05:34:18.082Z - info: Website regeneration complete! Total build time: 0.696s
2020-03-21T05:34:18.087Z - info: Site data built
2020-03-21T05:34:44.495Z - info: [13:34:44] Reload for file change: C:\repos\nus-cs2113-AY1920S2\cs2113-website\schedule\week10\tutorial-cs2113.mbdf
2020-03-21T05:34:45.500Z - info: Rebuilding affected source files
2020-03-21T05:34:45.502Z - info: Rebuilding 1 pages
2020-03-21T05:34:46.098Z - info: Pages rebuilt
2020-03-21T05:34:46.098Z - info: Website regeneration complete! Total build time: 0.598s
2020-03-21T05:34:46.100Z - info: Site data built
2020-03-21T05:35:47.386Z - info: [13:35:47] Reload for file change: C:\repos\nus-cs2113-AY1920S2\cs2113-website\schedule\week10\tutorial-cs2113.mbdf
2020-03-21T05:35:48.388Z - info: Rebuilding affected source files
2020-03-21T05:35:48.390Z - info: Rebuilding 1 pages
2020-03-21T05:35:49.156Z - info: Pages rebuilt
2020-03-21T05:35:49.156Z - info: Website regeneration complete! Total build time: 0.768s
2020-03-21T05:35:49.156Z - info: Site data built
2020-03-21T05:37:00.705Z - info: [13:37:00] Reload for file add: C:\repos\nus-cs2113-AY1920S2\cs2113-website\schedule\week10\files\[A________][Tutorial 10] .docx
2020-03-21T05:37:00.811Z - info: [13:37:00] Reload for file add: C:\repos\nus-cs2113-AY1920S2\cs2113-website\schedule\week10\files\~WRD0910.tmp
2020-03-21T05:37:00.829Z - info: [13:37:00] Reload for file change: C:\repos\nus-cs2113-AY1920S2\cs2113-website\schedule\week10\files\~WRD0910.tmp
2020-03-21T05:37:00.838Z - info: [13:37:00] Reload for file change: C:\repos\nus-cs2113-AY1920S2\cs2113-website\schedule\week10\files\[A________][Tutorial 10] .docx
2020-03-21T05:37:00.849Z - info: [13:37:00] Reload for file add: C:\repos\nus-cs2113-AY1920S2\cs2113-website\schedule\week10\files\~WRL0918.tmp
2020-03-21T05:37:00.855Z - info: [13:37:00] Reload for file add: C:\repos\nus-cs2113-AY1920S2\cs2113-website\schedule\week10\files\~$________][Tutorial 10] .docx
2020-03-21T05:37:00.943Z - info: [13:37:00] Reload for file deletion: C:\repos\nus-cs2113-AY1920S2\cs2113-website\schedule\week10\files\~WRD0910.tmp
2020-03-21T05:37:00.943Z - info: [13:37:00] Reload for file deletion: C:\repos\nus-cs2113-AY1920S2\cs2113-website\schedule\week10\files\~WRL0918.tmp
2020-03-21T05:37:01.713Z - error: ENOENT: no such file or directory, lstat 'C:\repos\nus-cs2113-AY1920S2\cs2113-website\schedule\week10\files\~WRD0910.tmp'
2020-03-21T05:37:01.713Z - error: ENOENT: no such file or directory, lstat 'C:\repos\nus-cs2113-AY1920S2\cs2113-website\schedule\week10\files\~WRD0910.tmp'
2020-03-21T05:37:01.714Z - error: ENOENT: no such file or directory, lstat 'C:\repos\nus-cs2113-AY1920S2\cs2113-website\schedule\week10\files\~WRD0910.tmp'
2020-03-21T05:37:01.714Z - error: ENOENT: no such file or directory, lstat 'C:\repos\nus-cs2113-AY1920S2\cs2113-website\schedule\week10\files\~WRD0910.tmp'
2020-03-21T05:37:01.716Z - error: ENOENT: no such file or directory, lstat 'C:\repos\nus-cs2113-AY1920S2\cs2113-website\schedule\week10\files\~WRD0910.tmp'
2020-03-21T05:37:01.716Z - error: ENOENT: no such file or directory, lstat 'C:\repos\nus-cs2113-AY1920S2\cs2113-website\schedule\week10\files\~WRD0910.tmp'
2020-03-21T05:37:01.955Z - info: Assets removed
2020-03-21T05:37:53.328Z - info: [13:37:53] Reload for file change: C:\repos\nus-cs2113-AY1920S2\cs2113-website\schedule\week10\tutorial-cs2113.mbdf
2020-03-21T05:37:54.331Z - info: Rebuilding affected source files
2020-03-21T05:37:54.334Z - info: Rebuilding 1 pages
2020-03-21T05:37:55.305Z - info: Pages rebuilt
2020-03-21T05:37:55.305Z - info: Website regeneration complete! Total build time: 0.974s
2020-03-21T05:37:55.309Z - info: Site data built
2020-03-21T05:38:25.319Z - info: [13:38:25] Reload for file change: C:\repos\nus-cs2113-AY1920S2\cs2113-website\schedule\week10\tutorial-cs2113.mbdf
2020-03-21T05:38:26.326Z - info: Rebuilding affected source files
2020-03-21T05:38:26.332Z - info: Rebuilding 1 pages
2020-03-21T05:38:27.279Z - info: Pages rebuilt
2020-03-21T05:38:27.279Z - info: Website regeneration complete! Total build time: 0.953s
2020-03-21T05:38:27.282Z - info: Site data built
2020-03-21T05:38:53.402Z - info: [13:38:53] Reload for file change: C:\repos\nus-cs2113-AY1920S2\cs2113-website\schedule\week10\tutorial-cs2113.mbdf
2020-03-21T05:38:54.404Z - info: Rebuilding affected source files
2020-03-21T05:38:54.408Z - info: Rebuilding 1 pages
2020-03-21T05:38:55.559Z - info: Pages rebuilt
2020-03-21T05:38:55.559Z - info: Website regeneration complete! Total build time: 1.154s
2020-03-21T05:38:55.562Z - info: Site data built
2020-03-21T05:39:09.644Z - info: [13:39:09] Reload for file change: C:\repos\nus-cs2113-AY1920S2\cs2113-website\schedule\week10\tutorial-cs2113.mbdf
2020-03-21T05:39:10.646Z - info: Rebuilding affected source files
2020-03-21T05:39:10.647Z - info: Rebuilding 1 pages
2020-03-21T05:39:11.540Z - info: Pages rebuilt
2020-03-21T05:39:11.541Z - info: Website regeneration complete! Total build time: 0.894s
2020-03-21T05:39:11.544Z - info: Site data built
2020-03-21T05:39:32.291Z - info: [13:39:32] Reload for file change: C:\repos\nus-cs2113-AY1920S2\cs2113-website\schedule\week10\tutorial-cs2113.mbdf
2020-03-21T05:39:33.292Z - info: Rebuilding affected source files
2020-03-21T05:39:33.294Z - info: Rebuilding 1 pages
2020-03-21T05:39:34.183Z - info: Pages rebuilt
2020-03-21T05:39:34.183Z - info: Website regeneration complete! Total build time: 0.891s
2020-03-21T05:39:34.198Z - info: Site data built
2020-03-21T05:39:51.170Z - info: [13:39:51] Reload for file change: C:\repos\nus-cs2113-AY1920S2\cs2113-website\schedule\week10\tutorial-cs2113.mbdf
2020-03-21T05:39:52.174Z - info: Rebuilding affected source files
2020-03-21T05:39:52.175Z - info: Rebuilding 1 pages
2020-03-21T05:39:53.079Z - info: Pages rebuilt
2020-03-21T05:39:53.079Z - info: Website regeneration complete! Total build time: 0.905s
2020-03-21T05:39:53.094Z - info: Site data built
2020-03-21T05:40:23.828Z - info: [13:40:23] Reload for file change: C:\repos\nus-cs2113-AY1920S2\cs2113-website\schedule\week10\tutorial-cs2113.mbdf
2020-03-21T05:40:24.841Z - info: Rebuilding affected source files
2020-03-21T05:40:24.843Z - info: Rebuilding 1 pages
2020-03-21T05:40:25.768Z - info: Pages rebuilt
2020-03-21T05:40:25.768Z - info: Website regeneration complete! Total build time: 0.927s
2020-03-21T05:40:25.771Z - info: Site data built
2020-03-21T05:41:14.679Z - info: [13:41:14] Reload for file change: C:\repos\nus-cs2113-AY1920S2\cs2113-website\schedule\week10\tutorial-cs2113.mbdf
2020-03-21T05:41:15.684Z - info: Rebuilding affected source files
2020-03-21T05:41:15.684Z - info: Rebuilding 1 pages
2020-03-21T05:41:16.638Z - info: Pages rebuilt
2020-03-21T05:41:16.638Z - info: Website regeneration complete! Total build time: 0.954s
2020-03-21T05:41:16.644Z - info: Site data built
2020-03-21T05:41:42.779Z - info: [13:41:42] Reload for file change: C:\repos\nus-cs2113-AY1920S2\cs2113-website\schedule\week10\tutorial-cs2113.mbdf
2020-03-21T05:41:43.785Z - info: Rebuilding affected source files
2020-03-21T05:41:43.788Z - info: Rebuilding 1 pages
2020-03-21T05:41:44.701Z - info: Pages rebuilt
2020-03-21T05:41:44.702Z - info: Website regeneration complete! Total build time: 0.917s
2020-03-21T05:41:44.705Z - info: Site data built
2020-03-21T05:46:24.758Z - info: [13:46:24] Reload for file add: C:\repos\nus-cs2113-AY1920S2\cs2113-website\schedule\week10\files\A________-Tutorial-10.docx
2020-03-21T05:46:24.774Z - info: Assets built
2020-03-21T05:46:24.774Z - error: ENOENT: no such file or directory, lstat 'C:\repos\nus-cs2113-AY1920S2\cs2113-website\schedule\week10\files\~WRD0910.tmp'
2020-03-21T05:46:24.883Z - info: [13:46:24] Reload for file add: C:\repos\nus-cs2113-AY1920S2\cs2113-website\schedule\week10\files\~WRD2665.tmp
2020-03-21T05:46:24.911Z - info: [13:46:24] Reload for file deletion: C:\repos\nus-cs2113-AY1920S2\cs2113-website\schedule\week10\files\~$________][Tutorial 10] .docx
2020-03-21T05:46:24.914Z - info: Assets built
2020-03-21T05:46:24.915Z - error: ENOENT: no such file or directory, lstat 'C:\repos\nus-cs2113-AY1920S2\cs2113-website\schedule\week10\files\~WRD0910.tmp'
2020-03-21T05:46:24.927Z - info: [13:46:24] Reload for file change: C:\repos\nus-cs2113-AY1920S2\cs2113-website\schedule\week10\files\~WRD2665.tmp
2020-03-21T05:46:24.993Z - error: EBUSY: resource busy or locked, open 'C:\repos\nus-cs2113-AY1920S2\cs2113-website\schedule\week10\files\~WRD2665.tmp'
2020-03-21T05:46:24.996Z - info: [13:46:24] Reload for file change: C:\repos\nus-cs2113-AY1920S2\cs2113-website\schedule\week10\files\A________-Tutorial-10.docx
2020-03-21T05:46:25.003Z - info: [13:46:25] Reload for file add: C:\repos\nus-cs2113-AY1920S2\cs2113-website\schedule\week10\files\~WRL2677.tmp
2020-03-21T05:46:25.010Z - info: [13:46:25] Reload for file add: C:\repos\nus-cs2113-AY1920S2\cs2113-website\schedule\week10\files\~$_______-Tutorial-10.docx
2020-03-21T05:46:25.028Z - info: Assets built
2020-03-21T05:46:25.029Z - error: EBUSY: resource busy or locked, open 'C:\repos\nus-cs2113-AY1920S2\cs2113-website\schedule\week10\files\~WRD2665.tmp'
2020-03-21T05:46:25.061Z - info: Assets built
2020-03-21T05:46:25.061Z - error: EBUSY: resource busy or locked, open 'C:\repos\nus-cs2113-AY1920S2\cs2113-website\schedule\week10\files\~WRD2665.tmp'
2020-03-21T05:46:25.061Z - error: EBUSY: resource busy or locked, open 'C:\repos\nus-cs2113-AY1920S2\cs2113-website\schedule\week10\files\~WRD2665.tmp'
2020-03-21T05:46:25.082Z - info: [13:46:25] Reload for file deletion: C:\repos\nus-cs2113-AY1920S2\cs2113-website\schedule\week10\files\~WRD2665.tmp
2020-03-21T05:46:25.082Z - info: [13:46:25] Reload for file deletion: C:\repos\nus-cs2113-AY1920S2\cs2113-website\schedule\week10\files\~WRL2677.tmp
2020-03-21T05:46:25.926Z - info: Assets removed
2020-03-21T05:46:44.812Z - info: [13:46:44] Reload for file deletion: C:\repos\nus-cs2113-AY1920S2\cs2113-website\schedule\week10\files\[A________][Tutorial 10] .docx
2020-03-21T05:46:45.816Z - info: Assets removed
2020-03-21T05:47:12.573Z - info: [13:47:12] Reload for file change: C:\repos\nus-cs2113-AY1920S2\cs2113-website\schedule\week10\tutorial-cs2113.mbdf
2020-03-21T05:47:13.589Z - info: Rebuilding affected source files
2020-03-21T05:47:13.589Z - info: Rebuilding 1 pages
2020-03-21T05:47:14.617Z - info: Pages rebuilt
2020-03-21T05:47:14.617Z - info: Website regeneration complete! Total build time: 1.028s
2020-03-21T05:47:14.620Z - info: Site data built
2020-03-21T05:47:20.987Z - info: [13:47:20] Reload for file change: C:\repos\nus-cs2113-AY1920S2\cs2113-website\schedule\week10\tutorial-cs2113.mbdf
2020-03-21T05:47:22.007Z - info: Rebuilding affected source files
2020-03-21T05:47:22.007Z - info: Rebuilding 1 pages
2020-03-21T05:47:22.897Z - info: Pages rebuilt
2020-03-21T05:47:22.897Z - info: Website regeneration complete! Total build time: 0.89s
2020-03-21T05:47:22.900Z - info: Site data built
2020-03-21T05:47:36.855Z - info: [13:47:36] Reload for file change: C:\repos\nus-cs2113-AY1920S2\cs2113-website\schedule\week10\tutorial-cs2113.mbdf
2020-03-21T05:47:37.857Z - info: Rebuilding affected source files
2020-03-21T05:47:37.859Z - info: Rebuilding 1 pages
2020-03-21T05:47:38.716Z - info: Pages rebuilt
2020-03-21T05:47:38.716Z - info: Website regeneration complete! Total build time: 0.859s
2020-03-21T05:47:38.773Z - info: Site data built
2020-03-21T05:50:48.874Z - info: [13:50:48] Reload for file change: C:\repos\nus-cs2113-AY1920S2\cs2113-website\schedule\week10\tutorial-cs2113.mbdf
2020-03-21T05:50:49.877Z - info: Rebuilding affected source files
2020-03-21T05:50:49.879Z - info: Rebuilding 1 pages
2020-03-21T05:50:50.800Z - info: Pages rebuilt
2020-03-21T05:50:50.800Z - info: Website regeneration complete! Total build time: 0.923s
2020-03-21T05:50:50.803Z - info: Site data built
2020-03-21T05:54:25.645Z - info: [13:54:25] Reload for file change: C:\repos\nus-cs2113-AY1920S2\cs2113-website\schedule\week10\tutorial-cs2113.mbdf
2020-03-21T05:54:26.649Z - info: Rebuilding affected source files
2020-03-21T05:54:26.652Z - info: Rebuilding 1 pages
2020-03-21T05:54:27.490Z - info: Pages rebuilt
2020-03-21T05:54:27.490Z - info: Website regeneration complete! Total build time: 0.841s
2020-03-21T05:54:27.490Z - info: Site data built
2020-03-21T05:54:49.559Z - info: [13:54:49] Reload for file change: C:\repos\nus-cs2113-AY1920S2\cs2113-website\schedule\week10\tutorial-cs2113.mbdf
2020-03-21T05:54:50.568Z - info: Rebuilding affected source files
2020-03-21T05:54:50.568Z - info: Rebuilding 1 pages
2020-03-21T05:54:51.401Z - info: Pages rebuilt
2020-03-21T05:54:51.401Z - info: Website regeneration complete! Total build time: 0.833s
2020-03-21T05:54:51.404Z - info: Site data built
2020-03-21T05:55:02.734Z - info: [13:55:02] Reload for file change: C:\repos\nus-cs2113-AY1920S2\cs2113-website\schedule\week10\tutorial-cs2113.mbdf
2020-03-21T05:55:03.742Z - info: Rebuilding affected source files
2020-03-21T05:55:03.742Z - info: Rebuilding 1 pages
2020-03-21T05:55:04.557Z - info: Pages rebuilt
2020-03-21T05:55:04.557Z - info: Website regeneration complete! Total build time: 0.815s
2020-03-21T05:55:04.560Z - info: Site data built
2020-03-21T05:59:10.709Z - info: [13:59:10] Reload for file change: C:\repos\nus-cs2113-AY1920S2\cs2113-website\schedule\week10\tutorial-cs2113.mbdf
2020-03-21T05:59:11.714Z - info: Rebuilding affected source files
2020-03-21T05:59:11.721Z - info: Rebuilding 1 pages
2020-03-21T05:59:12.745Z - info: Pages rebuilt
2020-03-21T05:59:12.745Z - info: Website regeneration complete! Total build time: 1.029s
2020-03-21T05:59:12.745Z - info: Site data built
2020-03-21T06:02:18.916Z - info: [14:02:18] Reload for file add: C:\repos\nus-cs2113-AY1920S2\cs2113-website\schedule\week10\images\CoverageReportExample.png
2020-03-21T06:02:18.916Z - error: EBUSY: resource busy or locked, open 'C:\repos\nus-cs2113-AY1920S2\cs2113-website\schedule\week10\images\CoverageReportExample.png'
2020-03-21T06:02:19.096Z - info: [14:02:19] Reload for file change: C:\repos\nus-cs2113-AY1920S2\cs2113-website\schedule\week10\images\CoverageReportExample.png
2020-03-21T06:02:19.114Z - error: EPERM: operation not permitted, open 'C:\repos\nus-cs2113-AY1920S2\cs2113-website\_site\schedule\week10\images\CoverageReportExample.png'
2020-03-21T06:03:02.842Z - info: [14:03:02] Reload for file change: C:\repos\nus-cs2113-AY1920S2\cs2113-website\schedule\week10\tutorial-cs2113.mbdf
2020-03-21T06:03:03.843Z - info: Rebuilding affected source files
2020-03-21T06:03:03.843Z - info: Rebuilding 1 pages
2020-03-21T06:03:04.766Z - info: Pages rebuilt
2020-03-21T06:03:04.767Z - info: Website regeneration complete! Total build time: 0.923s
2020-03-21T06:03:04.771Z - info: Site data built
2020-03-21T06:05:04.490Z - info: Website generation (lazy) started at 14:05:02
2020-03-21T06:05:13.546Z - info: Building assets...
2020-03-21T06:05:17.345Z - info: Assets built
2020-03-21T06:05:17.346Z - info: Generating landing page...
2020-03-21T06:05:19.030Z - info: Landing page built, other pages will be built as you navigate to them!
2020-03-21T06:05:19.118Z - info: Website generation (lazy) complete! Total build time: 17.07s
2020-03-21T06:05:19.498Z - info: Serving "C:\repos\nus-cs2113-AY1920S2\cs2113-website\_site" at http://127.0.0.1:8080
2020-03-21T06:05:19.498Z - info: Press CTRL+C to stop ...
2020-03-21T06:05:19.565Z - info: Site data built
2020-03-21T06:05:24.776Z - info: Building C:\repos\nus-cs2113-AY1920S2\cs2113-website\schedule\week10\tutorial as some of its dependencies were changed since the last visit
2020-03-21T06:05:25.693Z - info: Site data built
2020-03-21T06:05:25.696Z - info: Lazy website regeneration complete! Total build time: 0.92s
2020-03-21T06:07:10.895Z - info: [14:07:10] Reload for file change: C:\repos\nus-cs2113-AY1920S2\cs2113-website\schedule\week10\tutorial-cs2113.mbdf
2020-03-21T06:07:11.897Z - info: Rebuilding affected source files
2020-03-21T06:07:11.901Z - info: Rebuilding 1 pages
2020-03-21T06:07:12.604Z - info: Pages rebuilt
2020-03-21T06:07:12.605Z - info: Website regeneration complete! Total build time: 0.707s
2020-03-21T06:07:12.614Z - info: Site data built
2020-03-21T06:10:06.539Z - info: [14:10:06] Reload for file change: C:\repos\nus-cs2113-AY1920S2\cs2113-website\schedule\week10\tutorial-cs2113.mbdf
2020-03-21T06:10:07.539Z - info: Rebuilding affected source files
2020-03-21T06:10:07.542Z - info: Rebuilding 1 pages
2020-03-21T06:10:08.170Z - info: Pages rebuilt
2020-03-21T06:10:08.171Z - info: Website regeneration complete! Total build time: 0.632s
2020-03-21T06:10:08.175Z - info: Site data built
2020-03-21T06:10:45.211Z - info: [14:10:45] Reload for file change: C:\repos\nus-cs2113-AY1920S2\cs2113-website\schedule\week10\tutorial-cs2113.mbdf
2020-03-21T06:10:46.220Z - info: Rebuilding affected source files
2020-03-21T06:10:46.222Z - info: Rebuilding 1 pages
2020-03-21T06:10:46.955Z - info: Pages rebuilt
2020-03-21T06:10:46.955Z - info: Website regeneration complete! Total build time: 0.735s
2020-03-21T06:10:46.962Z - info: Site data built
2020-03-21T06:11:02.952Z - info: [14:11:02] Reload for file change: C:\repos\nus-cs2113-AY1920S2\cs2113-website\schedule\week10\tutorial-cs2113.mbdf
2020-03-21T06:11:03.970Z - info: Rebuilding affected source files
2020-03-21T06:11:03.970Z - info: Rebuilding 1 pages
2020-03-21T06:11:04.691Z - info: Pages rebuilt
2020-03-21T06:11:04.691Z - info: Website regeneration complete! Total build time: 0.721s
2020-03-21T06:11:04.696Z - info: Site data built
2020-03-21T06:12:44.810Z - info: [14:12:44] Reload for file change: C:\repos\nus-cs2113-AY1920S2\cs2113-website\schedule\week10\tutorial-cs2113.mbdf
2020-03-21T06:12:45.823Z - info: Rebuilding affected source files
2020-03-21T06:12:45.828Z - info: Rebuilding 1 pages
2020-03-21T06:12:46.873Z - info: Pages rebuilt
2020-03-21T06:12:46.873Z - info: Website regeneration complete! Total build time: 1.049s
2020-03-21T06:12:46.873Z - info: Site data built
2020-03-21T06:13:52.731Z - info: [14:13:52] Reload for file change: C:\repos\nus-cs2113-AY1920S2\cs2113-website\schedule\week10\tutorial-cs2113.mbdf
2020-03-21T06:13:53.733Z - info: Rebuilding affected source files
2020-03-21T06:13:53.735Z - info: Rebuilding 1 pages
2020-03-21T06:13:54.587Z - info: Pages rebuilt
2020-03-21T06:13:54.588Z - info: Website regeneration complete! Total build time: 0.855s
2020-03-21T06:13:54.594Z - info: Site data built
2020-03-21T06:14:15.474Z - info: [14:14:15] Reload for file change: C:\repos\nus-cs2113-AY1920S2\cs2113-website\schedule\week10\tutorial-cs2113.mbdf
2020-03-21T06:14:16.478Z - info: Rebuilding affected source files
2020-03-21T06:14:16.478Z - info: Rebuilding 1 pages
2020-03-21T06:14:17.135Z - info: Pages rebuilt
2020-03-21T06:14:17.135Z - info: Website regeneration complete! Total build time: 0.657s
2020-03-21T06:14:17.135Z - info: Site data built
2020-03-21T06:14:28.512Z - info: [14:14:28] Reload for file change: C:\repos\nus-cs2113-AY1920S2\cs2113-website\schedule\week10\tutorial-cs2113.mbdf
2020-03-21T06:14:29.513Z - info: Rebuilding affected source files
2020-03-21T06:14:29.515Z - info: Rebuilding 1 pages
2020-03-21T06:14:30.105Z - info: Pages rebuilt
2020-03-21T06:14:30.105Z - info: Website regeneration complete! Total build time: 0.592s
2020-03-21T06:14:30.108Z - info: Site data built
2020-03-21T06:15:47.478Z - info: [14:15:47] Reload for file change: C:\repos\nus-cs2113-AY1920S2\cs2113-website\schedule\week10\tutorial-cs2113.mbdf
2020-03-21T06:15:48.490Z - info: Rebuilding affected source files
2020-03-21T06:15:48.490Z - info: Rebuilding 1 pages
2020-03-21T06:15:49.298Z - info: Pages rebuilt
2020-03-21T06:15:49.299Z - info: Website regeneration complete! Total build time: 0.809s
2020-03-21T06:15:49.304Z - info: Site data built
2020-03-21T06:17:06.490Z - info: [14:17:06] Reload for file change: C:\repos\nus-cs2113-AY1920S2\cs2113-website\schedule\week10\tutorial-cs2103.mbdf
2020-03-21T06:17:07.504Z - info: Rebuilding affected source files
2020-03-21T06:17:07.506Z - info: Rebuilding 1 pages
2020-03-21T06:17:08.144Z - info: Pages rebuilt
2020-03-21T06:17:08.144Z - info: Website regeneration complete! Total build time: 0.64s
2020-03-21T06:17:08.146Z - info: Site data built
2020-03-21T06:17:19.525Z - info: [14:17:19] Reload for file change: C:\repos\nus-cs2113-AY1920S2\cs2113-website\schedule\week10\tutorial-cs2103.mbdf
2020-03-21T06:17:20.529Z - info: Rebuilding affected source files
2020-03-21T06:17:20.531Z - info: Rebuilding 1 pages
2020-03-21T06:17:21.048Z - info: Pages rebuilt
2020-03-21T06:17:21.048Z - info: Website regeneration complete! Total build time: 0.519s
2020-03-21T06:17:21.052Z - info: Site data built
2020-03-21T06:18:14.665Z - info: [14:18:14] Reload for file deletion: C:\repos\nus-cs2113-AY1920S2\cs2113-website\schedule\week10\files\~$_______-Tutorial-10.docx
2020-03-21T06:18:15.673Z - info: Assets removed
2020-03-21T06:19:12.483Z - info: Website generation started at 14:19:10
2020-03-21T06:19:16.558Z - info: Building assets...
2020-03-21T06:19:20.242Z - info: Assets built
2020-03-21T06:19:20.243Z - info: Generating pages...
2020-03-21T06:21:10.975Z - debug: The process cannot access the file because it is being used by another process.

2020-03-21T06:21:10.977Z - debug: The process cannot access the file because it is being used by another process.

2020-03-21T06:21:10.977Z - debug: The process cannot access the file because it is being used by another process.

2020-03-21T06:21:10.977Z - debug: The process cannot access the file because it is being used by another process.

2020-03-21T06:21:10.978Z - debug: The process cannot access the file because it is being used by another process.

2020-03-21T06:21:10.978Z - debug: The process cannot access the file because it is being used by another process.

2020-03-21T06:21:11.856Z - debug: The process cannot access the file because it is being used by another process.

2020-03-21T06:21:11.892Z - debug: The process cannot access the file because it is being used by another process.

2020-03-21T06:21:11.892Z - debug: The process cannot access the file because it is being used by another process.

2020-03-21T06:21:11.893Z - debug: The process cannot access the file because it is being used by another process.

2020-03-21T06:21:11.893Z - debug: The process cannot access the file because it is being used by another process.

2020-03-21T06:21:11.893Z - debug: The process cannot access the file because it is being used by another process.

2020-03-21T06:21:11.893Z - debug: The process cannot access the file because it is being used by another process.

2020-03-21T06:21:11.894Z - debug: The process cannot access the file because it is being used by another process.

2020-03-21T06:21:11.895Z - debug: The process cannot access the file because it is being used by another process.

2020-03-21T06:21:11.895Z - debug: The process cannot access the file because it is being used by another process.

2020-03-21T06:21:11.895Z - debug: The process cannot access the file because it is being used by another process.

2020-03-21T06:21:11.896Z - debug: The process cannot access the file because it is being used by another process.

2020-03-21T06:21:11.896Z - debug: The process cannot access the file because it is being used by another process.

2020-03-21T06:21:11.896Z - debug: The process cannot access the file because it is being used by another process.

2020-03-21T06:21:11.897Z - debug: The process cannot access the file because it is being used by another process.

2020-03-21T06:21:11.897Z - debug: The process cannot access the file because it is being used by another process.

2020-03-21T06:21:11.898Z - debug: The process cannot access the file because it is being used by another process.

2020-03-21T06:21:11.899Z - debug: The process cannot access the file because it is being used by another process.

2020-03-21T06:21:11.913Z - debug: The process cannot access the file because it is being used by another process.

2020-03-21T06:21:27.123Z - debug:  
2020-03-21T06:21:27.123Z - debug:  
2020-03-21T06:21:27.123Z - debug:  
2020-03-21T06:21:27.123Z - debug:  
2020-03-21T06:23:09.723Z - debug:  
2020-03-21T06:23:09.723Z - debug:  
2020-03-21T06:23:11.267Z - info: Pages built
2020-03-21T06:23:46.202Z - info: Website generation complete! Total build time: 276.159s
2020-03-21T06:23:46.203Z - info: Build success!
2020-03-21T06:23:46.210Z - info: Site data built
2020-03-21T06:24:15.928Z - info: Deployed!
2020-03-21T06:36:59.295Z - info: Website generation started at 14:36:53
2020-03-21T06:37:04.045Z - info: Building assets...
