2020-03-28T16:05:23.471Z - info: Website generation started at 00:05:15
2020-03-28T16:05:28.200Z - info: Building assets...
2020-03-28T16:05:31.809Z - info: Assets built
2020-03-28T16:05:31.813Z - info: Generating pages...
2020-03-28T16:07:26.574Z - debug: The process cannot access the file because it is being used by another process.

2020-03-28T16:07:26.575Z - debug: The process cannot access the file because it is being used by another process.

2020-03-28T16:07:26.576Z - debug: The process cannot access the file because it is being used by another process.

2020-03-28T16:07:26.576Z - debug: The process cannot access the file because it is being used by another process.

2020-03-28T16:07:26.576Z - debug: The process cannot access the file because it is being used by another process.

2020-03-28T16:07:26.576Z - debug: The process cannot access the file because it is being used by another process.

2020-03-28T16:07:26.576Z - debug: The process cannot access the file because it is being used by another process.

2020-03-28T16:07:26.592Z - debug: The process cannot access the file because it is being used by another process.

2020-03-28T16:07:26.593Z - debug: The process cannot access the file because it is being used by another process.

2020-03-28T16:07:26.593Z - debug: The process cannot access the file because it is being used by another process.

2020-03-28T16:07:26.593Z - debug: The process cannot access the file because it is being used by another process.

2020-03-28T16:07:26.593Z - debug: The process cannot access the file because it is being used by another process.

2020-03-28T16:07:26.595Z - debug: The process cannot access the file because it is being used by another process.

2020-03-28T16:07:26.595Z - debug: The process cannot access the file because it is being used by another process.

2020-03-28T16:07:26.595Z - debug: The process cannot access the file because it is being used by another process.

2020-03-28T16:07:26.595Z - debug: The process cannot access the file because it is being used by another process.

2020-03-28T16:07:26.595Z - debug: The process cannot access the file because it is being used by another process.

2020-03-28T16:07:26.596Z - debug: The process cannot access the file because it is being used by another process.

2020-03-28T16:07:26.596Z - debug: The process cannot access the file because it is being used by another process.

2020-03-28T16:07:26.596Z - debug: The process cannot access the file because it is being used by another process.

2020-03-28T16:07:26.596Z - debug: The process cannot access the file because it is being used by another process.

2020-03-28T16:07:26.597Z - debug: The process cannot access the file because it is being used by another process.

2020-03-28T16:07:26.597Z - debug: The process cannot access the file because it is being used by another process.

2020-03-28T16:07:26.597Z - debug: The process cannot access the file because it is being used by another process.

2020-03-28T16:07:26.604Z - debug: The process cannot access the file because it is being used by another process.

2020-03-28T16:07:33.507Z - debug:  
2020-03-28T16:07:33.508Z - debug:  
2020-03-28T16:07:33.509Z - debug:  
2020-03-28T16:07:33.509Z - debug:  
2020-03-28T16:09:09.893Z - debug:  
2020-03-28T16:09:10.064Z - debug:  
2020-03-28T16:09:11.587Z - info: Pages built
2020-03-28T16:09:44.632Z - info: Website generation complete! Total build time: 268.831s
2020-03-28T16:09:44.632Z - info: Build success!
2020-03-28T16:09:44.636Z - info: Site data built
2020-03-28T16:10:16.883Z - info: Deployed!
2020-03-28T16:52:37.841Z - info: Website generation started at 00:52:17
2020-03-28T16:52:42.432Z - info: Building assets...
2020-03-28T16:52:45.617Z - info: Assets built
2020-03-28T16:52:45.618Z - info: Generating pages...
2020-03-28T16:54:52.630Z - debug: The process cannot access the file because it is being used by another process.

2020-03-28T16:54:52.631Z - debug: The process cannot access the file because it is being used by another process.

2020-03-28T16:54:52.632Z - debug: The process cannot access the file because it is being used by another process.

2020-03-28T16:54:52.632Z - debug: The process cannot access the file because it is being used by another process.

2020-03-28T16:54:52.632Z - debug: The process cannot access the file because it is being used by another process.

2020-03-28T16:54:52.632Z - debug: The process cannot access the file because it is being used by another process.

2020-03-28T16:54:52.632Z - debug: The process cannot access the file because it is being used by another process.

2020-03-28T16:54:52.648Z - debug: The process cannot access the file because it is being used by another process.

2020-03-28T16:54:52.648Z - debug: The process cannot access the file because it is being used by another process.

2020-03-28T16:54:52.648Z - debug: The process cannot access the file because it is being used by another process.

2020-03-28T16:54:52.648Z - debug: The process cannot access the file because it is being used by another process.

2020-03-28T16:54:52.648Z - debug: The process cannot access the file because it is being used by another process.

2020-03-28T16:54:52.649Z - debug: The process cannot access the file because it is being used by another process.

2020-03-28T16:54:52.649Z - debug: The process cannot access the file because it is being used by another process.

2020-03-28T16:54:52.649Z - debug: The process cannot access the file because it is being used by another process.

2020-03-28T16:54:52.649Z - debug: The process cannot access the file because it is being used by another process.

2020-03-28T16:54:52.650Z - debug: The process cannot access the file because it is being used by another process.

2020-03-28T16:54:52.650Z - debug: The process cannot access the file because it is being used by another process.

2020-03-28T16:54:52.650Z - debug: The process cannot access the file because it is being used by another process.

2020-03-28T16:54:52.650Z - debug: The process cannot access the file because it is being used by another process.

2020-03-28T16:54:52.651Z - debug: The process cannot access the file because it is being used by another process.

2020-03-28T16:54:52.651Z - debug: The process cannot access the file because it is being used by another process.

2020-03-28T16:54:52.651Z - debug: The process cannot access the file because it is being used by another process.

2020-03-28T16:54:52.651Z - debug: The process cannot access the file because it is being used by another process.

2020-03-28T16:54:52.658Z - debug: The process cannot access the file because it is being used by another process.

2020-03-28T16:55:08.929Z - debug:  
2020-03-28T16:55:08.929Z - debug:  
2020-03-28T16:55:08.929Z - debug:  
2020-03-28T16:55:08.929Z - debug:  
2020-03-28T16:56:40.777Z - debug:  
2020-03-28T16:56:41.290Z - debug:  
2020-03-28T16:56:43.309Z - info: Pages built
2020-03-28T16:57:17.693Z - info: Website generation complete! Total build time: 300.608s
2020-03-28T16:57:17.694Z - info: Build success!
2020-03-28T16:57:17.697Z - info: Site data built
2020-03-28T16:57:50.747Z - info: Deployed!
