2020-03-07T16:26:07.889Z - info: [00:26:07] Reload for file change: C:\repos\nus-cs2113-AY1920S2\cs2113-website\admin\tp-progress-dashboard-table.mbdf
2020-03-07T16:26:08.897Z - info: Rebuilding affected source files
2020-03-07T16:26:08.900Z - info: Rebuilding 1 pages
2020-03-07T16:26:10.780Z - info: Pages rebuilt
2020-03-07T16:26:10.783Z - info: Site data built
2020-03-07T16:26:49.335Z - info: [00:26:49] Reload for file change: C:\repos\nus-cs2113-AY1920S2\cs2113-website\admin\ip-progress-dashboard-table.mbdf
2020-03-07T16:26:50.335Z - info: Rebuilding affected source files
2020-03-07T16:26:50.335Z - info: Rebuilding 0 pages
2020-03-07T16:26:50.335Z - info: Pages rebuilt
2020-03-07T16:26:50.338Z - info: Site data built
2020-03-07T16:28:07.856Z - info: Website generation started at 00:28:05
2020-03-07T16:28:11.573Z - info: Building assets...
2020-03-07T16:28:14.559Z - info: Assets built
2020-03-07T16:28:14.560Z - info: Generating pages...
2020-03-07T16:29:58.857Z - debug: The process cannot access the file because it is being used by another process.

2020-03-07T16:29:58.859Z - debug: The process cannot access the file because it is being used by another process.

2020-03-07T16:29:58.861Z - debug: The process cannot access the file because it is being used by another process.

2020-03-07T16:29:58.862Z - debug: The process cannot access the file because it is being used by another process.

2020-03-07T16:29:58.862Z - debug: The process cannot access the file because it is being used by another process.

2020-03-07T16:29:58.862Z - debug: The process cannot access the file because it is being used by another process.

2020-03-07T16:29:58.863Z - debug: The process cannot access the file because it is being used by another process.

2020-03-07T16:29:58.864Z - debug: The process cannot access the file because it is being used by another process.

2020-03-07T16:29:58.864Z - debug: The process cannot access the file because it is being used by another process.

2020-03-07T16:29:58.864Z - debug: The process cannot access the file because it is being used by another process.

2020-03-07T16:29:58.865Z - debug: The process cannot access the file because it is being used by another process.

2020-03-07T16:29:58.865Z - debug: The process cannot access the file because it is being used by another process.

2020-03-07T16:29:58.865Z - debug: The process cannot access the file because it is being used by another process.

2020-03-07T16:29:58.866Z - debug: The process cannot access the file because it is being used by another process.

2020-03-07T16:29:58.866Z - debug: The process cannot access the file because it is being used by another process.

2020-03-07T16:29:58.867Z - debug: The process cannot access the file because it is being used by another process.

2020-03-07T16:29:58.867Z - debug: The process cannot access the file because it is being used by another process.

2020-03-07T16:29:58.868Z - debug: The process cannot access the file because it is being used by another process.

2020-03-07T16:29:58.868Z - debug: The process cannot access the file because it is being used by another process.

2020-03-07T16:29:58.868Z - debug: The process cannot access the file because it is being used by another process.

2020-03-07T16:29:58.869Z - debug: The process cannot access the file because it is being used by another process.

2020-03-07T16:29:58.869Z - debug: The process cannot access the file because it is being used by another process.

2020-03-07T16:29:58.869Z - debug: The process cannot access the file because it is being used by another process.

2020-03-07T16:29:58.876Z - debug: The process cannot access the file because it is being used by another process.

2020-03-07T16:29:58.876Z - debug: The process cannot access the file because it is being used by another process.

2020-03-07T16:30:20.736Z - debug:  
2020-03-07T16:30:20.736Z - debug:  
2020-03-07T16:30:20.736Z - debug:  
2020-03-07T16:30:20.737Z - debug:  
2020-03-07T16:31:30.136Z - info: Pages built
2020-03-07T16:32:01.045Z - info: Website generation complete! Total build time: 235.925s
2020-03-07T16:32:01.045Z - info: Build success!
2020-03-07T16:32:01.049Z - info: Site data built
2020-03-07T16:32:37.337Z - info: Deployed!
2020-03-08T14:02:38.693Z - info: Website generation started at 22:02:32
2020-03-08T14:02:45.608Z - info: Building assets...
