2020-04-23T17:38:57.454Z - info: Website generation (lazy) started at 1:38:49 AM
2020-04-23T17:39:06.060Z - info: Building assets...
2020-04-23T17:39:12.863Z - info: Assets built
2020-04-23T17:39:12.864Z - info: Generating landing page...
2020-04-23T17:39:14.138Z - info: Landing page built, other pages will be built as you navigate to them!
2020-04-23T17:39:14.273Z - info: Website generation (lazy) complete! Total build time: 24.493s
2020-04-23T17:39:15.444Z - info: Serving "C:\repos\nus-cs2113-AY1920S2\cs2113-website\_site" at http://127.0.0.1:8080
2020-04-23T17:39:15.445Z - info: Press CTRL+C to stop ...
2020-04-23T17:39:15.519Z - info: Site data built
2020-04-23T17:39:23.943Z - info: [1:39:23 AM] Reload for file change: C:\repos\nus-cs2113-AY1920S2\cs2113-website\admin\exams.md
2020-04-23T17:39:25.035Z - info: Rebuilding affected source files
2020-04-23T17:39:25.037Z - info: Rebuilding 0 pages
2020-04-23T17:39:25.074Z - info: Pages rebuilt
2020-04-23T17:39:25.075Z - info: Website regeneration complete! Total build time: 0.039s
2020-04-23T17:39:25.127Z - info: Site data built
2020-04-23T17:40:40.501Z - info: [1:40:40 AM] Reload for file change: C:\repos\nus-cs2113-AY1920S2\cs2113-website\admin\exams.md
2020-04-23T17:40:41.503Z - info: Rebuilding affected source files
2020-04-23T17:40:41.504Z - info: Rebuilding 0 pages
2020-04-23T17:40:41.505Z - info: Pages rebuilt
2020-04-23T17:40:41.505Z - info: Website regeneration complete! Total build time: 0.002s
2020-04-23T17:40:41.510Z - info: Site data built
2020-04-23T17:40:45.096Z - info: Building C:\repos\nus-cs2113-AY1920S2\cs2113-website\admin\index as some of its dependencies were changed since the last visit
2020-04-23T17:40:45.889Z - info: Site data built
2020-04-23T17:40:45.893Z - info: Lazy website regeneration complete! Total build time: 0.796s
2020-04-23T17:40:50.275Z - info: Building C:\repos\nus-cs2113-AY1920S2\cs2113-website\admin\exams as some of its dependencies were changed since the last visit
2020-04-23T17:40:50.606Z - info: Site data built
2020-04-23T17:40:50.606Z - info: Lazy website regeneration complete! Total build time: 0.332s
2020-04-23T17:43:19.436Z - info: Website generation started at 1:43:16 AM
2020-04-23T17:43:25.868Z - info: Building assets...
