2020-03-06T16:42:53.350Z - info: Website generation started at 00:42:43
2020-03-06T16:43:02.347Z - info: Building assets...
2020-03-06T16:43:08.400Z - info: Assets built
2020-03-06T16:43:08.400Z - info: Generating pages...
2020-03-06T16:43:09.010Z - info: Pages built
2020-03-06T16:43:09.126Z - info: Website generation complete! Total build time: 25.73s
2020-03-06T16:43:09.710Z - info: Serving "C:\repos\nus-cs2113-AY1920S2\cs2113-website\_site" at http://127.0.0.1:8080
2020-03-06T16:43:09.710Z - info: Press CTRL+C to stop ...
2020-03-06T16:43:09.855Z - info: Site data built
2020-03-06T16:43:46.827Z - info: [00:43:46] Reload for file change: C:\repos\nus-cs2113-AY1920S2\cs2113-website\admin\tp-progress-dashboard-table.mbdf
2020-03-06T16:43:47.843Z - info: Rebuilding affected source files
2020-03-06T16:43:47.843Z - info: Rebuilding 1 pages
2020-03-06T16:43:48.430Z - info: Pages rebuilt
2020-03-06T16:43:48.438Z - info: Site data built
2020-03-06T16:44:18.257Z - info: [00:44:18] Reload for file change: C:\repos\nus-cs2113-AY1920S2\cs2113-website\admin\tp-progress-dashboard-table.mbdf
2020-03-06T16:44:19.266Z - info: Rebuilding affected source files
2020-03-06T16:44:19.266Z - info: Rebuilding 1 pages
2020-03-06T16:44:20.029Z - info: Pages rebuilt
2020-03-06T16:44:20.033Z - info: Site data built
2020-03-06T16:46:56.013Z - info: [00:46:56] Reload for file change: C:\repos\nus-cs2113-AY1920S2\cs2113-website\admin\tp-progress-dashboard-table.mbdf
2020-03-06T16:46:57.018Z - info: Rebuilding affected source files
2020-03-06T16:46:57.018Z - info: Rebuilding 1 pages
2020-03-06T16:46:57.910Z - info: Pages rebuilt
2020-03-06T16:46:57.914Z - info: Site data built
2020-03-07T03:20:42.934Z - info: Website generation started at 11:20:40
2020-03-07T03:20:48.416Z - info: Building assets...
2020-03-07T03:20:52.894Z - info: Assets built
2020-03-07T03:20:52.894Z - info: Generating pages...
2020-03-07T03:20:53.520Z - info: Pages built
2020-03-07T03:20:53.645Z - info: Website generation complete! Total build time: 13.526s
2020-03-07T03:20:53.927Z - info: Serving "C:\repos\nus-cs2113-AY1920S2\cs2113-website\_site" at http://127.0.0.1:8080
2020-03-07T03:20:53.927Z - info: Press CTRL+C to stop ...
2020-03-07T03:20:54.006Z - info: Site data built
2020-03-07T03:21:42.549Z - info: [11:21:42] Reload for file change: C:\repos\nus-cs2113-AY1920S2\cs2113-website\admin\tp-progress-dashboard-table.mbdf
2020-03-07T03:21:43.569Z - info: Rebuilding affected source files
2020-03-07T03:21:43.569Z - info: Rebuilding 1 pages
2020-03-07T03:21:44.308Z - info: Pages rebuilt
2020-03-07T03:21:44.321Z - info: Site data built
2020-03-07T04:15:20.006Z - info: [12:15:19] Reload for file change: C:\repos\nus-cs2113-AY1920S2\cs2113-website\admin\tp-progress-dashboard-table.mbdf
2020-03-07T04:15:21.025Z - info: Rebuilding affected source files
2020-03-07T04:15:21.040Z - info: Rebuilding 1 pages
2020-03-07T04:15:21.715Z - info: Pages rebuilt
2020-03-07T04:15:21.715Z - info: Site data built
2020-03-07T04:15:52.464Z - info: [12:15:52] Reload for file change: C:\repos\nus-cs2113-AY1920S2\cs2113-website\admin\tp-progress-dashboard-table.mbdf
2020-03-07T04:15:53.469Z - info: Rebuilding affected source files
2020-03-07T04:15:53.471Z - info: Rebuilding 1 pages
2020-03-07T04:15:54.309Z - info: Pages rebuilt
2020-03-07T04:15:54.311Z - info: Site data built
2020-03-07T04:16:19.498Z - info: [12:16:19] Reload for file change: C:\repos\nus-cs2113-AY1920S2\cs2113-website\admin\tp-progress-dashboard-table.mbdf
2020-03-07T04:16:20.524Z - info: Rebuilding affected source files
2020-03-07T04:16:20.524Z - info: Rebuilding 1 pages
2020-03-07T04:16:21.336Z - info: Pages rebuilt
2020-03-07T04:16:21.340Z - info: Site data built
2020-03-07T04:29:05.976Z - info: [12:29:05] Reload for file change: C:\repos\nus-cs2113-AY1920S2\cs2113-website\admin\tp-progress-dashboard-table.mbdf
2020-03-07T04:29:06.985Z - info: Rebuilding affected source files
2020-03-07T04:29:06.985Z - info: Rebuilding 1 pages
2020-03-07T04:29:07.792Z - info: Pages rebuilt
2020-03-07T04:29:07.792Z - info: Site data built
2020-03-07T04:35:00.538Z - info: [12:35:00] Reload for file change: C:\repos\nus-cs2113-AY1920S2\cs2113-website\admin\tp-progress-dashboard-table.mbdf
2020-03-07T04:35:01.546Z - info: Rebuilding affected source files
2020-03-07T04:35:01.546Z - info: Rebuilding 1 pages
2020-03-07T04:35:02.258Z - info: Pages rebuilt
2020-03-07T04:35:02.258Z - info: Site data built
2020-03-07T04:35:44.871Z - info: [12:35:44] Reload for file change: C:\repos\nus-cs2113-AY1920S2\cs2113-website\admin\tp-progress-dashboard-table.mbdf
2020-03-07T04:35:45.894Z - info: Rebuilding affected source files
2020-03-07T04:35:45.894Z - info: Rebuilding 1 pages
2020-03-07T04:35:46.709Z - info: Pages rebuilt
2020-03-07T04:35:46.713Z - info: Site data built
2020-03-07T04:38:08.200Z - info: [12:38:08] Reload for file change: C:\repos\nus-cs2113-AY1920S2\cs2113-website\admin\tp-progress-dashboard-table.mbdf
2020-03-07T04:38:09.207Z - info: Rebuilding affected source files
2020-03-07T04:38:09.207Z - info: Rebuilding 1 pages
2020-03-07T04:38:09.973Z - info: Pages rebuilt
2020-03-07T04:38:09.973Z - info: Site data built
2020-03-07T04:40:52.880Z - info: [12:40:52] Reload for file change: C:\repos\nus-cs2113-AY1920S2\cs2113-website\admin\tp-progress-dashboard-table.mbdf
2020-03-07T04:40:53.886Z - info: Rebuilding affected source files
2020-03-07T04:40:53.887Z - info: Rebuilding 1 pages
2020-03-07T04:40:54.549Z - info: Pages rebuilt
2020-03-07T04:40:54.564Z - info: Site data built
2020-03-07T04:41:39.289Z - info: [12:41:39] Reload for file change: C:\repos\nus-cs2113-AY1920S2\cs2113-website\admin\tp-progress-dashboard-table.mbdf
2020-03-07T04:41:40.303Z - info: Rebuilding affected source files
2020-03-07T04:41:40.303Z - info: Rebuilding 1 pages
2020-03-07T04:41:41.155Z - info: Pages rebuilt
2020-03-07T04:41:41.159Z - info: Site data built
2020-03-07T04:43:55.863Z - info: [12:43:55] Reload for file change: C:\repos\nus-cs2113-AY1920S2\cs2113-website\admin\tp-progress-dashboard-table.mbdf
2020-03-07T04:43:56.875Z - info: Rebuilding affected source files
2020-03-07T04:43:56.875Z - info: Rebuilding 1 pages
2020-03-07T04:43:57.672Z - info: Pages rebuilt
2020-03-07T04:43:57.688Z - info: Site data built
2020-03-07T04:45:33.963Z - info: [12:45:33] Reload for file change: C:\repos\nus-cs2113-AY1920S2\cs2113-website\admin\tp-progress-dashboard-table.mbdf
2020-03-07T04:45:34.979Z - info: Rebuilding affected source files
2020-03-07T04:45:34.979Z - info: Rebuilding 1 pages
2020-03-07T04:45:36.116Z - info: Pages rebuilt
2020-03-07T04:45:36.120Z - info: Site data built
2020-03-07T04:51:05.605Z - info: [12:51:05] Reload for file change: C:\repos\nus-cs2113-AY1920S2\cs2113-website\admin\tp-progress-dashboard.md
2020-03-07T04:51:06.637Z - info: Rebuilding affected source files
2020-03-07T04:51:06.637Z - info: Rebuilding 1 pages
2020-03-07T04:51:07.496Z - info: Pages rebuilt
2020-03-07T04:51:07.513Z - info: Site data built
2020-03-07T04:51:42.601Z - info: [12:51:42] Reload for file change: C:\repos\nus-cs2113-AY1920S2\cs2113-website\admin\tp-progress-dashboard.md
2020-03-07T04:51:43.634Z - info: Rebuilding affected source files
2020-03-07T04:51:43.634Z - info: Rebuilding 1 pages
2020-03-07T04:51:44.482Z - info: Pages rebuilt
2020-03-07T04:51:44.482Z - info: Site data built
2020-03-07T04:53:03.299Z - info: [12:53:03] Reload for file change: C:\repos\nus-cs2113-AY1920S2\cs2113-website\admin\tp-progress-dashboard-table.mbdf
2020-03-07T04:53:04.312Z - info: Rebuilding affected source files
2020-03-07T04:53:04.312Z - info: Rebuilding 1 pages
2020-03-07T04:53:05.588Z - info: Pages rebuilt
2020-03-07T04:53:05.596Z - info: Site data built
2020-03-07T04:53:49.960Z - info: [12:53:49] Reload for file change: C:\repos\nus-cs2113-AY1920S2\cs2113-website\admin\tp-progress-dashboard-table.mbdf
2020-03-07T04:53:50.967Z - info: Rebuilding affected source files
2020-03-07T04:53:50.967Z - info: Rebuilding 1 pages
2020-03-07T04:53:51.834Z - info: Pages rebuilt
2020-03-07T04:53:51.834Z - info: Site data built
2020-03-07T04:55:07.548Z - info: [12:55:07] Reload for file change: C:\repos\nus-cs2113-AY1920S2\cs2113-website\admin\tp-progress-dashboard-table.mbdf
2020-03-07T04:55:08.564Z - info: Rebuilding affected source files
2020-03-07T04:55:08.564Z - info: Rebuilding 1 pages
2020-03-07T04:55:09.414Z - info: Pages rebuilt
2020-03-07T04:55:09.414Z - info: Site data built
2020-03-07T04:55:22.345Z - info: [12:55:22] Reload for file change: C:\repos\nus-cs2113-AY1920S2\cs2113-website\admin\tp-progress-dashboard-table.mbdf
2020-03-07T04:55:23.354Z - info: Rebuilding affected source files
2020-03-07T04:55:23.355Z - info: Rebuilding 1 pages
2020-03-07T04:55:24.024Z - info: Pages rebuilt
2020-03-07T04:55:24.026Z - info: Site data built
2020-03-07T04:58:27.102Z - info: [12:58:27] Reload for file change: C:\repos\nus-cs2113-AY1920S2\cs2113-website\admin\tp-progress-dashboard-table.mbdf
2020-03-07T04:58:28.108Z - info: Rebuilding affected source files
2020-03-07T04:58:28.108Z - info: Rebuilding 1 pages
2020-03-07T04:58:28.870Z - info: Pages rebuilt
2020-03-07T04:58:28.873Z - info: Site data built
2020-03-07T05:02:02.725Z - info: [13:02:02] Reload for file change: C:\repos\nus-cs2113-AY1920S2\cs2113-website\admin\tp-progress-dashboard-table.mbdf
2020-03-07T05:02:03.735Z - info: Rebuilding affected source files
2020-03-07T05:02:03.737Z - info: Rebuilding 1 pages
2020-03-07T05:02:04.832Z - info: Pages rebuilt
2020-03-07T05:02:04.835Z - info: Site data built
2020-03-07T05:02:24.944Z - info: [13:02:24] Reload for file change: C:\repos\nus-cs2113-AY1920S2\cs2113-website\admin\tp-progress-dashboard-table.mbdf
2020-03-07T05:02:25.950Z - info: Rebuilding affected source files
2020-03-07T05:02:25.953Z - info: Rebuilding 1 pages
2020-03-07T05:02:26.571Z - info: Pages rebuilt
2020-03-07T05:02:26.574Z - info: Site data built
2020-03-07T05:02:50.369Z - info: [13:02:50] Reload for file change: C:\repos\nus-cs2113-AY1920S2\cs2113-website\admin\tp-progress-dashboard-table.mbdf
2020-03-07T05:02:51.373Z - info: Rebuilding affected source files
2020-03-07T05:02:51.373Z - info: Rebuilding 1 pages
2020-03-07T05:02:51.949Z - info: Pages rebuilt
2020-03-07T05:02:51.952Z - info: Site data built
2020-03-07T05:03:13.000Z - info: [13:03:13] Reload for file change: C:\repos\nus-cs2113-AY1920S2\cs2113-website\admin\tp-progress-dashboard-table.mbdf
2020-03-07T05:03:14.013Z - info: Rebuilding affected source files
2020-03-07T05:03:14.016Z - info: Rebuilding 1 pages
2020-03-07T05:03:14.823Z - info: Pages rebuilt
2020-03-07T05:03:14.823Z - info: Site data built
2020-03-07T05:03:55.462Z - info: [13:03:55] Reload for file change: C:\repos\nus-cs2113-AY1920S2\cs2113-website\admin\tp-progress-dashboard-table.mbdf
2020-03-07T05:03:56.470Z - info: Rebuilding affected source files
2020-03-07T05:03:56.470Z - info: Rebuilding 1 pages
2020-03-07T05:03:57.126Z - info: Pages rebuilt
2020-03-07T05:03:57.126Z - info: Site data built
2020-03-07T05:04:57.346Z - info: [13:04:57] Reload for file change: C:\repos\nus-cs2113-AY1920S2\cs2113-website\admin\tp-progress-dashboard-table.mbdf
2020-03-07T05:04:58.360Z - info: Rebuilding affected source files
2020-03-07T05:04:58.360Z - info: Rebuilding 1 pages
2020-03-07T05:04:59.214Z - info: Pages rebuilt
2020-03-07T05:04:59.214Z - info: Site data built
2020-03-07T07:07:19.680Z - info: [15:07:19] Reload for file change: C:\repos\nus-cs2113-AY1920S2\cs2113-website\admin\appendixE-gitHub.md
2020-03-07T07:07:19.732Z - info: [15:07:19] Reload for file change: C:\repos\nus-cs2113-AY1920S2\cs2113-website\admin\appendixE-gitHub.md
2020-03-07T07:07:20.727Z - info: Rebuilding affected source files
2020-03-07T07:07:20.727Z - info: Rebuilding 0 pages
2020-03-07T07:07:20.727Z - info: Pages rebuilt
2020-03-07T07:07:20.727Z - info: Site data built
2020-03-07T07:07:37.408Z - info: Website generation started at 15:07:34
2020-03-07T07:07:42.471Z - info: Building assets...
2020-03-07T07:07:47.930Z - info: Assets built
2020-03-07T07:07:47.930Z - info: Generating pages...
2020-03-07T07:09:51.282Z - debug: The process cannot access the file because it is being used by another process.

2020-03-07T07:09:51.290Z - debug: The process cannot access the file because it is being used by another process.

2020-03-07T07:09:51.290Z - debug: The process cannot access the file because it is being used by another process.

2020-03-07T07:09:51.290Z - debug: The process cannot access the file because it is being used by another process.

2020-03-07T07:09:51.294Z - debug: The process cannot access the file because it is being used by another process.

2020-03-07T07:09:51.294Z - debug: The process cannot access the file because it is being used by another process.

2020-03-07T07:09:51.294Z - debug: The process cannot access the file because it is being used by another process.

2020-03-07T07:09:51.294Z - debug: The process cannot access the file because it is being used by another process.

2020-03-07T07:09:51.294Z - debug: The process cannot access the file because it is being used by another process.

2020-03-07T07:09:51.294Z - debug: The process cannot access the file because it is being used by another process.

2020-03-07T07:09:51.294Z - debug: The process cannot access the file because it is being used by another process.

2020-03-07T07:09:51.294Z - debug: The process cannot access the file because it is being used by another process.

2020-03-07T07:09:51.294Z - debug: The process cannot access the file because it is being used by another process.

2020-03-07T07:09:51.294Z - debug: The process cannot access the file because it is being used by another process.

2020-03-07T07:09:51.294Z - debug: The process cannot access the file because it is being used by another process.

2020-03-07T07:09:51.294Z - debug: The process cannot access the file because it is being used by another process.

2020-03-07T07:09:51.294Z - debug: The process cannot access the file because it is being used by another process.

2020-03-07T07:09:51.294Z - debug: The process cannot access the file because it is being used by another process.

2020-03-07T07:09:51.294Z - debug: The process cannot access the file because it is being used by another process.

2020-03-07T07:09:51.298Z - debug: The process cannot access the file because it is being used by another process.

2020-03-07T07:09:51.298Z - debug: The process cannot access the file because it is being used by another process.

2020-03-07T07:09:51.298Z - debug: The process cannot access the file because it is being used by another process.

2020-03-07T07:09:51.298Z - debug: The process cannot access the file because it is being used by another process.

2020-03-07T07:09:51.298Z - debug: The process cannot access the file because it is being used by another process.

2020-03-07T07:09:51.322Z - debug: The process cannot access the file because it is being used by another process.

2020-03-07T07:10:19.288Z - debug:  
2020-03-07T07:10:19.288Z - debug:  
2020-03-07T07:10:19.288Z - debug:  
2020-03-07T07:10:19.288Z - debug:  
2020-03-07T07:11:28.552Z - info: Pages built
2020-03-07T07:11:59.438Z - info: Website generation complete! Total build time: 265.123s
2020-03-07T07:11:59.851Z - info: Serving "C:\repos\nus-cs2113-AY1920S2\cs2113-website\_site" at http://127.0.0.1:8080
2020-03-07T07:11:59.851Z - info: Press CTRL+C to stop ...
2020-03-07T07:11:59.902Z - info: Site data built
2020-03-07T07:12:27.194Z - info: [15:12:27] Reload for file change: C:\repos\nus-cs2113-AY1920S2\cs2113-website\admin\appendixE-gitHub.md
2020-03-07T07:12:28.223Z - info: Rebuilding affected source files
2020-03-07T07:12:28.238Z - info: Rebuilding 20 pages
2020-03-07T07:12:40.104Z - info: [15:12:40] Reload for file change: C:\repos\nus-cs2113-AY1920S2\cs2113-website\admin\appendixE-gitHub.md
2020-03-07T07:12:45.494Z - debug:  
2020-03-07T07:12:53.173Z - info: Pages rebuilt
2020-03-07T07:12:53.217Z - info: Site data built
2020-03-07T07:12:53.349Z - info: Rebuilding affected source files
2020-03-07T07:12:53.357Z - info: Rebuilding 20 pages
2020-03-07T07:13:14.002Z - debug:  
2020-03-07T07:13:22.023Z - info: Pages rebuilt
2020-03-07T07:13:22.095Z - info: Site data built
2020-03-07T07:14:05.623Z - info: [15:14:05] Reload for file change: C:\repos\nus-cs2113-AY1920S2\cs2113-website\admin\appendixE-gitHub.md
2020-03-07T07:14:06.650Z - info: Rebuilding affected source files
2020-03-07T07:14:06.666Z - info: Rebuilding 20 pages
2020-03-07T07:14:27.724Z - debug:  
2020-03-07T07:14:35.977Z - info: Pages rebuilt
2020-03-07T07:14:36.077Z - info: Site data built
2020-03-07T07:18:09.871Z - info: [15:18:09] Reload for file change: C:\repos\nus-cs2113-AY1920S2\cs2113-website\admin\tp-progress-dashboard-table.mbdf
2020-03-07T07:18:10.885Z - info: Rebuilding affected source files
2020-03-07T07:18:10.889Z - info: Rebuilding 1 pages
2020-03-07T07:18:11.879Z - info: Pages rebuilt
2020-03-07T07:18:11.879Z - info: Site data built
2020-03-07T07:37:12.444Z - info: [15:37:12] Reload for file change: C:\repos\nus-cs2113-AY1920S2\cs2113-website\admin\tp-progress-dashboard-table.mbdf
2020-03-07T07:37:13.469Z - info: Rebuilding affected source files
2020-03-07T07:37:13.473Z - info: Rebuilding 1 pages
2020-03-07T07:37:14.741Z - info: Pages rebuilt
2020-03-07T07:37:14.745Z - info: Site data built
2020-03-07T07:38:20.722Z - info: [15:38:20] Reload for file change: C:\repos\nus-cs2113-AY1920S2\cs2113-website\admin\tp-progress-dashboard-table.mbdf
2020-03-07T07:38:21.725Z - info: Rebuilding affected source files
2020-03-07T07:38:21.729Z - info: Rebuilding 1 pages
2020-03-07T07:38:22.868Z - info: Pages rebuilt
2020-03-07T07:38:22.871Z - info: Site data built
2020-03-07T07:51:56.924Z - info: [15:51:56] Reload for file change: C:\repos\nus-cs2113-AY1920S2\cs2113-website\admin\tp-progress-dashboard-table.mbdf
2020-03-07T07:51:58.019Z - info: Rebuilding affected source files
2020-03-07T07:51:58.019Z - info: Rebuilding 1 pages
2020-03-07T07:52:00.014Z - info: Pages rebuilt
2020-03-07T07:52:00.014Z - info: Site data built
2020-03-07T07:53:55.305Z - info: [15:53:55] Reload for file change: C:\repos\nus-cs2113-AY1920S2\cs2113-website\admin\tp-progress-dashboard-table.mbdf
2020-03-07T07:53:56.313Z - info: Rebuilding affected source files
2020-03-07T07:53:56.317Z - info: Rebuilding 1 pages
2020-03-07T07:53:57.619Z - info: Pages rebuilt
2020-03-07T07:53:57.623Z - info: Site data built
2020-03-07T07:56:55.003Z - info: [15:56:55] Reload for file change: C:\repos\nus-cs2113-AY1920S2\cs2113-website\admin\tp-progress-dashboard-table.mbdf
2020-03-07T07:56:56.011Z - info: Rebuilding affected source files
2020-03-07T07:56:56.011Z - info: Rebuilding 1 pages
2020-03-07T07:56:57.407Z - info: Pages rebuilt
2020-03-07T07:56:57.411Z - info: Site data built
2020-03-07T08:08:35.948Z - info: [16:08:35] Reload for file change: C:\repos\nus-cs2113-AY1920S2\cs2113-website\admin\tp-progress-dashboard-table.mbdf
2020-03-07T08:08:36.959Z - info: Rebuilding affected source files
2020-03-07T08:08:36.959Z - info: Rebuilding 1 pages
2020-03-07T08:08:38.616Z - info: Pages rebuilt
2020-03-07T08:08:38.631Z - info: Site data built
2020-03-07T14:56:26.638Z - info: Website generation started at 22:56:17
2020-03-07T14:56:34.795Z - info: Building assets...
2020-03-07T14:56:38.835Z - info: Assets built
2020-03-07T14:56:38.835Z - info: Generating pages...
2020-03-07T14:56:40.523Z - info: Pages built
2020-03-07T14:56:40.711Z - info: Website generation complete! Total build time: 23.094s
2020-03-07T14:56:41.443Z - info: Serving "C:\repos\nus-cs2113-AY1920S2\cs2113-website\_site" at http://127.0.0.1:8080
2020-03-07T14:56:41.443Z - info: Press CTRL+C to stop ...
2020-03-07T14:56:41.539Z - info: Site data built
2020-03-07T15:01:50.478Z - info: [23:01:50] Reload for file change: C:\repos\nus-cs2113-AY1920S2\cs2113-website\admin\tp-progress-dashboard-table.mbdf
2020-03-07T15:01:51.493Z - info: Rebuilding affected source files
2020-03-07T15:01:51.497Z - info: Rebuilding 1 pages
2020-03-07T15:01:53.383Z - info: Pages rebuilt
2020-03-07T15:01:53.391Z - info: Site data built
2020-03-07T15:14:52.301Z - info: [23:14:52] Reload for file change: C:\repos\nus-cs2113-AY1920S2\cs2113-website\admin\tp-progress-dashboard-table.mbdf
2020-03-07T15:14:53.314Z - info: Rebuilding affected source files
2020-03-07T15:14:53.330Z - info: Rebuilding 1 pages
2020-03-07T15:14:55.246Z - info: Pages rebuilt
2020-03-07T15:14:55.250Z - info: Site data built
2020-03-07T15:15:04.930Z - info: [23:15:04] Reload for file change: C:\repos\nus-cs2113-AY1920S2\cs2113-website\admin\tp-progress-dashboard-table.mbdf
2020-03-07T15:15:05.937Z - info: Rebuilding affected source files
2020-03-07T15:15:05.937Z - info: Rebuilding 1 pages
2020-03-07T15:15:07.490Z - info: Pages rebuilt
2020-03-07T15:15:07.494Z - info: Site data built
2020-03-07T15:16:27.177Z - info: [23:16:27] Reload for file change: C:\repos\nus-cs2113-AY1920S2\cs2113-website\admin\tp-progress-dashboard-table.mbdf
2020-03-07T15:16:28.184Z - info: Rebuilding affected source files
2020-03-07T15:16:28.184Z - info: Rebuilding 1 pages
2020-03-07T15:16:30.064Z - info: Pages rebuilt
2020-03-07T15:16:30.068Z - info: Site data built
2020-03-07T15:16:47.778Z - info: [23:16:47] Reload for file change: C:\repos\nus-cs2113-AY1920S2\cs2113-website\admin\tp-progress-dashboard-table.mbdf
2020-03-07T15:16:48.787Z - info: Rebuilding affected source files
2020-03-07T15:16:48.787Z - info: Rebuilding 1 pages
2020-03-07T15:16:50.831Z - info: Pages rebuilt
2020-03-07T15:16:50.835Z - info: Site data built
2020-03-07T15:21:48.600Z - info: [23:21:48] Reload for file change: C:\repos\nus-cs2113-AY1920S2\cs2113-website\admin\tp-progress-dashboard-table.mbdf
2020-03-07T15:21:49.610Z - info: Rebuilding affected source files
2020-03-07T15:21:49.610Z - info: Rebuilding 1 pages
2020-03-07T15:21:51.388Z - info: Pages rebuilt
2020-03-07T15:21:51.392Z - info: Site data built
2020-03-07T15:22:24.316Z - info: [23:22:24] Reload for file change: C:\repos\nus-cs2113-AY1920S2\cs2113-website\admin\tp-progress-dashboard-table.mbdf
2020-03-07T15:22:25.323Z - info: Rebuilding affected source files
2020-03-07T15:22:25.323Z - info: Rebuilding 1 pages
2020-03-07T15:22:28.145Z - info: Pages rebuilt
2020-03-07T15:22:28.149Z - info: Site data built
2020-03-07T15:23:26.191Z - info: [23:23:26] Reload for file change: C:\repos\nus-cs2113-AY1920S2\cs2113-website\admin\tp-progress-dashboard-table.mbdf
2020-03-07T15:23:27.199Z - info: Rebuilding affected source files
2020-03-07T15:23:27.199Z - info: Rebuilding 1 pages
2020-03-07T15:23:29.060Z - info: Pages rebuilt
2020-03-07T15:23:29.064Z - info: Site data built
