2020-04-18T10:51:29.239Z - info: Website generation started at 6:51:16 PM
2020-04-18T10:51:35.419Z - info: Building assets...
2020-04-18T10:51:39.780Z - info: Assets built
2020-04-18T10:51:39.781Z - info: Generating pages...
2020-04-18T10:54:11.492Z - debug: Exception in thread "main" java.lang.Error: IP Helper Library GetIpAddrTable function failed
	at java.net.NetworkInterface.getAll(Native Method)
	at java.net.NetworkInterface.getNetworkInterfaces(Unknown Source)
	at sun.security.provider.SeedGenerator.addNetworkAdapterInfo(Unknown Source)
	at sun.security.provider.SeedGenerator.access$000(Unknown Source)
	at sun.security.provider.SeedGenerator$1.run(Unknown Source)
	at sun.security.provider.SeedGenerator$1.run(Unknown Source)
	at java.security.AccessController.doPrivileged(Native Method)
	at sun.security.provider.SeedGenerator.getSystemEntropy(Unknown Source)
	at sun.security.provider.SecureRandom$SeederHolder.<clinit>(Unknown Source)
	at sun.security.provider.SecureRandom.engineNextBytes(Unknown Source)
	at java.security.SecureRandom.nextBytes(Unknown Source)
	at java.security.SecureRandom.next(Unknown Source)
	at java.util.Random.nextLong(Unknown Source)
	at java.nio.file.TempFileHelper.generatePath(Unknown Source)
	at java.nio.file.TempFileHelper.create(Unknown Source)
	at java.nio.file.TempFileHelper.createTempFile(Unknown Source)
	at java.nio.file.Files.createTempFile(Unknown Source)
	at javax.imageio.stream.FileCacheImageOutputStream.<init>(Unknown Source)
	at com.sun.imageio.spi.OutputStreamImageOutputStreamSpi.createOutputStreamInstance(Unknown Source)
	at javax.imageio.ImageIO.createImageOutputStream(Unknown Source)
	at net.sourceforge.plantuml.png.PngIOMetadata.writeInternal(PngIOMetadata.java:115)
	at net.sourceforge.plantuml.png.PngIOMetadata.writeWithMetadata(PngIOMetadata.java:69)
	at net.sourceforge.plantuml.png.PngIO.write(PngIO.java:86)
	at net.sourceforge.plantuml.png.PngIO.write(PngIO.java:80)
	at net.sourceforge.plantuml.ugraphic.g2d.UGraphicG2d.writeImageTOBEMOVED(UGraphicG2d.java:222)
	at net.sourceforge.plantuml.ugraphic.ImageBuilder.writeImageInternal(ImageBuilder.java:257)
	at net.sourceforge.plantuml.ugraphic.ImageBuilder.writeImageTOBEMOVED(ImageBuilder.java:179)
	at net.sourceforge.plantuml.sequencediagram.graphic.SequenceDiagramFileMakerPuma2.createOne(SequenceDiagramFileMakerPuma2.java:238)
	at net.sourceforge.plantuml.sequencediagram.SequenceDiagram.exportDiagramInternal(SequenceDiagram.java:249)
	at net.sourceforge.plantuml.UmlDiagram.exportDiagramNow(UmlDiagram.java:202)
	at net.sourceforge.plantuml.AbstractPSystem.exportDiagram(AbstractPSystem.java:135)
	at net.sourceforge.plantuml.SourceStringReader.outputImage(SourceStringReader.java:154)
	at net.sourceforge.plantuml.Pipe.managePipe(Pipe.java:110)
	at net.sourceforge.plantuml.Run.managePipe(Run.java:359)
	at net.sourceforge.plantuml.Run.main(Run.java:166)

2020-04-18T10:54:11.499Z - debug:  
2020-04-18T10:54:11.499Z - debug: Error: loading: C:\Program Files\Java\jre1.8.0_144\bin\server\jvm.dll

2020-04-18T10:54:14.352Z - debug:  
2020-04-18T10:54:14.352Z - debug:  
2020-04-18T10:54:14.352Z - debug:  
2020-04-18T10:54:14.352Z - debug:  
2020-04-18T10:54:14.352Z - debug:  
2020-04-18T10:54:14.598Z - debug:  
2020-04-18T10:54:14.599Z - debug:  
2020-04-18T10:54:14.599Z - debug:  
2020-04-18T10:54:14.599Z - debug:  
2020-04-18T10:54:14.599Z - debug:  
2020-04-18T10:54:14.599Z - debug:  
2020-04-18T10:54:14.599Z - debug:  
2020-04-18T10:54:14.941Z - debug:  
2020-04-18T10:54:14.954Z - debug:  
2020-04-18T10:54:15.091Z - debug:  
2020-04-18T10:54:15.091Z - debug:  
2020-04-18T10:54:15.318Z - debug:  
2020-04-18T10:54:21.812Z - debug:  
2020-04-18T10:54:21.812Z - debug:  
2020-04-18T10:54:21.812Z - debug:  
2020-04-18T10:54:21.812Z - debug:  
2020-04-18T10:54:21.812Z - debug:  
2020-04-18T10:54:21.812Z - debug:  
2020-04-18T10:54:21.812Z - debug:  
2020-04-18T10:54:21.813Z - debug:  
2020-04-18T10:54:21.813Z - debug:  
2020-04-18T10:54:25.037Z - info: Pages built
2020-04-18T10:54:57.766Z - info: Website generation complete! Total build time: 220.821s
2020-04-18T10:54:58.630Z - info: Serving "C:\repos\nus-cs2113-AY1920S2\cs2113-website\_site" at http://127.0.0.1:8080
2020-04-18T10:54:58.630Z - info: Press CTRL+C to stop ...
2020-04-18T10:54:58.630Z - debug:  
2020-04-18T10:54:58.630Z - debug:  
2020-04-18T10:54:58.699Z - info: Site data built
2020-04-18T11:08:47.467Z - info: [7:08:47 PM] Reload for file change: C:\repos\nus-cs2113-AY1920S2\cs2113-website\admin\tp-deliverables-pe.mbdf
2020-04-18T11:08:47.506Z - info: [7:08:47 PM] Reload for file change: C:\repos\nus-cs2113-AY1920S2\cs2113-website\admin\tp-deliverables-pe.mbdf
2020-04-18T11:08:48.501Z - info: Rebuilding affected source files
2020-04-18T11:08:48.555Z - info: Rebuilding 16 pages
2020-04-18T11:09:05.887Z - info: Pages rebuilt
2020-04-18T11:09:05.890Z - info: Website regeneration complete! Total build time: 17.387s
2020-04-18T11:09:05.897Z - debug:  
2020-04-18T11:09:05.900Z - debug:  
2020-04-18T11:09:06.014Z - info: Site data built
2020-04-18T11:10:54.809Z - info: [7:10:54 PM] Reload for file change: C:\repos\nus-cs2113-AY1920S2\cs2113-website\admin\tp-deliverables-pe.mbdf
2020-04-18T11:10:55.812Z - info: Rebuilding affected source files
2020-04-18T11:10:55.818Z - info: Rebuilding 16 pages
2020-04-18T11:11:10.778Z - info: Pages rebuilt
2020-04-18T11:11:10.779Z - info: Website regeneration complete! Total build time: 14.967s
2020-04-18T11:11:10.785Z - debug:  
2020-04-18T11:11:10.786Z - debug:  
2020-04-18T11:11:10.812Z - info: Site data built
2020-04-18T11:15:22.764Z - info: [7:15:22 PM] Reload for file change: C:\repos\nus-cs2113-AY1920S2\cs2113-website\admin\tp-deliverables-pe.mbdf
2020-04-18T11:15:23.782Z - info: Rebuilding affected source files
2020-04-18T11:15:23.814Z - info: Rebuilding 16 pages
2020-04-18T11:15:38.648Z - info: Pages rebuilt
2020-04-18T11:15:38.650Z - info: Website regeneration complete! Total build time: 14.867s
2020-04-18T11:15:38.666Z - debug:  
2020-04-18T11:15:38.667Z - debug:  
2020-04-18T11:15:38.773Z - info: Site data built
2020-04-18T11:15:56.464Z - info: [7:15:56 PM] Reload for file change: C:\repos\nus-cs2113-AY1920S2\cs2113-website\admin\tp-deliverables-pe.mbdf
2020-04-18T11:15:57.472Z - info: Rebuilding affected source files
2020-04-18T11:15:57.480Z - info: Rebuilding 16 pages
2020-04-18T11:16:13.055Z - info: Pages rebuilt
2020-04-18T11:16:13.056Z - info: Website regeneration complete! Total build time: 15.584s
2020-04-18T11:16:13.077Z - debug:  
2020-04-18T11:16:13.077Z - debug:  
2020-04-18T11:16:13.094Z - info: Site data built
2020-04-18T11:19:54.878Z - info: [7:19:54 PM] Reload for file change: C:\repos\nus-cs2113-AY1920S2\cs2113-website\admin\tp-deliverables-pe.mbdf
2020-04-18T11:19:55.885Z - info: Rebuilding affected source files
2020-04-18T11:19:55.894Z - info: Rebuilding 16 pages
2020-04-18T11:20:11.122Z - info: Pages rebuilt
2020-04-18T11:20:11.124Z - info: Website regeneration complete! Total build time: 15.239s
2020-04-18T11:20:11.138Z - debug:  
2020-04-18T11:20:11.138Z - debug:  
2020-04-18T11:20:11.255Z - info: Site data built
2020-04-18T11:21:41.684Z - info: Website generation started at 7:21:35 PM
2020-04-18T11:21:47.865Z - info: Building assets...
2020-04-18T11:21:51.946Z - info: Assets built
2020-04-18T11:21:51.947Z - info: Generating pages...
2020-04-18T11:24:25.782Z - debug:  
2020-04-18T11:24:25.789Z - debug:  
2020-04-18T11:24:25.789Z - debug:  
2020-04-18T11:24:25.791Z - debug:  
2020-04-18T11:24:25.791Z - debug:  
2020-04-18T11:24:25.791Z - debug:  
2020-04-18T11:24:25.791Z - debug:  
2020-04-18T11:24:25.791Z - debug:  
2020-04-18T11:24:25.792Z - debug:  
2020-04-18T11:24:25.792Z - debug:  
2020-04-18T11:24:25.792Z - debug:  
2020-04-18T11:24:25.792Z - debug:  
2020-04-18T11:24:25.792Z - debug:  
2020-04-18T11:24:26.174Z - debug:  
2020-04-18T11:24:26.175Z - debug:  
2020-04-18T11:24:26.175Z - debug:  
2020-04-18T11:24:26.175Z - debug:  
2020-04-18T11:24:26.176Z - debug:  
2020-04-18T11:24:26.176Z - debug:  
2020-04-18T11:24:26.578Z - debug:  
2020-04-18T11:24:35.184Z - debug:  
2020-04-18T11:24:35.185Z - debug:  
2020-04-18T11:24:35.185Z - debug:  
2020-04-18T11:24:35.185Z - debug:  
2020-04-18T11:24:35.185Z - debug:  
2020-04-18T11:24:35.185Z - debug:  
2020-04-18T11:24:35.185Z - debug:  
2020-04-18T11:24:35.185Z - debug:  
2020-04-18T11:24:35.185Z - debug:  
2020-04-18T11:24:36.097Z - debug:  
2020-04-18T11:24:36.097Z - debug:  
2020-04-18T11:24:36.178Z - info: Pages built
2020-04-18T11:25:07.621Z - info: Website generation complete! Total build time: 212.315s
2020-04-18T11:25:07.623Z - info: Build success!
2020-04-18T11:25:07.626Z - info: Site data built
2020-04-18T11:25:56.642Z - info: Deployed!
2020-04-18T12:16:19.821Z - info: Website generation (lazy) started at 8:16:11 PM
2020-04-18T12:16:29.906Z - info: Building assets...
2020-04-18T12:16:37.675Z - info: Assets built
2020-04-18T12:16:37.677Z - info: Generating landing page...
2020-04-18T12:16:38.727Z - info: Landing page built, other pages will be built as you navigate to them!
2020-04-18T12:16:38.831Z - info: Website generation (lazy) complete! Total build time: 27.603s
2020-04-18T12:16:40.032Z - info: Serving "C:\repos\nus-cs2113-AY1920S2\cs2113-website\_site" at http://127.0.0.1:8080
2020-04-18T12:16:40.032Z - info: Press CTRL+C to stop ...
2020-04-18T12:16:40.133Z - info: Site data built
2020-04-18T12:16:49.925Z - info: Building C:\repos\nus-cs2113-AY1920S2\cs2113-website\schedule\week13\tutorial as some of its dependencies were changed since the last visit
2020-04-18T12:16:50.233Z - info: Site data built
2020-04-18T12:16:50.234Z - info: Lazy website regeneration complete! Total build time: 0.31s
2020-04-18T12:17:46.909Z - info: [8:17:46 PM] Reload for file change: C:\repos\nus-cs2113-AY1920S2\cs2113-website\schedule\week13\tutorial.md
2020-04-18T12:17:47.921Z - info: Rebuilding affected source files
2020-04-18T12:17:47.938Z - info: Rebuilding 1 pages
2020-04-18T12:17:48.313Z - info: Pages rebuilt
2020-04-18T12:17:48.313Z - info: Website regeneration complete! Total build time: 0.391s
2020-04-18T12:17:48.319Z - info: Site data built
2020-04-18T12:18:09.678Z - info: [8:18:09 PM] Reload for file change: C:\repos\nus-cs2113-AY1920S2\cs2113-website\schedule\week13\tutorial.md
2020-04-18T12:18:10.682Z - info: Rebuilding affected source files
2020-04-18T12:18:10.689Z - info: Rebuilding 1 pages
2020-04-18T12:18:10.961Z - info: Pages rebuilt
2020-04-18T12:18:10.962Z - info: Website regeneration complete! Total build time: 0.277s
2020-04-18T12:18:10.966Z - info: Site data built
2020-04-18T12:18:24.481Z - info: [8:18:24 PM] Reload for file change: C:\repos\nus-cs2113-AY1920S2\cs2113-website\schedule\week13\tutorial.md
2020-04-18T12:18:25.486Z - info: Rebuilding affected source files
2020-04-18T12:18:25.488Z - info: Rebuilding 1 pages
2020-04-18T12:18:25.774Z - info: Pages rebuilt
2020-04-18T12:18:25.774Z - info: Website regeneration complete! Total build time: 0.288s
2020-04-18T12:18:25.779Z - info: Site data built
2020-04-18T12:18:39.406Z - info: [8:18:39 PM] Reload for file change: C:\repos\nus-cs2113-AY1920S2\cs2113-website\schedule\week13\tutorial.md
2020-04-18T12:18:40.417Z - info: Rebuilding affected source files
2020-04-18T12:18:40.423Z - info: Rebuilding 1 pages
2020-04-18T12:18:40.644Z - info: Pages rebuilt
2020-04-18T12:18:40.644Z - info: Website regeneration complete! Total build time: 0.226s
2020-04-18T12:18:40.654Z - info: Site data built
2020-04-18T12:19:01.326Z - info: [8:19:01 PM] Reload for file change: C:\repos\nus-cs2113-AY1920S2\cs2113-website\schedule\week13\tutorial.md
2020-04-18T12:19:02.337Z - info: Rebuilding affected source files
2020-04-18T12:19:02.338Z - info: Rebuilding 1 pages
2020-04-18T12:19:02.564Z - info: Pages rebuilt
2020-04-18T12:19:02.565Z - info: Website regeneration complete! Total build time: 0.228s
2020-04-18T12:19:02.569Z - info: Site data built
2020-04-18T12:19:12.585Z - info: [8:19:12 PM] Reload for file change: C:\repos\nus-cs2113-AY1920S2\cs2113-website\schedule\week13\tutorial.md
2020-04-18T12:19:13.596Z - info: Rebuilding affected source files
2020-04-18T12:19:13.601Z - info: Rebuilding 1 pages
2020-04-18T12:19:14.033Z - info: Pages rebuilt
2020-04-18T12:19:14.033Z - info: Website regeneration complete! Total build time: 0.436s
2020-04-18T12:19:14.039Z - info: Site data built
2020-04-18T12:19:41.573Z - info: [8:19:41 PM] Reload for file change: C:\repos\nus-cs2113-AY1920S2\cs2113-website\schedule\week13\tutorial.md
2020-04-18T12:19:42.588Z - info: Rebuilding affected source files
2020-04-18T12:19:42.594Z - info: Rebuilding 1 pages
2020-04-18T12:19:42.904Z - info: Pages rebuilt
2020-04-18T12:19:42.904Z - info: Website regeneration complete! Total build time: 0.316s
2020-04-18T12:19:42.942Z - info: Site data built
2020-04-18T12:19:59.759Z - info: [8:19:59 PM] Reload for file change: C:\repos\nus-cs2113-AY1920S2\cs2113-website\schedule\week13\tutorial.md
2020-04-18T12:20:00.765Z - info: Rebuilding affected source files
2020-04-18T12:20:00.767Z - info: Rebuilding 1 pages
2020-04-18T12:20:00.982Z - info: Pages rebuilt
2020-04-18T12:20:00.982Z - info: Website regeneration complete! Total build time: 0.217s
2020-04-18T12:20:00.988Z - info: Site data built
2020-04-18T12:20:06.628Z - info: [8:20:06 PM] Reload for file change: C:\repos\nus-cs2113-AY1920S2\cs2113-website\schedule\week13\tutorial.md
2020-04-18T12:20:07.636Z - info: Rebuilding affected source files
2020-04-18T12:20:07.641Z - info: Rebuilding 1 pages
2020-04-18T12:20:07.933Z - info: Pages rebuilt
2020-04-18T12:20:07.934Z - info: Website regeneration complete! Total build time: 0.298s
2020-04-18T12:20:07.939Z - info: Site data built
2020-04-18T13:02:44.101Z - info: [9:02:44 PM] Reload for file change: C:\repos\nus-cs2113-AY1920S2\cs2113-website\schedule\week13\tutorial.md
2020-04-18T13:02:45.120Z - info: Rebuilding affected source files
2020-04-18T13:02:45.125Z - info: Rebuilding 1 pages
2020-04-18T13:02:45.644Z - info: Pages rebuilt
2020-04-18T13:02:45.646Z - info: Website regeneration complete! Total build time: 0.526s
2020-04-18T13:02:45.655Z - info: Site data built
2020-04-18T13:02:47.378Z - debug:  
2020-04-18T13:03:23.393Z - info: [9:03:23 PM] Reload for file change: C:\repos\nus-cs2113-AY1920S2\cs2113-website\schedule\week13\tutorial.md
2020-04-18T13:03:24.398Z - info: Rebuilding affected source files
2020-04-18T13:03:24.406Z - info: Rebuilding 1 pages
2020-04-18T13:03:24.819Z - info: Pages rebuilt
2020-04-18T13:03:24.819Z - info: Website regeneration complete! Total build time: 0.42s
2020-04-18T13:03:24.824Z - info: Site data built
2020-04-18T13:03:26.356Z - debug:  
2020-04-18T13:03:44.021Z - info: [9:03:44 PM] Reload for file change: C:\repos\nus-cs2113-AY1920S2\cs2113-website\schedule\week13\tutorial.md
2020-04-18T13:03:45.028Z - info: Rebuilding affected source files
2020-04-18T13:03:45.033Z - info: Rebuilding 1 pages
2020-04-18T13:03:45.254Z - info: Pages rebuilt
2020-04-18T13:03:45.254Z - info: Website regeneration complete! Total build time: 0.225s
2020-04-18T13:03:45.259Z - info: Site data built
2020-04-18T13:03:47.021Z - debug:  
2020-04-18T14:17:51.054Z - info: [10:17:51 PM] Reload for file change: C:\repos\nus-cs2113-AY1920S2\cs2113-website\schedule\week13\tutorial.md
2020-04-18T14:17:52.070Z - info: Rebuilding affected source files
2020-04-18T14:17:52.093Z - info: Rebuilding 1 pages
2020-04-18T14:17:52.390Z - info: Pages rebuilt
2020-04-18T14:17:52.391Z - info: Website regeneration complete! Total build time: 0.32s
2020-04-18T14:17:52.396Z - info: Site data built
2020-04-18T14:17:53.976Z - debug:  
2020-04-18T14:18:06.991Z - info: [10:18:06 PM] Reload for file change: C:\repos\nus-cs2113-AY1920S2\cs2113-website\schedule\week13\tutorial.md
2020-04-18T14:18:07.994Z - info: Rebuilding affected source files
2020-04-18T14:18:07.998Z - info: Rebuilding 1 pages
2020-04-18T14:18:08.284Z - info: Pages rebuilt
2020-04-18T14:18:08.284Z - info: Website regeneration complete! Total build time: 0.29s
2020-04-18T14:18:08.288Z - info: Site data built
2020-04-18T14:18:09.663Z - debug:  
2020-04-18T14:18:20.272Z - info: [10:18:20 PM] Reload for file change: C:\repos\nus-cs2113-AY1920S2\cs2113-website\schedule\week13\tutorial.md
2020-04-18T14:18:21.282Z - info: Rebuilding affected source files
2020-04-18T14:18:21.286Z - info: Rebuilding 1 pages
2020-04-18T14:18:21.645Z - info: Pages rebuilt
2020-04-18T14:18:21.646Z - info: Website regeneration complete! Total build time: 0.363s
2020-04-18T14:18:21.650Z - info: Site data built
2020-04-18T14:18:22.896Z - debug:  
2020-04-18T14:18:54.919Z - info: [10:18:54 PM] Reload for file change: C:\repos\nus-cs2113-AY1920S2\cs2113-website\schedule\week13\tutorial.md
2020-04-18T14:18:55.922Z - info: Rebuilding affected source files
2020-04-18T14:18:55.926Z - info: Rebuilding 1 pages
2020-04-18T14:18:56.106Z - info: Pages rebuilt
2020-04-18T14:18:56.107Z - info: Website regeneration complete! Total build time: 0.185s
2020-04-18T14:18:56.110Z - info: Site data built
2020-04-18T14:18:57.603Z - debug:  
2020-04-18T14:19:42.195Z - info: [10:19:42 PM] Reload for file change: C:\repos\nus-cs2113-AY1920S2\cs2113-website\schedule\week13\tutorial.md
2020-04-18T14:19:43.199Z - info: Rebuilding affected source files
2020-04-18T14:19:43.201Z - info: Rebuilding 1 pages
2020-04-18T14:19:43.437Z - info: Pages rebuilt
2020-04-18T14:19:43.437Z - info: Website regeneration complete! Total build time: 0.238s
2020-04-18T14:19:43.445Z - info: Site data built
2020-04-18T14:19:44.865Z - debug:  
2020-04-18T14:21:42.526Z - info: [10:21:42 PM] Reload for file change: C:\repos\nus-cs2113-AY1920S2\cs2113-website\schedule\week13\tutorial.md
2020-04-18T14:21:43.529Z - info: Rebuilding affected source files
2020-04-18T14:21:43.532Z - info: Rebuilding 1 pages
2020-04-18T14:21:43.711Z - info: Pages rebuilt
2020-04-18T14:21:43.711Z - info: Website regeneration complete! Total build time: 0.182s
2020-04-18T14:21:43.714Z - info: Site data built
2020-04-18T14:22:22.882Z - info: [10:22:22 PM] Reload for file change: C:\repos\nus-cs2113-AY1920S2\cs2113-website\schedule\week13\tutorial.md
2020-04-18T14:22:23.889Z - info: Rebuilding affected source files
2020-04-18T14:22:23.893Z - info: Rebuilding 1 pages
2020-04-18T14:22:24.208Z - info: Pages rebuilt
2020-04-18T14:22:24.209Z - info: Website regeneration complete! Total build time: 0.319s
2020-04-18T14:22:24.212Z - info: Site data built
2020-04-18T14:22:52.893Z - info: [10:22:52 PM] Reload for file change: C:\repos\nus-cs2113-AY1920S2\cs2113-website\schedule\week13\tutorial.md
2020-04-18T14:22:53.898Z - info: Rebuilding affected source files
2020-04-18T14:22:53.901Z - info: Rebuilding 1 pages
2020-04-18T14:22:54.145Z - info: Pages rebuilt
2020-04-18T14:22:54.145Z - info: Website regeneration complete! Total build time: 0.246s
2020-04-18T14:22:54.156Z - info: Site data built
2020-04-18T14:23:00.776Z - info: [10:23:00 PM] Reload for file change: C:\repos\nus-cs2113-AY1920S2\cs2113-website\schedule\week13\tutorial.md
2020-04-18T14:23:01.780Z - info: Rebuilding affected source files
2020-04-18T14:23:01.782Z - info: Rebuilding 1 pages
2020-04-18T14:23:02.038Z - info: Pages rebuilt
2020-04-18T14:23:02.039Z - info: Website regeneration complete! Total build time: 0.257s
2020-04-18T14:23:02.046Z - info: Site data built
2020-04-18T14:24:27.336Z - info: [10:24:27 PM] Reload for file change: C:\repos\nus-cs2113-AY1920S2\cs2113-website\_markbind\variables.md
2020-04-18T14:24:28.341Z - info: Rebuilding affected source files
2020-04-18T14:24:28.506Z - warn: Rebuilding all pages as variables file was changed, or the --force-reload flag was set
2020-04-18T14:24:28.514Z - info: Rebuilding 1 pages
2020-04-18T14:24:28.701Z - info: Pages rebuilt
2020-04-18T14:24:28.701Z - info: Website regeneration complete! Total build time: 0.36s
2020-04-18T14:24:28.704Z - info: Site data built
2020-04-18T14:25:20.345Z - info: [10:25:20 PM] Reload for file change: C:\repos\nus-cs2113-AY1920S2\cs2113-website\schedule\week13\tutorial.md
2020-04-18T14:25:20.359Z - info: [10:25:20 PM] Reload for file change: C:\repos\nus-cs2113-AY1920S2\cs2113-website\_markbind\variables.md
2020-04-18T14:25:21.351Z - info: Rebuilding affected source files
2020-04-18T14:25:21.441Z - warn: Rebuilding all pages as variables file was changed, or the --force-reload flag was set
2020-04-18T14:25:21.448Z - info: Rebuilding 1 pages
2020-04-18T14:25:21.617Z - info: Pages rebuilt
2020-04-18T14:25:21.617Z - info: Website regeneration complete! Total build time: 0.266s
2020-04-18T14:25:21.621Z - info: Site data built
2020-04-18T14:25:38.278Z - info: [10:25:38 PM] Reload for file change: C:\repos\nus-cs2113-AY1920S2\cs2113-website\schedule\week13\tutorial.md
2020-04-18T14:25:39.283Z - info: Rebuilding affected source files
2020-04-18T14:25:39.288Z - info: Rebuilding 1 pages
2020-04-18T14:25:39.590Z - info: Pages rebuilt
2020-04-18T14:25:39.590Z - info: Website regeneration complete! Total build time: 0.307s
2020-04-18T14:25:39.595Z - info: Site data built
2020-04-18T14:26:12.958Z - info: [10:26:12 PM] Reload for file change: C:\repos\nus-cs2113-AY1920S2\cs2113-website\schedule\week13\tutorial.md
2020-04-18T14:26:13.969Z - info: Rebuilding affected source files
2020-04-18T14:26:13.974Z - info: Rebuilding 1 pages
2020-04-18T14:26:14.182Z - info: Pages rebuilt
2020-04-18T14:26:14.182Z - info: Website regeneration complete! Total build time: 0.213s
2020-04-18T14:26:14.186Z - info: Site data built
2020-04-18T14:26:36.590Z - info: [10:26:36 PM] Reload for file change: C:\repos\nus-cs2113-AY1920S2\cs2113-website\schedule\week13\tutorial.md
2020-04-18T14:26:37.594Z - info: Rebuilding affected source files
2020-04-18T14:26:37.597Z - info: Rebuilding 1 pages
2020-04-18T14:26:37.767Z - info: Pages rebuilt
2020-04-18T14:26:37.767Z - info: Website regeneration complete! Total build time: 0.173s
2020-04-18T14:26:37.775Z - info: Site data built
2020-04-18T14:27:21.483Z - info: [10:27:21 PM] Reload for file change: C:\repos\nus-cs2113-AY1920S2\cs2113-website\schedule\week13\tutorial.md
2020-04-18T14:27:22.485Z - info: Rebuilding affected source files
2020-04-18T14:27:22.488Z - info: Rebuilding 1 pages
2020-04-18T14:27:22.656Z - info: Pages rebuilt
2020-04-18T14:27:22.656Z - info: Website regeneration complete! Total build time: 0.171s
2020-04-18T14:27:22.660Z - info: Site data built
2020-04-18T14:29:59.074Z - info: Building C:\repos\nus-cs2113-AY1920S2\cs2113-website\schedule\week13\index as some of its dependencies were changed since the last visit
2020-04-18T14:29:59.650Z - info: Site data built
2020-04-18T14:29:59.651Z - info: Lazy website regeneration complete! Total build time: 0.578s
2020-04-18T14:30:55.905Z - info: [10:30:55 PM] Reload for file change: C:\repos\nus-cs2113-AY1920S2\cs2113-website\admin\admin-tasks.mbdf
2020-04-18T14:30:56.913Z - info: Rebuilding affected source files
2020-04-18T14:30:56.915Z - info: Rebuilding 1 pages
2020-04-18T14:30:57.022Z - error:  Template render error: (C:\repos\nus-cs2113-AY1920S2\cs2113-website\admin\admin-tasks.mbdf) [Line 104, Column 3]
  parseAggregate: expected comma after expression
Error while preprocessing 'C:\repos\nus-cs2113-AY1920S2\cs2113-website\schedule\week13\index.md'
    at Object._prettifyError (C:\Users\damithch\AppData\Roaming\npm\node_modules\markbind-cli\node_modules\nunjucks\src\lib.js:36:11)
    at Template.render (C:\Users\damithch\AppData\Roaming\npm\node_modules\markbind-cli\node_modules\nunjucks\src\environment.js:536:21)
    at Environment.renderString (C:\Users\damithch\AppData\Roaming\npm\node_modules\markbind-cli\node_modules\nunjucks\src\environment.js:378:17)
    at Object.renderRaw (C:\Users\damithch\AppData\Roaming\npm\node_modules\markbind-cli\src\lib\markbind\src\utils\nunjuckUtils.js:18:38)
    at Parser._renderIncludeFile (C:\Users\damithch\AppData\Roaming\npm\node_modules\markbind-cli\src\lib\markbind\src\parser.js:169:28)
    at _preprocessInclude (C:\Users\damithch\AppData\Roaming\npm\node_modules\markbind-cli\src\lib\markbind\src\preprocessors\componentPreprocessor.js:256:14)
    at preProcessComponent (C:\Users\damithch\AppData\Roaming\npm\node_modules\markbind-cli\src\lib\markbind\src\preprocessors\componentPreprocessor.js:361:12)
    at C:\Users\damithch\AppData\Roaming\npm\node_modules\markbind-cli\src\lib\markbind\src\preprocessors\componentPreprocessor.js:368:52
    at Array.map (<anonymous>)
    at preProcessComponent (C:\Users\damithch\AppData\Roaming\npm\node_modules\markbind-cli\src\lib\markbind\src\preprocessors\componentPreprocessor.js:368:43)
    at C:\Users\damithch\AppData\Roaming\npm\node_modules\markbind-cli\src\lib\markbind\src\preprocessors\componentPreprocessor.js:317:50
    at Array.map (<anonymous>)
    at _preprocessInclude (C:\Users\damithch\AppData\Roaming\npm\node_modules\markbind-cli\src\lib\markbind\src\preprocessors\componentPreprocessor.js:317:41)
    at preProcessComponent (C:\Users\damithch\AppData\Roaming\npm\node_modules\markbind-cli\src\lib\markbind\src\preprocessors\componentPreprocessor.js:361:12)
    at C:\Users\damithch\AppData\Roaming\npm\node_modules\markbind-cli\src\lib\markbind\src\preprocessors\componentPreprocessor.js:368:52
    at Array.map (<anonymous>)
2020-04-18T14:30:57.070Z - info: Pages rebuilt
2020-04-18T14:30:57.070Z - info: Website regeneration complete! Total build time: 0.157s
2020-04-18T14:30:57.081Z - info: Site data built
2020-04-18T14:31:17.873Z - info: [10:31:17 PM] Reload for file change: C:\repos\nus-cs2113-AY1920S2\cs2113-website\admin\admin-tasks.mbdf
2020-04-18T14:31:18.881Z - info: Rebuilding affected source files
2020-04-18T14:31:18.883Z - info: Rebuilding 1 pages
2020-04-18T14:31:19.322Z - info: Pages rebuilt
2020-04-18T14:31:19.322Z - info: Website regeneration complete! Total build time: 0.441s
2020-04-18T14:31:19.325Z - info: Site data built
2020-04-18T14:31:37.477Z - info: Website generation (lazy) started at 10:31:34 PM
2020-04-18T14:31:43.438Z - info: Building assets...
2020-04-18T14:31:48.072Z - info: Assets built
2020-04-18T14:31:48.073Z - info: Generating landing page...
2020-04-18T14:31:49.221Z - info: Landing page built, other pages will be built as you navigate to them!
2020-04-18T14:31:49.335Z - info: Website generation (lazy) complete! Total build time: 14.516s
2020-04-18T14:31:50.241Z - info: Serving "C:\repos\nus-cs2113-AY1920S2\cs2113-website\_site" at http://127.0.0.1:8080
2020-04-18T14:31:50.242Z - info: Press CTRL+C to stop ...
2020-04-18T14:31:50.324Z - info: Site data built
2020-04-18T14:31:59.445Z - info: Building C:\repos\nus-cs2113-AY1920S2\cs2113-website\schedule\week13\index as some of its dependencies were changed since the last visit
2020-04-18T14:31:59.946Z - info: Site data built
2020-04-18T14:31:59.946Z - info: Lazy website regeneration complete! Total build time: 0.503s
2020-04-18T14:32:12.811Z - info: [10:32:12 PM] Reload for file change: C:\repos\nus-cs2113-AY1920S2\cs2113-website\admin\admin-tasks.mbdf
2020-04-18T14:32:13.813Z - info: Rebuilding affected source files
2020-04-18T14:32:13.815Z - info: Rebuilding 1 pages
2020-04-18T14:32:14.256Z - info: Pages rebuilt
2020-04-18T14:32:14.256Z - info: Website regeneration complete! Total build time: 0.443s
2020-04-18T14:32:14.267Z - info: Site data built
2020-04-18T14:32:15.374Z - info: Building C:\repos\nus-cs2113-AY1920S2\cs2113-website\schedule\week13\index as some of its dependencies were changed since the last visit
2020-04-18T14:32:15.746Z - info: Site data built
2020-04-18T14:32:15.747Z - info: Lazy website regeneration complete! Total build time: 0.374s
2020-04-18T14:32:25.580Z - info: [10:32:25 PM] Reload for file change: C:\repos\nus-cs2113-AY1920S2\cs2113-website\_markbind\variables.md
2020-04-18T14:32:26.582Z - info: Rebuilding affected source files
2020-04-18T14:32:26.701Z - warn: Rebuilding all pages as variables file was changed, or the --force-reload flag was set
2020-04-18T14:32:26.724Z - info: Rebuilding 1 pages
2020-04-18T14:32:27.078Z - info: Pages rebuilt
2020-04-18T14:32:27.078Z - info: Website regeneration complete! Total build time: 0.496s
2020-04-18T14:32:27.083Z - info: Site data built
2020-04-18T14:32:28.190Z - info: Building C:\repos\nus-cs2113-AY1920S2\cs2113-website\index as some of its dependencies were changed since the last visit
2020-04-18T14:32:28.529Z - info: Site data built
2020-04-18T14:32:28.529Z - info: Lazy website regeneration complete! Total build time: 0.339s
2020-04-18T14:32:34.789Z - info: [10:32:34 PM] Reload for file change: C:\repos\nus-cs2113-AY1920S2\cs2113-website\schedule\week13\tutorial.md
2020-04-18T14:32:35.789Z - info: Rebuilding affected source files
2020-04-18T14:32:35.792Z - info: Rebuilding 0 pages
2020-04-18T14:32:35.795Z - info: Pages rebuilt
2020-04-18T14:32:35.795Z - info: Website regeneration complete! Total build time: 0.005s
2020-04-18T14:32:35.813Z - info: Site data built
2020-04-18T14:34:54.034Z - info: [10:34:54 PM] Reload for file change: C:\repos\nus-cs2113-AY1920S2\cs2113-website\schedule\week13\tutorial.md
2020-04-18T14:34:55.039Z - info: Rebuilding affected source files
2020-04-18T14:34:55.041Z - info: Rebuilding 0 pages
2020-04-18T14:34:55.042Z - info: Pages rebuilt
2020-04-18T14:34:55.042Z - info: Website regeneration complete! Total build time: 0.003s
2020-04-18T14:34:55.047Z - info: Site data built
2020-04-18T14:35:01.924Z - info: Building C:\repos\nus-cs2113-AY1920S2\cs2113-website\schedule\week13\tutorial as some of its dependencies were changed since the last visit
2020-04-18T14:35:02.064Z - error:  TypeError: Cannot read property 'toSVG' of undefined
    at Function.replacer (C:\Users\damithch\AppData\Roaming\npm\node_modules\markbind-cli\src\lib\markbind\src\lib\markdown-it\markdown-it-icons.js:14:55)
    at Function.Plugin.render (C:\Users\damithch\AppData\Roaming\npm\node_modules\markbind-cli\node_modules\markdown-it-regexp\lib\index.js:85:15)
    at Renderer.renderInline (C:\Users\damithch\AppData\Roaming\npm\node_modules\markbind-cli\node_modules\markdown-it\lib\renderer.js:271:28)
    at Renderer.render (C:\Users\damithch\AppData\Roaming\npm\node_modules\markbind-cli\node_modules\markdown-it\lib\renderer.js:324:22)
    at MarkdownIt.render (C:\Users\damithch\AppData\Roaming\npm\node_modules\markbind-cli\node_modules\markdown-it\lib\index.js:543:24)
    at C:\Users\damithch\AppData\Roaming\npm\node_modules\markbind-cli\src\lib\markbind\src\parser.js:552:36
    at Promise._execute (C:\Users\damithch\AppData\Roaming\npm\node_modules\markbind-cli\node_modules\bluebird\js\release\debuggability.js:384:9)
    at Promise._resolveFromExecutor (C:\Users\damithch\AppData\Roaming\npm\node_modules\markbind-cli\node_modules\bluebird\js\release\promise.js:518:18)
    at new Promise (C:\Users\damithch\AppData\Roaming\npm\node_modules\markbind-cli\node_modules\bluebird\js\release\promise.js:103:10)
    at Parser.render (C:\Users\damithch\AppData\Roaming\npm\node_modules\markbind-cli\src\lib\markbind\src\parser.js:522:12)
    at C:\Users\damithch\AppData\Roaming\npm\node_modules\markbind-cli\src\Page.js:931:36
    at tryCatcher (C:\Users\damithch\AppData\Roaming\npm\node_modules\markbind-cli\node_modules\bluebird\js\release\util.js:16:23)
    at Promise._settlePromiseFromHandler (C:\Users\damithch\AppData\Roaming\npm\node_modules\markbind-cli\node_modules\bluebird\js\release\promise.js:547:31)
    at Promise._settlePromise (C:\Users\damithch\AppData\Roaming\npm\node_modules\markbind-cli\node_modules\bluebird\js\release\promise.js:604:18)
    at Promise._settlePromise0 (C:\Users\damithch\AppData\Roaming\npm\node_modules\markbind-cli\node_modules\bluebird\js\release\promise.js:649:10)
    at Promise._settlePromises (C:\Users\damithch\AppData\Roaming\npm\node_modules\markbind-cli\node_modules\bluebird\js\release\promise.js:729:18)
2020-04-18T14:35:31.463Z - info: Website generation (lazy) started at 10:35:28 PM
2020-04-18T14:35:36.792Z - info: Building assets...
2020-04-18T14:35:41.194Z - info: Assets built
2020-04-18T14:35:41.195Z - info: Generating landing page...
2020-04-18T14:35:42.376Z - info: Landing page built, other pages will be built as you navigate to them!
2020-04-18T14:35:42.462Z - info: Website generation (lazy) complete! Total build time: 13.822s
2020-04-18T14:35:43.289Z - info: Serving "C:\repos\nus-cs2113-AY1920S2\cs2113-website\_site" at http://127.0.0.1:8080
2020-04-18T14:35:43.289Z - info: Press CTRL+C to stop ...
2020-04-18T14:35:43.350Z - info: Site data built
2020-04-18T14:36:23.010Z - info: Building C:\repos\nus-cs2113-AY1920S2\cs2113-website\schedule\week13\tutorial as some of its dependencies were changed since the last visit
2020-04-18T14:36:23.161Z - error:  TypeError: Cannot read property 'toSVG' of undefined
    at Function.replacer (C:\Users\damithch\AppData\Roaming\npm\node_modules\markbind-cli\src\lib\markbind\src\lib\markdown-it\markdown-it-icons.js:14:55)
    at Function.Plugin.render (C:\Users\damithch\AppData\Roaming\npm\node_modules\markbind-cli\node_modules\markdown-it-regexp\lib\index.js:85:15)
    at Renderer.renderInline (C:\Users\damithch\AppData\Roaming\npm\node_modules\markbind-cli\node_modules\markdown-it\lib\renderer.js:271:28)
    at Renderer.render (C:\Users\damithch\AppData\Roaming\npm\node_modules\markbind-cli\node_modules\markdown-it\lib\renderer.js:324:22)
    at MarkdownIt.render (C:\Users\damithch\AppData\Roaming\npm\node_modules\markbind-cli\node_modules\markdown-it\lib\index.js:543:24)
    at C:\Users\damithch\AppData\Roaming\npm\node_modules\markbind-cli\src\lib\markbind\src\parser.js:552:36
    at Promise._execute (C:\Users\damithch\AppData\Roaming\npm\node_modules\markbind-cli\node_modules\bluebird\js\release\debuggability.js:384:9)
    at Promise._resolveFromExecutor (C:\Users\damithch\AppData\Roaming\npm\node_modules\markbind-cli\node_modules\bluebird\js\release\promise.js:518:18)
    at new Promise (C:\Users\damithch\AppData\Roaming\npm\node_modules\markbind-cli\node_modules\bluebird\js\release\promise.js:103:10)
    at Parser.render (C:\Users\damithch\AppData\Roaming\npm\node_modules\markbind-cli\src\lib\markbind\src\parser.js:522:12)
    at C:\Users\damithch\AppData\Roaming\npm\node_modules\markbind-cli\src\Page.js:931:36
    at tryCatcher (C:\Users\damithch\AppData\Roaming\npm\node_modules\markbind-cli\node_modules\bluebird\js\release\util.js:16:23)
    at Promise._settlePromiseFromHandler (C:\Users\damithch\AppData\Roaming\npm\node_modules\markbind-cli\node_modules\bluebird\js\release\promise.js:547:31)
    at Promise._settlePromise (C:\Users\damithch\AppData\Roaming\npm\node_modules\markbind-cli\node_modules\bluebird\js\release\promise.js:604:18)
    at Promise._settlePromise0 (C:\Users\damithch\AppData\Roaming\npm\node_modules\markbind-cli\node_modules\bluebird\js\release\promise.js:649:10)
    at Promise._settlePromises (C:\Users\damithch\AppData\Roaming\npm\node_modules\markbind-cli\node_modules\bluebird\js\release\promise.js:729:18)
2020-04-18T14:36:58.433Z - info: [10:36:58 PM] Reload for file change: C:\repos\nus-cs2113-AY1920S2\cs2113-website\schedule\week13\tutorial.md
2020-04-18T14:36:59.437Z - info: Rebuilding affected source files
2020-04-18T14:36:59.444Z - info: Rebuilding 1 pages
2020-04-18T14:36:59.712Z - info: Pages rebuilt
2020-04-18T14:36:59.712Z - info: Website regeneration complete! Total build time: 0.274s
2020-04-18T14:36:59.718Z - info: Site data built
2020-04-18T14:37:27.617Z - info: [10:37:27 PM] Reload for file change: C:\repos\nus-cs2113-AY1920S2\cs2113-website\schedule\week13\tutorial.md
2020-04-18T14:37:28.619Z - info: Rebuilding affected source files
2020-04-18T14:37:28.622Z - info: Rebuilding 1 pages
2020-04-18T14:37:28.829Z - info: Pages rebuilt
2020-04-18T14:37:28.830Z - info: Website regeneration complete! Total build time: 0.21s
2020-04-18T14:37:28.834Z - info: Site data built
2020-04-18T14:39:23.811Z - info: [10:39:23 PM] Reload for file change: C:\repos\nus-cs2113-AY1920S2\cs2113-website\schedule\week13\tutorial.md
2020-04-18T14:39:24.813Z - info: Rebuilding affected source files
2020-04-18T14:39:24.816Z - info: Rebuilding 1 pages
2020-04-18T14:39:24.997Z - info: Pages rebuilt
2020-04-18T14:39:24.997Z - info: Website regeneration complete! Total build time: 0.183s
2020-04-18T14:39:25.002Z - info: Site data built
2020-04-18T14:39:33.920Z - info: [10:39:33 PM] Reload for file change: C:\repos\nus-cs2113-AY1920S2\cs2113-website\schedule\week13\tutorial.md
2020-04-18T14:39:34.921Z - info: Rebuilding affected source files
2020-04-18T14:39:34.923Z - info: Rebuilding 1 pages
2020-04-18T14:39:35.166Z - info: Pages rebuilt
2020-04-18T14:39:35.166Z - info: Website regeneration complete! Total build time: 0.244s
2020-04-18T14:39:35.170Z - info: Site data built
2020-04-18T14:39:50.521Z - info: [10:39:50 PM] Reload for file change: C:\repos\nus-cs2113-AY1920S2\cs2113-website\schedule\week13\tutorial.md
2020-04-18T14:39:51.523Z - info: Rebuilding affected source files
2020-04-18T14:39:51.525Z - info: Rebuilding 1 pages
2020-04-18T14:39:51.686Z - info: Pages rebuilt
2020-04-18T14:39:51.686Z - info: Website regeneration complete! Total build time: 0.162s
2020-04-18T14:39:51.690Z - info: Site data built
2020-04-18T14:40:02.377Z - info: [10:40:02 PM] Reload for file change: C:\repos\nus-cs2113-AY1920S2\cs2113-website\schedule\week13\tutorial.md
2020-04-18T14:40:03.378Z - info: Rebuilding affected source files
2020-04-18T14:40:03.380Z - info: Rebuilding 1 pages
2020-04-18T14:40:03.536Z - info: Pages rebuilt
2020-04-18T14:40:03.536Z - info: Website regeneration complete! Total build time: 0.158s
2020-04-18T14:40:03.540Z - info: Site data built
2020-04-18T14:41:35.975Z - info: [10:41:35 PM] Reload for file change: C:\repos\nus-cs2113-AY1920S2\cs2113-website\schedule\week13\tutorial.md
2020-04-18T14:41:36.977Z - info: Rebuilding affected source files
2020-04-18T14:41:36.979Z - info: Rebuilding 1 pages
2020-04-18T14:41:37.184Z - info: Pages rebuilt
2020-04-18T14:41:37.184Z - info: Website regeneration complete! Total build time: 0.207s
2020-04-18T14:41:37.189Z - info: Site data built
2020-04-18T14:41:51.438Z - info: [10:41:51 PM] Reload for file change: C:\repos\nus-cs2113-AY1920S2\cs2113-website\schedule\week13\tutorial.md
2020-04-18T14:41:52.440Z - info: Rebuilding affected source files
2020-04-18T14:41:52.442Z - info: Rebuilding 1 pages
2020-04-18T14:41:52.697Z - info: Pages rebuilt
2020-04-18T14:41:52.697Z - info: Website regeneration complete! Total build time: 0.257s
2020-04-18T14:41:52.702Z - info: Site data built
2020-04-18T14:42:02.268Z - info: [10:42:02 PM] Reload for file change: C:\repos\nus-cs2113-AY1920S2\cs2113-website\schedule\week13\tutorial.md
2020-04-18T14:42:03.270Z - info: Rebuilding affected source files
2020-04-18T14:42:03.272Z - info: Rebuilding 1 pages
2020-04-18T14:42:03.538Z - info: Pages rebuilt
2020-04-18T14:42:03.538Z - info: Website regeneration complete! Total build time: 0.268s
2020-04-18T14:42:03.542Z - info: Site data built
2020-04-18T14:42:15.428Z - info: [10:42:15 PM] Reload for file change: C:\repos\nus-cs2113-AY1920S2\cs2113-website\schedule\week13\tutorial.md
2020-04-18T14:42:16.430Z - info: Rebuilding affected source files
2020-04-18T14:42:16.434Z - info: Rebuilding 1 pages
2020-04-18T14:42:16.709Z - info: Pages rebuilt
2020-04-18T14:42:16.709Z - info: Website regeneration complete! Total build time: 0.278s
2020-04-18T14:42:16.713Z - info: Site data built
2020-04-18T14:42:23.359Z - info: [10:42:23 PM] Reload for file change: C:\repos\nus-cs2113-AY1920S2\cs2113-website\schedule\week13\tutorial.md
2020-04-18T14:42:24.360Z - info: Rebuilding affected source files
2020-04-18T14:42:24.363Z - info: Rebuilding 1 pages
2020-04-18T14:42:24.516Z - info: Pages rebuilt
2020-04-18T14:42:24.516Z - info: Website regeneration complete! Total build time: 0.155s
2020-04-18T14:42:24.522Z - info: Site data built
2020-04-18T14:42:29.469Z - info: [10:42:29 PM] Reload for file change: C:\repos\nus-cs2113-AY1920S2\cs2113-website\schedule\week13\tutorial.md
2020-04-18T14:42:30.471Z - info: Rebuilding affected source files
2020-04-18T14:42:30.472Z - info: Rebuilding 1 pages
2020-04-18T14:42:30.683Z - info: Pages rebuilt
2020-04-18T14:42:30.684Z - info: Website regeneration complete! Total build time: 0.213s
2020-04-18T14:42:30.691Z - info: Site data built
2020-04-18T14:42:35.333Z - info: [10:42:35 PM] Reload for file change: C:\repos\nus-cs2113-AY1920S2\cs2113-website\schedule\week13\tutorial.md
2020-04-18T14:42:36.337Z - info: Rebuilding affected source files
2020-04-18T14:42:36.339Z - info: Rebuilding 1 pages
2020-04-18T14:42:36.498Z - info: Pages rebuilt
2020-04-18T14:42:36.498Z - info: Website regeneration complete! Total build time: 0.161s
2020-04-18T14:42:36.502Z - info: Site data built
2020-04-18T14:42:54.794Z - info: [10:42:54 PM] Reload for file change: C:\repos\nus-cs2113-AY1920S2\cs2113-website\schedule\week13\tutorial.md
2020-04-18T14:42:55.797Z - info: Rebuilding affected source files
2020-04-18T14:42:55.799Z - info: Rebuilding 1 pages
2020-04-18T14:42:55.943Z - info: Pages rebuilt
2020-04-18T14:42:55.943Z - info: Website regeneration complete! Total build time: 0.146s
2020-04-18T14:42:55.948Z - info: Site data built
2020-04-18T14:43:57.891Z - info: [10:43:57 PM] Reload for file change: C:\repos\nus-cs2113-AY1920S2\cs2113-website\schedule\week13\tutorial.md
2020-04-18T14:43:58.891Z - info: Rebuilding affected source files
2020-04-18T14:43:58.893Z - info: Rebuilding 1 pages
2020-04-18T14:43:59.043Z - info: Pages rebuilt
2020-04-18T14:43:59.043Z - info: Website regeneration complete! Total build time: 0.152s
2020-04-18T14:43:59.046Z - info: Site data built
2020-04-18T14:44:09.600Z - info: [10:44:09 PM] Reload for file change: C:\repos\nus-cs2113-AY1920S2\cs2113-website\schedule\week13\tutorial.md
2020-04-18T14:44:10.603Z - info: Rebuilding affected source files
2020-04-18T14:44:10.607Z - info: Rebuilding 1 pages
2020-04-18T14:44:10.747Z - info: Pages rebuilt
2020-04-18T14:44:10.747Z - info: Website regeneration complete! Total build time: 0.144s
2020-04-18T14:44:10.749Z - info: Site data built
2020-04-18T14:44:26.112Z - info: [10:44:26 PM] Reload for file change: C:\repos\nus-cs2113-AY1920S2\cs2113-website\schedule\week13\tutorial.md
2020-04-18T14:44:27.113Z - info: Rebuilding affected source files
2020-04-18T14:44:27.114Z - info: Rebuilding 1 pages
2020-04-18T14:44:27.231Z - info: Pages rebuilt
2020-04-18T14:44:27.231Z - info: Website regeneration complete! Total build time: 0.118s
2020-04-18T14:44:27.235Z - info: Site data built
2020-04-18T14:44:36.039Z - info: [10:44:36 PM] Reload for file change: C:\repos\nus-cs2113-AY1920S2\cs2113-website\schedule\week13\tutorial.md
2020-04-18T14:44:37.040Z - info: Rebuilding affected source files
2020-04-18T14:44:37.041Z - info: Rebuilding 1 pages
2020-04-18T14:44:37.194Z - info: Pages rebuilt
2020-04-18T14:44:37.194Z - info: Website regeneration complete! Total build time: 0.154s
2020-04-18T14:44:37.200Z - info: Site data built
2020-04-18T14:45:07.205Z - info: [10:45:07 PM] Reload for file change: C:\repos\nus-cs2113-AY1920S2\cs2113-website\schedule\week13\tutorial.md
2020-04-18T14:45:08.208Z - info: Rebuilding affected source files
2020-04-18T14:45:08.209Z - info: Rebuilding 1 pages
2020-04-18T14:45:08.332Z - info: Pages rebuilt
2020-04-18T14:45:08.332Z - info: Website regeneration complete! Total build time: 0.124s
2020-04-18T14:45:08.336Z - info: Site data built
2020-04-18T14:45:45.860Z - info: [10:45:45 PM] Reload for file change: C:\repos\nus-cs2113-AY1920S2\cs2113-website\schedule\week13\tutorial.md
2020-04-18T14:45:46.861Z - info: Rebuilding affected source files
2020-04-18T14:45:46.863Z - info: Rebuilding 1 pages
2020-04-18T14:45:47.008Z - info: Pages rebuilt
2020-04-18T14:45:47.008Z - info: Website regeneration complete! Total build time: 0.147s
2020-04-18T14:45:47.013Z - info: Site data built
2020-04-18T14:46:10.051Z - info: [10:46:10 PM] Reload for file change: C:\repos\nus-cs2113-AY1920S2\cs2113-website\schedule\week13\tutorial.md
2020-04-18T14:46:11.054Z - info: Rebuilding affected source files
2020-04-18T14:46:11.056Z - info: Rebuilding 1 pages
2020-04-18T14:46:11.198Z - info: Pages rebuilt
2020-04-18T14:46:11.198Z - info: Website regeneration complete! Total build time: 0.144s
2020-04-18T14:46:11.200Z - info: Site data built
2020-04-18T14:47:10.155Z - info: [10:47:10 PM] Reload for file change: C:\repos\nus-cs2113-AY1920S2\cs2113-website\schedule\week13\tutorial.md
2020-04-18T14:47:11.158Z - info: Rebuilding affected source files
2020-04-18T14:47:11.159Z - info: Rebuilding 1 pages
2020-04-18T14:47:11.273Z - info: Pages rebuilt
2020-04-18T14:47:11.274Z - info: Website regeneration complete! Total build time: 0.115s
2020-04-18T14:47:11.278Z - info: Site data built
2020-04-18T14:50:14.308Z - info: [10:50:14 PM] Reload for file change: C:\repos\nus-cs2113-AY1920S2\cs2113-website\schedule\week13\tutorial.md
2020-04-18T14:50:15.309Z - info: Rebuilding affected source files
2020-04-18T14:50:15.311Z - info: Rebuilding 1 pages
2020-04-18T14:50:15.442Z - info: Pages rebuilt
2020-04-18T14:50:15.442Z - info: Website regeneration complete! Total build time: 0.133s
2020-04-18T14:50:15.446Z - info: Site data built
2020-04-18T14:50:24.081Z - info: [10:50:24 PM] Reload for file change: C:\repos\nus-cs2113-AY1920S2\cs2113-website\schedule\week13\tutorial.md
2020-04-18T14:50:25.085Z - info: Rebuilding affected source files
2020-04-18T14:50:25.088Z - info: Rebuilding 1 pages
2020-04-18T14:50:25.198Z - info: Pages rebuilt
2020-04-18T14:50:25.200Z - info: Website regeneration complete! Total build time: 0.113s
2020-04-18T14:50:25.224Z - info: Site data built
2020-04-18T14:50:43.099Z - info: [10:50:43 PM] Reload for file change: C:\repos\nus-cs2113-AY1920S2\cs2113-website\schedule\week13\tutorial.md
2020-04-18T14:50:44.101Z - info: Rebuilding affected source files
2020-04-18T14:50:44.103Z - info: Rebuilding 1 pages
2020-04-18T14:50:44.226Z - info: Pages rebuilt
2020-04-18T14:50:44.226Z - info: Website regeneration complete! Total build time: 0.125s
2020-04-18T14:50:44.230Z - info: Site data built
2020-04-18T14:50:49.745Z - info: [10:50:49 PM] Reload for file change: C:\repos\nus-cs2113-AY1920S2\cs2113-website\schedule\week13\tutorial.md
2020-04-18T14:50:50.748Z - info: Rebuilding affected source files
2020-04-18T14:50:50.751Z - info: Rebuilding 1 pages
2020-04-18T14:50:50.889Z - info: Pages rebuilt
2020-04-18T14:50:50.890Z - info: Website regeneration complete! Total build time: 0.142s
2020-04-18T14:50:50.893Z - info: Site data built
2020-04-18T14:51:27.035Z - info: [10:51:27 PM] Reload for file change: C:\repos\nus-cs2113-AY1920S2\cs2113-website\schedule\week13\tutorial.md
2020-04-18T14:51:28.037Z - info: Rebuilding affected source files
2020-04-18T14:51:28.038Z - info: Rebuilding 1 pages
2020-04-18T14:51:28.234Z - info: Pages rebuilt
2020-04-18T14:51:28.234Z - info: Website regeneration complete! Total build time: 0.197s
2020-04-18T14:51:28.238Z - info: Site data built
2020-04-18T14:51:40.995Z - info: [10:51:40 PM] Reload for file change: C:\repos\nus-cs2113-AY1920S2\cs2113-website\schedule\week13\tutorial.md
2020-04-18T14:51:42.002Z - info: Rebuilding affected source files
2020-04-18T14:51:42.005Z - info: Rebuilding 1 pages
2020-04-18T14:51:42.295Z - info: Pages rebuilt
2020-04-18T14:51:42.295Z - info: Website regeneration complete! Total build time: 0.293s
2020-04-18T14:51:42.297Z - info: Site data built
2020-04-18T14:51:46.457Z - info: [10:51:46 PM] Reload for file change: C:\repos\nus-cs2113-AY1920S2\cs2113-website\schedule\week13\tutorial.md
2020-04-18T14:51:47.458Z - info: Rebuilding affected source files
2020-04-18T14:51:47.462Z - info: Rebuilding 1 pages
2020-04-18T14:51:47.684Z - info: Pages rebuilt
2020-04-18T14:51:47.685Z - info: Website regeneration complete! Total build time: 0.225s
2020-04-18T14:51:47.731Z - info: Site data built
2020-04-18T14:51:58.630Z - info: [10:51:58 PM] Reload for file change: C:\repos\nus-cs2113-AY1920S2\cs2113-website\schedule\week13\tutorial.md
2020-04-18T14:51:59.638Z - info: Rebuilding affected source files
2020-04-18T14:51:59.640Z - info: Rebuilding 1 pages
2020-04-18T14:51:59.840Z - info: Pages rebuilt
2020-04-18T14:51:59.840Z - info: Website regeneration complete! Total build time: 0.202s
2020-04-18T14:51:59.843Z - info: Site data built
2020-04-18T14:52:07.228Z - info: [10:52:07 PM] Reload for file change: C:\repos\nus-cs2113-AY1920S2\cs2113-website\schedule\week13\tutorial.md
2020-04-18T14:52:08.231Z - info: Rebuilding affected source files
2020-04-18T14:52:08.232Z - info: Rebuilding 1 pages
2020-04-18T14:52:08.350Z - info: Pages rebuilt
2020-04-18T14:52:08.350Z - info: Website regeneration complete! Total build time: 0.119s
2020-04-18T14:52:08.354Z - info: Site data built
2020-04-18T14:52:30.169Z - info: [10:52:30 PM] Reload for file change: C:\repos\nus-cs2113-AY1920S2\cs2113-website\schedule\week13\tutorial.md
2020-04-18T14:52:31.171Z - info: Rebuilding affected source files
2020-04-18T14:52:31.173Z - info: Rebuilding 1 pages
2020-04-18T14:52:31.359Z - info: Pages rebuilt
2020-04-18T14:52:31.359Z - info: Website regeneration complete! Total build time: 0.187s
2020-04-18T14:52:31.362Z - info: Site data built
2020-04-18T14:52:50.489Z - info: [10:52:50 PM] Reload for file change: C:\repos\nus-cs2113-AY1920S2\cs2113-website\schedule\week13\tutorial.md
2020-04-18T14:52:51.493Z - info: Rebuilding affected source files
2020-04-18T14:52:51.495Z - info: Rebuilding 1 pages
2020-04-18T14:52:51.623Z - info: Pages rebuilt
2020-04-18T14:52:51.623Z - info: Website regeneration complete! Total build time: 0.13s
2020-04-18T14:52:51.626Z - info: Site data built
2020-04-18T14:52:56.869Z - info: [10:52:56 PM] Reload for file change: C:\repos\nus-cs2113-AY1920S2\cs2113-website\schedule\week13\tutorial.md
2020-04-18T14:52:57.871Z - info: Rebuilding affected source files
2020-04-18T14:52:57.873Z - info: Rebuilding 1 pages
2020-04-18T14:52:58.020Z - info: Pages rebuilt
2020-04-18T14:52:58.021Z - info: Website regeneration complete! Total build time: 0.15s
2020-04-18T14:52:58.028Z - info: Site data built
2020-04-18T15:10:13.642Z - info: [11:10:13 PM] Reload for file change: C:\repos\nus-cs2113-AY1920S2\cs2113-website\schedule\week13\tutorial.md
2020-04-18T15:10:14.651Z - info: Rebuilding affected source files
2020-04-18T15:10:14.672Z - info: Rebuilding 1 pages
2020-04-18T15:10:14.825Z - info: Pages rebuilt
2020-04-18T15:10:14.825Z - info: Website regeneration complete! Total build time: 0.173s
2020-04-18T15:10:14.828Z - info: Site data built
2020-04-18T15:10:18.481Z - info: [11:10:18 PM] Reload for file change: C:\repos\nus-cs2113-AY1920S2\cs2113-website\schedule\week13\tutorial.md
2020-04-18T15:10:19.483Z - info: Rebuilding affected source files
2020-04-18T15:10:19.490Z - info: Rebuilding 1 pages
2020-04-18T15:10:19.636Z - info: Pages rebuilt
2020-04-18T15:10:19.636Z - info: Website regeneration complete! Total build time: 0.153s
2020-04-18T15:10:19.639Z - info: Site data built
2020-04-18T15:12:24.118Z - info: [11:12:24 PM] Reload for file change: C:\repos\nus-cs2113-AY1920S2\cs2113-website\schedule\week13\tutorial.md
2020-04-18T15:12:25.119Z - info: Rebuilding affected source files
2020-04-18T15:12:25.122Z - info: Rebuilding 1 pages
2020-04-18T15:12:25.313Z - info: Pages rebuilt
2020-04-18T15:12:25.314Z - info: Website regeneration complete! Total build time: 0.194s
2020-04-18T15:12:25.344Z - info: Site data built
2020-04-18T15:12:36.648Z - info: [11:12:36 PM] Reload for file change: C:\repos\nus-cs2113-AY1920S2\cs2113-website\schedule\week13\tutorial.md
2020-04-18T15:12:37.652Z - info: Rebuilding affected source files
2020-04-18T15:12:37.653Z - info: Rebuilding 1 pages
2020-04-18T15:12:37.803Z - info: Pages rebuilt
2020-04-18T15:12:37.803Z - info: Website regeneration complete! Total build time: 0.151s
2020-04-18T15:12:37.808Z - info: Site data built
2020-04-18T15:31:58.891Z - info: [11:31:58 PM] Reload for file change: C:\repos\nus-cs2113-AY1920S2\cs2113-website\schedule\week13\tutorial.md
2020-04-18T15:31:59.897Z - info: Rebuilding affected source files
2020-04-18T15:31:59.916Z - info: Rebuilding 1 pages
2020-04-18T15:32:00.122Z - info: Pages rebuilt
2020-04-18T15:32:00.122Z - info: Website regeneration complete! Total build time: 0.225s
2020-04-18T15:32:00.132Z - info: Site data built
