2020-04-13T04:48:10.931Z - info: Website generation (lazy) started at 12:48:06 PM
2020-04-13T04:48:17.601Z - info: Building assets...
2020-04-13T04:48:22.299Z - info: Assets built
2020-04-13T04:48:22.304Z - info: Generating landing page...
2020-04-13T04:48:23.577Z - info: Landing page built, other pages will be built as you navigate to them!
2020-04-13T04:48:23.693Z - info: Website generation (lazy) complete! Total build time: 16.765s
2020-04-13T04:48:25.005Z - info: Serving "C:\repos\nus-cs2113-AY1920S2\cs2113-website\_site" at http://127.0.0.1:8080
2020-04-13T04:48:25.006Z - info: Press CTRL+C to stop ...
2020-04-13T04:48:25.087Z - info: Site data built
2020-04-13T04:49:25.333Z - info: Building C:\repos\nus-cs2113-AY1920S2\cs2113-website\admin\tp-progress-dashboard as some of its dependencies were changed since the last visit
2020-04-13T04:49:29.209Z - info: Site data built
2020-04-13T04:49:29.210Z - info: Lazy website regeneration complete! Total build time: 3.879s
2020-04-13T04:53:49.225Z - info: Building C:\repos\nus-cs2113-AY1920S2\cs2113-website\admin\tp-expectations as some of its dependencies were changed since the last visit
2020-04-13T04:53:50.173Z - info: Site data built
2020-04-13T04:53:50.173Z - info: Lazy website regeneration complete! Total build time: 0.949s
2020-04-13T04:53:55.794Z - info: Building C:\repos\nus-cs2113-AY1920S2\cs2113-website\admin\tp-deliverables as some of its dependencies were changed since the last visit
2020-04-13T04:53:57.874Z - info: Site data built
2020-04-13T04:53:57.875Z - info: Lazy website regeneration complete! Total build time: 2.081s
2020-04-13T05:02:06.277Z - info: [1:02:06 PM] Reload for file change: C:\repos\nus-cs2113-AY1920S2\cs2113-website\admin\tp-deliverables-pe.mbdf
2020-04-13T05:02:07.283Z - info: Rebuilding affected source files
2020-04-13T05:02:07.288Z - info: Rebuilding 1 pages
2020-04-13T05:02:09.674Z - info: Pages rebuilt
2020-04-13T05:02:09.674Z - info: Website regeneration complete! Total build time: 2.39s
2020-04-13T05:02:09.681Z - info: Site data built
2020-04-13T05:02:57.277Z - info: [1:02:57 PM] Reload for file change: C:\repos\nus-cs2113-AY1920S2\cs2113-website\admin\tp-deliverables-pe.mbdf
2020-04-13T05:02:58.284Z - info: Rebuilding affected source files
2020-04-13T05:02:58.287Z - info: Rebuilding 1 pages
2020-04-13T05:03:00.628Z - info: Pages rebuilt
2020-04-13T05:03:00.628Z - info: Website regeneration complete! Total build time: 2.344s
2020-04-13T05:03:00.635Z - info: Site data built
2020-04-13T05:03:27.579Z - info: [1:03:27 PM] Reload for file change: C:\repos\nus-cs2113-AY1920S2\cs2113-website\admin\tp-deliverables-pe.mbdf
2020-04-13T05:03:28.582Z - info: Rebuilding affected source files
2020-04-13T05:03:28.585Z - info: Rebuilding 1 pages
2020-04-13T05:03:30.951Z - info: Pages rebuilt
2020-04-13T05:03:30.952Z - info: Website regeneration complete! Total build time: 2.368s
2020-04-13T05:03:30.959Z - info: Site data built
2020-04-13T05:03:38.401Z - info: [1:03:38 PM] Reload for file change: C:\repos\nus-cs2113-AY1920S2\cs2113-website\admin\tp-deliverables-pe.mbdf
2020-04-13T05:03:39.408Z - info: Rebuilding affected source files
2020-04-13T05:03:39.410Z - info: Rebuilding 1 pages
2020-04-13T05:03:41.104Z - info: Pages rebuilt
2020-04-13T05:03:41.104Z - info: Website regeneration complete! Total build time: 1.696s
2020-04-13T05:03:41.108Z - info: Site data built
2020-04-13T05:04:41.470Z - info: [1:04:41 PM] Reload for file change: C:\repos\nus-cs2113-AY1920S2\cs2113-website\admin\tp-deliverables-pe.mbdf
2020-04-13T05:04:42.476Z - info: Rebuilding affected source files
2020-04-13T05:04:42.478Z - info: Rebuilding 1 pages
2020-04-13T05:04:44.825Z - info: Pages rebuilt
2020-04-13T05:04:44.825Z - info: Website regeneration complete! Total build time: 2.348s
2020-04-13T05:04:44.832Z - info: Site data built
2020-04-13T05:04:59.015Z - info: [1:04:59 PM] Reload for file change: C:\repos\nus-cs2113-AY1920S2\cs2113-website\admin\tp-deliverables-pe.mbdf
2020-04-13T05:05:00.017Z - info: Rebuilding affected source files
2020-04-13T05:05:00.019Z - info: Rebuilding 1 pages
2020-04-13T05:05:01.667Z - info: Pages rebuilt
2020-04-13T05:05:01.668Z - info: Website regeneration complete! Total build time: 1.65s
2020-04-13T05:05:01.671Z - info: Site data built
2020-04-13T05:05:33.527Z - info: [1:05:33 PM] Reload for file change: C:\repos\nus-cs2113-AY1920S2\cs2113-website\admin\tp-deliverables-pe.mbdf
2020-04-13T05:05:34.537Z - info: Rebuilding affected source files
2020-04-13T05:05:34.539Z - info: Rebuilding 1 pages
2020-04-13T05:05:37.155Z - info: Pages rebuilt
2020-04-13T05:05:37.155Z - info: Website regeneration complete! Total build time: 2.618s
2020-04-13T05:05:37.162Z - info: Site data built
2020-04-13T05:06:00.428Z - info: [1:06:00 PM] Reload for file change: C:\repos\nus-cs2113-AY1920S2\cs2113-website\admin\tp-deliverables-pe.mbdf
2020-04-13T05:06:01.432Z - info: Rebuilding affected source files
2020-04-13T05:06:01.435Z - info: Rebuilding 1 pages
2020-04-13T05:06:03.500Z - info: Pages rebuilt
2020-04-13T05:06:03.501Z - info: Website regeneration complete! Total build time: 2.068s
2020-04-13T05:06:03.505Z - info: Site data built
2020-04-13T05:06:37.025Z - info: [1:06:37 PM] Reload for file change: C:\repos\nus-cs2113-AY1920S2\cs2113-website\admin\tp-deliverables-pe.mbdf
2020-04-13T05:06:38.029Z - info: Rebuilding affected source files
2020-04-13T05:06:38.031Z - info: Rebuilding 1 pages
2020-04-13T05:06:40.157Z - info: Pages rebuilt
2020-04-13T05:06:40.157Z - info: Website regeneration complete! Total build time: 2.128s
2020-04-13T05:06:40.165Z - info: Site data built
2020-04-13T05:07:35.032Z - info: [1:07:35 PM] Reload for file change: C:\repos\nus-cs2113-AY1920S2\cs2113-website\admin\tp-deliverables-pe.mbdf
2020-04-13T05:07:36.036Z - info: Rebuilding affected source files
2020-04-13T05:07:36.041Z - info: Rebuilding 1 pages
2020-04-13T05:07:38.416Z - info: Pages rebuilt
2020-04-13T05:07:38.417Z - info: Website regeneration complete! Total build time: 2.38s
2020-04-13T05:07:38.423Z - info: Site data built
2020-04-13T05:11:56.411Z - info: [1:11:56 PM] Reload for file change: C:\repos\nus-cs2113-AY1920S2\cs2113-website\admin\tp-deliverables-ped.mbdf
2020-04-13T05:11:57.416Z - info: Rebuilding affected source files
2020-04-13T05:11:57.421Z - info: Rebuilding 1 pages
2020-04-13T05:11:59.786Z - info: Pages rebuilt
2020-04-13T05:11:59.786Z - info: Website regeneration complete! Total build time: 2.369s
2020-04-13T05:11:59.828Z - info: Site data built
2020-04-13T05:14:18.676Z - info: [1:14:18 PM] Reload for file change: C:\repos\nus-cs2113-AY1920S2\cs2113-website\admin\tp-deliverables-ped.mbdf
2020-04-13T05:14:19.693Z - info: Rebuilding affected source files
2020-04-13T05:14:19.696Z - info: Rebuilding 1 pages
2020-04-13T05:14:21.971Z - info: Pages rebuilt
2020-04-13T05:14:21.972Z - info: Website regeneration complete! Total build time: 2.278s
2020-04-13T05:14:21.979Z - info: Site data built
2020-04-13T05:15:53.230Z - info: [1:15:53 PM] Reload for file change: C:\repos\nus-cs2113-AY1920S2\cs2113-website\admin\tp-testing.mbdf
2020-04-13T05:15:54.238Z - info: Rebuilding affected source files
2020-04-13T05:15:54.241Z - info: Rebuilding 1 pages
2020-04-13T05:15:56.502Z - info: Pages rebuilt
2020-04-13T05:15:56.502Z - info: Website regeneration complete! Total build time: 2.264s
2020-04-13T05:15:56.508Z - info: Site data built
2020-04-13T05:17:17.796Z - info: [1:17:17 PM] Reload for file change: C:\repos\nus-cs2113-AY1920S2\cs2113-website\admin\tp-testing.mbdf
2020-04-13T05:17:18.800Z - info: Rebuilding affected source files
2020-04-13T05:17:18.804Z - info: Rebuilding 1 pages
2020-04-13T05:17:21.291Z - info: Pages rebuilt
2020-04-13T05:17:21.291Z - info: Website regeneration complete! Total build time: 2.491s
2020-04-13T05:17:21.297Z - info: Site data built
2020-04-13T05:25:27.307Z - info: [1:25:27 PM] Reload for file change: C:\repos\nus-cs2113-AY1920S2\cs2113-website\admin\tp-deliverables-ped.mbdf
2020-04-13T05:25:27.337Z - info: [1:25:27 PM] Reload for file change: C:\repos\nus-cs2113-AY1920S2\cs2113-website\admin\tp-testing.mbdf
2020-04-13T05:25:28.312Z - info: Rebuilding affected source files
2020-04-13T05:25:28.315Z - info: Rebuilding 1 pages
2020-04-13T05:25:30.969Z - info: Pages rebuilt
2020-04-13T05:25:30.969Z - info: Website regeneration complete! Total build time: 2.657s
2020-04-13T05:25:30.979Z - info: Site data built
2020-04-13T05:26:55.361Z - info: [1:26:55 PM] Reload for file change: C:\repos\nus-cs2113-AY1920S2\cs2113-website\admin\tp-deliverables-ped.mbdf
2020-04-13T05:26:56.368Z - info: Rebuilding affected source files
2020-04-13T05:26:56.375Z - info: Rebuilding 1 pages
2020-04-13T05:26:58.690Z - info: Pages rebuilt
2020-04-13T05:26:58.690Z - info: Website regeneration complete! Total build time: 2.322s
2020-04-13T05:26:58.701Z - info: Site data built
2020-04-13T05:29:02.686Z - info: [1:29:02 PM] Reload for file change: C:\repos\nus-cs2113-AY1920S2\cs2113-website\admin\tp-deliverables-ped.mbdf
2020-04-13T05:29:03.716Z - info: Rebuilding affected source files
2020-04-13T05:29:03.722Z - info: Rebuilding 1 pages
2020-04-13T05:29:06.262Z - info: Pages rebuilt
2020-04-13T05:29:06.262Z - info: Website regeneration complete! Total build time: 2.545s
2020-04-13T05:29:06.271Z - info: Site data built
2020-04-13T05:29:56.102Z - info: [1:29:56 PM] Reload for file change: C:\repos\nus-cs2113-AY1920S2\cs2113-website\admin\tp-deliverables-ped.mbdf
2020-04-13T05:29:57.117Z - info: Rebuilding affected source files
2020-04-13T05:29:57.122Z - info: Rebuilding 1 pages
2020-04-13T05:29:59.735Z - info: Pages rebuilt
2020-04-13T05:29:59.735Z - info: Website regeneration complete! Total build time: 2.617s
2020-04-13T05:29:59.742Z - info: Site data built
2020-04-13T07:09:44.254Z - info: [3:09:44 PM] Reload for file change: C:\repos\nus-cs2113-AY1920S2\cs2113-website\admin\tp-deliverables-demo.mbdf
2020-04-13T07:09:45.265Z - info: Rebuilding affected source files
2020-04-13T07:09:45.284Z - info: Rebuilding 1 pages
2020-04-13T07:09:47.770Z - info: Pages rebuilt
2020-04-13T07:09:47.771Z - info: Website regeneration complete! Total build time: 2.504s
2020-04-13T07:09:47.777Z - info: Site data built
2020-04-13T07:11:21.337Z - info: Website generation started at 3:11:18 PM
2020-04-13T07:11:29.667Z - info: Building assets...
