2020-03-19T16:42:58.703Z - info: Website generation (lazy) started at 00:42:51
2020-03-19T16:43:02.365Z - info: Building assets...
2020-03-19T16:43:05.543Z - info: Assets built
2020-03-19T16:43:05.543Z - info: Generating landing page...
2020-03-19T16:43:07.007Z - info: Landing page built, other pages will be built as you navigate to them!
2020-03-19T16:43:07.097Z - info: Website generation (lazy) complete! Total build time: 15.484s
2020-03-19T16:43:07.398Z - info: Serving "C:\repos\nus-cs2113-AY1920S2\cs2113-website\_site" at http://127.0.0.1:8080
2020-03-19T16:43:07.398Z - info: Press CTRL+C to stop ...
2020-03-19T16:43:07.444Z - info: Site data built
2020-03-19T16:43:14.780Z - info: Building C:\repos\nus-cs2113-AY1920S2\cs2113-website\admin\tp-progress-dashboard as some of its dependencies were changed since the last visit
2020-03-19T16:43:17.655Z - info: Site data built
2020-03-19T16:43:17.668Z - info: Lazy website regeneration complete! Total build time: 2.89s
2020-03-19T16:44:44.251Z - info: Website generation started at 00:44:41
2020-03-19T16:44:47.777Z - info: Building assets...
2020-03-19T16:44:50.905Z - info: Assets built
2020-03-19T16:44:50.905Z - info: Generating pages...
2020-03-19T16:46:37.078Z - debug: The process cannot access the file because it is being used by another process.

2020-03-19T16:46:37.079Z - debug: The process cannot access the file because it is being used by another process.

2020-03-19T16:46:37.080Z - debug: The process cannot access the file because it is being used by another process.

2020-03-19T16:46:37.080Z - debug: The process cannot access the file because it is being used by another process.

2020-03-19T16:46:37.080Z - debug: The process cannot access the file because it is being used by another process.

2020-03-19T16:46:37.080Z - debug: The process cannot access the file because it is being used by another process.

2020-03-19T16:46:37.080Z - debug: The process cannot access the file because it is being used by another process.

2020-03-19T16:46:37.081Z - debug: The process cannot access the file because it is being used by another process.

2020-03-19T16:46:37.081Z - debug: The process cannot access the file because it is being used by another process.

2020-03-19T16:46:37.252Z - debug: The process cannot access the file because it is being used by another process.

2020-03-19T16:46:38.474Z - debug: The process cannot access the file because it is being used by another process.

2020-03-19T16:46:38.474Z - debug: The process cannot access the file because it is being used by another process.

2020-03-19T16:46:38.475Z - debug: The process cannot access the file because it is being used by another process.

2020-03-19T16:46:38.476Z - debug: The process cannot access the file because it is being used by another process.

2020-03-19T16:46:38.477Z - debug: The process cannot access the file because it is being used by another process.

2020-03-19T16:46:38.478Z - debug: The process cannot access the file because it is being used by another process.

2020-03-19T16:46:38.479Z - debug: The process cannot access the file because it is being used by another process.

2020-03-19T16:46:38.479Z - debug: The process cannot access the file because it is being used by another process.

2020-03-19T16:46:38.480Z - debug: The process cannot access the file because it is being used by another process.

2020-03-19T16:46:38.480Z - debug: The process cannot access the file because it is being used by another process.

2020-03-19T16:46:38.481Z - debug: The process cannot access the file because it is being used by another process.

2020-03-19T16:46:38.481Z - debug: The process cannot access the file because it is being used by another process.

2020-03-19T16:46:38.482Z - debug: The process cannot access the file because it is being used by another process.

2020-03-19T16:46:38.482Z - debug: The process cannot access the file because it is being used by another process.

2020-03-19T16:46:38.491Z - debug: The process cannot access the file because it is being used by another process.

2020-03-19T16:47:12.344Z - debug:  
2020-03-19T16:47:12.344Z - debug:  
2020-03-19T16:47:12.344Z - debug:  
2020-03-19T16:47:12.344Z - debug:  
2020-03-19T16:48:24.227Z - debug:  
2020-03-19T16:48:24.251Z - debug:  
2020-03-19T16:48:25.919Z - info: Pages built
2020-03-19T16:49:02.087Z - info: Website generation complete! Total build time: 260.89s
2020-03-19T16:49:02.087Z - info: Build success!
2020-03-19T16:49:02.091Z - info: Site data built
2020-03-19T16:49:48.713Z - info: Deployed!
2020-03-20T14:08:27.693Z - info: Website generation (lazy) started at 22:08:20
2020-03-20T14:08:33.633Z - info: Building assets...
2020-03-20T14:08:37.902Z - info: Assets built
2020-03-20T14:08:37.906Z - info: Generating landing page...
2020-03-20T14:08:40.965Z - info: Landing page built, other pages will be built as you navigate to them!
2020-03-20T14:08:41.077Z - info: Website generation (lazy) complete! Total build time: 20.686s
2020-03-20T14:08:41.573Z - info: Serving "C:\repos\nus-cs2113-AY1920S2\cs2113-website\_site" at http://127.0.0.1:8080
2020-03-20T14:08:41.573Z - info: Press CTRL+C to stop ...
2020-03-20T14:08:41.625Z - info: Site data built
2020-03-20T14:18:24.478Z - info: Building C:\repos\nus-cs2113-AY1920S2\cs2113-website\admin\tp-progress-dashboard as some of its dependencies were changed since the last visit
2020-03-20T14:18:27.709Z - info: Site data built
2020-03-20T14:18:27.710Z - info: Lazy website regeneration complete! Total build time: 3.234s
2020-03-20T14:18:27.921Z - info: [22:18:27] Reload for file change: C:\repos\nus-cs2113-AY1920S2\cs2113-website\admin\tp-progress-dashboard-table.mbdf
2020-03-20T14:18:28.948Z - info: Rebuilding affected source files
2020-03-20T14:18:28.954Z - info: Rebuilding 1 pages
2020-03-20T14:18:34.776Z - info: Pages rebuilt
2020-03-20T14:18:34.776Z - info: Website regeneration complete! Total build time: 5.824s
2020-03-20T14:18:34.780Z - info: Site data built
2020-03-20T15:04:45.518Z - info: [23:04:45] Reload for file change: C:\repos\nus-cs2113-AY1920S2\cs2113-website\admin\tp-progress-dashboard-table.mbdf
2020-03-20T15:04:46.527Z - info: Rebuilding affected source files
2020-03-20T15:04:46.552Z - info: Rebuilding 1 pages
2020-03-20T15:04:51.834Z - info: Pages rebuilt
2020-03-20T15:04:51.834Z - info: Website regeneration complete! Total build time: 5.307s
2020-03-20T15:04:51.837Z - info: Site data built
2020-03-20T15:08:15.145Z - info: Website generation started at 23:08:12
2020-03-20T15:08:19.331Z - info: Building assets...
