2020-01-24T14:11:40.965Z - info: Website generation started at 22:11:34
2020-01-24T14:11:46.938Z - info: Building assets...
2020-01-24T14:11:50.619Z - info: Assets built
2020-01-24T14:11:50.619Z - info: Generating pages...
2020-01-24T14:13:54.229Z - debug: The process cannot access the file because it is being used by another process.

2020-01-24T14:13:54.229Z - debug: The process cannot access the file because it is being used by another process.

2020-01-24T14:13:54.229Z - debug: The process cannot access the file because it is being used by another process.

2020-01-24T14:13:54.229Z - debug: The process cannot access the file because it is being used by another process.

2020-01-24T14:13:54.233Z - debug: The process cannot access the file because it is being used by another process.

2020-01-24T14:13:54.233Z - debug: The process cannot access the file because it is being used by another process.

2020-01-24T14:13:54.233Z - debug: The process cannot access the file because it is being used by another process.

2020-01-24T14:13:54.233Z - debug: The process cannot access the file because it is being used by another process.

2020-01-24T14:13:54.233Z - debug: The process cannot access the file because it is being used by another process.

2020-01-24T14:13:54.233Z - debug: The process cannot access the file because it is being used by another process.

2020-01-24T14:13:54.769Z - debug: The process cannot access the file because it is being used by another process.

2020-01-24T14:14:16.856Z - debug:  
2020-01-24T14:14:16.856Z - debug:  
2020-01-24T14:14:16.856Z - debug:  
2020-01-24T14:14:16.856Z - debug:  
2020-01-24T14:15:29.182Z - info: Pages built
2020-01-24T14:16:05.990Z - info: Website generation complete! Total build time: 271.39s
2020-01-24T14:16:05.994Z - info: Build success!
2020-01-24T14:16:06.006Z - info: Site data built
2020-01-24T14:17:07.256Z - info: Deployed!
