2020-03-24T14:33:58.284Z - info: Website generation (lazy) started at 22:33:50
2020-03-24T14:34:04.153Z - info: Building assets...
2020-03-24T14:34:09.717Z - info: Assets built
2020-03-24T14:34:09.717Z - info: Generating landing page...
2020-03-24T14:34:11.493Z - info: Landing page built, other pages will be built as you navigate to them!
2020-03-24T14:34:11.585Z - info: Website generation (lazy) complete! Total build time: 21.389s
2020-03-24T14:34:11.873Z - info: Serving "C:\repos\nus-cs2113-AY1920S2\cs2113-website\_site" at http://127.0.0.1:8080
2020-03-24T14:34:11.873Z - info: Press CTRL+C to stop ...
2020-03-24T14:34:11.925Z - info: Site data built
2020-03-24T14:34:43.531Z - info: Building C:\repos\nus-cs2113-AY1920S2\cs2113-website\schedule\week11\index as some of its dependencies were changed since the last visit
2020-03-24T14:34:44.932Z - info: Site data built
2020-03-24T14:34:44.932Z - info: Lazy website regeneration complete! Total build time: 1.405s
2020-03-24T14:39:05.382Z - info: [22:39:05] Reload for file add: C:\repos\nus-cs2113-AY1920S2\cs2113-website\schedule\week11\commentary.mbdf
2020-03-24T14:39:06.383Z - info: File added or removed, updating list of site's pages...
2020-03-24T14:39:09.475Z - info: Assets removed
2020-03-24T14:39:10.681Z - info: Building C:\repos\nus-cs2113-AY1920S2\cs2113-website\schedule\week11\index as some of its dependencies were changed since the last visit
2020-03-24T14:39:12.514Z - info: Site data built
2020-03-24T14:39:12.515Z - info: Lazy website regeneration complete! Total build time: 1.834s
2020-03-24T14:39:18.808Z - info: Building C:\repos\nus-cs2113-AY1920S2\cs2113-website\schedule\week11\topics as some of its dependencies were changed since the last visit
2020-03-24T14:39:23.140Z - info: Site data built
2020-03-24T14:39:23.141Z - info: Lazy website regeneration complete! Total build time: 4.333s
2020-03-24T14:40:42.870Z - info: [22:40:42] Reload for file change: C:\repos\nus-cs2113-AY1920S2\cs2113-website\schedule\week11\commentary.mbdf
2020-03-24T14:40:43.875Z - info: Rebuilding affected source files
2020-03-24T14:40:43.887Z - info: Rebuilding 1 pages
2020-03-24T14:40:47.302Z - info: Pages rebuilt
2020-03-24T14:40:47.302Z - info: Website regeneration complete! Total build time: 3.426s
2020-03-24T14:40:47.361Z - info: Site data built
2020-03-24T14:42:04.055Z - info: [22:42:04] Reload for file change: C:\repos\nus-cs2113-AY1920S2\cs2113-website\schedule\week11\commentary.mbdf
2020-03-24T14:42:05.055Z - info: Rebuilding affected source files
2020-03-24T14:42:05.061Z - info: Rebuilding 1 pages
2020-03-24T14:42:08.448Z - info: Pages rebuilt
2020-03-24T14:42:08.448Z - info: Website regeneration complete! Total build time: 3.392s
2020-03-24T14:42:08.508Z - info: Site data built
2020-03-24T14:44:13.345Z - info: [22:44:13] Reload for file change: C:\repos\nus-cs2113-AY1920S2\cs2113-website\schedule\week11\commentary.mbdf
2020-03-24T14:44:14.353Z - info: Rebuilding affected source files
2020-03-24T14:44:14.364Z - info: Rebuilding 1 pages
2020-03-24T14:44:18.379Z - info: Pages rebuilt
2020-03-24T14:44:18.379Z - info: Website regeneration complete! Total build time: 4.025s
2020-03-24T14:44:18.440Z - info: Site data built
2020-03-24T14:44:29.327Z - info: [22:44:29] Reload for file change: C:\repos\nus-cs2113-AY1920S2\cs2113-website\schedule\week11\commentary.mbdf
2020-03-24T14:44:30.329Z - info: Rebuilding affected source files
2020-03-24T14:44:30.336Z - info: Rebuilding 1 pages
2020-03-24T14:44:33.949Z - info: Pages rebuilt
2020-03-24T14:44:33.950Z - info: Website regeneration complete! Total build time: 3.62s
2020-03-24T14:44:33.955Z - info: Site data built
2020-03-24T14:45:02.989Z - info: [22:45:02] Reload for file change: C:\repos\nus-cs2113-AY1920S2\cs2113-website\schedule\week11\commentary.mbdf
2020-03-24T14:45:03.733Z - info: [22:45:03] Reload for file change: C:\repos\nus-cs2113-AY1920S2\cs2113-website\schedule\week11\commentary.mbdf
2020-03-24T14:45:03.992Z - info: Rebuilding affected source files
2020-03-24T14:45:03.999Z - info: Rebuilding 1 pages
2020-03-24T14:45:07.481Z - info: Pages rebuilt
2020-03-24T14:45:07.481Z - info: Website regeneration complete! Total build time: 3.488s
2020-03-24T14:45:07.488Z - info: Site data built
2020-03-24T14:47:19.489Z - info: [22:47:19] Reload for file change: C:\repos\nus-cs2113-AY1920S2\cs2113-website\schedule\week11\commentary.mbdf
2020-03-24T14:47:20.495Z - info: Rebuilding affected source files
2020-03-24T14:47:20.504Z - info: Rebuilding 1 pages
2020-03-24T14:47:24.199Z - info: Pages rebuilt
2020-03-24T14:47:24.200Z - info: Website regeneration complete! Total build time: 3.704s
2020-03-24T14:47:24.207Z - info: Site data built
2020-03-24T14:48:03.076Z - info: [22:48:03] Reload for file change: C:\repos\nus-cs2113-AY1920S2\cs2113-website\schedule\week11\commentary.mbdf
2020-03-24T14:48:04.077Z - info: Rebuilding affected source files
2020-03-24T14:48:04.078Z - info: Rebuilding 1 pages
2020-03-24T14:48:07.730Z - info: Pages rebuilt
2020-03-24T14:48:07.730Z - info: Website regeneration complete! Total build time: 3.653s
2020-03-24T14:48:07.791Z - info: Site data built
2020-03-24T14:50:15.168Z - info: [22:50:15] Reload for file change: C:\repos\nus-cs2113-AY1920S2\cs2113-website\schedule\week11\commentary.mbdf
2020-03-24T14:50:16.171Z - info: Rebuilding affected source files
2020-03-24T14:50:16.175Z - info: Rebuilding 1 pages
2020-03-24T14:50:21.135Z - info: Pages rebuilt
2020-03-24T14:50:21.136Z - info: Website regeneration complete! Total build time: 4.965s
2020-03-24T14:50:21.141Z - info: Site data built
2020-03-24T14:56:35.287Z - info: [22:56:35] Reload for file change: C:\repos\nus-cs2113-AY1920S2\cs2113-website\schedule\week11\commentary.mbdf
2020-03-24T14:56:36.289Z - info: Rebuilding affected source files
2020-03-24T14:56:36.291Z - info: Rebuilding 1 pages
2020-03-24T14:56:40.214Z - info: Pages rebuilt
2020-03-24T14:56:40.215Z - info: Website regeneration complete! Total build time: 3.925s
2020-03-24T14:56:40.281Z - info: Site data built
2020-03-24T14:57:16.253Z - info: [22:57:16] Reload for file change: C:\repos\nus-cs2113-AY1920S2\cs2113-website\schedule\week11\commentary.mbdf
2020-03-24T14:57:17.258Z - info: Rebuilding affected source files
2020-03-24T14:57:17.265Z - info: Rebuilding 1 pages
2020-03-24T14:57:21.596Z - info: Pages rebuilt
2020-03-24T14:57:21.596Z - info: Website regeneration complete! Total build time: 4.337s
2020-03-24T14:57:21.671Z - info: Site data built
2020-03-24T14:59:04.950Z - info: [22:59:04] Reload for file change: C:\repos\nus-cs2113-AY1920S2\cs2113-website\schedule\week11\commentary.mbdf
2020-03-24T14:59:05.953Z - info: Rebuilding affected source files
2020-03-24T14:59:05.960Z - info: Rebuilding 1 pages
2020-03-24T14:59:12.625Z - info: Pages rebuilt
2020-03-24T14:59:12.626Z - info: Website regeneration complete! Total build time: 6.673s
2020-03-24T14:59:12.726Z - info: Site data built
2020-03-24T15:02:03.661Z - info: [23:02:03] Reload for file change: C:\repos\nus-cs2113-AY1920S2\cs2113-website\schedule\week11\commentary.mbdf
2020-03-24T15:02:04.668Z - info: Rebuilding affected source files
2020-03-24T15:02:04.683Z - info: Rebuilding 1 pages
2020-03-24T15:02:10.882Z - info: Pages rebuilt
2020-03-24T15:02:10.883Z - info: Website regeneration complete! Total build time: 6.213s
2020-03-24T15:02:10.890Z - info: Site data built
2020-03-24T15:05:50.277Z - info: [23:05:50] Reload for file change: C:\repos\nus-cs2113-AY1920S2\cs2113-website\schedule\week11\commentary.mbdf
2020-03-24T15:05:51.278Z - info: Rebuilding affected source files
2020-03-24T15:05:51.281Z - info: Rebuilding 1 pages
2020-03-24T15:05:56.716Z - info: Pages rebuilt
2020-03-24T15:05:56.716Z - info: Website regeneration complete! Total build time: 5.438s
2020-03-24T15:05:56.789Z - info: Site data built
2020-03-24T15:06:28.377Z - info: [23:06:28] Reload for file change: C:\repos\nus-cs2113-AY1920S2\cs2113-website\schedule\index.md
2020-03-24T15:06:29.378Z - info: Rebuilding affected source files
2020-03-24T15:06:29.383Z - info: Rebuilding 0 pages
2020-03-24T15:06:29.384Z - info: Pages rebuilt
2020-03-24T15:06:29.384Z - info: Website regeneration complete! Total build time: 0.005s
2020-03-24T15:06:29.391Z - info: Site data built
2020-03-24T15:06:39.316Z - info: Website generation (lazy) started at 23:06:36
2020-03-24T15:06:44.892Z - info: Building assets...
2020-03-24T15:06:53.981Z - info: Assets built
2020-03-24T15:06:53.982Z - info: Generating landing page...
2020-03-24T15:06:58.092Z - info: Landing page built, other pages will be built as you navigate to them!
2020-03-24T15:06:58.307Z - info: Website generation (lazy) complete! Total build time: 21.632s
2020-03-24T15:06:59.081Z - info: Serving "C:\repos\nus-cs2113-AY1920S2\cs2113-website\_site" at http://127.0.0.1:8080
2020-03-24T15:06:59.081Z - info: Press CTRL+C to stop ...
2020-03-24T15:06:59.150Z - info: Site data built
2020-03-24T15:07:24.916Z - info: Building C:\repos\nus-cs2113-AY1920S2\cs2113-website\schedule\week10\topics as some of its dependencies were changed since the last visit
2020-03-24T15:07:28.875Z - debug:  
2020-03-24T15:07:29.620Z - info: Site data built
2020-03-24T15:07:29.622Z - info: Lazy website regeneration complete! Total build time: 4.709s
2020-03-24T15:07:29.736Z - debug:  
2020-03-24T15:07:29.782Z - debug:  
2020-03-24T15:07:30.613Z - info: Building C:\repos\nus-cs2113-AY1920S2\cs2113-website\schedule\week11\topics as some of its dependencies were changed since the last visit
2020-03-24T15:07:34.351Z - info: Site data built
2020-03-24T15:07:34.352Z - info: Lazy website regeneration complete! Total build time: 3.739s
2020-03-24T15:18:15.191Z - info: [23:18:15] Reload for file change: C:\repos\nus-cs2113-AY1920S2\cs2113-website\admin\tp-progress-dashboard-table.mbdf
2020-03-24T15:18:16.211Z - info: Rebuilding affected source files
2020-03-24T15:18:16.216Z - info: Rebuilding 0 pages
2020-03-24T15:18:16.234Z - info: Pages rebuilt
2020-03-24T15:18:16.234Z - info: Website regeneration complete! Total build time: 0.022s
2020-03-24T15:18:16.261Z - info: Site data built
2020-03-24T15:19:52.438Z - info: [23:19:52] Reload for file change: C:\repos\nus-cs2113-AY1920S2\cs2113-website\schedule\week11\commentary.mbdf
2020-03-24T15:19:53.438Z - info: Rebuilding affected source files
2020-03-24T15:19:53.449Z - info: Rebuilding 1 pages
2020-03-24T15:19:57.324Z - info: Pages rebuilt
2020-03-24T15:19:57.325Z - info: Website regeneration complete! Total build time: 3.886s
2020-03-24T15:19:57.382Z - info: Site data built
2020-03-24T15:25:19.015Z - info: Building C:\repos\nus-cs2113-AY1920S2\cs2113-website\admin\tp-progress-dashboard as some of its dependencies were changed since the last visit
2020-03-24T15:25:23.148Z - info: Site data built
2020-03-24T15:25:23.148Z - info: Lazy website regeneration complete! Total build time: 4.135s
2020-03-24T15:36:19.114Z - info: Building C:\repos\nus-cs2113-AY1920S2\cs2113-website\schedule\week11\project as some of its dependencies were changed since the last visit
2020-03-24T15:36:21.816Z - info: Site data built
2020-03-24T15:36:21.817Z - info: Lazy website regeneration complete! Total build time: 2.704s
2020-03-24T15:39:00.235Z - info: Building C:\repos\nus-cs2113-AY1920S2\cs2113-website\schedule\week11\tutorial as some of its dependencies were changed since the last visit
2020-03-24T15:39:00.901Z - info: Site data built
2020-03-24T15:39:00.901Z - info: Lazy website regeneration complete! Total build time: 0.667s
2020-03-24T15:48:44.342Z - info: Website generation started at 23:48:40
2020-03-24T15:48:48.594Z - info: Building assets...
2020-03-24T15:48:51.879Z - info: Assets built
2020-03-24T15:48:51.880Z - info: Generating pages...
2020-03-24T15:50:38.549Z - debug: The process cannot access the file because it is being used by another process.

2020-03-24T15:50:38.719Z - debug: The process cannot access the file because it is being used by another process.

2020-03-24T15:50:38.720Z - debug: The process cannot access the file because it is being used by another process.

2020-03-24T15:50:38.720Z - debug: The process cannot access the file because it is being used by another process.

2020-03-24T15:50:38.720Z - debug: The process cannot access the file because it is being used by another process.

2020-03-24T15:50:38.721Z - debug: The process cannot access the file because it is being used by another process.

2020-03-24T15:50:38.721Z - debug: The process cannot access the file because it is being used by another process.

2020-03-24T15:50:38.722Z - debug: The process cannot access the file because it is being used by another process.

2020-03-24T15:50:38.722Z - debug: The process cannot access the file because it is being used by another process.

2020-03-24T15:50:38.722Z - debug: The process cannot access the file because it is being used by another process.

2020-03-24T15:50:38.723Z - debug: The process cannot access the file because it is being used by another process.

2020-03-24T15:50:38.723Z - debug: The process cannot access the file because it is being used by another process.

2020-03-24T15:50:38.723Z - debug: The process cannot access the file because it is being used by another process.

2020-03-24T15:50:38.723Z - debug: The process cannot access the file because it is being used by another process.

2020-03-24T15:50:38.724Z - debug: The process cannot access the file because it is being used by another process.

2020-03-24T15:50:38.724Z - debug: The process cannot access the file because it is being used by another process.

2020-03-24T15:50:38.724Z - debug: The process cannot access the file because it is being used by another process.

2020-03-24T15:50:38.724Z - debug: The process cannot access the file because it is being used by another process.

2020-03-24T15:50:38.725Z - debug: The process cannot access the file because it is being used by another process.

2020-03-24T15:50:38.725Z - debug: The process cannot access the file because it is being used by another process.

2020-03-24T15:50:38.725Z - debug: The process cannot access the file because it is being used by another process.

2020-03-24T15:50:38.725Z - debug: The process cannot access the file because it is being used by another process.

2020-03-24T15:50:38.726Z - debug: The process cannot access the file because it is being used by another process.

2020-03-24T15:50:38.726Z - debug: The process cannot access the file because it is being used by another process.

2020-03-24T15:50:38.726Z - debug: The process cannot access the file because it is being used by another process.

2020-03-24T15:51:02.547Z - debug:  
2020-03-24T15:51:02.548Z - debug:  
2020-03-24T15:51:02.548Z - debug:  
2020-03-24T15:51:02.549Z - debug:  
2020-03-24T15:52:31.390Z - debug:  
2020-03-24T15:52:31.509Z - debug:  
2020-03-24T15:52:33.046Z - info: Pages built
2020-03-24T15:53:08.017Z - info: Website generation complete! Total build time: 267.738s
2020-03-24T15:53:08.018Z - info: Build success!
2020-03-24T15:53:08.021Z - info: Site data built
2020-03-24T15:53:44.753Z - info: Deployed!
