2020-02-18T08:54:11.360Z - info: Website generation started at 4:54:10 PM
2020-02-18T08:54:13.364Z - info: Building assets...
2020-02-18T08:54:15.020Z - info: Assets built
2020-02-18T08:54:15.021Z - info: Generating pages...
2020-02-18T08:55:04.789Z - debug: The process cannot access the file because it is being used by another process.

2020-02-18T08:55:04.811Z - debug: The process cannot access the file because it is being used by another process.

2020-02-18T08:55:04.811Z - debug: The process cannot access the file because it is being used by another process.

2020-02-18T08:55:04.811Z - debug: The process cannot access the file because it is being used by another process.

2020-02-18T08:55:04.811Z - debug: The process cannot access the file because it is being used by another process.

2020-02-18T08:55:04.812Z - debug: The process cannot access the file because it is being used by another process.

2020-02-18T08:55:04.812Z - debug: The process cannot access the file because it is being used by another process.

2020-02-18T08:55:04.813Z - debug: The process cannot access the file because it is being used by another process.

2020-02-18T08:55:04.813Z - debug: The process cannot access the file because it is being used by another process.

2020-02-18T08:55:04.813Z - debug: The process cannot access the file because it is being used by another process.

2020-02-18T08:55:04.814Z - debug: The process cannot access the file because it is being used by another process.

2020-02-18T08:55:08.514Z - debug:  
2020-02-18T08:55:09.531Z - debug:  
2020-02-18T08:55:09.532Z - debug:  
2020-02-18T08:55:09.532Z - debug:  
2020-02-18T08:56:00.040Z - info: Pages built
2020-02-18T08:56:16.581Z - info: Website generation complete! Total build time: 125.981s
2020-02-18T08:56:16.582Z - info: Build success!
2020-02-18T08:56:16.584Z - info: Site data built
2020-02-18T08:57:59.023Z - info: Deployed!
2020-02-18T09:50:05.116Z - info: Website generation started at 5:50:04 PM
2020-02-18T09:50:06.898Z - info: Building assets...
2020-02-18T09:50:08.528Z - info: Assets built
2020-02-18T09:50:08.529Z - info: Generating pages...
2020-02-18T09:50:54.756Z - debug: The process cannot access the file because it is being used by another process.

2020-02-18T09:50:54.756Z - debug: The process cannot access the file because it is being used by another process.

2020-02-18T09:50:54.757Z - debug: The process cannot access the file because it is being used by another process.

2020-02-18T09:50:54.760Z - debug: The process cannot access the file because it is being used by another process.

2020-02-18T09:50:54.760Z - debug: The process cannot access the file because it is being used by another process.

2020-02-18T09:50:54.761Z - debug: The process cannot access the file because it is being used by another process.

2020-02-18T09:50:54.761Z - debug: The process cannot access the file because it is being used by another process.

2020-02-18T09:50:54.761Z - debug: The process cannot access the file because it is being used by another process.

2020-02-18T09:50:54.761Z - debug: The process cannot access the file because it is being used by another process.

2020-02-18T09:50:54.762Z - debug: The process cannot access the file because it is being used by another process.

2020-02-18T09:50:54.878Z - debug: The process cannot access the file because it is being used by another process.

2020-02-18T09:50:59.561Z - debug:  
2020-02-18T09:50:59.563Z - debug:  
2020-02-18T09:50:59.563Z - debug:  
2020-02-18T09:50:59.564Z - debug:  
2020-02-18T09:51:46.091Z - info: Pages built
2020-02-18T09:52:01.040Z - info: Website generation complete! Total build time: 116.653s
2020-02-18T09:52:01.041Z - info: Build success!
2020-02-18T09:52:01.043Z - info: Site data built
2020-02-18T09:53:38.646Z - info: Deployed!
