2020-02-20T08:18:57.441Z - info: Website generation started at 4:18:55 PM
2020-02-20T08:19:00.881Z - info: Building assets...
2020-02-20T08:19:03.964Z - info: Assets built
2020-02-20T08:19:03.964Z - info: Generating pages...
2020-02-20T08:20:00.940Z - debug: The process cannot access the file because it is being used by another process.

2020-02-20T08:20:00.942Z - debug: The process cannot access the file because it is being used by another process.

2020-02-20T08:20:00.942Z - debug: The process cannot access the file because it is being used by another process.

2020-02-20T08:20:00.943Z - debug: The process cannot access the file because it is being used by another process.

2020-02-20T08:20:00.943Z - debug: The process cannot access the file because it is being used by another process.

2020-02-20T08:20:00.943Z - debug: The process cannot access the file because it is being used by another process.

2020-02-20T08:20:00.944Z - debug: The process cannot access the file because it is being used by another process.

2020-02-20T08:20:00.944Z - debug: The process cannot access the file because it is being used by another process.

2020-02-20T08:20:00.950Z - debug: The process cannot access the file because it is being used by another process.

2020-02-20T08:20:00.950Z - debug: The process cannot access the file because it is being used by another process.

2020-02-20T08:20:01.091Z - debug: The process cannot access the file because it is being used by another process.

2020-02-20T08:20:05.469Z - debug:  
2020-02-20T08:20:05.469Z - debug:  
2020-02-20T08:20:07.179Z - debug:  
2020-02-20T08:20:07.179Z - debug:  
2020-02-20T08:20:57.882Z - info: Pages built
2020-02-20T08:21:14.766Z - info: Website generation complete! Total build time: 139.161s
2020-02-20T08:21:14.766Z - info: Build success!
2020-02-20T08:21:14.769Z - info: Site data built
2020-02-20T08:22:01.308Z - info: Deployed!
