2020-02-23T04:20:35.027Z - info: Website generation started at 12:20:33 PM
2020-02-23T04:20:38.105Z - info: Building assets...
2020-02-23T04:20:41.326Z - info: Assets built
2020-02-23T04:20:41.327Z - info: Generating pages...
2020-02-23T04:21:43.417Z - debug: The process cannot access the file because it is being used by another process.

2020-02-23T04:21:43.420Z - debug: The process cannot access the file because it is being used by another process.

2020-02-23T04:21:43.420Z - debug: The process cannot access the file because it is being used by another process.

2020-02-23T04:21:43.420Z - debug: The process cannot access the file because it is being used by another process.

2020-02-23T04:21:43.421Z - debug: The process cannot access the file because it is being used by another process.

2020-02-23T04:21:43.421Z - debug: The process cannot access the file because it is being used by another process.

2020-02-23T04:21:43.435Z - debug: The process cannot access the file because it is being used by another process.

2020-02-23T04:21:43.435Z - debug: The process cannot access the file because it is being used by another process.

2020-02-23T04:21:43.436Z - debug: The process cannot access the file because it is being used by another process.

2020-02-23T04:21:43.436Z - debug: The process cannot access the file because it is being used by another process.

2020-02-23T04:21:43.436Z - debug: The process cannot access the file because it is being used by another process.

2020-02-23T04:21:43.437Z - debug: The process cannot access the file because it is being used by another process.

2020-02-23T04:21:43.442Z - debug: The process cannot access the file because it is being used by another process.

2020-02-23T04:21:43.443Z - debug: The process cannot access the file because it is being used by another process.

2020-02-23T04:21:43.443Z - debug: The process cannot access the file because it is being used by another process.

2020-02-23T04:21:43.444Z - debug: The process cannot access the file because it is being used by another process.

2020-02-23T04:21:43.444Z - debug: The process cannot access the file because it is being used by another process.

2020-02-23T04:21:43.444Z - debug: The process cannot access the file because it is being used by another process.

2020-02-23T04:21:43.444Z - debug: The process cannot access the file because it is being used by another process.

2020-02-23T04:21:43.445Z - debug: The process cannot access the file because it is being used by another process.

2020-02-23T04:21:44.084Z - debug: The process cannot access the file because it is being used by another process.

2020-02-23T04:21:44.084Z - debug: The process cannot access the file because it is being used by another process.

2020-02-23T04:21:44.084Z - debug: The process cannot access the file because it is being used by another process.

2020-02-23T04:21:44.099Z - debug: The process cannot access the file because it is being used by another process.

2020-02-23T04:21:44.099Z - debug: The process cannot access the file because it is being used by another process.

2020-02-23T04:21:46.863Z - debug:  
2020-02-23T04:21:46.864Z - debug:  
2020-02-23T04:21:48.606Z - debug:  
2020-02-23T04:21:48.607Z - debug:  
2020-02-23T04:22:45.869Z - info: Pages built
2020-02-23T04:23:05.750Z - info: Website generation complete! Total build time: 152.449s
2020-02-23T04:23:06.210Z - info: Serving "C:\repos\nus-cs2113-AY1920S2\cs2113-website\_site" at http://127.0.0.1:8080
2020-02-23T04:23:06.210Z - info: Press CTRL+C to stop ...
2020-02-23T04:23:06.315Z - info: Site data built
2020-02-23T04:29:11.835Z - info: [12:29:11 PM] Reload for file change: C:\repos\nus-cs2113-AY1920S2\cs2113-website\schedule\week7\tutorial-cs2113.mbdf
2020-02-23T04:29:12.838Z - info: Rebuilding affected source files
2020-02-23T04:29:12.839Z - info: Rebuilding 1 pages
2020-02-23T04:29:13.276Z - info: Pages rebuilt
2020-02-23T04:29:13.279Z - info: Site data built
2020-02-23T04:30:19.300Z - info: [12:30:19 PM] Reload for file change: C:\repos\nus-cs2113-AY1920S2\cs2113-website\schedule\week7\tutorial-cs2113.mbdf
2020-02-23T04:30:20.303Z - info: Rebuilding affected source files
2020-02-23T04:30:20.304Z - info: Rebuilding 1 pages
2020-02-23T04:30:20.522Z - info: Pages rebuilt
2020-02-23T04:30:20.525Z - info: Site data built
2020-02-23T04:31:02.188Z - info: [12:31:02 PM] Reload for file change: C:\repos\nus-cs2113-AY1920S2\cs2113-website\schedule\week7\tutorial-cs2113.mbdf
2020-02-23T04:31:03.189Z - info: Rebuilding affected source files
2020-02-23T04:31:03.190Z - info: Rebuilding 1 pages
2020-02-23T04:31:03.386Z - info: Pages rebuilt
2020-02-23T04:31:03.391Z - info: Site data built
2020-02-23T04:31:35.890Z - info: [12:31:35 PM] Reload for file change: C:\repos\nus-cs2113-AY1920S2\cs2113-website\schedule\week7\tutorial-cs2113.mbdf
2020-02-23T04:31:36.892Z - info: Rebuilding affected source files
2020-02-23T04:31:36.893Z - info: Rebuilding 1 pages
2020-02-23T04:31:37.135Z - info: Pages rebuilt
2020-02-23T04:31:37.139Z - info: Site data built
2020-02-23T04:31:43.662Z - info: [12:31:43 PM] Reload for file change: C:\repos\nus-cs2113-AY1920S2\cs2113-website\schedule\week7\tutorial-cs2113.mbdf
2020-02-23T04:31:44.664Z - info: Rebuilding affected source files
2020-02-23T04:31:44.666Z - info: Rebuilding 1 pages
2020-02-23T04:31:44.872Z - info: Pages rebuilt
2020-02-23T04:31:44.875Z - info: Site data built
2020-02-23T04:31:56.081Z - info: [12:31:56 PM] Reload for file change: C:\repos\nus-cs2113-AY1920S2\cs2113-website\schedule\week7\tutorial-cs2113.mbdf
2020-02-23T04:31:57.083Z - info: Rebuilding affected source files
2020-02-23T04:31:57.084Z - info: Rebuilding 1 pages
2020-02-23T04:31:57.285Z - info: Pages rebuilt
2020-02-23T04:31:57.288Z - info: Site data built
2020-02-23T04:32:08.864Z - info: [12:32:08 PM] Reload for file change: C:\repos\nus-cs2113-AY1920S2\cs2113-website\schedule\week7\tutorial-cs2113.mbdf
2020-02-23T04:32:09.866Z - info: Rebuilding affected source files
2020-02-23T04:32:09.867Z - info: Rebuilding 1 pages
2020-02-23T04:32:10.016Z - info: Pages rebuilt
2020-02-23T04:32:10.020Z - info: Site data built
2020-02-23T04:32:26.312Z - info: [12:32:26 PM] Reload for file change: C:\repos\nus-cs2113-AY1920S2\cs2113-website\schedule\week7\tutorial-cs2113.mbdf
2020-02-23T04:32:27.314Z - info: Rebuilding affected source files
2020-02-23T04:32:27.315Z - info: Rebuilding 1 pages
2020-02-23T04:32:27.463Z - info: Pages rebuilt
2020-02-23T04:32:27.466Z - info: Site data built
2020-02-23T04:38:10.944Z - info: [12:38:10 PM] Reload for file change: C:\repos\nus-cs2113-AY1920S2\cs2113-website\schedule\week7\tutorial-cs2113.mbdf
2020-02-23T04:38:11.946Z - info: Rebuilding affected source files
2020-02-23T04:38:11.947Z - info: Rebuilding 1 pages
2020-02-23T04:38:12.203Z - info: Pages rebuilt
2020-02-23T04:38:12.208Z - info: Site data built
2020-02-23T04:38:41.014Z - info: [12:38:41 PM] Reload for file change: C:\repos\nus-cs2113-AY1920S2\cs2113-website\schedule\week7\tutorial-cs2113.mbdf
2020-02-23T04:38:42.015Z - info: Rebuilding affected source files
2020-02-23T04:38:42.018Z - info: Rebuilding 1 pages
2020-02-23T04:38:42.204Z - info: Pages rebuilt
2020-02-23T04:38:42.212Z - info: Site data built
2020-02-23T04:41:53.688Z - info: [12:41:53 PM] Reload for file change: C:\repos\nus-cs2113-AY1920S2\cs2113-website\_markbind\headers\header.md
2020-02-23T04:41:54.688Z - info: Rebuilding affected source files
2020-02-23T04:41:54.710Z - info: Rebuilding 154 pages
2020-02-23T04:42:28.049Z - debug: The process cannot access the file because it is being used by another process.

2020-02-23T04:42:28.053Z - debug: The process cannot access the file because it is being used by another process.

2020-02-23T04:42:28.054Z - debug: The process cannot access the file because it is being used by another process.

2020-02-23T04:42:28.055Z - debug: The process cannot access the file because it is being used by another process.

2020-02-23T04:42:31.563Z - debug:  
2020-02-23T04:42:31.565Z - debug:  
2020-02-23T04:42:34.131Z - debug:  
2020-02-23T04:42:34.132Z - debug:  
2020-02-23T04:43:11.021Z - info: Pages rebuilt
2020-02-23T04:43:11.027Z - info: Site data built
2020-02-23T04:43:20.956Z - info: [12:43:20 PM] Reload for file change: C:\repos\nus-cs2113-AY1920S2\cs2113-website\_markbind\headers\header.md
2020-02-23T04:43:21.957Z - info: Rebuilding affected source files
2020-02-23T04:43:21.974Z - info: Rebuilding 154 pages
2020-02-23T04:43:52.941Z - debug: The process cannot access the file because it is being used by another process.

2020-02-23T04:43:52.941Z - debug: The process cannot access the file because it is being used by another process.

2020-02-23T04:43:52.941Z - debug: The process cannot access the file because it is being used by another process.

2020-02-23T04:43:52.941Z - debug: The process cannot access the file because it is being used by another process.

2020-02-23T04:43:56.075Z - debug:  
2020-02-23T04:43:56.076Z - debug:  
2020-02-23T04:43:56.476Z - debug:  
2020-02-23T04:43:58.689Z - debug:  
2020-02-23T04:44:35.350Z - info: Pages rebuilt
2020-02-23T04:44:35.355Z - info: Site data built
2020-02-23T04:45:23.191Z - info: [12:45:23 PM] Reload for file change: C:\repos\nus-cs2113-AY1920S2\cs2113-website\_markbind\headers\header.md
2020-02-23T04:45:24.191Z - info: Rebuilding affected source files
2020-02-23T04:45:24.211Z - info: Rebuilding 154 pages
2020-02-23T04:45:55.969Z - debug: The process cannot access the file because it is being used by another process.

2020-02-23T04:45:55.971Z - debug: The process cannot access the file because it is being used by another process.

2020-02-23T04:45:55.973Z - debug: The process cannot access the file because it is being used by another process.

2020-02-23T04:45:55.973Z - debug: The process cannot access the file because it is being used by another process.

2020-02-23T04:45:58.765Z - debug:  
2020-02-23T04:46:00.292Z - debug:  
2020-02-23T04:46:00.293Z - debug:  
2020-02-23T04:46:00.294Z - debug:  
2020-02-23T04:46:38.248Z - info: Pages rebuilt
2020-02-23T04:46:38.253Z - info: Site data built
2020-02-23T04:47:25.326Z - info: [12:47:25 PM] Reload for file change: C:\repos\nus-cs2113-AY1920S2\cs2113-website\_markbind\headers\header.md
2020-02-23T04:47:26.327Z - info: Rebuilding affected source files
2020-02-23T04:47:26.346Z - info: Rebuilding 154 pages
2020-02-23T04:47:59.658Z - debug: The process cannot access the file because it is being used by another process.

2020-02-23T04:47:59.660Z - debug: The process cannot access the file because it is being used by another process.

2020-02-23T04:47:59.660Z - debug: The process cannot access the file because it is being used by another process.

2020-02-23T04:47:59.660Z - debug: The process cannot access the file because it is being used by another process.

2020-02-23T04:48:02.941Z - debug:  
2020-02-23T04:48:02.943Z - debug:  
2020-02-23T04:48:03.319Z - debug:  
2020-02-23T04:48:03.320Z - debug:  
2020-02-23T04:48:42.894Z - info: Pages rebuilt
2020-02-23T04:48:42.899Z - info: Site data built
2020-02-23T04:49:03.690Z - info: [12:49:03 PM] Reload for file change: C:\repos\nus-cs2113-AY1920S2\cs2113-website\_markbind\headers\header.md
2020-02-23T04:49:04.690Z - info: Rebuilding affected source files
2020-02-23T04:49:04.705Z - info: Rebuilding 154 pages
2020-02-23T04:49:36.367Z - debug: The process cannot access the file because it is being used by another process.

2020-02-23T04:49:36.368Z - debug: The process cannot access the file because it is being used by another process.

2020-02-23T04:49:36.370Z - debug: The process cannot access the file because it is being used by another process.

2020-02-23T04:49:36.370Z - debug: The process cannot access the file because it is being used by another process.

2020-02-23T04:49:40.590Z - debug:  
2020-02-23T04:49:40.591Z - debug:  
2020-02-23T04:49:40.591Z - debug:  
2020-02-23T04:49:40.592Z - debug:  
2020-02-23T04:50:19.027Z - info: Pages rebuilt
2020-02-23T04:50:19.040Z - info: Site data built
2020-02-23T04:52:48.885Z - info: [12:52:48 PM] Reload for file change: C:\repos\nus-cs2113-AY1920S2\cs2113-website\css\main.css
2020-02-23T04:52:49.895Z - info: Assets built
2020-02-23T04:53:05.002Z - info: [12:53:05 PM] Reload for file change: C:\repos\nus-cs2113-AY1920S2\cs2113-website\schedule\week7\tutorial-cs2113.mbdf
2020-02-23T04:53:06.004Z - info: Rebuilding affected source files
2020-02-23T04:53:06.005Z - info: Rebuilding 1 pages
2020-02-23T04:53:06.297Z - info: Pages rebuilt
2020-02-23T04:53:06.309Z - info: Site data built
2020-02-23T04:54:55.820Z - info: [12:54:55 PM] Reload for file change: C:\repos\nus-cs2113-AY1920S2\cs2113-website\book\css\textbook.css
2020-02-23T04:54:56.831Z - info: Assets built
2020-02-23T04:55:18.400Z - info: [12:55:18 PM] Reload for file change: C:\repos\nus-cs2113-AY1920S2\cs2113-website\css\main.css
2020-02-23T04:55:19.408Z - info: Assets built
2020-02-23T04:55:33.504Z - info: [12:55:33 PM] Reload for file change: C:\repos\nus-cs2113-AY1920S2\cs2113-website\book\css\textbook.css
2020-02-23T04:55:34.511Z - info: Assets built
2020-02-23T04:56:45.555Z - info: [12:56:45 PM] Reload for file change: C:\repos\nus-cs2113-AY1920S2\cs2113-website\schedule\week7\tutorial-cs2113.mbdf
2020-02-23T04:56:46.556Z - info: Rebuilding affected source files
2020-02-23T04:56:46.558Z - info: Rebuilding 1 pages
2020-02-23T04:56:46.814Z - info: Pages rebuilt
2020-02-23T04:56:46.820Z - info: Site data built
2020-02-23T04:57:43.553Z - info: [12:57:43 PM] Reload for file change: C:\repos\nus-cs2113-AY1920S2\cs2113-website\_markbind\headers\header.md
2020-02-23T04:57:44.555Z - info: Rebuilding affected source files
2020-02-23T04:57:44.575Z - info: Rebuilding 154 pages
2020-02-23T04:58:18.810Z - debug: The process cannot access the file because it is being used by another process.

2020-02-23T04:58:18.874Z - debug: The process cannot access the file because it is being used by another process.

2020-02-23T04:58:18.927Z - debug: The process cannot access the file because it is being used by another process.

2020-02-23T04:58:18.928Z - debug: The process cannot access the file because it is being used by another process.

2020-02-23T04:58:21.781Z - debug:  
2020-02-23T04:58:21.782Z - debug:  
2020-02-23T04:58:23.527Z - debug:  
2020-02-23T04:58:23.527Z - debug:  
2020-02-23T04:59:04.813Z - info: Pages rebuilt
2020-02-23T04:59:04.817Z - info: Site data built
2020-02-23T04:59:30.500Z - info: [12:59:30 PM] Reload for file change: C:\repos\nus-cs2113-AY1920S2\cs2113-website\_markbind\headers\header.md
2020-02-23T04:59:31.502Z - info: Rebuilding affected source files
2020-02-23T04:59:31.525Z - info: Rebuilding 154 pages
2020-02-23T05:00:05.979Z - debug: The process cannot access the file because it is being used by another process.

2020-02-23T05:00:05.996Z - debug: The process cannot access the file because it is being used by another process.

2020-02-23T05:00:05.996Z - debug: The process cannot access the file because it is being used by another process.

2020-02-23T05:00:05.997Z - debug: The process cannot access the file because it is being used by another process.

2020-02-23T05:00:08.708Z - debug:  
2020-02-23T05:00:08.709Z - debug:  
2020-02-23T05:00:10.386Z - debug:  
2020-02-23T05:00:10.387Z - debug:  
2020-02-23T05:00:51.964Z - info: Pages rebuilt
2020-02-23T05:00:51.970Z - info: Site data built
