2020-04-19T17:09:34.411Z - info: Website generation started at 1:09:27 AM
2020-04-19T17:09:43.043Z - info: Building assets...
2020-04-19T17:09:47.279Z - info: Assets built
2020-04-19T17:09:47.281Z - info: Generating pages...
2020-04-19T17:12:37.254Z - debug:  
2020-04-19T17:12:37.261Z - debug:  
2020-04-19T17:12:37.261Z - debug:  
2020-04-19T17:12:37.264Z - debug:  
2020-04-19T17:12:37.269Z - debug:  
2020-04-19T17:12:37.270Z - debug:  
2020-04-19T17:12:37.272Z - debug:  
2020-04-19T17:12:37.273Z - debug:  
2020-04-19T17:12:37.275Z - debug:  
2020-04-19T17:12:37.275Z - debug:  
2020-04-19T17:12:37.787Z - debug:  
2020-04-19T17:12:37.787Z - debug:  
2020-04-19T17:12:37.787Z - debug:  
2020-04-19T17:12:37.787Z - debug:  
2020-04-19T17:12:37.787Z - debug:  
2020-04-19T17:12:37.972Z - debug:  
2020-04-19T17:12:37.972Z - debug:  
2020-04-19T17:12:37.972Z - debug:  
2020-04-19T17:12:37.973Z - debug:  
2020-04-19T17:12:37.973Z - debug:  
2020-04-19T17:12:46.873Z - debug:  
2020-04-19T17:12:46.874Z - debug:  
2020-04-19T17:12:46.875Z - debug:  
2020-04-19T17:12:46.875Z - debug:  
2020-04-19T17:12:46.875Z - debug:  
2020-04-19T17:12:46.875Z - debug:  
2020-04-19T17:12:46.875Z - debug:  
2020-04-19T17:12:46.875Z - debug:  
2020-04-19T17:12:46.876Z - debug:  
2020-04-19T17:12:48.991Z - info: Pages built
2020-04-19T17:13:29.413Z - info: Website generation complete! Total build time: 242.026s
2020-04-19T17:13:29.414Z - info: Build success!
2020-04-19T17:13:29.415Z - debug:  
2020-04-19T17:13:29.415Z - debug:  
2020-04-19T17:13:29.419Z - info: Site data built
2020-04-19T17:14:15.528Z - info: Deployed!
