2020-01-22T02:49:22.284Z - info: Website generation started at 10:49:20 AM
2020-01-22T02:49:24.926Z - info: Building assets...
2020-01-22T02:49:26.918Z - info: Assets built
2020-01-22T02:49:26.918Z - info: Generating pages...
2020-01-22T02:50:15.293Z - debug: The process cannot access the file because it is being used by another process.

2020-01-22T02:50:15.294Z - debug: The process cannot access the file because it is being used by another process.

2020-01-22T02:50:15.294Z - debug: The process cannot access the file because it is being used by another process.

2020-01-22T02:50:15.296Z - debug: The process cannot access the file because it is being used by another process.

2020-01-22T02:50:15.296Z - debug: The process cannot access the file because it is being used by another process.

2020-01-22T02:50:15.297Z - debug: The process cannot access the file because it is being used by another process.

2020-01-22T02:50:15.297Z - debug: The process cannot access the file because it is being used by another process.

2020-01-22T02:50:15.298Z - debug: The process cannot access the file because it is being used by another process.

2020-01-22T02:50:15.298Z - debug: The process cannot access the file because it is being used by another process.

2020-01-22T02:50:15.298Z - debug: The process cannot access the file because it is being used by another process.

2020-01-22T02:50:15.298Z - debug: The process cannot access the file because it is being used by another process.

2020-01-22T02:50:20.198Z - debug:  
2020-01-22T02:50:20.198Z - debug:  
2020-01-22T02:50:20.198Z - debug:  
2020-01-22T02:50:20.198Z - debug:  
2020-01-22T02:51:04.000Z - info: Pages built
2020-01-22T02:51:18.518Z - info: Website generation complete! Total build time: 117.57s
2020-01-22T02:51:18.863Z - info: Serving "C:\repos\nus-cs2113-AY1920S2\cs2113-website\_site" at http://127.0.0.1:8080
2020-01-22T02:51:18.863Z - info: Press CTRL+C to stop ...
2020-01-22T02:51:18.969Z - info: Site data built
2020-01-22T02:56:23.724Z - info: [10:56:23 AM] Reload for file add: C:\repos\nus-cs2113-AY1920S2\cs2113-website\schedule\week2\notices-cs2113.mbdf
2020-01-22T02:56:24.727Z - warn: Rebuilding all source files
2020-01-22T02:56:26.913Z - info: Assets removed
2020-01-22T02:56:26.913Z - info: Generating pages...
2020-01-22T02:57:16.282Z - info: [10:57:16 AM] Reload for file add: C:\repos\nus-cs2113-AY1920S2\cs2113-website\schedule\week3\notices-cs2113.mbdf
2020-01-22T02:57:16.442Z - debug: The process cannot access the file because it is being used by another process.

2020-01-22T02:57:16.445Z - debug: The process cannot access the file because it is being used by another process.

2020-01-22T02:57:16.445Z - debug: The process cannot access the file because it is being used by another process.

2020-01-22T02:57:16.445Z - debug: The process cannot access the file because it is being used by another process.

2020-01-22T02:57:16.445Z - debug: The process cannot access the file because it is being used by another process.

2020-01-22T02:57:16.446Z - debug: The process cannot access the file because it is being used by another process.

2020-01-22T02:57:16.503Z - debug: The process cannot access the file because it is being used by another process.

2020-01-22T02:57:16.503Z - debug: The process cannot access the file because it is being used by another process.

2020-01-22T02:57:16.503Z - debug: The process cannot access the file because it is being used by another process.

2020-01-22T02:57:16.503Z - debug: The process cannot access the file because it is being used by another process.

2020-01-22T02:57:16.504Z - debug: The process cannot access the file because it is being used by another process.

2020-01-22T02:57:20.426Z - debug:  
2020-01-22T02:57:20.427Z - debug:  
2020-01-22T02:57:20.428Z - debug:  
2020-01-22T02:57:20.428Z - debug:  
2020-01-22T02:58:04.331Z - info: [10:58:04 AM] Reload for file change: C:\repos\nus-cs2113-AY1920S2\cs2113-website\schedule\week3\notices-cs2113.mbdf
2020-01-22T02:58:06.249Z - info: Rebuilding affected source files
2020-01-22T02:58:06.250Z - info: Rebuilding 0 pages
2020-01-22T02:58:06.373Z - info: Pages rebuilt
2020-01-22T02:58:06.501Z - info: Site data built
2020-01-22T02:58:13.291Z - info: Pages built
2020-01-22T02:58:13.291Z - warn: Rebuilding all source files
2020-01-22T02:58:15.394Z - info: Assets removed
2020-01-22T02:58:15.394Z - info: Generating pages...
2020-01-22T02:59:04.941Z - info: [10:59:04 AM] Reload for file change: C:\repos\nus-cs2113-AY1920S2\cs2113-website\schedule\week3\notices-cs2113.mbdf
2020-01-22T02:59:05.213Z - debug: The process cannot access the file because it is being used by another process.

2020-01-22T02:59:05.228Z - debug: The process cannot access the file because it is being used by another process.

2020-01-22T02:59:05.229Z - debug: The process cannot access the file because it is being used by another process.

2020-01-22T02:59:05.229Z - debug: The process cannot access the file because it is being used by another process.

2020-01-22T02:59:05.229Z - debug: The process cannot access the file because it is being used by another process.

2020-01-22T02:59:05.229Z - debug: The process cannot access the file because it is being used by another process.

2020-01-22T02:59:05.231Z - debug: The process cannot access the file because it is being used by another process.

2020-01-22T02:59:05.232Z - debug: The process cannot access the file because it is being used by another process.

2020-01-22T02:59:05.232Z - debug: The process cannot access the file because it is being used by another process.

2020-01-22T02:59:05.232Z - debug: The process cannot access the file because it is being used by another process.

2020-01-22T02:59:05.232Z - debug: The process cannot access the file because it is being used by another process.

2020-01-22T02:59:05.951Z - info: Rebuilding affected source files
2020-01-22T02:59:05.952Z - info: Rebuilding 0 pages
2020-01-22T02:59:05.964Z - info: Pages rebuilt
2020-01-22T02:59:08.698Z - info: Site data built
2020-01-22T02:59:09.006Z - debug:  
2020-01-22T02:59:09.008Z - debug:  
2020-01-22T02:59:10.335Z - debug:  
2020-01-22T02:59:10.335Z - debug:  
2020-01-22T02:59:52.026Z - info: [10:59:52 AM] Reload for file deletion: C:\repos\nus-cs2113-AY1920S2\cs2113-website\schedule\week2\notices-cs2113.mbdf
2020-01-22T03:00:02.241Z - info: Pages built
2020-01-22T03:00:02.242Z - warn: Rebuilding all source files
2020-01-22T03:00:04.343Z - info: Assets removed
2020-01-22T03:00:04.343Z - info: Generating pages...
2020-01-22T03:00:55.957Z - debug: The process cannot access the file because it is being used by another process.

2020-01-22T03:00:55.958Z - debug: The process cannot access the file because it is being used by another process.

2020-01-22T03:00:55.958Z - debug: The process cannot access the file because it is being used by another process.

2020-01-22T03:00:55.988Z - debug: The process cannot access the file because it is being used by another process.

2020-01-22T03:00:55.988Z - debug: The process cannot access the file because it is being used by another process.

2020-01-22T03:00:55.988Z - debug: The process cannot access the file because it is being used by another process.

2020-01-22T03:00:55.990Z - debug: The process cannot access the file because it is being used by another process.

2020-01-22T03:00:55.990Z - debug: The process cannot access the file because it is being used by another process.

2020-01-22T03:00:55.991Z - debug: The process cannot access the file because it is being used by another process.

2020-01-22T03:00:55.991Z - debug: The process cannot access the file because it is being used by another process.

2020-01-22T03:00:55.991Z - debug: The process cannot access the file because it is being used by another process.

2020-01-22T03:01:00.459Z - debug:  
2020-01-22T03:01:00.462Z - debug:  
2020-01-22T03:01:00.462Z - debug:  
2020-01-22T03:01:00.464Z - debug:  
2020-01-22T03:01:52.237Z - info: Pages built
2020-01-22T03:08:08.231Z - info: [11:08:08 AM] Reload for file change: C:\repos\nus-cs2113-AY1920S2\cs2113-website\schedule\index.md
2020-01-22T03:10:05.250Z - info: Website generation started at 11:10:04 AM
2020-01-22T03:10:07.750Z - info: Building assets...
2020-01-22T03:10:09.902Z - info: Assets built
2020-01-22T03:10:09.903Z - info: Generating pages...
2020-01-22T03:10:57.385Z - debug: The process cannot access the file because it is being used by another process.

2020-01-22T03:10:57.386Z - debug: The process cannot access the file because it is being used by another process.

2020-01-22T03:10:57.386Z - debug: The process cannot access the file because it is being used by another process.

2020-01-22T03:10:57.393Z - debug: The process cannot access the file because it is being used by another process.

2020-01-22T03:10:57.393Z - debug: The process cannot access the file because it is being used by another process.

2020-01-22T03:10:57.394Z - debug: The process cannot access the file because it is being used by another process.

2020-01-22T03:10:57.394Z - debug: The process cannot access the file because it is being used by another process.

2020-01-22T03:10:57.394Z - debug: The process cannot access the file because it is being used by another process.

2020-01-22T03:10:57.394Z - debug: The process cannot access the file because it is being used by another process.

2020-01-22T03:10:57.395Z - debug: The process cannot access the file because it is being used by another process.

2020-01-22T03:10:57.497Z - debug: The process cannot access the file because it is being used by another process.

2020-01-22T03:11:00.386Z - debug:  
2020-01-22T03:11:00.386Z - debug:  
2020-01-22T03:11:00.386Z - debug:  
2020-01-22T03:11:01.223Z - debug:  
2020-01-22T03:11:45.267Z - info: Pages built
2020-01-22T03:11:59.544Z - info: Website generation complete! Total build time: 115.542s
2020-01-22T03:11:59.544Z - info: Build success!
2020-01-22T03:11:59.547Z - info: Site data built
2020-01-22T03:12:42.579Z - info: Deployed!
2020-01-22T07:31:38.277Z - info: Website generation started at 3:31:36 PM
2020-01-22T07:31:41.076Z - info: Building assets...
