2020-05-29T16:59:06.372Z - warn: Command 'server' doesn't exist, run "markbind --help" to list commands.
2020-05-29T17:00:48.485Z - info: Website generation (lazy) started at 1:00:41 AM
2020-05-29T17:01:05.865Z - info: Building assets...
2020-05-29T17:01:14.326Z - info: Assets built
2020-05-29T17:01:14.326Z - info: Generating landing page...
2020-05-29T17:01:15.348Z - info: Landing page built, other pages will be built as you navigate to them!
2020-05-29T17:01:15.579Z - info: Website generation (lazy) complete! Total build time: 34.38s
2020-05-29T17:01:16.580Z - info: Serving "C:\repos\nus-cs2113-AY1920S2\cs2113-website\_site" at http://127.0.0.1:8080
2020-05-29T17:01:16.580Z - info: Press CTRL+C to stop ...
2020-05-29T17:01:16.644Z - info: Site data built
2020-05-29T17:01:28.683Z - info: Building C:\repos\nus-cs2113-AY1920S2\cs2113-website\se-book-adapted\index as some of its dependencies were changed since the last visit
2020-05-29T17:01:29.307Z - info: Site data built
2020-05-29T17:01:29.309Z - info: Lazy website regeneration complete! Total build time: 0.627s
2020-05-29T17:01:38.457Z - info: Building C:\repos\nus-cs2113-AY1920S2\cs2113-website\se-book-adapted\chapters\reuse as some of its dependencies were changed since the last visit
2020-05-29T17:01:38.931Z - info: Site data built
2020-05-29T17:01:38.932Z - info: Lazy website regeneration complete! Total build time: 0.474s
2020-05-29T17:30:20.189Z - info: Website generation (lazy) started at 1:30:17 AM
2020-05-29T17:30:31.234Z - info: Building assets...
2020-05-29T17:30:39.145Z - info: Assets built
2020-05-29T17:30:39.146Z - info: Generating landing page...
2020-05-29T17:30:40.455Z - info: Landing page built, other pages will be built as you navigate to them!
2020-05-29T17:30:40.562Z - info: Website generation (lazy) complete! Total build time: 23.242s
2020-05-29T17:30:41.446Z - info: Serving "C:\repos\nus-cs2113-AY1920S2\cs2113-website\_site" at http://127.0.0.1:8080
2020-05-29T17:30:41.446Z - info: Press CTRL+C to stop ...
2020-05-29T17:30:41.510Z - info: Site data built
2020-05-29T17:30:53.224Z - info: Building C:\repos\nus-cs2113-AY1920S2\cs2113-website\se-book-adapted\index as some of its dependencies were changed since the last visit
2020-05-29T17:30:54.178Z - info: Site data built
2020-05-29T17:30:54.273Z - info: Lazy website regeneration complete! Total build time: 1.049s
2020-05-29T17:31:41.364Z - info: Building C:\repos\nus-cs2113-AY1920S2\cs2113-website\se-book-adapted\chapters\architecture as some of its dependencies were changed since the last visit
2020-05-29T17:31:41.625Z - error:  Template render error: (C:\repos\nus-cs2113-AY1920S2\cs2113-website\book\architecture\introduction\what\text.md)
  Error: template not found: {{baseUrl}}/../scripts/macros.njk
    at Object._prettifyError (C:\Users\damithch\AppData\Roaming\npm\node_modules\markbind-cli\node_modules\nunjucks\src\lib.js:36:11)
    at C:\Users\damithch\AppData\Roaming\npm\node_modules\markbind-cli\node_modules\nunjucks\src\environment.js:561:19
    at eval (eval at _compile (C:\Users\damithch\AppData\Roaming\npm\node_modules\markbind-cli\node_modules\nunjucks\src\environment.js:631:18), <anonymous>:11:11)
    at createTemplate (C:\Users\damithch\AppData\Roaming\npm\node_modules\markbind-cli\node_modules\nunjucks\src\environment.js:293:11)
    at next (C:\Users\damithch\AppData\Roaming\npm\node_modules\markbind-cli\node_modules\nunjucks\src\lib.js:282:7)
    at handle (C:\Users\damithch\AppData\Roaming\npm\node_modules\markbind-cli\node_modules\nunjucks\src\environment.js:327:11)
    at C:\Users\damithch\AppData\Roaming\npm\node_modules\markbind-cli\node_modules\nunjucks\src\environment.js:337:9
    at next (C:\Users\damithch\AppData\Roaming\npm\node_modules\markbind-cli\node_modules\nunjucks\src\lib.js:280:7)
    at Object.asyncIter (C:\Users\damithch\AppData\Roaming\npm\node_modules\markbind-cli\node_modules\nunjucks\src\lib.js:286:3)
    at Environment.getTemplate (C:\Users\damithch\AppData\Roaming\npm\node_modules\markbind-cli\node_modules\nunjucks\src\environment.js:319:9)
    at Template.root [as rootRenderFunc] (eval at _compile (C:\Users\damithch\AppData\Roaming\npm\node_modules\markbind-cli\node_modules\nunjucks\src\environment.js:631:18), <anonymous>:10:5)
    at Template.render (C:\Users\damithch\AppData\Roaming\npm\node_modules\markbind-cli\node_modules\nunjucks\src\environment.js:550:10)
    at Environment.renderString (C:\Users\damithch\AppData\Roaming\npm\node_modules\markbind-cli\node_modules\nunjucks\src\environment.js:378:17)
    at Object.renderRaw (C:\Users\damithch\AppData\Roaming\npm\node_modules\markbind-cli\src\lib\markbind\src\utils\nunjuckUtils.js:18:38)
    at Parser._renderIncludeFile (C:\Users\damithch\AppData\Roaming\npm\node_modules\markbind-cli\src\lib\markbind\src\parser.js:169:28)
    at _preprocessInclude (C:\Users\damithch\AppData\Roaming\npm\node_modules\markbind-cli\src\lib\markbind\src\preprocessors\componentPreprocessor.js:256:14)
2020-05-29T17:31:41.937Z - info: Site data built
2020-05-29T17:31:41.937Z - info: Lazy website regeneration complete! Total build time: 0.574s
2020-05-29T17:32:08.491Z - info: [1:32:08 AM] Reload for file change: C:\repos\nus-cs2113-AY1920S2\cs2113-website\book\architecture\introduction\what\text.md
2020-05-29T17:32:09.495Z - info: Rebuilding affected source files
2020-05-29T17:32:09.506Z - info: Rebuilding 1 pages
2020-05-29T17:32:09.611Z - error:  Template render error: (C:\repos\nus-cs2113-AY1920S2\cs2113-website\book\architecture\introduction\what\text.md)
  Error: template not found: scripts/macros.njk
    at Object._prettifyError (C:\Users\damithch\AppData\Roaming\npm\node_modules\markbind-cli\node_modules\nunjucks\src\lib.js:36:11)
    at C:\Users\damithch\AppData\Roaming\npm\node_modules\markbind-cli\node_modules\nunjucks\src\environment.js:561:19
    at eval (eval at _compile (C:\Users\damithch\AppData\Roaming\npm\node_modules\markbind-cli\node_modules\nunjucks\src\environment.js:631:18), <anonymous>:11:11)
    at createTemplate (C:\Users\damithch\AppData\Roaming\npm\node_modules\markbind-cli\node_modules\nunjucks\src\environment.js:293:11)
    at next (C:\Users\damithch\AppData\Roaming\npm\node_modules\markbind-cli\node_modules\nunjucks\src\lib.js:282:7)
    at handle (C:\Users\damithch\AppData\Roaming\npm\node_modules\markbind-cli\node_modules\nunjucks\src\environment.js:327:11)
    at C:\Users\damithch\AppData\Roaming\npm\node_modules\markbind-cli\node_modules\nunjucks\src\environment.js:337:9
    at next (C:\Users\damithch\AppData\Roaming\npm\node_modules\markbind-cli\node_modules\nunjucks\src\lib.js:280:7)
    at Object.asyncIter (C:\Users\damithch\AppData\Roaming\npm\node_modules\markbind-cli\node_modules\nunjucks\src\lib.js:286:3)
    at Environment.getTemplate (C:\Users\damithch\AppData\Roaming\npm\node_modules\markbind-cli\node_modules\nunjucks\src\environment.js:319:9)
    at Template.root [as rootRenderFunc] (eval at _compile (C:\Users\damithch\AppData\Roaming\npm\node_modules\markbind-cli\node_modules\nunjucks\src\environment.js:631:18), <anonymous>:10:5)
    at Template.render (C:\Users\damithch\AppData\Roaming\npm\node_modules\markbind-cli\node_modules\nunjucks\src\environment.js:550:10)
    at Environment.renderString (C:\Users\damithch\AppData\Roaming\npm\node_modules\markbind-cli\node_modules\nunjucks\src\environment.js:378:17)
    at Object.renderRaw (C:\Users\damithch\AppData\Roaming\npm\node_modules\markbind-cli\src\lib\markbind\src\utils\nunjuckUtils.js:18:38)
    at Parser._renderIncludeFile (C:\Users\damithch\AppData\Roaming\npm\node_modules\markbind-cli\src\lib\markbind\src\parser.js:169:28)
    at _preprocessInclude (C:\Users\damithch\AppData\Roaming\npm\node_modules\markbind-cli\src\lib\markbind\src\preprocessors\componentPreprocessor.js:256:14)
2020-05-29T17:32:09.895Z - info: Pages rebuilt
2020-05-29T17:32:09.895Z - info: Website regeneration complete! Total build time: 0.399s
2020-05-29T17:32:09.902Z - info: Site data built
2020-05-29T17:34:54.991Z - info: [1:34:54 AM] Reload for file change: C:\repos\nus-cs2113-AY1920S2\cs2113-website\_markbind\variables.md
2020-05-29T17:34:55.005Z - info: [1:34:55 AM] Reload for file change: C:\repos\nus-cs2113-AY1920S2\cs2113-website\book\architecture\introduction\what\text.md
2020-05-29T17:34:55.992Z - info: Rebuilding affected source files
2020-05-29T17:34:56.189Z - warn: Rebuilding all pages as variables file was changed, or the --force-reload flag was set
2020-05-29T17:34:56.208Z - info: Rebuilding 1 pages
2020-05-29T17:34:56.234Z - error:  Template render error: (C:\repos\nus-cs2113-AY1920S2\cs2113-website\book\architecture\introduction\what\text.md)
  Error: template not found: undefinedscripts/macros.njk
    at Object._prettifyError (C:\Users\damithch\AppData\Roaming\npm\node_modules\markbind-cli\node_modules\nunjucks\src\lib.js:36:11)
    at C:\Users\damithch\AppData\Roaming\npm\node_modules\markbind-cli\node_modules\nunjucks\src\environment.js:561:19
    at eval (eval at _compile (C:\Users\damithch\AppData\Roaming\npm\node_modules\markbind-cli\node_modules\nunjucks\src\environment.js:631:18), <anonymous>:11:11)
    at createTemplate (C:\Users\damithch\AppData\Roaming\npm\node_modules\markbind-cli\node_modules\nunjucks\src\environment.js:293:11)
    at next (C:\Users\damithch\AppData\Roaming\npm\node_modules\markbind-cli\node_modules\nunjucks\src\lib.js:282:7)
    at handle (C:\Users\damithch\AppData\Roaming\npm\node_modules\markbind-cli\node_modules\nunjucks\src\environment.js:327:11)
    at C:\Users\damithch\AppData\Roaming\npm\node_modules\markbind-cli\node_modules\nunjucks\src\environment.js:337:9
    at next (C:\Users\damithch\AppData\Roaming\npm\node_modules\markbind-cli\node_modules\nunjucks\src\lib.js:280:7)
    at Object.asyncIter (C:\Users\damithch\AppData\Roaming\npm\node_modules\markbind-cli\node_modules\nunjucks\src\lib.js:286:3)
    at Environment.getTemplate (C:\Users\damithch\AppData\Roaming\npm\node_modules\markbind-cli\node_modules\nunjucks\src\environment.js:319:9)
    at Template.root [as rootRenderFunc] (eval at _compile (C:\Users\damithch\AppData\Roaming\npm\node_modules\markbind-cli\node_modules\nunjucks\src\environment.js:631:18), <anonymous>:10:5)
    at Template.render (C:\Users\damithch\AppData\Roaming\npm\node_modules\markbind-cli\node_modules\nunjucks\src\environment.js:550:10)
    at Environment.renderString (C:\Users\damithch\AppData\Roaming\npm\node_modules\markbind-cli\node_modules\nunjucks\src\environment.js:378:17)
    at Object.renderRaw (C:\Users\damithch\AppData\Roaming\npm\node_modules\markbind-cli\src\lib\markbind\src\utils\nunjuckUtils.js:18:38)
    at Parser._renderIncludeFile (C:\Users\damithch\AppData\Roaming\npm\node_modules\markbind-cli\src\lib\markbind\src\parser.js:169:28)
    at _preprocessInclude (C:\Users\damithch\AppData\Roaming\npm\node_modules\markbind-cli\src\lib\markbind\src\preprocessors\componentPreprocessor.js:256:14)
2020-05-29T17:34:56.441Z - info: Pages rebuilt
2020-05-29T17:34:56.441Z - info: Website regeneration complete! Total build time: 0.449s
2020-05-29T17:34:56.447Z - info: Site data built
2020-05-29T17:35:36.937Z - info: Website generation (lazy) started at 1:35:33 AM
2020-05-29T17:35:58.937Z - info: Building assets...
2020-05-29T17:36:10.542Z - info: Assets built
2020-05-29T17:36:10.543Z - info: Generating landing page...
2020-05-29T17:36:11.588Z - info: Landing page built, other pages will be built as you navigate to them!
2020-05-29T17:36:11.707Z - info: Website generation (lazy) complete! Total build time: 38.425s
2020-05-29T17:36:12.898Z - info: Serving "C:\repos\nus-cs2113-AY1920S2\cs2113-website\_site" at http://127.0.0.1:8080
2020-05-29T17:36:12.899Z - info: Press CTRL+C to stop ...
2020-05-29T17:36:12.975Z - info: Site data built
2020-05-29T17:36:20.333Z - info: Building C:\repos\nus-cs2113-AY1920S2\cs2113-website\se-book-adapted\chapters\architecture as some of its dependencies were changed since the last visit
2020-05-29T17:36:21.518Z - error:  Template render error: (C:\repos\nus-cs2113-AY1920S2\cs2113-website\book\architecture\introduction\what\text.md)
  Error: template not found: undefinedscripts/macros.njk
    at Object._prettifyError (C:\Users\damithch\AppData\Roaming\npm\node_modules\markbind-cli\node_modules\nunjucks\src\lib.js:36:11)
    at C:\Users\damithch\AppData\Roaming\npm\node_modules\markbind-cli\node_modules\nunjucks\src\environment.js:561:19
    at eval (eval at _compile (C:\Users\damithch\AppData\Roaming\npm\node_modules\markbind-cli\node_modules\nunjucks\src\environment.js:631:18), <anonymous>:11:11)
    at createTemplate (C:\Users\damithch\AppData\Roaming\npm\node_modules\markbind-cli\node_modules\nunjucks\src\environment.js:293:11)
    at next (C:\Users\damithch\AppData\Roaming\npm\node_modules\markbind-cli\node_modules\nunjucks\src\lib.js:282:7)
    at handle (C:\Users\damithch\AppData\Roaming\npm\node_modules\markbind-cli\node_modules\nunjucks\src\environment.js:327:11)
    at C:\Users\damithch\AppData\Roaming\npm\node_modules\markbind-cli\node_modules\nunjucks\src\environment.js:337:9
    at next (C:\Users\damithch\AppData\Roaming\npm\node_modules\markbind-cli\node_modules\nunjucks\src\lib.js:280:7)
    at Object.asyncIter (C:\Users\damithch\AppData\Roaming\npm\node_modules\markbind-cli\node_modules\nunjucks\src\lib.js:286:3)
    at Environment.getTemplate (C:\Users\damithch\AppData\Roaming\npm\node_modules\markbind-cli\node_modules\nunjucks\src\environment.js:319:9)
    at Template.root [as rootRenderFunc] (eval at _compile (C:\Users\damithch\AppData\Roaming\npm\node_modules\markbind-cli\node_modules\nunjucks\src\environment.js:631:18), <anonymous>:10:5)
    at Template.render (C:\Users\damithch\AppData\Roaming\npm\node_modules\markbind-cli\node_modules\nunjucks\src\environment.js:550:10)
    at Environment.renderString (C:\Users\damithch\AppData\Roaming\npm\node_modules\markbind-cli\node_modules\nunjucks\src\environment.js:378:17)
    at Object.renderRaw (C:\Users\damithch\AppData\Roaming\npm\node_modules\markbind-cli\src\lib\markbind\src\utils\nunjuckUtils.js:18:38)
    at Parser._renderIncludeFile (C:\Users\damithch\AppData\Roaming\npm\node_modules\markbind-cli\src\lib\markbind\src\parser.js:169:28)
    at _preprocessInclude (C:\Users\damithch\AppData\Roaming\npm\node_modules\markbind-cli\src\lib\markbind\src\preprocessors\componentPreprocessor.js:256:14)
2020-05-29T17:36:22.669Z - info: Site data built
2020-05-29T17:36:23.122Z - info: Lazy website regeneration complete! Total build time: 2.79s
2020-05-29T17:38:01.891Z - info: [1:38:01 AM] Reload for file change: C:\repos\nus-cs2113-AY1920S2\cs2113-website\book\architecture\introduction\what\text.md
2020-05-29T17:38:02.894Z - info: Rebuilding affected source files
2020-05-29T17:38:02.896Z - info: Rebuilding 0 pages
2020-05-29T17:38:02.950Z - info: Pages rebuilt
2020-05-29T17:38:02.952Z - info: Website regeneration complete! Total build time: 0.055s
2020-05-29T17:38:02.960Z - info: Site data built
2020-05-29T17:38:04.099Z - info: Building C:\repos\nus-cs2113-AY1920S2\cs2113-website\se-book-adapted\chapters\architecture as some of its dependencies were changed since the last visit
2020-05-29T17:38:05.146Z - info: Site data built
2020-05-29T17:38:05.147Z - info: Lazy website regeneration complete! Total build time: 1.049s
2020-05-29T17:39:29.322Z - info: [1:39:29 AM] Reload for file change: C:\repos\nus-cs2113-AY1920S2\cs2113-website\_markbind\variables.md
2020-05-29T17:39:29.341Z - info: [1:39:29 AM] Reload for file change: C:\repos\nus-cs2113-AY1920S2\cs2113-website\book\architecture\introduction\what\text.md
2020-05-29T17:39:30.326Z - info: Rebuilding affected source files
2020-05-29T17:39:30.444Z - warn: Rebuilding all pages as variables file was changed, or the --force-reload flag was set
2020-05-29T17:39:30.477Z - info: Rebuilding 1 pages
2020-05-29T17:39:31.142Z - info: Pages rebuilt
2020-05-29T17:39:31.142Z - info: Website regeneration complete! Total build time: 0.815s
2020-05-29T17:39:31.148Z - info: Site data built
2020-05-29T17:39:32.156Z - info: Building C:\repos\nus-cs2113-AY1920S2\cs2113-website\se-book-adapted\chapters\architecture as some of its dependencies were changed since the last visit
2020-05-29T17:39:32.242Z - error:  Template render error: (C:\repos\nus-cs2113-AY1920S2\cs2113-website\book\architecture\introduction\what\text.md)
  Error: template not found: undefinedscripts/macros.njk
    at Object._prettifyError (C:\Users\damithch\AppData\Roaming\npm\node_modules\markbind-cli\node_modules\nunjucks\src\lib.js:36:11)
    at C:\Users\damithch\AppData\Roaming\npm\node_modules\markbind-cli\node_modules\nunjucks\src\environment.js:561:19
    at eval (eval at _compile (C:\Users\damithch\AppData\Roaming\npm\node_modules\markbind-cli\node_modules\nunjucks\src\environment.js:631:18), <anonymous>:11:11)
    at createTemplate (C:\Users\damithch\AppData\Roaming\npm\node_modules\markbind-cli\node_modules\nunjucks\src\environment.js:293:11)
    at next (C:\Users\damithch\AppData\Roaming\npm\node_modules\markbind-cli\node_modules\nunjucks\src\lib.js:282:7)
    at handle (C:\Users\damithch\AppData\Roaming\npm\node_modules\markbind-cli\node_modules\nunjucks\src\environment.js:327:11)
    at C:\Users\damithch\AppData\Roaming\npm\node_modules\markbind-cli\node_modules\nunjucks\src\environment.js:337:9
    at next (C:\Users\damithch\AppData\Roaming\npm\node_modules\markbind-cli\node_modules\nunjucks\src\lib.js:280:7)
    at Object.asyncIter (C:\Users\damithch\AppData\Roaming\npm\node_modules\markbind-cli\node_modules\nunjucks\src\lib.js:286:3)
    at Environment.getTemplate (C:\Users\damithch\AppData\Roaming\npm\node_modules\markbind-cli\node_modules\nunjucks\src\environment.js:319:9)
    at Template.root [as rootRenderFunc] (eval at _compile (C:\Users\damithch\AppData\Roaming\npm\node_modules\markbind-cli\node_modules\nunjucks\src\environment.js:631:18), <anonymous>:10:5)
    at Template.render (C:\Users\damithch\AppData\Roaming\npm\node_modules\markbind-cli\node_modules\nunjucks\src\environment.js:550:10)
    at Environment.renderString (C:\Users\damithch\AppData\Roaming\npm\node_modules\markbind-cli\node_modules\nunjucks\src\environment.js:378:17)
    at Object.renderRaw (C:\Users\damithch\AppData\Roaming\npm\node_modules\markbind-cli\src\lib\markbind\src\utils\nunjuckUtils.js:18:38)
    at Parser._renderIncludeFile (C:\Users\damithch\AppData\Roaming\npm\node_modules\markbind-cli\src\lib\markbind\src\parser.js:169:28)
    at _preprocessInclude (C:\Users\damithch\AppData\Roaming\npm\node_modules\markbind-cli\src\lib\markbind\src\preprocessors\componentPreprocessor.js:256:14)
2020-05-29T17:39:32.445Z - info: Site data built
2020-05-29T17:39:32.445Z - info: Lazy website regeneration complete! Total build time: 0.29s
