2020-01-15T00:32:16.192Z - info: Website generation started at 08:32:09
2020-01-15T00:32:20.237Z - info: Building assets...
2020-01-15T00:32:23.562Z - info: Assets built
2020-01-15T00:32:23.562Z - info: Generating pages...
2020-01-15T00:32:26.638Z - info: Pages built
2020-01-15T00:32:27.240Z - info: Website generation complete! Total build time: 18.212s
2020-01-15T00:32:27.665Z - info: Serving "C:\repos\nus-cs2113-AY1920S2\cs2113-website\_site" at http://127.0.0.1:8080
2020-01-15T00:32:27.665Z - info: Press CTRL+C to stop ...
2020-01-15T00:32:27.729Z - info: Site data built
2020-01-15T00:34:35.041Z - info: Website generation started at 08:34:32
2020-01-15T00:34:38.492Z - info: Building assets...
2020-01-15T00:34:41.604Z - info: Assets built
2020-01-15T00:34:41.605Z - info: Generating pages...
2020-01-15T00:36:13.157Z - debug: The process cannot access the file because it is being used by another process.

2020-01-15T00:36:13.158Z - debug: The process cannot access the file because it is being used by another process.

2020-01-15T00:36:13.159Z - debug: The process cannot access the file because it is being used by another process.

2020-01-15T00:36:13.159Z - debug: The process cannot access the file because it is being used by another process.

2020-01-15T00:36:13.160Z - debug: The process cannot access the file because it is being used by another process.

2020-01-15T00:36:13.161Z - debug: The process cannot access the file because it is being used by another process.

2020-01-15T00:36:13.161Z - debug: The process cannot access the file because it is being used by another process.

2020-01-15T00:36:13.161Z - debug: The process cannot access the file because it is being used by another process.

2020-01-15T00:36:13.161Z - debug: The process cannot access the file because it is being used by another process.

2020-01-15T00:36:13.174Z - debug: The process cannot access the file because it is being used by another process.

2020-01-15T00:36:15.295Z - debug: The process cannot access the file because it is being used by another process.

2020-01-15T00:36:32.830Z - debug:  
2020-01-15T00:36:32.833Z - debug:  
2020-01-15T00:36:32.902Z - debug:  
2020-01-15T00:36:32.903Z - debug:  
2020-01-15T00:37:37.932Z - info: Pages built
2020-01-15T00:38:02.540Z - info: Website generation complete! Total build time: 209.864s
2020-01-15T00:38:02.541Z - info: Build success!
2020-01-15T00:38:02.595Z - info: Site data built
2020-01-15T00:38:37.876Z - info: Deployed!
2020-01-15T14:08:47.577Z - info: Website generation started at 22:08:40
2020-01-15T14:08:53.633Z - info: Building assets...
2020-01-15T14:08:57.240Z - info: Assets built
2020-01-15T14:08:57.241Z - info: Generating pages...
2020-01-15T14:09:00.525Z - debug:  
2020-01-15T14:09:01.415Z - info: Pages built
2020-01-15T14:09:02.007Z - info: Website generation complete! Total build time: 21.566s
2020-01-15T14:09:02.356Z - info: Serving "C:\repos\nus-cs2113-AY1920S2\cs2113-website\_site" at http://127.0.0.1:8080
2020-01-15T14:09:02.356Z - info: Press CTRL+C to stop ...
2020-01-15T14:09:02.416Z - info: Site data built
2020-01-15T14:09:33.001Z - info: Website generation started at 22:09:30
2020-01-15T14:09:39.046Z - info: Building assets...
2020-01-15T14:09:45.263Z - info: Assets built
2020-01-15T14:09:45.263Z - info: Generating pages...
2020-01-15T14:09:48.085Z - info: Pages built
2020-01-15T14:09:48.305Z - info: Website generation complete! Total build time: 17.964s
2020-01-15T14:09:48.918Z - info: Serving "C:\repos\nus-cs2113-AY1920S2\cs2113-website\_site" at http://127.0.0.1:8080
2020-01-15T14:09:48.918Z - info: Press CTRL+C to stop ...
2020-01-15T14:09:49.014Z - info: Site data built
2020-01-15T14:10:32.520Z - info: Website generation started at 22:10:29
2020-01-15T14:10:38.630Z - info: Building assets...
