2020-01-26T02:44:36.886Z - info: Website generation started at 10:44:31
2020-01-26T02:44:41.258Z - info: Building assets...
2020-01-26T02:44:44.426Z - info: Assets built
2020-01-26T02:44:44.427Z - info: Generating pages...
2020-01-26T02:46:22.731Z - debug: The process cannot access the file because it is being used by another process.

2020-01-26T02:46:22.733Z - debug: The process cannot access the file because it is being used by another process.

2020-01-26T02:46:22.734Z - debug: The process cannot access the file because it is being used by another process.

2020-01-26T02:46:22.734Z - debug: The process cannot access the file because it is being used by another process.

2020-01-26T02:46:22.734Z - debug: The process cannot access the file because it is being used by another process.

2020-01-26T02:46:22.734Z - debug: The process cannot access the file because it is being used by another process.

2020-01-26T02:46:22.735Z - debug: The process cannot access the file because it is being used by another process.

2020-01-26T02:46:22.735Z - debug: The process cannot access the file because it is being used by another process.

2020-01-26T02:46:22.735Z - debug: The process cannot access the file because it is being used by another process.

2020-01-26T02:46:22.735Z - debug: The process cannot access the file because it is being used by another process.

2020-01-26T02:46:23.217Z - debug: The process cannot access the file because it is being used by another process.

2020-01-26T02:46:43.449Z - debug:  
2020-01-26T02:46:43.449Z - debug:  
2020-01-26T02:46:43.449Z - debug:  
2020-01-26T02:46:43.450Z - debug:  
2020-01-26T02:47:55.096Z - info: Pages built
2020-01-26T02:48:21.723Z - info: Website generation complete! Total build time: 230.718s
2020-01-26T02:48:22.019Z - info: Serving "C:\repos\nus-cs2113-AY1920S2\cs2113-website\_site" at http://127.0.0.1:8080
2020-01-26T02:48:22.019Z - info: Press CTRL+C to stop ...
2020-01-26T02:48:22.072Z - info: Site data built
2020-01-26T03:09:05.428Z - info: [11:09:05] Reload for file change: C:\repos\nus-cs2113-AY1920S2\cs2113-website\admin\ip-tasks.mbdf
2020-01-26T03:09:06.431Z - info: Rebuilding affected source files
2020-01-26T03:09:06.453Z - info: Rebuilding 22 pages
2020-01-26T03:09:43.828Z - info: Pages rebuilt
2020-01-26T03:09:43.845Z - info: Site data built
2020-01-26T03:11:29.918Z - info: [11:11:29] Reload for file change: C:\repos\nus-cs2113-AY1920S2\cs2113-website\admin\ip-tasks.mbdf
2020-01-26T03:11:30.922Z - info: Rebuilding affected source files
2020-01-26T03:11:30.930Z - info: Rebuilding 22 pages
2020-01-26T03:12:03.132Z - info: Pages rebuilt
2020-01-26T03:12:03.153Z - info: Site data built
2020-01-26T03:30:28.501Z - info: [11:30:28] Reload for file change: C:\repos\nus-cs2113-AY1920S2\cs2113-website\admin\ip-tasks.mbdf
2020-01-26T03:30:29.509Z - info: Rebuilding affected source files
2020-01-26T03:30:29.559Z - info: Rebuilding 22 pages
2020-01-26T03:31:02.218Z - info: Pages rebuilt
2020-01-26T03:31:02.232Z - info: Site data built
2020-01-26T03:32:58.171Z - info: [11:32:58] Reload for file change: C:\repos\nus-cs2113-AY1920S2\cs2113-website\admin\ip-tasks.mbdf
2020-01-26T03:32:59.173Z - info: Rebuilding affected source files
2020-01-26T03:32:59.181Z - info: Rebuilding 22 pages
2020-01-26T03:33:30.584Z - info: Pages rebuilt
2020-01-26T03:33:30.605Z - info: Site data built
2020-01-26T03:36:51.521Z - info: [11:36:51] Reload for file change: C:\repos\nus-cs2113-AY1920S2\cs2113-website\admin\tp-grading.md
2020-01-26T03:36:52.533Z - info: Rebuilding affected source files
2020-01-26T03:36:52.541Z - info: Rebuilding 10 pages
2020-01-26T03:36:59.600Z - debug: The process cannot access the file because it is being used by another process.

2020-01-26T03:37:01.943Z - debug:  
2020-01-26T03:37:11.230Z - info: Pages rebuilt
2020-01-26T03:37:11.246Z - info: Site data built
2020-01-26T03:37:29.635Z - info: [11:37:29] Reload for file change: C:\repos\nus-cs2113-AY1920S2\cs2113-website\admin\tp-grading.md
2020-01-26T03:37:30.640Z - info: Rebuilding affected source files
2020-01-26T03:37:30.644Z - info: Rebuilding 10 pages
2020-01-26T03:37:36.982Z - debug: The process cannot access the file because it is being used by another process.

2020-01-26T03:37:39.950Z - debug:  
2020-01-26T03:37:46.543Z - info: Pages rebuilt
2020-01-26T03:37:46.559Z - info: Site data built
2020-01-26T04:02:06.980Z - info: [12:02:06] Reload for file change: C:\repos\nus-cs2113-AY1920S2\cs2113-website\schedule\week4\tutorial-cs2113.mbdf
2020-01-26T04:02:07.988Z - info: Rebuilding affected source files
2020-01-26T04:02:07.988Z - info: Rebuilding 1 pages
2020-01-26T04:02:08.844Z - info: Pages rebuilt
2020-01-26T04:02:08.960Z - info: Site data built
2020-01-26T04:02:58.010Z - info: [12:02:58] Reload for file change: C:\repos\nus-cs2113-AY1920S2\cs2113-website\schedule\week4\tutorial-cs2113.mbdf
2020-01-26T04:02:59.014Z - info: Rebuilding affected source files
2020-01-26T04:02:59.018Z - info: Rebuilding 1 pages
2020-01-26T04:02:59.786Z - info: Pages rebuilt
2020-01-26T04:02:59.798Z - info: Site data built
2020-01-26T04:05:36.783Z - info: [12:05:36] Reload for file change: C:\repos\nus-cs2113-AY1920S2\cs2113-website\schedule\week4\tutorial-cs2113.mbdf
2020-01-26T04:05:37.787Z - info: Rebuilding affected source files
2020-01-26T04:05:37.787Z - info: Rebuilding 1 pages
2020-01-26T04:05:38.423Z - info: Pages rebuilt
2020-01-26T04:05:38.427Z - info: Site data built
2020-01-26T04:05:56.883Z - info: [12:05:56] Reload for file change: C:\repos\nus-cs2113-AY1920S2\cs2113-website\schedule\week4\tutorial-cs2113.mbdf
2020-01-26T04:05:57.891Z - info: Rebuilding affected source files
2020-01-26T04:05:57.891Z - info: Rebuilding 1 pages
2020-01-26T04:05:58.747Z - info: Pages rebuilt
2020-01-26T04:05:58.763Z - info: Site data built
2020-01-26T04:07:17.115Z - info: [12:07:17] Reload for file change: C:\repos\nus-cs2113-AY1920S2\cs2113-website\schedule\week4\tutorial-cs2113.mbdf
2020-01-26T04:07:18.119Z - info: Rebuilding affected source files
2020-01-26T04:07:18.123Z - info: Rebuilding 1 pages
2020-01-26T04:07:18.971Z - info: Pages rebuilt
2020-01-26T04:07:18.987Z - info: Site data built
2020-01-26T04:07:33.928Z - info: [12:07:33] Reload for file change: C:\repos\nus-cs2113-AY1920S2\cs2113-website\schedule\week4\tutorial-cs2113.mbdf
2020-01-26T04:07:34.932Z - info: Rebuilding affected source files
2020-01-26T04:07:34.936Z - info: Rebuilding 1 pages
2020-01-26T04:07:35.744Z - info: Pages rebuilt
2020-01-26T04:07:35.760Z - info: Site data built
2020-01-26T04:08:04.950Z - info: [12:08:04] Reload for file change: C:\repos\nus-cs2113-AY1920S2\cs2113-website\schedule\week4\tutorial-cs2113.mbdf
2020-01-26T04:08:05.954Z - info: Rebuilding affected source files
2020-01-26T04:08:05.954Z - info: Rebuilding 1 pages
2020-01-26T04:08:06.638Z - info: Pages rebuilt
2020-01-26T04:08:06.742Z - info: Site data built
2020-01-26T04:08:42.251Z - info: [12:08:42] Reload for file change: C:\repos\nus-cs2113-AY1920S2\cs2113-website\schedule\week4\tutorial-cs2113.mbdf
2020-01-26T04:08:43.259Z - info: Rebuilding affected source files
2020-01-26T04:08:43.263Z - info: Rebuilding 1 pages
2020-01-26T04:08:43.939Z - info: Pages rebuilt
2020-01-26T04:08:43.959Z - info: Site data built
2020-01-26T04:08:59.146Z - info: [12:08:59] Reload for file change: C:\repos\nus-cs2113-AY1920S2\cs2113-website\schedule\week4\tutorial-cs2113.mbdf
2020-01-26T04:09:00.155Z - info: Rebuilding affected source files
2020-01-26T04:09:00.155Z - info: Rebuilding 1 pages
2020-01-26T04:09:00.703Z - info: Pages rebuilt
2020-01-26T04:09:00.715Z - info: Site data built
2020-01-26T04:09:50.434Z - info: [12:09:50] Reload for file change: C:\repos\nus-cs2113-AY1920S2\cs2113-website\schedule\week4\tutorial-cs2113.mbdf
2020-01-26T04:09:51.446Z - info: Rebuilding affected source files
2020-01-26T04:09:51.450Z - info: Rebuilding 1 pages
2020-01-26T04:09:52.234Z - info: Pages rebuilt
2020-01-26T04:09:52.250Z - info: Site data built
2020-01-26T04:10:00.149Z - info: [12:10:00] Reload for file change: C:\repos\nus-cs2113-AY1920S2\cs2113-website\schedule\week4\tutorial-cs2113.mbdf
2020-01-26T04:10:01.153Z - info: Rebuilding affected source files
2020-01-26T04:10:01.153Z - info: Rebuilding 1 pages
2020-01-26T04:10:01.789Z - info: Pages rebuilt
2020-01-26T04:10:01.797Z - info: Site data built
2020-01-26T04:10:31.563Z - info: [12:10:31] Reload for file change: C:\repos\nus-cs2113-AY1920S2\cs2113-website\schedule\week4\tutorial-cs2113.mbdf
2020-01-26T04:10:32.572Z - info: Rebuilding affected source files
2020-01-26T04:10:32.580Z - info: Rebuilding 1 pages
2020-01-26T04:10:33.372Z - info: Pages rebuilt
2020-01-26T04:10:33.376Z - info: Site data built
2020-01-26T04:10:44.074Z - info: [12:10:44] Reload for file change: C:\repos\nus-cs2113-AY1920S2\cs2113-website\schedule\week4\tutorial-cs2113.mbdf
2020-01-26T04:10:45.082Z - info: Rebuilding affected source files
2020-01-26T04:10:45.082Z - info: Rebuilding 1 pages
2020-01-26T04:10:45.702Z - info: Pages rebuilt
2020-01-26T04:10:45.710Z - info: Site data built
2020-01-26T04:10:59.349Z - info: [12:10:59] Reload for file change: C:\repos\nus-cs2113-AY1920S2\cs2113-website\schedule\week4\tutorial-cs2113.mbdf
2020-01-26T04:11:00.357Z - info: Rebuilding affected source files
2020-01-26T04:11:00.357Z - info: Rebuilding 1 pages
2020-01-26T04:11:00.925Z - info: Pages rebuilt
2020-01-26T04:11:00.937Z - info: Site data built
2020-01-26T04:15:30.550Z - info: [12:15:30] Reload for file change: C:\repos\nus-cs2113-AY1920S2\cs2113-website\schedule\week4\tutorial-cs2113.mbdf
2020-01-26T04:15:31.554Z - info: Rebuilding affected source files
2020-01-26T04:15:31.554Z - info: Rebuilding 1 pages
2020-01-26T04:15:32.412Z - info: Pages rebuilt
2020-01-26T04:15:32.432Z - info: Site data built
2020-01-26T04:15:39.862Z - info: [12:15:39] Reload for file change: C:\repos\nus-cs2113-AY1920S2\cs2113-website\schedule\week4\tutorial-cs2113.mbdf
2020-01-26T04:15:40.865Z - info: Rebuilding affected source files
2020-01-26T04:15:40.865Z - info: Rebuilding 1 pages
2020-01-26T04:15:41.457Z - info: Pages rebuilt
2020-01-26T04:15:41.477Z - info: Site data built
2020-01-26T04:18:02.873Z - info: [12:18:02] Reload for file change: C:\repos\nus-cs2113-AY1920S2\cs2113-website\schedule\week4\tutorial-cs2113.mbdf
2020-01-26T04:18:03.879Z - info: Rebuilding affected source files
2020-01-26T04:18:03.879Z - info: Rebuilding 1 pages
2020-01-26T04:18:04.581Z - info: Pages rebuilt
2020-01-26T04:18:04.597Z - info: Site data built
2020-01-26T04:18:10.966Z - info: [12:18:10] Reload for file change: C:\repos\nus-cs2113-AY1920S2\cs2113-website\schedule\week4\tutorial-cs2113.mbdf
2020-01-26T04:18:11.974Z - info: Rebuilding affected source files
2020-01-26T04:18:11.974Z - info: Rebuilding 1 pages
2020-01-26T04:18:12.666Z - info: Pages rebuilt
2020-01-26T04:18:12.670Z - info: Site data built
2020-01-26T04:23:29.887Z - info: [12:23:29] Reload for file change: C:\repos\nus-cs2113-AY1920S2\cs2113-website\schedule\week4\tutorial-cs2113.mbdf
2020-01-26T04:23:30.895Z - info: Rebuilding affected source files
2020-01-26T04:23:30.895Z - info: Rebuilding 1 pages
2020-01-26T04:23:31.663Z - info: Pages rebuilt
2020-01-26T04:23:31.667Z - info: Site data built
2020-01-26T04:27:29.304Z - info: [12:27:29] Reload for file change: C:\repos\nus-cs2113-AY1920S2\cs2113-website\schedule\week4\tutorial-cs2113.mbdf
2020-01-26T04:27:30.312Z - info: Rebuilding affected source files
2020-01-26T04:27:30.312Z - info: Rebuilding 1 pages
2020-01-26T04:27:31.276Z - info: Pages rebuilt
2020-01-26T04:27:31.284Z - info: Site data built
2020-01-26T04:28:11.754Z - info: [12:28:11] Reload for file change: C:\repos\nus-cs2113-AY1920S2\cs2113-website\schedule\week4\tutorial-cs2113.mbdf
2020-01-26T04:28:12.760Z - info: Rebuilding affected source files
2020-01-26T04:28:12.760Z - info: Rebuilding 1 pages
2020-01-26T04:28:13.592Z - info: Pages rebuilt
2020-01-26T04:28:13.758Z - info: Site data built
2020-01-26T04:28:22.695Z - info: [12:28:22] Reload for file change: C:\repos\nus-cs2113-AY1920S2\cs2113-website\schedule\week4\tutorial-cs2113.mbdf
2020-01-26T04:28:23.699Z - info: Rebuilding affected source files
2020-01-26T04:28:23.699Z - info: Rebuilding 1 pages
2020-01-26T04:28:24.548Z - info: Pages rebuilt
2020-01-26T04:28:24.564Z - info: Site data built
2020-01-26T04:28:48.411Z - info: [12:28:48] Reload for file change: C:\repos\nus-cs2113-AY1920S2\cs2113-website\schedule\week4\tutorial-cs2113.mbdf
2020-01-26T04:28:49.413Z - info: Rebuilding affected source files
2020-01-26T04:28:49.417Z - info: Rebuilding 1 pages
2020-01-26T04:28:50.308Z - info: Pages rebuilt
2020-01-26T04:28:50.328Z - info: Site data built
2020-01-26T04:30:03.256Z - info: [12:30:03] Reload for file change: C:\repos\nus-cs2113-AY1920S2\cs2113-website\schedule\week4\tutorial-cs2113.mbdf
2020-01-26T04:30:04.260Z - info: Rebuilding affected source files
2020-01-26T04:30:04.264Z - info: Rebuilding 1 pages
2020-01-26T04:30:05.198Z - info: Pages rebuilt
2020-01-26T04:30:05.206Z - info: Site data built
2020-01-26T04:30:39.316Z - info: [12:30:39] Reload for file change: C:\repos\nus-cs2113-AY1920S2\cs2113-website\schedule\week4\tutorial-cs2113.mbdf
2020-01-26T04:30:40.318Z - info: Rebuilding affected source files
2020-01-26T04:30:40.322Z - info: Rebuilding 1 pages
2020-01-26T04:30:41.090Z - info: Pages rebuilt
2020-01-26T04:30:41.110Z - info: Site data built
2020-01-26T04:30:58.846Z - info: [12:30:58] Reload for file change: C:\repos\nus-cs2113-AY1920S2\cs2113-website\schedule\week4\tutorial-cs2113.mbdf
2020-01-26T04:30:59.850Z - info: Rebuilding affected source files
2020-01-26T04:30:59.855Z - info: Rebuilding 1 pages
2020-01-26T04:31:00.574Z - info: Pages rebuilt
2020-01-26T04:31:00.586Z - info: Site data built
2020-01-26T04:33:20.589Z - info: [12:33:20] Reload for file change: C:\repos\nus-cs2113-AY1920S2\cs2113-website\schedule\week4\tutorial-cs2113.mbdf
2020-01-26T04:33:21.593Z - info: Rebuilding affected source files
2020-01-26T04:33:21.597Z - info: Rebuilding 1 pages
2020-01-26T04:33:22.465Z - info: Pages rebuilt
2020-01-26T04:33:22.473Z - info: Site data built
2020-01-26T04:33:52.789Z - info: [12:33:52] Reload for file change: C:\repos\nus-cs2113-AY1920S2\cs2113-website\schedule\week4\tutorial-cs2113.mbdf
2020-01-26T04:33:53.793Z - info: Rebuilding affected source files
2020-01-26T04:33:53.797Z - info: Rebuilding 1 pages
2020-01-26T04:33:54.593Z - info: Pages rebuilt
2020-01-26T04:33:54.609Z - info: Site data built
2020-01-26T04:34:06.859Z - info: [12:34:06] Reload for file change: C:\repos\nus-cs2113-AY1920S2\cs2113-website\schedule\week4\tutorial-cs2113.mbdf
2020-01-26T04:34:07.863Z - info: Rebuilding affected source files
2020-01-26T04:34:07.863Z - info: Rebuilding 1 pages
2020-01-26T04:34:08.475Z - info: Pages rebuilt
2020-01-26T04:34:08.487Z - info: Site data built
2020-01-26T04:34:30.565Z - info: [12:34:30] Reload for file change: C:\repos\nus-cs2113-AY1920S2\cs2113-website\schedule\week4\tutorial-cs2113.mbdf
2020-01-26T04:34:31.566Z - info: Rebuilding affected source files
2020-01-26T04:34:31.570Z - info: Rebuilding 1 pages
2020-01-26T04:34:32.139Z - info: Pages rebuilt
2020-01-26T04:34:32.155Z - info: Site data built
2020-01-26T04:35:09.300Z - info: [12:35:09] Reload for file change: C:\repos\nus-cs2113-AY1920S2\cs2113-website\schedule\week4\tutorial-cs2113.mbdf
2020-01-26T04:35:10.310Z - info: Rebuilding affected source files
2020-01-26T04:35:10.310Z - info: Rebuilding 1 pages
2020-01-26T04:35:10.978Z - info: Pages rebuilt
2020-01-26T04:35:10.994Z - info: Site data built
2020-01-26T04:35:22.793Z - info: [12:35:22] Reload for file change: C:\repos\nus-cs2113-AY1920S2\cs2113-website\schedule\week4\tutorial-cs2113.mbdf
2020-01-26T04:35:23.801Z - info: Rebuilding affected source files
2020-01-26T04:35:23.805Z - info: Rebuilding 1 pages
2020-01-26T04:35:24.477Z - info: Pages rebuilt
2020-01-26T04:35:24.493Z - info: Site data built
2020-01-26T04:36:05.717Z - info: [12:36:05] Reload for file change: C:\repos\nus-cs2113-AY1920S2\cs2113-website\schedule\week4\tutorial-cs2113.mbdf
2020-01-26T04:36:06.726Z - info: Rebuilding affected source files
2020-01-26T04:36:06.726Z - info: Rebuilding 1 pages
2020-01-26T04:36:07.558Z - info: Pages rebuilt
2020-01-26T04:36:07.582Z - info: Site data built
2020-01-26T04:37:29.545Z - info: [12:37:29] Reload for file change: C:\repos\nus-cs2113-AY1920S2\cs2113-website\schedule\week4\tutorial-cs2113.mbdf
2020-01-26T04:37:30.548Z - info: Rebuilding affected source files
2020-01-26T04:37:30.548Z - info: Rebuilding 1 pages
2020-01-26T04:37:31.257Z - info: Pages rebuilt
2020-01-26T04:37:31.269Z - info: Site data built
2020-01-26T04:38:30.821Z - info: [12:38:30] Reload for file change: C:\repos\nus-cs2113-AY1920S2\cs2113-website\schedule\week4\tutorial-cs2113.mbdf
2020-01-26T04:38:31.829Z - info: Rebuilding affected source files
2020-01-26T04:38:31.829Z - info: Rebuilding 1 pages
2020-01-26T04:38:32.537Z - info: Pages rebuilt
2020-01-26T04:38:32.689Z - info: Site data built
2020-01-26T04:42:37.119Z - info: [12:42:37] Reload for file change: C:\repos\nus-cs2113-AY1920S2\cs2113-website\schedule\week4\tutorial-cs2113.mbdf
2020-01-26T04:42:38.123Z - info: Rebuilding affected source files
2020-01-26T04:42:38.123Z - info: Rebuilding 1 pages
2020-01-26T04:42:39.027Z - info: Pages rebuilt
2020-01-26T04:42:39.035Z - info: Site data built
2020-01-26T04:44:35.254Z - info: [12:44:35] Reload for file change: C:\repos\nus-cs2113-AY1920S2\cs2113-website\schedule\week4\tutorial-cs2113.mbdf
2020-01-26T04:44:36.262Z - info: Rebuilding affected source files
2020-01-26T04:44:36.266Z - info: Rebuilding 1 pages
2020-01-26T04:44:36.986Z - info: Pages rebuilt
2020-01-26T04:44:37.010Z - info: Site data built
2020-01-26T04:45:22.639Z - info: [12:45:22] Reload for file change: C:\repos\nus-cs2113-AY1920S2\cs2113-website\schedule\week4\tutorial-cs2113.mbdf
2020-01-26T04:45:23.659Z - info: Rebuilding affected source files
2020-01-26T04:45:23.659Z - info: Rebuilding 1 pages
2020-01-26T04:45:24.432Z - info: Pages rebuilt
2020-01-26T04:45:24.452Z - info: Site data built
2020-01-26T04:53:11.051Z - info: [12:53:11] Reload for file change: C:\repos\nus-cs2113-AY1920S2\cs2113-website\schedule\week4\tutorial-cs2113.mbdf
2020-01-26T04:53:12.057Z - info: Rebuilding affected source files
2020-01-26T04:53:12.057Z - info: Rebuilding 1 pages
2020-01-26T04:53:12.701Z - info: Pages rebuilt
2020-01-26T04:53:12.709Z - info: Site data built
2020-01-26T04:53:31.270Z - info: [12:53:31] Reload for file change: C:\repos\nus-cs2113-AY1920S2\cs2113-website\schedule\week4\tutorial-cs2113.mbdf
2020-01-26T04:53:32.281Z - info: Rebuilding affected source files
2020-01-26T04:53:32.281Z - info: Rebuilding 1 pages
2020-01-26T04:53:32.997Z - info: Pages rebuilt
2020-01-26T04:53:33.017Z - info: Site data built
2020-01-26T04:53:44.013Z - info: [12:53:44] Reload for file change: C:\repos\nus-cs2113-AY1920S2\cs2113-website\schedule\week4\tutorial-cs2113.mbdf
2020-01-26T04:53:45.021Z - info: Rebuilding affected source files
2020-01-26T04:53:45.021Z - info: Rebuilding 1 pages
2020-01-26T04:53:45.720Z - info: Pages rebuilt
2020-01-26T04:53:45.732Z - info: Site data built
2020-01-26T04:53:54.600Z - info: [12:53:54] Reload for file change: C:\repos\nus-cs2113-AY1920S2\cs2113-website\schedule\week4\tutorial-cs2113.mbdf
2020-01-26T04:53:55.605Z - info: Rebuilding affected source files
2020-01-26T04:53:55.605Z - info: Rebuilding 1 pages
2020-01-26T04:53:56.393Z - info: Pages rebuilt
2020-01-26T04:53:56.409Z - info: Site data built
2020-01-26T04:54:54.168Z - info: [12:54:54] Reload for file change: C:\repos\nus-cs2113-AY1920S2\cs2113-website\schedule\week4\tutorial-cs2113.mbdf
2020-01-26T04:54:55.172Z - info: Rebuilding affected source files
2020-01-26T04:54:55.172Z - info: Rebuilding 1 pages
2020-01-26T04:54:55.736Z - info: Pages rebuilt
2020-01-26T04:54:55.868Z - info: Site data built
2020-01-26T04:55:31.372Z - info: [12:55:31] Reload for file change: C:\repos\nus-cs2113-AY1920S2\cs2113-website\schedule\week4\tutorial-cs2113.mbdf
2020-01-26T04:55:32.385Z - info: Rebuilding affected source files
2020-01-26T04:55:32.385Z - info: Rebuilding 1 pages
2020-01-26T04:55:33.204Z - info: Pages rebuilt
2020-01-26T04:55:33.224Z - info: Site data built
2020-01-26T04:55:39.982Z - info: [12:55:39] Reload for file change: C:\repos\nus-cs2113-AY1920S2\cs2113-website\schedule\week4\tutorial-cs2113.mbdf
2020-01-26T04:55:40.988Z - info: Rebuilding affected source files
2020-01-26T04:55:40.988Z - info: Rebuilding 1 pages
2020-01-26T04:55:41.600Z - info: Pages rebuilt
2020-01-26T04:55:41.628Z - info: Site data built
2020-01-26T04:56:59.930Z - info: [12:56:59] Reload for file change: C:\repos\nus-cs2113-AY1920S2\cs2113-website\schedule\week4\tutorial-cs2113.mbdf
2020-01-26T04:57:00.935Z - info: Rebuilding affected source files
2020-01-26T04:57:00.935Z - info: Rebuilding 1 pages
2020-01-26T04:57:01.563Z - info: Pages rebuilt
2020-01-26T04:57:01.575Z - info: Site data built
2020-01-26T04:57:56.087Z - info: [12:57:56] Reload for file change: C:\repos\nus-cs2113-AY1920S2\cs2113-website\schedule\week4\tutorial-cs2113.mbdf
2020-01-26T04:57:57.092Z - info: Rebuilding affected source files
2020-01-26T04:57:57.096Z - info: Rebuilding 1 pages
2020-01-26T04:57:58.182Z - info: Pages rebuilt
2020-01-26T04:57:58.190Z - info: Site data built
2020-01-26T04:58:34.457Z - info: [12:58:34] Reload for file change: C:\repos\nus-cs2113-AY1920S2\cs2113-website\schedule\week4\tutorial-cs2113.mbdf
2020-01-26T04:58:35.464Z - info: Rebuilding affected source files
2020-01-26T04:58:35.468Z - info: Rebuilding 1 pages
2020-01-26T04:58:36.390Z - info: Pages rebuilt
2020-01-26T04:58:36.394Z - info: Site data built
2020-01-26T05:00:10.049Z - info: [13:00:10] Reload for file change: C:\repos\nus-cs2113-AY1920S2\cs2113-website\schedule\week4\tutorial-cs2113.mbdf
2020-01-26T05:00:11.055Z - info: Rebuilding affected source files
2020-01-26T05:00:11.055Z - info: Rebuilding 1 pages
2020-01-26T05:00:11.871Z - info: Pages rebuilt
2020-01-26T05:00:11.879Z - info: Site data built
2020-01-26T05:00:19.490Z - info: [13:00:19] Reload for file change: C:\repos\nus-cs2113-AY1920S2\cs2113-website\schedule\week4\tutorial-cs2113.mbdf
2020-01-26T05:00:20.490Z - info: Rebuilding affected source files
2020-01-26T05:00:20.494Z - info: Rebuilding 1 pages
2020-01-26T05:00:21.266Z - info: Pages rebuilt
2020-01-26T05:00:21.274Z - info: Site data built
2020-01-26T05:01:17.025Z - info: [13:01:17] Reload for file change: C:\repos\nus-cs2113-AY1920S2\cs2113-website\schedule\week4\tutorial-cs2113.mbdf
2020-01-26T05:01:18.036Z - info: Rebuilding affected source files
2020-01-26T05:01:18.036Z - info: Rebuilding 1 pages
2020-01-26T05:01:19.003Z - info: Pages rebuilt
2020-01-26T05:01:19.131Z - info: Site data built
2020-01-26T05:36:38.789Z - info: [13:36:38] Reload for file change: C:\repos\nus-cs2113-AY1920S2\cs2113-website\schedule\week4\tutorial-cs2113.mbdf
2020-01-26T05:36:39.809Z - info: Rebuilding affected source files
2020-01-26T05:36:39.833Z - info: Rebuilding 1 pages
2020-01-26T05:36:40.970Z - info: Pages rebuilt
2020-01-26T05:36:40.982Z - info: Site data built
2020-01-26T05:39:19.884Z - info: [13:39:19] Reload for file change: C:\repos\nus-cs2113-AY1920S2\cs2113-website\admin\ip-tasks.mbdf
2020-01-26T05:39:20.895Z - info: Rebuilding affected source files
2020-01-26T05:39:20.899Z - info: Rebuilding 22 pages
2020-01-26T05:40:19.014Z - info: Pages rebuilt
2020-01-26T05:40:19.018Z - info: Site data built
2020-01-26T05:40:30.694Z - info: [13:40:30] Reload for file change: C:\repos\nus-cs2113-AY1920S2\cs2113-website\admin\ip-tasks.mbdf
2020-01-26T05:40:31.706Z - info: Rebuilding affected source files
2020-01-26T05:40:31.710Z - info: Rebuilding 22 pages
2020-01-26T05:41:17.569Z - info: Pages rebuilt
2020-01-26T05:41:17.585Z - info: Site data built
2020-01-26T05:43:39.439Z - info: [13:43:39] Reload for file change: C:\repos\nus-cs2113-AY1920S2\cs2113-website\schedule\week4\tutorial-cs2113.mbdf
2020-01-26T05:43:40.441Z - info: Rebuilding affected source files
2020-01-26T05:43:40.441Z - info: Rebuilding 1 pages
2020-01-26T05:43:41.498Z - info: Pages rebuilt
2020-01-26T05:43:41.522Z - info: Site data built
2020-01-26T05:44:20.621Z - info: [13:44:20] Reload for file change: C:\repos\nus-cs2113-AY1920S2\cs2113-website\schedule\week4\tutorial-cs2113.mbdf
2020-01-26T05:44:21.625Z - info: Rebuilding affected source files
2020-01-26T05:44:21.629Z - info: Rebuilding 1 pages
2020-01-26T05:44:22.513Z - info: Pages rebuilt
2020-01-26T05:44:22.529Z - info: Site data built
2020-01-26T05:48:20.998Z - info: [13:48:20] Reload for file change: C:\repos\nus-cs2113-AY1920S2\cs2113-website\schedule\week4\tutorial-cs2113.mbdf
2020-01-26T05:48:22.002Z - info: Rebuilding affected source files
2020-01-26T05:48:22.002Z - info: Rebuilding 1 pages
2020-01-26T05:48:22.984Z - info: Pages rebuilt
2020-01-26T05:48:23.000Z - info: Site data built
2020-01-26T05:56:14.044Z - info: [13:56:14] Reload for file change: C:\repos\nus-cs2113-AY1920S2\cs2113-website\schedule\week4\tutorial-cs2113.mbdf
2020-01-26T05:56:15.047Z - info: Rebuilding affected source files
2020-01-26T05:56:15.047Z - info: Rebuilding 1 pages
2020-01-26T05:56:15.928Z - info: Pages rebuilt
2020-01-26T05:56:15.936Z - info: Site data built
2020-01-26T05:57:18.919Z - info: [13:57:18] Reload for file change: C:\repos\nus-cs2113-AY1920S2\cs2113-website\schedule\week4\tutorial-cs2113.mbdf
2020-01-26T05:57:19.921Z - info: Rebuilding affected source files
2020-01-26T05:57:19.921Z - info: Rebuilding 1 pages
2020-01-26T05:57:20.697Z - info: Pages rebuilt
2020-01-26T05:57:20.705Z - info: Site data built
2020-01-26T06:01:07.802Z - info: [14:01:07] Reload for file change: C:\repos\nus-cs2113-AY1920S2\cs2113-website\schedule\week4\tutorial-cs2113.mbdf
2020-01-26T06:01:08.811Z - info: Rebuilding affected source files
2020-01-26T06:01:08.815Z - info: Rebuilding 1 pages
2020-01-26T06:01:09.614Z - info: Pages rebuilt
2020-01-26T06:01:09.630Z - info: Site data built
2020-01-26T06:01:38.607Z - info: [14:01:38] Reload for file change: C:\repos\nus-cs2113-AY1920S2\cs2113-website\schedule\week4\tutorial-cs2113.mbdf
2020-01-26T06:01:39.613Z - info: Rebuilding affected source files
2020-01-26T06:01:39.617Z - info: Rebuilding 1 pages
2020-01-26T06:01:40.557Z - info: Pages rebuilt
2020-01-26T06:01:40.573Z - info: Site data built
2020-01-26T06:02:02.905Z - info: [14:02:02] Reload for file change: C:\repos\nus-cs2113-AY1920S2\cs2113-website\schedule\week4\tutorial-cs2113.mbdf
2020-01-26T06:02:03.913Z - info: Rebuilding affected source files
2020-01-26T06:02:03.913Z - info: Rebuilding 1 pages
2020-01-26T06:02:04.723Z - info: Pages rebuilt
2020-01-26T06:02:04.739Z - info: Site data built
2020-01-26T06:02:23.398Z - info: [14:02:23] Reload for file change: C:\repos\nus-cs2113-AY1920S2\cs2113-website\schedule\week4\tutorial-cs2113.mbdf
2020-01-26T06:02:24.407Z - info: Rebuilding affected source files
2020-01-26T06:02:24.411Z - info: Rebuilding 1 pages
2020-01-26T06:02:25.071Z - info: Pages rebuilt
2020-01-26T06:02:25.094Z - info: Site data built
2020-01-26T06:02:45.656Z - info: [14:02:45] Reload for file change: C:\repos\nus-cs2113-AY1920S2\cs2113-website\schedule\week4\tutorial-cs2113.mbdf
2020-01-26T06:02:46.661Z - info: Rebuilding affected source files
2020-01-26T06:02:46.661Z - info: Rebuilding 1 pages
2020-01-26T06:02:47.361Z - info: Pages rebuilt
2020-01-26T06:02:47.377Z - info: Site data built
2020-01-26T06:02:57.288Z - info: [14:02:57] Reload for file change: C:\repos\nus-cs2113-AY1920S2\cs2113-website\schedule\week4\tutorial-cs2113.mbdf
2020-01-26T06:02:58.293Z - info: Rebuilding affected source files
2020-01-26T06:02:58.293Z - info: Rebuilding 1 pages
2020-01-26T06:02:58.877Z - info: Pages rebuilt
2020-01-26T06:02:58.881Z - info: Site data built
2020-01-26T06:03:57.715Z - info: [14:03:57] Reload for file change: C:\repos\nus-cs2113-AY1920S2\cs2113-website\schedule\week4\tutorial-cs2113.mbdf
2020-01-26T06:03:58.723Z - info: Rebuilding affected source files
2020-01-26T06:03:58.727Z - info: Rebuilding 1 pages
2020-01-26T06:03:59.630Z - info: Pages rebuilt
2020-01-26T06:03:59.638Z - info: Site data built
2020-01-26T06:05:32.389Z - info: [14:05:32] Reload for file change: C:\repos\nus-cs2113-AY1920S2\cs2113-website\schedule\week4\tutorial-cs2113.mbdf
2020-01-26T06:05:33.394Z - info: Rebuilding affected source files
2020-01-26T06:05:33.394Z - info: Rebuilding 1 pages
2020-01-26T06:05:34.090Z - info: Pages rebuilt
2020-01-26T06:05:34.094Z - info: Site data built
2020-01-26T06:05:46.325Z - info: [14:05:46] Reload for file change: C:\repos\nus-cs2113-AY1920S2\cs2113-website\schedule\week4\tutorial-cs2113.mbdf
2020-01-26T06:05:47.333Z - info: Rebuilding affected source files
2020-01-26T06:05:47.333Z - info: Rebuilding 1 pages
2020-01-26T06:05:47.990Z - info: Pages rebuilt
2020-01-26T06:05:48.010Z - info: Site data built
2020-01-26T06:06:06.066Z - info: [14:06:06] Reload for file change: C:\repos\nus-cs2113-AY1920S2\cs2113-website\schedule\week4\tutorial-cs2113.mbdf
2020-01-26T06:06:07.071Z - info: Rebuilding affected source files
2020-01-26T06:06:07.071Z - info: Rebuilding 1 pages
2020-01-26T06:06:07.639Z - info: Pages rebuilt
2020-01-26T06:06:07.643Z - info: Site data built
2020-01-26T06:06:46.884Z - info: [14:06:46] Reload for file change: C:\repos\nus-cs2113-AY1920S2\cs2113-website\schedule\week4\tutorial-cs2113.mbdf
2020-01-26T06:06:47.891Z - info: Rebuilding affected source files
2020-01-26T06:06:47.893Z - info: Rebuilding 1 pages
2020-01-26T06:06:48.927Z - info: Pages rebuilt
2020-01-26T06:06:48.953Z - info: Site data built
2020-01-26T06:07:03.428Z - info: [14:07:03] Reload for file change: C:\repos\nus-cs2113-AY1920S2\cs2113-website\schedule\week4\tutorial-cs2113.mbdf
2020-01-26T06:07:04.428Z - info: Rebuilding affected source files
2020-01-26T06:07:04.429Z - info: Rebuilding 1 pages
2020-01-26T06:07:05.218Z - info: Pages rebuilt
2020-01-26T06:07:05.227Z - info: Site data built
2020-01-26T06:07:18.187Z - info: [14:07:18] Reload for file change: C:\repos\nus-cs2113-AY1920S2\cs2113-website\schedule\week4\tutorial-cs2113.mbdf
2020-01-26T06:07:19.188Z - info: Rebuilding affected source files
2020-01-26T06:07:19.189Z - info: Rebuilding 1 pages
2020-01-26T06:07:19.720Z - info: Pages rebuilt
2020-01-26T06:07:19.729Z - info: Site data built
2020-01-26T06:07:37.268Z - info: [14:07:37] Reload for file change: C:\repos\nus-cs2113-AY1920S2\cs2113-website\schedule\week4\tutorial-cs2113.mbdf
2020-01-26T06:07:38.269Z - info: Rebuilding affected source files
2020-01-26T06:07:38.271Z - info: Rebuilding 1 pages
2020-01-26T06:07:38.913Z - info: Pages rebuilt
2020-01-26T06:07:38.921Z - info: Site data built
2020-01-26T06:07:57.956Z - info: [14:07:57] Reload for file change: C:\repos\nus-cs2113-AY1920S2\cs2113-website\schedule\week4\tutorial-cs2113.mbdf
2020-01-26T06:07:58.961Z - info: Rebuilding affected source files
2020-01-26T06:07:58.962Z - info: Rebuilding 1 pages
2020-01-26T06:07:59.540Z - info: Pages rebuilt
2020-01-26T06:07:59.553Z - info: Site data built
2020-01-26T06:08:48.292Z - info: [14:08:48] Reload for file change: C:\repos\nus-cs2113-AY1920S2\cs2113-website\schedule\week4\tutorial-cs2113.mbdf
2020-01-26T06:08:49.297Z - info: Rebuilding affected source files
2020-01-26T06:08:49.298Z - info: Rebuilding 1 pages
2020-01-26T06:08:50.021Z - info: Pages rebuilt
2020-01-26T06:08:50.028Z - info: Site data built
2020-01-26T06:09:41.920Z - info: [14:09:41] Reload for file change: C:\repos\nus-cs2113-AY1920S2\cs2113-website\schedule\week4\tutorial-cs2113.mbdf
2020-01-26T06:09:42.923Z - info: Rebuilding affected source files
2020-01-26T06:09:42.925Z - info: Rebuilding 1 pages
2020-01-26T06:09:43.599Z - info: Pages rebuilt
2020-01-26T06:09:43.613Z - info: Site data built
2020-01-26T06:09:59.033Z - info: [14:09:59] Reload for file change: C:\repos\nus-cs2113-AY1920S2\cs2113-website\schedule\week4\tutorial-cs2113.mbdf
2020-01-26T06:10:00.034Z - info: Rebuilding affected source files
2020-01-26T06:10:00.035Z - info: Rebuilding 1 pages
2020-01-26T06:10:00.732Z - info: Pages rebuilt
2020-01-26T06:10:00.741Z - info: Site data built
2020-01-26T06:10:07.261Z - info: [14:10:07] Reload for file change: C:\repos\nus-cs2113-AY1920S2\cs2113-website\schedule\week4\tutorial-cs2113.mbdf
2020-01-26T06:10:08.264Z - info: Rebuilding affected source files
2020-01-26T06:10:08.265Z - info: Rebuilding 1 pages
2020-01-26T06:10:08.835Z - info: Pages rebuilt
2020-01-26T06:10:08.839Z - info: Site data built
2020-01-26T06:11:34.107Z - info: [14:11:34] Reload for file change: C:\repos\nus-cs2113-AY1920S2\cs2113-website\schedule\week4\tutorial-cs2113.mbdf
2020-01-26T06:11:35.108Z - info: Rebuilding affected source files
2020-01-26T06:11:35.109Z - info: Rebuilding 1 pages
2020-01-26T06:11:35.703Z - info: Pages rebuilt
2020-01-26T06:11:35.714Z - info: Site data built
2020-01-26T06:15:15.404Z - info: [14:15:15] Reload for file change: C:\repos\nus-cs2113-AY1920S2\cs2113-website\admin\ip-tasks.mbdf
2020-01-26T06:15:16.417Z - info: Rebuilding affected source files
2020-01-26T06:15:16.430Z - info: Rebuilding 22 pages
2020-01-26T06:15:53.231Z - info: Pages rebuilt
2020-01-26T06:15:53.237Z - info: Site data built
2020-01-26T06:16:30.366Z - info: [14:16:30] Reload for file change: C:\repos\nus-cs2113-AY1920S2\cs2113-website\admin\ip-tasks.mbdf
2020-01-26T06:16:31.373Z - info: Rebuilding affected source files
2020-01-26T06:16:31.377Z - info: Rebuilding 22 pages
2020-01-26T06:17:06.624Z - info: Pages rebuilt
2020-01-26T06:17:06.629Z - info: Site data built
2020-01-26T06:20:21.061Z - info: [14:20:21] Reload for file change: C:\repos\nus-cs2113-AY1920S2\cs2113-website\book\projectDuke\extensions.mbdf
2020-01-26T06:20:22.064Z - info: Rebuilding affected source files
2020-01-26T06:20:22.070Z - info: Rebuilding 12 pages
2020-01-26T06:20:39.185Z - info: Pages rebuilt
2020-01-26T06:20:39.206Z - info: Site data built
2020-01-26T06:26:04.380Z - info: [14:26:04] Reload for file change: C:\repos\nus-cs2113-AY1920S2\cs2113-website\book\projectDuke\extensions.mbdf
2020-01-26T06:26:05.391Z - info: Rebuilding affected source files
2020-01-26T06:26:05.410Z - info: Rebuilding 12 pages
2020-01-26T06:26:23.390Z - info: Pages rebuilt
2020-01-26T06:26:23.404Z - info: Site data built
2020-01-26T06:26:31.738Z - info: [14:26:31] Reload for file change: C:\repos\nus-cs2113-AY1920S2\cs2113-website\book\projectDuke\extensions.mbdf
2020-01-26T06:26:32.739Z - info: Rebuilding affected source files
2020-01-26T06:26:32.742Z - info: Rebuilding 12 pages
2020-01-26T06:26:49.724Z - info: Pages rebuilt
2020-01-26T06:26:49.745Z - info: Site data built
2020-01-26T06:26:52.087Z - info: [14:26:52] Reload for file change: C:\repos\nus-cs2113-AY1920S2\cs2113-website\book\projectDuke\extensions.mbdf
2020-01-26T06:26:53.088Z - info: Rebuilding affected source files
2020-01-26T06:26:53.092Z - info: Rebuilding 12 pages
2020-01-26T06:27:09.127Z - info: Pages rebuilt
2020-01-26T06:27:09.142Z - info: Site data built
2020-01-26T06:43:37.041Z - info: Website generation started at 14:43:31
2020-01-26T06:43:40.756Z - info: Building assets...
2020-01-26T06:43:44.130Z - info: Assets built
2020-01-26T06:43:44.131Z - info: Generating pages...
2020-01-26T06:45:18.080Z - debug: The process cannot access the file because it is being used by another process.

2020-01-26T06:45:18.081Z - debug: The process cannot access the file because it is being used by another process.

2020-01-26T06:45:18.081Z - debug: The process cannot access the file because it is being used by another process.

2020-01-26T06:45:18.082Z - debug: The process cannot access the file because it is being used by another process.

2020-01-26T06:45:18.082Z - debug: The process cannot access the file because it is being used by another process.

2020-01-26T06:45:18.082Z - debug: The process cannot access the file because it is being used by another process.

2020-01-26T06:45:18.082Z - debug: The process cannot access the file because it is being used by another process.

2020-01-26T06:45:18.082Z - debug: The process cannot access the file because it is being used by another process.

2020-01-26T06:45:20.304Z - debug: The process cannot access the file because it is being used by another process.

2020-01-26T06:45:20.305Z - debug: The process cannot access the file because it is being used by another process.

2020-01-26T06:45:20.353Z - debug: The process cannot access the file because it is being used by another process.

2020-01-26T06:45:37.076Z - debug:  
2020-01-26T06:45:37.077Z - debug:  
2020-01-26T06:45:37.078Z - debug:  
2020-01-26T06:45:37.078Z - debug:  
2020-01-26T06:46:48.334Z - info: Pages built
2020-01-26T06:47:16.007Z - info: Website generation complete! Total build time: 224.869s
2020-01-26T06:47:16.007Z - info: Build success!
2020-01-26T06:47:16.086Z - info: Site data built
2020-01-26T06:47:53.011Z - info: Deployed!
2020-01-26T12:52:54.135Z - info: Website generation started at 20:52:47
2020-01-26T12:53:00.643Z - info: Building assets...
2020-01-26T12:53:04.230Z - info: Assets built
2020-01-26T12:53:04.231Z - info: Generating pages...
2020-01-26T12:55:05.396Z - debug: The process cannot access the file because it is being used by another process.

2020-01-26T12:55:05.400Z - debug: The process cannot access the file because it is being used by another process.

2020-01-26T12:55:05.400Z - debug: The process cannot access the file because it is being used by another process.

2020-01-26T12:55:07.002Z - debug: The process cannot access the file because it is being used by another process.

2020-01-26T12:55:07.006Z - debug: The process cannot access the file because it is being used by another process.

2020-01-26T12:55:07.006Z - debug: The process cannot access the file because it is being used by another process.

2020-01-26T12:55:07.006Z - debug: The process cannot access the file because it is being used by another process.

2020-01-26T12:55:07.010Z - debug: The process cannot access the file because it is being used by another process.

2020-01-26T12:55:07.010Z - debug: The process cannot access the file because it is being used by another process.

2020-01-26T12:55:07.010Z - debug: The process cannot access the file because it is being used by another process.

2020-01-26T12:55:07.122Z - debug: The process cannot access the file because it is being used by another process.

2020-01-26T12:55:20.722Z - debug:  
2020-01-26T12:55:20.722Z - debug:  
2020-01-26T12:55:20.726Z - debug:  
2020-01-26T12:56:06.880Z - debug:  
2020-01-26T12:56:39.815Z - info: Pages built
2020-01-26T12:57:12.948Z - info: Website generation complete! Total build time: 265.238s
2020-01-26T12:57:13.312Z - info: Serving "C:\repos\nus-cs2113-AY1920S2\cs2113-website\_site" at http://127.0.0.1:8080
2020-01-26T12:57:13.312Z - info: Press CTRL+C to stop ...
2020-01-26T12:57:13.432Z - info: Site data built
2020-01-26T12:58:05.968Z - info: [20:58:05] Reload for file change: C:\repos\nus-cs2113-AY1920S2\cs2113-website\book\codeQuality\maximiseReadability\introduction\text.md
2020-01-26T12:58:06.979Z - info: Rebuilding affected source files
2020-01-26T12:58:06.995Z - info: Rebuilding 9 pages
2020-01-26T12:58:32.412Z - debug:  
2020-01-26T12:58:37.179Z - info: Pages rebuilt
2020-01-26T12:58:37.219Z - info: Site data built
2020-01-26T12:59:21.355Z - info: [20:59:21] Reload for file change: C:\repos\nus-cs2113-AY1920S2\cs2113-website\book\codeQuality\maximiseReadability\introduction\text.md
2020-01-26T12:59:21.371Z - info: [20:59:21] Reload for file change: C:\repos\nus-cs2113-AY1920S2\cs2113-website\book\codeQuality\maximiseReadability\intermediate\avoidPrematureOptimizations\text.md
2020-01-26T12:59:22.365Z - info: Rebuilding affected source files
2020-01-26T12:59:22.369Z - info: Rebuilding 11 pages
2020-01-26T12:59:41.626Z - debug:  
2020-01-26T12:59:57.387Z - info: Pages rebuilt
2020-01-26T12:59:57.415Z - info: Site data built
2020-01-26T13:02:08.681Z - info: Website generation started at 21:02:01
2020-01-26T13:02:12.890Z - info: Building assets...
2020-01-26T13:02:17.451Z - info: Assets built
2020-01-26T13:02:17.451Z - info: Generating pages...
2020-01-26T13:04:17.294Z - debug: The process cannot access the file because it is being used by another process.

2020-01-26T13:04:17.295Z - debug: The process cannot access the file because it is being used by another process.

2020-01-26T13:04:17.295Z - debug: The process cannot access the file because it is being used by another process.

2020-01-26T13:04:17.296Z - debug: The process cannot access the file because it is being used by another process.

2020-01-26T13:04:17.296Z - debug: The process cannot access the file because it is being used by another process.

2020-01-26T13:04:17.296Z - debug: The process cannot access the file because it is being used by another process.

2020-01-26T13:04:18.952Z - debug: The process cannot access the file because it is being used by another process.

2020-01-26T13:04:18.952Z - debug: The process cannot access the file because it is being used by another process.

2020-01-26T13:04:18.953Z - debug: The process cannot access the file because it is being used by another process.

2020-01-26T13:04:18.953Z - debug: The process cannot access the file because it is being used by another process.

2020-01-26T13:04:19.382Z - debug: The process cannot access the file because it is being used by another process.

2020-01-26T13:04:34.160Z - debug:  
2020-01-26T13:05:28.704Z - debug:  
2020-01-26T13:05:28.705Z - debug:  
2020-01-26T13:05:28.705Z - debug:  
2020-01-26T13:06:09.565Z - info: Pages built
2020-01-26T13:06:49.800Z - info: Website generation complete! Total build time: 288.046s
2020-01-26T13:06:49.801Z - info: Build success!
2020-01-26T13:06:49.812Z - info: Site data built
2020-01-26T13:07:35.666Z - info: Deployed!
