2019-12-29T05:34:30.198Z - info: Website generation started at 1:34:28 PM
2019-12-29T05:34:32.361Z - info: Building assets...
2019-12-29T05:34:34.107Z - info: Assets built
2019-12-29T05:34:34.107Z - info: Generating pages...
2019-12-29T05:35:13.453Z - debug: The process cannot access the file because it is being used by another process.

2019-12-29T05:35:13.454Z - debug: The process cannot access the file because it is being used by another process.

2019-12-29T05:35:13.454Z - debug: The process cannot access the file because it is being used by another process.

2019-12-29T05:35:13.454Z - debug: The process cannot access the file because it is being used by another process.

2019-12-29T05:35:13.455Z - debug: The process cannot access the file because it is being used by another process.

2019-12-29T05:35:13.455Z - debug: The process cannot access the file because it is being used by another process.

2019-12-29T05:35:13.455Z - debug: The process cannot access the file because it is being used by another process.

2019-12-29T05:35:13.455Z - debug: The process cannot access the file because it is being used by another process.

2019-12-29T05:35:13.503Z - debug: The process cannot access the file because it is being used by another process.

2019-12-29T05:35:13.504Z - debug: The process cannot access the file because it is being used by another process.

2019-12-29T05:35:13.509Z - debug: The process cannot access the file because it is being used by another process.

2019-12-29T05:35:16.574Z - debug:  
2019-12-29T05:35:16.574Z - debug:  
2019-12-29T05:35:17.351Z - debug:  
2019-12-29T05:35:17.351Z - debug:  
2019-12-29T05:36:02.459Z - info: Pages built
2019-12-29T05:36:17.701Z - info: Website generation complete! Total build time: 108.757s
2019-12-29T05:36:18.046Z - info: Serving "C:\repos\nus-cs2113-AY1920S2\cs2113-website\_site" at http://127.0.0.1:8080
2019-12-29T05:36:18.046Z - info: Press CTRL+C to stop ...
2019-12-29T05:36:18.146Z - info: Site data built
2019-12-29T05:37:04.502Z - info: [1:37:04 PM] Reload for file change: C:\repos\nus-cs2113-AY1920S2\cs2113-website\admin\project-scope.md
2019-12-29T05:37:05.506Z - info: Rebuilding affected source files
2019-12-29T05:37:05.517Z - info: Rebuilding 19 pages
2019-12-29T05:37:07.247Z - info: [1:37:07 PM] Reload for file change: C:\repos\nus-cs2113-AY1920S2\cs2113-website\admin\project-scope.md
2019-12-29T05:37:12.537Z - info: Pages rebuilt
2019-12-29T05:37:12.560Z - info: Site data built
2019-12-29T05:37:12.577Z - info: Rebuilding affected source files
2019-12-29T05:37:12.580Z - info: Rebuilding 19 pages
2019-12-29T05:37:19.376Z - info: Pages rebuilt
2019-12-29T05:37:19.389Z - info: Site data built
2019-12-29T05:46:12.274Z - info: [1:46:12 PM] Reload for file change: C:\repos\nus-cs2113-AY1920S2\cs2113-website\admin\project-scope.md
2019-12-29T05:46:13.278Z - info: Rebuilding affected source files
2019-12-29T05:46:13.282Z - info: Rebuilding 18 pages
2019-12-29T05:46:19.919Z - info: Pages rebuilt
2019-12-29T05:46:19.932Z - info: Site data built
2019-12-29T05:49:06.538Z - info: [1:49:06 PM] Reload for file change: C:\repos\nus-cs2113-AY1920S2\cs2113-website\admin\project-scope.md
2019-12-29T05:49:07.540Z - info: Rebuilding affected source files
2019-12-29T05:49:07.548Z - info: Rebuilding 18 pages
2019-12-29T05:49:14.096Z - info: Pages rebuilt
2019-12-29T05:49:14.108Z - info: Site data built
2019-12-29T05:50:47.748Z - info: [1:50:47 PM] Reload for file change: C:\repos\nus-cs2113-AY1920S2\cs2113-website\admin\project-scope.md
2019-12-29T05:50:48.751Z - info: Rebuilding affected source files
2019-12-29T05:50:48.755Z - info: Rebuilding 18 pages
2019-12-29T05:50:55.487Z - info: Pages rebuilt
2019-12-29T05:50:55.499Z - info: Site data built
2019-12-29T05:58:50.884Z - info: [1:58:50 PM] Reload for file change: C:\repos\nus-cs2113-AY1920S2\cs2113-website\admin\project-scope.md
2019-12-29T05:58:51.887Z - info: Rebuilding affected source files
2019-12-29T05:58:51.892Z - info: Rebuilding 18 pages
2019-12-29T05:58:58.524Z - info: Pages rebuilt
2019-12-29T05:58:58.536Z - info: Site data built
2019-12-29T06:04:27.412Z - info: [2:04:27 PM] Reload for file change: C:\repos\nus-cs2113-AY1920S2\cs2113-website\admin\project-scope.md
2019-12-29T06:04:28.416Z - info: Rebuilding affected source files
2019-12-29T06:04:28.419Z - info: Rebuilding 17 pages
2019-12-29T06:04:35.411Z - info: Pages rebuilt
2019-12-29T06:04:35.423Z - info: Site data built
2019-12-29T06:05:08.928Z - info: [2:05:08 PM] Reload for file change: C:\repos\nus-cs2113-AY1920S2\cs2113-website\admin\project-scope.md
2019-12-29T06:05:09.931Z - info: Rebuilding affected source files
2019-12-29T06:05:09.934Z - info: Rebuilding 17 pages
2019-12-29T06:05:16.481Z - info: Pages rebuilt
2019-12-29T06:05:16.507Z - info: Site data built
2019-12-29T06:05:54.229Z - info: [2:05:54 PM] Reload for file change: C:\repos\nus-cs2113-AY1920S2\cs2113-website\admin\project-scope.md
2019-12-29T06:05:55.231Z - info: Rebuilding affected source files
2019-12-29T06:05:55.234Z - info: Rebuilding 17 pages
2019-12-29T06:06:01.883Z - info: Pages rebuilt
2019-12-29T06:06:01.896Z - info: Site data built
2019-12-29T06:07:01.999Z - info: [2:07:01 PM] Reload for file change: C:\repos\nus-cs2113-AY1920S2\cs2113-website\admin\project-scope.md
2019-12-29T06:07:03.003Z - info: Rebuilding affected source files
2019-12-29T06:07:03.006Z - info: Rebuilding 17 pages
2019-12-29T06:07:09.576Z - info: Pages rebuilt
2019-12-29T06:07:09.589Z - info: Site data built
2019-12-29T06:08:57.225Z - info: [2:08:57 PM] Reload for file change: C:\repos\nus-cs2113-AY1920S2\cs2113-website\admin\project-scope.md
2019-12-29T06:08:58.234Z - info: Rebuilding affected source files
2019-12-29T06:08:58.237Z - info: Rebuilding 17 pages
2019-12-29T06:09:04.836Z - info: Pages rebuilt
2019-12-29T06:09:04.845Z - info: Site data built
2019-12-29T06:10:59.699Z - info: [2:10:59 PM] Reload for file change: C:\repos\nus-cs2113-AY1920S2\cs2113-website\admin\project-scope.md
2019-12-29T06:11:00.703Z - info: Rebuilding affected source files
2019-12-29T06:11:00.705Z - info: Rebuilding 17 pages
2019-12-29T06:11:07.147Z - info: Pages rebuilt
2019-12-29T06:11:07.160Z - info: Site data built
2019-12-29T06:12:35.129Z - info: [2:12:35 PM] Reload for file change: C:\repos\nus-cs2113-AY1920S2\cs2113-website\admin\project-scope.md
2019-12-29T06:12:36.132Z - info: Rebuilding affected source files
2019-12-29T06:12:36.134Z - info: Rebuilding 17 pages
2019-12-29T06:12:42.527Z - info: Pages rebuilt
2019-12-29T06:12:42.542Z - info: Site data built
2019-12-29T06:12:56.924Z - info: [2:12:56 PM] Reload for file change: C:\repos\nus-cs2113-AY1920S2\cs2113-website\admin\project-scope.md
2019-12-29T06:12:57.927Z - info: Rebuilding affected source files
2019-12-29T06:12:57.934Z - info: Rebuilding 17 pages
2019-12-29T06:13:04.349Z - info: Pages rebuilt
2019-12-29T06:13:04.361Z - info: Site data built
2019-12-29T06:13:39.055Z - info: [2:13:39 PM] Reload for file change: C:\repos\nus-cs2113-AY1920S2\cs2113-website\admin\project-scope.md
2019-12-29T06:13:40.072Z - info: Rebuilding affected source files
2019-12-29T06:13:40.075Z - info: Rebuilding 17 pages
2019-12-29T06:13:46.527Z - info: Pages rebuilt
2019-12-29T06:13:46.539Z - info: Site data built
2019-12-29T06:14:00.545Z - info: [2:14:00 PM] Reload for file change: C:\repos\nus-cs2113-AY1920S2\cs2113-website\admin\project-scope.md
2019-12-29T06:14:01.548Z - info: Rebuilding affected source files
2019-12-29T06:14:01.551Z - info: Rebuilding 17 pages
2019-12-29T06:14:07.981Z - info: Pages rebuilt
2019-12-29T06:14:08.004Z - info: Site data built
2019-12-29T06:14:14.864Z - info: [2:14:14 PM] Reload for file change: C:\repos\nus-cs2113-AY1920S2\cs2113-website\admin\project-scope.md
2019-12-29T06:14:15.867Z - info: Rebuilding affected source files
2019-12-29T06:14:15.869Z - info: Rebuilding 17 pages
2019-12-29T06:14:22.314Z - info: Pages rebuilt
2019-12-29T06:14:22.330Z - info: Site data built
2019-12-29T06:14:28.833Z - info: [2:14:28 PM] Reload for file change: C:\repos\nus-cs2113-AY1920S2\cs2113-website\admin\project-scope.md
2019-12-29T06:14:29.835Z - info: Rebuilding affected source files
2019-12-29T06:14:29.838Z - info: Rebuilding 17 pages
2019-12-29T06:14:36.118Z - info: Pages rebuilt
2019-12-29T06:14:36.131Z - info: Site data built
2019-12-29T06:15:07.270Z - info: [2:15:07 PM] Reload for file change: C:\repos\nus-cs2113-AY1920S2\cs2113-website\admin\project-scope.md
2019-12-29T06:15:08.273Z - info: Rebuilding affected source files
2019-12-29T06:15:08.275Z - info: Rebuilding 17 pages
2019-12-29T06:15:14.879Z - info: Pages rebuilt
2019-12-29T06:15:14.904Z - info: Site data built
2019-12-29T06:15:49.829Z - info: [2:15:49 PM] Reload for file change: C:\repos\nus-cs2113-AY1920S2\cs2113-website\admin\project-scope.md
2019-12-29T06:15:50.832Z - info: Rebuilding affected source files
2019-12-29T06:15:50.837Z - info: Rebuilding 17 pages
2019-12-29T06:15:57.258Z - info: Pages rebuilt
2019-12-29T06:15:57.273Z - info: Site data built
2019-12-29T06:16:50.635Z - info: [2:16:50 PM] Reload for file change: C:\repos\nus-cs2113-AY1920S2\cs2113-website\admin\project-scope.md
2019-12-29T06:16:51.639Z - info: Rebuilding affected source files
2019-12-29T06:16:51.641Z - info: Rebuilding 17 pages
2019-12-29T06:16:58.002Z - info: Pages rebuilt
2019-12-29T06:16:58.016Z - info: Site data built
2019-12-29T06:17:24.886Z - info: [2:17:24 PM] Reload for file change: C:\repos\nus-cs2113-AY1920S2\cs2113-website\admin\project-scope.md
2019-12-29T06:17:25.890Z - info: Rebuilding affected source files
2019-12-29T06:17:25.893Z - info: Rebuilding 17 pages
2019-12-29T06:17:32.360Z - info: Pages rebuilt
2019-12-29T06:17:32.376Z - info: Site data built
2019-12-29T06:18:00.565Z - info: [2:18:00 PM] Reload for file change: C:\repos\nus-cs2113-AY1920S2\cs2113-website\admin\project-scope.md
2019-12-29T06:18:01.569Z - info: Rebuilding affected source files
2019-12-29T06:18:01.573Z - info: Rebuilding 17 pages
2019-12-29T06:18:08.075Z - info: Pages rebuilt
2019-12-29T06:18:08.087Z - info: Site data built
2019-12-29T06:19:25.743Z - info: [2:19:25 PM] Reload for file change: C:\repos\nus-cs2113-AY1920S2\cs2113-website\admin\project-scope.md
2019-12-29T06:19:26.747Z - info: Rebuilding affected source files
2019-12-29T06:19:26.749Z - info: Rebuilding 17 pages
2019-12-29T06:19:33.212Z - info: Pages rebuilt
2019-12-29T06:19:33.223Z - info: Site data built
2019-12-29T06:21:28.989Z - info: [2:21:28 PM] Reload for file change: C:\repos\nus-cs2113-AY1920S2\cs2113-website\admin\project-scope.md
2019-12-29T06:21:29.992Z - info: Rebuilding affected source files
2019-12-29T06:21:29.996Z - info: Rebuilding 17 pages
2019-12-29T06:21:36.332Z - info: Pages rebuilt
2019-12-29T06:21:36.346Z - info: Site data built
2019-12-29T06:22:07.536Z - info: [2:22:07 PM] Reload for file change: C:\repos\nus-cs2113-AY1920S2\cs2113-website\admin\project-scope.md
2019-12-29T06:22:08.554Z - info: Rebuilding affected source files
2019-12-29T06:22:08.556Z - info: Rebuilding 17 pages
2019-12-29T06:22:15.087Z - info: Pages rebuilt
2019-12-29T06:22:15.113Z - info: Site data built
2019-12-29T06:22:35.539Z - info: [2:22:35 PM] Reload for file change: C:\repos\nus-cs2113-AY1920S2\cs2113-website\admin\project-scope.md
2019-12-29T06:22:36.542Z - info: Rebuilding affected source files
2019-12-29T06:22:36.545Z - info: Rebuilding 17 pages
2019-12-29T06:22:42.891Z - info: Pages rebuilt
2019-12-29T06:22:42.914Z - info: Site data built
2019-12-29T06:23:23.124Z - info: [2:23:23 PM] Reload for file change: C:\repos\nus-cs2113-AY1920S2\cs2113-website\admin\project-scope.md
2019-12-29T06:23:24.127Z - info: Rebuilding affected source files
2019-12-29T06:23:24.131Z - info: Rebuilding 17 pages
2019-12-29T06:23:30.460Z - info: Pages rebuilt
2019-12-29T06:23:30.479Z - info: Site data built
2019-12-29T06:24:08.950Z - info: [2:24:08 PM] Reload for file change: C:\repos\nus-cs2113-AY1920S2\cs2113-website\admin\project-scope.md
2019-12-29T06:24:09.962Z - info: Rebuilding affected source files
2019-12-29T06:24:09.965Z - info: Rebuilding 17 pages
2019-12-29T06:24:16.317Z - info: Pages rebuilt
2019-12-29T06:24:16.340Z - info: Site data built
2019-12-29T06:24:56.646Z - info: [2:24:56 PM] Reload for file change: C:\repos\nus-cs2113-AY1920S2\cs2113-website\admin\project-scope.md
2019-12-29T06:24:57.649Z - info: Rebuilding affected source files
2019-12-29T06:24:57.651Z - info: Rebuilding 17 pages
2019-12-29T06:25:03.929Z - info: Pages rebuilt
2019-12-29T06:25:03.945Z - info: Site data built
2019-12-29T06:25:34.185Z - info: [2:25:34 PM] Reload for file change: C:\repos\nus-cs2113-AY1920S2\cs2113-website\admin\project-scope.md
2019-12-29T06:25:35.189Z - info: Rebuilding affected source files
2019-12-29T06:25:35.192Z - info: Rebuilding 17 pages
2019-12-29T06:25:41.645Z - info: Pages rebuilt
2019-12-29T06:25:41.669Z - info: Site data built
2019-12-29T06:25:52.548Z - info: [2:25:52 PM] Reload for file change: C:\repos\nus-cs2113-AY1920S2\cs2113-website\admin\project-scope.md
2019-12-29T06:25:53.551Z - info: Rebuilding affected source files
2019-12-29T06:25:53.554Z - info: Rebuilding 17 pages
2019-12-29T06:25:59.900Z - info: Pages rebuilt
2019-12-29T06:25:59.912Z - info: Site data built
2019-12-29T06:26:06.610Z - info: [2:26:06 PM] Reload for file change: C:\repos\nus-cs2113-AY1920S2\cs2113-website\admin\project-scope.md
2019-12-29T06:26:07.614Z - info: Rebuilding affected source files
2019-12-29T06:26:07.616Z - info: Rebuilding 17 pages
2019-12-29T06:26:13.899Z - info: Pages rebuilt
2019-12-29T06:26:13.919Z - info: Site data built
2019-12-29T06:27:06.407Z - info: [2:27:06 PM] Reload for file change: C:\repos\nus-cs2113-AY1920S2\cs2113-website\admin\project-scope.md
2019-12-29T06:27:07.411Z - info: Rebuilding affected source files
2019-12-29T06:27:07.414Z - info: Rebuilding 17 pages
2019-12-29T06:27:13.865Z - info: Pages rebuilt
2019-12-29T06:27:13.892Z - info: Site data built
2019-12-29T06:27:48.437Z - info: [2:27:48 PM] Reload for file change: C:\repos\nus-cs2113-AY1920S2\cs2113-website\admin\project-scope.md
2019-12-29T06:27:49.442Z - info: Rebuilding affected source files
2019-12-29T06:27:49.450Z - info: Rebuilding 17 pages
2019-12-29T06:27:55.934Z - info: Pages rebuilt
2019-12-29T06:27:55.959Z - info: Site data built
2019-12-29T06:31:09.605Z - info: [2:31:09 PM] Reload for file change: C:\repos\nus-cs2113-AY1920S2\cs2113-website\admin\project-scope.md
2019-12-29T06:31:10.608Z - info: Rebuilding affected source files
2019-12-29T06:31:10.611Z - info: Rebuilding 17 pages
2019-12-29T06:31:17.131Z - info: Pages rebuilt
2019-12-29T06:31:17.143Z - info: Site data built
2019-12-29T06:35:02.629Z - info: [2:35:02 PM] Reload for file change: C:\repos\nus-cs2113-AY1920S2\cs2113-website\admin\project-scope.md
2019-12-29T06:35:03.632Z - info: Rebuilding affected source files
2019-12-29T06:35:03.635Z - info: Rebuilding 17 pages
2019-12-29T06:35:10.100Z - info: Pages rebuilt
2019-12-29T06:35:10.112Z - info: Site data built
2019-12-29T06:38:17.344Z - info: [2:38:17 PM] Reload for file change: C:\repos\nus-cs2113-AY1920S2\cs2113-website\admin\project-scope.md
2019-12-29T06:38:18.348Z - info: Rebuilding affected source files
2019-12-29T06:38:18.352Z - info: Rebuilding 17 pages
2019-12-29T06:38:24.908Z - info: Pages rebuilt
2019-12-29T06:38:24.921Z - info: Site data built
2019-12-29T06:40:17.074Z - info: [2:40:17 PM] Reload for file change: C:\repos\nus-cs2113-AY1920S2\cs2113-website\admin\project-scope.md
2019-12-29T06:40:18.077Z - info: Rebuilding affected source files
2019-12-29T06:40:18.082Z - info: Rebuilding 17 pages
2019-12-29T06:40:24.445Z - info: Pages rebuilt
2019-12-29T06:40:24.458Z - info: Site data built
2019-12-29T06:40:41.371Z - info: [2:40:41 PM] Reload for file change: C:\repos\nus-cs2113-AY1920S2\cs2113-website\admin\project-scope.md
2019-12-29T06:40:42.375Z - info: Rebuilding affected source files
2019-12-29T06:40:42.378Z - info: Rebuilding 17 pages
2019-12-29T06:40:48.755Z - info: Pages rebuilt
2019-12-29T06:40:48.773Z - info: Site data built
2019-12-29T06:41:50.157Z - info: [2:41:50 PM] Reload for file change: C:\repos\nus-cs2113-AY1920S2\cs2113-website\admin\project-scope.md
2019-12-29T06:41:51.160Z - info: Rebuilding affected source files
2019-12-29T06:41:51.168Z - info: Rebuilding 17 pages
2019-12-29T06:41:57.541Z - info: Pages rebuilt
2019-12-29T06:41:57.552Z - info: Site data built
2019-12-29T06:43:43.008Z - info: [2:43:43 PM] Reload for file change: C:\repos\nus-cs2113-AY1920S2\cs2113-website\admin\project-scope.md
2019-12-29T06:43:44.023Z - info: Rebuilding affected source files
2019-12-29T06:43:44.025Z - info: Rebuilding 17 pages
2019-12-29T06:43:50.497Z - info: Pages rebuilt
2019-12-29T06:43:50.515Z - info: Site data built
2019-12-29T08:23:57.909Z - info: Website generation started at 4:23:56 PM
2019-12-29T08:24:00.116Z - info: Building assets...
2019-12-29T08:24:01.782Z - info: Assets built
2019-12-29T08:24:01.782Z - info: Generating pages...
2019-12-29T08:24:05.445Z - info: Pages built
2019-12-29T08:24:05.751Z - info: Website generation complete! Total build time: 8.981s
2019-12-29T08:24:06.093Z - info: Serving "C:\repos\nus-cs2113-AY1920S2\cs2113-website\_site" at http://127.0.0.1:8080
2019-12-29T08:24:06.093Z - info: Press CTRL+C to stop ...
2019-12-29T08:24:06.178Z - info: Site data built
