2020-02-01T11:41:54.072Z - info: Website generation started at 19:41:51
2020-02-01T11:41:58.169Z - info: Building assets...
2020-02-01T11:42:01.271Z - info: Assets built
2020-02-01T11:42:01.271Z - info: Generating pages...
2020-02-01T11:42:02.177Z - info: Pages built
2020-02-01T11:42:02.287Z - info: Website generation complete! Total build time: 10.836s
2020-02-01T11:42:02.587Z - info: Serving "C:\repos\nus-cs2113-AY1920S2\cs2113-website\_site" at http://127.0.0.1:8080
2020-02-01T11:42:02.587Z - info: Press CTRL+C to stop ...
2020-02-01T11:42:02.650Z - info: Site data built
2020-02-01T11:42:38.597Z - info: [19:42:38] Reload for file change: C:\repos\nus-cs2113-AY1920S2\cs2113-website\schedule\week4\tutorial-cs2113.mbdf
2020-02-01T11:42:39.602Z - info: Rebuilding affected source files
2020-02-01T11:42:39.604Z - info: Rebuilding 1 pages
2020-02-01T11:42:40.163Z - info: Pages rebuilt
2020-02-01T11:42:40.175Z - info: Site data built
2020-02-01T11:43:51.421Z - info: [19:43:51] Reload for file change: C:\repos\nus-cs2113-AY1920S2\cs2113-website\data-cs2113\studentData.njk
2020-02-01T11:43:51.450Z - info: [19:43:51] Reload for file change: C:\repos\nus-cs2113-AY1920S2\cs2113-website\schedule\week4\tutorial-cs2113.mbdf
2020-02-01T11:43:52.446Z - info: Assets built
2020-02-01T11:43:52.450Z - info: Rebuilding affected source files
2020-02-01T11:43:52.451Z - info: Rebuilding 1 pages
2020-02-01T11:43:53.454Z - info: Pages rebuilt
2020-02-01T11:43:53.459Z - info: Site data built
2020-02-01T11:45:11.615Z - info: [19:45:11] Reload for file change: C:\repos\nus-cs2113-AY1920S2\cs2113-website\schedule\week4\tutorial-cs2113.mbdf
2020-02-01T11:45:12.616Z - info: Rebuilding affected source files
2020-02-01T11:45:12.619Z - info: Rebuilding 1 pages
2020-02-01T11:45:13.588Z - info: Pages rebuilt
2020-02-01T11:45:13.608Z - info: Site data built
2020-02-01T11:46:35.071Z - info: [19:46:35] Reload for file change: C:\repos\nus-cs2113-AY1920S2\cs2113-website\schedule\week4\tutorial-cs2113.mbdf
2020-02-01T11:46:36.072Z - info: Rebuilding affected source files
2020-02-01T11:46:36.073Z - info: Rebuilding 1 pages
2020-02-01T11:46:36.747Z - info: Pages rebuilt
2020-02-01T11:46:36.755Z - info: Site data built
2020-02-01T11:47:09.895Z - info: [19:47:09] Reload for file change: C:\repos\nus-cs2113-AY1920S2\cs2113-website\schedule\week4\tutorial-cs2113.mbdf
2020-02-01T11:47:10.896Z - info: Rebuilding affected source files
2020-02-01T11:47:10.897Z - info: Rebuilding 1 pages
2020-02-01T11:47:11.648Z - info: Pages rebuilt
2020-02-01T11:47:11.659Z - info: Site data built
2020-02-01T11:51:11.667Z - info: [19:51:11] Reload for file change: C:\repos\nus-cs2113-AY1920S2\cs2113-website\schedule\week4\tutorial-cs2113.mbdf
2020-02-01T11:51:12.677Z - info: Rebuilding affected source files
2020-02-01T11:51:12.677Z - info: Rebuilding 1 pages
2020-02-01T11:51:13.769Z - info: Pages rebuilt
2020-02-01T11:51:13.781Z - info: Site data built
2020-02-01T11:51:50.431Z - info: [19:51:50] Reload for file change: C:\repos\nus-cs2113-AY1920S2\cs2113-website\schedule\week4\tutorial-cs2113.mbdf
2020-02-01T11:51:51.443Z - info: Rebuilding affected source files
2020-02-01T11:51:51.443Z - info: Rebuilding 1 pages
2020-02-01T11:51:52.218Z - info: Pages rebuilt
2020-02-01T11:51:52.241Z - info: Site data built
2020-02-01T11:57:55.823Z - info: [19:57:55] Reload for file change: C:\repos\nus-cs2113-AY1920S2\cs2113-website\schedule\week4\tutorial-cs2113.mbdf
2020-02-01T11:57:56.824Z - info: Rebuilding affected source files
2020-02-01T11:57:56.824Z - info: Rebuilding 1 pages
2020-02-01T11:57:57.544Z - info: Pages rebuilt
2020-02-01T11:57:57.557Z - info: Site data built
2020-02-01T11:58:26.865Z - info: [19:58:26] Reload for file change: C:\repos\nus-cs2113-AY1920S2\cs2113-website\schedule\week4\tutorial-cs2113.mbdf
2020-02-01T11:58:27.866Z - info: Rebuilding affected source files
2020-02-01T11:58:27.867Z - info: Rebuilding 1 pages
2020-02-01T11:58:28.468Z - info: Pages rebuilt
2020-02-01T11:58:28.482Z - info: Site data built
2020-02-01T11:59:50.243Z - info: [19:59:50] Reload for file change: C:\repos\nus-cs2113-AY1920S2\cs2113-website\schedule\week4\tutorial-cs2113.mbdf
2020-02-01T11:59:51.245Z - info: Rebuilding affected source files
2020-02-01T11:59:51.245Z - info: Rebuilding 1 pages
2020-02-01T11:59:51.865Z - info: Pages rebuilt
2020-02-01T11:59:51.876Z - info: Site data built
2020-02-01T12:00:13.911Z - info: [20:00:13] Reload for file change: C:\repos\nus-cs2113-AY1920S2\cs2113-website\schedule\week4\tutorial-cs2113.mbdf
2020-02-01T12:00:14.913Z - info: Rebuilding affected source files
2020-02-01T12:00:14.914Z - info: Rebuilding 1 pages
2020-02-01T12:00:15.609Z - info: Pages rebuilt
2020-02-01T12:00:15.620Z - info: Site data built
2020-02-01T12:00:27.248Z - info: [20:00:27] Reload for file change: C:\repos\nus-cs2113-AY1920S2\cs2113-website\schedule\week4\tutorial-cs2113.mbdf
2020-02-01T12:00:28.250Z - info: Rebuilding affected source files
2020-02-01T12:00:28.252Z - info: Rebuilding 1 pages
2020-02-01T12:00:28.804Z - info: Pages rebuilt
2020-02-01T12:00:28.810Z - info: Site data built
2020-02-01T12:00:40.260Z - info: [20:00:40] Reload for file change: C:\repos\nus-cs2113-AY1920S2\cs2113-website\schedule\week4\tutorial-cs2113.mbdf
2020-02-01T12:00:41.263Z - info: Rebuilding affected source files
2020-02-01T12:00:41.264Z - info: Rebuilding 1 pages
2020-02-01T12:00:41.840Z - info: Pages rebuilt
2020-02-01T12:00:41.851Z - info: Site data built
2020-02-01T12:00:47.014Z - info: [20:00:47] Reload for file change: C:\repos\nus-cs2113-AY1920S2\cs2113-website\schedule\week4\tutorial-cs2113.mbdf
2020-02-01T12:00:48.021Z - info: Rebuilding affected source files
2020-02-01T12:00:48.022Z - info: Rebuilding 1 pages
2020-02-01T12:00:48.590Z - info: Pages rebuilt
2020-02-01T12:00:48.597Z - info: Site data built
2020-02-01T12:01:00.249Z - info: [20:01:00] Reload for file change: C:\repos\nus-cs2113-AY1920S2\cs2113-website\schedule\week4\tutorial-cs2113.mbdf
2020-02-01T12:01:01.253Z - info: Rebuilding affected source files
2020-02-01T12:01:01.254Z - info: Rebuilding 1 pages
2020-02-01T12:01:01.901Z - info: Pages rebuilt
2020-02-01T12:01:01.917Z - info: Site data built
2020-02-01T12:03:14.311Z - info: [20:03:14] Reload for file change: C:\repos\nus-cs2113-AY1920S2\cs2113-website\schedule\week4\project-cs2113.mbdf
2020-02-01T12:03:15.313Z - info: Rebuilding affected source files
2020-02-01T12:03:15.313Z - info: Rebuilding 0 pages
2020-02-01T12:03:15.313Z - info: Pages rebuilt
2020-02-01T12:03:15.313Z - info: Site data built
2020-02-01T12:03:27.113Z - info: Website generation started at 20:03:25
2020-02-01T12:03:30.262Z - info: Building assets...
2020-02-01T12:03:33.360Z - info: Assets built
2020-02-01T12:03:33.360Z - info: Generating pages...
2020-02-01T12:03:36.399Z - info: Pages built
2020-02-01T12:03:36.635Z - info: Website generation complete! Total build time: 11.523s
2020-02-01T12:03:36.927Z - info: Serving "C:\repos\nus-cs2113-AY1920S2\cs2113-website\_site" at http://127.0.0.1:8080
2020-02-01T12:03:36.927Z - info: Press CTRL+C to stop ...
2020-02-01T12:03:37.001Z - info: Site data built
2020-02-01T12:03:48.504Z - info: [20:03:48] Reload for file change: C:\repos\nus-cs2113-AY1920S2\cs2113-website\schedule\week4\project-cs2113.mbdf
2020-02-01T12:03:49.514Z - info: Rebuilding affected source files
2020-02-01T12:03:49.514Z - info: Rebuilding 1 pages
2020-02-01T12:03:52.450Z - info: Pages rebuilt
2020-02-01T12:03:52.460Z - info: Site data built
2020-02-01T12:04:29.112Z - info: [20:04:29] Reload for file change: C:\repos\nus-cs2113-AY1920S2\cs2113-website\schedule\week4\project-cs2113.mbdf
2020-02-01T12:04:30.129Z - info: Rebuilding affected source files
2020-02-01T12:04:30.129Z - info: Rebuilding 1 pages
2020-02-01T12:04:33.594Z - info: Pages rebuilt
2020-02-01T12:04:33.603Z - info: Site data built
2020-02-01T12:04:50.359Z - info: [20:04:50] Reload for file change: C:\repos\nus-cs2113-AY1920S2\cs2113-website\schedule\week4\project-cs2113.mbdf
2020-02-01T12:04:51.364Z - info: Rebuilding affected source files
2020-02-01T12:04:51.364Z - info: Rebuilding 1 pages
2020-02-01T12:04:54.181Z - info: Pages rebuilt
2020-02-01T12:04:54.195Z - info: Site data built
2020-02-01T12:07:00.084Z - info: [20:07:00] Reload for file change: C:\repos\nus-cs2113-AY1920S2\cs2113-website\schedule\week4\project-cs2113.mbdf
2020-02-01T12:07:01.084Z - info: Rebuilding affected source files
2020-02-01T12:07:01.084Z - info: Rebuilding 1 pages
2020-02-01T12:07:04.073Z - info: Pages rebuilt
2020-02-01T12:07:04.081Z - info: Site data built
2020-02-01T12:09:13.200Z - info: [20:09:13] Reload for file change: C:\repos\nus-cs2113-AY1920S2\cs2113-website\schedule\week4\project-cs2113.mbdf
2020-02-01T12:09:14.201Z - info: Rebuilding affected source files
2020-02-01T12:09:14.201Z - info: Rebuilding 1 pages
2020-02-01T12:09:15.560Z - error:  Error: No such file: C:\repos\nus-cs2113-AY1920S2\cs2113-website\schedule\week4\tp-grading.md
Missing reference in C:\repos\nus-cs2113-AY1920S2\cs2113-website\schedule\week4\project-cs2113.mbdf
    at Parser._preprocess (C:\Users\damithch\AppData\Roaming\npm\node_modules\markbind-cli\src\lib\markbind\src\parser.js:355:21)
    at element.children.element.children.map.e (C:\Users\damithch\AppData\Roaming\npm\node_modules\markbind-cli\src\lib\markbind\src\parser.js:505:57)
    at Array.map (<anonymous>)
    at Parser._preprocess (C:\Users\damithch\AppData\Roaming\npm\node_modules\markbind-cli\src\lib\markbind\src\parser.js:505:43)
    at element.children.element.children.map.e (C:\Users\damithch\AppData\Roaming\npm\node_modules\markbind-cli\src\lib\markbind\src\parser.js:505:57)
    at Array.map (<anonymous>)
    at Parser._preprocess (C:\Users\damithch\AppData\Roaming\npm\node_modules\markbind-cli\src\lib\markbind\src\parser.js:505:43)
    at element.children.element.children.map.e (C:\Users\damithch\AppData\Roaming\npm\node_modules\markbind-cli\src\lib\markbind\src\parser.js:505:57)
    at Array.map (<anonymous>)
    at Parser._preprocess (C:\Users\damithch\AppData\Roaming\npm\node_modules\markbind-cli\src\lib\markbind\src\parser.js:505:43)
    at element.children.element.children.map.e (C:\Users\damithch\AppData\Roaming\npm\node_modules\markbind-cli\src\lib\markbind\src\parser.js:505:57)
    at Array.map (<anonymous>)
    at Parser._preprocess (C:\Users\damithch\AppData\Roaming\npm\node_modules\markbind-cli\src\lib\markbind\src\parser.js:505:43)
    at element.children.element.children.map.e (C:\Users\damithch\AppData\Roaming\npm\node_modules\markbind-cli\src\lib\markbind\src\parser.js:488:57)
    at Array.map (<anonymous>)
    at Parser._preprocess (C:\Users\damithch\AppData\Roaming\npm\node_modules\markbind-cli\src\lib\markbind\src\parser.js:488:43)
2020-02-01T12:09:17.377Z - info: Pages rebuilt
2020-02-01T12:09:17.382Z - info: Site data built
2020-02-01T12:09:30.267Z - info: [20:09:30] Reload for file change: C:\repos\nus-cs2113-AY1920S2\cs2113-website\schedule\week4\project-cs2113.mbdf
2020-02-01T12:09:31.279Z - info: Rebuilding affected source files
2020-02-01T12:09:31.280Z - info: Rebuilding 1 pages
2020-02-01T12:09:34.206Z - info: Pages rebuilt
2020-02-01T12:09:34.214Z - info: Site data built
2020-02-01T12:10:00.049Z - info: [20:10:00] Reload for file change: C:\repos\nus-cs2113-AY1920S2\cs2113-website\schedule\week4\project-cs2113.mbdf
2020-02-01T12:10:01.049Z - info: Rebuilding affected source files
2020-02-01T12:10:01.049Z - info: Rebuilding 1 pages
2020-02-01T12:10:03.667Z - info: Pages rebuilt
2020-02-01T12:10:03.672Z - info: Site data built
2020-02-01T12:10:33.985Z - info: [20:10:33] Reload for file change: C:\repos\nus-cs2113-AY1920S2\cs2113-website\schedule\week4\project-cs2113.mbdf
2020-02-01T12:10:34.988Z - info: Rebuilding affected source files
2020-02-01T12:10:34.988Z - info: Rebuilding 1 pages
2020-02-01T12:10:37.942Z - info: Pages rebuilt
2020-02-01T12:10:37.948Z - info: Site data built
2020-02-01T12:12:33.730Z - info: Website generation started at 20:12:30
2020-02-01T12:12:37.396Z - info: Building assets...
2020-02-01T12:12:41.119Z - info: Assets built
2020-02-01T12:12:41.120Z - info: Generating pages...
2020-02-01T12:14:30.152Z - debug: The process cannot access the file because it is being used by another process.

2020-02-01T12:14:30.231Z - debug: The process cannot access the file because it is being used by another process.

2020-02-01T12:14:30.231Z - debug: The process cannot access the file because it is being used by another process.

2020-02-01T12:14:30.231Z - debug: The process cannot access the file because it is being used by another process.

2020-02-01T12:14:30.233Z - debug: The process cannot access the file because it is being used by another process.

2020-02-01T12:14:30.234Z - debug: The process cannot access the file because it is being used by another process.

2020-02-01T12:14:30.234Z - debug: The process cannot access the file because it is being used by another process.

2020-02-01T12:14:30.235Z - debug: The process cannot access the file because it is being used by another process.

2020-02-01T12:14:30.235Z - debug: The process cannot access the file because it is being used by another process.

2020-02-01T12:14:30.235Z - debug: The process cannot access the file because it is being used by another process.

2020-02-01T12:14:30.335Z - debug: The process cannot access the file because it is being used by another process.

2020-02-01T12:14:49.157Z - debug:  
2020-02-01T12:14:49.157Z - debug:  
2020-02-01T12:14:49.157Z - debug:  
2020-02-01T12:14:49.157Z - debug:  
2020-02-01T12:15:56.500Z - info: Pages built
2020-02-01T12:16:23.696Z - info: Website generation complete! Total build time: 232.825s
2020-02-01T12:16:23.697Z - info: Build success!
2020-02-01T12:16:23.759Z - info: Site data built
2020-02-01T12:17:09.022Z - info: Deployed!
2020-02-01T12:32:32.828Z - info: Website generation started at 20:32:24
2020-02-01T12:32:37.241Z - info: Building assets...
