2020-04-01T04:32:44.161Z - info: Website generation started at 12:32:43 PM
2020-04-01T04:32:46.803Z - info: Building assets...
2020-04-01T04:32:48.842Z - info: Assets built
2020-04-01T04:32:48.843Z - info: Generating pages...
2020-04-01T04:34:37.517Z - debug: The process cannot access the file because it is being used by another process.

2020-04-01T04:34:37.518Z - debug: The process cannot access the file because it is being used by another process.

2020-04-01T04:34:37.518Z - debug: The process cannot access the file because it is being used by another process.

2020-04-01T04:34:37.518Z - debug: The process cannot access the file because it is being used by another process.

2020-04-01T04:34:37.518Z - debug: The process cannot access the file because it is being used by another process.

2020-04-01T04:34:37.519Z - debug: The process cannot access the file because it is being used by another process.

2020-04-01T04:34:37.519Z - debug: The process cannot access the file because it is being used by another process.

2020-04-01T04:34:37.519Z - debug: The process cannot access the file because it is being used by another process.

2020-04-01T04:34:37.520Z - debug: The process cannot access the file because it is being used by another process.

2020-04-01T04:34:37.520Z - debug: The process cannot access the file because it is being used by another process.

2020-04-01T04:34:37.521Z - debug: The process cannot access the file because it is being used by another process.

2020-04-01T04:34:37.521Z - debug: The process cannot access the file because it is being used by another process.

2020-04-01T04:34:37.521Z - debug: The process cannot access the file because it is being used by another process.

2020-04-01T04:34:37.521Z - debug: The process cannot access the file because it is being used by another process.

2020-04-01T04:34:37.521Z - debug: The process cannot access the file because it is being used by another process.

2020-04-01T04:34:37.522Z - debug: The process cannot access the file because it is being used by another process.

2020-04-01T04:34:37.522Z - debug: The process cannot access the file because it is being used by another process.

2020-04-01T04:34:37.522Z - debug: The process cannot access the file because it is being used by another process.

2020-04-01T04:34:37.522Z - debug: The process cannot access the file because it is being used by another process.

2020-04-01T04:34:37.523Z - debug: The process cannot access the file because it is being used by another process.

2020-04-01T04:34:38.528Z - debug: The process cannot access the file because it is being used by another process.

2020-04-01T04:34:38.528Z - debug: The process cannot access the file because it is being used by another process.

2020-04-01T04:34:39.752Z - debug: The process cannot access the file because it is being used by another process.

2020-04-01T04:34:40.841Z - debug: The process cannot access the file because it is being used by another process.

2020-04-01T04:34:40.841Z - debug: The process cannot access the file because it is being used by another process.

2020-04-01T04:34:41.091Z - debug:  
2020-04-01T04:34:41.091Z - debug:  
2020-04-01T04:34:41.091Z - debug:  
2020-04-01T04:34:41.091Z - debug:  
2020-04-01T04:34:43.442Z - debug:  
2020-04-01T04:34:43.443Z - debug:  
2020-04-01T04:34:43.473Z - info: Pages built
2020-04-01T04:35:00.829Z - info: Website generation complete! Total build time: 137.26s
2020-04-01T04:35:00.829Z - info: Build success!
2020-04-01T04:35:00.831Z - info: Site data built
2020-04-01T04:36:09.060Z - info: Deployed!
2020-04-01T11:14:55.095Z - info: Website generation started at 7:14:53 PM
2020-04-01T11:14:57.910Z - info: Building assets...
2020-04-01T11:15:00.044Z - info: Assets built
2020-04-01T11:15:00.045Z - info: Generating pages...
2020-04-01T11:16:46.184Z - debug: The process cannot access the file because it is being used by another process.

2020-04-01T11:16:46.185Z - debug: The process cannot access the file because it is being used by another process.

2020-04-01T11:16:46.185Z - debug: The process cannot access the file because it is being used by another process.

2020-04-01T11:16:46.185Z - debug: The process cannot access the file because it is being used by another process.

2020-04-01T11:16:46.186Z - debug: The process cannot access the file because it is being used by another process.

2020-04-01T11:16:46.186Z - debug: The process cannot access the file because it is being used by another process.

2020-04-01T11:16:46.186Z - debug: The process cannot access the file because it is being used by another process.

2020-04-01T11:16:46.187Z - debug: The process cannot access the file because it is being used by another process.

2020-04-01T11:16:46.187Z - debug: The process cannot access the file because it is being used by another process.

2020-04-01T11:16:46.187Z - debug: The process cannot access the file because it is being used by another process.

2020-04-01T11:16:46.187Z - debug: The process cannot access the file because it is being used by another process.

2020-04-01T11:16:46.188Z - debug: The process cannot access the file because it is being used by another process.

2020-04-01T11:16:46.188Z - debug: The process cannot access the file because it is being used by another process.

2020-04-01T11:16:46.188Z - debug: The process cannot access the file because it is being used by another process.

2020-04-01T11:16:46.188Z - debug: The process cannot access the file because it is being used by another process.

2020-04-01T11:16:46.188Z - debug: The process cannot access the file because it is being used by another process.

2020-04-01T11:16:46.189Z - debug: The process cannot access the file because it is being used by another process.

2020-04-01T11:16:46.189Z - debug: The process cannot access the file because it is being used by another process.

2020-04-01T11:16:46.189Z - debug: The process cannot access the file because it is being used by another process.

2020-04-01T11:16:46.189Z - debug: The process cannot access the file because it is being used by another process.

2020-04-01T11:16:46.190Z - debug: The process cannot access the file because it is being used by another process.

2020-04-01T11:16:46.191Z - debug: The process cannot access the file because it is being used by another process.

2020-04-01T11:16:46.192Z - debug: The process cannot access the file because it is being used by another process.

2020-04-01T11:16:46.193Z - debug: The process cannot access the file because it is being used by another process.

2020-04-01T11:16:46.194Z - debug: The process cannot access the file because it is being used by another process.

2020-04-01T11:16:48.793Z - debug:  
2020-04-01T11:16:48.793Z - debug:  
2020-04-01T11:16:48.793Z - debug:  
2020-04-01T11:16:48.793Z - debug:  
2020-04-01T11:16:51.377Z - debug:  
2020-04-01T11:16:51.377Z - debug:  
2020-04-01T11:16:51.398Z - info: Pages built
2020-04-01T11:17:10.079Z - info: Website generation complete! Total build time: 136.416s
2020-04-01T11:17:10.080Z - info: Build success!
2020-04-01T11:17:10.082Z - info: Site data built
2020-04-01T11:17:51.006Z - info: Deployed!
