2020-04-15T08:45:38.150Z - info: Website generation (lazy) started at 4:45:26 PM
2020-04-15T08:45:48.468Z - info: Building assets...
2020-04-15T08:45:57.044Z - info: Assets built
2020-04-15T08:45:57.045Z - info: Generating landing page...
2020-04-15T08:45:58.072Z - info: Landing page built, other pages will be built as you navigate to them!
2020-04-15T08:45:58.183Z - info: Website generation (lazy) complete! Total build time: 31.866s
2020-04-15T08:45:59.279Z - info: Serving "C:\repos\nus-cs2113-AY1920S2\cs2113-website\_site" at http://127.0.0.1:8080
2020-04-15T08:45:59.279Z - info: Press CTRL+C to stop ...
2020-04-15T08:45:59.355Z - info: Site data built
2020-04-15T08:46:10.025Z - info: Building C:\repos\nus-cs2113-AY1920S2\cs2113-website\admin\index as some of its dependencies were changed since the last visit
2020-04-15T08:46:10.798Z - info: Site data built
2020-04-15T08:46:10.799Z - info: Lazy website regeneration complete! Total build time: 0.776s
2020-04-15T08:46:17.182Z - info: Building C:\repos\nus-cs2113-AY1920S2\cs2113-website\admin\tp-deliverables as some of its dependencies were changed since the last visit
2020-04-15T08:46:19.449Z - info: Site data built
2020-04-15T08:46:19.449Z - info: Lazy website regeneration complete! Total build time: 2.268s
2020-04-15T08:47:40.899Z - info: [4:47:40 PM] Reload for file change: C:\repos\nus-cs2113-AY1920S2\cs2113-website\admin\tp-deliverables-pe.mbdf
2020-04-15T08:47:41.906Z - info: Rebuilding affected source files
2020-04-15T08:47:41.910Z - info: Rebuilding 1 pages
2020-04-15T08:47:46.024Z - info: Pages rebuilt
2020-04-15T08:47:46.024Z - info: Website regeneration complete! Total build time: 4.117s
2020-04-15T08:47:46.070Z - info: Site data built
2020-04-15T08:51:42.811Z - info: [4:51:42 PM] Reload for file change: C:\repos\nus-cs2113-AY1920S2\cs2113-website\admin\tp-deliverables-pe.mbdf
2020-04-15T08:51:43.820Z - info: Rebuilding affected source files
2020-04-15T08:51:43.828Z - info: Rebuilding 1 pages
2020-04-15T08:51:47.700Z - info: Pages rebuilt
2020-04-15T08:51:47.701Z - info: Website regeneration complete! Total build time: 3.879s
2020-04-15T08:51:47.710Z - info: Site data built
2020-04-15T08:52:25.742Z - info: [4:52:25 PM] Reload for file change: C:\repos\nus-cs2113-AY1920S2\cs2113-website\admin\tp-deliverables-pe.mbdf
2020-04-15T08:52:26.747Z - info: Rebuilding affected source files
2020-04-15T08:52:26.759Z - info: Rebuilding 1 pages
2020-04-15T08:52:29.511Z - info: Pages rebuilt
2020-04-15T08:52:29.512Z - info: Website regeneration complete! Total build time: 2.763s
2020-04-15T08:52:29.521Z - info: Site data built
2020-04-15T08:52:45.267Z - info: [4:52:45 PM] Reload for file change: C:\repos\nus-cs2113-AY1920S2\cs2113-website\admin\tp-deliverables-pe.mbdf
2020-04-15T08:52:46.282Z - info: Rebuilding affected source files
2020-04-15T08:52:46.285Z - info: Rebuilding 1 pages
2020-04-15T08:52:48.491Z - info: Pages rebuilt
2020-04-15T08:52:48.492Z - info: Website regeneration complete! Total build time: 2.209s
2020-04-15T08:52:48.499Z - info: Site data built
2020-04-15T08:54:27.542Z - info: [4:54:27 PM] Reload for file change: C:\repos\nus-cs2113-AY1920S2\cs2113-website\admin\tp-deliverables-pe.mbdf
2020-04-15T08:54:28.558Z - info: Rebuilding affected source files
2020-04-15T08:54:28.561Z - info: Rebuilding 1 pages
2020-04-15T08:54:31.082Z - info: Pages rebuilt
2020-04-15T08:54:31.082Z - info: Website regeneration complete! Total build time: 2.524s
2020-04-15T08:54:31.088Z - info: Site data built
2020-04-15T08:55:24.135Z - info: [4:55:24 PM] Reload for file change: C:\repos\nus-cs2113-AY1920S2\cs2113-website\admin\tp-deliverables-pe.mbdf
2020-04-15T08:55:25.167Z - info: Rebuilding affected source files
2020-04-15T08:55:25.172Z - info: Rebuilding 1 pages
2020-04-15T08:55:27.443Z - info: Pages rebuilt
2020-04-15T08:55:27.444Z - info: Website regeneration complete! Total build time: 2.276s
2020-04-15T08:55:27.449Z - info: Site data built
2020-04-15T08:56:36.193Z - info: [4:56:36 PM] Reload for file change: C:\repos\nus-cs2113-AY1920S2\cs2113-website\admin\tp-deliverables-pe.mbdf
2020-04-15T08:56:37.199Z - info: Rebuilding affected source files
2020-04-15T08:56:37.212Z - info: Rebuilding 1 pages
2020-04-15T08:56:39.918Z - info: Pages rebuilt
2020-04-15T08:56:39.918Z - info: Website regeneration complete! Total build time: 2.718s
2020-04-15T08:56:39.924Z - info: Site data built
2020-04-15T08:58:57.565Z - info: [4:58:57 PM] Reload for file change: C:\repos\nus-cs2113-AY1920S2\cs2113-website\admin\tp-deliverables-pe.mbdf
2020-04-15T08:58:58.580Z - info: Rebuilding affected source files
2020-04-15T08:58:58.594Z - info: Rebuilding 1 pages
2020-04-15T08:59:01.191Z - info: Pages rebuilt
2020-04-15T08:59:01.191Z - info: Website regeneration complete! Total build time: 2.609s
2020-04-15T08:59:01.197Z - info: Site data built
2020-04-15T08:59:38.248Z - info: [4:59:38 PM] Reload for file change: C:\repos\nus-cs2113-AY1920S2\cs2113-website\admin\tp-deliverables-pe.mbdf
2020-04-15T08:59:39.254Z - info: Rebuilding affected source files
2020-04-15T08:59:39.259Z - info: Rebuilding 1 pages
2020-04-15T08:59:41.719Z - info: Pages rebuilt
2020-04-15T08:59:41.719Z - info: Website regeneration complete! Total build time: 2.465s
2020-04-15T08:59:41.725Z - info: Site data built
2020-04-15T09:00:10.479Z - info: [5:00:10 PM] Reload for file change: C:\repos\nus-cs2113-AY1920S2\cs2113-website\admin\tp-deliverables-pe.mbdf
2020-04-15T09:00:11.481Z - info: Rebuilding affected source files
2020-04-15T09:00:11.484Z - info: Rebuilding 1 pages
2020-04-15T09:00:13.830Z - info: Pages rebuilt
2020-04-15T09:00:13.830Z - info: Website regeneration complete! Total build time: 2.348s
2020-04-15T09:00:13.836Z - info: Site data built
2020-04-15T09:00:48.132Z - info: [5:00:48 PM] Reload for file change: C:\repos\nus-cs2113-AY1920S2\cs2113-website\admin\tp-deliverables-pe.mbdf
2020-04-15T09:00:49.136Z - info: Rebuilding affected source files
2020-04-15T09:00:49.141Z - info: Rebuilding 1 pages
2020-04-15T09:00:51.686Z - info: Pages rebuilt
2020-04-15T09:00:51.686Z - info: Website regeneration complete! Total build time: 2.549s
2020-04-15T09:00:51.693Z - info: Site data built
2020-04-15T09:05:55.241Z - info: [5:05:55 PM] Reload for file change: C:\repos\nus-cs2113-AY1920S2\cs2113-website\admin\tp-deliverables-pe.mbdf
2020-04-15T09:05:56.244Z - info: Rebuilding affected source files
2020-04-15T09:05:56.248Z - info: Rebuilding 1 pages
2020-04-15T09:05:59.802Z - info: Pages rebuilt
2020-04-15T09:05:59.802Z - info: Website regeneration complete! Total build time: 3.558s
2020-04-15T09:05:59.810Z - info: Site data built
2020-04-15T09:07:35.518Z - info: [5:07:35 PM] Reload for file change: C:\repos\nus-cs2113-AY1920S2\cs2113-website\admin\tp-deliverables-pe.mbdf
2020-04-15T09:07:36.528Z - info: Rebuilding affected source files
2020-04-15T09:07:36.534Z - info: Rebuilding 1 pages
2020-04-15T09:07:39.078Z - info: Pages rebuilt
2020-04-15T09:07:39.078Z - info: Website regeneration complete! Total build time: 2.55s
2020-04-15T09:07:39.086Z - info: Site data built
2020-04-15T09:10:56.523Z - info: [5:10:56 PM] Reload for file change: C:\repos\nus-cs2113-AY1920S2\cs2113-website\admin\tp-deliverables-pe.mbdf
2020-04-15T09:10:57.546Z - info: Rebuilding affected source files
2020-04-15T09:10:57.553Z - info: Rebuilding 1 pages
2020-04-15T09:11:00.311Z - info: Pages rebuilt
2020-04-15T09:11:00.311Z - info: Website regeneration complete! Total build time: 2.765s
2020-04-15T09:11:00.317Z - info: Site data built
2020-04-15T09:12:50.536Z - info: [5:12:50 PM] Reload for file change: C:\repos\nus-cs2113-AY1920S2\cs2113-website\admin\tp-deliverables-pe.mbdf
2020-04-15T09:12:51.550Z - info: Rebuilding affected source files
2020-04-15T09:12:51.555Z - info: Rebuilding 1 pages
2020-04-15T09:12:54.183Z - info: Pages rebuilt
2020-04-15T09:12:54.183Z - info: Website regeneration complete! Total build time: 2.633s
2020-04-15T09:12:54.190Z - info: Site data built
2020-04-15T09:13:57.629Z - info: Website generation started at 5:13:54 PM
2020-04-15T09:14:04.310Z - info: Building assets...
