2020-02-22T02:57:38.388Z - info: Website generation started at 10:57:31
2020-02-22T02:57:43.510Z - info: Building assets...
2020-02-22T02:57:47.193Z - info: Assets built
2020-02-22T02:57:47.193Z - info: Generating pages...
2020-02-22T02:59:55.072Z - debug: The process cannot access the file because it is being used by another process.

2020-02-22T02:59:55.087Z - debug: The process cannot access the file because it is being used by another process.

2020-02-22T02:59:55.087Z - debug: The process cannot access the file because it is being used by another process.

2020-02-22T02:59:55.087Z - debug: The process cannot access the file because it is being used by another process.

2020-02-22T02:59:55.087Z - debug: The process cannot access the file because it is being used by another process.

2020-02-22T02:59:55.087Z - debug: The process cannot access the file because it is being used by another process.

2020-02-22T02:59:55.087Z - debug: The process cannot access the file because it is being used by another process.

2020-02-22T02:59:55.087Z - debug: The process cannot access the file because it is being used by another process.

2020-02-22T02:59:55.087Z - debug: The process cannot access the file because it is being used by another process.

2020-02-22T02:59:55.087Z - debug: The process cannot access the file because it is being used by another process.

2020-02-22T02:59:55.087Z - debug: The process cannot access the file because it is being used by another process.

2020-02-22T02:59:55.087Z - debug: The process cannot access the file because it is being used by another process.

2020-02-22T02:59:55.087Z - debug: The process cannot access the file because it is being used by another process.

2020-02-22T02:59:55.087Z - debug: The process cannot access the file because it is being used by another process.

2020-02-22T02:59:55.087Z - debug: The process cannot access the file because it is being used by another process.

2020-02-22T02:59:55.087Z - debug: The process cannot access the file because it is being used by another process.

2020-02-22T02:59:55.103Z - debug: The process cannot access the file because it is being used by another process.

2020-02-22T02:59:55.103Z - debug: The process cannot access the file because it is being used by another process.

2020-02-22T02:59:55.103Z - debug: The process cannot access the file because it is being used by another process.

2020-02-22T02:59:55.103Z - debug: The process cannot access the file because it is being used by another process.

2020-02-22T02:59:55.103Z - debug: The process cannot access the file because it is being used by another process.

2020-02-22T02:59:55.384Z - debug: The process cannot access the file because it is being used by another process.

2020-02-22T02:59:55.400Z - debug: The process cannot access the file because it is being used by another process.

2020-02-22T02:59:55.415Z - debug: The process cannot access the file because it is being used by another process.

2020-02-22T02:59:57.431Z - debug: The process cannot access the file because it is being used by another process.

2020-02-22T03:00:12.371Z - debug:  
2020-02-22T03:00:12.371Z - debug:  
2020-02-22T03:00:12.371Z - debug:  
2020-02-22T03:00:12.371Z - debug:  
2020-02-22T03:01:40.305Z - info: Pages built
2020-02-22T03:02:16.835Z - info: Website generation complete! Total build time: 285.834s
2020-02-22T03:02:16.839Z - info: Build success!
2020-02-22T03:02:16.855Z - info: Site data built
2020-02-22T03:03:15.594Z - info: Deployed!
