2020-04-10T16:57:09.624Z - info: [12:57:09 AM] Reload for file change: C:\repos\nus-cs2113-AY1920S2\cs2113-website\admin\tp-commenting-activities-dashboard-panels.mbdf
2020-04-10T16:57:10.640Z - info: Rebuilding affected source files
2020-04-10T16:57:10.670Z - info: Rebuilding 1 pages
2020-04-10T16:57:17.363Z - info: Pages rebuilt
2020-04-10T16:57:17.364Z - info: Website regeneration complete! Total build time: 6.722s
2020-04-10T16:57:17.374Z - info: Site data built
2020-04-10T17:01:58.434Z - info: [1:01:58 AM] Reload for file change: C:\repos\nus-cs2113-AY1920S2\cs2113-website\admin\tp-commenting-activities-dashboard-panels.mbdf
2020-04-10T17:01:59.445Z - info: Rebuilding affected source files
2020-04-10T17:01:59.450Z - info: Rebuilding 1 pages
2020-04-10T17:02:05.403Z - info: Pages rebuilt
2020-04-10T17:02:05.403Z - info: Website regeneration complete! Total build time: 5.957s
2020-04-10T17:02:05.409Z - info: Site data built
2020-04-10T17:05:56.798Z - info: [1:05:56 AM] Reload for file change: C:\repos\nus-cs2113-AY1920S2\cs2113-website\admin\tp-commenting-activities-dashboard-panels.mbdf
2020-04-10T17:05:57.805Z - info: Rebuilding affected source files
2020-04-10T17:05:57.815Z - info: Rebuilding 1 pages
2020-04-10T17:06:09.291Z - info: Pages rebuilt
2020-04-10T17:06:09.294Z - info: Website regeneration complete! Total build time: 11.487s
2020-04-10T17:06:09.308Z - info: Site data built
2020-04-10T17:06:33.640Z - info: [1:06:33 AM] Reload for file change: C:\repos\nus-cs2113-AY1920S2\cs2113-website\admin\tp-commenting-activities-dashboard.md
2020-04-10T17:06:34.651Z - info: Rebuilding affected source files
2020-04-10T17:06:34.664Z - info: Rebuilding 1 pages
2020-04-10T17:06:45.041Z - info: Pages rebuilt
2020-04-10T17:06:45.042Z - info: Website regeneration complete! Total build time: 10.389s
2020-04-10T17:06:45.049Z - info: Site data built
2020-04-10T17:08:39.143Z - info: [1:08:39 AM] Reload for file change: C:\repos\nus-cs2113-AY1920S2\cs2113-website\admin\tp-commenting-activities-dashboard-panels.mbdf
2020-04-10T17:08:40.147Z - info: Rebuilding affected source files
2020-04-10T17:08:40.151Z - info: Rebuilding 1 pages
2020-04-10T17:08:52.845Z - info: Pages rebuilt
2020-04-10T17:08:52.846Z - info: Website regeneration complete! Total build time: 12.699s
2020-04-10T17:08:52.852Z - info: Site data built
2020-04-10T17:09:21.108Z - info: [1:09:21 AM] Reload for file change: C:\repos\nus-cs2113-AY1920S2\cs2113-website\admin\tp-commenting-activities-dashboard.md
2020-04-10T17:09:22.120Z - info: Rebuilding affected source files
2020-04-10T17:09:22.130Z - info: Rebuilding 1 pages
2020-04-10T17:09:34.507Z - info: Pages rebuilt
2020-04-10T17:09:34.507Z - info: Website regeneration complete! Total build time: 12.385s
2020-04-10T17:09:34.520Z - info: Site data built
2020-04-10T17:10:05.230Z - info: [1:10:05 AM] Reload for file change: C:\repos\nus-cs2113-AY1920S2\cs2113-website\admin\tp-commenting-activities-dashboard-panels.mbdf
2020-04-10T17:10:06.235Z - info: Rebuilding affected source files
2020-04-10T17:10:06.237Z - info: Rebuilding 1 pages
2020-04-10T17:10:18.499Z - info: Pages rebuilt
2020-04-10T17:10:18.499Z - info: Website regeneration complete! Total build time: 12.264s
2020-04-10T17:10:18.502Z - info: Site data built
2020-04-10T17:12:07.704Z - info: [1:12:07 AM] Reload for file change: C:\repos\nus-cs2113-AY1920S2\cs2113-website\admin\tp-commenting-activities-dashboard-panels.mbdf
2020-04-10T17:12:08.706Z - info: Rebuilding affected source files
2020-04-10T17:12:08.710Z - info: Rebuilding 1 pages
2020-04-10T17:12:20.949Z - info: Pages rebuilt
2020-04-10T17:12:20.951Z - info: Website regeneration complete! Total build time: 12.244s
2020-04-10T17:12:20.956Z - info: Site data built
2020-04-10T17:13:55.016Z - info: [1:13:55 AM] Reload for file deletion: C:\repos\nus-cs2113-AY1920S2\cs2113-website\admin\tp-commenting-activities-dashboard-panels.mbdf.backup
2020-04-10T17:13:56.033Z - info: Assets removed
2020-04-11T03:30:19.180Z - info: Website generation (lazy) started at 11:30:14 AM
2020-04-11T03:30:27.311Z - info: Building assets...
2020-04-11T03:30:32.789Z - info: Assets built
2020-04-11T03:30:32.789Z - info: Generating landing page...
2020-04-11T03:30:33.785Z - info: Landing page built, other pages will be built as you navigate to them!
2020-04-11T03:30:33.878Z - info: Website generation (lazy) complete! Total build time: 19.275s
2020-04-11T03:30:34.678Z - info: Serving "C:\repos\nus-cs2113-AY1920S2\cs2113-website\_site" at http://127.0.0.1:8080
2020-04-11T03:30:34.678Z - info: Press CTRL+C to stop ...
2020-04-11T03:30:34.740Z - info: Site data built
2020-04-11T03:30:51.880Z - info: Building C:\repos\nus-cs2113-AY1920S2\cs2113-website\schedule\week13\project as some of its dependencies were changed since the last visit
2020-04-11T03:30:53.984Z - info: Site data built
2020-04-11T03:30:53.984Z - info: Lazy website regeneration complete! Total build time: 2.105s
2020-04-11T03:35:48.366Z - info: [11:35:48 AM] Reload for file change: C:\repos\nus-cs2113-AY1920S2\cs2113-website\admin\tp-tasks.mbdf
2020-04-11T03:35:49.368Z - info: Rebuilding affected source files
2020-04-11T03:35:49.372Z - info: Rebuilding 1 pages
2020-04-11T03:35:51.860Z - info: Pages rebuilt
2020-04-11T03:35:51.860Z - info: Website regeneration complete! Total build time: 2.492s
2020-04-11T03:35:51.870Z - info: Site data built
2020-04-11T03:36:17.734Z - info: [11:36:17 AM] Reload for file change: C:\repos\nus-cs2113-AY1920S2\cs2113-website\admin\tp-tasks.mbdf
2020-04-11T03:36:18.741Z - info: Rebuilding affected source files
2020-04-11T03:36:18.750Z - info: Rebuilding 1 pages
2020-04-11T03:36:20.936Z - info: Pages rebuilt
2020-04-11T03:36:20.937Z - info: Website regeneration complete! Total build time: 2.194s
2020-04-11T03:36:20.943Z - info: Site data built
2020-04-11T03:36:41.154Z - info: [11:36:41 AM] Reload for file change: C:\repos\nus-cs2113-AY1920S2\cs2113-website\admin\tp-tasks.mbdf
2020-04-11T03:36:42.158Z - info: Rebuilding affected source files
2020-04-11T03:36:42.161Z - info: Rebuilding 1 pages
2020-04-11T03:36:44.561Z - info: Pages rebuilt
2020-04-11T03:36:44.561Z - info: Website regeneration complete! Total build time: 2.403s
2020-04-11T03:36:44.566Z - info: Site data built
2020-04-11T03:38:07.301Z - info: [11:38:07 AM] Reload for file change: C:\repos\nus-cs2113-AY1920S2\cs2113-website\admin\tp-tasks.mbdf
2020-04-11T03:38:08.317Z - info: Rebuilding affected source files
2020-04-11T03:38:08.322Z - info: Rebuilding 1 pages
2020-04-11T03:38:10.041Z - info: Pages rebuilt
2020-04-11T03:38:10.041Z - info: Website regeneration complete! Total build time: 1.724s
2020-04-11T03:38:10.047Z - info: Site data built
2020-04-11T03:41:22.355Z - info: [11:41:22 AM] Reload for file change: C:\repos\nus-cs2113-AY1920S2\cs2113-website\admin\tp-tasks.mbdf
2020-04-11T03:41:23.373Z - info: Rebuilding affected source files
2020-04-11T03:41:23.375Z - info: Rebuilding 1 pages
2020-04-11T03:41:23.998Z - error:  Error: No such file: C:\repos\nus-cs2113-AY1920S2\cs2113-website\book\usage.md
Missing reference in C:\repos\nus-cs2113-AY1920S2\cs2113-website\admin\tp-tasks.mbdf
    at _getFileExistsNode (C:\Users\damithch\AppData\Roaming\npm\node_modules\markbind-cli\src\lib\markbind\src\preprocessors\componentPreprocessor.js:92:19)
    at _preprocessInclude (C:\Users\damithch\AppData\Roaming\npm\node_modules\markbind-cli\src\lib\markbind\src\preprocessors\componentPreprocessor.js:255:26)
    at preProcessComponent (C:\Users\damithch\AppData\Roaming\npm\node_modules\markbind-cli\src\lib\markbind\src\preprocessors\componentPreprocessor.js:390:12)
    at C:\Users\damithch\AppData\Roaming\npm\node_modules\markbind-cli\src\lib\markbind\src\preprocessors\componentPreprocessor.js:160:52
    at Array.map (<anonymous>)
    at _preProcessPanel (C:\Users\damithch\AppData\Roaming\npm\node_modules\markbind-cli\src\lib\markbind\src\preprocessors\componentPreprocessor.js:160:43)
    at preProcessComponent (C:\Users\damithch\AppData\Roaming\npm\node_modules\markbind-cli\src\lib\markbind\src\preprocessors\componentPreprocessor.js:385:12)
    at C:\Users\damithch\AppData\Roaming\npm\node_modules\markbind-cli\src\lib\markbind\src\preprocessors\componentPreprocessor.js:397:52
    at Array.map (<anonymous>)
    at preProcessComponent (C:\Users\damithch\AppData\Roaming\npm\node_modules\markbind-cli\src\lib\markbind\src\preprocessors\componentPreprocessor.js:397:43)
    at C:\Users\damithch\AppData\Roaming\npm\node_modules\markbind-cli\src\lib\markbind\src\preprocessors\componentPreprocessor.js:397:52
    at Array.map (<anonymous>)
    at preProcessComponent (C:\Users\damithch\AppData\Roaming\npm\node_modules\markbind-cli\src\lib\markbind\src\preprocessors\componentPreprocessor.js:397:43)
    at C:\Users\damithch\AppData\Roaming\npm\node_modules\markbind-cli\src\lib\markbind\src\preprocessors\componentPreprocessor.js:397:52
    at Array.map (<anonymous>)
    at preProcessComponent (C:\Users\damithch\AppData\Roaming\npm\node_modules\markbind-cli\src\lib\markbind\src\preprocessors\componentPreprocessor.js:397:43)
2020-04-11T03:41:24.124Z - error:  Error: No such file: C:\repos\nus-cs2113-AY1920S2\cs2113-website\book\usage.md
Missing reference in C:\repos\nus-cs2113-AY1920S2\cs2113-website\admin\tp-tasks.mbdf
    at _getFileExistsNode (C:\Users\damithch\AppData\Roaming\npm\node_modules\markbind-cli\src\lib\markbind\src\preprocessors\componentPreprocessor.js:92:19)
    at _preprocessInclude (C:\Users\damithch\AppData\Roaming\npm\node_modules\markbind-cli\src\lib\markbind\src\preprocessors\componentPreprocessor.js:255:26)
    at preProcessComponent (C:\Users\damithch\AppData\Roaming\npm\node_modules\markbind-cli\src\lib\markbind\src\preprocessors\componentPreprocessor.js:390:12)
    at C:\Users\damithch\AppData\Roaming\npm\node_modules\markbind-cli\src\lib\markbind\src\preprocessors\componentPreprocessor.js:160:52
    at Array.map (<anonymous>)
    at _preProcessPanel (C:\Users\damithch\AppData\Roaming\npm\node_modules\markbind-cli\src\lib\markbind\src\preprocessors\componentPreprocessor.js:160:43)
    at preProcessComponent (C:\Users\damithch\AppData\Roaming\npm\node_modules\markbind-cli\src\lib\markbind\src\preprocessors\componentPreprocessor.js:385:12)
    at C:\Users\damithch\AppData\Roaming\npm\node_modules\markbind-cli\src\lib\markbind\src\preprocessors\componentPreprocessor.js:397:52
    at Array.map (<anonymous>)
    at preProcessComponent (C:\Users\damithch\AppData\Roaming\npm\node_modules\markbind-cli\src\lib\markbind\src\preprocessors\componentPreprocessor.js:397:43)
    at C:\Users\damithch\AppData\Roaming\npm\node_modules\markbind-cli\src\lib\markbind\src\preprocessors\componentPreprocessor.js:397:52
    at Array.map (<anonymous>)
    at preProcessComponent (C:\Users\damithch\AppData\Roaming\npm\node_modules\markbind-cli\src\lib\markbind\src\preprocessors\componentPreprocessor.js:397:43)
    at C:\Users\damithch\AppData\Roaming\npm\node_modules\markbind-cli\src\lib\markbind\src\preprocessors\componentPreprocessor.js:397:52
    at Array.map (<anonymous>)
    at preProcessComponent (C:\Users\damithch\AppData\Roaming\npm\node_modules\markbind-cli\src\lib\markbind\src\preprocessors\componentPreprocessor.js:397:43)
2020-04-11T03:41:25.369Z - info: Pages rebuilt
2020-04-11T03:41:25.369Z - info: Website regeneration complete! Total build time: 1.996s
2020-04-11T03:41:25.374Z - info: Site data built
2020-04-11T03:41:52.601Z - info: [11:41:52 AM] Reload for file change: C:\repos\nus-cs2113-AY1920S2\cs2113-website\admin\tp-tasks.mbdf
2020-04-11T03:41:53.611Z - info: Rebuilding affected source files
2020-04-11T03:41:53.615Z - info: Rebuilding 1 pages
2020-04-11T03:41:55.313Z - info: Pages rebuilt
2020-04-11T03:41:55.314Z - info: Website regeneration complete! Total build time: 1.703s
2020-04-11T03:41:55.318Z - info: Site data built
2020-04-11T03:42:43.470Z - info: [11:42:43 AM] Reload for file change: C:\repos\nus-cs2113-AY1920S2\cs2113-website\admin\tp-tasks.mbdf
2020-04-11T03:42:44.494Z - info: Rebuilding affected source files
2020-04-11T03:42:44.499Z - info: Rebuilding 1 pages
2020-04-11T03:42:46.249Z - info: Pages rebuilt
2020-04-11T03:42:46.249Z - info: Website regeneration complete! Total build time: 1.755s
2020-04-11T03:42:46.252Z - info: Site data built
2020-04-11T03:44:03.087Z - info: [11:44:03 AM] Reload for file change: C:\repos\nus-cs2113-AY1920S2\cs2113-website\admin\tp-tasks.mbdf
2020-04-11T03:44:04.120Z - info: Rebuilding affected source files
2020-04-11T03:44:04.126Z - info: Rebuilding 1 pages
2020-04-11T03:44:06.040Z - info: Pages rebuilt
2020-04-11T03:44:06.040Z - info: Website regeneration complete! Total build time: 1.919s
2020-04-11T03:44:06.044Z - info: Site data built
2020-04-11T03:44:58.107Z - info: Building C:\repos\nus-cs2113-AY1920S2\cs2113-website\schedule\week12\index as some of its dependencies were changed since the last visit
2020-04-11T03:44:59.162Z - info: Site data built
2020-04-11T03:44:59.166Z - info: Lazy website regeneration complete! Total build time: 1.059s
2020-04-11T03:45:02.278Z - info: Building C:\repos\nus-cs2113-AY1920S2\cs2113-website\schedule\week12\project as some of its dependencies were changed since the last visit
2020-04-11T03:45:03.159Z - info: Site data built
2020-04-11T03:45:03.159Z - info: Lazy website regeneration complete! Total build time: 0.882s
2020-04-11T03:58:08.603Z - info: [11:58:08 AM] Reload for file change: C:\repos\nus-cs2113-AY1920S2\cs2113-website\admin\tp-progress-dashboard-table.mbdf
2020-04-11T03:58:09.634Z - info: Rebuilding affected source files
2020-04-11T03:58:09.703Z - info: Rebuilding 0 pages
2020-04-11T03:58:09.706Z - info: Pages rebuilt
2020-04-11T03:58:09.706Z - info: Website regeneration complete! Total build time: 0.021s
2020-04-11T03:58:09.723Z - info: Site data built
2020-04-11T03:58:22.419Z - info: Building C:\repos\nus-cs2113-AY1920S2\cs2113-website\admin\tp-progress-dashboard as some of its dependencies were changed since the last visit
2020-04-11T03:58:26.425Z - info: Site data built
2020-04-11T03:58:26.430Z - info: Lazy website regeneration complete! Total build time: 4.01s
2020-04-11T04:00:07.068Z - info: Website generation started at 12:00:04 PM
2020-04-11T04:00:14.034Z - info: Building assets...
2020-04-11T04:00:18.652Z - info: Assets built
2020-04-11T04:00:18.653Z - info: Generating pages...
2020-04-11T04:03:14.555Z - debug: The process cannot access the file because it is being used by another process.

2020-04-11T04:03:14.559Z - debug: The process cannot access the file because it is being used by another process.

2020-04-11T04:03:14.560Z - debug: The process cannot access the file because it is being used by another process.

2020-04-11T04:03:14.560Z - debug: The process cannot access the file because it is being used by another process.

2020-04-11T04:03:14.561Z - debug: The process cannot access the file because it is being used by another process.

2020-04-11T04:03:14.562Z - debug: The process cannot access the file because it is being used by another process.

2020-04-11T04:03:14.562Z - debug: The process cannot access the file because it is being used by another process.

2020-04-11T04:03:14.563Z - debug: The process cannot access the file because it is being used by another process.

2020-04-11T04:03:14.563Z - debug: The process cannot access the file because it is being used by another process.

2020-04-11T04:03:14.564Z - debug: The process cannot access the file because it is being used by another process.

2020-04-11T04:03:14.564Z - debug: The process cannot access the file because it is being used by another process.

2020-04-11T04:03:14.565Z - debug: The process cannot access the file because it is being used by another process.

2020-04-11T04:03:14.565Z - debug: The process cannot access the file because it is being used by another process.

2020-04-11T04:03:14.566Z - debug: The process cannot access the file because it is being used by another process.

2020-04-11T04:03:14.566Z - debug: The process cannot access the file because it is being used by another process.

2020-04-11T04:03:14.593Z - debug: The process cannot access the file because it is being used by another process.

2020-04-11T04:03:16.742Z - debug: The process cannot access the file because it is being used by another process.

2020-04-11T04:03:16.743Z - debug: The process cannot access the file because it is being used by another process.

2020-04-11T04:03:16.743Z - debug: The process cannot access the file because it is being used by another process.

2020-04-11T04:03:16.743Z - debug: The process cannot access the file because it is being used by another process.

2020-04-11T04:03:16.743Z - debug: The process cannot access the file because it is being used by another process.

2020-04-11T04:03:16.744Z - debug: The process cannot access the file because it is being used by another process.

2020-04-11T04:03:16.744Z - debug: The process cannot access the file because it is being used by another process.

2020-04-11T04:03:16.747Z - debug: The process cannot access the file because it is being used by another process.

2020-04-11T04:03:16.827Z - debug: The process cannot access the file because it is being used by another process.

2020-04-11T04:03:20.167Z - debug:  
2020-04-11T04:03:20.167Z - debug:  
2020-04-11T04:03:20.441Z - debug:  
2020-04-11T04:03:20.441Z - debug:  
2020-04-11T04:03:20.751Z - info: Pages built
2020-04-11T04:03:56.744Z - info: Website generation complete! Total build time: 232.636s
2020-04-11T04:03:56.744Z - info: Build success!
2020-04-11T04:03:56.749Z - info: Site data built
2020-04-11T04:03:56.979Z - debug:  
2020-04-11T04:03:56.983Z - debug:  
2020-04-11T04:04:40.195Z - info: Deployed!
2020-04-11T15:56:07.260Z - info: Website generation (lazy) started at 11:55:58 PM
2020-04-11T15:56:16.553Z - info: Building assets...
2020-04-11T15:56:22.416Z - info: Assets built
2020-04-11T15:56:22.417Z - info: Generating landing page...
2020-04-11T15:56:23.659Z - info: Landing page built, other pages will be built as you navigate to them!
2020-04-11T15:56:23.755Z - info: Website generation (lazy) complete! Total build time: 25.637s
2020-04-11T15:56:24.532Z - info: Serving "C:\repos\nus-cs2113-AY1920S2\cs2113-website\_site" at http://127.0.0.1:8080
2020-04-11T15:56:24.532Z - info: Press CTRL+C to stop ...
2020-04-11T15:56:24.609Z - info: Site data built
2020-04-11T15:56:42.282Z - info: [11:56:42 PM] Reload for file add: C:\repos\nus-cs2113-AY1920S2\cs2113-website\admin\forum-activities-dashboard-panels.mbdf.backup
2020-04-11T15:56:42.284Z - info: [11:56:42 PM] Reload for file change: C:\repos\nus-cs2113-AY1920S2\cs2113-website\admin\forum-activities-dashboard-panels.mbdf
2020-04-11T15:56:43.291Z - info: Rebuilding affected source files
2020-04-11T15:56:43.297Z - info: Rebuilding 0 pages
2020-04-11T15:56:43.298Z - info: Pages rebuilt
2020-04-11T15:56:43.299Z - info: Website regeneration complete! Total build time: 0.008s
2020-04-11T15:56:43.310Z - info: Site data built
2020-04-11T15:56:43.318Z - info: Assets built
2020-04-11T15:57:01.932Z - info: Building C:\repos\nus-cs2113-AY1920S2\cs2113-website\admin\forum-activities-dashboard as some of its dependencies were changed since the last visit
2020-04-11T15:57:05.244Z - info: Site data built
2020-04-11T15:57:05.247Z - info: Lazy website regeneration complete! Total build time: 3.315s
2020-04-11T15:57:55.986Z - info: [11:57:55 PM] Reload for file change: C:\repos\nus-cs2113-AY1920S2\cs2113-website\admin\forum-activities-dashboard-panels.mbdf
2020-04-11T15:57:56.994Z - info: Rebuilding affected source files
2020-04-11T15:57:57.014Z - info: Rebuilding 1 pages
2020-04-11T15:57:59.534Z - info: Pages rebuilt
2020-04-11T15:57:59.534Z - info: Website regeneration complete! Total build time: 2.539s
2020-04-11T15:57:59.586Z - info: Site data built
2020-04-11T15:58:10.656Z - info: Building C:\repos\nus-cs2113-AY1920S2\cs2113-website\admin\tp-progress-dashboard as some of its dependencies were changed since the last visit
2020-04-11T15:58:13.619Z - info: Site data built
2020-04-11T15:58:13.621Z - info: Lazy website regeneration complete! Total build time: 2.966s
