2020-03-10T14:19:55.339Z - info: Website generation (lazy) started at 22:19:49
2020-03-10T14:19:58.861Z - info: Building assets...
2020-03-10T14:20:01.744Z - info: Assets built
2020-03-10T14:20:01.744Z - info: Generating landing page...
2020-03-10T14:20:03.382Z - info: Landing page built, other pages will be built as you navigate to them!
2020-03-10T14:20:03.461Z - info: Website generation (lazy) complete! Total build time: 13.659s
2020-03-10T14:20:03.759Z - info: Serving "C:\repos\nus-cs2113-AY1920S2\cs2113-website\_site" at http://127.0.0.1:8080
2020-03-10T14:20:03.759Z - info: Press CTRL+C to stop ...
2020-03-10T14:20:03.809Z - info: Site data built
2020-03-10T14:20:31.680Z - info: Building C:\repos\nus-cs2113-AY1920S2\cs2113-website\schedule\week9\index as some of its dependencies were changed since the last visit
2020-03-10T14:20:32.692Z - info: Site data built
2020-03-10T14:20:32.693Z - info: Lazy website regeneration complete! Total build time: 1.015s
2020-03-10T14:20:53.251Z - info: Building C:\repos\nus-cs2113-AY1920S2\cs2113-website\schedule\week9\project as some of its dependencies were changed since the last visit
2020-03-10T14:20:54.152Z - info: Site data built
2020-03-10T14:20:54.152Z - info: Lazy website regeneration complete! Total build time: 0.901s
2020-03-10T14:22:03.341Z - info: Building C:\repos\nus-cs2113-AY1920S2\cs2113-website\schedule\week9\tutorial as some of its dependencies were changed since the last visit
2020-03-10T14:22:04.101Z - info: Site data built
2020-03-10T14:22:04.102Z - info: Lazy website regeneration complete! Total build time: 0.761s
2020-03-10T14:34:22.100Z - info: Building C:\repos\nus-cs2113-AY1920S2\cs2113-website\schedule\week9\admin as some of its dependencies were changed since the last visit
2020-03-10T14:34:22.992Z - info: Site data built
2020-03-10T14:34:22.993Z - info: Lazy website regeneration complete! Total build time: 0.894s
2020-03-10T14:35:22.589Z - info: Building C:\repos\nus-cs2113-AY1920S2\cs2113-website\schedule\week9\topics as some of its dependencies were changed since the last visit
2020-03-10T14:35:29.878Z - info: Site data built
2020-03-10T14:35:29.886Z - info: Lazy website regeneration complete! Total build time: 7.297s
2020-03-10T14:36:42.707Z - info: [22:36:42] Reload for file add: C:\repos\nus-cs2113-AY1920S2\cs2113-website\schedule\week9\commentary.mbdf
2020-03-10T14:36:42.730Z - info: [22:36:42] Reload for file change: C:\repos\nus-cs2113-AY1920S2\cs2113-website\schedule\week9\commentary.mbdf
2020-03-10T14:36:43.722Z - info: File added or removed, updating list of site's pages...
2020-03-10T14:36:45.344Z - info: Rebuilding affected source files
2020-03-10T14:36:45.346Z - info: Rebuilding 0 pages
2020-03-10T14:36:45.347Z - info: Pages rebuilt
2020-03-10T14:36:45.347Z - info: Website regeneration complete! Total build time: 0.003s
2020-03-10T14:36:45.352Z - info: Site data built
2020-03-10T14:36:46.347Z - info: Assets removed
2020-03-10T14:36:48.024Z - info: Building C:\repos\nus-cs2113-AY1920S2\cs2113-website\schedule\week9\topics as some of its dependencies were changed since the last visit
2020-03-10T14:36:51.953Z - info: Site data built
2020-03-10T14:36:51.958Z - info: Lazy website regeneration complete! Total build time: 3.933s
2020-03-10T14:39:07.824Z - info: [22:39:07] Reload for file change: C:\repos\nus-cs2113-AY1920S2\cs2113-website\schedule\week9\commentary.mbdf
2020-03-10T14:39:08.825Z - info: Rebuilding affected source files
2020-03-10T14:39:08.828Z - info: Rebuilding 1 pages
2020-03-10T14:39:09.172Z - error:  Template render error: (C:\repos\nus-cs2113-AY1920S2\cs2113-website\schedule\week9\commentary.mbdf)
  Error: cannot import 'sugify'
    at Object._prettifyError (C:\Users\damithch\AppData\Roaming\npm\node_modules\markbind-cli\node_modules\nunjucks\src\lib.js:36:11)
    at C:\Users\damithch\AppData\Roaming\npm\node_modules\markbind-cli\node_modules\nunjucks\src\environment.js:567:19
    at eval (eval at _compile (C:\Users\damithch\AppData\Roaming\npm\node_modules\markbind-cli\node_modules\nunjucks\src\environment.js:637:18), <anonymous>:15:1)
    at C:\Users\damithch\AppData\Roaming\npm\node_modules\markbind-cli\node_modules\nunjucks\src\environment.js:619:9
    at eval (eval at _compile (C:\Users\damithch\AppData\Roaming\npm\node_modules\markbind-cli\node_modules\nunjucks\src\environment.js:637:18), <anonymous>:1187:1)
    at C:\Users\damithch\AppData\Roaming\npm\node_modules\markbind-cli\node_modules\nunjucks\src\environment.js:619:9
    at eval (eval at _compile (C:\Users\damithch\AppData\Roaming\npm\node_modules\markbind-cli\node_modules\nunjucks\src\environment.js:637:18), <anonymous>:675:1)
    at C:\Users\damithch\AppData\Roaming\npm\node_modules\markbind-cli\node_modules\nunjucks\src\environment.js:619:9
    at Template.root [as rootRenderFunc] (eval at _compile (C:\Users\damithch\AppData\Roaming\npm\node_modules\markbind-cli\node_modules\nunjucks\src\environment.js:637:18), <anonymous>:244:1)
    at Template.getExported (C:\Users\damithch\AppData\Roaming\npm\node_modules\markbind-cli\node_modules\nunjucks\src\environment.js:615:10)
    at eval (eval at _compile (C:\Users\damithch\AppData\Roaming\npm\node_modules\markbind-cli\node_modules\nunjucks\src\environment.js:637:18), <anonymous>:10:5)
    at Environment.getTemplate (C:\Users\damithch\AppData\Roaming\npm\node_modules\markbind-cli\node_modules\nunjucks\src\environment.js:279:9)
    at Template.root [as rootRenderFunc] (eval at _compile (C:\Users\damithch\AppData\Roaming\npm\node_modules\markbind-cli\node_modules\nunjucks\src\environment.js:637:18), <anonymous>:8:5)
    at Template.getExported (C:\Users\damithch\AppData\Roaming\npm\node_modules\markbind-cli\node_modules\nunjucks\src\environment.js:615:10)
    at eval (eval at _compile (C:\Users\damithch\AppData\Roaming\npm\node_modules\markbind-cli\node_modules\nunjucks\src\environment.js:637:18), <anonymous>:16:5)
    at Environment.getTemplate (C:\Users\damithch\AppData\Roaming\npm\node_modules\markbind-cli\node_modules\nunjucks\src\environment.js:279:9)
2020-03-10T14:39:09.215Z - info: Pages rebuilt
2020-03-10T14:39:09.215Z - info: Website regeneration complete! Total build time: 0.39s
2020-03-10T14:39:09.218Z - info: Site data built
2020-03-10T14:39:23.198Z - info: [22:39:23] Reload for file change: C:\repos\nus-cs2113-AY1920S2\cs2113-website\schedule\week9\commentary.mbdf
2020-03-10T14:39:24.199Z - info: Rebuilding affected source files
2020-03-10T14:39:24.200Z - info: Rebuilding 1 pages
2020-03-10T14:39:24.757Z - error:  Template render error: (C:\repos\nus-cs2113-AY1920S2\cs2113-website\schedule\week9\commentary.mbdf)
  Error: cannot import 'sugify'
    at Object._prettifyError (C:\Users\damithch\AppData\Roaming\npm\node_modules\markbind-cli\node_modules\nunjucks\src\lib.js:36:11)
    at C:\Users\damithch\AppData\Roaming\npm\node_modules\markbind-cli\node_modules\nunjucks\src\environment.js:567:19
    at eval (eval at _compile (C:\Users\damithch\AppData\Roaming\npm\node_modules\markbind-cli\node_modules\nunjucks\src\environment.js:637:18), <anonymous>:15:1)
    at C:\Users\damithch\AppData\Roaming\npm\node_modules\markbind-cli\node_modules\nunjucks\src\environment.js:619:9
    at eval (eval at _compile (C:\Users\damithch\AppData\Roaming\npm\node_modules\markbind-cli\node_modules\nunjucks\src\environment.js:637:18), <anonymous>:1187:1)
    at C:\Users\damithch\AppData\Roaming\npm\node_modules\markbind-cli\node_modules\nunjucks\src\environment.js:619:9
    at eval (eval at _compile (C:\Users\damithch\AppData\Roaming\npm\node_modules\markbind-cli\node_modules\nunjucks\src\environment.js:637:18), <anonymous>:675:1)
    at C:\Users\damithch\AppData\Roaming\npm\node_modules\markbind-cli\node_modules\nunjucks\src\environment.js:619:9
    at Template.root [as rootRenderFunc] (eval at _compile (C:\Users\damithch\AppData\Roaming\npm\node_modules\markbind-cli\node_modules\nunjucks\src\environment.js:637:18), <anonymous>:244:1)
    at Template.getExported (C:\Users\damithch\AppData\Roaming\npm\node_modules\markbind-cli\node_modules\nunjucks\src\environment.js:615:10)
    at eval (eval at _compile (C:\Users\damithch\AppData\Roaming\npm\node_modules\markbind-cli\node_modules\nunjucks\src\environment.js:637:18), <anonymous>:10:5)
    at Environment.getTemplate (C:\Users\damithch\AppData\Roaming\npm\node_modules\markbind-cli\node_modules\nunjucks\src\environment.js:279:9)
    at Template.root [as rootRenderFunc] (eval at _compile (C:\Users\damithch\AppData\Roaming\npm\node_modules\markbind-cli\node_modules\nunjucks\src\environment.js:637:18), <anonymous>:8:5)
    at Template.getExported (C:\Users\damithch\AppData\Roaming\npm\node_modules\markbind-cli\node_modules\nunjucks\src\environment.js:615:10)
    at eval (eval at _compile (C:\Users\damithch\AppData\Roaming\npm\node_modules\markbind-cli\node_modules\nunjucks\src\environment.js:637:18), <anonymous>:16:5)
    at Environment.getTemplate (C:\Users\damithch\AppData\Roaming\npm\node_modules\markbind-cli\node_modules\nunjucks\src\environment.js:279:9)
2020-03-10T14:39:24.780Z - info: Pages rebuilt
2020-03-10T14:39:24.780Z - info: Website regeneration complete! Total build time: 0.581s
2020-03-10T14:39:24.783Z - info: Site data built
2020-03-10T14:39:42.837Z - info: [22:39:42] Reload for file change: C:\repos\nus-cs2113-AY1920S2\cs2113-website\schedule\week9\commentary.mbdf
2020-03-10T14:39:43.838Z - info: Rebuilding affected source files
2020-03-10T14:39:43.840Z - info: Rebuilding 1 pages
2020-03-10T14:39:44.340Z - error:  Template render error: (unknown path) [Line 3, Column 14]
  parseImport: expected "as" keyword
Error while preprocessing 'C:\repos\nus-cs2113-AY1920S2\cs2113-website\schedule\week9\topics.md'
    at Object._prettifyError (C:\Users\damithch\AppData\Roaming\npm\node_modules\markbind-cli\node_modules\nunjucks\src\lib.js:36:11)
    at Template.render (C:\Users\damithch\AppData\Roaming\npm\node_modules\markbind-cli\node_modules\nunjucks\src\environment.js:542:21)
    at Environment.renderString (C:\Users\damithch\AppData\Roaming\npm\node_modules\markbind-cli\node_modules\nunjucks\src\environment.js:380:17)
    at Object.renderString (C:\Users\damithch\AppData\Roaming\npm\node_modules\markbind-cli\node_modules\nunjucks\index.js:99:14)
    at _preprocessInclude (C:\Users\damithch\AppData\Roaming\npm\node_modules\markbind-cli\src\lib\markbind\src\preprocessors\componentPreprocessor.js:320:32)
    at preProcessComponent (C:\Users\damithch\AppData\Roaming\npm\node_modules\markbind-cli\src\lib\markbind\src\preprocessors\componentPreprocessor.js:420:12)
    at element.children.element.children.map.e (C:\Users\damithch\AppData\Roaming\npm\node_modules\markbind-cli\src\lib\markbind\src\preprocessors\componentPreprocessor.js:427:52)
    at Array.map (<anonymous>)
    at Object.preProcessComponent (C:\Users\damithch\AppData\Roaming\npm\node_modules\markbind-cli\src\lib\markbind\src\preprocessors\componentPreprocessor.js:427:43)
    at dom.map (C:\Users\damithch\AppData\Roaming\npm\node_modules\markbind-cli\src\lib\markbind\src\parser.js:362:47)
    at Array.map (<anonymous>)
    at DomHandler.htmlparser.DomHandler [as _callback] (C:\Users\damithch\AppData\Roaming\npm\node_modules\markbind-cli\src\lib\markbind\src\parser.js:359:27)
    at DomHandler._handleCallback.DomHandler.onerror (C:\Users\damithch\AppData\Roaming\npm\node_modules\markbind-cli\node_modules\domhandler\index.js:52:8)
    at DomHandler.onend (C:\Users\damithch\AppData\Roaming\npm\node_modules\markbind-cli\node_modules\domhandler\index.js:46:7)
    at Parser.onend (C:\Users\damithch\AppData\Roaming\npm\node_modules\markbind-cli\node_modules\htmlparser2\lib\Parser.js:340:36)
    at Tokenizer._finish (C:\Users\damithch\AppData\Roaming\npm\node_modules\markbind-cli\node_modules\htmlparser2\lib\Tokenizer.js:890:15)
2020-03-10T14:39:44.424Z - info: Pages rebuilt
2020-03-10T14:39:44.424Z - info: Website regeneration complete! Total build time: 0.586s
2020-03-10T14:39:44.427Z - info: Site data built
2020-03-10T14:40:16.932Z - info: Website generation (lazy) started at 22:40:14
2020-03-10T14:40:20.687Z - info: Building assets...
2020-03-10T14:40:23.879Z - info: Assets built
2020-03-10T14:40:23.880Z - info: Generating landing page...
2020-03-10T14:40:25.799Z - info: Landing page built, other pages will be built as you navigate to them!
2020-03-10T14:40:25.896Z - info: Website generation (lazy) complete! Total build time: 11.483s
2020-03-10T14:40:26.247Z - info: Serving "C:\repos\nus-cs2113-AY1920S2\cs2113-website\_site" at http://127.0.0.1:8080
2020-03-10T14:40:26.247Z - info: Press CTRL+C to stop ...
2020-03-10T14:40:26.297Z - info: Site data built
2020-03-10T14:40:35.950Z - info: Building C:\repos\nus-cs2113-AY1920S2\cs2113-website\schedule\week8\topics as some of its dependencies were changed since the last visit
2020-03-10T14:40:39.814Z - info: Site data built
2020-03-10T14:40:39.827Z - info: Lazy website regeneration complete! Total build time: 3.879s
2020-03-10T14:41:49.750Z - info: [22:41:49] Reload for file change: C:\repos\nus-cs2113-AY1920S2\cs2113-website\schedule\week9\commentary.mbdf
2020-03-10T14:41:50.755Z - info: Rebuilding affected source files
2020-03-10T14:41:50.755Z - info: Rebuilding 0 pages
2020-03-10T14:41:50.755Z - info: Pages rebuilt
2020-03-10T14:41:50.755Z - info: Website regeneration complete! Total build time: 0s
2020-03-10T14:41:50.755Z - info: Site data built
2020-03-10T14:42:02.497Z - info: Building C:\repos\nus-cs2113-AY1920S2\cs2113-website\schedule\week9\topics as some of its dependencies were changed since the last visit
2020-03-10T14:42:02.758Z - error:  Template render error: (unknown path) [Line 3, Column 14]
  parseImport: expected "as" keyword
Error while preprocessing 'C:\repos\nus-cs2113-AY1920S2\cs2113-website\schedule\week9\topics.md'
    at Object._prettifyError (C:\Users\damithch\AppData\Roaming\npm\node_modules\markbind-cli\node_modules\nunjucks\src\lib.js:36:11)
    at Template.render (C:\Users\damithch\AppData\Roaming\npm\node_modules\markbind-cli\node_modules\nunjucks\src\environment.js:542:21)
    at Environment.renderString (C:\Users\damithch\AppData\Roaming\npm\node_modules\markbind-cli\node_modules\nunjucks\src\environment.js:380:17)
    at Object.renderString (C:\Users\damithch\AppData\Roaming\npm\node_modules\markbind-cli\node_modules\nunjucks\index.js:99:14)
    at _preprocessInclude (C:\Users\damithch\AppData\Roaming\npm\node_modules\markbind-cli\src\lib\markbind\src\preprocessors\componentPreprocessor.js:320:32)
    at preProcessComponent (C:\Users\damithch\AppData\Roaming\npm\node_modules\markbind-cli\src\lib\markbind\src\preprocessors\componentPreprocessor.js:420:12)
    at element.children.element.children.map.e (C:\Users\damithch\AppData\Roaming\npm\node_modules\markbind-cli\src\lib\markbind\src\preprocessors\componentPreprocessor.js:427:52)
    at Array.map (<anonymous>)
    at Object.preProcessComponent (C:\Users\damithch\AppData\Roaming\npm\node_modules\markbind-cli\src\lib\markbind\src\preprocessors\componentPreprocessor.js:427:43)
    at dom.map (C:\Users\damithch\AppData\Roaming\npm\node_modules\markbind-cli\src\lib\markbind\src\parser.js:362:47)
    at Array.map (<anonymous>)
    at DomHandler.htmlparser.DomHandler [as _callback] (C:\Users\damithch\AppData\Roaming\npm\node_modules\markbind-cli\src\lib\markbind\src\parser.js:359:27)
    at DomHandler._handleCallback.DomHandler.onerror (C:\Users\damithch\AppData\Roaming\npm\node_modules\markbind-cli\node_modules\domhandler\index.js:52:8)
    at DomHandler.onend (C:\Users\damithch\AppData\Roaming\npm\node_modules\markbind-cli\node_modules\domhandler\index.js:46:7)
    at Parser.onend (C:\Users\damithch\AppData\Roaming\npm\node_modules\markbind-cli\node_modules\htmlparser2\lib\Parser.js:340:36)
    at Tokenizer._finish (C:\Users\damithch\AppData\Roaming\npm\node_modules\markbind-cli\node_modules\htmlparser2\lib\Tokenizer.js:890:15)
2020-03-10T14:42:02.801Z - info: Site data built
2020-03-10T14:42:02.801Z - info: Lazy website regeneration complete! Total build time: 0.304s
2020-03-10T14:44:13.832Z - info: [22:44:13] Reload for file change: C:\repos\nus-cs2113-AY1920S2\cs2113-website\schedule\week9\commentary.mbdf
2020-03-10T14:44:14.833Z - info: Rebuilding affected source files
2020-03-10T14:44:14.835Z - info: Rebuilding 1 pages
2020-03-10T14:44:19.592Z - info: Pages rebuilt
2020-03-10T14:44:19.593Z - info: Website regeneration complete! Total build time: 4.76s
2020-03-10T14:44:19.619Z - info: Site data built
2020-03-10T14:44:37.719Z - info: [22:44:37] Reload for file change: C:\repos\nus-cs2113-AY1920S2\cs2113-website\schedule\week9\commentary.mbdf
2020-03-10T14:44:38.720Z - info: Rebuilding affected source files
2020-03-10T14:44:38.723Z - info: Rebuilding 1 pages
2020-03-10T14:44:43.991Z - info: Pages rebuilt
2020-03-10T14:44:43.992Z - info: Website regeneration complete! Total build time: 5.272s
2020-03-10T14:44:44.009Z - info: Site data built
2020-03-10T14:45:06.311Z - info: [22:45:06] Reload for file change: C:\repos\nus-cs2113-AY1920S2\cs2113-website\schedule\week9\commentary.mbdf
2020-03-10T14:45:07.314Z - info: Rebuilding affected source files
2020-03-10T14:45:07.317Z - info: Rebuilding 1 pages
2020-03-10T14:45:11.497Z - info: Pages rebuilt
2020-03-10T14:45:11.498Z - info: Website regeneration complete! Total build time: 4.183s
2020-03-10T14:45:11.616Z - info: Site data built
2020-03-10T14:46:07.663Z - info: [22:46:07] Reload for file change: C:\repos\nus-cs2113-AY1920S2\cs2113-website\schedule\week9\commentary.mbdf
2020-03-10T14:46:08.664Z - info: Rebuilding affected source files
2020-03-10T14:46:08.667Z - info: Rebuilding 1 pages
2020-03-10T14:46:13.412Z - info: Pages rebuilt
2020-03-10T14:46:13.412Z - info: Website regeneration complete! Total build time: 4.748s
2020-03-10T14:46:13.485Z - info: Site data built
2020-03-10T14:48:26.844Z - info: [22:48:26] Reload for file change: C:\repos\nus-cs2113-AY1920S2\cs2113-website\schedule\week9\commentary.mbdf
2020-03-10T14:48:27.846Z - info: Rebuilding affected source files
2020-03-10T14:48:27.848Z - info: Rebuilding 1 pages
2020-03-10T14:48:32.272Z - info: Pages rebuilt
2020-03-10T14:48:32.273Z - info: Website regeneration complete! Total build time: 4.427s
2020-03-10T14:48:32.288Z - info: Site data built
2020-03-10T14:49:31.077Z - info: [22:49:31] Reload for file change: C:\repos\nus-cs2113-AY1920S2\cs2113-website\schedule\week9\commentary.mbdf
2020-03-10T14:49:32.080Z - info: Rebuilding affected source files
2020-03-10T14:49:32.084Z - info: Rebuilding 1 pages
2020-03-10T14:49:36.857Z - info: Pages rebuilt
2020-03-10T14:49:36.858Z - info: Website regeneration complete! Total build time: 4.778s
2020-03-10T14:49:36.873Z - info: Site data built
2020-03-10T14:50:00.580Z - info: [22:50:00] Reload for file change: C:\repos\nus-cs2113-AY1920S2\cs2113-website\schedule\week9\commentary.mbdf
2020-03-10T14:50:01.582Z - info: Rebuilding affected source files
2020-03-10T14:50:01.584Z - info: Rebuilding 1 pages
2020-03-10T14:50:05.403Z - info: Pages rebuilt
2020-03-10T14:50:05.403Z - info: Website regeneration complete! Total build time: 3.821s
2020-03-10T14:50:05.480Z - info: Site data built
2020-03-10T14:50:47.811Z - info: [22:50:47] Reload for file change: C:\repos\nus-cs2113-AY1920S2\cs2113-website\schedule\week9\commentary.mbdf
2020-03-10T14:50:48.816Z - info: Rebuilding affected source files
2020-03-10T14:50:48.819Z - info: Rebuilding 1 pages
2020-03-10T14:50:52.570Z - info: Pages rebuilt
2020-03-10T14:50:52.570Z - info: Website regeneration complete! Total build time: 3.754s
2020-03-10T14:50:52.585Z - info: Site data built
2020-03-10T14:52:24.481Z - info: [22:52:24] Reload for file change: C:\repos\nus-cs2113-AY1920S2\cs2113-website\schedule\week9\commentary.mbdf
2020-03-10T14:52:25.482Z - info: Rebuilding affected source files
2020-03-10T14:52:25.483Z - info: Rebuilding 1 pages
2020-03-10T14:52:29.990Z - info: Pages rebuilt
2020-03-10T14:52:29.991Z - info: Website regeneration complete! Total build time: 4.509s
2020-03-10T14:52:30.006Z - info: Site data built
2020-03-10T14:53:09.697Z - info: [22:53:09] Reload for file change: C:\repos\nus-cs2113-AY1920S2\cs2113-website\schedule\week9\commentary.mbdf
2020-03-10T14:53:10.699Z - info: Rebuilding affected source files
2020-03-10T14:53:10.701Z - info: Rebuilding 1 pages
2020-03-10T14:53:14.670Z - info: Pages rebuilt
2020-03-10T14:53:14.670Z - info: Website regeneration complete! Total build time: 3.971s
2020-03-10T14:53:14.684Z - info: Site data built
2020-03-10T14:53:57.655Z - info: [22:53:57] Reload for file change: C:\repos\nus-cs2113-AY1920S2\cs2113-website\schedule\week9\commentary.mbdf
2020-03-10T14:53:58.658Z - info: Rebuilding affected source files
2020-03-10T14:53:58.660Z - info: Rebuilding 1 pages
2020-03-10T14:53:58.850Z - error:  Template render error: (C:\repos\nus-cs2113-AY1920S2\cs2113-website\schedule\week9\commentary.mbdf) [Line 47, Column 65]
  expected variable end
Error while preprocessing 'C:\repos\nus-cs2113-AY1920S2\cs2113-website\schedule\week9\topics.md'
    at Object._prettifyError (C:\Users\damithch\AppData\Roaming\npm\node_modules\markbind-cli\node_modules\nunjucks\src\lib.js:36:11)
    at Template.render (C:\Users\damithch\AppData\Roaming\npm\node_modules\markbind-cli\node_modules\nunjucks\src\environment.js:542:21)
    at Environment.renderString (C:\Users\damithch\AppData\Roaming\npm\node_modules\markbind-cli\node_modules\nunjucks\src\environment.js:380:17)
    at Object.renderString (C:\Users\damithch\AppData\Roaming\npm\node_modules\markbind-cli\node_modules\nunjucks\index.js:99:14)
    at Parser._renderIncludeFile (C:\Users\damithch\AppData\Roaming\npm\node_modules\markbind-cli\src\lib\markbind\src\parser.js:148:30)
    at _preprocessInclude (C:\Users\damithch\AppData\Roaming\npm\node_modules\markbind-cli\src\lib\markbind\src\preprocessors\componentPreprocessor.js:314:14)
    at preProcessComponent (C:\Users\damithch\AppData\Roaming\npm\node_modules\markbind-cli\src\lib\markbind\src\preprocessors\componentPreprocessor.js:420:12)
    at element.children.element.children.map.e (C:\Users\damithch\AppData\Roaming\npm\node_modules\markbind-cli\src\lib\markbind\src\preprocessors\componentPreprocessor.js:427:52)
    at Array.map (<anonymous>)
    at Object.preProcessComponent (C:\Users\damithch\AppData\Roaming\npm\node_modules\markbind-cli\src\lib\markbind\src\preprocessors\componentPreprocessor.js:427:43)
    at dom.map (C:\Users\damithch\AppData\Roaming\npm\node_modules\markbind-cli\src\lib\markbind\src\parser.js:362:47)
    at Array.map (<anonymous>)
    at DomHandler.htmlparser.DomHandler [as _callback] (C:\Users\damithch\AppData\Roaming\npm\node_modules\markbind-cli\src\lib\markbind\src\parser.js:359:27)
    at DomHandler._handleCallback.DomHandler.onerror (C:\Users\damithch\AppData\Roaming\npm\node_modules\markbind-cli\node_modules\domhandler\index.js:52:8)
    at DomHandler.onend (C:\Users\damithch\AppData\Roaming\npm\node_modules\markbind-cli\node_modules\domhandler\index.js:46:7)
    at Parser.onend (C:\Users\damithch\AppData\Roaming\npm\node_modules\markbind-cli\node_modules\htmlparser2\lib\Parser.js:340:36)
2020-03-10T14:53:58.879Z - info: Pages rebuilt
2020-03-10T14:53:58.879Z - info: Website regeneration complete! Total build time: 0.221s
2020-03-10T14:53:58.883Z - info: Site data built
2020-03-10T14:54:31.108Z - info: [22:54:31] Reload for file change: C:\repos\nus-cs2113-AY1920S2\cs2113-website\schedule\week9\commentary.mbdf
2020-03-10T14:54:32.110Z - info: Rebuilding affected source files
2020-03-10T14:54:32.113Z - info: Rebuilding 1 pages
2020-03-10T14:54:37.072Z - info: Pages rebuilt
2020-03-10T14:54:37.073Z - info: Website regeneration complete! Total build time: 4.963s
2020-03-10T14:54:37.088Z - info: Site data built
2020-03-10T14:55:09.409Z - info: [22:55:09] Reload for file change: C:\repos\nus-cs2113-AY1920S2\cs2113-website\schedule\week9\commentary.mbdf
2020-03-10T14:55:10.413Z - info: Rebuilding affected source files
2020-03-10T14:55:10.417Z - info: Rebuilding 1 pages
2020-03-10T14:55:14.356Z - info: Pages rebuilt
2020-03-10T14:55:14.356Z - info: Website regeneration complete! Total build time: 3.943s
2020-03-10T14:55:14.434Z - info: Site data built
2020-03-10T14:56:49.005Z - info: [22:56:49] Reload for file change: C:\repos\nus-cs2113-AY1920S2\cs2113-website\schedule\week9\commentary.mbdf
2020-03-10T14:56:50.006Z - info: Rebuilding affected source files
2020-03-10T14:56:50.008Z - info: Rebuilding 1 pages
2020-03-10T14:56:55.691Z - info: Pages rebuilt
2020-03-10T14:56:55.691Z - info: Website regeneration complete! Total build time: 5.685s
2020-03-10T14:56:55.703Z - info: Site data built
2020-03-10T14:57:29.845Z - info: [22:57:29] Reload for file change: C:\repos\nus-cs2113-AY1920S2\cs2113-website\schedule\week9\commentary.mbdf
2020-03-10T14:57:30.885Z - info: Rebuilding affected source files
2020-03-10T14:57:30.889Z - info: Rebuilding 1 pages
2020-03-10T14:57:35.183Z - info: Pages rebuilt
2020-03-10T14:57:35.184Z - info: Website regeneration complete! Total build time: 4.299s
2020-03-10T14:57:35.201Z - info: Site data built
2020-03-10T15:01:02.967Z - info: [23:01:02] Reload for file change: C:\repos\nus-cs2113-AY1920S2\cs2113-website\schedule\week9\commentary.mbdf
2020-03-10T15:01:03.968Z - info: Rebuilding affected source files
2020-03-10T15:01:03.970Z - info: Rebuilding 1 pages
2020-03-10T15:01:08.576Z - info: Pages rebuilt
2020-03-10T15:01:08.576Z - info: Website regeneration complete! Total build time: 4.608s
2020-03-10T15:01:08.583Z - info: Site data built
2020-03-10T15:01:21.564Z - info: [23:01:21] Reload for file change: C:\repos\nus-cs2113-AY1920S2\cs2113-website\schedule\week9\commentary.mbdf
2020-03-10T15:01:22.566Z - info: Rebuilding affected source files
2020-03-10T15:01:22.568Z - info: Rebuilding 1 pages
2020-03-10T15:01:26.670Z - info: Pages rebuilt
2020-03-10T15:01:26.671Z - info: Website regeneration complete! Total build time: 4.104s
2020-03-10T15:01:26.686Z - info: Site data built
2020-03-10T15:02:49.097Z - info: [23:02:49] Reload for file change: C:\repos\nus-cs2113-AY1920S2\cs2113-website\schedule\week9\commentary.mbdf
2020-03-10T15:02:50.098Z - info: Rebuilding affected source files
2020-03-10T15:02:50.100Z - info: Rebuilding 1 pages
2020-03-10T15:02:54.820Z - info: Pages rebuilt
2020-03-10T15:02:54.820Z - info: Website regeneration complete! Total build time: 4.722s
2020-03-10T15:02:54.834Z - info: Site data built
2020-03-10T15:03:56.173Z - info: [23:03:56] Reload for file change: C:\repos\nus-cs2113-AY1920S2\cs2113-website\schedule\week9\commentary.mbdf
2020-03-10T15:03:57.175Z - info: Rebuilding affected source files
2020-03-10T15:03:57.177Z - info: Rebuilding 1 pages
2020-03-10T15:04:03.454Z - info: Pages rebuilt
2020-03-10T15:04:03.454Z - info: Website regeneration complete! Total build time: 6.279s
2020-03-10T15:04:03.470Z - info: Site data built
2020-03-10T15:05:00.005Z - info: [23:05:00] Reload for file change: C:\repos\nus-cs2113-AY1920S2\cs2113-website\schedule\week9\commentary.mbdf
2020-03-10T15:05:01.010Z - info: Rebuilding affected source files
2020-03-10T15:05:01.013Z - info: Rebuilding 1 pages
2020-03-10T15:05:07.951Z - info: Pages rebuilt
2020-03-10T15:05:07.951Z - info: Website regeneration complete! Total build time: 6.941s
2020-03-10T15:05:07.962Z - info: Site data built
2020-03-10T15:06:19.482Z - info: [23:06:19] Reload for file change: C:\repos\nus-cs2113-AY1920S2\cs2113-website\schedule\week9\commentary.mbdf
2020-03-10T15:06:20.485Z - info: Rebuilding affected source files
2020-03-10T15:06:20.488Z - info: Rebuilding 1 pages
2020-03-10T15:06:26.825Z - info: Pages rebuilt
2020-03-10T15:06:26.825Z - info: Website regeneration complete! Total build time: 6.34s
2020-03-10T15:06:26.837Z - info: Site data built
2020-03-10T15:06:42.291Z - info: [23:06:42] Reload for file change: C:\repos\nus-cs2113-AY1920S2\cs2113-website\schedule\week9\commentary.mbdf
2020-03-10T15:06:43.296Z - info: Rebuilding affected source files
2020-03-10T15:06:43.298Z - info: Rebuilding 1 pages
2020-03-10T15:06:49.173Z - info: Pages rebuilt
2020-03-10T15:06:49.174Z - info: Website regeneration complete! Total build time: 5.878s
2020-03-10T15:06:49.246Z - info: Site data built
2020-03-10T15:07:03.101Z - info: [23:07:03] Reload for file change: C:\repos\nus-cs2113-AY1920S2\cs2113-website\schedule\week9\commentary.mbdf
2020-03-10T15:07:04.104Z - info: Rebuilding affected source files
2020-03-10T15:07:04.107Z - info: Rebuilding 1 pages
2020-03-10T15:07:10.063Z - info: Pages rebuilt
2020-03-10T15:07:10.063Z - info: Website regeneration complete! Total build time: 5.959s
2020-03-10T15:07:10.074Z - info: Site data built
2020-03-10T15:07:17.281Z - info: [23:07:17] Reload for file change: C:\repos\nus-cs2113-AY1920S2\cs2113-website\schedule\index.md
2020-03-10T15:07:18.287Z - info: Rebuilding affected source files
2020-03-10T15:07:18.295Z - info: Rebuilding 0 pages
2020-03-10T15:07:18.359Z - info: Pages rebuilt
2020-03-10T15:07:18.359Z - info: Website regeneration complete! Total build time: 0.072s
2020-03-10T15:07:18.367Z - info: Site data built
2020-03-10T15:07:26.627Z - info: Website generation (lazy) started at 23:07:24
2020-03-10T15:07:29.850Z - info: Building assets...
2020-03-10T15:07:33.070Z - info: Assets built
2020-03-10T15:07:33.071Z - info: Generating landing page...
2020-03-10T15:07:35.061Z - info: Landing page built, other pages will be built as you navigate to them!
2020-03-10T15:07:35.151Z - info: Website generation (lazy) complete! Total build time: 11.047s
2020-03-10T15:07:35.463Z - info: Serving "C:\repos\nus-cs2113-AY1920S2\cs2113-website\_site" at http://127.0.0.1:8080
2020-03-10T15:07:35.463Z - info: Press CTRL+C to stop ...
2020-03-10T15:07:35.505Z - info: Site data built
2020-03-10T15:13:04.903Z - info: Building C:\repos\nus-cs2113-AY1920S2\cs2113-website\schedule\week8\tutorial as some of its dependencies were changed since the last visit
2020-03-10T15:13:05.551Z - info: Site data built
2020-03-10T15:13:05.551Z - info: Lazy website regeneration complete! Total build time: 0.65s
2020-03-10T15:13:08.949Z - info: Building C:\repos\nus-cs2113-AY1920S2\cs2113-website\schedule\week9\tutorial as some of its dependencies were changed since the last visit
2020-03-10T15:13:09.598Z - info: Site data built
2020-03-10T15:13:09.599Z - info: Lazy website regeneration complete! Total build time: 0.65s
2020-03-10T15:13:53.417Z - info: Building C:\repos\nus-cs2113-AY1920S2\cs2113-website\schedule\week9\topics as some of its dependencies were changed since the last visit
2020-03-10T15:13:58.313Z - info: Site data built
2020-03-10T15:13:58.317Z - info: Lazy website regeneration complete! Total build time: 4.899s
2020-03-10T15:24:22.163Z - info: Building C:\repos\nus-cs2113-AY1920S2\cs2113-website\schedule\week9\index as some of its dependencies were changed since the last visit
2020-03-10T15:24:23.704Z - info: Site data built
2020-03-10T15:24:23.705Z - info: Lazy website regeneration complete! Total build time: 1.543s
2020-03-10T15:50:42.321Z - info: [23:50:42] Reload for file change: C:\repos\nus-cs2113-AY1920S2\cs2113-website\schedule\index.md
2020-03-10T15:50:43.325Z - info: Rebuilding affected source files
2020-03-10T15:50:43.331Z - info: Rebuilding 0 pages
2020-03-10T15:50:43.493Z - info: Pages rebuilt
2020-03-10T15:50:43.493Z - info: Website regeneration complete! Total build time: 0.167s
2020-03-10T15:50:43.499Z - info: Site data built
