2020-01-10T04:54:55.896Z - info: Website generation started at 12:54:55 PM
2020-01-10T04:54:58.459Z - info: Building assets...
2020-01-10T04:55:00.627Z - info: Assets built
2020-01-10T04:55:00.627Z - info: Generating pages...
2020-01-10T04:55:47.068Z - debug: The process cannot access the file because it is being used by another process.

2020-01-10T04:55:47.069Z - debug: The process cannot access the file because it is being used by another process.

2020-01-10T04:55:47.069Z - debug: The process cannot access the file because it is being used by another process.

2020-01-10T04:55:47.075Z - debug: The process cannot access the file because it is being used by another process.

2020-01-10T04:55:47.075Z - debug: The process cannot access the file because it is being used by another process.

2020-01-10T04:55:47.075Z - debug: The process cannot access the file because it is being used by another process.

2020-01-10T04:55:47.076Z - debug: The process cannot access the file because it is being used by another process.

2020-01-10T04:55:47.076Z - debug: The process cannot access the file because it is being used by another process.

2020-01-10T04:55:47.076Z - debug: The process cannot access the file because it is being used by another process.

2020-01-10T04:55:47.076Z - debug: The process cannot access the file because it is being used by another process.

2020-01-10T04:55:47.172Z - debug: The process cannot access the file because it is being used by another process.

2020-01-10T04:55:55.346Z - debug:  
2020-01-10T04:55:55.347Z - debug:  
2020-01-10T04:55:55.348Z - debug:  
2020-01-10T04:55:55.348Z - debug:  
2020-01-10T04:56:38.682Z - info: Pages built
2020-01-10T04:56:52.838Z - info: Website generation complete! Total build time: 117.505s
2020-01-10T04:56:52.839Z - info: Build success!
2020-01-10T04:56:52.841Z - info: Site data built
2020-01-10T04:57:36.387Z - info: Deployed!
2020-01-10T04:57:56.749Z - info: Website generation started at 12:57:55 PM
2020-01-10T04:57:59.213Z - info: Building assets...
2020-01-10T04:58:01.277Z - info: Assets built
2020-01-10T04:58:01.277Z - info: Generating pages...
2020-01-10T04:58:49.400Z - debug: The process cannot access the file because it is being used by another process.

2020-01-10T04:58:49.401Z - debug: The process cannot access the file because it is being used by another process.

2020-01-10T04:58:49.401Z - debug: The process cannot access the file because it is being used by another process.

2020-01-10T04:58:49.432Z - debug: The process cannot access the file because it is being used by another process.

2020-01-10T04:58:49.433Z - debug: The process cannot access the file because it is being used by another process.

2020-01-10T04:58:49.435Z - debug: The process cannot access the file because it is being used by another process.

2020-01-10T04:58:49.435Z - debug: The process cannot access the file because it is being used by another process.

2020-01-10T04:58:49.437Z - debug: The process cannot access the file because it is being used by another process.

2020-01-10T04:58:49.437Z - debug: The process cannot access the file because it is being used by another process.

2020-01-10T04:58:49.437Z - debug: The process cannot access the file because it is being used by another process.

2020-01-10T04:58:49.440Z - debug: The process cannot access the file because it is being used by another process.

2020-01-10T04:58:53.611Z - debug:  
2020-01-10T04:58:54.100Z - debug:  
2020-01-10T04:58:54.100Z - debug:  
2020-01-10T04:58:54.100Z - debug:  
2020-01-10T04:59:40.501Z - info: Pages built
2020-01-10T04:59:54.837Z - info: Website generation complete! Total build time: 119.302s
2020-01-10T04:59:55.191Z - info: Serving "C:\repos\nus-cs2113-AY1920S2\cs2113-website\_site" at http://127.0.0.1:8080
2020-01-10T04:59:55.191Z - info: Press CTRL+C to stop ...
2020-01-10T04:59:55.286Z - info: Site data built
2020-01-10T05:00:47.691Z - info: [1:00:47 PM] Reload for file change: C:\repos\nus-cs2113-AY1920S2\cs2113-website\admin\moduleOverview.md
2020-01-10T05:00:48.194Z - info: [1:00:48 PM] Reload for file change: C:\repos\nus-cs2113-AY1920S2\cs2113-website\admin\moduleOverview.md
2020-01-10T05:00:48.700Z - info: Rebuilding affected source files
2020-01-10T05:00:48.702Z - info: Rebuilding 4 pages
2020-01-10T05:00:50.419Z - debug:  
2020-01-10T05:00:50.909Z - info: Pages rebuilt
2020-01-10T05:00:50.914Z - info: Site data built
2020-01-10T05:01:20.962Z - info: [1:01:20 PM] Reload for file change: C:\repos\nus-cs2113-AY1920S2\cs2113-website\admin\lectures.md
2020-01-10T05:01:21.482Z - info: [1:01:21 PM] Reload for file change: C:\repos\nus-cs2113-AY1920S2\cs2113-website\admin\lectures.md
2020-01-10T05:01:21.967Z - info: Rebuilding affected source files
2020-01-10T05:01:21.971Z - info: Rebuilding 3 pages
2020-01-10T05:01:23.636Z - debug:  
2020-01-10T05:01:24.231Z - info: Pages rebuilt
2020-01-10T05:01:24.240Z - info: Site data built
2020-01-10T05:02:34.269Z - info: [1:02:34 PM] Reload for file change: C:\repos\nus-cs2113-AY1920S2\cs2113-website\_markbind\variables.md
2020-01-10T05:02:34.275Z - info: [1:02:34 PM] Reload for file change: C:\repos\nus-cs2113-AY1920S2\cs2113-website\admin\lectures.md
2020-01-10T05:02:35.280Z - info: Rebuilding affected source files
2020-01-10T05:02:35.336Z - warn: Rebuilding all pages as variables file was changed, or the --force-reload flag was set
2020-01-10T05:02:35.436Z - info: Rebuilding 768 pages
2020-01-10T05:03:23.317Z - debug: The process cannot access the file because it is being used by another process.

2020-01-10T05:03:23.318Z - debug: The process cannot access the file because it is being used by another process.

2020-01-10T05:03:23.336Z - debug: The process cannot access the file because it is being used by another process.

2020-01-10T05:03:23.336Z - debug: The process cannot access the file because it is being used by another process.

2020-01-10T05:03:23.336Z - debug: The process cannot access the file because it is being used by another process.

2020-01-10T05:03:23.338Z - debug: The process cannot access the file because it is being used by another process.

2020-01-10T05:03:23.338Z - debug: The process cannot access the file because it is being used by another process.

2020-01-10T05:03:23.338Z - debug: The process cannot access the file because it is being used by another process.

2020-01-10T05:03:23.339Z - debug: The process cannot access the file because it is being used by another process.

2020-01-10T05:03:23.339Z - debug: The process cannot access the file because it is being used by another process.

2020-01-10T05:03:23.456Z - debug: The process cannot access the file because it is being used by another process.

2020-01-10T05:03:26.411Z - debug:  
2020-01-10T05:03:27.322Z - debug:  
2020-01-10T05:03:27.323Z - debug:  
2020-01-10T05:03:27.323Z - debug:  
2020-01-10T05:04:29.704Z - info: Pages rebuilt
2020-01-10T05:04:29.709Z - info: Site data built
2020-01-10T05:38:18.866Z - info: [1:38:18 PM] Reload for file change: C:\repos\nus-cs2113-AY1920S2\cs2113-website\admin\tutorials.md
2020-01-10T05:38:19.870Z - info: Rebuilding affected source files
2020-01-10T05:38:19.871Z - info: Rebuilding 6 pages
2020-01-10T05:38:21.748Z - debug:  
2020-01-10T05:38:22.560Z - info: Pages rebuilt
2020-01-10T05:38:22.568Z - info: Site data built
2020-01-10T05:39:08.678Z - info: [1:39:08 PM] Reload for file change: C:\repos\nus-cs2113-AY1920S2\cs2113-website\admin\tutorials.md
2020-01-10T05:39:09.681Z - info: Rebuilding affected source files
2020-01-10T05:39:09.683Z - info: Rebuilding 6 pages
2020-01-10T05:39:11.727Z - debug:  
2020-01-10T05:39:12.705Z - info: Pages rebuilt
2020-01-10T05:39:12.714Z - info: Site data built
2020-01-10T05:40:45.916Z - info: [1:40:45 PM] Reload for file change: C:\repos\nus-cs2113-AY1920S2\cs2113-website\admin\tutorials.md
2020-01-10T05:40:46.929Z - info: Rebuilding affected source files
2020-01-10T05:40:46.931Z - info: Rebuilding 6 pages
2020-01-10T05:40:48.681Z - debug:  
2020-01-10T05:40:49.556Z - info: Pages rebuilt
2020-01-10T05:40:49.563Z - info: Site data built
2020-01-10T05:43:33.623Z - info: [1:43:33 PM] Reload for file change: C:\repos\nus-cs2113-AY1920S2\cs2113-website\admin\tutorials.md
2020-01-10T05:43:34.626Z - info: Rebuilding affected source files
2020-01-10T05:43:34.628Z - info: Rebuilding 6 pages
2020-01-10T05:43:36.397Z - debug:  
2020-01-10T05:43:37.233Z - info: Pages rebuilt
2020-01-10T05:43:37.239Z - info: Site data built
2020-01-10T05:43:54.522Z - info: [1:43:54 PM] Reload for file change: C:\repos\nus-cs2113-AY1920S2\cs2113-website\admin\tutorials.md
2020-01-10T05:43:55.530Z - info: Rebuilding affected source files
2020-01-10T05:43:55.531Z - info: Rebuilding 6 pages
2020-01-10T05:43:57.247Z - debug:  
2020-01-10T05:43:58.138Z - info: Pages rebuilt
2020-01-10T05:43:58.144Z - info: Site data built
2020-01-10T05:44:14.104Z - info: [1:44:14 PM] Reload for file change: C:\repos\nus-cs2113-AY1920S2\cs2113-website\admin\tutorials.md
2020-01-10T05:44:15.123Z - info: Rebuilding affected source files
2020-01-10T05:44:15.126Z - info: Rebuilding 6 pages
2020-01-10T05:44:16.864Z - debug:  
2020-01-10T05:44:17.739Z - info: Pages rebuilt
2020-01-10T05:44:17.748Z - info: Site data built
2020-01-10T05:47:18.398Z - info: [1:47:18 PM] Reload for file change: C:\repos\nus-cs2113-AY1920S2\cs2113-website\admin\tutorials.md
2020-01-10T05:47:19.406Z - info: Rebuilding affected source files
2020-01-10T05:47:19.408Z - info: Rebuilding 6 pages
2020-01-10T05:47:21.150Z - debug:  
2020-01-10T05:47:22.073Z - info: Pages rebuilt
2020-01-10T05:47:22.088Z - info: Site data built
2020-01-10T05:47:59.940Z - info: [1:47:59 PM] Reload for file change: C:\repos\nus-cs2113-AY1920S2\cs2113-website\admin\tutorials.md
2020-01-10T05:48:00.960Z - info: Rebuilding affected source files
2020-01-10T05:48:00.962Z - info: Rebuilding 6 pages
2020-01-10T05:48:02.750Z - debug:  
2020-01-10T05:48:03.599Z - info: Pages rebuilt
2020-01-10T05:48:03.609Z - info: Site data built
2020-01-10T05:48:14.567Z - info: [1:48:14 PM] Reload for file change: C:\repos\nus-cs2113-AY1920S2\cs2113-website\admin\tutorials.md
2020-01-10T05:48:15.574Z - info: Rebuilding affected source files
2020-01-10T05:48:15.576Z - info: Rebuilding 6 pages
2020-01-10T05:48:17.328Z - debug:  
2020-01-10T05:48:18.139Z - info: Pages rebuilt
2020-01-10T05:48:18.146Z - info: Site data built
2020-01-10T05:50:03.693Z - info: [1:50:03 PM] Reload for file change: C:\repos\nus-cs2113-AY1920S2\cs2113-website\admin\ip-overview.md
2020-01-10T05:50:04.711Z - info: Rebuilding affected source files
2020-01-10T05:50:04.714Z - info: Rebuilding 3 pages
2020-01-10T05:50:06.698Z - info: Pages rebuilt
2020-01-10T05:50:06.707Z - info: Site data built
2020-01-10T05:59:39.879Z - info: [1:59:39 PM] Reload for file change: C:\repos\nus-cs2113-AY1920S2\cs2113-website\admin\tp-expectations.md
2020-01-10T05:59:40.898Z - info: Rebuilding affected source files
2020-01-10T05:59:40.901Z - info: Rebuilding 20 pages
2020-01-10T05:59:45.888Z - debug: The process cannot access the file because it is being used by another process.

2020-01-10T05:59:47.520Z - debug:  
2020-01-10T05:59:51.983Z - info: Pages rebuilt
2020-01-10T05:59:51.990Z - info: Site data built
2020-01-10T06:01:32.050Z - info: [2:01:32 PM] Reload for file change: C:\repos\nus-cs2113-AY1920S2\cs2113-website\admin\tp-deliverables-pe.mbdf
2020-01-10T06:01:33.066Z - info: Rebuilding affected source files
2020-01-10T06:01:33.070Z - info: Rebuilding 9 pages
2020-01-10T06:01:38.369Z - info: Pages rebuilt
2020-01-10T06:01:38.374Z - info: Site data built
2020-01-10T06:04:30.120Z - info: [2:04:30 PM] Reload for file change: C:\repos\nus-cs2113-AY1920S2\cs2113-website\admin\tp-expectations.md
2020-01-10T06:04:31.124Z - info: Rebuilding affected source files
2020-01-10T06:04:31.127Z - info: Rebuilding 15 pages
2020-01-10T06:04:40.191Z - info: Pages rebuilt
2020-01-10T06:04:40.196Z - info: Site data built
2020-01-10T06:09:07.947Z - info: [2:09:07 PM] Reload for file change: C:\repos\nus-cs2113-AY1920S2\cs2113-website\admin\participation.md
2020-01-10T06:09:08.951Z - info: Rebuilding affected source files
2020-01-10T06:09:08.953Z - info: Rebuilding 3 pages
2020-01-10T06:09:09.434Z - debug: The process cannot access the file because it is being used by another process.

2020-01-10T06:09:11.011Z - debug:  
2020-01-10T06:09:12.024Z - info: Pages rebuilt
2020-01-10T06:09:12.029Z - info: Site data built
2020-01-10T06:11:26.428Z - info: [2:11:26 PM] Reload for file change: C:\repos\nus-cs2113-AY1920S2\cs2113-website\admin\participation.md
2020-01-10T06:11:27.431Z - info: Rebuilding affected source files
2020-01-10T06:11:27.432Z - info: Rebuilding 3 pages
2020-01-10T06:11:27.879Z - debug: The process cannot access the file because it is being used by another process.

2020-01-10T06:11:28.943Z - debug:  
2020-01-10T06:11:29.427Z - info: Pages rebuilt
2020-01-10T06:11:29.431Z - info: Site data built
2020-01-10T06:11:45.713Z - info: [2:11:45 PM] Reload for file change: C:\repos\nus-cs2113-AY1920S2\cs2113-website\admin\participation.md
2020-01-10T06:11:46.716Z - info: Rebuilding affected source files
2020-01-10T06:11:46.717Z - info: Rebuilding 3 pages
2020-01-10T06:11:47.153Z - debug: The process cannot access the file because it is being used by another process.

2020-01-10T06:11:48.183Z - debug:  
2020-01-10T06:11:48.663Z - info: Pages rebuilt
2020-01-10T06:11:48.666Z - info: Site data built
2020-01-10T06:15:28.597Z - info: [2:15:28 PM] Reload for file change: C:\repos\nus-cs2113-AY1920S2\cs2113-website\_markbind\variables.md
2020-01-10T06:15:29.598Z - info: Rebuilding affected source files
2020-01-10T06:15:29.654Z - warn: Rebuilding all pages as variables file was changed, or the --force-reload flag was set
2020-01-10T06:15:29.745Z - info: Rebuilding 768 pages
2020-01-10T06:16:22.987Z - debug: The process cannot access the file because it is being used by another process.

2020-01-10T06:16:22.987Z - debug: The process cannot access the file because it is being used by another process.

2020-01-10T06:16:22.987Z - debug: The process cannot access the file because it is being used by another process.

2020-01-10T06:16:22.987Z - debug: The process cannot access the file because it is being used by another process.

2020-01-10T06:16:22.987Z - debug: The process cannot access the file because it is being used by another process.

2020-01-10T06:16:22.988Z - debug: The process cannot access the file because it is being used by another process.

2020-01-10T06:16:22.988Z - debug: The process cannot access the file because it is being used by another process.

2020-01-10T06:16:22.989Z - debug: The process cannot access the file because it is being used by another process.

2020-01-10T06:16:22.989Z - debug: The process cannot access the file because it is being used by another process.

2020-01-10T06:16:22.989Z - debug: The process cannot access the file because it is being used by another process.

2020-01-10T06:16:23.039Z - debug: The process cannot access the file because it is being used by another process.

2020-01-10T06:16:30.032Z - debug:  
2020-01-10T06:16:30.033Z - debug:  
2020-01-10T06:16:30.033Z - debug:  
2020-01-10T06:16:30.034Z - debug:  
2020-01-10T06:17:34.075Z - info: Pages rebuilt
2020-01-10T06:17:34.081Z - info: Site data built
2020-01-10T06:21:15.360Z - info: [2:21:15 PM] Reload for file change: C:\repos\nus-cs2113-AY1920S2\cs2113-website\admin\images\grade-breakdown.puml
2020-01-10T06:21:16.374Z - info: Assets built
2020-01-10T06:30:15.193Z - info: [2:30:15 PM] Reload for file change: C:\repos\nus-cs2113-AY1920S2\cs2113-website\admin\ip-grading.md
2020-01-10T06:30:16.196Z - info: Rebuilding affected source files
2020-01-10T06:30:16.198Z - info: Rebuilding 5 pages
2020-01-10T06:30:17.998Z - debug: The process cannot access the file because it is being used by another process.

2020-01-10T06:30:19.140Z - debug:  
2020-01-10T06:30:19.891Z - info: Pages rebuilt
2020-01-10T06:30:19.898Z - info: Site data built
2020-01-10T06:35:12.851Z - info: [2:35:12 PM] Reload for file change: C:\repos\nus-cs2113-AY1920S2\cs2113-website\admin\ip-grading.md
2020-01-10T06:35:12.862Z - info: [2:35:12 PM] Reload for file change: C:\repos\nus-cs2113-AY1920S2\cs2113-website\admin\images\grade-breakdown.puml
2020-01-10T06:35:13.867Z - info: Rebuilding affected source files
2020-01-10T06:35:13.870Z - info: Rebuilding 5 pages
2020-01-10T06:35:15.545Z - debug: The process cannot access the file because it is being used by another process.

2020-01-10T06:35:15.549Z - info: Assets built
2020-01-10T06:35:16.704Z - debug:  
2020-01-10T06:35:17.348Z - info: Pages rebuilt
2020-01-10T06:35:17.352Z - info: Site data built
2020-01-10T06:36:20.441Z - info: [2:36:20 PM] Reload for file change: C:\repos\nus-cs2113-AY1920S2\cs2113-website\admin\images\grade-breakdown.puml
2020-01-10T06:36:21.452Z - info: Assets built
2020-01-10T06:36:46.861Z - info: [2:36:46 PM] Reload for file change: C:\repos\nus-cs2113-AY1920S2\cs2113-website\admin\ip-grading.md
2020-01-10T06:36:47.873Z - info: Rebuilding affected source files
2020-01-10T06:36:47.874Z - info: Rebuilding 5 pages
2020-01-10T06:36:49.575Z - info: [2:36:49 PM] Reload for file change: C:\repos\nus-cs2113-AY1920S2\cs2113-website\admin\ip-grading.md
2020-01-10T06:36:49.620Z - debug: The process cannot access the file because it is being used by another process.

2020-01-10T06:36:50.696Z - debug:  
2020-01-10T06:36:51.279Z - info: Pages rebuilt
2020-01-10T06:36:51.284Z - info: Site data built
2020-01-10T06:36:51.301Z - info: Rebuilding affected source files
2020-01-10T06:36:51.302Z - info: Rebuilding 5 pages
2020-01-10T06:36:52.783Z - debug: The process cannot access the file because it is being used by another process.

2020-01-10T06:36:53.849Z - debug:  
2020-01-10T06:36:54.377Z - info: Pages rebuilt
2020-01-10T06:36:54.382Z - info: Site data built
2020-01-10T06:39:01.292Z - info: [2:39:01 PM] Reload for file change: C:\repos\nus-cs2113-AY1920S2\cs2113-website\admin\ip-grading.md
2020-01-10T06:39:02.298Z - info: Rebuilding affected source files
2020-01-10T06:39:02.299Z - info: Rebuilding 5 pages
2020-01-10T06:39:03.960Z - debug: The process cannot access the file because it is being used by another process.

2020-01-10T06:39:05.069Z - debug:  
2020-01-10T06:39:05.840Z - info: Pages rebuilt
2020-01-10T06:39:05.843Z - info: Site data built
2020-01-10T06:39:21.697Z - info: [2:39:21 PM] Reload for file change: C:\repos\nus-cs2113-AY1920S2\cs2113-website\admin\ip-grading.md
2020-01-10T06:39:22.701Z - info: Rebuilding affected source files
2020-01-10T06:39:22.702Z - info: Rebuilding 5 pages
2020-01-10T06:39:24.250Z - debug: The process cannot access the file because it is being used by another process.

2020-01-10T06:39:25.468Z - debug:  
2020-01-10T06:39:26.167Z - info: Pages rebuilt
2020-01-10T06:39:26.173Z - info: Site data built
2020-01-10T06:52:36.306Z - info: Website generation started at 2:52:34 PM
2020-01-10T06:52:38.711Z - info: Building assets...
2020-01-10T06:52:40.802Z - info: Assets built
2020-01-10T06:52:40.802Z - info: Generating pages...
2020-01-10T06:53:29.994Z - debug: The process cannot access the file because it is being used by another process.

2020-01-10T06:53:29.994Z - debug: The process cannot access the file because it is being used by another process.

2020-01-10T06:53:29.995Z - debug: The process cannot access the file because it is being used by another process.

2020-01-10T06:53:29.995Z - debug: The process cannot access the file because it is being used by another process.

2020-01-10T06:53:29.995Z - debug: The process cannot access the file because it is being used by another process.

2020-01-10T06:53:29.996Z - debug: The process cannot access the file because it is being used by another process.

2020-01-10T06:53:29.996Z - debug: The process cannot access the file because it is being used by another process.

2020-01-10T06:53:29.996Z - debug: The process cannot access the file because it is being used by another process.

2020-01-10T06:53:29.997Z - debug: The process cannot access the file because it is being used by another process.

2020-01-10T06:53:29.997Z - debug: The process cannot access the file because it is being used by another process.

2020-01-10T06:53:30.090Z - debug: The process cannot access the file because it is being used by another process.

2020-01-10T06:53:33.255Z - debug:  
2020-01-10T06:53:33.255Z - debug:  
2020-01-10T06:53:33.255Z - debug:  
2020-01-10T06:53:33.255Z - debug:  
2020-01-10T06:54:18.631Z - info: Pages built
2020-01-10T06:54:32.693Z - info: Website generation complete! Total build time: 117.706s
2020-01-10T06:54:33.029Z - info: Serving "C:\repos\nus-cs2113-AY1920S2\cs2113-website\_site" at http://127.0.0.1:8080
2020-01-10T06:54:33.030Z - info: Press CTRL+C to stop ...
2020-01-10T06:54:33.118Z - info: Site data built
2020-01-10T06:55:40.944Z - info: Website generation started at 2:55:39 PM
2020-01-10T06:55:43.510Z - info: Building assets...
2020-01-10T06:55:45.755Z - info: Assets built
2020-01-10T06:55:45.755Z - info: Generating pages...
2020-01-10T06:56:31.939Z - debug: The process cannot access the file because it is being used by another process.

2020-01-10T06:56:31.942Z - debug: The process cannot access the file because it is being used by another process.

2020-01-10T06:56:31.942Z - debug: The process cannot access the file because it is being used by another process.

2020-01-10T06:56:31.960Z - debug: The process cannot access the file because it is being used by another process.

2020-01-10T06:56:31.960Z - debug: The process cannot access the file because it is being used by another process.

2020-01-10T06:56:31.960Z - debug: The process cannot access the file because it is being used by another process.

2020-01-10T06:56:31.961Z - debug: The process cannot access the file because it is being used by another process.

2020-01-10T06:56:31.961Z - debug: The process cannot access the file because it is being used by another process.

2020-01-10T06:56:31.961Z - debug: The process cannot access the file because it is being used by another process.

2020-01-10T06:56:31.961Z - debug: The process cannot access the file because it is being used by another process.

2020-01-10T06:56:32.115Z - debug: The process cannot access the file because it is being used by another process.

2020-01-10T06:56:34.859Z - debug:  
2020-01-10T06:56:34.859Z - debug:  
2020-01-10T06:56:35.920Z - debug:  
2020-01-10T06:56:35.920Z - debug:  
2020-01-10T06:57:20.240Z - info: Pages built
2020-01-10T06:57:34.416Z - info: Website generation complete! Total build time: 114.856s
2020-01-10T06:57:34.416Z - info: Build success!
2020-01-10T06:57:34.419Z - info: Site data built
2020-01-10T06:58:16.218Z - info: Deployed!
2020-01-10T08:53:41.217Z - info: Website generation started at 4:53:39 PM
2020-01-10T08:53:43.631Z - info: Building assets...
2020-01-10T08:53:45.624Z - info: Assets built
2020-01-10T08:53:45.624Z - info: Generating pages...
2020-01-10T08:53:46.155Z - info: Pages built
2020-01-10T08:53:46.341Z - info: Website generation complete! Total build time: 6.459s
2020-01-10T08:53:46.687Z - info: Serving "C:\repos\nus-cs2113-AY1920S2\cs2113-website\_site" at http://127.0.0.1:8080
2020-01-10T08:53:46.687Z - info: Press CTRL+C to stop ...
2020-01-10T08:53:46.779Z - info: Site data built
2020-01-10T08:54:48.988Z - info: [4:54:48 PM] Reload for file change: C:\repos\nus-cs2113-AY1920S2\cs2113-website\admin\index.md
2020-01-10T08:54:49.991Z - info: Rebuilding affected source files
2020-01-10T08:54:49.992Z - info: Rebuilding 1 pages
2020-01-10T08:54:50.379Z - info: Pages rebuilt
2020-01-10T08:54:50.384Z - info: Site data built
2020-01-10T08:54:51.258Z - debug:  
2020-01-10T08:55:08.958Z - info: [4:55:08 PM] Reload for file change: C:\repos\nus-cs2113-AY1920S2\cs2113-website\admin\images\grade-breakdown.puml
2020-01-10T08:55:09.986Z - info: Assets built
2020-01-10T08:55:17.662Z - info: [4:55:17 PM] Reload for file change: C:\repos\nus-cs2113-AY1920S2\cs2113-website\admin\images\grade-breakdown.puml
2020-01-10T08:55:18.688Z - info: Assets built
2020-01-10T08:56:01.164Z - info: Website generation started at 4:56:00 PM
2020-01-10T08:56:03.709Z - info: Building assets...
2020-01-10T08:56:05.577Z - info: Assets built
2020-01-10T08:56:05.578Z - info: Generating pages...
2020-01-10T08:56:10.186Z - info: Pages built
2020-01-10T08:56:10.417Z - info: Website generation complete! Total build time: 9.827s
2020-01-10T08:56:10.756Z - info: Serving "C:\repos\nus-cs2113-AY1920S2\cs2113-website\_site" at http://127.0.0.1:8080
2020-01-10T08:56:10.756Z - info: Press CTRL+C to stop ...
2020-01-10T08:56:10.789Z - info: Site data built
2020-01-10T08:56:36.382Z - info: [4:56:36 PM] Reload for file change: C:\repos\nus-cs2113-AY1920S2\cs2113-website\schedule\timeline.md
2020-01-10T08:56:37.384Z - info: Rebuilding affected source files
2020-01-10T08:56:37.385Z - info: Rebuilding 1 pages
2020-01-10T08:56:41.575Z - info: Pages rebuilt
2020-01-10T08:56:41.577Z - debug:  
2020-01-10T08:56:41.582Z - info: Site data built
2020-01-10T08:56:47.620Z - info: [4:56:47 PM] Reload for file change: C:\repos\nus-cs2113-AY1920S2\cs2113-website\admin\images\grade-breakdown.puml
2020-01-10T08:56:48.638Z - info: Assets built
2020-01-10T08:56:59.805Z - info: [4:56:59 PM] Reload for file change: C:\repos\nus-cs2113-AY1920S2\cs2113-website\schedule\timeline.md
2020-01-10T08:57:00.808Z - info: Rebuilding affected source files
2020-01-10T08:57:00.808Z - info: Rebuilding 1 pages
2020-01-10T08:57:04.921Z - info: Pages rebuilt
2020-01-10T08:57:04.923Z - debug:  
2020-01-10T08:57:04.930Z - info: Site data built
2020-01-10T08:57:20.984Z - info: [4:57:20 PM] Reload for file change: C:\repos\nus-cs2113-AY1920S2\cs2113-website\schedule\timeline.md
2020-01-10T08:57:21.986Z - info: Rebuilding affected source files
2020-01-10T08:57:21.988Z - info: Rebuilding 1 pages
2020-01-10T08:57:25.905Z - info: Pages rebuilt
2020-01-10T08:57:25.908Z - info: Site data built
2020-01-10T08:57:27.466Z - info: [4:57:27 PM] Reload for file change: C:\repos\nus-cs2113-AY1920S2\cs2113-website\admin\images\grade-breakdown.puml
2020-01-10T08:57:28.489Z - info: Assets built
2020-01-10T09:00:47.691Z - info: [5:00:47 PM] Reload for file change: C:\repos\nus-cs2113-AY1920S2\cs2113-website\admin\index.md
2020-01-10T09:00:48.693Z - info: Rebuilding affected source files
2020-01-10T09:00:48.693Z - info: Rebuilding 0 pages
2020-01-10T09:00:48.694Z - info: Pages rebuilt
2020-01-10T09:00:48.700Z - info: Site data built
