2020-03-22T10:32:40.976Z - info: Website generation (lazy) started at 6:32:39 PM
2020-03-22T10:32:43.640Z - info: Building assets...
2020-03-22T10:32:45.576Z - info: Assets built
2020-03-22T10:32:45.576Z - info: Generating landing page...
2020-03-22T10:32:46.526Z - info: Landing page built, other pages will be built as you navigate to them!
2020-03-22T10:32:46.671Z - info: Website generation (lazy) complete! Total build time: 6.975s
2020-03-22T10:32:47.010Z - info: Serving "C:\repos\nus-cs2113-AY1920S2\cs2113-website\_site" at http://127.0.0.1:8080
2020-03-22T10:32:47.010Z - info: Press CTRL+C to stop ...
2020-03-22T10:32:47.095Z - info: Site data built
2020-03-22T10:33:03.057Z - info: Building C:\repos\nus-cs2113-AY1920S2\cs2113-website\schedule\week10\topics as some of its dependencies were changed since the last visit
2020-03-22T10:33:04.720Z - info: Site data built
2020-03-22T10:33:04.724Z - info: Lazy website regeneration complete! Total build time: 1.667s
2020-03-22T10:33:05.959Z - debug:  
2020-03-22T10:33:06.421Z - debug:  
2020-03-22T10:33:06.434Z - debug:  
2020-03-22T10:33:36.583Z - info: [6:33:36 PM] Reload for file change: C:\repos\nus-cs2113-AY1920S2\cs2113-website\schedule\week10\commentary.mbdf
2020-03-22T10:33:37.584Z - info: Rebuilding affected source files
2020-03-22T10:33:37.586Z - info: Rebuilding 1 pages
2020-03-22T10:33:39.647Z - info: Pages rebuilt
2020-03-22T10:33:39.647Z - info: Website regeneration complete! Total build time: 2.063s
2020-03-22T10:33:39.656Z - info: Site data built
2020-03-22T10:33:39.684Z - debug:  
2020-03-22T10:33:39.843Z - debug:  
2020-03-22T10:33:39.905Z - debug:  
2020-03-22T11:15:21.076Z - info: Building C:\repos\nus-cs2113-AY1920S2\cs2113-website\schedule\week10\tutorial as some of its dependencies were changed since the last visit
2020-03-22T11:15:21.568Z - info: Site data built
2020-03-22T11:15:21.568Z - info: Lazy website regeneration complete! Total build time: 0.493s
2020-03-22T11:16:58.534Z - info: [7:16:58 PM] Reload for file change: C:\repos\nus-cs2113-AY1920S2\cs2113-website\schedule\week10\tutorial-cs2103.mbdf
2020-03-22T11:16:59.535Z - info: Rebuilding affected source files
2020-03-22T11:16:59.540Z - info: Rebuilding 1 pages
2020-03-22T11:16:59.949Z - info: Pages rebuilt
2020-03-22T11:16:59.949Z - info: Website regeneration complete! Total build time: 0.413s
2020-03-22T11:16:59.953Z - info: Site data built
2020-03-22T11:17:45.965Z - info: [7:17:45 PM] Reload for file change: C:\repos\nus-cs2113-AY1920S2\cs2113-website\schedule\week10\tutorial-cs2103.mbdf
2020-03-22T11:17:46.967Z - info: Rebuilding affected source files
2020-03-22T11:17:46.972Z - info: Rebuilding 1 pages
2020-03-22T11:17:47.397Z - info: Pages rebuilt
2020-03-22T11:17:47.398Z - info: Website regeneration complete! Total build time: 0.431s
2020-03-22T11:17:47.400Z - info: Site data built
2020-03-22T11:18:52.843Z - info: [7:18:52 PM] Reload for file change: C:\repos\nus-cs2113-AY1920S2\cs2113-website\schedule\week10\tutorial-cs2103.mbdf
2020-03-22T11:18:53.844Z - info: Rebuilding affected source files
2020-03-22T11:18:53.846Z - info: Rebuilding 1 pages
2020-03-22T11:18:54.224Z - info: Pages rebuilt
2020-03-22T11:18:54.224Z - info: Website regeneration complete! Total build time: 0.379s
2020-03-22T11:18:54.227Z - info: Site data built
2020-03-22T11:20:23.835Z - info: Website generation started at 7:20:23 PM
2020-03-22T11:20:26.309Z - info: Building assets...
2020-03-22T11:20:28.524Z - info: Assets built
2020-03-22T11:20:28.525Z - info: Generating pages...
2020-03-22T11:21:18.608Z - debug: The process cannot access the file because it is being used by another process.

2020-03-22T11:21:18.609Z - debug: The process cannot access the file because it is being used by another process.

2020-03-22T11:21:18.609Z - debug: The process cannot access the file because it is being used by another process.

2020-03-22T11:21:18.609Z - debug: The process cannot access the file because it is being used by another process.

2020-03-22T11:21:18.620Z - debug: The process cannot access the file because it is being used by another process.

2020-03-22T11:21:18.620Z - debug: The process cannot access the file because it is being used by another process.

2020-03-22T11:21:18.620Z - debug: The process cannot access the file because it is being used by another process.

2020-03-22T11:21:18.621Z - debug: The process cannot access the file because it is being used by another process.

2020-03-22T11:21:18.621Z - debug: The process cannot access the file because it is being used by another process.

2020-03-22T11:21:18.621Z - debug: The process cannot access the file because it is being used by another process.

2020-03-22T11:21:18.621Z - debug: The process cannot access the file because it is being used by another process.

2020-03-22T11:21:18.621Z - debug: The process cannot access the file because it is being used by another process.

2020-03-22T11:21:18.622Z - debug: The process cannot access the file because it is being used by another process.

2020-03-22T11:21:18.622Z - debug: The process cannot access the file because it is being used by another process.

2020-03-22T11:21:18.622Z - debug: The process cannot access the file because it is being used by another process.

2020-03-22T11:21:18.622Z - debug: The process cannot access the file because it is being used by another process.

2020-03-22T11:21:18.623Z - debug: The process cannot access the file because it is being used by another process.

2020-03-22T11:21:18.623Z - debug: The process cannot access the file because it is being used by another process.

2020-03-22T11:21:18.623Z - debug: The process cannot access the file because it is being used by another process.

2020-03-22T11:21:18.623Z - debug: The process cannot access the file because it is being used by another process.

2020-03-22T11:21:18.624Z - debug: The process cannot access the file because it is being used by another process.

2020-03-22T11:21:18.624Z - debug: The process cannot access the file because it is being used by another process.

2020-03-22T11:21:18.679Z - debug: The process cannot access the file because it is being used by another process.

2020-03-22T11:21:18.680Z - debug: The process cannot access the file because it is being used by another process.

2020-03-22T11:21:18.684Z - debug: The process cannot access the file because it is being used by another process.

2020-03-22T11:21:22.271Z - debug:  
2020-03-22T11:21:22.271Z - debug:  
2020-03-22T11:21:23.263Z - debug:  
2020-03-22T11:21:23.264Z - debug:  
2020-03-22T11:22:00.951Z - debug:  
2020-03-22T11:22:00.951Z - debug:  
2020-03-22T11:22:20.379Z - info: Pages built
2020-03-22T11:22:37.411Z - info: Website generation complete! Total build time: 134.204s
2020-03-22T11:22:37.412Z - info: Build success!
2020-03-22T11:22:37.414Z - info: Site data built
2020-03-22T11:23:21.860Z - info: Deployed!
