2020-04-15T16:00:31.576Z - debug: The process cannot access the file because it is being used by another process.

2020-04-15T16:00:31.650Z - debug: The process cannot access the file because it is being used by another process.

2020-04-15T16:00:31.651Z - debug: The process cannot access the file because it is being used by another process.

2020-04-15T16:00:31.651Z - debug: The process cannot access the file because it is being used by another process.

2020-04-15T16:00:31.652Z - debug: The process cannot access the file because it is being used by another process.

2020-04-15T16:00:31.652Z - debug: The process cannot access the file because it is being used by another process.

2020-04-15T16:00:31.652Z - debug: The process cannot access the file because it is being used by another process.

2020-04-15T16:00:31.653Z - debug: The process cannot access the file because it is being used by another process.

2020-04-15T16:00:31.653Z - debug: The process cannot access the file because it is being used by another process.

2020-04-15T16:00:31.654Z - debug: The process cannot access the file because it is being used by another process.

2020-04-15T16:00:31.654Z - debug: The process cannot access the file because it is being used by another process.

2020-04-15T16:00:31.655Z - debug: The process cannot access the file because it is being used by another process.

2020-04-15T16:00:31.655Z - debug: The process cannot access the file because it is being used by another process.

2020-04-15T16:00:31.655Z - debug: The process cannot access the file because it is being used by another process.

2020-04-15T16:00:31.656Z - debug: The process cannot access the file because it is being used by another process.

2020-04-15T16:00:31.656Z - debug: The process cannot access the file because it is being used by another process.

2020-04-15T16:00:31.656Z - debug: The process cannot access the file because it is being used by another process.

2020-04-15T16:00:31.657Z - debug: The process cannot access the file because it is being used by another process.

2020-04-15T16:00:31.657Z - debug: The process cannot access the file because it is being used by another process.

2020-04-15T16:00:31.657Z - debug: The process cannot access the file because it is being used by another process.

2020-04-15T16:00:31.658Z - debug: The process cannot access the file because it is being used by another process.

2020-04-15T16:00:31.658Z - debug: The process cannot access the file because it is being used by another process.

2020-04-15T16:00:31.658Z - debug: The process cannot access the file because it is being used by another process.

2020-04-15T16:00:31.658Z - debug: The process cannot access the file because it is being used by another process.

2020-04-15T16:00:31.818Z - debug: The process cannot access the file because it is being used by another process.

2020-04-15T16:00:37.882Z - debug:  
2020-04-15T16:00:37.882Z - debug:  
2020-04-15T16:00:37.882Z - debug:  
2020-04-15T16:00:37.883Z - debug:  
2020-04-15T16:00:38.362Z - info: Pages built
2020-04-15T16:01:25.217Z - info: Website generation complete! Total build time: 280.537s
2020-04-15T16:01:25.218Z - info: Build success!
2020-04-15T16:01:25.222Z - info: Site data built
2020-04-15T16:01:25.429Z - debug:  
2020-04-15T16:01:25.432Z - debug:  
2020-04-15T16:02:05.482Z - info: Deployed!
