2020-01-29T02:14:55.663Z - info: Website generation started at 10:14:54 AM
2020-01-29T02:14:58.752Z - info: Building assets...
2020-01-29T02:15:01.178Z - info: Assets built
2020-01-29T02:15:01.179Z - info: Generating pages...
2020-01-29T02:16:00.246Z - debug: The process cannot access the file because it is being used by another process.

2020-01-29T02:16:00.247Z - debug: The process cannot access the file because it is being used by another process.

2020-01-29T02:16:00.247Z - debug: The process cannot access the file because it is being used by another process.

2020-01-29T02:16:00.247Z - debug: The process cannot access the file because it is being used by another process.

2020-01-29T02:16:00.247Z - debug: The process cannot access the file because it is being used by another process.

2020-01-29T02:16:00.248Z - debug: The process cannot access the file because it is being used by another process.

2020-01-29T02:16:00.248Z - debug: The process cannot access the file because it is being used by another process.

2020-01-29T02:16:00.248Z - debug: The process cannot access the file because it is being used by another process.

2020-01-29T02:16:00.248Z - debug: The process cannot access the file because it is being used by another process.

2020-01-29T02:16:00.248Z - debug: The process cannot access the file because it is being used by another process.

2020-01-29T02:16:00.256Z - debug: The process cannot access the file because it is being used by another process.

2020-01-29T02:16:04.881Z - debug:  
2020-01-29T02:16:04.882Z - debug:  
2020-01-29T02:16:06.376Z - debug:  
2020-01-29T02:16:06.376Z - debug:  
2020-01-29T02:16:58.650Z - info: Pages built
2020-01-29T02:17:15.804Z - info: Website generation complete! Total build time: 141.599s
2020-01-29T02:17:15.804Z - info: Build success!
2020-01-29T02:17:15.807Z - info: Site data built
2020-01-29T02:17:48.182Z - info: Deployed!
2020-01-29T07:23:27.206Z - info: Website generation started at 3:23:25 PM
2020-01-29T07:23:30.112Z - info: Building assets...
2020-01-29T07:23:32.199Z - info: Assets built
2020-01-29T07:23:32.199Z - info: Generating pages...
2020-01-29T07:24:22.727Z - debug: The process cannot access the file because it is being used by another process.

2020-01-29T07:24:22.728Z - debug: The process cannot access the file because it is being used by another process.

2020-01-29T07:24:22.728Z - debug: The process cannot access the file because it is being used by another process.

2020-01-29T07:24:22.728Z - debug: The process cannot access the file because it is being used by another process.

2020-01-29T07:24:22.728Z - debug: The process cannot access the file because it is being used by another process.

2020-01-29T07:24:22.729Z - debug: The process cannot access the file because it is being used by another process.

2020-01-29T07:24:22.729Z - debug: The process cannot access the file because it is being used by another process.

2020-01-29T07:24:22.730Z - debug: The process cannot access the file because it is being used by another process.

2020-01-29T07:24:22.735Z - debug: The process cannot access the file because it is being used by another process.

2020-01-29T07:24:22.736Z - debug: The process cannot access the file because it is being used by another process.

2020-01-29T07:24:22.736Z - debug: The process cannot access the file because it is being used by another process.

2020-01-29T07:24:28.056Z - debug:  
2020-01-29T07:24:28.056Z - debug:  
2020-01-29T07:24:28.056Z - debug:  
2020-01-29T07:24:28.056Z - debug:  
2020-01-29T07:25:16.806Z - info: Pages built
2020-01-29T07:25:31.776Z - info: Website generation complete! Total build time: 126.008s
2020-01-29T07:25:32.134Z - info: Serving "C:\repos\nus-cs2113-AY1920S2\cs2113-website\_site" at http://127.0.0.1:8080
2020-01-29T07:25:32.134Z - info: Press CTRL+C to stop ...
2020-01-29T07:25:32.235Z - info: Site data built
2020-01-29T07:28:59.714Z - info: [3:28:59 PM] Reload for file change: C:\repos\nus-cs2113-AY1920S2\cs2113-website\schedule\week4\tutorial-cs2113.mbdf
2020-01-29T07:29:00.716Z - info: Rebuilding affected source files
2020-01-29T07:29:00.717Z - info: Rebuilding 1 pages
2020-01-29T07:29:01.202Z - info: Pages rebuilt
2020-01-29T07:29:01.208Z - info: Site data built
2020-01-29T07:30:33.281Z - info: Website generation started at 3:30:31 PM
2020-01-29T07:30:36.175Z - info: Building assets...
2020-01-29T07:30:38.424Z - info: Assets built
2020-01-29T07:30:38.425Z - info: Generating pages...
2020-01-29T07:31:29.178Z - debug: The process cannot access the file because it is being used by another process.

2020-01-29T07:31:29.180Z - debug: The process cannot access the file because it is being used by another process.

2020-01-29T07:31:29.198Z - debug: The process cannot access the file because it is being used by another process.

2020-01-29T07:31:29.198Z - debug: The process cannot access the file because it is being used by another process.

2020-01-29T07:31:29.199Z - debug: The process cannot access the file because it is being used by another process.

2020-01-29T07:31:29.199Z - debug: The process cannot access the file because it is being used by another process.

2020-01-29T07:31:29.199Z - debug: The process cannot access the file because it is being used by another process.

2020-01-29T07:31:29.200Z - debug: The process cannot access the file because it is being used by another process.

2020-01-29T07:31:29.200Z - debug: The process cannot access the file because it is being used by another process.

2020-01-29T07:31:29.200Z - debug: The process cannot access the file because it is being used by another process.

2020-01-29T07:31:29.468Z - debug: The process cannot access the file because it is being used by another process.

2020-01-29T07:31:32.974Z - debug:  
2020-01-29T07:31:32.975Z - debug:  
2020-01-29T07:31:32.975Z - debug:  
2020-01-29T07:31:32.975Z - debug:  
2020-01-29T07:32:19.751Z - info: Pages built
2020-01-29T07:32:34.493Z - info: Website generation complete! Total build time: 122.786s
2020-01-29T07:32:34.493Z - info: Build success!
2020-01-29T07:32:34.496Z - info: Site data built
2020-01-29T07:33:05.762Z - info: Deployed!
2020-01-29T08:08:19.810Z - info: Website generation started at 4:08:18 PM
2020-01-29T08:08:22.734Z - info: Building assets...
2020-01-29T08:08:25.307Z - info: Assets built
2020-01-29T08:08:25.308Z - info: Generating pages...
2020-01-29T08:09:23.868Z - debug: The process cannot access the file because it is being used by another process.

2020-01-29T08:09:23.893Z - debug: The process cannot access the file because it is being used by another process.

2020-01-29T08:09:23.894Z - debug: The process cannot access the file because it is being used by another process.

2020-01-29T08:09:23.894Z - debug: The process cannot access the file because it is being used by another process.

2020-01-29T08:09:23.894Z - debug: The process cannot access the file because it is being used by another process.

2020-01-29T08:09:23.894Z - debug: The process cannot access the file because it is being used by another process.

2020-01-29T08:09:23.894Z - debug: The process cannot access the file because it is being used by another process.

2020-01-29T08:09:23.895Z - debug: The process cannot access the file because it is being used by another process.

2020-01-29T08:09:23.895Z - debug: The process cannot access the file because it is being used by another process.

2020-01-29T08:09:23.895Z - debug: The process cannot access the file because it is being used by another process.

2020-01-29T08:09:24.024Z - debug: The process cannot access the file because it is being used by another process.

2020-01-29T08:09:29.080Z - debug:  
2020-01-29T08:09:29.080Z - debug:  
2020-01-29T08:09:30.611Z - debug:  
2020-01-29T08:09:30.611Z - debug:  
2020-01-29T08:10:39.616Z - info: Pages built
2020-01-29T08:10:58.676Z - info: Website generation complete! Total build time: 160.341s
2020-01-29T08:10:58.676Z - info: Build success!
2020-01-29T08:10:58.679Z - info: Site data built
2020-01-29T08:11:31.013Z - info: Deployed!
2020-01-29T10:10:36.806Z - info: Website generation started at 6:10:35 PM
2020-01-29T10:10:39.480Z - info: Building assets...
2020-01-29T10:10:41.719Z - info: Assets built
2020-01-29T10:10:41.720Z - info: Generating pages...
2020-01-29T10:11:33.096Z - debug: The process cannot access the file because it is being used by another process.

2020-01-29T10:11:33.097Z - debug: The process cannot access the file because it is being used by another process.

2020-01-29T10:11:33.097Z - debug: The process cannot access the file because it is being used by another process.

2020-01-29T10:11:33.099Z - debug: The process cannot access the file because it is being used by another process.

2020-01-29T10:11:33.105Z - debug: The process cannot access the file because it is being used by another process.

2020-01-29T10:11:33.105Z - debug: The process cannot access the file because it is being used by another process.

2020-01-29T10:11:33.105Z - debug: The process cannot access the file because it is being used by another process.

2020-01-29T10:11:33.106Z - debug: The process cannot access the file because it is being used by another process.

2020-01-29T10:11:33.195Z - debug: The process cannot access the file because it is being used by another process.

2020-01-29T10:11:33.207Z - debug: The process cannot access the file because it is being used by another process.

2020-01-29T10:11:33.207Z - debug: The process cannot access the file because it is being used by another process.

2020-01-29T10:11:37.590Z - debug:  
2020-01-29T10:11:37.590Z - debug:  
2020-01-29T10:11:37.590Z - debug:  
2020-01-29T10:11:37.590Z - debug:  
2020-01-29T10:12:27.937Z - info: Pages built
2020-01-29T10:12:43.244Z - info: Website generation complete! Total build time: 128.193s
2020-01-29T10:12:43.244Z - info: Build success!
2020-01-29T10:12:43.247Z - info: Site data built
2020-01-29T10:13:16.502Z - info: Deployed!
