2020-03-08T16:57:47.834Z - info: Website generation started at 00:57:41
2020-03-08T16:57:51.416Z - info: Building assets...
2020-03-08T16:57:54.317Z - info: Assets built
2020-03-08T16:57:54.318Z - info: Generating pages...
2020-03-08T16:57:56.035Z - info: Pages built
2020-03-08T16:57:56.243Z - info: Website generation complete! Total build time: 14.459s
2020-03-08T16:57:56.557Z - info: Serving "C:\repos\nus-cs2113-AY1920S2\cs2113-website\_site" at http://127.0.0.1:8080
2020-03-08T16:57:56.558Z - info: Press CTRL+C to stop ...
2020-03-08T16:57:56.625Z - info: Site data built
2020-03-08T17:00:51.828Z - info: [01:00:51] Reload for file change: C:\repos\nus-cs2113-AY1920S2\cs2113-website\admin\tp-progress-dashboard.md
2020-03-08T17:00:52.846Z - info: Rebuilding affected source files
2020-03-08T17:00:52.847Z - info: Rebuilding 1 pages
2020-03-08T17:00:54.429Z - info: Pages rebuilt
2020-03-08T17:00:54.433Z - info: Site data built
2020-03-08T17:03:06.988Z - info: Website generation started at 01:03:04
2020-03-08T17:03:10.189Z - info: Building assets...
2020-03-08T17:03:13.018Z - info: Assets built
2020-03-08T17:03:13.019Z - info: Generating pages...
2020-03-08T17:04:57.694Z - debug: The process cannot access the file because it is being used by another process.

2020-03-08T17:04:57.695Z - debug: The process cannot access the file because it is being used by another process.

2020-03-08T17:04:57.696Z - debug: The process cannot access the file because it is being used by another process.

2020-03-08T17:04:57.696Z - debug: The process cannot access the file because it is being used by another process.

2020-03-08T17:04:57.696Z - debug: The process cannot access the file because it is being used by another process.

2020-03-08T17:04:57.697Z - debug: The process cannot access the file because it is being used by another process.

2020-03-08T17:04:57.726Z - debug: The process cannot access the file because it is being used by another process.

2020-03-08T17:04:57.726Z - debug: The process cannot access the file because it is being used by another process.

2020-03-08T17:04:57.727Z - debug: The process cannot access the file because it is being used by another process.

2020-03-08T17:04:57.727Z - debug: The process cannot access the file because it is being used by another process.

2020-03-08T17:04:57.727Z - debug: The process cannot access the file because it is being used by another process.

2020-03-08T17:04:57.727Z - debug: The process cannot access the file because it is being used by another process.

2020-03-08T17:04:57.727Z - debug: The process cannot access the file because it is being used by another process.

2020-03-08T17:04:57.728Z - debug: The process cannot access the file because it is being used by another process.

2020-03-08T17:04:57.728Z - debug: The process cannot access the file because it is being used by another process.

2020-03-08T17:04:57.728Z - debug: The process cannot access the file because it is being used by another process.

2020-03-08T17:04:57.728Z - debug: The process cannot access the file because it is being used by another process.

2020-03-08T17:04:57.729Z - debug: The process cannot access the file because it is being used by another process.

2020-03-08T17:04:57.729Z - debug: The process cannot access the file because it is being used by another process.

2020-03-08T17:04:57.730Z - debug: The process cannot access the file because it is being used by another process.

2020-03-08T17:04:57.730Z - debug: The process cannot access the file because it is being used by another process.

2020-03-08T17:04:57.730Z - debug: The process cannot access the file because it is being used by another process.

2020-03-08T17:04:57.730Z - debug: The process cannot access the file because it is being used by another process.

2020-03-08T17:04:57.731Z - debug: The process cannot access the file because it is being used by another process.

2020-03-08T17:04:57.860Z - debug: The process cannot access the file because it is being used by another process.

2020-03-08T17:05:13.368Z - debug:  
2020-03-08T17:05:13.368Z - debug:  
2020-03-08T17:05:13.368Z - debug:  
2020-03-08T17:05:13.369Z - debug:  
2020-03-08T17:06:35.123Z - info: Pages built
2020-03-08T17:07:06.533Z - info: Website generation complete! Total build time: 241.728s
2020-03-08T17:07:06.534Z - info: Build success!
2020-03-08T17:07:06.537Z - info: Site data built
2020-03-08T17:07:38.809Z - info: Deployed!
