2020-04-13T17:11:22.724Z - info: Website generation started at 1:11:15 AM
2020-04-13T17:11:29.029Z - info: Building assets...
2020-04-13T17:11:33.945Z - info: Assets built
2020-04-13T17:11:33.950Z - info: Generating pages...
2020-04-13T17:14:11.039Z - debug: The process cannot access the file because it is being used by another process.

2020-04-13T17:14:11.042Z - debug: The process cannot access the file because it is being used by another process.

2020-04-13T17:14:11.042Z - debug: The process cannot access the file because it is being used by another process.

2020-04-13T17:14:11.043Z - debug: The process cannot access the file because it is being used by another process.

2020-04-13T17:14:11.043Z - debug: The process cannot access the file because it is being used by another process.

2020-04-13T17:14:11.044Z - debug: The process cannot access the file because it is being used by another process.

2020-04-13T17:14:11.044Z - debug: The process cannot access the file because it is being used by another process.

2020-04-13T17:14:11.044Z - debug: The process cannot access the file because it is being used by another process.

2020-04-13T17:14:11.045Z - debug: The process cannot access the file because it is being used by another process.

2020-04-13T17:14:11.045Z - debug: The process cannot access the file because it is being used by another process.

2020-04-13T17:14:11.045Z - debug: The process cannot access the file because it is being used by another process.

2020-04-13T17:14:11.046Z - debug: The process cannot access the file because it is being used by another process.

2020-04-13T17:14:11.046Z - debug: The process cannot access the file because it is being used by another process.

2020-04-13T17:14:11.046Z - debug: The process cannot access the file because it is being used by another process.

2020-04-13T17:14:11.046Z - debug: The process cannot access the file because it is being used by another process.

2020-04-13T17:14:11.047Z - debug: The process cannot access the file because it is being used by another process.

2020-04-13T17:14:11.047Z - debug: The process cannot access the file because it is being used by another process.

2020-04-13T17:14:11.047Z - debug: The process cannot access the file because it is being used by another process.

2020-04-13T17:14:11.048Z - debug: The process cannot access the file because it is being used by another process.

2020-04-13T17:14:11.048Z - debug: The process cannot access the file because it is being used by another process.

2020-04-13T17:14:11.048Z - debug: The process cannot access the file because it is being used by another process.

2020-04-13T17:14:11.052Z - debug: The process cannot access the file because it is being used by another process.

2020-04-13T17:14:11.052Z - debug: The process cannot access the file because it is being used by another process.

2020-04-13T17:14:11.052Z - debug: The process cannot access the file because it is being used by another process.

2020-04-13T17:14:11.055Z - debug: The process cannot access the file because it is being used by another process.

2020-04-13T17:14:16.083Z - debug:  
2020-04-13T17:14:16.084Z - debug:  
2020-04-13T17:14:16.084Z - debug:  
2020-04-13T17:14:16.084Z - debug:  
2020-04-13T17:14:16.590Z - info: Pages built
2020-04-13T17:14:52.233Z - info: Website generation complete! Total build time: 216.783s
2020-04-13T17:14:52.234Z - info: Build success!
2020-04-13T17:14:52.239Z - info: Site data built
2020-04-13T17:14:52.441Z - debug:  
2020-04-13T17:14:52.443Z - debug:  
2020-04-13T17:15:29.063Z - info: Deployed!
2020-04-14T15:39:14.695Z - info: Website generation (lazy) started at 11:39:05 PM
2020-04-14T15:39:27.602Z - info: Building assets...
2020-04-14T15:39:34.974Z - info: Assets built
2020-04-14T15:39:34.976Z - info: Generating landing page...
2020-04-14T15:39:36.027Z - info: Landing page built, other pages will be built as you navigate to them!
2020-04-14T15:39:36.120Z - info: Website generation (lazy) complete! Total build time: 30.265s
2020-04-14T15:39:37.760Z - info: Serving "C:\repos\nus-cs2113-AY1920S2\cs2113-website\_site" at http://127.0.0.1:8080
2020-04-14T15:39:37.760Z - info: Press CTRL+C to stop ...
2020-04-14T15:39:37.838Z - info: Site data built
2020-04-14T15:39:50.167Z - info: Building C:\repos\nus-cs2113-AY1920S2\cs2113-website\admin\index as some of its dependencies were changed since the last visit
2020-04-14T15:39:50.896Z - info: Site data built
2020-04-14T15:39:50.897Z - info: Lazy website regeneration complete! Total build time: 0.732s
2020-04-14T15:39:56.770Z - info: Building C:\repos\nus-cs2113-AY1920S2\cs2113-website\admin\tp-deliverables as some of its dependencies were changed since the last visit
2020-04-14T15:39:59.164Z - info: Site data built
2020-04-14T15:39:59.165Z - info: Lazy website regeneration complete! Total build time: 2.396s
2020-04-14T15:42:01.620Z - info: Website generation started at 11:41:58 PM
2020-04-14T15:42:10.042Z - info: Building assets...
