2020-03-03T16:11:20.788Z - info: Website generation started at 00:11:14
2020-03-03T16:11:25.532Z - info: Building assets...
2020-03-03T16:11:28.651Z - info: Assets built
2020-03-03T16:11:28.652Z - info: Generating pages...
2020-03-03T16:13:14.571Z - debug: The process cannot access the file because it is being used by another process.

2020-03-03T16:13:14.572Z - debug: The process cannot access the file because it is being used by another process.

2020-03-03T16:13:14.572Z - debug: The process cannot access the file because it is being used by another process.

2020-03-03T16:13:14.573Z - debug: The process cannot access the file because it is being used by another process.

2020-03-03T16:13:14.573Z - debug: The process cannot access the file because it is being used by another process.

2020-03-03T16:13:14.573Z - debug: The process cannot access the file because it is being used by another process.

2020-03-03T16:13:14.573Z - debug: The process cannot access the file because it is being used by another process.

2020-03-03T16:13:14.573Z - debug: The process cannot access the file because it is being used by another process.

2020-03-03T16:13:14.577Z - debug: The process cannot access the file because it is being used by another process.

2020-03-03T16:13:14.577Z - debug: The process cannot access the file because it is being used by another process.

2020-03-03T16:13:14.577Z - debug: The process cannot access the file because it is being used by another process.

2020-03-03T16:13:14.577Z - debug: The process cannot access the file because it is being used by another process.

2020-03-03T16:13:14.578Z - debug: The process cannot access the file because it is being used by another process.

2020-03-03T16:13:14.578Z - debug: The process cannot access the file because it is being used by another process.

2020-03-03T16:13:14.578Z - debug: The process cannot access the file because it is being used by another process.

2020-03-03T16:13:14.578Z - debug: The process cannot access the file because it is being used by another process.

2020-03-03T16:13:14.579Z - debug: The process cannot access the file because it is being used by another process.

2020-03-03T16:13:14.579Z - debug: The process cannot access the file because it is being used by another process.

2020-03-03T16:13:14.579Z - debug: The process cannot access the file because it is being used by another process.

2020-03-03T16:13:14.579Z - debug: The process cannot access the file because it is being used by another process.

2020-03-03T16:13:14.580Z - debug: The process cannot access the file because it is being used by another process.

2020-03-03T16:13:14.580Z - debug: The process cannot access the file because it is being used by another process.

2020-03-03T16:13:15.153Z - debug: The process cannot access the file because it is being used by another process.

2020-03-03T16:13:15.153Z - debug: The process cannot access the file because it is being used by another process.

2020-03-03T16:13:15.161Z - debug: The process cannot access the file because it is being used by another process.

2020-03-03T16:14:00.174Z - debug:  
2020-03-03T16:14:00.174Z - debug:  
2020-03-03T16:14:00.175Z - debug:  
2020-03-03T16:14:00.175Z - debug:  
2020-03-03T16:14:58.323Z - info: Pages built
2020-03-03T16:15:29.938Z - info: Website generation complete! Total build time: 255.692s
2020-03-03T16:15:29.938Z - info: Build success!
2020-03-03T16:15:29.942Z - info: Site data built
2020-03-03T16:16:01.598Z - info: Deployed!
