2020-02-25T03:41:47.382Z - info: Website generation started at 11:41:45 AM
2020-02-25T03:41:50.727Z - info: Building assets...
2020-02-25T03:41:53.706Z - info: Assets built
2020-02-25T03:41:53.706Z - info: Generating pages...
2020-02-25T03:43:58.963Z - info: Website generation started at 11:43:58 AM
2020-02-25T03:44:02.112Z - info: Building assets...
2020-02-25T03:44:05.032Z - info: Assets built
2020-02-25T03:44:05.033Z - info: Generating pages...
2020-02-25T03:45:00.246Z - debug: The process cannot access the file because it is being used by another process.

2020-02-25T03:45:00.247Z - debug: The process cannot access the file because it is being used by another process.

2020-02-25T03:45:00.248Z - debug: The process cannot access the file because it is being used by another process.

2020-02-25T03:45:00.249Z - debug: The process cannot access the file because it is being used by another process.

2020-02-25T03:45:00.249Z - debug: The process cannot access the file because it is being used by another process.

2020-02-25T03:45:00.250Z - debug: The process cannot access the file because it is being used by another process.

2020-02-25T03:45:00.250Z - debug: The process cannot access the file because it is being used by another process.

2020-02-25T03:45:00.250Z - debug: The process cannot access the file because it is being used by another process.

2020-02-25T03:45:00.250Z - debug: The process cannot access the file because it is being used by another process.

2020-02-25T03:45:00.251Z - debug: The process cannot access the file because it is being used by another process.

2020-02-25T03:45:00.251Z - debug: The process cannot access the file because it is being used by another process.

2020-02-25T03:45:00.251Z - debug: The process cannot access the file because it is being used by another process.

2020-02-25T03:45:00.251Z - debug: The process cannot access the file because it is being used by another process.

2020-02-25T03:45:00.252Z - debug: The process cannot access the file because it is being used by another process.

2020-02-25T03:45:00.252Z - debug: The process cannot access the file because it is being used by another process.

2020-02-25T03:45:00.252Z - debug: The process cannot access the file because it is being used by another process.

2020-02-25T03:45:00.253Z - debug: The process cannot access the file because it is being used by another process.

2020-02-25T03:45:00.253Z - debug: The process cannot access the file because it is being used by another process.

2020-02-25T03:45:00.253Z - debug: The process cannot access the file because it is being used by another process.

2020-02-25T03:45:00.253Z - debug: The process cannot access the file because it is being used by another process.

2020-02-25T03:45:00.261Z - debug: The process cannot access the file because it is being used by another process.

2020-02-25T03:45:00.262Z - debug: The process cannot access the file because it is being used by another process.

2020-02-25T03:45:00.406Z - debug: The process cannot access the file because it is being used by another process.

2020-02-25T03:45:00.430Z - debug: The process cannot access the file because it is being used by another process.

2020-02-25T03:45:00.440Z - debug: The process cannot access the file because it is being used by another process.

2020-02-25T03:45:05.385Z - debug:  
2020-02-25T03:45:05.385Z - debug:  
2020-02-25T03:45:05.385Z - debug:  
2020-02-25T03:45:05.386Z - debug:  
2020-02-25T03:45:55.090Z - info: Pages built
2020-02-25T03:46:10.776Z - info: Website generation complete! Total build time: 132.524s
2020-02-25T03:46:10.776Z - info: Build success!
2020-02-25T03:46:10.778Z - info: Site data built
2020-02-25T03:46:54.597Z - info: Deployed!
2020-02-25T07:48:57.443Z - info: Website generation started at 3:48:55 PM
2020-02-25T07:49:01.012Z - info: Building assets...
2020-02-25T07:49:04.455Z - info: Assets built
2020-02-25T07:49:04.456Z - info: Generating pages...
2020-02-25T07:50:04.164Z - debug: The process cannot access the file because it is being used by another process.

2020-02-25T07:50:04.164Z - debug: The process cannot access the file because it is being used by another process.

2020-02-25T07:50:04.164Z - debug: The process cannot access the file because it is being used by another process.

2020-02-25T07:50:04.165Z - debug: The process cannot access the file because it is being used by another process.

2020-02-25T07:50:04.165Z - debug: The process cannot access the file because it is being used by another process.

2020-02-25T07:50:04.165Z - debug: The process cannot access the file because it is being used by another process.

2020-02-25T07:50:04.165Z - debug: The process cannot access the file because it is being used by another process.

2020-02-25T07:50:04.179Z - debug: The process cannot access the file because it is being used by another process.

2020-02-25T07:50:04.180Z - debug: The process cannot access the file because it is being used by another process.

2020-02-25T07:50:04.180Z - debug: The process cannot access the file because it is being used by another process.

2020-02-25T07:50:04.181Z - debug: The process cannot access the file because it is being used by another process.

2020-02-25T07:50:04.181Z - debug: The process cannot access the file because it is being used by another process.

2020-02-25T07:50:04.181Z - debug: The process cannot access the file because it is being used by another process.

2020-02-25T07:50:04.182Z - debug: The process cannot access the file because it is being used by another process.

2020-02-25T07:50:04.182Z - debug: The process cannot access the file because it is being used by another process.

2020-02-25T07:50:04.182Z - debug: The process cannot access the file because it is being used by another process.

2020-02-25T07:50:04.182Z - debug: The process cannot access the file because it is being used by another process.

2020-02-25T07:50:04.182Z - debug: The process cannot access the file because it is being used by another process.

2020-02-25T07:50:04.182Z - debug: The process cannot access the file because it is being used by another process.

2020-02-25T07:50:04.183Z - debug: The process cannot access the file because it is being used by another process.

2020-02-25T07:50:04.183Z - debug: The process cannot access the file because it is being used by another process.

2020-02-25T07:50:04.218Z - debug: The process cannot access the file because it is being used by another process.

2020-02-25T07:50:05.380Z - debug: The process cannot access the file because it is being used by another process.

2020-02-25T07:50:05.382Z - debug: The process cannot access the file because it is being used by another process.

2020-02-25T07:50:05.387Z - debug: The process cannot access the file because it is being used by another process.

2020-02-25T07:50:09.464Z - debug:  
2020-02-25T07:50:09.464Z - debug:  
2020-02-25T07:50:10.001Z - debug:  
2020-02-25T07:50:10.005Z - debug:  
2020-02-25T07:51:03.777Z - info: Pages built
2020-02-25T07:51:21.513Z - info: Website generation complete! Total build time: 146.036s
2020-02-25T07:51:21.918Z - info: Serving "C:\repos\nus-cs2113-AY1920S2\cs2113-website\_site" at http://127.0.0.1:8080
2020-02-25T07:51:21.918Z - info: Press CTRL+C to stop ...
2020-02-25T07:51:22.028Z - info: Site data built
2020-02-25T08:16:41.976Z - info: [4:16:41 PM] Reload for file change: C:\repos\nus-cs2113-AY1920S2\cs2113-website\admin\appendixE-gitHub.md
2020-02-25T08:16:42.980Z - info: Rebuilding affected source files
2020-02-25T08:16:42.985Z - info: Rebuilding 19 pages
2020-02-25T08:16:55.028Z - info: Pages rebuilt
2020-02-25T08:16:55.041Z - info: Site data built
2020-02-25T08:18:05.381Z - info: [4:18:05 PM] Reload for file change: C:\repos\nus-cs2113-AY1920S2\cs2113-website\admin\appendixE-gitHub.md
2020-02-25T08:18:06.386Z - info: Rebuilding affected source files
2020-02-25T08:18:06.389Z - info: Rebuilding 18 pages
2020-02-25T08:18:19.048Z - info: Pages rebuilt
2020-02-25T08:18:19.060Z - info: Site data built
2020-02-25T08:18:43.338Z - info: [4:18:43 PM] Reload for file change: C:\repos\nus-cs2113-AY1920S2\cs2113-website\admin\appendixE-gitHub.md
2020-02-25T08:18:44.341Z - info: Rebuilding affected source files
2020-02-25T08:18:44.346Z - info: Rebuilding 18 pages
2020-02-25T08:18:56.256Z - info: Pages rebuilt
2020-02-25T08:18:56.264Z - info: Site data built
2020-02-25T08:19:26.109Z - info: [4:19:26 PM] Reload for file change: C:\repos\nus-cs2113-AY1920S2\cs2113-website\admin\appendixE-gitHub.md
2020-02-25T08:19:27.112Z - info: Rebuilding affected source files
2020-02-25T08:19:27.115Z - info: Rebuilding 18 pages
2020-02-25T08:19:39.050Z - info: Pages rebuilt
2020-02-25T08:19:39.055Z - info: Site data built
2020-02-25T08:20:32.336Z - info: [4:20:32 PM] Reload for file change: C:\repos\nus-cs2113-AY1920S2\cs2113-website\admin\appendixE-gitHub.md
2020-02-25T08:20:33.340Z - info: Rebuilding affected source files
2020-02-25T08:20:33.343Z - info: Rebuilding 18 pages
2020-02-25T08:20:44.545Z - info: Pages rebuilt
2020-02-25T08:20:44.554Z - info: Site data built
2020-02-25T08:21:25.682Z - info: [4:21:25 PM] Reload for file change: C:\repos\nus-cs2113-AY1920S2\cs2113-website\admin\appendixE-gitHub.md
2020-02-25T08:21:26.686Z - info: Rebuilding affected source files
2020-02-25T08:21:26.689Z - info: Rebuilding 18 pages
2020-02-25T08:21:38.310Z - info: Pages rebuilt
2020-02-25T08:21:38.317Z - info: Site data built
2020-02-25T08:26:00.056Z - info: [4:26:00 PM] Reload for file change: C:\repos\nus-cs2113-AY1920S2\cs2113-website\admin\ip-tasks.mbdf
2020-02-25T08:26:01.064Z - info: Rebuilding affected source files
2020-02-25T08:26:01.068Z - info: Rebuilding 22 pages
2020-02-25T08:26:18.798Z - info: Pages rebuilt
2020-02-25T08:26:18.810Z - info: Site data built
2020-02-25T08:27:24.538Z - info: [4:27:24 PM] Reload for file change: C:\repos\nus-cs2113-AY1920S2\cs2113-website\admin\tp-expectations.md
2020-02-25T08:27:25.541Z - info: Rebuilding affected source files
2020-02-25T08:27:25.545Z - info: Rebuilding 18 pages
2020-02-25T08:27:32.791Z - debug:  
2020-02-25T08:27:37.126Z - info: Pages rebuilt
2020-02-25T08:27:37.148Z - info: Site data built
2020-02-25T08:30:22.406Z - info: [4:30:22 PM] Reload for file change: C:\repos\nus-cs2113-AY1920S2\cs2113-website\admin\tp-expectations.md
2020-02-25T08:30:23.409Z - info: Rebuilding affected source files
2020-02-25T08:30:23.413Z - info: Rebuilding 16 pages
2020-02-25T08:30:34.369Z - info: Pages rebuilt
2020-02-25T08:30:34.379Z - info: Site data built
2020-02-25T08:30:53.247Z - info: [4:30:53 PM] Reload for file change: C:\repos\nus-cs2113-AY1920S2\cs2113-website\admin\tp-expectations.md
2020-02-25T08:30:54.251Z - info: Rebuilding affected source files
2020-02-25T08:30:54.254Z - info: Rebuilding 16 pages
2020-02-25T08:31:05.026Z - info: Pages rebuilt
2020-02-25T08:31:05.041Z - info: Site data built
2020-02-25T08:33:24.569Z - info: [4:33:24 PM] Reload for file change: C:\repos\nus-cs2113-AY1920S2\cs2113-website\admin\tp-tasks.mbdf
2020-02-25T08:33:25.573Z - info: Rebuilding affected source files
2020-02-25T08:33:25.580Z - info: Rebuilding 39 pages
2020-02-25T08:33:48.101Z - info: Pages rebuilt
2020-02-25T08:33:48.106Z - info: Site data built
2020-02-25T08:37:14.825Z - info: [4:37:14 PM] Reload for file change: C:\repos\nus-cs2113-AY1920S2\cs2113-website\admin\tp-tasks.mbdf
2020-02-25T08:37:15.830Z - info: Rebuilding affected source files
2020-02-25T08:37:15.835Z - info: Rebuilding 39 pages
2020-02-25T08:37:37.016Z - info: Pages rebuilt
2020-02-25T08:37:37.023Z - info: Site data built
2020-02-25T08:38:43.493Z - info: [4:38:43 PM] Reload for file change: C:\repos\nus-cs2113-AY1920S2\cs2113-website\admin\tp-tasks.mbdf
2020-02-25T08:38:44.494Z - info: Rebuilding affected source files
2020-02-25T08:38:44.500Z - info: Rebuilding 39 pages
2020-02-25T08:39:06.015Z - info: Pages rebuilt
2020-02-25T08:39:06.022Z - info: Site data built
2020-02-25T08:39:47.076Z - info: [4:39:47 PM] Reload for file change: C:\repos\nus-cs2113-AY1920S2\cs2113-website\admin\tp-tasks.mbdf
2020-02-25T08:39:48.079Z - info: Rebuilding affected source files
2020-02-25T08:39:48.085Z - info: Rebuilding 39 pages
2020-02-25T08:40:09.782Z - info: Pages rebuilt
2020-02-25T08:40:09.797Z - info: Site data built
2020-02-25T08:40:12.878Z - info: [4:40:12 PM] Reload for file change: C:\repos\nus-cs2113-AY1920S2\cs2113-website\admin\tp-tasks.mbdf
2020-02-25T08:40:13.881Z - info: Rebuilding affected source files
2020-02-25T08:40:13.888Z - info: Rebuilding 39 pages
2020-02-25T08:40:35.363Z - info: Pages rebuilt
2020-02-25T08:40:35.374Z - info: Site data built
2020-02-25T08:41:47.474Z - info: [4:41:47 PM] Reload for file change: C:\repos\nus-cs2113-AY1920S2\cs2113-website\admin\tp-tasks.mbdf
2020-02-25T08:41:48.478Z - info: Rebuilding affected source files
2020-02-25T08:41:48.483Z - info: Rebuilding 39 pages
2020-02-25T08:42:09.818Z - info: Pages rebuilt
2020-02-25T08:42:09.826Z - info: Site data built
2020-02-25T08:42:34.711Z - info: [4:42:34 PM] Reload for file change: C:\repos\nus-cs2113-AY1920S2\cs2113-website\admin\tp-tasks.mbdf
2020-02-25T08:42:35.714Z - info: Rebuilding affected source files
2020-02-25T08:42:35.718Z - info: Rebuilding 39 pages
2020-02-25T08:42:57.952Z - info: Pages rebuilt
2020-02-25T08:42:57.960Z - info: Site data built
2020-02-25T09:12:25.406Z - info: Website generation started at 5:12:23 PM
2020-02-25T09:12:28.748Z - info: Building assets...
2020-02-25T09:12:31.901Z - info: Assets built
2020-02-25T09:12:31.901Z - info: Generating pages...
2020-02-25T09:13:32.674Z - debug: The process cannot access the file because it is being used by another process.

2020-02-25T09:13:32.683Z - debug: The process cannot access the file because it is being used by another process.

2020-02-25T09:13:32.683Z - debug: The process cannot access the file because it is being used by another process.

2020-02-25T09:13:32.684Z - debug: The process cannot access the file because it is being used by another process.

2020-02-25T09:13:32.684Z - debug: The process cannot access the file because it is being used by another process.

2020-02-25T09:13:32.684Z - debug: The process cannot access the file because it is being used by another process.

2020-02-25T09:13:32.684Z - debug: The process cannot access the file because it is being used by another process.

2020-02-25T09:13:32.684Z - debug: The process cannot access the file because it is being used by another process.

2020-02-25T09:13:32.685Z - debug: The process cannot access the file because it is being used by another process.

2020-02-25T09:13:32.685Z - debug: The process cannot access the file because it is being used by another process.

2020-02-25T09:13:32.686Z - debug: The process cannot access the file because it is being used by another process.

2020-02-25T09:13:32.687Z - debug: The process cannot access the file because it is being used by another process.

2020-02-25T09:13:32.687Z - debug: The process cannot access the file because it is being used by another process.

2020-02-25T09:13:32.687Z - debug: The process cannot access the file because it is being used by another process.

2020-02-25T09:13:32.688Z - debug: The process cannot access the file because it is being used by another process.

2020-02-25T09:13:32.688Z - debug: The process cannot access the file because it is being used by another process.

2020-02-25T09:13:32.688Z - debug: The process cannot access the file because it is being used by another process.

2020-02-25T09:13:32.689Z - debug: The process cannot access the file because it is being used by another process.

2020-02-25T09:13:32.690Z - debug: The process cannot access the file because it is being used by another process.

2020-02-25T09:13:32.691Z - debug: The process cannot access the file because it is being used by another process.

2020-02-25T09:13:32.692Z - debug: The process cannot access the file because it is being used by another process.

2020-02-25T09:13:32.692Z - debug: The process cannot access the file because it is being used by another process.

2020-02-25T09:13:33.393Z - debug: The process cannot access the file because it is being used by another process.

2020-02-25T09:13:33.450Z - debug: The process cannot access the file because it is being used by another process.

2020-02-25T09:13:33.507Z - debug: The process cannot access the file because it is being used by another process.

2020-02-25T09:13:37.464Z - debug:  
2020-02-25T09:13:37.465Z - debug:  
2020-02-25T09:13:37.924Z - debug:  
2020-02-25T09:13:37.925Z - debug:  
2020-02-25T09:14:34.681Z - info: Pages built
2020-02-25T09:14:52.887Z - info: Website generation complete! Total build time: 149.207s
2020-02-25T09:14:52.888Z - info: Build success!
2020-02-25T09:14:52.890Z - info: Site data built
2020-02-25T09:15:41.050Z - info: Deployed!
