2020-03-26T15:56:58.556Z - info: Website generation started at 23:56:53
2020-03-26T15:57:02.197Z - info: Building assets...
2020-03-26T15:57:05.778Z - info: Assets built
2020-03-26T15:57:05.779Z - info: Generating pages...
2020-03-26T15:58:57.378Z - debug: The process cannot access the file because it is being used by another process.

2020-03-26T15:58:57.470Z - debug: The process cannot access the file because it is being used by another process.

2020-03-26T15:58:57.473Z - debug: The process cannot access the file because it is being used by another process.

2020-03-26T15:58:57.475Z - debug: The process cannot access the file because it is being used by another process.

2020-03-26T15:58:57.476Z - debug: The process cannot access the file because it is being used by another process.

2020-03-26T15:58:57.476Z - debug: The process cannot access the file because it is being used by another process.

2020-03-26T15:58:57.477Z - debug: The process cannot access the file because it is being used by another process.

2020-03-26T15:58:57.477Z - debug: The process cannot access the file because it is being used by another process.

2020-03-26T15:58:57.477Z - debug: The process cannot access the file because it is being used by another process.

2020-03-26T15:58:57.478Z - debug: The process cannot access the file because it is being used by another process.

2020-03-26T15:58:57.478Z - debug: The process cannot access the file because it is being used by another process.

2020-03-26T15:58:57.479Z - debug: The process cannot access the file because it is being used by another process.

2020-03-26T15:58:57.479Z - debug: The process cannot access the file because it is being used by another process.

2020-03-26T15:58:57.480Z - debug: The process cannot access the file because it is being used by another process.

2020-03-26T15:58:57.480Z - debug: The process cannot access the file because it is being used by another process.

2020-03-26T15:58:57.480Z - debug: The process cannot access the file because it is being used by another process.

2020-03-26T15:58:57.481Z - debug: The process cannot access the file because it is being used by another process.

2020-03-26T15:58:57.481Z - debug: The process cannot access the file because it is being used by another process.

2020-03-26T15:58:57.481Z - debug: The process cannot access the file because it is being used by another process.

2020-03-26T15:58:57.482Z - debug: The process cannot access the file because it is being used by another process.

2020-03-26T15:58:57.483Z - debug: The process cannot access the file because it is being used by another process.

2020-03-26T15:58:57.483Z - debug: The process cannot access the file because it is being used by another process.

2020-03-26T15:58:57.956Z - debug: The process cannot access the file because it is being used by another process.

2020-03-26T15:58:57.957Z - debug: The process cannot access the file because it is being used by another process.

2020-03-26T15:58:58.058Z - debug: The process cannot access the file because it is being used by another process.

2020-03-26T15:59:28.253Z - debug:  
2020-03-26T15:59:28.260Z - debug:  
2020-03-26T15:59:28.261Z - debug:  
2020-03-26T15:59:28.262Z - debug:  
