2020-03-15T14:39:44.680Z - info: Website generation (lazy) started at 22:39:38
2020-03-15T14:39:49.098Z - info: Building assets...
2020-03-15T14:39:52.910Z - info: Assets built
2020-03-15T14:39:52.911Z - info: Generating landing page...
2020-03-15T14:39:55.270Z - info: Landing page built, other pages will be built as you navigate to them!
2020-03-15T14:39:55.414Z - info: Website generation (lazy) complete! Total build time: 17.107s
2020-03-15T14:39:55.831Z - info: Serving "C:\repos\nus-cs2113-AY1920S2\cs2113-website\_site" at http://127.0.0.1:8080
2020-03-15T14:39:55.831Z - info: Press CTRL+C to stop ...
2020-03-15T14:39:55.883Z - info: Site data built
2020-03-15T14:40:03.411Z - info: Building C:\repos\nus-cs2113-AY1920S2\cs2113-website\admin\tp-progress-dashboard as some of its dependencies were changed since the last visit
2020-03-15T14:40:06.299Z - info: Site data built
2020-03-15T14:40:06.299Z - info: Lazy website regeneration complete! Total build time: 2.889s
2020-03-15T14:57:12.012Z - info: [22:57:12] Reload for file change: C:\repos\nus-cs2113-AY1920S2\cs2113-website\admin\tp-progress-dashboard-table.mbdf
2020-03-15T14:57:13.024Z - info: Rebuilding affected source files
2020-03-15T14:57:13.028Z - info: Rebuilding 1 pages
2020-03-15T14:57:16.932Z - info: Pages rebuilt
2020-03-15T14:57:16.932Z - info: Website regeneration complete! Total build time: 3.908s
2020-03-15T14:57:16.937Z - info: Site data built
2020-03-15T15:00:30.346Z - info: Website generation started at 23:00:27
2020-03-15T15:00:34.091Z - info: Building assets...
2020-03-15T15:00:37.605Z - info: Assets built
2020-03-15T15:00:37.606Z - info: Generating pages...
2020-03-15T15:02:25.583Z - debug: The process cannot access the file because it is being used by another process.

2020-03-15T15:02:25.586Z - debug: The process cannot access the file because it is being used by another process.

2020-03-15T15:02:25.587Z - debug: The process cannot access the file because it is being used by another process.

2020-03-15T15:02:25.588Z - debug: The process cannot access the file because it is being used by another process.

2020-03-15T15:02:25.588Z - debug: The process cannot access the file because it is being used by another process.

2020-03-15T15:02:25.588Z - debug: The process cannot access the file because it is being used by another process.

2020-03-15T15:02:25.589Z - debug: The process cannot access the file because it is being used by another process.

2020-03-15T15:02:25.589Z - debug: The process cannot access the file because it is being used by another process.

2020-03-15T15:02:25.590Z - debug: The process cannot access the file because it is being used by another process.

2020-03-15T15:02:25.591Z - debug: The process cannot access the file because it is being used by another process.

2020-03-15T15:02:25.591Z - debug: The process cannot access the file because it is being used by another process.

2020-03-15T15:02:25.591Z - debug: The process cannot access the file because it is being used by another process.

2020-03-15T15:02:25.591Z - debug: The process cannot access the file because it is being used by another process.

2020-03-15T15:02:25.592Z - debug: The process cannot access the file because it is being used by another process.

2020-03-15T15:02:25.592Z - debug: The process cannot access the file because it is being used by another process.

2020-03-15T15:02:25.592Z - debug: The process cannot access the file because it is being used by another process.

2020-03-15T15:02:25.592Z - debug: The process cannot access the file because it is being used by another process.

2020-03-15T15:02:25.593Z - debug: The process cannot access the file because it is being used by another process.

2020-03-15T15:02:25.593Z - debug: The process cannot access the file because it is being used by another process.

2020-03-15T15:02:25.594Z - debug: The process cannot access the file because it is being used by another process.

2020-03-15T15:02:25.594Z - debug: The process cannot access the file because it is being used by another process.

2020-03-15T15:02:25.594Z - debug: The process cannot access the file because it is being used by another process.

2020-03-15T15:02:26.113Z - debug: The process cannot access the file because it is being used by another process.

2020-03-15T15:02:26.120Z - debug: The process cannot access the file because it is being used by another process.

2020-03-15T15:02:26.158Z - debug: The process cannot access the file because it is being used by another process.

2020-03-15T15:02:26.161Z - debug:  
2020-03-15T15:02:26.162Z - debug:  
2020-03-15T15:03:05.756Z - debug:  
2020-03-15T15:03:05.756Z - debug:  
2020-03-15T15:04:06.759Z - debug:  
2020-03-15T15:04:06.780Z - debug:  
2020-03-15T15:04:08.363Z - info: Pages built
2020-03-15T15:04:42.161Z - info: Website generation complete! Total build time: 254.351s
2020-03-15T15:04:42.162Z - info: Build success!
2020-03-15T15:04:42.165Z - info: Site data built
2020-03-15T15:05:18.194Z - info: Deployed!
