2020-04-07T16:10:22.507Z - info: Building C:\repos\nus-cs2113-AY1920S2\cs2113-website\admin\tp-progress-dashboard as some of its dependencies were changed since the last visit
2020-04-07T16:10:26.010Z - info: Site data built
2020-04-07T16:10:26.011Z - info: Lazy website regeneration complete! Total build time: 3.507s
2020-04-07T16:10:40.843Z - info: [12:10:40 AM] Reload for file change: C:\repos\nus-cs2113-AY1920S2\cs2113-website\admin\tp-progress-dashboard-table.mbdf
2020-04-07T16:10:41.846Z - info: Rebuilding affected source files
2020-04-07T16:10:41.851Z - info: Rebuilding 1 pages
2020-04-07T16:10:45.823Z - info: Pages rebuilt
2020-04-07T16:10:45.824Z - info: Website regeneration complete! Total build time: 3.977s
2020-04-07T16:10:45.827Z - info: Site data built
2020-04-07T16:18:05.407Z - info: [12:18:05 AM] Reload for file change: C:\repos\nus-cs2113-AY1920S2\cs2113-website\admin\tp-progress-dashboard-table.mbdf
2020-04-07T16:18:06.410Z - info: Rebuilding affected source files
2020-04-07T16:18:06.416Z - info: Rebuilding 1 pages
2020-04-07T16:18:09.861Z - info: Pages rebuilt
2020-04-07T16:18:09.862Z - info: Website regeneration complete! Total build time: 3.452s
2020-04-07T16:18:09.867Z - info: Site data built
2020-04-07T16:20:50.330Z - info: [12:20:50 AM] Reload for file change: C:\repos\nus-cs2113-AY1920S2\cs2113-website\admin\tp-progress-dashboard-table.mbdf
2020-04-07T16:20:51.332Z - info: Rebuilding affected source files
2020-04-07T16:20:51.336Z - info: Rebuilding 1 pages
2020-04-07T16:20:55.258Z - info: Pages rebuilt
2020-04-07T16:20:55.262Z - info: Website regeneration complete! Total build time: 3.929s
2020-04-07T16:20:55.267Z - info: Site data built
2020-04-07T16:25:36.221Z - info: [12:25:36 AM] Reload for file change: C:\repos\nus-cs2113-AY1920S2\cs2113-website\admin\tp-progress-dashboard-table.mbdf
2020-04-07T16:25:37.223Z - info: Rebuilding affected source files
2020-04-07T16:25:37.226Z - info: Rebuilding 1 pages
2020-04-07T16:25:40.725Z - info: Pages rebuilt
2020-04-07T16:25:40.727Z - info: Website regeneration complete! Total build time: 3.503s
2020-04-07T16:25:40.733Z - info: Site data built
2020-04-07T16:26:28.974Z - info: Building C:\repos\nus-cs2113-AY1920S2\cs2113-website\admin\tp-grading as some of its dependencies were changed since the last visit
2020-04-07T16:26:30.265Z - info: Site data built
2020-04-07T16:26:30.265Z - info: Lazy website regeneration complete! Total build time: 1.294s
2020-04-07T16:28:04.537Z - info: Website generation started at 12:28:01 AM
2020-04-07T16:28:09.180Z - info: Building assets...
