2020-03-31T07:53:55.115Z - info: Website generation (lazy) started at 3:53:53 PM
2020-03-31T07:53:57.802Z - info: Building assets...
2020-03-31T07:53:59.993Z - info: Assets built
2020-03-31T07:53:59.994Z - info: Generating landing page...
2020-03-31T07:54:01.058Z - info: Landing page built, other pages will be built as you navigate to them!
2020-03-31T07:54:01.221Z - info: Website generation (lazy) complete! Total build time: 7.466s
2020-03-31T07:54:01.546Z - info: Serving "C:\repos\nus-cs2113-AY1920S2\cs2113-website\_site" at http://127.0.0.1:8080
2020-03-31T07:54:01.546Z - info: Press CTRL+C to stop ...
2020-03-31T07:54:01.636Z - info: Site data built
2020-03-31T07:54:07.597Z - info: Building C:\repos\nus-cs2113-AY1920S2\cs2113-website\admin\tp-progress-dashboard as some of its dependencies were changed since the last visit
2020-03-31T07:54:09.699Z - info: Site data built
2020-03-31T07:54:09.699Z - info: Lazy website regeneration complete! Total build time: 2.102s
2020-03-31T07:56:07.063Z - info: [3:56:07 PM] Reload for file change: C:\repos\nus-cs2113-AY1920S2\cs2113-website\admin\tp-progress-dashboard-table.mbdf
2020-03-31T07:56:08.070Z - info: Rebuilding affected source files
2020-03-31T07:56:08.074Z - info: Rebuilding 1 pages
2020-03-31T07:56:10.377Z - info: Pages rebuilt
2020-03-31T07:56:10.377Z - info: Website regeneration complete! Total build time: 2.306s
2020-03-31T07:56:10.380Z - info: Site data built
2020-03-31T08:03:36.827Z - info: [4:03:36 PM] Reload for file change: C:\repos\nus-cs2113-AY1920S2\cs2113-website\admin\tp-progress-dashboard-table.mbdf
2020-03-31T08:03:37.830Z - info: Rebuilding affected source files
2020-03-31T08:03:37.834Z - info: Rebuilding 1 pages
2020-03-31T08:03:40.135Z - info: Pages rebuilt
2020-03-31T08:03:40.135Z - info: Website regeneration complete! Total build time: 2.305s
2020-03-31T08:03:40.139Z - info: Site data built
2020-03-31T08:07:42.979Z - info: [4:07:42 PM] Reload for file change: C:\repos\nus-cs2113-AY1920S2\cs2113-website\admin\tp-progress-dashboard-table.mbdf
2020-03-31T08:07:43.981Z - info: Rebuilding affected source files
2020-03-31T08:07:43.983Z - info: Rebuilding 1 pages
2020-03-31T08:07:46.104Z - info: Pages rebuilt
2020-03-31T08:07:46.104Z - info: Website regeneration complete! Total build time: 2.123s
2020-03-31T08:07:46.107Z - info: Site data built
2020-03-31T08:09:25.406Z - info: [4:09:25 PM] Reload for file change: C:\repos\nus-cs2113-AY1920S2\cs2113-website\admin\tp-progress-dashboard-table.mbdf
2020-03-31T08:09:26.409Z - info: Rebuilding affected source files
2020-03-31T08:09:26.411Z - info: Rebuilding 1 pages
2020-03-31T08:09:28.739Z - info: Pages rebuilt
2020-03-31T08:09:28.739Z - info: Website regeneration complete! Total build time: 2.33s
2020-03-31T08:09:28.743Z - info: Site data built
2020-03-31T08:13:47.791Z - info: [4:13:47 PM] Reload for file change: C:\repos\nus-cs2113-AY1920S2\cs2113-website\admin\tp-progress-dashboard-table.mbdf
2020-03-31T08:13:48.802Z - info: Rebuilding affected source files
2020-03-31T08:13:48.805Z - info: Rebuilding 1 pages
2020-03-31T08:13:51.024Z - info: Pages rebuilt
2020-03-31T08:13:51.024Z - info: Website regeneration complete! Total build time: 2.222s
2020-03-31T08:13:51.027Z - info: Site data built
2020-03-31T08:15:02.622Z - info: [4:15:02 PM] Reload for file change: C:\repos\nus-cs2113-AY1920S2\cs2113-website\admin\tp-progress-dashboard-table.mbdf
2020-03-31T08:15:03.625Z - info: Rebuilding affected source files
2020-03-31T08:15:03.627Z - info: Rebuilding 1 pages
2020-03-31T08:15:05.896Z - info: Pages rebuilt
2020-03-31T08:15:05.896Z - info: Website regeneration complete! Total build time: 2.271s
2020-03-31T08:15:05.899Z - info: Site data built
