2020-01-03T14:21:55.046Z - info: Website generation started at 22:21:51
2020-01-03T14:22:01.954Z - info: Building assets...
2020-01-03T14:22:06.179Z - info: Assets built
2020-01-03T14:22:06.179Z - info: Generating pages...
2020-01-03T14:24:10.204Z - debug: The process cannot access the file because it is being used by another process.

2020-01-03T14:24:10.205Z - debug: The process cannot access the file because it is being used by another process.

2020-01-03T14:24:10.205Z - debug: The process cannot access the file because it is being used by another process.

2020-01-03T14:24:10.263Z - debug: The process cannot access the file because it is being used by another process.

2020-01-03T14:24:10.271Z - debug: The process cannot access the file because it is being used by another process.

2020-01-03T14:24:10.271Z - debug: The process cannot access the file because it is being used by another process.

2020-01-03T14:24:10.272Z - debug: The process cannot access the file because it is being used by another process.

2020-01-03T14:24:10.272Z - debug: The process cannot access the file because it is being used by another process.

2020-01-03T14:24:10.272Z - debug: The process cannot access the file because it is being used by another process.

2020-01-03T14:24:10.273Z - debug: The process cannot access the file because it is being used by another process.

2020-01-03T14:24:10.605Z - debug: The process cannot access the file because it is being used by another process.

2020-01-03T14:24:21.758Z - debug:  
2020-01-03T14:25:08.413Z - debug:  
2020-01-03T14:25:08.414Z - debug:  
2020-01-03T14:25:08.414Z - debug:  
2020-01-03T14:25:52.452Z - info: Pages built
2020-01-03T14:26:28.597Z - info: Website generation complete! Total build time: 276.76s
2020-01-03T14:26:29.003Z - info: Serving "C:\repos\nus-cs2113-AY1920S2\cs2113-website\_site" at http://127.0.0.1:8080
2020-01-03T14:26:29.003Z - info: Press CTRL+C to stop ...
2020-01-03T14:26:29.121Z - info: Site data built
2020-01-03T14:34:07.414Z - info: [22:34:07] Reload for file change: C:\repos\nus-cs2113-AY1920S2\cs2113-website\schedule\week1\admin-cs2113.mbdf
2020-01-03T14:34:08.421Z - info: Rebuilding affected source files
2020-01-03T14:34:08.433Z - info: Rebuilding 4 pages
2020-01-03T14:34:17.568Z - debug:  
2020-01-03T14:34:20.654Z - info: Pages rebuilt
2020-01-03T14:34:20.831Z - info: Site data built
2020-01-03T14:34:50.343Z - info: [22:34:50] Reload for file change: C:\repos\nus-cs2113-AY1920S2\cs2113-website\schedule\week1\admin-cs2113.mbdf
2020-01-03T14:34:51.345Z - info: Rebuilding affected source files
2020-01-03T14:34:51.345Z - info: Rebuilding 4 pages
2020-01-03T14:35:00.906Z - debug:  
2020-01-03T14:35:02.923Z - info: Pages rebuilt
2020-01-03T14:35:02.939Z - info: Site data built
2020-01-03T14:35:40.878Z - info: [22:35:40] Reload for file change: C:\repos\nus-cs2113-AY1920S2\cs2113-website\schedule\week1\admin-cs2113.mbdf
2020-01-03T14:35:41.882Z - info: Rebuilding affected source files
2020-01-03T14:35:41.890Z - info: Rebuilding 4 pages
2020-01-03T14:35:51.304Z - debug:  
2020-01-03T14:35:53.866Z - info: Pages rebuilt
2020-01-03T14:35:53.894Z - info: Site data built
2020-01-03T14:44:14.064Z - info: [22:44:14] Reload for file add: C:\repos\nus-cs2113-AY1920S2\cs2113-website\admin\admin-tasks.mbdf
2020-01-03T14:44:15.069Z - warn: Rebuilding all source files
2020-01-03T14:44:18.190Z - info: Assets removed
2020-01-03T14:44:18.190Z - info: Generating pages...
2020-01-03T14:46:23.793Z - debug: The process cannot access the file because it is being used by another process.

2020-01-03T14:46:23.793Z - debug: The process cannot access the file because it is being used by another process.

2020-01-03T14:46:23.793Z - debug: The process cannot access the file because it is being used by another process.

2020-01-03T14:46:23.793Z - debug: The process cannot access the file because it is being used by another process.

2020-01-03T14:46:23.801Z - debug: The process cannot access the file because it is being used by another process.

2020-01-03T14:46:23.809Z - debug: The process cannot access the file because it is being used by another process.

2020-01-03T14:46:23.809Z - debug: The process cannot access the file because it is being used by another process.

2020-01-03T14:46:23.809Z - debug: The process cannot access the file because it is being used by another process.

2020-01-03T14:46:23.809Z - debug: The process cannot access the file because it is being used by another process.

2020-01-03T14:46:23.809Z - debug: The process cannot access the file because it is being used by another process.

2020-01-03T14:46:23.809Z - debug: The process cannot access the file because it is being used by another process.

2020-01-03T14:46:52.287Z - debug:  
2020-01-03T14:46:52.291Z - debug:  
2020-01-03T14:46:52.291Z - debug:  
2020-01-03T14:46:52.291Z - debug:  
2020-01-03T14:48:59.900Z - info: Pages built
2020-01-03T15:01:27.287Z - info: [23:01:27] Reload for file change: C:\repos\nus-cs2113-AY1920S2\cs2113-website\schedule\week1\admin-cs2113.mbdf
2020-01-03T15:01:27.307Z - info: [23:01:27] Reload for file change: C:\repos\nus-cs2113-AY1920S2\cs2113-website\admin\admin-tasks.mbdf
2020-01-03T15:01:27.351Z - info: [23:01:27] Reload for file change: C:\repos\nus-cs2113-AY1920S2\cs2113-website\admin\tp-tasks.mbdf
2020-01-03T15:01:28.303Z - info: Rebuilding affected source files
2020-01-03T15:01:28.319Z - info: Rebuilding 37 pages
2020-01-03T15:02:16.064Z - info: Pages rebuilt
2020-01-03T15:02:16.072Z - info: Site data built
2020-01-03T15:02:48.333Z - info: Website generation started at 23:02:41
2020-01-03T15:02:57.045Z - info: Building assets...
2020-01-03T15:03:02.643Z - info: Assets built
2020-01-03T15:03:02.643Z - info: Generating pages...
2020-01-03T15:03:03.095Z - info: Pages built
2020-01-03T15:03:03.175Z - info: Website generation complete! Total build time: 21.827s
2020-01-03T15:03:03.496Z - info: Serving "C:\repos\nus-cs2113-AY1920S2\cs2113-website\_site" at http://127.0.0.1:8080
2020-01-03T15:03:03.496Z - info: Press CTRL+C to stop ...
2020-01-03T15:03:03.548Z - info: Site data built
2020-01-03T15:03:38.586Z - info: [23:03:38] Reload for file change: C:\repos\nus-cs2113-AY1920S2\cs2113-website\admin\admin-tasks.mbdf
2020-01-03T15:03:39.595Z - info: Rebuilding affected source files
2020-01-03T15:03:39.599Z - info: Rebuilding 0 pages
2020-01-03T15:03:39.603Z - info: Pages rebuilt
2020-01-03T15:03:39.619Z - info: Site data built
2020-01-03T15:04:21.709Z - info: Website generation started at 23:04:17
2020-01-03T15:04:30.608Z - info: Building assets...
2020-01-03T15:04:35.401Z - info: Assets built
2020-01-03T15:04:35.401Z - info: Generating pages...
2020-01-03T15:04:35.707Z - error:  Error: No such file: C:\repos\nus-cs2113-AY1920S2\cs2113-website\schedule\week1\admin-tasks.mbdf
Missing reference in C:\repos\nus-cs2113-AY1920S2\cs2113-website\schedule\week1\admin-cs2113.mbdf
    at Parser._preprocess (C:\Users\damithch\AppData\Roaming\npm\node_modules\markbind-cli\src\lib\markbind\src\parser.js:355:21)
    at element.children.element.children.map.e (C:\Users\damithch\AppData\Roaming\npm\node_modules\markbind-cli\src\lib\markbind\src\parser.js:505:57)
    at Array.map (<anonymous>)
    at Parser._preprocess (C:\Users\damithch\AppData\Roaming\npm\node_modules\markbind-cli\src\lib\markbind\src\parser.js:505:43)
    at element.children.element.children.map.e (C:\Users\damithch\AppData\Roaming\npm\node_modules\markbind-cli\src\lib\markbind\src\parser.js:505:57)
    at Array.map (<anonymous>)
    at Parser._preprocess (C:\Users\damithch\AppData\Roaming\npm\node_modules\markbind-cli\src\lib\markbind\src\parser.js:505:43)
    at element.children.element.children.map.e (C:\Users\damithch\AppData\Roaming\npm\node_modules\markbind-cli\src\lib\markbind\src\parser.js:505:57)
    at Array.map (<anonymous>)
    at Parser._preprocess (C:\Users\damithch\AppData\Roaming\npm\node_modules\markbind-cli\src\lib\markbind\src\parser.js:505:43)
    at element.children.element.children.map.e (C:\Users\damithch\AppData\Roaming\npm\node_modules\markbind-cli\src\lib\markbind\src\parser.js:488:57)
    at Array.map (<anonymous>)
    at Parser._preprocess (C:\Users\damithch\AppData\Roaming\npm\node_modules\markbind-cli\src\lib\markbind\src\parser.js:488:43)
    at element.children.element.children.map.e (C:\Users\damithch\AppData\Roaming\npm\node_modules\markbind-cli\src\lib\markbind\src\parser.js:505:57)
    at Array.map (<anonymous>)
    at Parser._preprocess (C:\Users\damithch\AppData\Roaming\npm\node_modules\markbind-cli\src\lib\markbind\src\parser.js:505:43)
2020-01-03T15:04:35.711Z - error:  Error: No such file: C:\repos\nus-cs2113-AY1920S2\cs2113-website\schedule\week1\admin-tasks.mbdf
Missing reference in C:\repos\nus-cs2113-AY1920S2\cs2113-website\schedule\week1\admin-cs2113.mbdf
    at Parser._preprocess (C:\Users\damithch\AppData\Roaming\npm\node_modules\markbind-cli\src\lib\markbind\src\parser.js:355:21)
    at element.children.element.children.map.e (C:\Users\damithch\AppData\Roaming\npm\node_modules\markbind-cli\src\lib\markbind\src\parser.js:505:57)
    at Array.map (<anonymous>)
    at Parser._preprocess (C:\Users\damithch\AppData\Roaming\npm\node_modules\markbind-cli\src\lib\markbind\src\parser.js:505:43)
    at element.children.element.children.map.e (C:\Users\damithch\AppData\Roaming\npm\node_modules\markbind-cli\src\lib\markbind\src\parser.js:505:57)
    at Array.map (<anonymous>)
    at Parser._preprocess (C:\Users\damithch\AppData\Roaming\npm\node_modules\markbind-cli\src\lib\markbind\src\parser.js:505:43)
    at element.children.element.children.map.e (C:\Users\damithch\AppData\Roaming\npm\node_modules\markbind-cli\src\lib\markbind\src\parser.js:505:57)
    at Array.map (<anonymous>)
    at Parser._preprocess (C:\Users\damithch\AppData\Roaming\npm\node_modules\markbind-cli\src\lib\markbind\src\parser.js:505:43)
    at element.children.element.children.map.e (C:\Users\damithch\AppData\Roaming\npm\node_modules\markbind-cli\src\lib\markbind\src\parser.js:488:57)
    at Array.map (<anonymous>)
    at Parser._preprocess (C:\Users\damithch\AppData\Roaming\npm\node_modules\markbind-cli\src\lib\markbind\src\parser.js:488:43)
    at element.children.element.children.map.e (C:\Users\damithch\AppData\Roaming\npm\node_modules\markbind-cli\src\lib\markbind\src\parser.js:505:57)
    at Array.map (<anonymous>)
    at Parser._preprocess (C:\Users\damithch\AppData\Roaming\npm\node_modules\markbind-cli\src\lib\markbind\src\parser.js:505:43)
2020-01-03T15:04:35.711Z - error:  Error: No such file: C:\repos\nus-cs2113-AY1920S2\cs2113-website\schedule\week1\admin-tasks.mbdf
Missing reference in C:\repos\nus-cs2113-AY1920S2\cs2113-website\schedule\week1\admin-cs2113.mbdf
    at Parser._preprocess (C:\Users\damithch\AppData\Roaming\npm\node_modules\markbind-cli\src\lib\markbind\src\parser.js:355:21)
    at element.children.element.children.map.e (C:\Users\damithch\AppData\Roaming\npm\node_modules\markbind-cli\src\lib\markbind\src\parser.js:505:57)
    at Array.map (<anonymous>)
    at Parser._preprocess (C:\Users\damithch\AppData\Roaming\npm\node_modules\markbind-cli\src\lib\markbind\src\parser.js:505:43)
    at element.children.element.children.map.e (C:\Users\damithch\AppData\Roaming\npm\node_modules\markbind-cli\src\lib\markbind\src\parser.js:505:57)
    at Array.map (<anonymous>)
    at Parser._preprocess (C:\Users\damithch\AppData\Roaming\npm\node_modules\markbind-cli\src\lib\markbind\src\parser.js:505:43)
    at element.children.element.children.map.e (C:\Users\damithch\AppData\Roaming\npm\node_modules\markbind-cli\src\lib\markbind\src\parser.js:505:57)
    at Array.map (<anonymous>)
    at Parser._preprocess (C:\Users\damithch\AppData\Roaming\npm\node_modules\markbind-cli\src\lib\markbind\src\parser.js:505:43)
    at element.children.element.children.map.e (C:\Users\damithch\AppData\Roaming\npm\node_modules\markbind-cli\src\lib\markbind\src\parser.js:488:57)
    at Array.map (<anonymous>)
    at Parser._preprocess (C:\Users\damithch\AppData\Roaming\npm\node_modules\markbind-cli\src\lib\markbind\src\parser.js:488:43)
    at element.children.element.children.map.e (C:\Users\damithch\AppData\Roaming\npm\node_modules\markbind-cli\src\lib\markbind\src\parser.js:505:57)
    at Array.map (<anonymous>)
    at Parser._preprocess (C:\Users\damithch\AppData\Roaming\npm\node_modules\markbind-cli\src\lib\markbind\src\parser.js:505:43)
2020-01-03T15:04:35.909Z - info: Pages built
2020-01-03T15:04:35.994Z - info: Website generation complete! Total build time: 18.373s
2020-01-03T15:04:36.286Z - info: Serving "C:\repos\nus-cs2113-AY1920S2\cs2113-website\_site" at http://127.0.0.1:8080
2020-01-03T15:04:36.286Z - info: Press CTRL+C to stop ...
2020-01-03T15:04:36.331Z - info: Site data built
2020-01-03T15:05:54.806Z - info: [23:05:54] Reload for file change: C:\repos\nus-cs2113-AY1920S2\cs2113-website\admin\admin-tasks.mbdf
2020-01-03T15:05:55.811Z - info: Rebuilding affected source files
2020-01-03T15:05:55.811Z - info: Rebuilding 0 pages
2020-01-03T15:05:55.811Z - info: Pages rebuilt
2020-01-03T15:05:55.815Z - info: Site data built
2020-01-03T15:06:11.318Z - info: Website generation started at 23:06:08
2020-01-03T15:06:18.386Z - info: Building assets...
2020-01-03T15:06:23.654Z - info: Assets built
2020-01-03T15:06:23.654Z - info: Generating pages...
2020-01-03T15:06:24.712Z - info: Pages built
2020-01-03T15:06:24.892Z - info: Website generation complete! Total build time: 16.463s
2020-01-03T15:06:25.273Z - info: Serving "C:\repos\nus-cs2113-AY1920S2\cs2113-website\_site" at http://127.0.0.1:8080
2020-01-03T15:06:25.273Z - info: Press CTRL+C to stop ...
2020-01-03T15:06:25.353Z - info: Site data built
2020-01-03T15:11:32.145Z - info: [23:11:32] Reload for file change: C:\repos\nus-cs2113-AY1920S2\cs2113-website\admin\admin-tasks.mbdf
2020-01-03T15:11:33.178Z - info: Rebuilding affected source files
2020-01-03T15:11:33.178Z - info: Rebuilding 1 pages
2020-01-03T15:11:45.425Z - info: Website generation started at 23:11:42
2020-01-03T15:11:54.118Z - info: Building assets...
2020-01-03T15:11:59.154Z - info: Assets built
2020-01-03T15:11:59.154Z - info: Generating pages...
2020-01-03T15:11:59.484Z - error:  Error: No such segment 'heading_pre_lecture_quiz' in file: C:\repos\nus-cs2113-AY1920S2\cs2113-website\admin\admin-tasks.mbdf
Missing reference in C:\repos\nus-cs2113-AY1920S2\cs2113-website\schedule\week1\admin-cs2113.mbdf
    at Parser._preprocess (C:\Users\damithch\AppData\Roaming\npm\node_modules\markbind-cli\src\lib\markbind\src\parser.js:439:25)
    at element.children.element.children.map.e (C:\Users\damithch\AppData\Roaming\npm\node_modules\markbind-cli\src\lib\markbind\src\parser.js:505:57)
    at Array.map (<anonymous>)
    at Parser._preprocess (C:\Users\damithch\AppData\Roaming\npm\node_modules\markbind-cli\src\lib\markbind\src\parser.js:505:43)
    at element.children.element.children.map.e (C:\Users\damithch\AppData\Roaming\npm\node_modules\markbind-cli\src\lib\markbind\src\parser.js:505:57)
    at Array.map (<anonymous>)
    at Parser._preprocess (C:\Users\damithch\AppData\Roaming\npm\node_modules\markbind-cli\src\lib\markbind\src\parser.js:505:43)
    at element.children.element.children.map.e (C:\Users\damithch\AppData\Roaming\npm\node_modules\markbind-cli\src\lib\markbind\src\parser.js:505:57)
    at Array.map (<anonymous>)
    at Parser._preprocess (C:\Users\damithch\AppData\Roaming\npm\node_modules\markbind-cli\src\lib\markbind\src\parser.js:505:43)
    at element.children.element.children.map.e (C:\Users\damithch\AppData\Roaming\npm\node_modules\markbind-cli\src\lib\markbind\src\parser.js:488:57)
    at Array.map (<anonymous>)
    at Parser._preprocess (C:\Users\damithch\AppData\Roaming\npm\node_modules\markbind-cli\src\lib\markbind\src\parser.js:488:43)
    at element.children.element.children.map.e (C:\Users\damithch\AppData\Roaming\npm\node_modules\markbind-cli\src\lib\markbind\src\parser.js:505:57)
    at Array.map (<anonymous>)
    at Parser._preprocess (C:\Users\damithch\AppData\Roaming\npm\node_modules\markbind-cli\src\lib\markbind\src\parser.js:505:43)
2020-01-03T15:11:59.531Z - error:  Error: No such segment 'heading_pre_lecture_quiz' in file: C:\repos\nus-cs2113-AY1920S2\cs2113-website\admin\admin-tasks.mbdf
Missing reference in C:\repos\nus-cs2113-AY1920S2\cs2113-website\schedule\week1\admin-cs2113.mbdf
    at Parser._preprocess (C:\Users\damithch\AppData\Roaming\npm\node_modules\markbind-cli\src\lib\markbind\src\parser.js:439:25)
    at element.children.element.children.map.e (C:\Users\damithch\AppData\Roaming\npm\node_modules\markbind-cli\src\lib\markbind\src\parser.js:505:57)
    at Array.map (<anonymous>)
    at Parser._preprocess (C:\Users\damithch\AppData\Roaming\npm\node_modules\markbind-cli\src\lib\markbind\src\parser.js:505:43)
    at element.children.element.children.map.e (C:\Users\damithch\AppData\Roaming\npm\node_modules\markbind-cli\src\lib\markbind\src\parser.js:505:57)
    at Array.map (<anonymous>)
    at Parser._preprocess (C:\Users\damithch\AppData\Roaming\npm\node_modules\markbind-cli\src\lib\markbind\src\parser.js:505:43)
    at element.children.element.children.map.e (C:\Users\damithch\AppData\Roaming\npm\node_modules\markbind-cli\src\lib\markbind\src\parser.js:505:57)
    at Array.map (<anonymous>)
    at Parser._preprocess (C:\Users\damithch\AppData\Roaming\npm\node_modules\markbind-cli\src\lib\markbind\src\parser.js:505:43)
    at element.children.element.children.map.e (C:\Users\damithch\AppData\Roaming\npm\node_modules\markbind-cli\src\lib\markbind\src\parser.js:488:57)
    at Array.map (<anonymous>)
    at Parser._preprocess (C:\Users\damithch\AppData\Roaming\npm\node_modules\markbind-cli\src\lib\markbind\src\parser.js:488:43)
    at element.children.element.children.map.e (C:\Users\damithch\AppData\Roaming\npm\node_modules\markbind-cli\src\lib\markbind\src\parser.js:505:57)
    at Array.map (<anonymous>)
    at Parser._preprocess (C:\Users\damithch\AppData\Roaming\npm\node_modules\markbind-cli\src\lib\markbind\src\parser.js:505:43)
2020-01-03T15:11:59.531Z - error:  Error: No such segment 'desc_pre_lecture_quiz' in file: C:\repos\nus-cs2113-AY1920S2\cs2113-website\admin\admin-tasks.mbdf
Missing reference in C:\repos\nus-cs2113-AY1920S2\cs2113-website\schedule\week1\admin-cs2113.mbdf
    at Parser._preprocess (C:\Users\damithch\AppData\Roaming\npm\node_modules\markbind-cli\src\lib\markbind\src\parser.js:439:25)
    at element.children.element.children.map.e (C:\Users\damithch\AppData\Roaming\npm\node_modules\markbind-cli\src\lib\markbind\src\parser.js:505:57)
    at Array.map (<anonymous>)
    at Parser._preprocess (C:\Users\damithch\AppData\Roaming\npm\node_modules\markbind-cli\src\lib\markbind\src\parser.js:505:43)
    at element.children.element.children.map.e (C:\Users\damithch\AppData\Roaming\npm\node_modules\markbind-cli\src\lib\markbind\src\parser.js:505:57)
    at Array.map (<anonymous>)
    at Parser._preprocess (C:\Users\damithch\AppData\Roaming\npm\node_modules\markbind-cli\src\lib\markbind\src\parser.js:505:43)
    at element.children.element.children.map.e (C:\Users\damithch\AppData\Roaming\npm\node_modules\markbind-cli\src\lib\markbind\src\parser.js:505:57)
    at Array.map (<anonymous>)
    at Parser._preprocess (C:\Users\damithch\AppData\Roaming\npm\node_modules\markbind-cli\src\lib\markbind\src\parser.js:505:43)
    at element.children.element.children.map.e (C:\Users\damithch\AppData\Roaming\npm\node_modules\markbind-cli\src\lib\markbind\src\parser.js:488:57)
    at Array.map (<anonymous>)
    at Parser._preprocess (C:\Users\damithch\AppData\Roaming\npm\node_modules\markbind-cli\src\lib\markbind\src\parser.js:488:43)
    at element.children.element.children.map.e (C:\Users\damithch\AppData\Roaming\npm\node_modules\markbind-cli\src\lib\markbind\src\parser.js:505:57)
    at Array.map (<anonymous>)
    at Parser._preprocess (C:\Users\damithch\AppData\Roaming\npm\node_modules\markbind-cli\src\lib\markbind\src\parser.js:505:43)
2020-01-03T15:12:00.243Z - info: Pages built
2020-01-03T15:12:00.371Z - info: Website generation complete! Total build time: 17.93s
2020-01-03T15:12:00.744Z - info: Serving "C:\repos\nus-cs2113-AY1920S2\cs2113-website\_site" at http://127.0.0.1:8080
2020-01-03T15:12:00.748Z - info: Press CTRL+C to stop ...
2020-01-03T15:12:00.800Z - info: Site data built
2020-01-03T15:12:54.792Z - info: [23:12:54] Reload for file change: C:\repos\nus-cs2113-AY1920S2\cs2113-website\admin\admin-tasks.mbdf
2020-01-03T15:12:55.798Z - info: Rebuilding affected source files
2020-01-03T15:12:55.798Z - info: Rebuilding 1 pages
2020-01-03T15:12:55.882Z - error:  Error: No such segment 'heading_pre_lecture_quiz' in file: C:\repos\nus-cs2113-AY1920S2\cs2113-website\admin\admin-tasks.mbdf
Missing reference in C:\repos\nus-cs2113-AY1920S2\cs2113-website\schedule\week1\admin-cs2113.mbdf
    at Parser._preprocess (C:\Users\damithch\AppData\Roaming\npm\node_modules\markbind-cli\src\lib\markbind\src\parser.js:439:25)
    at element.children.element.children.map.e (C:\Users\damithch\AppData\Roaming\npm\node_modules\markbind-cli\src\lib\markbind\src\parser.js:505:57)
    at Array.map (<anonymous>)
    at Parser._preprocess (C:\Users\damithch\AppData\Roaming\npm\node_modules\markbind-cli\src\lib\markbind\src\parser.js:505:43)
    at element.children.element.children.map.e (C:\Users\damithch\AppData\Roaming\npm\node_modules\markbind-cli\src\lib\markbind\src\parser.js:505:57)
    at Array.map (<anonymous>)
    at Parser._preprocess (C:\Users\damithch\AppData\Roaming\npm\node_modules\markbind-cli\src\lib\markbind\src\parser.js:505:43)
    at element.children.element.children.map.e (C:\Users\damithch\AppData\Roaming\npm\node_modules\markbind-cli\src\lib\markbind\src\parser.js:505:57)
    at Array.map (<anonymous>)
    at Parser._preprocess (C:\Users\damithch\AppData\Roaming\npm\node_modules\markbind-cli\src\lib\markbind\src\parser.js:505:43)
    at element.children.element.children.map.e (C:\Users\damithch\AppData\Roaming\npm\node_modules\markbind-cli\src\lib\markbind\src\parser.js:488:57)
    at Array.map (<anonymous>)
    at Parser._preprocess (C:\Users\damithch\AppData\Roaming\npm\node_modules\markbind-cli\src\lib\markbind\src\parser.js:488:43)
    at element.children.element.children.map.e (C:\Users\damithch\AppData\Roaming\npm\node_modules\markbind-cli\src\lib\markbind\src\parser.js:505:57)
    at Array.map (<anonymous>)
    at Parser._preprocess (C:\Users\damithch\AppData\Roaming\npm\node_modules\markbind-cli\src\lib\markbind\src\parser.js:505:43)
2020-01-03T15:12:55.950Z - error:  Error: No such segment 'heading_pre_lecture_quiz' in file: C:\repos\nus-cs2113-AY1920S2\cs2113-website\admin\admin-tasks.mbdf
Missing reference in C:\repos\nus-cs2113-AY1920S2\cs2113-website\schedule\week1\admin-cs2113.mbdf
    at Parser._preprocess (C:\Users\damithch\AppData\Roaming\npm\node_modules\markbind-cli\src\lib\markbind\src\parser.js:439:25)
    at element.children.element.children.map.e (C:\Users\damithch\AppData\Roaming\npm\node_modules\markbind-cli\src\lib\markbind\src\parser.js:505:57)
    at Array.map (<anonymous>)
    at Parser._preprocess (C:\Users\damithch\AppData\Roaming\npm\node_modules\markbind-cli\src\lib\markbind\src\parser.js:505:43)
    at element.children.element.children.map.e (C:\Users\damithch\AppData\Roaming\npm\node_modules\markbind-cli\src\lib\markbind\src\parser.js:505:57)
    at Array.map (<anonymous>)
    at Parser._preprocess (C:\Users\damithch\AppData\Roaming\npm\node_modules\markbind-cli\src\lib\markbind\src\parser.js:505:43)
    at element.children.element.children.map.e (C:\Users\damithch\AppData\Roaming\npm\node_modules\markbind-cli\src\lib\markbind\src\parser.js:505:57)
    at Array.map (<anonymous>)
    at Parser._preprocess (C:\Users\damithch\AppData\Roaming\npm\node_modules\markbind-cli\src\lib\markbind\src\parser.js:505:43)
    at element.children.element.children.map.e (C:\Users\damithch\AppData\Roaming\npm\node_modules\markbind-cli\src\lib\markbind\src\parser.js:488:57)
    at Array.map (<anonymous>)
    at Parser._preprocess (C:\Users\damithch\AppData\Roaming\npm\node_modules\markbind-cli\src\lib\markbind\src\parser.js:488:43)
    at element.children.element.children.map.e (C:\Users\damithch\AppData\Roaming\npm\node_modules\markbind-cli\src\lib\markbind\src\parser.js:505:57)
    at Array.map (<anonymous>)
    at Parser._preprocess (C:\Users\damithch\AppData\Roaming\npm\node_modules\markbind-cli\src\lib\markbind\src\parser.js:505:43)
2020-01-03T15:12:55.958Z - error:  Error: No such segment 'desc_pre_lecture_quiz' in file: C:\repos\nus-cs2113-AY1920S2\cs2113-website\admin\admin-tasks.mbdf
Missing reference in C:\repos\nus-cs2113-AY1920S2\cs2113-website\schedule\week1\admin-cs2113.mbdf
    at Parser._preprocess (C:\Users\damithch\AppData\Roaming\npm\node_modules\markbind-cli\src\lib\markbind\src\parser.js:439:25)
    at element.children.element.children.map.e (C:\Users\damithch\AppData\Roaming\npm\node_modules\markbind-cli\src\lib\markbind\src\parser.js:505:57)
    at Array.map (<anonymous>)
    at Parser._preprocess (C:\Users\damithch\AppData\Roaming\npm\node_modules\markbind-cli\src\lib\markbind\src\parser.js:505:43)
    at element.children.element.children.map.e (C:\Users\damithch\AppData\Roaming\npm\node_modules\markbind-cli\src\lib\markbind\src\parser.js:505:57)
    at Array.map (<anonymous>)
    at Parser._preprocess (C:\Users\damithch\AppData\Roaming\npm\node_modules\markbind-cli\src\lib\markbind\src\parser.js:505:43)
    at element.children.element.children.map.e (C:\Users\damithch\AppData\Roaming\npm\node_modules\markbind-cli\src\lib\markbind\src\parser.js:505:57)
    at Array.map (<anonymous>)
    at Parser._preprocess (C:\Users\damithch\AppData\Roaming\npm\node_modules\markbind-cli\src\lib\markbind\src\parser.js:505:43)
    at element.children.element.children.map.e (C:\Users\damithch\AppData\Roaming\npm\node_modules\markbind-cli\src\lib\markbind\src\parser.js:488:57)
    at Array.map (<anonymous>)
    at Parser._preprocess (C:\Users\damithch\AppData\Roaming\npm\node_modules\markbind-cli\src\lib\markbind\src\parser.js:488:43)
    at element.children.element.children.map.e (C:\Users\damithch\AppData\Roaming\npm\node_modules\markbind-cli\src\lib\markbind\src\parser.js:505:57)
    at Array.map (<anonymous>)
    at Parser._preprocess (C:\Users\damithch\AppData\Roaming\npm\node_modules\markbind-cli\src\lib\markbind\src\parser.js:505:43)
2020-01-03T15:12:56.667Z - info: Pages rebuilt
2020-01-03T15:12:56.679Z - info: Site data built
2020-01-03T15:13:19.923Z - info: Website generation started at 23:13:14
2020-01-03T15:13:28.600Z - info: Building assets...
2020-01-03T15:13:34.114Z - info: Assets built
2020-01-03T15:13:34.118Z - info: Generating pages...
2020-01-03T15:13:35.236Z - info: Pages built
2020-01-03T15:13:35.401Z - info: Website generation complete! Total build time: 21.354s
2020-01-03T15:13:35.707Z - info: Serving "C:\repos\nus-cs2113-AY1920S2\cs2113-website\_site" at http://127.0.0.1:8080
2020-01-03T15:13:35.707Z - info: Press CTRL+C to stop ...
2020-01-03T15:13:35.751Z - info: Site data built
2020-01-03T15:16:46.091Z - info: [23:16:46] Reload for file change: C:\repos\nus-cs2113-AY1920S2\cs2113-website\admin\admin-tasks.mbdf
2020-01-03T15:16:47.096Z - info: Rebuilding affected source files
2020-01-03T15:16:47.096Z - info: Rebuilding 1 pages
2020-01-03T15:16:48.320Z - info: Pages rebuilt
2020-01-03T15:16:48.328Z - info: Site data built
2020-01-03T15:18:18.098Z - info: [23:18:18] Reload for file change: C:\repos\nus-cs2113-AY1920S2\cs2113-website\admin\admin-tasks.mbdf
2020-01-03T15:18:19.116Z - info: Rebuilding affected source files
2020-01-03T15:18:19.116Z - info: Rebuilding 1 pages
2020-01-03T15:18:20.294Z - info: Pages rebuilt
2020-01-03T15:18:20.302Z - info: Site data built
2020-01-03T15:18:34.280Z - info: Website generation started at 23:18:31
2020-01-03T15:18:42.809Z - info: Building assets...
2020-01-03T15:18:48.346Z - info: Assets built
2020-01-03T15:18:48.346Z - info: Generating pages...
2020-01-03T15:18:48.892Z - error:  Error: No such file: C:\repos\nus-cs2113-AY1920S2\admin\usingThisWebsite.md
Missing reference in C:\repos\nus-cs2113-AY1920S2\cs2113-website\admin\admin-tasks.mbdf
    at Parser._preprocess (C:\Users\damithch\AppData\Roaming\npm\node_modules\markbind-cli\src\lib\markbind\src\parser.js:355:21)
    at element.children.element.children.map.e (C:\Users\damithch\AppData\Roaming\npm\node_modules\markbind-cli\src\lib\markbind\src\parser.js:505:57)
    at Array.map (<anonymous>)
    at Parser._preprocess (C:\Users\damithch\AppData\Roaming\npm\node_modules\markbind-cli\src\lib\markbind\src\parser.js:505:43)
    at element.children.element.children.map.e (C:\Users\damithch\AppData\Roaming\npm\node_modules\markbind-cli\src\lib\markbind\src\parser.js:505:57)
    at Array.map (<anonymous>)
    at Parser._preprocess (C:\Users\damithch\AppData\Roaming\npm\node_modules\markbind-cli\src\lib\markbind\src\parser.js:505:43)
    at element.children.element.children.map.e (C:\Users\damithch\AppData\Roaming\npm\node_modules\markbind-cli\src\lib\markbind\src\parser.js:488:57)
    at Array.map (<anonymous>)
    at Parser._preprocess (C:\Users\damithch\AppData\Roaming\npm\node_modules\markbind-cli\src\lib\markbind\src\parser.js:488:43)
    at element.children.element.children.map.e (C:\Users\damithch\AppData\Roaming\npm\node_modules\markbind-cli\src\lib\markbind\src\parser.js:505:57)
    at Array.map (<anonymous>)
    at Parser._preprocess (C:\Users\damithch\AppData\Roaming\npm\node_modules\markbind-cli\src\lib\markbind\src\parser.js:505:43)
    at element.children.element.children.map.e (C:\Users\damithch\AppData\Roaming\npm\node_modules\markbind-cli\src\lib\markbind\src\parser.js:505:57)
    at Array.map (<anonymous>)
    at Parser._preprocess (C:\Users\damithch\AppData\Roaming\npm\node_modules\markbind-cli\src\lib\markbind\src\parser.js:505:43)
2020-01-03T15:18:48.896Z - error:  Error: No such file: C:\repos\nus-cs2113-AY1920S2\admin\usingThisWebsite.md
Missing reference in C:\repos\nus-cs2113-AY1920S2\cs2113-website\admin\admin-tasks.mbdf
    at Parser._preprocess (C:\Users\damithch\AppData\Roaming\npm\node_modules\markbind-cli\src\lib\markbind\src\parser.js:355:21)
    at element.children.element.children.map.e (C:\Users\damithch\AppData\Roaming\npm\node_modules\markbind-cli\src\lib\markbind\src\parser.js:505:57)
    at Array.map (<anonymous>)
    at Parser._preprocess (C:\Users\damithch\AppData\Roaming\npm\node_modules\markbind-cli\src\lib\markbind\src\parser.js:505:43)
    at element.children.element.children.map.e (C:\Users\damithch\AppData\Roaming\npm\node_modules\markbind-cli\src\lib\markbind\src\parser.js:505:57)
    at Array.map (<anonymous>)
    at Parser._preprocess (C:\Users\damithch\AppData\Roaming\npm\node_modules\markbind-cli\src\lib\markbind\src\parser.js:505:43)
    at element.children.element.children.map.e (C:\Users\damithch\AppData\Roaming\npm\node_modules\markbind-cli\src\lib\markbind\src\parser.js:488:57)
    at Array.map (<anonymous>)
    at Parser._preprocess (C:\Users\damithch\AppData\Roaming\npm\node_modules\markbind-cli\src\lib\markbind\src\parser.js:488:43)
    at element.children.element.children.map.e (C:\Users\damithch\AppData\Roaming\npm\node_modules\markbind-cli\src\lib\markbind\src\parser.js:505:57)
    at Array.map (<anonymous>)
    at Parser._preprocess (C:\Users\damithch\AppData\Roaming\npm\node_modules\markbind-cli\src\lib\markbind\src\parser.js:505:43)
    at element.children.element.children.map.e (C:\Users\damithch\AppData\Roaming\npm\node_modules\markbind-cli\src\lib\markbind\src\parser.js:505:57)
    at Array.map (<anonymous>)
    at Parser._preprocess (C:\Users\damithch\AppData\Roaming\npm\node_modules\markbind-cli\src\lib\markbind\src\parser.js:505:43)
2020-01-03T15:18:48.896Z - error:  Error: No such file: C:\repos\nus-cs2113-AY1920S2\admin\weeklySchedule.md
Missing reference in C:\repos\nus-cs2113-AY1920S2\cs2113-website\admin\admin-tasks.mbdf
    at Parser._preprocess (C:\Users\damithch\AppData\Roaming\npm\node_modules\markbind-cli\src\lib\markbind\src\parser.js:355:21)
    at element.children.element.children.map.e (C:\Users\damithch\AppData\Roaming\npm\node_modules\markbind-cli\src\lib\markbind\src\parser.js:505:57)
    at Array.map (<anonymous>)
    at Parser._preprocess (C:\Users\damithch\AppData\Roaming\npm\node_modules\markbind-cli\src\lib\markbind\src\parser.js:505:43)
    at element.children.element.children.map.e (C:\Users\damithch\AppData\Roaming\npm\node_modules\markbind-cli\src\lib\markbind\src\parser.js:505:57)
    at Array.map (<anonymous>)
    at Parser._preprocess (C:\Users\damithch\AppData\Roaming\npm\node_modules\markbind-cli\src\lib\markbind\src\parser.js:505:43)
    at element.children.element.children.map.e (C:\Users\damithch\AppData\Roaming\npm\node_modules\markbind-cli\src\lib\markbind\src\parser.js:488:57)
    at Array.map (<anonymous>)
    at Parser._preprocess (C:\Users\damithch\AppData\Roaming\npm\node_modules\markbind-cli\src\lib\markbind\src\parser.js:488:43)
    at element.children.element.children.map.e (C:\Users\damithch\AppData\Roaming\npm\node_modules\markbind-cli\src\lib\markbind\src\parser.js:505:57)
    at Array.map (<anonymous>)
    at Parser._preprocess (C:\Users\damithch\AppData\Roaming\npm\node_modules\markbind-cli\src\lib\markbind\src\parser.js:505:43)
    at element.children.element.children.map.e (C:\Users\damithch\AppData\Roaming\npm\node_modules\markbind-cli\src\lib\markbind\src\parser.js:505:57)
    at Array.map (<anonymous>)
    at Parser._preprocess (C:\Users\damithch\AppData\Roaming\npm\node_modules\markbind-cli\src\lib\markbind\src\parser.js:505:43)
2020-01-03T15:18:48.896Z - error:  Error: No such file: C:\repos\nus-cs2113-AY1920S2\admin\moduleOverview.md
Missing reference in C:\repos\nus-cs2113-AY1920S2\cs2113-website\admin\admin-tasks.mbdf
    at Parser._preprocess (C:\Users\damithch\AppData\Roaming\npm\node_modules\markbind-cli\src\lib\markbind\src\parser.js:355:21)
    at element.children.element.children.map.e (C:\Users\damithch\AppData\Roaming\npm\node_modules\markbind-cli\src\lib\markbind\src\parser.js:505:57)
    at Array.map (<anonymous>)
    at Parser._preprocess (C:\Users\damithch\AppData\Roaming\npm\node_modules\markbind-cli\src\lib\markbind\src\parser.js:505:43)
    at element.children.element.children.map.e (C:\Users\damithch\AppData\Roaming\npm\node_modules\markbind-cli\src\lib\markbind\src\parser.js:505:57)
    at Array.map (<anonymous>)
    at Parser._preprocess (C:\Users\damithch\AppData\Roaming\npm\node_modules\markbind-cli\src\lib\markbind\src\parser.js:505:43)
    at element.children.element.children.map.e (C:\Users\damithch\AppData\Roaming\npm\node_modules\markbind-cli\src\lib\markbind\src\parser.js:488:57)
    at Array.map (<anonymous>)
    at Parser._preprocess (C:\Users\damithch\AppData\Roaming\npm\node_modules\markbind-cli\src\lib\markbind\src\parser.js:488:43)
    at element.children.element.children.map.e (C:\Users\damithch\AppData\Roaming\npm\node_modules\markbind-cli\src\lib\markbind\src\parser.js:505:57)
    at Array.map (<anonymous>)
    at Parser._preprocess (C:\Users\damithch\AppData\Roaming\npm\node_modules\markbind-cli\src\lib\markbind\src\parser.js:505:43)
    at element.children.element.children.map.e (C:\Users\damithch\AppData\Roaming\npm\node_modules\markbind-cli\src\lib\markbind\src\parser.js:505:57)
    at Array.map (<anonymous>)
    at Parser._preprocess (C:\Users\damithch\AppData\Roaming\npm\node_modules\markbind-cli\src\lib\markbind\src\parser.js:505:43)
2020-01-03T15:18:49.771Z - info: Pages built
2020-01-03T15:18:50.230Z - info: Website generation complete! Total build time: 18.807s
2020-01-03T15:18:50.921Z - info: Serving "C:\repos\nus-cs2113-AY1920S2\cs2113-website\_site" at http://127.0.0.1:8080
2020-01-03T15:18:50.921Z - info: Press CTRL+C to stop ...
2020-01-03T15:18:50.999Z - info: Site data built
2020-01-03T15:19:17.685Z - info: [23:19:17] Reload for file change: C:\repos\nus-cs2113-AY1920S2\cs2113-website\admin\admin-tasks.mbdf
2020-01-03T15:19:18.706Z - info: Rebuilding affected source files
2020-01-03T15:19:18.706Z - info: Rebuilding 1 pages
2020-01-03T15:19:19.002Z - error:  Error: No such file: C:\repos\nus-cs2113-AY1920S2\admin\usingThisWebsite.md
Missing reference in C:\repos\nus-cs2113-AY1920S2\cs2113-website\admin\admin-tasks.mbdf
    at Parser._preprocess (C:\Users\damithch\AppData\Roaming\npm\node_modules\markbind-cli\src\lib\markbind\src\parser.js:355:21)
    at element.children.element.children.map.e (C:\Users\damithch\AppData\Roaming\npm\node_modules\markbind-cli\src\lib\markbind\src\parser.js:505:57)
    at Array.map (<anonymous>)
    at Parser._preprocess (C:\Users\damithch\AppData\Roaming\npm\node_modules\markbind-cli\src\lib\markbind\src\parser.js:505:43)
    at element.children.element.children.map.e (C:\Users\damithch\AppData\Roaming\npm\node_modules\markbind-cli\src\lib\markbind\src\parser.js:505:57)
    at Array.map (<anonymous>)
    at Parser._preprocess (C:\Users\damithch\AppData\Roaming\npm\node_modules\markbind-cli\src\lib\markbind\src\parser.js:505:43)
    at element.children.element.children.map.e (C:\Users\damithch\AppData\Roaming\npm\node_modules\markbind-cli\src\lib\markbind\src\parser.js:488:57)
    at Array.map (<anonymous>)
    at Parser._preprocess (C:\Users\damithch\AppData\Roaming\npm\node_modules\markbind-cli\src\lib\markbind\src\parser.js:488:43)
    at element.children.element.children.map.e (C:\Users\damithch\AppData\Roaming\npm\node_modules\markbind-cli\src\lib\markbind\src\parser.js:505:57)
    at Array.map (<anonymous>)
    at Parser._preprocess (C:\Users\damithch\AppData\Roaming\npm\node_modules\markbind-cli\src\lib\markbind\src\parser.js:505:43)
    at element.children.element.children.map.e (C:\Users\damithch\AppData\Roaming\npm\node_modules\markbind-cli\src\lib\markbind\src\parser.js:505:57)
    at Array.map (<anonymous>)
    at Parser._preprocess (C:\Users\damithch\AppData\Roaming\npm\node_modules\markbind-cli\src\lib\markbind\src\parser.js:505:43)
2020-01-03T15:19:19.006Z - error:  Error: No such file: C:\repos\nus-cs2113-AY1920S2\admin\usingThisWebsite.md
Missing reference in C:\repos\nus-cs2113-AY1920S2\cs2113-website\admin\admin-tasks.mbdf
    at Parser._preprocess (C:\Users\damithch\AppData\Roaming\npm\node_modules\markbind-cli\src\lib\markbind\src\parser.js:355:21)
    at element.children.element.children.map.e (C:\Users\damithch\AppData\Roaming\npm\node_modules\markbind-cli\src\lib\markbind\src\parser.js:505:57)
    at Array.map (<anonymous>)
    at Parser._preprocess (C:\Users\damithch\AppData\Roaming\npm\node_modules\markbind-cli\src\lib\markbind\src\parser.js:505:43)
    at element.children.element.children.map.e (C:\Users\damithch\AppData\Roaming\npm\node_modules\markbind-cli\src\lib\markbind\src\parser.js:505:57)
    at Array.map (<anonymous>)
    at Parser._preprocess (C:\Users\damithch\AppData\Roaming\npm\node_modules\markbind-cli\src\lib\markbind\src\parser.js:505:43)
    at element.children.element.children.map.e (C:\Users\damithch\AppData\Roaming\npm\node_modules\markbind-cli\src\lib\markbind\src\parser.js:488:57)
    at Array.map (<anonymous>)
    at Parser._preprocess (C:\Users\damithch\AppData\Roaming\npm\node_modules\markbind-cli\src\lib\markbind\src\parser.js:488:43)
    at element.children.element.children.map.e (C:\Users\damithch\AppData\Roaming\npm\node_modules\markbind-cli\src\lib\markbind\src\parser.js:505:57)
    at Array.map (<anonymous>)
    at Parser._preprocess (C:\Users\damithch\AppData\Roaming\npm\node_modules\markbind-cli\src\lib\markbind\src\parser.js:505:43)
    at element.children.element.children.map.e (C:\Users\damithch\AppData\Roaming\npm\node_modules\markbind-cli\src\lib\markbind\src\parser.js:505:57)
    at Array.map (<anonymous>)
    at Parser._preprocess (C:\Users\damithch\AppData\Roaming\npm\node_modules\markbind-cli\src\lib\markbind\src\parser.js:505:43)
2020-01-03T15:19:19.006Z - error:  Error: No such file: C:\repos\nus-cs2113-AY1920S2\admin\weeklySchedule.md
Missing reference in C:\repos\nus-cs2113-AY1920S2\cs2113-website\admin\admin-tasks.mbdf
    at Parser._preprocess (C:\Users\damithch\AppData\Roaming\npm\node_modules\markbind-cli\src\lib\markbind\src\parser.js:355:21)
    at element.children.element.children.map.e (C:\Users\damithch\AppData\Roaming\npm\node_modules\markbind-cli\src\lib\markbind\src\parser.js:505:57)
    at Array.map (<anonymous>)
    at Parser._preprocess (C:\Users\damithch\AppData\Roaming\npm\node_modules\markbind-cli\src\lib\markbind\src\parser.js:505:43)
    at element.children.element.children.map.e (C:\Users\damithch\AppData\Roaming\npm\node_modules\markbind-cli\src\lib\markbind\src\parser.js:505:57)
    at Array.map (<anonymous>)
    at Parser._preprocess (C:\Users\damithch\AppData\Roaming\npm\node_modules\markbind-cli\src\lib\markbind\src\parser.js:505:43)
    at element.children.element.children.map.e (C:\Users\damithch\AppData\Roaming\npm\node_modules\markbind-cli\src\lib\markbind\src\parser.js:488:57)
    at Array.map (<anonymous>)
    at Parser._preprocess (C:\Users\damithch\AppData\Roaming\npm\node_modules\markbind-cli\src\lib\markbind\src\parser.js:488:43)
    at element.children.element.children.map.e (C:\Users\damithch\AppData\Roaming\npm\node_modules\markbind-cli\src\lib\markbind\src\parser.js:505:57)
    at Array.map (<anonymous>)
    at Parser._preprocess (C:\Users\damithch\AppData\Roaming\npm\node_modules\markbind-cli\src\lib\markbind\src\parser.js:505:43)
    at element.children.element.children.map.e (C:\Users\damithch\AppData\Roaming\npm\node_modules\markbind-cli\src\lib\markbind\src\parser.js:505:57)
    at Array.map (<anonymous>)
    at Parser._preprocess (C:\Users\damithch\AppData\Roaming\npm\node_modules\markbind-cli\src\lib\markbind\src\parser.js:505:43)
2020-01-03T15:19:19.006Z - error:  Error: No such file: C:\repos\nus-cs2113-AY1920S2\admin\moduleOverview.md
Missing reference in C:\repos\nus-cs2113-AY1920S2\cs2113-website\admin\admin-tasks.mbdf
    at Parser._preprocess (C:\Users\damithch\AppData\Roaming\npm\node_modules\markbind-cli\src\lib\markbind\src\parser.js:355:21)
    at element.children.element.children.map.e (C:\Users\damithch\AppData\Roaming\npm\node_modules\markbind-cli\src\lib\markbind\src\parser.js:505:57)
    at Array.map (<anonymous>)
    at Parser._preprocess (C:\Users\damithch\AppData\Roaming\npm\node_modules\markbind-cli\src\lib\markbind\src\parser.js:505:43)
    at element.children.element.children.map.e (C:\Users\damithch\AppData\Roaming\npm\node_modules\markbind-cli\src\lib\markbind\src\parser.js:505:57)
    at Array.map (<anonymous>)
    at Parser._preprocess (C:\Users\damithch\AppData\Roaming\npm\node_modules\markbind-cli\src\lib\markbind\src\parser.js:505:43)
    at element.children.element.children.map.e (C:\Users\damithch\AppData\Roaming\npm\node_modules\markbind-cli\src\lib\markbind\src\parser.js:488:57)
    at Array.map (<anonymous>)
    at Parser._preprocess (C:\Users\damithch\AppData\Roaming\npm\node_modules\markbind-cli\src\lib\markbind\src\parser.js:488:43)
    at element.children.element.children.map.e (C:\Users\damithch\AppData\Roaming\npm\node_modules\markbind-cli\src\lib\markbind\src\parser.js:505:57)
    at Array.map (<anonymous>)
    at Parser._preprocess (C:\Users\damithch\AppData\Roaming\npm\node_modules\markbind-cli\src\lib\markbind\src\parser.js:505:43)
    at element.children.element.children.map.e (C:\Users\damithch\AppData\Roaming\npm\node_modules\markbind-cli\src\lib\markbind\src\parser.js:505:57)
    at Array.map (<anonymous>)
    at Parser._preprocess (C:\Users\damithch\AppData\Roaming\npm\node_modules\markbind-cli\src\lib\markbind\src\parser.js:505:43)
2020-01-03T15:19:19.721Z - info: Pages rebuilt
2020-01-03T15:19:19.729Z - info: Site data built
2020-01-03T15:20:58.925Z - info: [23:20:58] Reload for file change: C:\repos\nus-cs2113-AY1920S2\cs2113-website\admin\admin-tasks.mbdf
2020-01-03T15:20:59.943Z - info: Rebuilding affected source files
2020-01-03T15:20:59.943Z - info: Rebuilding 1 pages
2020-01-03T15:21:00.336Z - error:  Error: No such file: C:\repos\nus-cs2113-AY1920S2\cs2113-website\admin\null
Missing reference in C:\repos\nus-cs2113-AY1920S2\cs2113-website\admin\admin-tasks.mbdf
    at Parser._preprocess (C:\Users\damithch\AppData\Roaming\npm\node_modules\markbind-cli\src\lib\markbind\src\parser.js:355:21)
    at element.children.element.children.map.e (C:\Users\damithch\AppData\Roaming\npm\node_modules\markbind-cli\src\lib\markbind\src\parser.js:505:57)
    at Array.map (<anonymous>)
    at Parser._preprocess (C:\Users\damithch\AppData\Roaming\npm\node_modules\markbind-cli\src\lib\markbind\src\parser.js:505:43)
    at element.children.element.children.map.e (C:\Users\damithch\AppData\Roaming\npm\node_modules\markbind-cli\src\lib\markbind\src\parser.js:505:57)
    at Array.map (<anonymous>)
    at Parser._preprocess (C:\Users\damithch\AppData\Roaming\npm\node_modules\markbind-cli\src\lib\markbind\src\parser.js:505:43)
    at element.children.element.children.map.e (C:\Users\damithch\AppData\Roaming\npm\node_modules\markbind-cli\src\lib\markbind\src\parser.js:488:57)
    at Array.map (<anonymous>)
    at Parser._preprocess (C:\Users\damithch\AppData\Roaming\npm\node_modules\markbind-cli\src\lib\markbind\src\parser.js:488:43)
    at element.children.element.children.map.e (C:\Users\damithch\AppData\Roaming\npm\node_modules\markbind-cli\src\lib\markbind\src\parser.js:505:57)
    at Array.map (<anonymous>)
    at Parser._preprocess (C:\Users\damithch\AppData\Roaming\npm\node_modules\markbind-cli\src\lib\markbind\src\parser.js:505:43)
    at element.children.element.children.map.e (C:\Users\damithch\AppData\Roaming\npm\node_modules\markbind-cli\src\lib\markbind\src\parser.js:505:57)
    at Array.map (<anonymous>)
    at Parser._preprocess (C:\Users\damithch\AppData\Roaming\npm\node_modules\markbind-cli\src\lib\markbind\src\parser.js:505:43)
2020-01-03T15:21:00.336Z - error:  Error: No such file: C:\repos\nus-cs2113-AY1920S2\admin\usingThisWebsite.md
Missing reference in C:\repos\nus-cs2113-AY1920S2\cs2113-website\admin\admin-tasks.mbdf
    at Parser._preprocess (C:\Users\damithch\AppData\Roaming\npm\node_modules\markbind-cli\src\lib\markbind\src\parser.js:355:21)
    at element.children.element.children.map.e (C:\Users\damithch\AppData\Roaming\npm\node_modules\markbind-cli\src\lib\markbind\src\parser.js:505:57)
    at Array.map (<anonymous>)
    at Parser._preprocess (C:\Users\damithch\AppData\Roaming\npm\node_modules\markbind-cli\src\lib\markbind\src\parser.js:505:43)
    at element.children.element.children.map.e (C:\Users\damithch\AppData\Roaming\npm\node_modules\markbind-cli\src\lib\markbind\src\parser.js:505:57)
    at Array.map (<anonymous>)
    at Parser._preprocess (C:\Users\damithch\AppData\Roaming\npm\node_modules\markbind-cli\src\lib\markbind\src\parser.js:505:43)
    at element.children.element.children.map.e (C:\Users\damithch\AppData\Roaming\npm\node_modules\markbind-cli\src\lib\markbind\src\parser.js:488:57)
    at Array.map (<anonymous>)
    at Parser._preprocess (C:\Users\damithch\AppData\Roaming\npm\node_modules\markbind-cli\src\lib\markbind\src\parser.js:488:43)
    at element.children.element.children.map.e (C:\Users\damithch\AppData\Roaming\npm\node_modules\markbind-cli\src\lib\markbind\src\parser.js:505:57)
    at Array.map (<anonymous>)
    at Parser._preprocess (C:\Users\damithch\AppData\Roaming\npm\node_modules\markbind-cli\src\lib\markbind\src\parser.js:505:43)
    at element.children.element.children.map.e (C:\Users\damithch\AppData\Roaming\npm\node_modules\markbind-cli\src\lib\markbind\src\parser.js:505:57)
    at Array.map (<anonymous>)
    at Parser._preprocess (C:\Users\damithch\AppData\Roaming\npm\node_modules\markbind-cli\src\lib\markbind\src\parser.js:505:43)
2020-01-03T15:21:00.336Z - error:  Error: No such file: C:\repos\nus-cs2113-AY1920S2\admin\weeklySchedule.md
Missing reference in C:\repos\nus-cs2113-AY1920S2\cs2113-website\admin\admin-tasks.mbdf
    at Parser._preprocess (C:\Users\damithch\AppData\Roaming\npm\node_modules\markbind-cli\src\lib\markbind\src\parser.js:355:21)
    at element.children.element.children.map.e (C:\Users\damithch\AppData\Roaming\npm\node_modules\markbind-cli\src\lib\markbind\src\parser.js:505:57)
    at Array.map (<anonymous>)
    at Parser._preprocess (C:\Users\damithch\AppData\Roaming\npm\node_modules\markbind-cli\src\lib\markbind\src\parser.js:505:43)
    at element.children.element.children.map.e (C:\Users\damithch\AppData\Roaming\npm\node_modules\markbind-cli\src\lib\markbind\src\parser.js:505:57)
    at Array.map (<anonymous>)
    at Parser._preprocess (C:\Users\damithch\AppData\Roaming\npm\node_modules\markbind-cli\src\lib\markbind\src\parser.js:505:43)
    at element.children.element.children.map.e (C:\Users\damithch\AppData\Roaming\npm\node_modules\markbind-cli\src\lib\markbind\src\parser.js:488:57)
    at Array.map (<anonymous>)
    at Parser._preprocess (C:\Users\damithch\AppData\Roaming\npm\node_modules\markbind-cli\src\lib\markbind\src\parser.js:488:43)
    at element.children.element.children.map.e (C:\Users\damithch\AppData\Roaming\npm\node_modules\markbind-cli\src\lib\markbind\src\parser.js:505:57)
    at Array.map (<anonymous>)
    at Parser._preprocess (C:\Users\damithch\AppData\Roaming\npm\node_modules\markbind-cli\src\lib\markbind\src\parser.js:505:43)
    at element.children.element.children.map.e (C:\Users\damithch\AppData\Roaming\npm\node_modules\markbind-cli\src\lib\markbind\src\parser.js:505:57)
    at Array.map (<anonymous>)
    at Parser._preprocess (C:\Users\damithch\AppData\Roaming\npm\node_modules\markbind-cli\src\lib\markbind\src\parser.js:505:43)
2020-01-03T15:21:00.340Z - error:  Error: No such file: C:\repos\nus-cs2113-AY1920S2\admin\moduleOverview.md
Missing reference in C:\repos\nus-cs2113-AY1920S2\cs2113-website\admin\admin-tasks.mbdf
    at Parser._preprocess (C:\Users\damithch\AppData\Roaming\npm\node_modules\markbind-cli\src\lib\markbind\src\parser.js:355:21)
    at element.children.element.children.map.e (C:\Users\damithch\AppData\Roaming\npm\node_modules\markbind-cli\src\lib\markbind\src\parser.js:505:57)
    at Array.map (<anonymous>)
    at Parser._preprocess (C:\Users\damithch\AppData\Roaming\npm\node_modules\markbind-cli\src\lib\markbind\src\parser.js:505:43)
    at element.children.element.children.map.e (C:\Users\damithch\AppData\Roaming\npm\node_modules\markbind-cli\src\lib\markbind\src\parser.js:505:57)
    at Array.map (<anonymous>)
    at Parser._preprocess (C:\Users\damithch\AppData\Roaming\npm\node_modules\markbind-cli\src\lib\markbind\src\parser.js:505:43)
    at element.children.element.children.map.e (C:\Users\damithch\AppData\Roaming\npm\node_modules\markbind-cli\src\lib\markbind\src\parser.js:488:57)
    at Array.map (<anonymous>)
    at Parser._preprocess (C:\Users\damithch\AppData\Roaming\npm\node_modules\markbind-cli\src\lib\markbind\src\parser.js:488:43)
    at element.children.element.children.map.e (C:\Users\damithch\AppData\Roaming\npm\node_modules\markbind-cli\src\lib\markbind\src\parser.js:505:57)
    at Array.map (<anonymous>)
    at Parser._preprocess (C:\Users\damithch\AppData\Roaming\npm\node_modules\markbind-cli\src\lib\markbind\src\parser.js:505:43)
    at element.children.element.children.map.e (C:\Users\damithch\AppData\Roaming\npm\node_modules\markbind-cli\src\lib\markbind\src\parser.js:505:57)
    at Array.map (<anonymous>)
    at Parser._preprocess (C:\Users\damithch\AppData\Roaming\npm\node_modules\markbind-cli\src\lib\markbind\src\parser.js:505:43)
2020-01-03T15:21:01.358Z - info: Pages rebuilt
2020-01-03T15:21:01.370Z - info: Site data built
2020-01-03T15:22:54.990Z - info: [23:22:54] Reload for file change: C:\repos\nus-cs2113-AY1920S2\cs2113-website\admin\admin-tasks.mbdf
2020-01-03T15:22:56.010Z - info: Rebuilding affected source files
2020-01-03T15:22:56.010Z - info: Rebuilding 1 pages
2020-01-03T15:22:56.342Z - error:  Error: No such file: C:\repos\nus-cs2113-AY1920S2\cs2113-website\admin\null
Missing reference in C:\repos\nus-cs2113-AY1920S2\cs2113-website\admin\admin-tasks.mbdf
    at Parser._preprocess (C:\Users\damithch\AppData\Roaming\npm\node_modules\markbind-cli\src\lib\markbind\src\parser.js:355:21)
    at element.children.element.children.map.e (C:\Users\damithch\AppData\Roaming\npm\node_modules\markbind-cli\src\lib\markbind\src\parser.js:505:57)
    at Array.map (<anonymous>)
    at Parser._preprocess (C:\Users\damithch\AppData\Roaming\npm\node_modules\markbind-cli\src\lib\markbind\src\parser.js:505:43)
    at element.children.element.children.map.e (C:\Users\damithch\AppData\Roaming\npm\node_modules\markbind-cli\src\lib\markbind\src\parser.js:505:57)
    at Array.map (<anonymous>)
    at Parser._preprocess (C:\Users\damithch\AppData\Roaming\npm\node_modules\markbind-cli\src\lib\markbind\src\parser.js:505:43)
    at element.children.element.children.map.e (C:\Users\damithch\AppData\Roaming\npm\node_modules\markbind-cli\src\lib\markbind\src\parser.js:488:57)
    at Array.map (<anonymous>)
    at Parser._preprocess (C:\Users\damithch\AppData\Roaming\npm\node_modules\markbind-cli\src\lib\markbind\src\parser.js:488:43)
    at element.children.element.children.map.e (C:\Users\damithch\AppData\Roaming\npm\node_modules\markbind-cli\src\lib\markbind\src\parser.js:505:57)
    at Array.map (<anonymous>)
    at Parser._preprocess (C:\Users\damithch\AppData\Roaming\npm\node_modules\markbind-cli\src\lib\markbind\src\parser.js:505:43)
    at element.children.element.children.map.e (C:\Users\damithch\AppData\Roaming\npm\node_modules\markbind-cli\src\lib\markbind\src\parser.js:505:57)
    at Array.map (<anonymous>)
    at Parser._preprocess (C:\Users\damithch\AppData\Roaming\npm\node_modules\markbind-cli\src\lib\markbind\src\parser.js:505:43)
2020-01-03T15:22:56.342Z - error:  Error: No such file: C:\repos\nus-cs2113-AY1920S2\admin\weeklySchedule.md
Missing reference in C:\repos\nus-cs2113-AY1920S2\cs2113-website\admin\admin-tasks.mbdf
    at Parser._preprocess (C:\Users\damithch\AppData\Roaming\npm\node_modules\markbind-cli\src\lib\markbind\src\parser.js:355:21)
    at element.children.element.children.map.e (C:\Users\damithch\AppData\Roaming\npm\node_modules\markbind-cli\src\lib\markbind\src\parser.js:505:57)
    at Array.map (<anonymous>)
    at Parser._preprocess (C:\Users\damithch\AppData\Roaming\npm\node_modules\markbind-cli\src\lib\markbind\src\parser.js:505:43)
    at element.children.element.children.map.e (C:\Users\damithch\AppData\Roaming\npm\node_modules\markbind-cli\src\lib\markbind\src\parser.js:505:57)
    at Array.map (<anonymous>)
    at Parser._preprocess (C:\Users\damithch\AppData\Roaming\npm\node_modules\markbind-cli\src\lib\markbind\src\parser.js:505:43)
    at element.children.element.children.map.e (C:\Users\damithch\AppData\Roaming\npm\node_modules\markbind-cli\src\lib\markbind\src\parser.js:488:57)
    at Array.map (<anonymous>)
    at Parser._preprocess (C:\Users\damithch\AppData\Roaming\npm\node_modules\markbind-cli\src\lib\markbind\src\parser.js:488:43)
    at element.children.element.children.map.e (C:\Users\damithch\AppData\Roaming\npm\node_modules\markbind-cli\src\lib\markbind\src\parser.js:505:57)
    at Array.map (<anonymous>)
    at Parser._preprocess (C:\Users\damithch\AppData\Roaming\npm\node_modules\markbind-cli\src\lib\markbind\src\parser.js:505:43)
    at element.children.element.children.map.e (C:\Users\damithch\AppData\Roaming\npm\node_modules\markbind-cli\src\lib\markbind\src\parser.js:505:57)
    at Array.map (<anonymous>)
    at Parser._preprocess (C:\Users\damithch\AppData\Roaming\npm\node_modules\markbind-cli\src\lib\markbind\src\parser.js:505:43)
2020-01-03T15:22:56.342Z - error:  Error: No such file: C:\repos\nus-cs2113-AY1920S2\admin\moduleOverview.md
Missing reference in C:\repos\nus-cs2113-AY1920S2\cs2113-website\admin\admin-tasks.mbdf
    at Parser._preprocess (C:\Users\damithch\AppData\Roaming\npm\node_modules\markbind-cli\src\lib\markbind\src\parser.js:355:21)
    at element.children.element.children.map.e (C:\Users\damithch\AppData\Roaming\npm\node_modules\markbind-cli\src\lib\markbind\src\parser.js:505:57)
    at Array.map (<anonymous>)
    at Parser._preprocess (C:\Users\damithch\AppData\Roaming\npm\node_modules\markbind-cli\src\lib\markbind\src\parser.js:505:43)
    at element.children.element.children.map.e (C:\Users\damithch\AppData\Roaming\npm\node_modules\markbind-cli\src\lib\markbind\src\parser.js:505:57)
    at Array.map (<anonymous>)
    at Parser._preprocess (C:\Users\damithch\AppData\Roaming\npm\node_modules\markbind-cli\src\lib\markbind\src\parser.js:505:43)
    at element.children.element.children.map.e (C:\Users\damithch\AppData\Roaming\npm\node_modules\markbind-cli\src\lib\markbind\src\parser.js:488:57)
    at Array.map (<anonymous>)
    at Parser._preprocess (C:\Users\damithch\AppData\Roaming\npm\node_modules\markbind-cli\src\lib\markbind\src\parser.js:488:43)
    at element.children.element.children.map.e (C:\Users\damithch\AppData\Roaming\npm\node_modules\markbind-cli\src\lib\markbind\src\parser.js:505:57)
    at Array.map (<anonymous>)
    at Parser._preprocess (C:\Users\damithch\AppData\Roaming\npm\node_modules\markbind-cli\src\lib\markbind\src\parser.js:505:43)
    at element.children.element.children.map.e (C:\Users\damithch\AppData\Roaming\npm\node_modules\markbind-cli\src\lib\markbind\src\parser.js:505:57)
    at Array.map (<anonymous>)
    at Parser._preprocess (C:\Users\damithch\AppData\Roaming\npm\node_modules\markbind-cli\src\lib\markbind\src\parser.js:505:43)
2020-01-03T15:22:57.462Z - info: Pages rebuilt
2020-01-03T15:22:57.470Z - info: Site data built
2020-01-03T15:24:39.960Z - info: [23:24:39] Reload for file change: C:\repos\nus-cs2113-AY1920S2\cs2113-website\admin\admin-tasks.mbdf
2020-01-03T15:24:40.970Z - info: Rebuilding affected source files
2020-01-03T15:24:40.970Z - info: Rebuilding 1 pages
2020-01-03T15:24:41.298Z - error:  Error: No such file: C:\repos\nus-cs2113-AY1920S2\cs2113-website\admin\null
Missing reference in C:\repos\nus-cs2113-AY1920S2\cs2113-website\admin\admin-tasks.mbdf
    at Parser._preprocess (C:\Users\damithch\AppData\Roaming\npm\node_modules\markbind-cli\src\lib\markbind\src\parser.js:355:21)
    at element.children.element.children.map.e (C:\Users\damithch\AppData\Roaming\npm\node_modules\markbind-cli\src\lib\markbind\src\parser.js:505:57)
    at Array.map (<anonymous>)
    at Parser._preprocess (C:\Users\damithch\AppData\Roaming\npm\node_modules\markbind-cli\src\lib\markbind\src\parser.js:505:43)
    at element.children.element.children.map.e (C:\Users\damithch\AppData\Roaming\npm\node_modules\markbind-cli\src\lib\markbind\src\parser.js:505:57)
    at Array.map (<anonymous>)
    at Parser._preprocess (C:\Users\damithch\AppData\Roaming\npm\node_modules\markbind-cli\src\lib\markbind\src\parser.js:505:43)
    at element.children.element.children.map.e (C:\Users\damithch\AppData\Roaming\npm\node_modules\markbind-cli\src\lib\markbind\src\parser.js:488:57)
    at Array.map (<anonymous>)
    at Parser._preprocess (C:\Users\damithch\AppData\Roaming\npm\node_modules\markbind-cli\src\lib\markbind\src\parser.js:488:43)
    at element.children.element.children.map.e (C:\Users\damithch\AppData\Roaming\npm\node_modules\markbind-cli\src\lib\markbind\src\parser.js:505:57)
    at Array.map (<anonymous>)
    at Parser._preprocess (C:\Users\damithch\AppData\Roaming\npm\node_modules\markbind-cli\src\lib\markbind\src\parser.js:505:43)
    at element.children.element.children.map.e (C:\Users\damithch\AppData\Roaming\npm\node_modules\markbind-cli\src\lib\markbind\src\parser.js:505:57)
    at Array.map (<anonymous>)
    at Parser._preprocess (C:\Users\damithch\AppData\Roaming\npm\node_modules\markbind-cli\src\lib\markbind\src\parser.js:505:43)
2020-01-03T15:24:42.772Z - info: Pages rebuilt
2020-01-03T15:24:42.788Z - info: Site data built
2020-01-03T15:25:29.941Z - info: [23:25:29] Reload for file change: C:\repos\nus-cs2113-AY1920S2\cs2113-website\admin\admin-tasks.mbdf
2020-01-03T15:25:30.944Z - info: Rebuilding affected source files
2020-01-03T15:25:30.945Z - info: Rebuilding 1 pages
2020-01-03T15:25:32.915Z - info: Pages rebuilt
2020-01-03T15:25:32.931Z - info: Site data built
2020-01-03T15:25:41.873Z - info: [23:25:41] Reload for file change: C:\repos\nus-cs2113-AY1920S2\cs2113-website\admin\admin-tasks.mbdf
2020-01-03T15:25:42.873Z - info: Rebuilding affected source files
2020-01-03T15:25:42.874Z - info: Rebuilding 1 pages
2020-01-03T15:25:44.470Z - info: Pages rebuilt
2020-01-03T15:25:44.539Z - info: Site data built
2020-01-03T15:30:07.820Z - info: [23:30:07] Reload for file change: C:\repos\nus-cs2113-AY1920S2\cs2113-website\admin\admin-tasks.mbdf
2020-01-03T15:30:08.831Z - info: Rebuilding affected source files
2020-01-03T15:30:08.833Z - info: Rebuilding 1 pages
2020-01-03T15:30:11.027Z - info: Pages rebuilt
2020-01-03T15:30:11.034Z - info: Site data built
2020-01-03T15:30:54.258Z - info: Website generation started at 23:30:51
2020-01-03T15:30:57.730Z - info: Building assets...
2020-01-03T15:31:00.618Z - info: Assets built
2020-01-03T15:31:00.618Z - info: Generating pages...
2020-01-03T15:31:03.387Z - info: Pages built
2020-01-03T15:31:03.626Z - info: Website generation complete! Total build time: 11.981s
2020-01-03T15:31:03.925Z - info: Serving "C:\repos\nus-cs2113-AY1920S2\cs2113-website\_site" at http://127.0.0.1:8080
2020-01-03T15:31:03.925Z - info: Press CTRL+C to stop ...
2020-01-03T15:31:04.011Z - info: Site data built
2020-01-03T15:31:35.378Z - info: [23:31:35] Reload for file change: C:\repos\nus-cs2113-AY1920S2\cs2113-website\common\admin.njk
2020-01-03T15:31:36.402Z - info: Assets built
2020-01-03T15:31:47.946Z - info: Website generation started at 23:31:45
2020-01-03T15:31:51.282Z - info: Building assets...
2020-01-03T15:31:54.246Z - info: Assets built
2020-01-03T15:31:54.247Z - info: Generating pages...
2020-01-03T15:31:56.790Z - debug:  
2020-01-03T15:31:57.484Z - info: Pages built
2020-01-03T15:31:57.936Z - info: Website generation complete! Total build time: 12.637s
2020-01-03T15:31:58.229Z - info: Serving "C:\repos\nus-cs2113-AY1920S2\cs2113-website\_site" at http://127.0.0.1:8080
2020-01-03T15:31:58.229Z - info: Press CTRL+C to stop ...
2020-01-03T15:31:58.276Z - info: Site data built
2020-01-03T15:35:02.330Z - info: [23:35:02] Reload for file change: C:\repos\nus-cs2113-AY1920S2\cs2113-website\common\macros.njk
2020-01-03T15:35:03.352Z - info: Assets built
2020-01-03T15:35:11.981Z - info: Website generation started at 23:35:09
2020-01-03T15:35:15.360Z - info: Building assets...
2020-01-03T15:35:18.265Z - info: Assets built
2020-01-03T15:35:18.265Z - info: Generating pages...
2020-01-03T15:35:20.837Z - debug:  
2020-01-03T15:35:21.521Z - info: Pages built
2020-01-03T15:35:21.972Z - info: Website generation complete! Total build time: 12.826s
2020-01-03T15:35:22.266Z - info: Serving "C:\repos\nus-cs2113-AY1920S2\cs2113-website\_site" at http://127.0.0.1:8080
2020-01-03T15:35:22.268Z - info: Press CTRL+C to stop ...
2020-01-03T15:35:22.324Z - info: Site data built
2020-01-03T15:38:19.933Z - info: [23:38:19] Reload for file change: C:\repos\nus-cs2113-AY1920S2\cs2113-website\common\macros.njk
2020-01-03T15:38:20.952Z - info: Assets built
2020-01-03T15:38:29.137Z - info: Website generation started at 23:38:26
2020-01-03T15:38:32.115Z - info: Building assets...
2020-01-03T15:38:35.093Z - info: Assets built
2020-01-03T15:38:35.094Z - info: Generating pages...
2020-01-03T15:38:37.717Z - debug:  
2020-01-03T15:38:38.436Z - info: Pages built
2020-01-03T15:38:38.897Z - info: Website generation complete! Total build time: 12.282s
2020-01-03T15:38:39.193Z - info: Serving "C:\repos\nus-cs2113-AY1920S2\cs2113-website\_site" at http://127.0.0.1:8080
2020-01-03T15:38:39.193Z - info: Press CTRL+C to stop ...
2020-01-03T15:38:39.244Z - info: Site data built
2020-01-03T15:40:58.419Z - info: [23:40:58] Reload for file change: C:\repos\nus-cs2113-AY1920S2\cs2113-website\common\admin.njk
2020-01-03T15:40:59.443Z - info: Assets built
2020-01-03T15:41:10.292Z - info: Website generation started at 23:41:07
2020-01-03T15:41:13.337Z - info: Building assets...
2020-01-03T15:41:16.273Z - info: Assets built
2020-01-03T15:41:16.273Z - info: Generating pages...
2020-01-03T15:41:18.912Z - debug:  
2020-01-03T15:41:19.507Z - info: Pages built
2020-01-03T15:41:19.959Z - info: Website generation complete! Total build time: 12.182s
2020-01-03T15:41:20.256Z - info: Serving "C:\repos\nus-cs2113-AY1920S2\cs2113-website\_site" at http://127.0.0.1:8080
2020-01-03T15:41:20.256Z - info: Press CTRL+C to stop ...
2020-01-03T15:41:20.318Z - info: Site data built
2020-01-03T15:41:43.371Z - info: [23:41:43] Reload for file change: C:\repos\nus-cs2113-AY1920S2\cs2113-website\common\admin.njk
2020-01-03T15:41:44.409Z - info: Assets built
2020-01-03T15:41:53.960Z - info: Website generation started at 23:41:51
2020-01-03T15:41:57.279Z - info: Building assets...
2020-01-03T15:42:00.250Z - info: Assets built
2020-01-03T15:42:00.251Z - info: Generating pages...
2020-01-03T15:42:02.794Z - debug:  
2020-01-03T15:42:03.534Z - info: Pages built
2020-01-03T15:42:03.994Z - info: Website generation complete! Total build time: 12.686s
2020-01-03T15:42:04.282Z - info: Serving "C:\repos\nus-cs2113-AY1920S2\cs2113-website\_site" at http://127.0.0.1:8080
2020-01-03T15:42:04.283Z - info: Press CTRL+C to stop ...
2020-01-03T15:42:04.379Z - info: Site data built
2020-01-03T15:46:21.371Z - info: [23:46:21] Reload for file change: C:\repos\nus-cs2113-AY1920S2\cs2113-website\schedule\week1\admin-cs2103.mbdf
2020-01-03T15:46:21.375Z - info: [23:46:21] Reload for file change: C:\repos\nus-cs2113-AY1920S2\cs2113-website\admin\admin-tasks.mbdf
2020-01-03T15:46:22.374Z - info: Rebuilding affected source files
2020-01-03T15:46:22.378Z - info: Rebuilding 1 pages
2020-01-03T15:46:25.110Z - debug:  
2020-01-03T15:46:26.139Z - info: Pages rebuilt
2020-01-03T15:46:26.143Z - info: Site data built
2020-01-03T15:46:44.755Z - info: Website generation started at 23:46:41
2020-01-03T15:46:48.330Z - info: Building assets...
2020-01-03T15:46:51.153Z - info: Assets built
2020-01-03T15:46:51.155Z - info: Generating pages...
2020-01-03T15:46:54.638Z - debug:  
2020-01-03T15:46:55.873Z - info: Pages built
2020-01-03T15:46:56.420Z - info: Website generation complete! Total build time: 14.59s
2020-01-03T15:46:56.729Z - info: Serving "C:\repos\nus-cs2113-AY1920S2\cs2113-website\_site" at http://127.0.0.1:8080
2020-01-03T15:46:56.729Z - info: Press CTRL+C to stop ...
2020-01-03T15:46:56.826Z - info: Site data built
2020-01-03T15:50:50.089Z - info: Website generation started at 23:50:47
2020-01-03T15:50:53.438Z - info: Building assets...
2020-01-03T15:50:56.345Z - info: Assets built
2020-01-03T15:50:56.345Z - info: Generating pages...
2020-01-03T15:52:44.317Z - debug: The process cannot access the file because it is being used by another process.

2020-01-03T15:52:44.318Z - debug: The process cannot access the file because it is being used by another process.

2020-01-03T15:52:44.370Z - debug: The process cannot access the file because it is being used by another process.

2020-01-03T15:52:44.371Z - debug: The process cannot access the file because it is being used by another process.

2020-01-03T15:52:44.371Z - debug: The process cannot access the file because it is being used by another process.

2020-01-03T15:52:44.371Z - debug: The process cannot access the file because it is being used by another process.

2020-01-03T15:52:44.371Z - debug: The process cannot access the file because it is being used by another process.

2020-01-03T15:52:44.371Z - debug: The process cannot access the file because it is being used by another process.

2020-01-03T15:52:44.372Z - debug: The process cannot access the file because it is being used by another process.

2020-01-03T15:52:44.372Z - debug: The process cannot access the file because it is being used by another process.

2020-01-03T15:52:44.372Z - debug: The process cannot access the file because it is being used by another process.

2020-01-03T15:52:44.372Z - debug: The process cannot access the file because it is being used by another process.

2020-01-03T15:52:44.373Z - debug: The process cannot access the file because it is being used by another process.

2020-01-03T15:52:44.374Z - debug: The process cannot access the file because it is being used by another process.

2020-01-03T15:52:44.374Z - debug: The process cannot access the file because it is being used by another process.

2020-01-03T15:52:44.374Z - debug: The process cannot access the file because it is being used by another process.

2020-01-03T15:52:44.382Z - debug: The process cannot access the file because it is being used by another process.

2020-01-03T15:53:00.674Z - debug:  
2020-01-03T15:53:00.675Z - debug:  
2020-01-03T15:53:00.675Z - debug:  
2020-01-03T15:53:00.675Z - debug:  
2020-01-03T15:54:16.566Z - info: Pages built
2020-01-03T15:54:48.550Z - info: Website generation complete! Total build time: 241.289s
2020-01-03T15:54:48.855Z - info: Serving "C:\repos\nus-cs2113-AY1920S2\cs2113-website\_site" at http://127.0.0.1:8080
2020-01-03T15:54:48.855Z - info: Press CTRL+C to stop ...
2020-01-03T15:54:48.930Z - info: Site data built
2020-01-03T15:57:46.238Z - info: [23:57:46] Reload for file change: C:\repos\nus-cs2113-AY1920S2\cs2113-website\admin\ip-tasks.mbdf
2020-01-03T15:57:58.326Z - info: Website generation started at 23:57:53
2020-01-03T15:58:01.243Z - info: Building assets...
2020-01-03T15:58:04.125Z - info: Assets built
2020-01-03T15:58:04.126Z - info: Generating pages...
2020-01-03T15:58:06.747Z - debug:  
2020-01-03T15:58:07.434Z - info: Pages built
2020-01-03T15:58:07.899Z - info: Website generation complete! Total build time: 14.349s
2020-01-03T15:58:08.193Z - info: Serving "C:\repos\nus-cs2113-AY1920S2\cs2113-website\_site" at http://127.0.0.1:8080
2020-01-03T15:58:08.193Z - info: Press CTRL+C to stop ...
2020-01-03T15:58:08.282Z - info: Site data built
