2020-02-02T15:49:38.439Z - info: Website generation started at 23:49:32
2020-02-02T15:49:42.332Z - info: Building assets...
2020-02-02T15:49:45.260Z - info: Assets built
2020-02-02T15:49:45.260Z - info: Generating pages...
2020-02-02T15:51:18.155Z - debug: The process cannot access the file because it is being used by another process.

2020-02-02T15:51:18.156Z - debug: The process cannot access the file because it is being used by another process.

2020-02-02T15:51:18.157Z - debug: The process cannot access the file because it is being used by another process.

2020-02-02T15:51:18.157Z - debug: The process cannot access the file because it is being used by another process.

2020-02-02T15:51:18.157Z - debug: The process cannot access the file because it is being used by another process.

2020-02-02T15:51:18.158Z - debug: The process cannot access the file because it is being used by another process.

2020-02-02T15:51:18.158Z - debug: The process cannot access the file because it is being used by another process.

2020-02-02T15:51:18.159Z - debug: The process cannot access the file because it is being used by another process.

2020-02-02T15:51:18.159Z - debug: The process cannot access the file because it is being used by another process.

2020-02-02T15:51:18.159Z - debug: The process cannot access the file because it is being used by another process.

2020-02-02T15:51:18.909Z - debug: The process cannot access the file because it is being used by another process.

2020-02-02T15:52:12.461Z - debug:  
2020-02-02T15:52:12.462Z - debug:  
2020-02-02T15:52:12.462Z - debug:  
2020-02-02T15:52:12.462Z - debug:  
2020-02-02T15:52:40.461Z - info: Pages built
2020-02-02T15:53:04.918Z - info: Website generation complete! Total build time: 212.114s
2020-02-02T15:53:05.217Z - info: Serving "C:\repos\nus-cs2113-AY1920S2\cs2113-website\_site" at http://127.0.0.1:8080
2020-02-02T15:53:05.218Z - info: Press CTRL+C to stop ...
2020-02-02T15:53:05.276Z - info: Site data built
2020-02-02T15:56:35.692Z - info: [23:56:35] Reload for file change: C:\repos\nus-cs2113-AY1920S2\cs2113-website\schedule\index.md
2020-02-02T15:56:36.698Z - info: Rebuilding affected source files
2020-02-02T15:56:36.705Z - info: Rebuilding 2 pages
2020-02-02T15:56:39.185Z - info: Pages rebuilt
2020-02-02T15:56:39.191Z - info: Site data built
2020-02-02T15:57:46.697Z - info: Website generation started at 23:57:40
2020-02-02T15:57:49.873Z - info: Building assets...
2020-02-02T15:57:52.888Z - info: Assets built
2020-02-02T15:57:52.889Z - info: Generating pages...
2020-02-02T15:59:33.248Z - debug: The process cannot access the file because it is being used by another process.

2020-02-02T15:59:33.249Z - debug: The process cannot access the file because it is being used by another process.

2020-02-02T15:59:33.250Z - debug: The process cannot access the file because it is being used by another process.

2020-02-02T15:59:33.251Z - debug: The process cannot access the file because it is being used by another process.

2020-02-02T15:59:33.251Z - debug: The process cannot access the file because it is being used by another process.

2020-02-02T15:59:33.251Z - debug: The process cannot access the file because it is being used by another process.

2020-02-02T15:59:34.965Z - debug: The process cannot access the file because it is being used by another process.

2020-02-02T15:59:34.965Z - debug: The process cannot access the file because it is being used by another process.

2020-02-02T15:59:34.967Z - debug: The process cannot access the file because it is being used by another process.

2020-02-02T15:59:34.967Z - debug: The process cannot access the file because it is being used by another process.

2020-02-02T15:59:35.097Z - debug: The process cannot access the file because it is being used by another process.

2020-02-02T15:59:48.232Z - debug:  
2020-02-02T15:59:48.232Z - debug:  
2020-02-02T15:59:48.232Z - debug:  
