2020-04-26T12:06:38.382Z - info: Website generation started at 8:06:30 PM
2020-04-26T12:06:45.135Z - info: Building assets...
2020-04-26T12:06:49.986Z - info: Assets built
2020-04-26T12:06:49.988Z - info: Generating pages...
2020-04-26T12:10:08.203Z - debug:  
2020-04-26T12:10:08.207Z - debug:  
2020-04-26T12:10:08.207Z - debug:  
2020-04-26T12:10:08.207Z - debug:  
2020-04-26T12:10:08.207Z - debug:  
2020-04-26T12:10:08.208Z - debug:  
2020-04-26T12:10:08.208Z - debug:  
2020-04-26T12:10:08.221Z - debug:  
2020-04-26T12:10:08.221Z - debug:  
2020-04-26T12:10:08.221Z - debug:  
2020-04-26T12:10:08.221Z - debug:  
2020-04-26T12:10:08.222Z - debug:  
2020-04-26T12:10:08.449Z - debug:  
2020-04-26T12:10:08.449Z - debug:  
2020-04-26T12:10:08.449Z - debug:  
2020-04-26T12:10:08.687Z - debug:  
2020-04-26T12:10:08.688Z - debug:  
2020-04-26T12:10:08.688Z - debug:  
2020-04-26T12:10:08.688Z - debug:  
2020-04-26T12:10:08.950Z - debug:  
2020-04-26T12:10:18.266Z - debug:  
2020-04-26T12:10:18.266Z - debug:  
2020-04-26T12:10:18.266Z - debug:  
2020-04-26T12:10:18.267Z - debug:  
2020-04-26T12:10:18.267Z - debug:  
2020-04-26T12:10:18.270Z - debug:  
2020-04-26T12:10:18.272Z - debug:  
2020-04-26T12:10:18.272Z - debug:  
2020-04-26T12:10:18.274Z - debug:  
2020-04-26T12:10:19.073Z - debug:  
2020-04-26T12:10:19.076Z - debug:  
2020-04-26T12:10:19.306Z - info: Pages built
2020-04-26T12:11:07.535Z - info: Website generation complete! Total build time: 277.534s
2020-04-26T12:11:07.536Z - info: Build success!
2020-04-26T12:11:07.541Z - info: Site data built
2020-04-26T12:12:07.919Z - info: Deployed!
