2020-04-03T04:44:55.293Z - info: Website generation (lazy) started at 12:44:54 PM
2020-04-03T04:44:57.854Z - info: Building assets...
2020-04-03T04:44:59.920Z - info: Assets built
2020-04-03T04:44:59.921Z - info: Generating landing page...
2020-04-03T04:45:00.755Z - info: Landing page built, other pages will be built as you navigate to them!
2020-04-03T04:45:00.912Z - info: Website generation (lazy) complete! Total build time: 6.897s
2020-04-03T04:45:01.209Z - info: Serving "C:\repos\nus-cs2113-AY1920S2\cs2113-website\_site" at http://127.0.0.1:8080
2020-04-03T04:45:01.209Z - info: Press CTRL+C to stop ...
2020-04-03T04:45:01.302Z - info: Site data built
2020-04-03T04:45:07.020Z - info: Building C:\repos\nus-cs2113-AY1920S2\cs2113-website\schedule\week12\tutorial as some of its dependencies were changed since the last visit
2020-04-03T04:45:07.244Z - info: Site data built
2020-04-03T04:45:07.245Z - info: Lazy website regeneration complete! Total build time: 0.225s
2020-04-03T04:45:20.816Z - info: [12:45:20 PM] Reload for file change: C:\repos\nus-cs2113-AY1920S2\cs2113-website\schedule\week11\tutorial-cs2103.mbdf
2020-04-03T04:45:21.826Z - info: Rebuilding affected source files
2020-04-03T04:45:21.828Z - info: Rebuilding 0 pages
2020-04-03T04:45:21.829Z - info: Pages rebuilt
2020-04-03T04:45:21.829Z - info: Website regeneration complete! Total build time: 0.003s
2020-04-03T04:45:21.834Z - info: Site data built
2020-04-03T04:45:36.146Z - info: [12:45:36 PM] Reload for file change: C:\repos\nus-cs2113-AY1920S2\cs2113-website\schedule\week12\tutorial-cs2113.mbdf
2020-04-03T04:45:37.151Z - info: Rebuilding affected source files
2020-04-03T04:45:37.152Z - info: Rebuilding 1 pages
2020-04-03T04:45:37.424Z - info: Pages rebuilt
2020-04-03T04:45:37.424Z - info: Website regeneration complete! Total build time: 0.273s
2020-04-03T04:45:37.431Z - info: Site data built
2020-04-03T04:47:07.084Z - info: Building C:\repos\nus-cs2113-AY1920S2\cs2113-website\schedule\week12\admin as some of its dependencies were changed since the last visit
2020-04-03T04:47:07.313Z - info: Site data built
2020-04-03T04:47:07.314Z - info: Lazy website regeneration complete! Total build time: 0.23s
2020-04-03T07:50:48.960Z - info: Building C:\repos\nus-cs2113-AY1920S2\cs2113-website\schedule\week12\topics as some of its dependencies were changed since the last visit
2020-04-03T07:50:50.332Z - info: Site data built
2020-04-03T07:50:50.332Z - info: Lazy website regeneration complete! Total build time: 1.378s
2020-04-03T13:04:09.349Z - info: [9:04:09 PM] Reload for file change: C:\repos\nus-cs2113-AY1920S2\cs2113-website\schedule\week12\commentary.mbdf
2020-04-03T13:04:10.352Z - info: Rebuilding affected source files
2020-04-03T13:04:10.361Z - info: Rebuilding 1 pages
2020-04-03T13:04:11.647Z - info: Pages rebuilt
2020-04-03T13:04:11.647Z - info: Website regeneration complete! Total build time: 1.294s
2020-04-03T13:04:11.664Z - info: Site data built
2020-04-03T13:04:18.437Z - info: [9:04:18 PM] Reload for file change: C:\repos\nus-cs2113-AY1920S2\cs2113-website\schedule\week12\commentary.mbdf
2020-04-03T13:04:19.439Z - info: Rebuilding affected source files
2020-04-03T13:04:19.440Z - info: Rebuilding 1 pages
2020-04-03T13:04:20.313Z - info: Pages rebuilt
2020-04-03T13:04:20.313Z - info: Website regeneration complete! Total build time: 0.874s
2020-04-03T13:04:20.319Z - info: Site data built
2020-04-03T13:04:39.609Z - info: [9:04:39 PM] Reload for file change: C:\repos\nus-cs2113-AY1920S2\cs2113-website\schedule\week12\commentary.mbdf
2020-04-03T13:04:40.611Z - info: Rebuilding affected source files
2020-04-03T13:04:40.612Z - info: Rebuilding 1 pages
2020-04-03T13:04:41.714Z - info: Pages rebuilt
2020-04-03T13:04:41.714Z - info: Website regeneration complete! Total build time: 1.103s
2020-04-03T13:04:41.717Z - info: Site data built
2020-04-03T13:04:53.103Z - info: [9:04:53 PM] Reload for file change: C:\repos\nus-cs2113-AY1920S2\cs2113-website\schedule\week12\commentary.mbdf
2020-04-03T13:04:54.104Z - info: Rebuilding affected source files
2020-04-03T13:04:54.106Z - info: Rebuilding 1 pages
2020-04-03T13:04:55.093Z - info: Pages rebuilt
2020-04-03T13:04:55.094Z - info: Website regeneration complete! Total build time: 0.989s
2020-04-03T13:04:55.097Z - info: Site data built
2020-04-03T13:05:20.084Z - info: [9:05:20 PM] Reload for file change: C:\repos\nus-cs2113-AY1920S2\cs2113-website\schedule\week12\commentary.mbdf
2020-04-03T13:05:21.085Z - info: Rebuilding affected source files
2020-04-03T13:05:21.086Z - info: Rebuilding 1 pages
2020-04-03T13:05:22.198Z - info: Pages rebuilt
2020-04-03T13:05:22.198Z - info: Website regeneration complete! Total build time: 1.113s
2020-04-03T13:05:22.202Z - info: Site data built
2020-04-03T13:05:52.034Z - info: [9:05:52 PM] Reload for file change: C:\repos\nus-cs2113-AY1920S2\cs2113-website\schedule\week12\commentary.mbdf
2020-04-03T13:05:53.037Z - info: Rebuilding affected source files
2020-04-03T13:05:53.039Z - info: Rebuilding 1 pages
2020-04-03T13:05:54.320Z - info: Pages rebuilt
2020-04-03T13:05:54.321Z - info: Website regeneration complete! Total build time: 1.284s
2020-04-03T13:05:54.326Z - info: Site data built
2020-04-03T13:06:25.090Z - info: [9:06:25 PM] Reload for file change: C:\repos\nus-cs2113-AY1920S2\cs2113-website\schedule\week12\commentary.mbdf
2020-04-03T13:06:26.091Z - info: Rebuilding affected source files
2020-04-03T13:06:26.093Z - info: Rebuilding 1 pages
2020-04-03T13:06:27.247Z - info: Pages rebuilt
2020-04-03T13:06:27.247Z - info: Website regeneration complete! Total build time: 1.156s
2020-04-03T13:06:27.250Z - info: Site data built
2020-04-03T13:06:56.824Z - info: [9:06:56 PM] Reload for file change: C:\repos\nus-cs2113-AY1920S2\cs2113-website\schedule\week12\commentary.mbdf
2020-04-03T13:06:57.824Z - info: Rebuilding affected source files
2020-04-03T13:06:57.826Z - info: Rebuilding 1 pages
2020-04-03T13:06:58.986Z - info: Pages rebuilt
2020-04-03T13:06:58.986Z - info: Website regeneration complete! Total build time: 1.162s
2020-04-03T13:06:58.990Z - info: Site data built
2020-04-03T13:08:05.855Z - info: [9:08:05 PM] Reload for file change: C:\repos\nus-cs2113-AY1920S2\cs2113-website\schedule\week12\commentary.mbdf
2020-04-03T13:08:06.856Z - info: Rebuilding affected source files
2020-04-03T13:08:06.858Z - info: Rebuilding 1 pages
2020-04-03T13:08:07.997Z - info: Pages rebuilt
2020-04-03T13:08:07.997Z - info: Website regeneration complete! Total build time: 1.141s
2020-04-03T13:08:08.001Z - info: Site data built
2020-04-03T13:19:04.234Z - info: Website generation started at 9:19:03 PM
2020-04-03T13:19:07.337Z - info: Building assets...
2020-04-03T13:19:09.778Z - info: Assets built
2020-04-03T13:19:09.778Z - info: Generating pages...
2020-04-03T13:21:07.944Z - debug: The process cannot access the file because it is being used by another process.

2020-04-03T13:21:07.945Z - debug: The process cannot access the file because it is being used by another process.

2020-04-03T13:21:07.945Z - debug: The process cannot access the file because it is being used by another process.

2020-04-03T13:21:07.945Z - debug: The process cannot access the file because it is being used by another process.

2020-04-03T13:21:07.946Z - debug: The process cannot access the file because it is being used by another process.

2020-04-03T13:21:07.946Z - debug: The process cannot access the file because it is being used by another process.

2020-04-03T13:21:07.946Z - debug: The process cannot access the file because it is being used by another process.

2020-04-03T13:21:07.946Z - debug: The process cannot access the file because it is being used by another process.

2020-04-03T13:21:07.946Z - debug: The process cannot access the file because it is being used by another process.

2020-04-03T13:21:07.947Z - debug: The process cannot access the file because it is being used by another process.

2020-04-03T13:21:07.947Z - debug: The process cannot access the file because it is being used by another process.

2020-04-03T13:21:07.947Z - debug: The process cannot access the file because it is being used by another process.

2020-04-03T13:21:07.947Z - debug: The process cannot access the file because it is being used by another process.

2020-04-03T13:21:07.947Z - debug: The process cannot access the file because it is being used by another process.

2020-04-03T13:21:07.948Z - debug: The process cannot access the file because it is being used by another process.

2020-04-03T13:21:07.948Z - debug: The process cannot access the file because it is being used by another process.

2020-04-03T13:21:07.948Z - debug: The process cannot access the file because it is being used by another process.

2020-04-03T13:21:07.948Z - debug: The process cannot access the file because it is being used by another process.

2020-04-03T13:21:07.948Z - debug: The process cannot access the file because it is being used by another process.

2020-04-03T13:21:07.948Z - debug: The process cannot access the file because it is being used by another process.

2020-04-03T13:21:09.127Z - debug: The process cannot access the file because it is being used by another process.

2020-04-03T13:21:09.127Z - debug: The process cannot access the file because it is being used by another process.

2020-04-03T13:21:09.128Z - debug: The process cannot access the file because it is being used by another process.

2020-04-03T13:21:09.128Z - debug: The process cannot access the file because it is being used by another process.

2020-04-03T13:21:09.128Z - debug: The process cannot access the file because it is being used by another process.

2020-04-03T13:21:12.206Z - debug:  
2020-04-03T13:21:12.206Z - debug:  
2020-04-03T13:21:12.207Z - debug:  
2020-04-03T13:21:12.207Z - debug:  
2020-04-03T13:21:14.844Z - debug:  
2020-04-03T13:21:14.844Z - debug:  
2020-04-03T13:21:14.866Z - info: Pages built
2020-04-03T13:21:32.630Z - info: Website generation complete! Total build time: 149.39s
2020-04-03T13:21:32.630Z - info: Build success!
2020-04-03T13:21:32.636Z - info: Site data built
2020-04-03T13:22:11.514Z - info: Deployed!
