2020-02-21T05:36:19.456Z - info: Website generation started at 1:36:17 PM
2020-02-21T05:36:22.866Z - info: Building assets...
2020-02-21T05:36:25.840Z - info: Assets built
2020-02-21T05:36:25.840Z - info: Generating pages...
2020-02-21T05:37:25.599Z - debug: The process cannot access the file because it is being used by another process.

2020-02-21T05:37:25.622Z - debug: The process cannot access the file because it is being used by another process.

2020-02-21T05:37:25.622Z - debug: The process cannot access the file because it is being used by another process.

2020-02-21T05:37:25.623Z - debug: The process cannot access the file because it is being used by another process.

2020-02-21T05:37:25.623Z - debug: The process cannot access the file because it is being used by another process.

2020-02-21T05:37:25.624Z - debug: The process cannot access the file because it is being used by another process.

2020-02-21T05:37:25.624Z - debug: The process cannot access the file because it is being used by another process.

2020-02-21T05:37:25.624Z - debug: The process cannot access the file because it is being used by another process.

2020-02-21T05:37:25.624Z - debug: The process cannot access the file because it is being used by another process.

2020-02-21T05:37:25.625Z - debug: The process cannot access the file because it is being used by another process.

2020-02-21T05:37:25.625Z - debug: The process cannot access the file because it is being used by another process.

2020-02-21T05:37:25.625Z - debug: The process cannot access the file because it is being used by another process.

2020-02-21T05:37:25.625Z - debug: The process cannot access the file because it is being used by another process.

2020-02-21T05:37:25.625Z - debug: The process cannot access the file because it is being used by another process.

2020-02-21T05:37:26.054Z - debug: The process cannot access the file because it is being used by another process.

2020-02-21T05:37:26.054Z - debug: The process cannot access the file because it is being used by another process.

2020-02-21T05:37:26.064Z - debug: The process cannot access the file because it is being used by another process.

2020-02-21T05:37:28.388Z - debug:  
2020-02-21T05:37:28.388Z - debug:  
2020-02-21T05:37:28.734Z - debug:  
2020-02-21T05:37:28.734Z - debug:  
2020-02-21T05:38:28.249Z - info: Pages built
2020-02-21T05:38:46.735Z - info: Website generation complete! Total build time: 149.101s
2020-02-21T05:38:47.095Z - info: Serving "C:\repos\nus-cs2113-AY1920S2\cs2113-website\_site" at http://127.0.0.1:8080
2020-02-21T05:38:47.095Z - info: Press CTRL+C to stop ...
2020-02-21T05:38:47.213Z - info: Site data built
2020-02-21T06:04:58.815Z - info: [2:04:58 PM] Reload for file change: C:\repos\nus-cs2113-AY1920S2\cs2113-website\book\modeling\modelingBehaviors\sequenceDiagramsIntermediate\text.md
2020-02-21T06:04:59.819Z - info: Rebuilding affected source files
2020-02-21T06:04:59.824Z - info: Rebuilding 12 pages
2020-02-21T06:05:11.281Z - debug:  
2020-02-21T06:05:11.914Z - debug:  
2020-02-21T06:05:11.916Z - debug:  
2020-02-21T06:05:19.362Z - info: Pages rebuilt
2020-02-21T06:05:19.373Z - info: Site data built
2020-02-21T06:06:25.010Z - info: [2:06:25 PM] Reload for file change: C:\repos\nus-cs2113-AY1920S2\cs2113-website\book\modeling\modelingBehaviors\sequenceDiagramsIntermediate\text.md
2020-02-21T06:06:26.011Z - info: Rebuilding affected source files
2020-02-21T06:06:26.014Z - info: Rebuilding 12 pages
2020-02-21T06:06:37.136Z - debug:  
2020-02-21T06:06:37.572Z - debug:  
2020-02-21T06:06:37.573Z - debug:  
2020-02-21T06:06:45.422Z - info: Pages rebuilt
2020-02-21T06:06:45.437Z - info: Site data built
2020-02-21T06:07:00.858Z - info: [2:07:00 PM] Reload for file change: C:\repos\nus-cs2113-AY1920S2\cs2113-website\book\modeling\modelingBehaviors\sequenceDiagramsIntermediate\text.md
2020-02-21T06:07:01.859Z - info: Rebuilding affected source files
2020-02-21T06:07:01.861Z - info: Rebuilding 12 pages
2020-02-21T06:07:06.581Z - error:  Error: No such file: C:\repos\nus-cs2113-AY1920S2\cs2113-website\book\uml\sequenceDiagrams\staticMethods\unit-inElsewhere-asFlat.md
Missing reference in C:\repos\nus-cs2113-AY1920S2\cs2113-website\book\modeling\modelingBehaviors\sequenceDiagramsIntermediate\text.md
    at Parser._preprocess (C:\Users\dcsdcr\AppData\Roaming\npm\node_modules\markbind-cli\src\lib\markbind\src\parser.js:252:11)
    at element.children.element.children.map.e (C:\Users\dcsdcr\AppData\Roaming\npm\node_modules\markbind-cli\src\lib\markbind\src\parser.js:383:59)
    at Array.map (<anonymous>)
    at Parser._preprocess (C:\Users\dcsdcr\AppData\Roaming\npm\node_modules\markbind-cli\src\lib\markbind\src\parser.js:383:45)
    at element.children.element.children.map.e (C:\Users\dcsdcr\AppData\Roaming\npm\node_modules\markbind-cli\src\lib\markbind\src\parser.js:383:59)
    at Array.map (<anonymous>)
    at Parser._preprocess (C:\Users\dcsdcr\AppData\Roaming\npm\node_modules\markbind-cli\src\lib\markbind\src\parser.js:383:45)
    at element.children.element.children.map.e (C:\Users\dcsdcr\AppData\Roaming\npm\node_modules\markbind-cli\src\lib\markbind\src\parser.js:366:59)
    at Array.map (<anonymous>)
    at Parser._preprocess (C:\Users\dcsdcr\AppData\Roaming\npm\node_modules\markbind-cli\src\lib\markbind\src\parser.js:366:45)
    at element.children.element.children.map.e (C:\Users\dcsdcr\AppData\Roaming\npm\node_modules\markbind-cli\src\lib\markbind\src\parser.js:383:59)
    at Array.map (<anonymous>)
    at Parser._preprocess (C:\Users\dcsdcr\AppData\Roaming\npm\node_modules\markbind-cli\src\lib\markbind\src\parser.js:383:45)
    at element.children.element.children.map.e (C:\Users\dcsdcr\AppData\Roaming\npm\node_modules\markbind-cli\src\lib\markbind\src\parser.js:383:59)
    at Array.map (<anonymous>)
    at Parser._preprocess (C:\Users\dcsdcr\AppData\Roaming\npm\node_modules\markbind-cli\src\lib\markbind\src\parser.js:383:45)
2020-02-21T06:07:07.161Z - error:  Error: No such file: C:\repos\nus-cs2113-AY1920S2\cs2113-website\book\uml\sequenceDiagrams\staticMethods\unit-inElsewhere-asFlat.md
Missing reference in C:\repos\nus-cs2113-AY1920S2\cs2113-website\book\modeling\modelingBehaviors\sequenceDiagramsIntermediate\text.md
    at Parser._preprocess (C:\Users\dcsdcr\AppData\Roaming\npm\node_modules\markbind-cli\src\lib\markbind\src\parser.js:252:11)
    at element.children.element.children.map.e (C:\Users\dcsdcr\AppData\Roaming\npm\node_modules\markbind-cli\src\lib\markbind\src\parser.js:383:59)
    at Array.map (<anonymous>)
    at Parser._preprocess (C:\Users\dcsdcr\AppData\Roaming\npm\node_modules\markbind-cli\src\lib\markbind\src\parser.js:383:45)
    at element.children.element.children.map.e (C:\Users\dcsdcr\AppData\Roaming\npm\node_modules\markbind-cli\src\lib\markbind\src\parser.js:383:59)
    at Array.map (<anonymous>)
    at Parser._preprocess (C:\Users\dcsdcr\AppData\Roaming\npm\node_modules\markbind-cli\src\lib\markbind\src\parser.js:383:45)
    at element.children.element.children.map.e (C:\Users\dcsdcr\AppData\Roaming\npm\node_modules\markbind-cli\src\lib\markbind\src\parser.js:366:59)
    at Array.map (<anonymous>)
    at Parser._preprocess (C:\Users\dcsdcr\AppData\Roaming\npm\node_modules\markbind-cli\src\lib\markbind\src\parser.js:366:45)
    at element.children.element.children.map.e (C:\Users\dcsdcr\AppData\Roaming\npm\node_modules\markbind-cli\src\lib\markbind\src\parser.js:383:59)
    at Array.map (<anonymous>)
    at Parser._preprocess (C:\Users\dcsdcr\AppData\Roaming\npm\node_modules\markbind-cli\src\lib\markbind\src\parser.js:383:45)
    at element.children.element.children.map.e (C:\Users\dcsdcr\AppData\Roaming\npm\node_modules\markbind-cli\src\lib\markbind\src\parser.js:383:59)
    at Array.map (<anonymous>)
    at Parser._preprocess (C:\Users\dcsdcr\AppData\Roaming\npm\node_modules\markbind-cli\src\lib\markbind\src\parser.js:383:45)
2020-02-21T06:07:07.506Z - error:  Error: No such file: C:\repos\nus-cs2113-AY1920S2\cs2113-website\book\uml\sequenceDiagrams\staticMethods\unit-inElsewhere-asFlat.md
Missing reference in C:\repos\nus-cs2113-AY1920S2\cs2113-website\book\modeling\modelingBehaviors\sequenceDiagramsIntermediate\text.md
    at Parser._preprocess (C:\Users\dcsdcr\AppData\Roaming\npm\node_modules\markbind-cli\src\lib\markbind\src\parser.js:252:11)
    at element.children.element.children.map.e (C:\Users\dcsdcr\AppData\Roaming\npm\node_modules\markbind-cli\src\lib\markbind\src\parser.js:383:59)
    at Array.map (<anonymous>)
    at Parser._preprocess (C:\Users\dcsdcr\AppData\Roaming\npm\node_modules\markbind-cli\src\lib\markbind\src\parser.js:383:45)
    at element.children.element.children.map.e (C:\Users\dcsdcr\AppData\Roaming\npm\node_modules\markbind-cli\src\lib\markbind\src\parser.js:383:59)
    at Array.map (<anonymous>)
    at Parser._preprocess (C:\Users\dcsdcr\AppData\Roaming\npm\node_modules\markbind-cli\src\lib\markbind\src\parser.js:383:45)
    at element.children.element.children.map.e (C:\Users\dcsdcr\AppData\Roaming\npm\node_modules\markbind-cli\src\lib\markbind\src\parser.js:366:59)
    at Array.map (<anonymous>)
    at Parser._preprocess (C:\Users\dcsdcr\AppData\Roaming\npm\node_modules\markbind-cli\src\lib\markbind\src\parser.js:366:45)
    at element.children.element.children.map.e (C:\Users\dcsdcr\AppData\Roaming\npm\node_modules\markbind-cli\src\lib\markbind\src\parser.js:383:59)
    at Array.map (<anonymous>)
    at Parser._preprocess (C:\Users\dcsdcr\AppData\Roaming\npm\node_modules\markbind-cli\src\lib\markbind\src\parser.js:383:45)
    at element.children.element.children.map.e (C:\Users\dcsdcr\AppData\Roaming\npm\node_modules\markbind-cli\src\lib\markbind\src\parser.js:383:59)
    at Array.map (<anonymous>)
    at Parser._preprocess (C:\Users\dcsdcr\AppData\Roaming\npm\node_modules\markbind-cli\src\lib\markbind\src\parser.js:383:45)
2020-02-21T06:07:07.698Z - error:  Error: No such file: C:\repos\nus-cs2113-AY1920S2\cs2113-website\book\uml\sequenceDiagrams\staticMethods\unit-inElsewhere-asFlat.md
Missing reference in C:\repos\nus-cs2113-AY1920S2\cs2113-website\book\modeling\modelingBehaviors\sequenceDiagramsIntermediate\text.md
    at Parser._preprocess (C:\Users\dcsdcr\AppData\Roaming\npm\node_modules\markbind-cli\src\lib\markbind\src\parser.js:252:11)
    at element.children.element.children.map.e (C:\Users\dcsdcr\AppData\Roaming\npm\node_modules\markbind-cli\src\lib\markbind\src\parser.js:383:59)
    at Array.map (<anonymous>)
    at Parser._preprocess (C:\Users\dcsdcr\AppData\Roaming\npm\node_modules\markbind-cli\src\lib\markbind\src\parser.js:383:45)
    at element.children.element.children.map.e (C:\Users\dcsdcr\AppData\Roaming\npm\node_modules\markbind-cli\src\lib\markbind\src\parser.js:383:59)
    at Array.map (<anonymous>)
    at Parser._preprocess (C:\Users\dcsdcr\AppData\Roaming\npm\node_modules\markbind-cli\src\lib\markbind\src\parser.js:383:45)
    at element.children.element.children.map.e (C:\Users\dcsdcr\AppData\Roaming\npm\node_modules\markbind-cli\src\lib\markbind\src\parser.js:366:59)
    at Array.map (<anonymous>)
    at Parser._preprocess (C:\Users\dcsdcr\AppData\Roaming\npm\node_modules\markbind-cli\src\lib\markbind\src\parser.js:366:45)
    at element.children.element.children.map.e (C:\Users\dcsdcr\AppData\Roaming\npm\node_modules\markbind-cli\src\lib\markbind\src\parser.js:383:59)
    at Array.map (<anonymous>)
    at Parser._preprocess (C:\Users\dcsdcr\AppData\Roaming\npm\node_modules\markbind-cli\src\lib\markbind\src\parser.js:383:45)
    at element.children.element.children.map.e (C:\Users\dcsdcr\AppData\Roaming\npm\node_modules\markbind-cli\src\lib\markbind\src\parser.js:383:59)
    at Array.map (<anonymous>)
    at Parser._preprocess (C:\Users\dcsdcr\AppData\Roaming\npm\node_modules\markbind-cli\src\lib\markbind\src\parser.js:383:45)
2020-02-21T06:07:07.891Z - error:  Error: No such file: C:\repos\nus-cs2113-AY1920S2\cs2113-website\book\uml\sequenceDiagrams\staticMethods\unit-inElsewhere-asFlat.md
Missing reference in C:\repos\nus-cs2113-AY1920S2\cs2113-website\book\modeling\modelingBehaviors\sequenceDiagramsIntermediate\text.md
    at Parser._preprocess (C:\Users\dcsdcr\AppData\Roaming\npm\node_modules\markbind-cli\src\lib\markbind\src\parser.js:252:11)
    at element.children.element.children.map.e (C:\Users\dcsdcr\AppData\Roaming\npm\node_modules\markbind-cli\src\lib\markbind\src\parser.js:383:59)
    at Array.map (<anonymous>)
    at Parser._preprocess (C:\Users\dcsdcr\AppData\Roaming\npm\node_modules\markbind-cli\src\lib\markbind\src\parser.js:383:45)
    at element.children.element.children.map.e (C:\Users\dcsdcr\AppData\Roaming\npm\node_modules\markbind-cli\src\lib\markbind\src\parser.js:383:59)
    at Array.map (<anonymous>)
    at Parser._preprocess (C:\Users\dcsdcr\AppData\Roaming\npm\node_modules\markbind-cli\src\lib\markbind\src\parser.js:383:45)
    at element.children.element.children.map.e (C:\Users\dcsdcr\AppData\Roaming\npm\node_modules\markbind-cli\src\lib\markbind\src\parser.js:366:59)
    at Array.map (<anonymous>)
    at Parser._preprocess (C:\Users\dcsdcr\AppData\Roaming\npm\node_modules\markbind-cli\src\lib\markbind\src\parser.js:366:45)
    at element.children.element.children.map.e (C:\Users\dcsdcr\AppData\Roaming\npm\node_modules\markbind-cli\src\lib\markbind\src\parser.js:383:59)
    at Array.map (<anonymous>)
    at Parser._preprocess (C:\Users\dcsdcr\AppData\Roaming\npm\node_modules\markbind-cli\src\lib\markbind\src\parser.js:383:45)
    at element.children.element.children.map.e (C:\Users\dcsdcr\AppData\Roaming\npm\node_modules\markbind-cli\src\lib\markbind\src\parser.js:383:59)
    at Array.map (<anonymous>)
    at Parser._preprocess (C:\Users\dcsdcr\AppData\Roaming\npm\node_modules\markbind-cli\src\lib\markbind\src\parser.js:383:45)
2020-02-21T06:07:08.667Z - error:  Error: No such file: C:\repos\nus-cs2113-AY1920S2\cs2113-website\book\uml\sequenceDiagrams\staticMethods\unit-inElsewhere-asFlat.md
Missing reference in C:\repos\nus-cs2113-AY1920S2\cs2113-website\book\modeling\modelingBehaviors\sequenceDiagramsIntermediate\text.md
    at Parser._preprocess (C:\Users\dcsdcr\AppData\Roaming\npm\node_modules\markbind-cli\src\lib\markbind\src\parser.js:252:11)
    at element.children.element.children.map.e (C:\Users\dcsdcr\AppData\Roaming\npm\node_modules\markbind-cli\src\lib\markbind\src\parser.js:383:59)
    at Array.map (<anonymous>)
    at Parser._preprocess (C:\Users\dcsdcr\AppData\Roaming\npm\node_modules\markbind-cli\src\lib\markbind\src\parser.js:383:45)
    at element.children.element.children.map.e (C:\Users\dcsdcr\AppData\Roaming\npm\node_modules\markbind-cli\src\lib\markbind\src\parser.js:383:59)
    at Array.map (<anonymous>)
    at Parser._preprocess (C:\Users\dcsdcr\AppData\Roaming\npm\node_modules\markbind-cli\src\lib\markbind\src\parser.js:383:45)
    at element.children.element.children.map.e (C:\Users\dcsdcr\AppData\Roaming\npm\node_modules\markbind-cli\src\lib\markbind\src\parser.js:366:59)
    at Array.map (<anonymous>)
    at Parser._preprocess (C:\Users\dcsdcr\AppData\Roaming\npm\node_modules\markbind-cli\src\lib\markbind\src\parser.js:366:45)
    at element.children.element.children.map.e (C:\Users\dcsdcr\AppData\Roaming\npm\node_modules\markbind-cli\src\lib\markbind\src\parser.js:383:59)
    at Array.map (<anonymous>)
    at Parser._preprocess (C:\Users\dcsdcr\AppData\Roaming\npm\node_modules\markbind-cli\src\lib\markbind\src\parser.js:383:45)
    at element.children.element.children.map.e (C:\Users\dcsdcr\AppData\Roaming\npm\node_modules\markbind-cli\src\lib\markbind\src\parser.js:383:59)
    at Array.map (<anonymous>)
    at Parser._preprocess (C:\Users\dcsdcr\AppData\Roaming\npm\node_modules\markbind-cli\src\lib\markbind\src\parser.js:383:45)
2020-02-21T06:07:08.735Z - error:  Error: No such file: C:\repos\nus-cs2113-AY1920S2\cs2113-website\book\uml\sequenceDiagrams\staticMethods\unit-inElsewhere-asFlat.md
Missing reference in C:\repos\nus-cs2113-AY1920S2\cs2113-website\book\modeling\modelingBehaviors\sequenceDiagramsIntermediate\text.md
    at Parser._preprocess (C:\Users\dcsdcr\AppData\Roaming\npm\node_modules\markbind-cli\src\lib\markbind\src\parser.js:252:11)
    at element.children.element.children.map.e (C:\Users\dcsdcr\AppData\Roaming\npm\node_modules\markbind-cli\src\lib\markbind\src\parser.js:383:59)
    at Array.map (<anonymous>)
    at Parser._preprocess (C:\Users\dcsdcr\AppData\Roaming\npm\node_modules\markbind-cli\src\lib\markbind\src\parser.js:383:45)
    at element.children.element.children.map.e (C:\Users\dcsdcr\AppData\Roaming\npm\node_modules\markbind-cli\src\lib\markbind\src\parser.js:383:59)
    at Array.map (<anonymous>)
    at Parser._preprocess (C:\Users\dcsdcr\AppData\Roaming\npm\node_modules\markbind-cli\src\lib\markbind\src\parser.js:383:45)
    at element.children.element.children.map.e (C:\Users\dcsdcr\AppData\Roaming\npm\node_modules\markbind-cli\src\lib\markbind\src\parser.js:366:59)
    at Array.map (<anonymous>)
    at Parser._preprocess (C:\Users\dcsdcr\AppData\Roaming\npm\node_modules\markbind-cli\src\lib\markbind\src\parser.js:366:45)
    at element.children.element.children.map.e (C:\Users\dcsdcr\AppData\Roaming\npm\node_modules\markbind-cli\src\lib\markbind\src\parser.js:383:59)
    at Array.map (<anonymous>)
    at Parser._preprocess (C:\Users\dcsdcr\AppData\Roaming\npm\node_modules\markbind-cli\src\lib\markbind\src\parser.js:383:45)
    at element.children.element.children.map.e (C:\Users\dcsdcr\AppData\Roaming\npm\node_modules\markbind-cli\src\lib\markbind\src\parser.js:383:59)
    at Array.map (<anonymous>)
    at Parser._preprocess (C:\Users\dcsdcr\AppData\Roaming\npm\node_modules\markbind-cli\src\lib\markbind\src\parser.js:383:45)
2020-02-21T06:07:09.134Z - error:  Error: No such file: C:\repos\nus-cs2113-AY1920S2\cs2113-website\book\uml\sequenceDiagrams\staticMethods\unit-inElsewhere-asFlat.md
Missing reference in C:\repos\nus-cs2113-AY1920S2\cs2113-website\book\modeling\modelingBehaviors\sequenceDiagramsIntermediate\text.md
    at Parser._preprocess (C:\Users\dcsdcr\AppData\Roaming\npm\node_modules\markbind-cli\src\lib\markbind\src\parser.js:252:11)
    at element.children.element.children.map.e (C:\Users\dcsdcr\AppData\Roaming\npm\node_modules\markbind-cli\src\lib\markbind\src\parser.js:383:59)
    at Array.map (<anonymous>)
    at Parser._preprocess (C:\Users\dcsdcr\AppData\Roaming\npm\node_modules\markbind-cli\src\lib\markbind\src\parser.js:383:45)
    at element.children.element.children.map.e (C:\Users\dcsdcr\AppData\Roaming\npm\node_modules\markbind-cli\src\lib\markbind\src\parser.js:383:59)
    at Array.map (<anonymous>)
    at Parser._preprocess (C:\Users\dcsdcr\AppData\Roaming\npm\node_modules\markbind-cli\src\lib\markbind\src\parser.js:383:45)
    at element.children.element.children.map.e (C:\Users\dcsdcr\AppData\Roaming\npm\node_modules\markbind-cli\src\lib\markbind\src\parser.js:366:59)
    at Array.map (<anonymous>)
    at Parser._preprocess (C:\Users\dcsdcr\AppData\Roaming\npm\node_modules\markbind-cli\src\lib\markbind\src\parser.js:366:45)
    at element.children.element.children.map.e (C:\Users\dcsdcr\AppData\Roaming\npm\node_modules\markbind-cli\src\lib\markbind\src\parser.js:383:59)
    at Array.map (<anonymous>)
    at Parser._preprocess (C:\Users\dcsdcr\AppData\Roaming\npm\node_modules\markbind-cli\src\lib\markbind\src\parser.js:383:45)
    at element.children.element.children.map.e (C:\Users\dcsdcr\AppData\Roaming\npm\node_modules\markbind-cli\src\lib\markbind\src\parser.js:383:59)
    at Array.map (<anonymous>)
    at Parser._preprocess (C:\Users\dcsdcr\AppData\Roaming\npm\node_modules\markbind-cli\src\lib\markbind\src\parser.js:383:45)
2020-02-21T06:07:12.995Z - debug:  
2020-02-21T06:07:13.244Z - debug:  
2020-02-21T06:07:13.244Z - debug:  
2020-02-21T06:07:13.252Z - error:  Error: No such file: C:\repos\nus-cs2113-AY1920S2\cs2113-website\book\uml\sequenceDiagrams\staticMethods\unit-inElsewhere-asFlat.md
Missing reference in C:\repos\nus-cs2113-AY1920S2\cs2113-website\book\modeling\modelingBehaviors\sequenceDiagramsIntermediate\text.md
    at Parser._preprocess (C:\Users\dcsdcr\AppData\Roaming\npm\node_modules\markbind-cli\src\lib\markbind\src\parser.js:252:11)
    at element.children.element.children.map.e (C:\Users\dcsdcr\AppData\Roaming\npm\node_modules\markbind-cli\src\lib\markbind\src\parser.js:383:59)
    at Array.map (<anonymous>)
    at Parser._preprocess (C:\Users\dcsdcr\AppData\Roaming\npm\node_modules\markbind-cli\src\lib\markbind\src\parser.js:383:45)
    at element.children.element.children.map.e (C:\Users\dcsdcr\AppData\Roaming\npm\node_modules\markbind-cli\src\lib\markbind\src\parser.js:383:59)
    at Array.map (<anonymous>)
    at Parser._preprocess (C:\Users\dcsdcr\AppData\Roaming\npm\node_modules\markbind-cli\src\lib\markbind\src\parser.js:383:45)
    at element.children.element.children.map.e (C:\Users\dcsdcr\AppData\Roaming\npm\node_modules\markbind-cli\src\lib\markbind\src\parser.js:366:59)
    at Array.map (<anonymous>)
    at Parser._preprocess (C:\Users\dcsdcr\AppData\Roaming\npm\node_modules\markbind-cli\src\lib\markbind\src\parser.js:366:45)
    at element.children.element.children.map.e (C:\Users\dcsdcr\AppData\Roaming\npm\node_modules\markbind-cli\src\lib\markbind\src\parser.js:383:59)
    at Array.map (<anonymous>)
    at Parser._preprocess (C:\Users\dcsdcr\AppData\Roaming\npm\node_modules\markbind-cli\src\lib\markbind\src\parser.js:383:45)
    at element.children.element.children.map.e (C:\Users\dcsdcr\AppData\Roaming\npm\node_modules\markbind-cli\src\lib\markbind\src\parser.js:383:59)
    at Array.map (<anonymous>)
    at Parser._preprocess (C:\Users\dcsdcr\AppData\Roaming\npm\node_modules\markbind-cli\src\lib\markbind\src\parser.js:383:45)
2020-02-21T06:07:21.037Z - info: Pages rebuilt
2020-02-21T06:07:21.053Z - info: Site data built
2020-02-21T06:08:15.786Z - info: [2:08:15 PM] Reload for file change: C:\repos\nus-cs2113-AY1920S2\cs2113-website\book\modeling\modelingBehaviors\sequenceDiagramsIntermediate\text.md
2020-02-21T06:08:16.787Z - info: Rebuilding affected source files
2020-02-21T06:08:16.790Z - info: Rebuilding 12 pages
2020-02-21T06:08:25.587Z - debug: The process cannot access the file because it is being used by another process.

2020-02-21T06:08:25.588Z - debug: The process cannot access the file because it is being used by another process.

2020-02-21T06:08:25.588Z - debug: The process cannot access the file because it is being used by another process.

2020-02-21T06:08:25.588Z - debug: The process cannot access the file because it is being used by another process.

2020-02-21T06:08:25.588Z - debug: The process cannot access the file because it is being used by another process.

2020-02-21T06:08:25.589Z - debug: The process cannot access the file because it is being used by another process.

2020-02-21T06:08:25.589Z - debug: The process cannot access the file because it is being used by another process.

2020-02-21T06:08:25.682Z - debug: The process cannot access the file because it is being used by another process.

2020-02-21T06:08:25.682Z - debug: The process cannot access the file because it is being used by another process.

2020-02-21T06:08:25.682Z - debug: The process cannot access the file because it is being used by another process.

2020-02-21T06:08:25.686Z - debug: The process cannot access the file because it is being used by another process.

2020-02-21T06:08:25.686Z - debug: The process cannot access the file because it is being used by another process.

2020-02-21T06:08:25.687Z - debug: The process cannot access the file because it is being used by another process.

2020-02-21T06:08:25.692Z - debug: The process cannot access the file because it is being used by another process.

2020-02-21T06:08:26.628Z - debug:  
2020-02-21T06:08:28.342Z - debug:  
2020-02-21T06:08:28.344Z - debug:  
2020-02-21T06:08:35.297Z - info: Pages rebuilt
2020-02-21T06:08:35.311Z - info: Site data built
2020-02-21T06:11:06.482Z - info: [2:11:06 PM] Reload for file change: C:\repos\nus-cs2113-AY1920S2\cs2113-website\book\modeling\modelingBehaviors\sequenceDiagramsIntermediate\text.md
2020-02-21T06:11:07.484Z - info: Rebuilding affected source files
2020-02-21T06:11:07.487Z - info: Rebuilding 12 pages
2020-02-21T06:13:22.492Z - info: Website generation started at 2:13:20 PM
2020-02-21T06:13:25.653Z - info: Building assets...
2020-02-21T06:13:28.482Z - info: Assets built
2020-02-21T06:13:28.483Z - info: Generating pages...
2020-02-21T06:13:31.289Z - info: Pages built
2020-02-21T06:13:31.810Z - info: Website generation complete! Total build time: 10.952s
2020-02-21T06:13:32.161Z - info: Serving "C:\repos\nus-cs2113-AY1920S2\cs2113-website\_site" at http://127.0.0.1:8080
2020-02-21T06:13:32.162Z - info: Press CTRL+C to stop ...
2020-02-21T06:13:32.272Z - info: Site data built
2020-02-21T06:14:44.275Z - info: Website generation started at 2:14:43 PM
2020-02-21T06:14:47.631Z - info: Building assets...
2020-02-21T06:14:50.499Z - info: Assets built
2020-02-21T06:14:50.499Z - info: Generating pages...
2020-02-21T06:14:52.610Z - info: Pages built
2020-02-21T06:14:52.981Z - info: Website generation complete! Total build time: 9.384s
2020-02-21T06:14:53.365Z - info: Serving "C:\repos\nus-cs2113-AY1920S2\cs2113-website\_site" at http://127.0.0.1:8080
2020-02-21T06:14:53.365Z - info: Press CTRL+C to stop ...
2020-02-21T06:14:53.405Z - debug:  
2020-02-21T06:14:53.405Z - debug:  
2020-02-21T06:14:53.411Z - info: Site data built
2020-02-21T06:15:28.740Z - info: [2:15:28 PM] Reload for file change: C:\repos\nus-cs2113-AY1920S2\cs2113-website\book\uml\sequenceDiagrams\staticMethods\text.md
2020-02-21T06:15:29.743Z - info: Rebuilding affected source files
2020-02-21T06:15:29.745Z - info: Rebuilding 1 pages
2020-02-21T06:15:31.489Z - info: Pages rebuilt
2020-02-21T06:15:31.496Z - info: Site data built
2020-02-21T06:15:32.124Z - debug:  
2020-02-21T06:15:32.288Z - debug:  
2020-02-21T06:16:29.796Z - info: Website generation started at 2:16:29 PM
2020-02-21T06:16:32.845Z - info: Building assets...
2020-02-21T06:16:35.438Z - info: Assets built
2020-02-21T06:16:35.439Z - info: Generating pages...
2020-02-21T06:17:34.829Z - debug: The process cannot access the file because it is being used by another process.

2020-02-21T06:17:34.830Z - debug: The process cannot access the file because it is being used by another process.

2020-02-21T06:17:34.830Z - debug: The process cannot access the file because it is being used by another process.

2020-02-21T06:17:35.161Z - debug: The process cannot access the file because it is being used by another process.

2020-02-21T06:17:35.161Z - debug: The process cannot access the file because it is being used by another process.

2020-02-21T06:17:35.162Z - debug: The process cannot access the file because it is being used by another process.

2020-02-21T06:17:35.162Z - debug: The process cannot access the file because it is being used by another process.

2020-02-21T06:17:35.162Z - debug: The process cannot access the file because it is being used by another process.

2020-02-21T06:17:35.162Z - debug: The process cannot access the file because it is being used by another process.

2020-02-21T06:17:35.162Z - debug: The process cannot access the file because it is being used by another process.

2020-02-21T06:17:35.163Z - debug: The process cannot access the file because it is being used by another process.

2020-02-21T06:17:35.163Z - debug: The process cannot access the file because it is being used by another process.

2020-02-21T06:17:35.164Z - debug: The process cannot access the file because it is being used by another process.

2020-02-21T06:17:35.164Z - debug: The process cannot access the file because it is being used by another process.

2020-02-21T06:17:35.164Z - debug: The process cannot access the file because it is being used by another process.

2020-02-21T06:17:35.165Z - debug: The process cannot access the file because it is being used by another process.

2020-02-21T06:17:35.165Z - debug: The process cannot access the file because it is being used by another process.

2020-02-21T06:17:35.167Z - debug: The process cannot access the file because it is being used by another process.

2020-02-21T06:17:35.167Z - debug: The process cannot access the file because it is being used by another process.

2020-02-21T06:17:35.167Z - debug: The process cannot access the file because it is being used by another process.

2020-02-21T06:17:35.168Z - debug: The process cannot access the file because it is being used by another process.

2020-02-21T06:17:35.168Z - debug: The process cannot access the file because it is being used by another process.

2020-02-21T06:17:35.168Z - debug: The process cannot access the file because it is being used by another process.

2020-02-21T06:17:35.168Z - debug: The process cannot access the file because it is being used by another process.

2020-02-21T06:17:35.168Z - debug: The process cannot access the file because it is being used by another process.

2020-02-21T06:17:35.169Z - debug: The process cannot access the file because it is being used by another process.

2020-02-21T06:17:35.170Z - debug: The process cannot access the file because it is being used by another process.

2020-02-21T06:17:35.221Z - debug: The process cannot access the file because it is being used by another process.

2020-02-21T06:17:35.507Z - debug: The process cannot access the file because it is being used by another process.

2020-02-21T06:17:35.508Z - debug: The process cannot access the file because it is being used by another process.

2020-02-21T06:17:35.541Z - debug: The process cannot access the file because it is being used by another process.

2020-02-21T06:17:38.137Z - debug:  
2020-02-21T06:17:38.390Z - debug:  
2020-02-21T06:17:38.392Z - debug:  
2020-02-21T06:17:38.392Z - debug:  
2020-02-21T06:18:29.902Z - info: Pages built
2020-02-21T06:18:46.972Z - info: Website generation complete! Total build time: 137.877s
2020-02-21T06:18:47.310Z - info: Serving "C:\repos\nus-cs2113-AY1920S2\cs2113-website\_site" at http://127.0.0.1:8080
2020-02-21T06:18:47.310Z - info: Press CTRL+C to stop ...
2020-02-21T06:18:47.417Z - info: Site data built
2020-02-21T06:20:18.825Z - info: [2:20:18 PM] Reload for file change: C:\repos\nus-cs2113-AY1920S2\cs2113-website\book\modeling\modelingBehaviors\sequenceDiagramsIntermediate\text.md
2020-02-21T06:20:19.827Z - info: Rebuilding affected source files
2020-02-21T06:20:19.831Z - info: Rebuilding 12 pages
2020-02-21T06:20:30.656Z - debug:  
2020-02-21T06:20:31.323Z - debug:  
2020-02-21T06:20:31.324Z - debug:  
2020-02-21T06:20:39.111Z - info: Pages rebuilt
2020-02-21T06:20:39.128Z - info: Site data built
2020-02-21T06:21:15.057Z - info: [2:21:15 PM] Reload for file change: C:\repos\nus-cs2113-AY1920S2\cs2113-website\book\modeling\modelingBehaviors\sequenceDiagramsIntermediate\text.md
2020-02-21T06:21:16.060Z - info: Rebuilding affected source files
2020-02-21T06:21:16.063Z - info: Rebuilding 12 pages
2020-02-21T06:21:26.949Z - debug:  
2020-02-21T06:21:27.271Z - debug:  
2020-02-21T06:21:27.271Z - debug:  
2020-02-21T06:21:34.911Z - info: Pages rebuilt
2020-02-21T06:21:34.925Z - info: Site data built
2020-02-21T06:21:51.599Z - info: [2:21:51 PM] Reload for file change: C:\repos\nus-cs2113-AY1920S2\cs2113-website\book\modeling\modelingBehaviors\sequenceDiagramsIntermediate\text.md
2020-02-21T06:21:52.600Z - info: Rebuilding affected source files
2020-02-21T06:21:52.603Z - info: Rebuilding 12 pages
2020-02-21T06:22:01.532Z - debug: The process cannot access the file because it is being used by another process.

2020-02-21T06:22:01.533Z - debug: The process cannot access the file because it is being used by another process.

2020-02-21T06:22:01.533Z - debug: The process cannot access the file because it is being used by another process.

2020-02-21T06:22:01.533Z - debug: The process cannot access the file because it is being used by another process.

2020-02-21T06:22:01.533Z - debug: The process cannot access the file because it is being used by another process.

2020-02-21T06:22:01.533Z - debug: The process cannot access the file because it is being used by another process.

2020-02-21T06:22:01.533Z - debug: The process cannot access the file because it is being used by another process.

2020-02-21T06:22:01.534Z - debug: The process cannot access the file because it is being used by another process.

2020-02-21T06:22:01.553Z - debug: The process cannot access the file because it is being used by another process.

2020-02-21T06:22:01.554Z - debug: The process cannot access the file because it is being used by another process.

2020-02-21T06:22:01.554Z - debug: The process cannot access the file because it is being used by another process.

2020-02-21T06:22:01.554Z - debug: The process cannot access the file because it is being used by another process.

2020-02-21T06:22:01.555Z - debug: The process cannot access the file because it is being used by another process.

2020-02-21T06:22:01.561Z - debug: The process cannot access the file because it is being used by another process.

2020-02-21T06:22:03.492Z - debug:  
2020-02-21T06:22:03.996Z - debug:  
2020-02-21T06:22:03.999Z - debug:  
2020-02-21T06:22:12.115Z - info: Pages rebuilt
2020-02-21T06:22:12.126Z - info: Site data built
