2020-01-16T10:20:51.985Z - info: Website generation started at 6:20:47 PM
2020-01-16T10:20:55.731Z - info: Building assets...
2020-01-16T10:20:58.621Z - info: Assets built
2020-01-16T10:20:58.622Z - info: Generating pages...
2020-01-16T10:21:53.802Z - debug: The process cannot access the file because it is being used by another process.

2020-01-16T10:21:53.802Z - debug: The process cannot access the file because it is being used by another process.

2020-01-16T10:21:53.802Z - debug: The process cannot access the file because it is being used by another process.

2020-01-16T10:21:53.803Z - debug: The process cannot access the file because it is being used by another process.

2020-01-16T10:21:53.803Z - debug: The process cannot access the file because it is being used by another process.

2020-01-16T10:21:53.803Z - debug: The process cannot access the file because it is being used by another process.

2020-01-16T10:21:53.803Z - debug: The process cannot access the file because it is being used by another process.

2020-01-16T10:21:53.803Z - debug: The process cannot access the file because it is being used by another process.

2020-01-16T10:21:53.804Z - debug: The process cannot access the file because it is being used by another process.

2020-01-16T10:21:53.804Z - debug: The process cannot access the file because it is being used by another process.

2020-01-16T10:21:54.201Z - debug: The process cannot access the file because it is being used by another process.

2020-01-16T10:21:58.746Z - debug:  
2020-01-16T10:21:58.747Z - debug:  
2020-01-16T10:21:59.161Z - debug:  
2020-01-16T10:21:59.162Z - debug:  
2020-01-16T10:22:45.853Z - info: Pages built
2020-01-16T10:23:01.484Z - info: Website generation complete! Total build time: 133.912s
2020-01-16T10:23:01.484Z - info: Build success!
2020-01-16T10:23:01.490Z - info: Site data built
2020-01-16T10:24:00.428Z - info: Deployed!
