2020-02-29T03:17:48.243Z - info: Website generation started at 11:17:41
2020-02-29T03:17:52.408Z - info: Building assets...
2020-02-29T03:17:55.516Z - info: Assets built
2020-02-29T03:17:55.517Z - info: Generating pages...
2020-02-29T03:19:49.635Z - debug: The process cannot access the file because it is being used by another process.

2020-02-29T03:19:49.791Z - debug: The process cannot access the file because it is being used by another process.

2020-02-29T03:19:49.791Z - debug: The process cannot access the file because it is being used by another process.

2020-02-29T03:19:49.791Z - debug: The process cannot access the file because it is being used by another process.

2020-02-29T03:19:49.791Z - debug: The process cannot access the file because it is being used by another process.

2020-02-29T03:19:49.791Z - debug: The process cannot access the file because it is being used by another process.

2020-02-29T03:19:49.791Z - debug: The process cannot access the file because it is being used by another process.

2020-02-29T03:19:49.791Z - debug: The process cannot access the file because it is being used by another process.

2020-02-29T03:19:49.791Z - debug: The process cannot access the file because it is being used by another process.

2020-02-29T03:19:49.791Z - debug: The process cannot access the file because it is being used by another process.

2020-02-29T03:19:49.791Z - debug: The process cannot access the file because it is being used by another process.

2020-02-29T03:19:49.807Z - debug: The process cannot access the file because it is being used by another process.

2020-02-29T03:19:49.807Z - debug: The process cannot access the file because it is being used by another process.

2020-02-29T03:19:49.807Z - debug: The process cannot access the file because it is being used by another process.

2020-02-29T03:19:49.807Z - debug: The process cannot access the file because it is being used by another process.

2020-02-29T03:19:49.807Z - debug: The process cannot access the file because it is being used by another process.

2020-02-29T03:19:49.807Z - debug: The process cannot access the file because it is being used by another process.

2020-02-29T03:19:49.807Z - debug: The process cannot access the file because it is being used by another process.

2020-02-29T03:19:49.807Z - debug: The process cannot access the file because it is being used by another process.

2020-02-29T03:19:49.807Z - debug: The process cannot access the file because it is being used by another process.

2020-02-29T03:19:49.807Z - debug: The process cannot access the file because it is being used by another process.

2020-02-29T03:19:49.807Z - debug: The process cannot access the file because it is being used by another process.

2020-02-29T03:19:49.807Z - debug: The process cannot access the file because it is being used by another process.

2020-02-29T03:19:49.807Z - debug: The process cannot access the file because it is being used by another process.

2020-02-29T03:19:49.854Z - debug: The process cannot access the file because it is being used by another process.

2020-02-29T03:19:58.237Z - debug:  
2020-02-29T03:19:58.237Z - debug:  
2020-02-29T03:19:58.237Z - debug:  
2020-02-29T03:19:58.237Z - debug:  
2020-02-29T03:21:22.592Z - info: Pages built
2020-02-29T03:21:53.323Z - info: Website generation complete! Total build time: 251.713s
2020-02-29T03:21:53.613Z - info: Serving "C:\repos\nus-cs2113-AY1920S2\cs2113-website\_site" at http://127.0.0.1:8080
2020-02-29T03:21:53.613Z - info: Press CTRL+C to stop ...
2020-02-29T03:21:53.665Z - info: Site data built
2020-02-29T03:22:28.019Z - info: [11:22:28] Reload for file change: C:\repos\nus-cs2113-AY1920S2\cs2113-website\admin\ip-progress-dashboard-table.mbdf
2020-02-29T03:22:29.034Z - info: Rebuilding affected source files
2020-02-29T03:22:29.037Z - info: Rebuilding 1 pages
2020-02-29T03:22:33.074Z - info: Pages rebuilt
2020-02-29T03:22:33.074Z - info: Site data built
2020-02-29T03:23:00.524Z - info: [11:23:00] Reload for file change: C:\repos\nus-cs2113-AY1920S2\cs2113-website\admin\ip-progress-dashboard-table.mbdf
2020-02-29T03:23:01.554Z - info: Rebuilding affected source files
2020-02-29T03:23:01.561Z - info: Rebuilding 1 pages
2020-02-29T03:23:05.385Z - info: Pages rebuilt
2020-02-29T03:23:05.412Z - info: Site data built
2020-02-29T03:32:28.292Z - info: [11:32:28] Reload for file change: C:\repos\nus-cs2113-AY1920S2\cs2113-website\admin\ip-progress-dashboard-table.mbdf
2020-02-29T03:32:29.310Z - info: Rebuilding affected source files
2020-02-29T03:32:29.371Z - info: Rebuilding 1 pages
2020-02-29T03:32:34.229Z - info: Pages rebuilt
2020-02-29T03:32:34.244Z - info: Site data built
2020-02-29T03:34:20.237Z - info: [11:34:20] Reload for file change: C:\repos\nus-cs2113-AY1920S2\cs2113-website\admin\ip-progress-dashboard-table.mbdf
2020-02-29T03:34:21.252Z - info: Rebuilding affected source files
2020-02-29T03:34:21.253Z - info: Rebuilding 1 pages
2020-02-29T03:34:25.627Z - info: Pages rebuilt
2020-02-29T03:34:25.635Z - info: Site data built
2020-02-29T03:38:23.164Z - info: [11:38:23] Reload for file change: C:\repos\nus-cs2113-AY1920S2\cs2113-website\admin\ip-progress-dashboard-table.mbdf
2020-02-29T03:38:24.180Z - info: Rebuilding affected source files
2020-02-29T03:38:24.180Z - info: Rebuilding 1 pages
2020-02-29T03:38:28.619Z - info: Pages rebuilt
2020-02-29T03:38:28.634Z - info: Site data built
2020-02-29T04:19:27.102Z - info: [12:19:27] Reload for file change: C:\repos\nus-cs2113-AY1920S2\cs2113-website\admin\ip-progress-dashboard-table.mbdf
2020-02-29T04:19:28.123Z - info: Rebuilding affected source files
2020-02-29T04:19:28.159Z - info: Rebuilding 1 pages
2020-02-29T04:19:34.487Z - info: Pages rebuilt
2020-02-29T04:19:34.495Z - info: Site data built
2020-02-29T04:20:21.532Z - info: [12:20:21] Reload for file change: C:\repos\nus-cs2113-AY1920S2\cs2113-website\admin\ip-progress-dashboard-table.mbdf
2020-02-29T04:20:22.539Z - info: Rebuilding affected source files
2020-02-29T04:20:22.539Z - info: Rebuilding 1 pages
2020-02-29T04:20:28.106Z - info: Pages rebuilt
2020-02-29T04:20:28.106Z - info: Site data built
2020-02-29T04:20:46.228Z - info: [12:20:46] Reload for file change: C:\repos\nus-cs2113-AY1920S2\cs2113-website\admin\ip-progress-dashboard-table.mbdf
2020-02-29T04:20:47.248Z - info: Rebuilding affected source files
2020-02-29T04:20:47.252Z - info: Rebuilding 1 pages
2020-02-29T04:20:52.308Z - info: Pages rebuilt
2020-02-29T04:20:52.308Z - info: Site data built
2020-02-29T04:22:13.961Z - info: [12:22:13] Reload for file change: C:\repos\nus-cs2113-AY1920S2\cs2113-website\admin\ip-progress-dashboard-table.mbdf
2020-02-29T04:22:14.970Z - info: Rebuilding affected source files
2020-02-29T04:22:14.970Z - info: Rebuilding 1 pages
2020-02-29T04:22:20.924Z - info: Pages rebuilt
2020-02-29T04:22:20.924Z - info: Site data built
2020-02-29T04:22:29.400Z - info: [12:22:29] Reload for file change: C:\repos\nus-cs2113-AY1920S2\cs2113-website\admin\ip-progress-dashboard-table.mbdf
2020-02-29T04:22:30.419Z - info: Rebuilding affected source files
2020-02-29T04:22:30.423Z - info: Rebuilding 1 pages
2020-02-29T04:22:35.605Z - info: Pages rebuilt
2020-02-29T04:22:35.621Z - info: Site data built
2020-02-29T04:23:24.195Z - info: [12:23:24] Reload for file change: C:\repos\nus-cs2113-AY1920S2\cs2113-website\admin\ip-progress-dashboard-table.mbdf
2020-02-29T04:23:25.201Z - info: Rebuilding affected source files
2020-02-29T04:23:25.205Z - info: Rebuilding 1 pages
2020-02-29T04:23:30.765Z - info: Pages rebuilt
2020-02-29T04:23:30.765Z - info: Site data built
2020-02-29T04:28:53.023Z - info: [12:28:53] Reload for file change: C:\repos\nus-cs2113-AY1920S2\cs2113-website\admin\ip-progress-dashboard.md
2020-02-29T04:28:54.051Z - info: Rebuilding affected source files
2020-02-29T04:28:54.054Z - info: Rebuilding 1 pages
2020-02-29T04:29:01.680Z - info: Pages rebuilt
2020-02-29T04:29:01.684Z - info: Site data built
2020-02-29T04:34:38.805Z - info: Website generation started at 12:34:32
2020-02-29T04:34:45.197Z - info: Building assets...
2020-02-29T04:34:49.073Z - info: Assets built
2020-02-29T04:34:49.073Z - info: Generating pages...
2020-02-29T04:37:23.174Z - debug: The process cannot access the file because it is being used by another process.

2020-02-29T04:37:23.177Z - debug: The process cannot access the file because it is being used by another process.

2020-02-29T04:37:23.178Z - debug: The process cannot access the file because it is being used by another process.

2020-02-29T04:37:23.178Z - debug: The process cannot access the file because it is being used by another process.

2020-02-29T04:37:23.178Z - debug: The process cannot access the file because it is being used by another process.

2020-02-29T04:37:23.182Z - debug: The process cannot access the file because it is being used by another process.

2020-02-29T04:37:23.183Z - debug: The process cannot access the file because it is being used by another process.

2020-02-29T04:37:23.184Z - debug: The process cannot access the file because it is being used by another process.

2020-02-29T04:37:23.185Z - debug: The process cannot access the file because it is being used by another process.

2020-02-29T04:37:23.185Z - debug: The process cannot access the file because it is being used by another process.

2020-02-29T04:37:23.186Z - debug: The process cannot access the file because it is being used by another process.

2020-02-29T04:37:23.186Z - debug: The process cannot access the file because it is being used by another process.

2020-02-29T04:37:23.186Z - debug: The process cannot access the file because it is being used by another process.

2020-02-29T04:37:23.187Z - debug: The process cannot access the file because it is being used by another process.

2020-02-29T04:37:23.187Z - debug: The process cannot access the file because it is being used by another process.

2020-02-29T04:37:23.188Z - debug: The process cannot access the file because it is being used by another process.

2020-02-29T04:37:23.189Z - debug: The process cannot access the file because it is being used by another process.

2020-02-29T04:37:23.190Z - debug: The process cannot access the file because it is being used by another process.

2020-02-29T04:37:23.191Z - debug: The process cannot access the file because it is being used by another process.

2020-02-29T04:37:23.191Z - debug: The process cannot access the file because it is being used by another process.

2020-02-29T04:37:23.191Z - debug: The process cannot access the file because it is being used by another process.

2020-02-29T04:37:23.192Z - debug: The process cannot access the file because it is being used by another process.

2020-02-29T04:37:23.192Z - debug: The process cannot access the file because it is being used by another process.

2020-02-29T04:37:23.192Z - debug: The process cannot access the file because it is being used by another process.

2020-02-29T04:37:23.198Z - debug: The process cannot access the file because it is being used by another process.

2020-02-29T04:37:49.477Z - debug:  
2020-02-29T04:37:49.481Z - debug:  
2020-02-29T04:37:49.481Z - debug:  
2020-02-29T04:37:49.481Z - debug:  
2020-02-29T04:39:08.950Z - info: Pages built
2020-02-29T04:39:43.230Z - info: Website generation complete! Total build time: 310.621s
2020-02-29T04:39:43.230Z - info: Build success!
2020-02-29T04:39:43.234Z - info: Site data built
2020-02-29T04:40:27.316Z - info: Deployed!
2020-02-29T05:09:20.509Z - info: Website generation started at 13:09:14
2020-02-29T05:09:24.489Z - info: Building assets...
2020-02-29T05:09:27.970Z - info: Assets built
2020-02-29T05:09:27.970Z - info: Generating pages...
2020-02-29T05:09:29.607Z - info: Pages built
2020-02-29T05:09:30.280Z - info: Website generation complete! Total build time: 15.795s
2020-02-29T05:09:30.797Z - info: Serving "C:\repos\nus-cs2113-AY1920S2\cs2113-website\_site" at http://127.0.0.1:8080
2020-02-29T05:09:30.797Z - info: Press CTRL+C to stop ...
2020-02-29T05:09:30.852Z - info: Site data built
2020-02-29T05:12:44.460Z - info: [13:12:44] Reload for file add: C:\repos\nus-cs2113-AY1920S2\cs2113-website\admin\forum-activities-dashboard-panels.mbdf.backup
2020-02-29T05:12:44.464Z - info: [13:12:44] Reload for file change: C:\repos\nus-cs2113-AY1920S2\cs2113-website\admin\forum-activities-dashboard-panels.mbdf
2020-02-29T05:12:45.557Z - info: Rebuilding affected source files
2020-02-29T05:12:45.557Z - info: Rebuilding 1 pages
2020-02-29T05:12:46.715Z - info: Assets built
2020-02-29T05:12:48.189Z - info: Pages rebuilt
2020-02-29T05:12:48.209Z - info: Site data built
2020-02-29T05:13:39.382Z - info: [13:13:39] Reload for file deletion: C:\repos\nus-cs2113-AY1920S2\cs2113-website\admin\forum-activities-dashboard-panels.mbdf.backup
2020-02-29T05:13:40.403Z - info: Assets removed
2020-02-29T05:14:01.674Z - info: Website generation started at 13:13:58
2020-02-29T05:14:07.399Z - info: Building assets...
2020-02-29T05:14:11.597Z - info: Assets built
2020-02-29T05:14:11.597Z - info: Generating pages...
2020-02-29T05:16:37.319Z - debug: The process cannot access the file because it is being used by another process.

2020-02-29T05:16:37.319Z - debug: The process cannot access the file because it is being used by another process.

2020-02-29T05:16:37.323Z - debug: The process cannot access the file because it is being used by another process.

2020-02-29T05:16:37.323Z - debug: The process cannot access the file because it is being used by another process.

2020-02-29T05:16:37.323Z - debug: The process cannot access the file because it is being used by another process.

2020-02-29T05:16:37.323Z - debug: The process cannot access the file because it is being used by another process.

2020-02-29T05:16:37.331Z - debug: The process cannot access the file because it is being used by another process.

2020-02-29T05:16:37.331Z - debug: The process cannot access the file because it is being used by another process.

2020-02-29T05:16:37.331Z - debug: The process cannot access the file because it is being used by another process.

2020-02-29T05:16:37.331Z - debug: The process cannot access the file because it is being used by another process.

2020-02-29T05:16:37.331Z - debug: The process cannot access the file because it is being used by another process.

2020-02-29T05:16:37.335Z - debug: The process cannot access the file because it is being used by another process.

2020-02-29T05:16:38.216Z - debug: The process cannot access the file because it is being used by another process.

2020-02-29T05:16:38.216Z - debug: The process cannot access the file because it is being used by another process.

2020-02-29T05:16:38.216Z - debug: The process cannot access the file because it is being used by another process.

2020-02-29T05:16:38.216Z - debug: The process cannot access the file because it is being used by another process.

2020-02-29T05:16:38.216Z - debug: The process cannot access the file because it is being used by another process.

2020-02-29T05:16:38.220Z - debug: The process cannot access the file because it is being used by another process.

2020-02-29T05:16:38.220Z - debug: The process cannot access the file because it is being used by another process.

2020-02-29T05:16:38.220Z - debug: The process cannot access the file because it is being used by another process.

2020-02-29T05:16:38.240Z - debug: The process cannot access the file because it is being used by another process.

2020-02-29T05:16:38.240Z - debug: The process cannot access the file because it is being used by another process.

2020-02-29T05:16:38.244Z - debug: The process cannot access the file because it is being used by another process.

2020-02-29T05:16:38.244Z - debug: The process cannot access the file because it is being used by another process.

2020-02-29T05:16:38.244Z - debug: The process cannot access the file because it is being used by another process.

2020-02-29T05:16:52.265Z - debug:  
2020-02-29T05:16:52.265Z - debug:  
2020-02-29T05:16:52.265Z - debug:  
2020-02-29T05:16:52.265Z - debug:  
2020-02-29T05:18:44.954Z - info: Pages built
2020-02-29T05:19:29.146Z - info: Website generation complete! Total build time: 330.329s
2020-02-29T05:19:29.147Z - info: Build success!
2020-02-29T05:19:29.150Z - info: Site data built
2020-02-29T05:20:12.635Z - info: Deployed!
2020-02-29T13:55:56.814Z - info: Website generation started at 21:55:49
2020-02-29T13:56:01.741Z - info: Building assets...
2020-02-29T13:56:05.829Z - info: Assets built
2020-02-29T13:56:05.829Z - info: Generating pages...
2020-02-29T13:56:10.215Z - info: Pages built
2020-02-29T13:56:10.553Z - info: Website generation complete! Total build time: 20.801s
2020-02-29T13:56:11.031Z - info: Serving "C:\repos\nus-cs2113-AY1920S2\cs2113-website\_site" at http://127.0.0.1:8080
2020-02-29T13:56:11.031Z - info: Press CTRL+C to stop ...
2020-02-29T13:56:11.083Z - info: Site data built
2020-02-29T13:59:48.880Z - info: Website generation started at 21:59:46
2020-02-29T13:59:53.680Z - info: Building assets...
2020-02-29T13:59:58.005Z - info: Assets built
2020-02-29T13:59:58.006Z - info: Generating pages...
2020-02-29T14:02:21.277Z - debug: The process cannot access the file because it is being used by another process.

2020-02-29T14:02:21.277Z - debug: The process cannot access the file because it is being used by another process.

2020-02-29T14:02:21.277Z - debug: The process cannot access the file because it is being used by another process.

2020-02-29T14:02:21.277Z - debug: The process cannot access the file because it is being used by another process.

2020-02-29T14:02:21.277Z - debug: The process cannot access the file because it is being used by another process.

2020-02-29T14:02:21.277Z - debug: The process cannot access the file because it is being used by another process.

2020-02-29T14:02:21.277Z - debug: The process cannot access the file because it is being used by another process.

2020-02-29T14:02:21.792Z - debug: The process cannot access the file because it is being used by another process.

2020-02-29T14:02:21.792Z - debug: The process cannot access the file because it is being used by another process.

2020-02-29T14:02:21.792Z - debug: The process cannot access the file because it is being used by another process.

2020-02-29T14:02:21.792Z - debug: The process cannot access the file because it is being used by another process.

2020-02-29T14:02:21.792Z - debug: The process cannot access the file because it is being used by another process.

2020-02-29T14:02:21.792Z - debug: The process cannot access the file because it is being used by another process.

2020-02-29T14:02:21.792Z - debug: The process cannot access the file because it is being used by another process.

2020-02-29T14:02:21.792Z - debug: The process cannot access the file because it is being used by another process.

2020-02-29T14:02:21.792Z - debug: The process cannot access the file because it is being used by another process.

2020-02-29T14:02:21.792Z - debug: The process cannot access the file because it is being used by another process.

2020-02-29T14:02:21.792Z - debug: The process cannot access the file because it is being used by another process.

2020-02-29T14:02:21.792Z - debug: The process cannot access the file because it is being used by another process.

2020-02-29T14:02:21.792Z - debug: The process cannot access the file because it is being used by another process.

2020-02-29T14:02:21.792Z - debug: The process cannot access the file because it is being used by another process.

2020-02-29T14:02:21.792Z - debug: The process cannot access the file because it is being used by another process.

2020-02-29T14:02:21.792Z - debug: The process cannot access the file because it is being used by another process.

2020-02-29T14:02:21.792Z - debug: The process cannot access the file because it is being used by another process.

2020-02-29T14:02:21.808Z - debug: The process cannot access the file because it is being used by another process.

2020-02-29T14:02:52.156Z - debug:  
2020-02-29T14:02:52.156Z - debug:  
2020-02-29T14:02:52.156Z - debug:  
2020-02-29T14:02:52.156Z - debug:  
2020-02-29T14:04:13.623Z - info: Pages built
2020-02-29T14:04:49.192Z - info: Website generation complete! Total build time: 302.885s
2020-02-29T14:04:49.192Z - info: Build success!
2020-02-29T14:04:49.192Z - info: Site data built
2020-02-29T14:05:29.927Z - info: Deployed!
2020-02-29T14:21:53.634Z - info: Website generation started at 22:21:47
2020-02-29T14:21:58.867Z - info: Building assets...
2020-02-29T14:22:02.642Z - info: Assets built
2020-02-29T14:22:02.642Z - info: Generating pages...
2020-02-29T14:22:05.978Z - info: Pages built
2020-02-29T14:22:06.266Z - info: Website generation complete! Total build time: 18.847s
2020-02-29T14:22:06.615Z - info: Serving "C:\repos\nus-cs2113-AY1920S2\cs2113-website\_site" at http://127.0.0.1:8080
2020-02-29T14:22:06.615Z - info: Press CTRL+C to stop ...
2020-02-29T14:22:06.659Z - info: Site data built
2020-02-29T14:41:56.012Z - info: [22:41:56] Reload for file change: C:\repos\nus-cs2113-AY1920S2\cs2113-website\admin\ip-peer-review-allocation.njk
2020-02-29T14:41:57.112Z - info: Assets built
2020-02-29T14:42:59.668Z - info: Website generation started at 22:42:55
2020-02-29T14:43:03.094Z - info: Building assets...
2020-02-29T14:43:06.020Z - info: Assets built
2020-02-29T14:43:06.021Z - info: Generating pages...
2020-02-29T14:43:08.964Z - info: Pages built
2020-02-29T14:43:09.234Z - info: Website generation complete! Total build time: 13.328s
2020-02-29T14:43:09.523Z - info: Serving "C:\repos\nus-cs2113-AY1920S2\cs2113-website\_site" at http://127.0.0.1:8080
2020-02-29T14:43:09.523Z - info: Press CTRL+C to stop ...
2020-02-29T14:43:09.570Z - info: Site data built
2020-02-29T14:43:37.270Z - info: [22:43:37] Reload for file change: C:\repos\nus-cs2113-AY1920S2\cs2113-website\admin\ip-peer-review-allocation.njk
2020-02-29T14:43:38.341Z - info: Assets built
2020-02-29T14:44:01.613Z - info: Website generation started at 22:43:57
2020-02-29T14:44:04.624Z - info: Building assets...
2020-02-29T14:44:07.420Z - info: Assets built
2020-02-29T14:44:07.420Z - info: Generating pages...
2020-02-29T14:44:10.447Z - info: Pages built
2020-02-29T14:44:10.740Z - info: Website generation complete! Total build time: 12.907s
2020-02-29T14:44:11.079Z - info: Serving "C:\repos\nus-cs2113-AY1920S2\cs2113-website\_site" at http://127.0.0.1:8080
2020-02-29T14:44:11.079Z - info: Press CTRL+C to stop ...
2020-02-29T14:44:11.114Z - info: Site data built
2020-02-29T14:47:01.117Z - info: [22:47:01] Reload for file change: C:\repos\nus-cs2113-AY1920S2\cs2113-website\admin\ip-peer-review-allocation.njk
2020-02-29T14:47:02.146Z - info: Assets built
2020-02-29T14:47:20.554Z - info: Website generation started at 22:47:18
2020-02-29T14:47:23.542Z - info: Building assets...
2020-02-29T14:47:26.580Z - info: Assets built
2020-02-29T14:47:26.580Z - info: Generating pages...
2020-02-29T14:47:29.667Z - info: Pages built
2020-02-29T14:47:29.964Z - info: Website generation complete! Total build time: 11.65s
2020-02-29T14:47:30.325Z - info: Serving "C:\repos\nus-cs2113-AY1920S2\cs2113-website\_site" at http://127.0.0.1:8080
2020-02-29T14:47:30.325Z - info: Press CTRL+C to stop ...
2020-02-29T14:47:30.381Z - info: Site data built
2020-02-29T14:56:30.792Z - info: Website generation started at 22:56:28
2020-02-29T14:56:33.779Z - info: Building assets...
2020-02-29T14:56:36.636Z - info: Assets built
2020-02-29T14:56:36.637Z - info: Generating pages...
2020-02-29T14:58:17.750Z - debug: The process cannot access the file because it is being used by another process.

2020-02-29T14:58:17.750Z - debug: The process cannot access the file because it is being used by another process.

2020-02-29T14:58:17.750Z - debug: The process cannot access the file because it is being used by another process.

2020-02-29T14:58:17.750Z - debug: The process cannot access the file because it is being used by another process.

2020-02-29T14:58:17.750Z - debug: The process cannot access the file because it is being used by another process.

2020-02-29T14:58:17.750Z - debug: The process cannot access the file because it is being used by another process.

2020-02-29T14:58:17.750Z - debug: The process cannot access the file because it is being used by another process.

2020-02-29T14:58:17.765Z - debug: The process cannot access the file because it is being used by another process.

2020-02-29T14:58:17.765Z - debug: The process cannot access the file because it is being used by another process.

2020-02-29T14:58:17.765Z - debug: The process cannot access the file because it is being used by another process.

2020-02-29T14:58:17.765Z - debug: The process cannot access the file because it is being used by another process.

2020-02-29T14:58:17.765Z - debug: The process cannot access the file because it is being used by another process.

2020-02-29T14:58:17.765Z - debug: The process cannot access the file because it is being used by another process.

2020-02-29T14:58:17.765Z - debug: The process cannot access the file because it is being used by another process.

2020-02-29T14:58:17.765Z - debug: The process cannot access the file because it is being used by another process.

2020-02-29T14:58:17.765Z - debug: The process cannot access the file because it is being used by another process.

2020-02-29T14:58:18.125Z - debug: The process cannot access the file because it is being used by another process.

2020-02-29T14:58:18.125Z - debug: The process cannot access the file because it is being used by another process.

2020-02-29T14:58:18.125Z - debug: The process cannot access the file because it is being used by another process.

2020-02-29T14:58:18.125Z - debug: The process cannot access the file because it is being used by another process.

2020-02-29T14:58:18.125Z - debug: The process cannot access the file because it is being used by another process.

2020-02-29T14:58:18.125Z - debug: The process cannot access the file because it is being used by another process.

2020-02-29T14:58:18.125Z - debug: The process cannot access the file because it is being used by another process.

2020-02-29T14:58:18.125Z - debug: The process cannot access the file because it is being used by another process.

2020-02-29T14:58:18.125Z - debug: The process cannot access the file because it is being used by another process.

2020-02-29T14:58:18.265Z - debug:  
2020-02-29T14:58:18.297Z - debug:  
2020-02-29T14:58:31.265Z - debug:  
2020-02-29T14:58:31.266Z - debug:  
2020-02-29T14:59:46.650Z - info: Pages built
2020-02-29T15:00:13.780Z - info: Website generation complete! Total build time: 225.025s
2020-02-29T15:00:13.780Z - info: Build success!
2020-02-29T15:00:13.780Z - info: Site data built
2020-02-29T15:01:25.763Z - info: Deployed!
