2020-03-02T03:17:33.671Z - info: Website generation started at 11:17:32 AM
2020-03-02T03:17:36.553Z - info: Building assets...
2020-03-02T03:17:39.472Z - info: Assets built
2020-03-02T03:17:39.472Z - info: Generating pages...
2020-03-02T03:18:31.505Z - debug: The process cannot access the file because it is being used by another process.

2020-03-02T03:18:31.509Z - debug: The process cannot access the file because it is being used by another process.

2020-03-02T03:18:31.510Z - debug: The process cannot access the file because it is being used by another process.

2020-03-02T03:18:31.510Z - debug: The process cannot access the file because it is being used by another process.

2020-03-02T03:18:31.511Z - debug: The process cannot access the file because it is being used by another process.

2020-03-02T03:18:31.511Z - debug: The process cannot access the file because it is being used by another process.

2020-03-02T03:18:31.511Z - debug: The process cannot access the file because it is being used by another process.

2020-03-02T03:18:31.511Z - debug: The process cannot access the file because it is being used by another process.

2020-03-02T03:18:31.511Z - debug: The process cannot access the file because it is being used by another process.

2020-03-02T03:18:31.512Z - debug: The process cannot access the file because it is being used by another process.

2020-03-02T03:18:31.513Z - debug: The process cannot access the file because it is being used by another process.

2020-03-02T03:18:31.513Z - debug: The process cannot access the file because it is being used by another process.

2020-03-02T03:18:31.513Z - debug: The process cannot access the file because it is being used by another process.

2020-03-02T03:18:31.514Z - debug: The process cannot access the file because it is being used by another process.

2020-03-02T03:18:31.514Z - debug: The process cannot access the file because it is being used by another process.

2020-03-02T03:18:31.515Z - debug: The process cannot access the file because it is being used by another process.

2020-03-02T03:18:31.515Z - debug: The process cannot access the file because it is being used by another process.

2020-03-02T03:18:31.515Z - debug: The process cannot access the file because it is being used by another process.

2020-03-02T03:18:31.515Z - debug: The process cannot access the file because it is being used by another process.

2020-03-02T03:18:31.516Z - debug: The process cannot access the file because it is being used by another process.

2020-03-02T03:18:32.143Z - debug: The process cannot access the file because it is being used by another process.

2020-03-02T03:18:32.143Z - debug: The process cannot access the file because it is being used by another process.

2020-03-02T03:18:32.187Z - debug: The process cannot access the file because it is being used by another process.

2020-03-02T03:18:32.206Z - debug: The process cannot access the file because it is being used by another process.

2020-03-02T03:18:32.206Z - debug: The process cannot access the file because it is being used by another process.

2020-03-02T03:18:35.074Z - debug:  
2020-03-02T03:18:35.074Z - debug:  
2020-03-02T03:18:35.832Z - debug:  
2020-03-02T03:18:35.832Z - debug:  
2020-03-02T03:19:26.665Z - info: Pages built
2020-03-02T03:19:41.913Z - info: Website generation complete! Total build time: 129.664s
2020-03-02T03:19:41.913Z - info: Build success!
2020-03-02T03:19:41.915Z - info: Site data built
2020-03-02T03:20:27.235Z - info: Deployed!
2020-03-02T06:06:47.022Z - info: Website generation started at 2:06:45 PM
2020-03-02T06:06:50.195Z - info: Building assets...
2020-03-02T06:06:53.731Z - info: Assets built
2020-03-02T06:06:53.731Z - info: Generating pages...
2020-03-02T06:07:46.516Z - debug: The process cannot access the file because it is being used by another process.

2020-03-02T06:07:46.533Z - debug: The process cannot access the file because it is being used by another process.

2020-03-02T06:07:46.534Z - debug: The process cannot access the file because it is being used by another process.

2020-03-02T06:07:46.534Z - debug: The process cannot access the file because it is being used by another process.

2020-03-02T06:07:46.534Z - debug: The process cannot access the file because it is being used by another process.

2020-03-02T06:07:46.535Z - debug: The process cannot access the file because it is being used by another process.

2020-03-02T06:07:46.535Z - debug: The process cannot access the file because it is being used by another process.

2020-03-02T06:07:46.535Z - debug: The process cannot access the file because it is being used by another process.

2020-03-02T06:07:46.535Z - debug: The process cannot access the file because it is being used by another process.

2020-03-02T06:07:46.536Z - debug: The process cannot access the file because it is being used by another process.

2020-03-02T06:07:46.537Z - debug: The process cannot access the file because it is being used by another process.

2020-03-02T06:07:46.538Z - debug: The process cannot access the file because it is being used by another process.

2020-03-02T06:07:46.538Z - debug: The process cannot access the file because it is being used by another process.

2020-03-02T06:07:46.538Z - debug: The process cannot access the file because it is being used by another process.

2020-03-02T06:07:46.538Z - debug: The process cannot access the file because it is being used by another process.

2020-03-02T06:07:46.540Z - debug: The process cannot access the file because it is being used by another process.

2020-03-02T06:07:46.540Z - debug: The process cannot access the file because it is being used by another process.

2020-03-02T06:07:46.540Z - debug: The process cannot access the file because it is being used by another process.

2020-03-02T06:07:46.541Z - debug: The process cannot access the file because it is being used by another process.

2020-03-02T06:07:46.541Z - debug: The process cannot access the file because it is being used by another process.

2020-03-02T06:07:46.541Z - debug: The process cannot access the file because it is being used by another process.

2020-03-02T06:07:46.541Z - debug: The process cannot access the file because it is being used by another process.

2020-03-02T06:07:46.636Z - debug: The process cannot access the file because it is being used by another process.

2020-03-02T06:07:46.637Z - debug: The process cannot access the file because it is being used by another process.

2020-03-02T06:07:46.646Z - debug: The process cannot access the file because it is being used by another process.

2020-03-02T06:07:50.265Z - debug:  
2020-03-02T06:07:50.265Z - debug:  
2020-03-02T06:07:51.104Z - debug:  
2020-03-02T06:07:51.104Z - debug:  
2020-03-02T06:08:42.262Z - info: Pages built
2020-03-02T06:08:58.961Z - info: Website generation complete! Total build time: 133.499s
2020-03-02T06:08:58.961Z - info: Build success!
2020-03-02T06:08:58.964Z - info: Site data built
2020-03-02T06:09:42.210Z - info: Deployed!
2020-03-02T06:12:54.772Z - info: Website generation started at 2:12:53 PM
2020-03-02T06:12:57.781Z - info: Building assets...
2020-03-02T06:13:01.212Z - info: Assets built
2020-03-02T06:13:01.212Z - info: Generating pages...
2020-03-02T06:13:03.638Z - info: Pages built
2020-03-02T06:13:03.953Z - info: Website generation complete! Total build time: 10.904s
2020-03-02T06:13:04.337Z - info: Serving "C:\repos\nus-cs2113-AY1920S2\cs2113-website\_site" at http://127.0.0.1:8080
2020-03-02T06:13:04.337Z - info: Press CTRL+C to stop ...
2020-03-02T06:13:04.438Z - info: Site data built
2020-03-02T06:13:40.787Z - info: Website generation started at 2:13:39 PM
2020-03-02T06:13:43.864Z - info: Building assets...
