2020-03-25T10:15:44.529Z - info: Website generation (lazy) started at 6:15:43 PM
2020-03-25T10:15:47.294Z - info: Building assets...
2020-03-25T10:15:49.475Z - info: Assets built
2020-03-25T10:15:49.476Z - info: Generating landing page...
2020-03-25T10:15:50.384Z - info: Landing page built, other pages will be built as you navigate to them!
2020-03-25T10:15:50.551Z - info: Website generation (lazy) complete! Total build time: 7.404s
2020-03-25T10:15:50.969Z - info: Serving "C:\repos\nus-cs2113-AY1920S2\cs2113-website\_site" at http://127.0.0.1:8080
2020-03-25T10:15:50.969Z - info: Press CTRL+C to stop ...
2020-03-25T10:15:51.067Z - info: Site data built
2020-03-25T10:16:16.006Z - info: Building C:\repos\nus-cs2113-AY1920S2\cs2113-website\admin\participation-dashboard as some of its dependencies were changed since the last visit
2020-03-25T10:16:19.123Z - info: Site data built
2020-03-25T10:16:19.123Z - info: Lazy website regeneration complete! Total build time: 3.118s
2020-03-25T10:16:49.054Z - info: [6:16:49 PM] Reload for file change: C:\repos\nus-cs2113-AY1920S2\cs2113-website\admin\participation-dashboard-table.mbdf
2020-03-25T10:16:50.058Z - info: Rebuilding affected source files
2020-03-25T10:16:50.064Z - info: Rebuilding 1 pages
2020-03-25T10:16:53.191Z - info: Pages rebuilt
2020-03-25T10:16:53.191Z - info: Website regeneration complete! Total build time: 3.132s
2020-03-25T10:16:53.194Z - info: Site data built
2020-03-25T10:19:35.671Z - info: [6:19:35 PM] Reload for file change: C:\repos\nus-cs2113-AY1920S2\cs2113-website\admin\participation-dashboard-table.mbdf
2020-03-25T10:19:36.674Z - info: Rebuilding affected source files
2020-03-25T10:19:36.676Z - info: Rebuilding 1 pages
2020-03-25T10:19:39.937Z - info: Pages rebuilt
2020-03-25T10:19:39.937Z - info: Website regeneration complete! Total build time: 3.263s
2020-03-25T10:19:39.940Z - info: Site data built
2020-03-25T10:26:24.441Z - info: [6:26:24 PM] Reload for file change: C:\repos\nus-cs2113-AY1920S2\cs2113-website\admin\participation-dashboard-table.mbdf
2020-03-25T10:26:25.446Z - info: Rebuilding affected source files
2020-03-25T10:26:25.448Z - info: Rebuilding 1 pages
2020-03-25T10:26:29.082Z - info: Pages rebuilt
2020-03-25T10:26:29.083Z - info: Website regeneration complete! Total build time: 3.636s
2020-03-25T10:26:29.086Z - info: Site data built
2020-03-25T10:27:35.428Z - info: [6:27:35 PM] Reload for file change: C:\repos\nus-cs2113-AY1920S2\cs2113-website\admin\participation-dashboard-table.mbdf
2020-03-25T10:27:36.432Z - info: Rebuilding affected source files
2020-03-25T10:27:36.434Z - info: Rebuilding 1 pages
2020-03-25T10:27:39.843Z - info: Pages rebuilt
2020-03-25T10:27:39.843Z - info: Website regeneration complete! Total build time: 3.411s
2020-03-25T10:27:39.846Z - info: Site data built
2020-03-25T10:28:05.057Z - info: [6:28:05 PM] Reload for file change: C:\repos\nus-cs2113-AY1920S2\cs2113-website\admin\participation-dashboard-table.mbdf
2020-03-25T10:28:06.061Z - info: Rebuilding affected source files
2020-03-25T10:28:06.062Z - info: Rebuilding 1 pages
2020-03-25T10:28:09.770Z - info: Pages rebuilt
2020-03-25T10:28:09.770Z - info: Website regeneration complete! Total build time: 3.709s
2020-03-25T10:28:09.773Z - info: Site data built
2020-03-25T10:28:10.218Z - info: [6:28:10 PM] Reload for file change: C:\repos\nus-cs2113-AY1920S2\cs2113-website\admin\participation-dashboard-table.mbdf
2020-03-25T10:28:11.221Z - info: Rebuilding affected source files
2020-03-25T10:28:11.223Z - info: Rebuilding 1 pages
2020-03-25T10:28:15.034Z - info: Pages rebuilt
2020-03-25T10:28:15.035Z - info: Website regeneration complete! Total build time: 3.813s
2020-03-25T10:28:15.038Z - info: Site data built
2020-03-25T10:30:21.609Z - info: [6:30:21 PM] Reload for file change: C:\repos\nus-cs2113-AY1920S2\cs2113-website\admin\participation-dashboard-table.mbdf
2020-03-25T10:30:22.613Z - info: Rebuilding affected source files
2020-03-25T10:30:22.617Z - info: Rebuilding 1 pages
2020-03-25T10:30:26.001Z - info: Pages rebuilt
2020-03-25T10:30:26.002Z - info: Website regeneration complete! Total build time: 3.389s
2020-03-25T10:30:26.005Z - info: Site data built
2020-03-25T11:33:24.616Z - info: [7:33:24 PM] Reload for file change: C:\repos\nus-cs2113-AY1920S2\cs2113-website\admin\tp-progress-dashboard-table.mbdf
2020-03-25T11:33:25.628Z - info: Rebuilding affected source files
2020-03-25T11:33:25.642Z - info: Rebuilding 0 pages
2020-03-25T11:33:25.644Z - info: Pages rebuilt
2020-03-25T11:33:25.644Z - info: Website regeneration complete! Total build time: 0.016s
2020-03-25T11:33:25.653Z - info: Site data built
2020-03-25T11:33:33.922Z - info: [7:33:33 PM] Reload for file change: C:\repos\nus-cs2113-AY1920S2\cs2113-website\schedule\index.md
2020-03-25T11:33:34.924Z - info: Rebuilding affected source files
2020-03-25T11:33:34.925Z - info: Rebuilding 0 pages
2020-03-25T11:33:35.018Z - info: Pages rebuilt
2020-03-25T11:33:35.019Z - info: Website regeneration complete! Total build time: 0.094s
2020-03-25T11:33:35.023Z - info: Site data built
2020-03-25T11:34:49.358Z - info: Building C:\repos\nus-cs2113-AY1920S2\cs2113-website\admin\tp-progress-dashboard as some of its dependencies were changed since the last visit
2020-03-25T11:34:51.819Z - info: Site data built
2020-03-25T11:34:51.819Z - info: Lazy website regeneration complete! Total build time: 2.462s
2020-03-25T11:42:53.206Z - info: [7:42:53 PM] Reload for file change: C:\repos\nus-cs2113-AY1920S2\cs2113-website\admin\tp-progress-dashboard-table.mbdf
2020-03-25T11:42:54.210Z - info: Rebuilding affected source files
2020-03-25T11:42:54.213Z - info: Rebuilding 1 pages
2020-03-25T11:42:56.308Z - info: Pages rebuilt
2020-03-25T11:42:56.308Z - info: Website regeneration complete! Total build time: 2.098s
2020-03-25T11:42:56.311Z - info: Site data built
2020-03-25T11:43:26.453Z - info: [7:43:26 PM] Reload for file change: C:\repos\nus-cs2113-AY1920S2\cs2113-website\admin\tp-progress-dashboard-table.mbdf
2020-03-25T11:43:27.456Z - info: Rebuilding affected source files
2020-03-25T11:43:27.458Z - info: Rebuilding 1 pages
2020-03-25T11:43:29.619Z - info: Pages rebuilt
2020-03-25T11:43:29.619Z - info: Website regeneration complete! Total build time: 2.162s
2020-03-25T11:43:29.623Z - info: Site data built
2020-03-25T11:46:39.137Z - info: [7:46:39 PM] Reload for file change: C:\repos\nus-cs2113-AY1920S2\cs2113-website\admin\tp-progress-dashboard-table.mbdf
2020-03-25T11:46:40.140Z - info: Rebuilding affected source files
2020-03-25T11:46:40.142Z - info: Rebuilding 1 pages
2020-03-25T11:46:42.257Z - info: Pages rebuilt
2020-03-25T11:46:42.258Z - info: Website regeneration complete! Total build time: 2.118s
2020-03-25T11:46:42.261Z - info: Site data built
2020-03-25T11:50:54.525Z - info: [7:50:54 PM] Reload for file change: C:\repos\nus-cs2113-AY1920S2\cs2113-website\admin\tp-progress-dashboard-table.mbdf
2020-03-25T11:50:55.529Z - info: Rebuilding affected source files
2020-03-25T11:50:55.534Z - info: Rebuilding 1 pages
2020-03-25T11:50:57.912Z - info: Pages rebuilt
2020-03-25T11:50:57.913Z - info: Website regeneration complete! Total build time: 2.384s
2020-03-25T11:50:57.916Z - info: Site data built
2020-03-25T11:57:52.308Z - info: [7:57:52 PM] Reload for file change: C:\repos\nus-cs2113-AY1920S2\cs2113-website\admin\tp-progress-dashboard-table.mbdf
2020-03-25T11:57:53.310Z - info: Rebuilding affected source files
2020-03-25T11:57:53.312Z - info: Rebuilding 1 pages
2020-03-25T11:57:55.691Z - info: Pages rebuilt
2020-03-25T11:57:55.691Z - info: Website regeneration complete! Total build time: 2.381s
2020-03-25T11:57:55.695Z - info: Site data built
2020-03-25T11:58:11.873Z - info: [7:58:11 PM] Reload for file change: C:\repos\nus-cs2113-AY1920S2\cs2113-website\admin\tp-progress-dashboard-table.mbdf
2020-03-25T11:58:12.876Z - info: Rebuilding affected source files
2020-03-25T11:58:12.877Z - info: Rebuilding 1 pages
2020-03-25T11:58:15.070Z - info: Pages rebuilt
2020-03-25T11:58:15.070Z - info: Website regeneration complete! Total build time: 2.194s
2020-03-25T11:58:15.074Z - info: Site data built
2020-03-25T12:11:19.579Z - info: [8:11:19 PM] Reload for file change: C:\repos\nus-cs2113-AY1920S2\cs2113-website\admin\tp-progress-dashboard-table.mbdf
2020-03-25T12:11:20.582Z - info: Rebuilding affected source files
2020-03-25T12:11:20.585Z - info: Rebuilding 1 pages
2020-03-25T12:11:22.979Z - info: Pages rebuilt
2020-03-25T12:11:22.980Z - info: Website regeneration complete! Total build time: 2.398s
2020-03-25T12:11:22.983Z - info: Site data built
2020-03-25T12:16:00.395Z - info: [8:16:00 PM] Reload for file change: C:\repos\nus-cs2113-AY1920S2\cs2113-website\admin\tp-progress-dashboard-table.mbdf
2020-03-25T12:16:01.397Z - info: Rebuilding affected source files
2020-03-25T12:16:01.399Z - info: Rebuilding 1 pages
2020-03-25T12:16:03.705Z - info: Pages rebuilt
2020-03-25T12:16:03.705Z - info: Website regeneration complete! Total build time: 2.308s
2020-03-25T12:16:03.708Z - info: Site data built
2020-03-25T12:20:38.476Z - info: [8:20:38 PM] Reload for file change: C:\repos\nus-cs2113-AY1920S2\cs2113-website\admin\participation-dashboard-table.mbdf
2020-03-25T12:20:39.477Z - info: Rebuilding affected source files
2020-03-25T12:20:39.479Z - info: Rebuilding 0 pages
2020-03-25T12:20:39.867Z - info: Pages rebuilt
2020-03-25T12:20:39.867Z - info: Website regeneration complete! Total build time: 0.39s
2020-03-25T12:20:39.878Z - info: Site data built
2020-03-25T12:21:27.074Z - info: Website generation started at 8:21:26 PM
2020-03-25T12:21:30.064Z - info: Building assets...
2020-03-25T12:21:32.670Z - info: Assets built
2020-03-25T12:21:32.671Z - info: Generating pages...
2020-03-25T12:22:29.384Z - debug: The process cannot access the file because it is being used by another process.

2020-03-25T12:22:29.396Z - debug: The process cannot access the file because it is being used by another process.

2020-03-25T12:22:29.397Z - debug: The process cannot access the file because it is being used by another process.

2020-03-25T12:22:29.397Z - debug: The process cannot access the file because it is being used by another process.

2020-03-25T12:22:29.398Z - debug: The process cannot access the file because it is being used by another process.

2020-03-25T12:22:29.398Z - debug: The process cannot access the file because it is being used by another process.

2020-03-25T12:22:29.398Z - debug: The process cannot access the file because it is being used by another process.

2020-03-25T12:22:29.399Z - debug: The process cannot access the file because it is being used by another process.

2020-03-25T12:22:29.400Z - debug: The process cannot access the file because it is being used by another process.

2020-03-25T12:22:29.400Z - debug: The process cannot access the file because it is being used by another process.

2020-03-25T12:22:29.401Z - debug: The process cannot access the file because it is being used by another process.

2020-03-25T12:22:29.401Z - debug: The process cannot access the file because it is being used by another process.

2020-03-25T12:22:29.401Z - debug: The process cannot access the file because it is being used by another process.

2020-03-25T12:22:29.401Z - debug: The process cannot access the file because it is being used by another process.

2020-03-25T12:22:29.401Z - debug: The process cannot access the file because it is being used by another process.

2020-03-25T12:22:29.402Z - debug: The process cannot access the file because it is being used by another process.

2020-03-25T12:22:29.402Z - debug: The process cannot access the file because it is being used by another process.

2020-03-25T12:22:29.403Z - debug: The process cannot access the file because it is being used by another process.

2020-03-25T12:22:29.403Z - debug: The process cannot access the file because it is being used by another process.

2020-03-25T12:22:29.404Z - debug: The process cannot access the file because it is being used by another process.

2020-03-25T12:22:29.447Z - debug: The process cannot access the file because it is being used by another process.

2020-03-25T12:22:29.447Z - debug: The process cannot access the file because it is being used by another process.

2020-03-25T12:22:29.450Z - debug: The process cannot access the file because it is being used by another process.

2020-03-25T12:22:29.452Z - debug: The process cannot access the file because it is being used by another process.

2020-03-25T12:22:29.453Z - debug: The process cannot access the file because it is being used by another process.

2020-03-25T12:22:35.692Z - debug:  
2020-03-25T12:22:35.692Z - debug:  
2020-03-25T12:22:35.693Z - debug:  
2020-03-25T12:22:35.693Z - debug:  
2020-03-25T12:23:11.553Z - debug:  
2020-03-25T12:23:11.553Z - debug:  
2020-03-25T12:23:33.846Z - info: Pages built
2020-03-25T12:23:51.787Z - info: Website generation complete! Total build time: 145.48s
2020-03-25T12:23:51.787Z - info: Build success!
2020-03-25T12:23:51.789Z - info: Site data built
2020-03-25T12:24:44.081Z - info: Deployed!
