2020-03-18T14:36:12.048Z - info: Website generation (lazy) started at 22:36:05
2020-03-18T14:36:18.101Z - info: Building assets...
2020-03-18T14:36:25.631Z - info: Assets built
2020-03-18T14:36:25.631Z - info: Generating landing page...
2020-03-18T14:36:27.651Z - info: Landing page built, other pages will be built as you navigate to them!
2020-03-18T14:36:27.727Z - info: Website generation (lazy) complete! Total build time: 22.286s
2020-03-18T14:36:28.118Z - info: Serving "C:\repos\nus-cs2113-AY1920S2\cs2113-website\_site" at http://127.0.0.1:8080
2020-03-18T14:36:28.118Z - info: Press CTRL+C to stop ...
2020-03-18T14:36:28.186Z - info: Site data built
2020-03-18T14:41:46.619Z - info: [22:41:46] Reload for file change: C:\repos\nus-cs2113-AY1920S2\cs2113-website\admin\tp-progress-dashboard-table.mbdf
2020-03-18T14:41:47.630Z - info: Rebuilding affected source files
2020-03-18T14:41:47.632Z - info: Rebuilding 0 pages
2020-03-18T14:41:47.634Z - info: Pages rebuilt
2020-03-18T14:41:47.634Z - info: Website regeneration complete! Total build time: 0.004s
2020-03-18T14:41:47.639Z - info: Site data built
2020-03-18T14:43:14.577Z - info: Building C:\repos\nus-cs2113-AY1920S2\cs2113-website\admin\tp-progress-dashboard as some of its dependencies were changed since the last visit
2020-03-18T14:43:18.993Z - info: Site data built
2020-03-18T14:43:18.997Z - info: Lazy website regeneration complete! Total build time: 4.42s
2020-03-18T14:51:27.497Z - info: [22:51:27] Reload for file change: C:\repos\nus-cs2113-AY1920S2\cs2113-website\admin\tp-progress-dashboard-table.mbdf
2020-03-18T14:51:28.507Z - info: Rebuilding affected source files
2020-03-18T14:51:28.515Z - info: Rebuilding 1 pages
2020-03-18T14:51:32.589Z - info: Pages rebuilt
2020-03-18T14:51:32.593Z - info: Website regeneration complete! Total build time: 4.082s
2020-03-18T14:51:32.597Z - info: Site data built
2020-03-18T14:55:30.199Z - info: [22:55:30] Reload for file change: C:\repos\nus-cs2113-AY1920S2\cs2113-website\admin\tp-progress-dashboard-table.mbdf
2020-03-18T14:55:31.207Z - info: Rebuilding affected source files
2020-03-18T14:55:31.216Z - info: Rebuilding 1 pages
2020-03-18T14:55:34.971Z - info: Pages rebuilt
2020-03-18T14:55:34.971Z - info: Website regeneration complete! Total build time: 3.764s
2020-03-18T14:55:34.974Z - info: Site data built
2020-03-18T15:12:31.902Z - info: [23:12:31] Reload for file change: C:\repos\nus-cs2113-AY1920S2\cs2113-website\admin\participation-dashboard-table.mbdf
2020-03-18T15:12:32.909Z - info: Rebuilding affected source files
2020-03-18T15:12:32.921Z - info: Rebuilding 0 pages
2020-03-18T15:12:32.923Z - info: Pages rebuilt
2020-03-18T15:12:32.923Z - info: Website regeneration complete! Total build time: 0.013s
2020-03-18T15:12:32.929Z - info: Site data built
2020-03-18T15:38:13.042Z - info: [23:38:13] Reload for file change: C:\repos\nus-cs2113-AY1920S2\cs2113-website\admin\participation-dashboard-table.mbdf
2020-03-18T15:38:14.048Z - info: Rebuilding affected source files
2020-03-18T15:38:14.063Z - info: Rebuilding 0 pages
2020-03-18T15:38:14.065Z - info: Pages rebuilt
2020-03-18T15:38:14.065Z - info: Website regeneration complete! Total build time: 0.016s
2020-03-18T15:38:14.076Z - info: Site data built
2020-03-18T15:38:24.567Z - info: Building C:\repos\nus-cs2113-AY1920S2\cs2113-website\admin\participation-dashboard as some of its dependencies were changed since the last visit
2020-03-18T15:38:29.722Z - info: Site data built
2020-03-18T15:38:29.723Z - info: Lazy website regeneration complete! Total build time: 5.158s
2020-03-18T15:39:07.286Z - info: [23:39:07] Reload for file change: C:\repos\nus-cs2113-AY1920S2\cs2113-website\admin\participation-dashboard-table.mbdf
2020-03-18T15:39:08.290Z - info: Rebuilding affected source files
2020-03-18T15:39:08.293Z - info: Rebuilding 1 pages
2020-03-18T15:39:14.522Z - info: Pages rebuilt
2020-03-18T15:39:14.522Z - info: Website regeneration complete! Total build time: 6.232s
2020-03-18T15:39:14.526Z - info: Site data built
2020-03-18T15:44:44.879Z - info: [23:44:44] Reload for file change: C:\repos\nus-cs2113-AY1920S2\cs2113-website\admin\participation-dashboard-table.mbdf
2020-03-18T15:44:45.884Z - info: Rebuilding affected source files
2020-03-18T15:44:45.892Z - info: Rebuilding 1 pages
2020-03-18T15:44:52.271Z - info: Pages rebuilt
2020-03-18T15:44:52.272Z - info: Website regeneration complete! Total build time: 6.387s
2020-03-18T15:44:52.276Z - info: Site data built
