2020-01-12T02:10:54.874Z - info: Website generation started at 10:10:49
2020-01-12T02:11:00.034Z - info: Building assets...
2020-01-12T02:11:03.903Z - info: Assets built
2020-01-12T02:11:03.903Z - info: Generating pages...
2020-01-12T02:13:02.869Z - debug: The process cannot access the file because it is being used by another process.

2020-01-12T02:13:02.869Z - debug: The process cannot access the file because it is being used by another process.

2020-01-12T02:13:02.869Z - debug: The process cannot access the file because it is being used by another process.

2020-01-12T02:13:02.869Z - debug: The process cannot access the file because it is being used by another process.

2020-01-12T02:13:02.869Z - debug: The process cannot access the file because it is being used by another process.

2020-01-12T02:13:02.869Z - debug: The process cannot access the file because it is being used by another process.

2020-01-12T02:13:02.869Z - debug: The process cannot access the file because it is being used by another process.

2020-01-12T02:13:02.869Z - debug: The process cannot access the file because it is being used by another process.

2020-01-12T02:13:02.869Z - debug: The process cannot access the file because it is being used by another process.

2020-01-12T02:13:02.890Z - debug: The process cannot access the file because it is being used by another process.

2020-01-12T02:13:03.343Z - debug: The process cannot access the file because it is being used by another process.

2020-01-12T02:13:21.318Z - debug:  
2020-01-12T02:13:21.318Z - debug:  
2020-01-12T02:13:21.318Z - debug:  
2020-01-12T02:13:21.318Z - debug:  
2020-01-12T02:14:31.669Z - info: Pages built
2020-01-12T02:15:01.701Z - info: Website generation complete! Total build time: 252.666s
2020-01-12T02:15:01.701Z - info: Build success!
2020-01-12T02:15:01.764Z - info: Site data built
2020-01-12T02:15:49.029Z - info: Deployed!
