2020-02-16T16:01:29.615Z - info: Website generation started at 00:01:27
2020-02-16T16:01:32.616Z - info: Building assets...
2020-02-16T16:01:35.354Z - info: Assets built
2020-02-16T16:01:35.354Z - info: Generating pages...
2020-02-16T16:03:38.159Z - info: Website generation started at 00:03:35
2020-02-16T16:03:41.438Z - info: Building assets...
2020-02-16T16:03:44.379Z - info: Assets built
2020-02-16T16:03:44.380Z - info: Generating pages...
2020-02-16T16:05:24.433Z - debug: The process cannot access the file because it is being used by another process.

2020-02-16T16:05:24.479Z - debug: The process cannot access the file because it is being used by another process.

2020-02-16T16:05:24.480Z - debug: The process cannot access the file because it is being used by another process.

2020-02-16T16:05:24.480Z - debug: The process cannot access the file because it is being used by another process.

2020-02-16T16:05:24.480Z - debug: The process cannot access the file because it is being used by another process.

2020-02-16T16:05:24.480Z - debug: The process cannot access the file because it is being used by another process.

2020-02-16T16:05:24.481Z - debug: The process cannot access the file because it is being used by another process.

2020-02-16T16:05:24.481Z - debug: The process cannot access the file because it is being used by another process.

2020-02-16T16:05:24.481Z - debug: The process cannot access the file because it is being used by another process.

2020-02-16T16:05:24.481Z - debug: The process cannot access the file because it is being used by another process.

2020-02-16T16:05:24.807Z - debug: The process cannot access the file because it is being used by another process.

2020-02-16T16:05:44.079Z - debug:  
2020-02-16T16:05:44.080Z - debug:  
2020-02-16T16:05:44.080Z - debug:  
2020-02-16T16:05:44.081Z - debug:  
2020-02-16T16:06:54.261Z - info: Pages built
2020-02-16T16:07:23.193Z - info: Website generation complete! Total build time: 227.69s
2020-02-16T16:07:23.193Z - info: Build success!
2020-02-16T16:07:23.211Z - info: Site data built
2020-02-16T16:08:00.949Z - info: Deployed!
2020-02-17T14:22:58.488Z - info: Website generation started at 22:22:52
2020-02-17T14:23:03.030Z - info: Building assets...
2020-02-17T14:23:06.995Z - info: Assets built
2020-02-17T14:23:06.995Z - info: Generating pages...
2020-02-17T14:24:57.037Z - debug: The process cannot access the file because it is being used by another process.

2020-02-17T14:24:57.038Z - debug: The process cannot access the file because it is being used by another process.

2020-02-17T14:24:57.039Z - debug: The process cannot access the file because it is being used by another process.

2020-02-17T14:24:58.352Z - debug: The process cannot access the file because it is being used by another process.

2020-02-17T14:24:58.352Z - debug: The process cannot access the file because it is being used by another process.

2020-02-17T14:24:58.352Z - debug: The process cannot access the file because it is being used by another process.

2020-02-17T14:24:58.353Z - debug: The process cannot access the file because it is being used by another process.

2020-02-17T14:24:58.353Z - debug: The process cannot access the file because it is being used by another process.

2020-02-17T14:24:58.354Z - debug: The process cannot access the file because it is being used by another process.

2020-02-17T14:24:58.354Z - debug: The process cannot access the file because it is being used by another process.

2020-02-17T14:24:58.416Z - debug: The process cannot access the file because it is being used by another process.

2020-02-17T14:25:11.743Z - debug:  
2020-02-17T14:25:11.743Z - debug:  
2020-02-17T14:25:11.744Z - debug:  
2020-02-17T14:25:11.744Z - debug:  
2020-02-17T14:26:38.332Z - info: Pages built
2020-02-17T14:27:07.595Z - info: Website generation complete! Total build time: 255.492s
2020-02-17T14:27:07.596Z - info: Build success!
2020-02-17T14:27:07.657Z - info: Site data built
2020-02-17T14:27:50.315Z - info: Deployed!
2020-02-17T15:04:55.968Z - info: Website generation started at 23:04:48
2020-02-17T15:04:59.243Z - info: Building assets...
2020-02-17T15:05:02.486Z - info: Assets built
2020-02-17T15:05:02.486Z - info: Generating pages...
2020-02-17T15:06:44.875Z - debug: The process cannot access the file because it is being used by another process.

2020-02-17T15:06:44.876Z - debug: The process cannot access the file because it is being used by another process.

2020-02-17T15:06:44.879Z - debug: The process cannot access the file because it is being used by another process.

2020-02-17T15:06:44.879Z - debug: The process cannot access the file because it is being used by another process.

2020-02-17T15:06:44.880Z - debug: The process cannot access the file because it is being used by another process.

2020-02-17T15:06:44.880Z - debug: The process cannot access the file because it is being used by another process.

2020-02-17T15:06:46.909Z - debug: The process cannot access the file because it is being used by another process.

2020-02-17T15:06:46.910Z - debug: The process cannot access the file because it is being used by another process.

2020-02-17T15:06:46.910Z - debug: The process cannot access the file because it is being used by another process.

2020-02-17T15:06:46.911Z - debug: The process cannot access the file because it is being used by another process.

2020-02-17T15:06:47.589Z - debug: The process cannot access the file because it is being used by another process.

2020-02-17T15:07:01.262Z - debug:  
2020-02-17T15:07:01.263Z - debug:  
2020-02-17T15:07:01.264Z - debug:  
2020-02-17T15:07:01.264Z - debug:  
2020-02-17T15:08:22.427Z - info: Pages built
2020-02-17T15:08:54.092Z - info: Website generation complete! Total build time: 245.757s
2020-02-17T15:08:54.093Z - info: Build success!
2020-02-17T15:08:54.108Z - info: Site data built
2020-02-17T15:09:32.367Z - info: Deployed!
2020-02-17T15:24:49.590Z - info: Website generation started at 23:24:43
2020-02-17T15:24:53.260Z - info: Building assets...
2020-02-17T15:24:56.281Z - info: Assets built
2020-02-17T15:24:56.281Z - info: Generating pages...
2020-02-17T15:26:54.571Z - debug: The process cannot access the file because it is being used by another process.

2020-02-17T15:26:54.572Z - debug: The process cannot access the file because it is being used by another process.

2020-02-17T15:26:54.573Z - debug: The process cannot access the file because it is being used by another process.

2020-02-17T15:26:54.595Z - debug: The process cannot access the file because it is being used by another process.

2020-02-17T15:26:54.595Z - debug: The process cannot access the file because it is being used by another process.

2020-02-17T15:26:54.595Z - debug: The process cannot access the file because it is being used by another process.

2020-02-17T15:26:54.595Z - debug: The process cannot access the file because it is being used by another process.

2020-02-17T15:26:54.596Z - debug: The process cannot access the file because it is being used by another process.

2020-02-17T15:26:54.596Z - debug: The process cannot access the file because it is being used by another process.

2020-02-17T15:26:54.596Z - debug: The process cannot access the file because it is being used by another process.

2020-02-17T15:26:54.620Z - debug: The process cannot access the file because it is being used by another process.

2020-02-17T15:27:11.680Z - debug:  
2020-02-17T15:27:11.681Z - debug:  
2020-02-17T15:27:11.681Z - debug:  
2020-02-17T15:27:11.682Z - debug:  
2020-02-17T15:28:28.520Z - info: Pages built
2020-02-17T15:28:57.290Z - info: Website generation complete! Total build time: 253.523s
2020-02-17T15:28:57.595Z - info: Serving "C:\repos\nus-cs2113-AY1920S2\cs2113-website\_site" at http://127.0.0.1:8080
2020-02-17T15:28:57.595Z - info: Press CTRL+C to stop ...
2020-02-17T15:28:57.711Z - info: Site data built
2020-02-17T15:34:57.106Z - info: [23:34:57] Reload for file change: C:\repos\nus-cs2113-AY1920S2\cs2113-website\book\projectDuke\text.md
2020-02-17T15:34:58.111Z - info: Rebuilding affected source files
2020-02-17T15:34:58.121Z - info: Rebuilding 15 pages
2020-02-17T15:35:10.695Z - info: [23:35:10] Reload for file change: C:\repos\nus-cs2113-AY1920S2\cs2113-website\book\projectDuke\text.md
2020-02-17T15:35:15.561Z - info: Pages rebuilt
2020-02-17T15:35:15.571Z - info: Site data built
2020-02-17T15:35:15.622Z - info: Rebuilding affected source files
2020-02-17T15:35:15.625Z - info: Rebuilding 15 pages
2020-02-17T15:35:31.660Z - info: Pages rebuilt
2020-02-17T15:35:31.675Z - info: Site data built
2020-02-17T15:47:32.453Z - info: [23:47:32] Reload for file change: C:\repos\nus-cs2113-AY1920S2\cs2113-website\book\projectDuke\text.md
2020-02-17T15:47:32.481Z - info: [23:47:32] Reload for file change: C:\repos\nus-cs2113-AY1920S2\cs2113-website\book\projectDuke\text.md
2020-02-17T15:47:33.480Z - info: Rebuilding affected source files
2020-02-17T15:47:33.492Z - info: Rebuilding 15 pages
2020-02-17T15:47:54.184Z - info: Pages rebuilt
2020-02-17T15:47:54.244Z - info: Site data built
