2020-01-19T05:55:11.920Z - info: Website generation started at 13:55:03
2020-01-19T05:55:18.698Z - info: Building assets...
2020-01-19T05:55:22.806Z - info: Assets built
2020-01-19T05:55:22.806Z - info: Generating pages...
2020-01-19T05:57:00.077Z - debug: The process cannot access the file because it is being used by another process.

2020-01-19T05:57:00.081Z - debug: The process cannot access the file because it is being used by another process.

2020-01-19T05:57:00.081Z - debug: The process cannot access the file because it is being used by another process.

2020-01-19T05:57:01.819Z - debug: The process cannot access the file because it is being used by another process.

2020-01-19T05:57:01.819Z - debug: The process cannot access the file because it is being used by another process.

2020-01-19T05:57:01.819Z - debug: The process cannot access the file because it is being used by another process.

2020-01-19T05:57:01.819Z - debug: The process cannot access the file because it is being used by another process.

2020-01-19T05:57:01.819Z - debug: The process cannot access the file because it is being used by another process.

2020-01-19T05:57:01.819Z - debug: The process cannot access the file because it is being used by another process.

2020-01-19T05:57:01.819Z - debug: The process cannot access the file because it is being used by another process.

2020-01-19T05:57:01.855Z - debug: The process cannot access the file because it is being used by another process.

2020-01-19T05:57:16.954Z - debug:  
2020-01-19T05:57:16.954Z - debug:  
2020-01-19T05:57:16.954Z - debug:  
2020-01-19T05:57:16.954Z - debug:  
2020-01-19T05:58:30.180Z - info: Pages built
2020-01-19T05:59:02.471Z - info: Website generation complete! Total build time: 238.523s
2020-01-19T05:59:02.759Z - info: Serving "C:\repos\nus-cs2113-AY1920S2\cs2113-website\_site" at http://127.0.0.1:8080
2020-01-19T05:59:02.759Z - info: Press CTRL+C to stop ...
2020-01-19T05:59:02.815Z - info: Site data built
2020-01-19T06:00:12.222Z - info: [14:00:12] Reload for file change: C:\repos\nus-cs2113-AY1920S2\cs2113-website\book\oop\classes\what\text.md
2020-01-19T06:00:13.228Z - info: Rebuilding affected source files
2020-01-19T06:00:13.248Z - info: Rebuilding 10 pages
2020-01-19T06:00:30.430Z - debug:  
2020-01-19T06:00:39.204Z - info: Pages rebuilt
2020-01-19T06:00:39.228Z - info: Site data built
2020-01-19T06:06:04.929Z - info: [14:06:04] Reload for file change: C:\repos\nus-cs2113-AY1920S2\cs2113-website\book\cppToJava\objects\usingObjects\text.md
2020-01-19T06:06:05.945Z - info: Rebuilding affected source files
2020-01-19T06:06:05.949Z - info: Rebuilding 8 pages
2020-01-19T06:06:27.707Z - info: Pages rebuilt
2020-01-19T06:06:27.879Z - info: Site data built
2020-01-19T06:07:03.521Z - info: Website generation started at 14:06:57
2020-01-19T06:07:12.266Z - info: Building assets...
2020-01-19T06:07:18.090Z - info: Assets built
2020-01-19T06:07:18.090Z - info: Generating pages...
2020-01-19T06:07:21.400Z - info: Pages built
2020-01-19T06:07:21.944Z - info: Website generation complete! Total build time: 24.498s
2020-01-19T06:07:22.272Z - info: Serving "C:\repos\nus-cs2113-AY1920S2\cs2113-website\_site" at http://127.0.0.1:8080
2020-01-19T06:07:22.272Z - info: Press CTRL+C to stop ...
2020-01-19T06:07:22.324Z - info: Site data built
2020-01-19T06:08:47.740Z - info: [14:08:47] Reload for file change: C:\repos\nus-cs2113-AY1920S2\cs2113-website\book\cppToJava\objects\instanceMembers\text.md
2020-01-19T06:08:48.742Z - info: Rebuilding affected source files
2020-01-19T06:08:48.742Z - info: Rebuilding 1 pages
2020-01-19T06:08:52.223Z - info: Pages rebuilt
2020-01-19T06:08:52.239Z - info: Site data built
2020-01-19T06:16:35.350Z - info: [14:16:35] Reload for file change: C:\repos\nus-cs2113-AY1920S2\cs2113-website\book\cppToJava\objects\passingObjects\text.md
2020-01-19T06:16:36.354Z - info: Rebuilding affected source files
2020-01-19T06:16:36.354Z - info: Rebuilding 1 pages
2020-01-19T06:16:40.114Z - info: Pages rebuilt
2020-01-19T06:16:40.134Z - info: Site data built
2020-01-19T06:17:01.662Z - info: [14:17:01] Reload for file change: C:\repos\nus-cs2113-AY1920S2\cs2113-website\book\cppToJava\objects\passingObjects\text.md
2020-01-19T06:17:02.671Z - info: Rebuilding affected source files
2020-01-19T06:17:02.671Z - info: Rebuilding 1 pages
2020-01-19T06:17:05.947Z - info: Pages rebuilt
2020-01-19T06:17:05.955Z - info: Site data built
2020-01-19T06:19:11.988Z - info: [14:19:11] Reload for file change: C:\repos\nus-cs2113-AY1920S2\cs2113-website\book\cppToJava\objects\passingObjects\text.md
2020-01-19T06:19:12.998Z - info: Rebuilding affected source files
2020-01-19T06:19:13.002Z - info: Rebuilding 1 pages
2020-01-19T06:19:17.082Z - info: Pages rebuilt
2020-01-19T06:19:17.098Z - info: Site data built
2020-01-19T06:19:51.847Z - info: [14:19:51] Reload for file change: C:\repos\nus-cs2113-AY1920S2\cs2113-website\book\cppToJava\objects\passingObjects\text.md
2020-01-19T06:19:52.856Z - info: Rebuilding affected source files
2020-01-19T06:19:52.856Z - info: Rebuilding 1 pages
2020-01-19T06:19:56.324Z - info: Pages rebuilt
2020-01-19T06:19:56.336Z - info: Site data built
2020-01-19T06:20:39.136Z - info: [14:20:39] Reload for file change: C:\repos\nus-cs2113-AY1920S2\cs2113-website\book\cppToJava\objects\passingObjects\text.md
2020-01-19T06:20:40.140Z - info: Rebuilding affected source files
2020-01-19T06:20:40.140Z - info: Rebuilding 1 pages
2020-01-19T06:20:44.049Z - info: Pages rebuilt
2020-01-19T06:20:44.061Z - info: Site data built
2020-01-19T06:23:25.508Z - info: [14:23:25] Reload for file change: C:\repos\nus-cs2113-AY1920S2\cs2113-website\book\cppToJava\objects\passingObjects\q-passObjectsToMoveMethod.md
2020-01-19T06:23:26.512Z - info: Rebuilding affected source files
2020-01-19T06:23:26.512Z - info: Rebuilding 1 pages
2020-01-19T06:23:31.471Z - info: Pages rebuilt
2020-01-19T06:23:31.479Z - info: Site data built
2020-01-19T06:29:43.503Z - info: [14:29:43] Reload for file change: C:\repos\nus-cs2113-AY1920S2\cs2113-website\book\oop\classes\classLevelMembers\text.md
2020-01-19T06:29:44.507Z - info: Rebuilding affected source files
2020-01-19T06:29:44.507Z - info: Rebuilding 1 pages
2020-01-19T06:29:48.564Z - info: Pages rebuilt
2020-01-19T06:29:48.576Z - info: Site data built
2020-01-19T06:30:04.842Z - info: [14:30:04] Reload for file change: C:\repos\nus-cs2113-AY1920S2\cs2113-website\book\oop\classes\classLevelMembers\text.md
2020-01-19T06:30:05.855Z - info: Rebuilding affected source files
2020-01-19T06:30:05.855Z - info: Rebuilding 1 pages
2020-01-19T06:30:09.499Z - info: Pages rebuilt
2020-01-19T06:30:09.511Z - info: Site data built
2020-01-19T06:30:59.873Z - info: [14:30:59] Reload for file change: C:\repos\nus-cs2113-AY1920S2\cs2113-website\book\oop\classes\classLevelMembers\text.md
2020-01-19T06:31:00.877Z - info: Rebuilding affected source files
2020-01-19T06:31:00.877Z - info: Rebuilding 1 pages
2020-01-19T06:31:04.878Z - info: Pages rebuilt
2020-01-19T06:31:04.906Z - info: Site data built
2020-01-19T06:34:21.779Z - info: [14:34:21] Reload for file change: C:\repos\nus-cs2113-AY1920S2\cs2113-website\book\cppToJava\classes\definingClasses\text.md
2020-01-19T06:34:22.783Z - info: Rebuilding affected source files
2020-01-19T06:34:22.783Z - info: Rebuilding 1 pages
2020-01-19T06:34:26.954Z - info: Pages rebuilt
2020-01-19T06:34:26.966Z - info: Site data built
2020-01-19T06:35:40.472Z - info: [14:35:40] Reload for file change: C:\repos\nus-cs2113-AY1920S2\cs2113-website\book\cppToJava\classes\definingClasses\text.md
2020-01-19T06:35:41.480Z - info: Rebuilding affected source files
2020-01-19T06:35:41.480Z - info: Rebuilding 1 pages
2020-01-19T06:35:45.455Z - info: Pages rebuilt
2020-01-19T06:35:45.467Z - info: Site data built
2020-01-19T06:36:38.550Z - info: [14:36:38] Reload for file change: C:\repos\nus-cs2113-AY1920S2\cs2113-website\book\cppToJava\classes\definingClasses\text.md
2020-01-19T06:36:39.555Z - info: Rebuilding affected source files
2020-01-19T06:36:39.555Z - info: Rebuilding 1 pages
2020-01-19T06:36:43.926Z - info: Pages rebuilt
2020-01-19T06:36:43.938Z - info: Site data built
2020-01-19T06:39:33.536Z - info: [14:39:33] Reload for file change: C:\repos\nus-cs2113-AY1920S2\cs2113-website\book\cppToJava\classes\definingClasses\text.md
2020-01-19T06:39:34.553Z - info: Rebuilding affected source files
2020-01-19T06:39:34.557Z - info: Rebuilding 1 pages
2020-01-19T06:39:40.250Z - info: Pages rebuilt
2020-01-19T06:39:40.258Z - info: Site data built
2020-01-19T06:42:47.159Z - info: [14:42:47] Reload for file change: C:\repos\nus-cs2113-AY1920S2\cs2113-website\book\cppToJava\classes\definingClasses\q-defineCircleClass.md
2020-01-19T06:42:48.163Z - info: Rebuilding affected source files
2020-01-19T06:42:48.163Z - info: Rebuilding 1 pages
2020-01-19T06:42:53.945Z - info: Pages rebuilt
2020-01-19T06:42:53.961Z - info: Site data built
2020-01-19T06:43:38.739Z - info: [14:43:38] Reload for file change: C:\repos\nus-cs2113-AY1920S2\cs2113-website\book\cppToJava\classes\definingClasses\q-defineCircleClass.md
2020-01-19T06:43:39.743Z - info: Rebuilding affected source files
2020-01-19T06:43:39.743Z - info: Rebuilding 1 pages
2020-01-19T06:43:45.244Z - info: Pages rebuilt
2020-01-19T06:43:45.320Z - info: Site data built
2020-01-19T06:44:51.689Z - info: [14:44:51] Reload for file change: C:\repos\nus-cs2113-AY1920S2\cs2113-website\book\cppToJava\classes\definingClasses\q-defineCircleClass.md
2020-01-19T06:44:52.697Z - info: Rebuilding affected source files
2020-01-19T06:44:52.697Z - info: Rebuilding 1 pages
2020-01-19T06:44:57.340Z - info: Pages rebuilt
2020-01-19T06:44:57.352Z - info: Site data built
2020-01-19T06:53:14.034Z - info: [14:53:14] Reload for file change: C:\repos\nus-cs2113-AY1920S2\cs2113-website\schedule\index.md
2020-01-19T06:53:24.629Z - info: Website generation started at 14:53:22
2020-01-19T06:53:28.977Z - info: Building assets...
2020-01-19T06:53:32.845Z - info: Assets built
2020-01-19T06:53:32.845Z - info: Generating pages...
2020-01-19T06:53:36.458Z - info: Pages built
2020-01-19T06:53:37.058Z - info: Website generation complete! Total build time: 14.841s
2020-01-19T06:53:37.366Z - info: Serving "C:\repos\nus-cs2113-AY1920S2\cs2113-website\_site" at http://127.0.0.1:8080
2020-01-19T06:53:37.370Z - info: Press CTRL+C to stop ...
2020-01-19T06:53:37.418Z - info: Site data built
2020-01-19T06:59:07.038Z - info: [14:59:07] Reload for file change: C:\repos\nus-cs2113-AY1920S2\cs2113-website\book\cppToJava\classes\classLevelMembers\text.md
2020-01-19T06:59:08.044Z - info: Rebuilding affected source files
2020-01-19T06:59:08.044Z - info: Rebuilding 1 pages
2020-01-19T06:59:12.901Z - info: Pages rebuilt
2020-01-19T06:59:12.913Z - info: Site data built
2020-01-19T07:00:37.979Z - info: [15:00:37] Reload for file change: C:\repos\nus-cs2113-AY1920S2\cs2113-website\book\cppToJava\classes\classLevelMembers\text.md
2020-01-19T07:00:38.990Z - info: Rebuilding affected source files
2020-01-19T07:00:38.990Z - info: Rebuilding 1 pages
2020-01-19T07:00:42.615Z - info: Pages rebuilt
2020-01-19T07:00:42.631Z - info: Site data built
2020-01-19T07:01:10.018Z - info: [15:01:10] Reload for file change: C:\repos\nus-cs2113-AY1920S2\cs2113-website\book\cppToJava\classes\classLevelMembers\text.md
2020-01-19T07:01:11.026Z - info: Rebuilding affected source files
2020-01-19T07:01:11.026Z - info: Rebuilding 1 pages
2020-01-19T07:01:15.016Z - info: Pages rebuilt
2020-01-19T07:01:15.048Z - info: Site data built
2020-01-19T07:04:39.566Z - info: [15:04:39] Reload for file change: C:\repos\nus-cs2113-AY1920S2\cs2113-website\schedule\index.md
2020-01-19T07:04:40.572Z - info: Rebuilding affected source files
2020-01-19T07:04:40.572Z - info: Rebuilding 0 pages
2020-01-19T07:04:40.572Z - info: Pages rebuilt
2020-01-19T07:04:40.576Z - info: Site data built
2020-01-19T07:04:49.151Z - info: Website generation started at 15:04:46
2020-01-19T07:04:55.152Z - info: Building assets...
2020-01-19T07:05:01.613Z - info: Assets built
2020-01-19T07:05:01.613Z - info: Generating pages...
2020-01-19T07:05:05.007Z - info: Pages built
2020-01-19T07:05:05.567Z - info: Website generation complete! Total build time: 19.463s
2020-01-19T07:05:05.867Z - info: Serving "C:\repos\nus-cs2113-AY1920S2\cs2113-website\_site" at http://127.0.0.1:8080
2020-01-19T07:05:05.867Z - info: Press CTRL+C to stop ...
2020-01-19T07:05:05.911Z - info: Site data built
2020-01-19T07:11:09.763Z - info: [15:11:09] Reload for file change: C:\repos\nus-cs2113-AY1920S2\cs2113-website\book\cppToJava\usefulClasses\stringClass\text.md
2020-01-19T07:11:10.771Z - info: Rebuilding affected source files
2020-01-19T07:11:10.771Z - info: Rebuilding 1 pages
2020-01-19T07:11:14.710Z - info: Pages rebuilt
2020-01-19T07:11:14.726Z - info: Site data built
2020-01-19T07:12:02.835Z - info: [15:12:02] Reload for file change: C:\repos\nus-cs2113-AY1920S2\cs2113-website\book\cppToJava\usefulClasses\stringClass\text.md
2020-01-19T07:12:03.841Z - info: Rebuilding affected source files
2020-01-19T07:12:03.841Z - info: Rebuilding 1 pages
2020-01-19T07:12:07.865Z - info: Pages rebuilt
2020-01-19T07:12:07.877Z - info: Site data built
2020-01-19T07:19:15.911Z - info: [15:19:15] Reload for file change: C:\repos\nus-cs2113-AY1920S2\cs2113-website\book\cppToJava\usefulClasses\stringClass\text.md
2020-01-19T07:19:16.919Z - info: Rebuilding affected source files
2020-01-19T07:19:16.919Z - info: Rebuilding 1 pages
2020-01-19T07:19:21.054Z - info: Pages rebuilt
2020-01-19T07:19:21.070Z - info: Site data built
2020-01-19T07:20:46.120Z - info: [15:20:46] Reload for file change: C:\repos\nus-cs2113-AY1920S2\cs2113-website\book\cppToJava\usefulClasses\stringClass\text.md
2020-01-19T07:20:47.124Z - info: Rebuilding affected source files
2020-01-19T07:20:47.124Z - info: Rebuilding 1 pages
2020-01-19T07:20:51.260Z - info: Pages rebuilt
2020-01-19T07:20:51.268Z - info: Site data built
2020-01-19T07:25:03.932Z - info: [15:25:03] Reload for file change: C:\repos\nus-cs2113-AY1920S2\cs2113-website\book\cppToJava\usefulClasses\stringClass\text.md
2020-01-19T07:25:04.939Z - info: Rebuilding affected source files
2020-01-19T07:25:04.939Z - info: Rebuilding 1 pages
2020-01-19T07:25:10.324Z - info: Pages rebuilt
2020-01-19T07:25:10.348Z - info: Site data built
2020-01-19T07:28:09.320Z - info: [15:28:09] Reload for file change: C:\repos\nus-cs2113-AY1920S2\cs2113-website\book\cppToJava\usefulClasses\stringClass\text.md
2020-01-19T07:28:10.327Z - info: Rebuilding affected source files
2020-01-19T07:28:10.327Z - info: Rebuilding 1 pages
2020-01-19T07:28:14.184Z - info: Pages rebuilt
2020-01-19T07:28:14.204Z - info: Site data built
2020-01-19T07:28:53.629Z - info: [15:28:53] Reload for file change: C:\repos\nus-cs2113-AY1920S2\cs2113-website\book\cppToJava\usefulClasses\stringClass\text.md
2020-01-19T07:28:54.634Z - info: Rebuilding affected source files
2020-01-19T07:28:54.634Z - info: Rebuilding 1 pages
2020-01-19T07:28:58.416Z - info: Pages rebuilt
2020-01-19T07:28:58.428Z - info: Site data built
2020-01-19T07:32:26.892Z - info: [15:32:26] Reload for file change: C:\repos\nus-cs2113-AY1920S2\cs2113-website\book\cppToJava\usefulClasses\stringClass\text.md
2020-01-19T07:32:27.898Z - info: Rebuilding affected source files
2020-01-19T07:32:27.898Z - info: Rebuilding 1 pages
2020-01-19T07:32:32.243Z - info: Pages rebuilt
2020-01-19T07:32:32.247Z - info: Site data built
2020-01-19T07:32:42.701Z - info: [15:32:42] Reload for file change: C:\repos\nus-cs2113-AY1920S2\cs2113-website\book\cppToJava\usefulClasses\stringClass\text.md
2020-01-19T07:32:43.710Z - info: Rebuilding affected source files
2020-01-19T07:32:43.710Z - info: Rebuilding 1 pages
2020-01-19T07:32:47.558Z - info: Pages rebuilt
2020-01-19T07:32:47.570Z - info: Site data built
2020-01-19T07:33:06.981Z - info: [15:33:06] Reload for file change: C:\repos\nus-cs2113-AY1920S2\cs2113-website\book\cppToJava\usefulClasses\stringClass\text.md
2020-01-19T07:33:07.985Z - info: Rebuilding affected source files
2020-01-19T07:33:07.985Z - info: Rebuilding 1 pages
2020-01-19T07:33:11.661Z - info: Pages rebuilt
2020-01-19T07:33:11.669Z - info: Site data built
2020-01-19T07:35:10.451Z - info: [15:35:10] Reload for file change: C:\repos\nus-cs2113-AY1920S2\cs2113-website\book\cppToJava\usefulClasses\stringClass\text.md
2020-01-19T07:35:11.456Z - info: Rebuilding affected source files
2020-01-19T07:35:11.456Z - info: Rebuilding 1 pages
2020-01-19T07:35:15.619Z - info: Pages rebuilt
2020-01-19T07:35:15.627Z - info: Site data built
2020-01-19T07:36:22.637Z - info: [15:36:22] Reload for file change: C:\repos\nus-cs2113-AY1920S2\cs2113-website\book\cppToJava\usefulClasses\stringClass\text.md
2020-01-19T07:36:23.642Z - info: Rebuilding affected source files
2020-01-19T07:36:23.642Z - info: Rebuilding 1 pages
2020-01-19T07:36:27.690Z - info: Pages rebuilt
2020-01-19T07:36:27.710Z - info: Site data built
2020-01-19T07:36:55.548Z - info: [15:36:55] Reload for file change: C:\repos\nus-cs2113-AY1920S2\cs2113-website\book\cppToJava\usefulClasses\stringClass\text.md
2020-01-19T07:36:56.553Z - info: Rebuilding affected source files
2020-01-19T07:36:56.553Z - info: Rebuilding 1 pages
2020-01-19T07:37:00.741Z - info: Pages rebuilt
2020-01-19T07:37:00.753Z - info: Site data built
2020-01-19T07:37:15.383Z - info: [15:37:15] Reload for file change: C:\repos\nus-cs2113-AY1920S2\cs2113-website\book\cppToJava\usefulClasses\stringClass\text.md
2020-01-19T07:37:16.387Z - info: Rebuilding affected source files
2020-01-19T07:37:16.387Z - info: Rebuilding 1 pages
2020-01-19T07:37:20.221Z - info: Pages rebuilt
2020-01-19T07:37:20.233Z - info: Site data built
2020-01-19T07:39:57.553Z - info: [15:39:57] Reload for file change: C:\repos\nus-cs2113-AY1920S2\cs2113-website\book\cppToJava\usefulClasses\stringClass\q-printPriceMethod.md
2020-01-19T07:39:58.557Z - info: Rebuilding affected source files
2020-01-19T07:39:58.557Z - info: Rebuilding 1 pages
2020-01-19T07:40:03.827Z - info: Pages rebuilt
2020-01-19T07:40:03.843Z - info: Site data built
2020-01-19T07:40:10.901Z - info: [15:40:10] Reload for file change: C:\repos\nus-cs2113-AY1920S2\cs2113-website\book\cppToJava\usefulClasses\stringClass\q-printPriceMethod.md
2020-01-19T07:40:11.906Z - info: Rebuilding affected source files
2020-01-19T07:40:11.906Z - info: Rebuilding 1 pages
2020-01-19T07:40:16.615Z - info: Pages rebuilt
2020-01-19T07:40:16.627Z - info: Site data built
2020-01-19T07:40:52.905Z - info: [15:40:52] Reload for file change: C:\repos\nus-cs2113-AY1920S2\cs2113-website\book\cppToJava\usefulClasses\stringClass\q-printPriceMethod.md
2020-01-19T07:40:53.910Z - info: Rebuilding affected source files
2020-01-19T07:40:53.910Z - info: Rebuilding 1 pages
2020-01-19T07:40:58.786Z - info: Pages rebuilt
2020-01-19T07:40:58.798Z - info: Site data built
2020-01-19T07:41:34.467Z - info: [15:41:34] Reload for file change: C:\repos\nus-cs2113-AY1920S2\cs2113-website\book\cppToJava\usefulClasses\stringClass\q-printPriceMethod.md
2020-01-19T07:41:35.475Z - info: Rebuilding affected source files
2020-01-19T07:41:35.475Z - info: Rebuilding 1 pages
2020-01-19T07:41:40.184Z - info: Pages rebuilt
2020-01-19T07:41:40.196Z - info: Site data built
2020-01-19T07:42:19.024Z - info: [15:42:19] Reload for file change: C:\repos\nus-cs2113-AY1920S2\cs2113-website\book\cppToJava\usefulClasses\stringClass\q-printPriceMethod.md
2020-01-19T07:42:20.223Z - info: Rebuilding affected source files
2020-01-19T07:42:20.227Z - info: Rebuilding 1 pages
2020-01-19T07:42:25.463Z - info: Pages rebuilt
2020-01-19T07:42:25.475Z - info: Site data built
2020-01-19T07:46:10.504Z - info: [15:46:10] Reload for file change: C:\repos\nus-cs2113-AY1920S2\cs2113-website\book\cppToJava\usefulClasses\wrapperClasses\text.md
2020-01-19T07:46:11.511Z - info: Rebuilding affected source files
2020-01-19T07:46:11.515Z - info: Rebuilding 1 pages
2020-01-19T07:46:16.637Z - info: Pages rebuilt
2020-01-19T07:46:16.653Z - info: Site data built
2020-01-19T07:48:07.082Z - info: [15:48:07] Reload for file change: C:\repos\nus-cs2113-AY1920S2\cs2113-website\book\cppToJava\usefulClasses\wrapperClasses\text.md
2020-01-19T07:48:08.090Z - info: Rebuilding affected source files
2020-01-19T07:48:08.090Z - info: Rebuilding 1 pages
2020-01-19T07:48:12.434Z - info: Pages rebuilt
2020-01-19T07:48:12.450Z - info: Site data built
2020-01-19T07:48:54.304Z - info: [15:48:54] Reload for file change: C:\repos\nus-cs2113-AY1920S2\cs2113-website\book\cppToJava\usefulClasses\wrapperClasses\text.md
2020-01-19T07:48:55.309Z - info: Rebuilding affected source files
2020-01-19T07:48:55.309Z - info: Rebuilding 1 pages
2020-01-19T07:49:00.196Z - info: Pages rebuilt
2020-01-19T07:49:00.203Z - info: Site data built
2020-01-19T07:49:14.078Z - info: [15:49:14] Reload for file change: C:\repos\nus-cs2113-AY1920S2\cs2113-website\book\cppToJava\usefulClasses\wrapperClasses\text.md
2020-01-19T07:49:15.087Z - info: Rebuilding affected source files
2020-01-19T07:49:15.087Z - info: Rebuilding 1 pages
2020-01-19T07:49:19.331Z - info: Pages rebuilt
2020-01-19T07:49:19.343Z - info: Site data built
2020-01-19T07:49:30.479Z - info: [15:49:30] Reload for file change: C:\repos\nus-cs2113-AY1920S2\cs2113-website\book\cppToJava\usefulClasses\wrapperClasses\text.md
2020-01-19T07:49:31.492Z - info: Rebuilding affected source files
2020-01-19T07:49:31.492Z - info: Rebuilding 1 pages
2020-01-19T07:49:36.010Z - info: Pages rebuilt
2020-01-19T07:49:36.022Z - info: Site data built
2020-01-19T08:01:06.342Z - info: [16:01:06] Reload for file change: C:\repos\nus-cs2113-AY1920S2\cs2113-website\book\codeQuality\nameWell\basic\nounsAndVerbsAsNames\text.md
2020-01-19T08:01:07.347Z - info: Rebuilding affected source files
2020-01-19T08:01:07.347Z - info: Rebuilding 1 pages
2020-01-19T08:01:13.635Z - info: Pages rebuilt
2020-01-19T08:01:13.643Z - info: Site data built
2020-01-19T08:02:23.843Z - info: [16:02:23] Reload for file change: C:\repos\nus-cs2113-AY1920S2\cs2113-website\book\_markbind\variables.md
2020-01-19T08:02:24.850Z - info: Rebuilding affected source files
2020-01-19T08:02:24.850Z - info: Rebuilding 0 pages
2020-01-19T08:02:24.850Z - info: Pages rebuilt
2020-01-19T08:02:24.854Z - info: Site data built
2020-01-19T08:09:19.484Z - info: [16:09:19] Reload for file change: C:\repos\nus-cs2113-AY1920S2\cs2113-website\book\_markbind\variables.md
2020-01-19T08:09:20.488Z - info: Rebuilding affected source files
2020-01-19T08:09:20.488Z - info: Rebuilding 0 pages
2020-01-19T08:09:20.488Z - info: Pages rebuilt
2020-01-19T08:09:20.492Z - info: Site data built
2020-01-19T08:10:00.046Z - info: [16:10:00] Reload for file change: C:\repos\nus-cs2113-AY1920S2\cs2113-website\book\codeQuality\nameWell\basic\nounsAndVerbsAsNames\text.md
2020-01-19T08:10:01.048Z - info: Rebuilding affected source files
2020-01-19T08:10:01.048Z - info: Rebuilding 1 pages
2020-01-19T08:10:05.727Z - info: Pages rebuilt
2020-01-19T08:10:05.735Z - info: Site data built
2020-01-19T08:10:31.313Z - info: Website generation started at 16:10:28
2020-01-19T08:10:36.785Z - info: Building assets...
2020-01-19T08:10:40.913Z - info: Assets built
2020-01-19T08:10:40.913Z - info: Generating pages...
2020-01-19T08:10:45.302Z - info: Pages built
2020-01-19T08:10:45.902Z - info: Website generation complete! Total build time: 17.342s
2020-01-19T08:10:46.286Z - info: Serving "C:\repos\nus-cs2113-AY1920S2\cs2113-website\_site" at http://127.0.0.1:8080
2020-01-19T08:10:46.286Z - info: Press CTRL+C to stop ...
2020-01-19T08:10:46.350Z - info: Site data built
2020-01-19T08:11:14.726Z - info: [16:11:14] Reload for file change: C:\repos\nus-cs2113-AY1920S2\cs2113-website\book\codeQuality\nameWell\basic\nounsAndVerbsAsNames\text.md
2020-01-19T08:11:15.736Z - info: Rebuilding affected source files
2020-01-19T08:11:15.736Z - info: Rebuilding 1 pages
2020-01-19T08:11:20.580Z - info: Pages rebuilt
2020-01-19T08:11:20.612Z - info: Site data built
2020-01-19T08:11:38.857Z - info: [16:11:38] Reload for file change: C:\repos\nus-cs2113-AY1920S2\cs2113-website\book\codeQuality\nameWell\introduction\text.md
2020-01-19T08:11:39.861Z - info: Rebuilding affected source files
2020-01-19T08:11:39.861Z - info: Rebuilding 1 pages
2020-01-19T08:11:43.107Z - info: Pages rebuilt
2020-01-19T08:11:43.123Z - info: Site data built
2020-01-19T08:19:18.662Z - info: Website generation started at 16:19:15
2020-01-19T08:19:24.855Z - info: Building assets...
