2020-04-10T03:28:42.417Z - info: Website generation (lazy) started at 11:28:26 AM
2020-04-10T03:28:49.708Z - info: Building assets...
2020-04-10T03:28:54.744Z - info: Assets built
2020-04-10T03:28:54.750Z - info: Generating landing page...
2020-04-10T03:28:58.030Z - info: Landing page built, other pages will be built as you navigate to them!
2020-04-10T03:28:58.159Z - info: Website generation (lazy) complete! Total build time: 32.045s
2020-04-10T03:28:59.192Z - info: Serving "C:\repos\nus-cs2113-AY1920S2\cs2113-website\_site" at http://127.0.0.1:8080
2020-04-10T03:28:59.193Z - info: Press CTRL+C to stop ...
2020-04-10T03:28:59.255Z - info: Site data built
2020-04-10T03:29:54.147Z - info: Building C:\repos\nus-cs2113-AY1920S2\cs2113-website\admin\tp-progress-dashboard as some of its dependencies were changed since the last visit
2020-04-10T03:29:57.539Z - info: Site data built
2020-04-10T03:29:57.544Z - info: Lazy website regeneration complete! Total build time: 3.398s
2020-04-10T03:33:56.776Z - info: Building C:\repos\nus-cs2113-AY1920S2\cs2113-website\schedule\week13\admin as some of its dependencies were changed since the last visit
2020-04-10T03:33:57.893Z - info: Site data built
2020-04-10T03:33:57.894Z - info: Lazy website regeneration complete! Total build time: 1.12s
2020-04-10T03:35:42.794Z - info: Website generation started at 11:35:40 AM
2020-04-10T03:35:48.546Z - info: Building assets...
2020-04-10T03:35:54.104Z - info: Assets built
2020-04-10T03:35:54.105Z - info: Generating pages...
2020-04-10T03:38:51.087Z - debug: The process cannot access the file because it is being used by another process.

2020-04-10T03:38:51.091Z - debug: The process cannot access the file because it is being used by another process.

2020-04-10T03:38:51.092Z - debug: The process cannot access the file because it is being used by another process.

2020-04-10T03:38:51.092Z - debug: The process cannot access the file because it is being used by another process.

2020-04-10T03:38:51.093Z - debug: The process cannot access the file because it is being used by another process.

2020-04-10T03:38:51.098Z - debug: The process cannot access the file because it is being used by another process.

2020-04-10T03:38:51.098Z - debug: The process cannot access the file because it is being used by another process.

2020-04-10T03:38:51.100Z - debug: The process cannot access the file because it is being used by another process.

2020-04-10T03:38:51.100Z - debug: The process cannot access the file because it is being used by another process.

2020-04-10T03:38:51.101Z - debug: The process cannot access the file because it is being used by another process.

2020-04-10T03:38:51.101Z - debug: The process cannot access the file because it is being used by another process.

2020-04-10T03:38:51.101Z - debug: The process cannot access the file because it is being used by another process.

2020-04-10T03:38:51.102Z - debug: The process cannot access the file because it is being used by another process.

2020-04-10T03:38:51.102Z - debug: The process cannot access the file because it is being used by another process.

2020-04-10T03:38:51.103Z - debug: The process cannot access the file because it is being used by another process.

2020-04-10T03:38:51.104Z - debug: The process cannot access the file because it is being used by another process.

2020-04-10T03:38:51.104Z - debug: The process cannot access the file because it is being used by another process.

2020-04-10T03:38:51.104Z - debug: The process cannot access the file because it is being used by another process.

2020-04-10T03:38:51.104Z - debug: The process cannot access the file because it is being used by another process.

2020-04-10T03:38:51.105Z - debug: The process cannot access the file because it is being used by another process.

2020-04-10T03:38:51.105Z - debug: The process cannot access the file because it is being used by another process.

2020-04-10T03:38:51.205Z - debug: The process cannot access the file because it is being used by another process.

2020-04-10T03:38:52.479Z - debug: The process cannot access the file because it is being used by another process.

2020-04-10T03:38:52.480Z - debug: The process cannot access the file because it is being used by another process.

2020-04-10T03:38:54.877Z - debug: The process cannot access the file because it is being used by another process.

2020-04-10T03:38:56.639Z - debug:  
2020-04-10T03:38:56.639Z - debug:  
2020-04-10T03:38:56.639Z - debug:  
2020-04-10T03:38:56.639Z - debug:  
2020-04-10T03:38:57.146Z - info: Pages built
2020-04-10T03:39:26.090Z - info: Website generation complete! Total build time: 225.713s
2020-04-10T03:39:26.091Z - info: Build success!
2020-04-10T03:39:26.095Z - info: Site data built
2020-04-10T03:39:26.308Z - debug:  
2020-04-10T03:39:26.308Z - debug:  
2020-04-10T03:40:10.388Z - info: Deployed!
2020-04-10T09:19:21.678Z - info: Website generation started at 5:19:13 PM
2020-04-10T09:19:27.548Z - info: Building assets...
