2020-03-27T16:15:15.275Z - info: Website generation (lazy) started at 00:15:08
2020-03-27T16:15:19.645Z - info: Building assets...
2020-03-27T16:15:23.293Z - info: Assets built
2020-03-27T16:15:23.293Z - info: Generating landing page...
2020-03-27T16:15:25.441Z - info: Landing page built, other pages will be built as you navigate to them!
2020-03-27T16:15:25.549Z - info: Website generation (lazy) complete! Total build time: 16.65s
2020-03-27T16:15:25.909Z - info: Serving "C:\repos\nus-cs2113-AY1920S2\cs2113-website\_site" at http://127.0.0.1:8080
2020-03-27T16:15:25.909Z - info: Press CTRL+C to stop ...
2020-03-27T16:15:25.965Z - info: Site data built
2020-03-27T16:21:54.301Z - info: [00:21:54] Reload for file change: C:\repos\nus-cs2113-AY1920S2\cs2113-website\admin\tp-progress-dashboard-table.mbdf
2020-03-27T16:21:55.304Z - info: Rebuilding affected source files
2020-03-27T16:21:55.310Z - info: Rebuilding 0 pages
2020-03-27T16:21:55.311Z - info: Pages rebuilt
2020-03-27T16:21:55.312Z - info: Website regeneration complete! Total build time: 0.007s
2020-03-27T16:21:55.319Z - info: Site data built
2020-03-27T16:24:57.992Z - info: Building C:\repos\nus-cs2113-AY1920S2\cs2113-website\admin\tp-progress-dashboard as some of its dependencies were changed since the last visit
2020-03-27T16:25:02.493Z - info: Site data built
2020-03-27T16:25:02.493Z - info: Lazy website regeneration complete! Total build time: 4.505s
2020-03-27T16:47:36.634Z - info: Website generation started at 00:47:33
2020-03-27T16:47:41.729Z - info: Building assets...
2020-03-27T16:47:45.464Z - info: Assets built
2020-03-27T16:47:45.464Z - info: Generating pages...
2020-03-27T16:49:44.668Z - debug: The process cannot access the file because it is being used by another process.

2020-03-27T16:49:44.672Z - debug: The process cannot access the file because it is being used by another process.

2020-03-27T16:49:44.672Z - debug: The process cannot access the file because it is being used by another process.

2020-03-27T16:49:44.673Z - debug: The process cannot access the file because it is being used by another process.

2020-03-27T16:49:44.673Z - debug: The process cannot access the file because it is being used by another process.

2020-03-27T16:49:44.673Z - debug: The process cannot access the file because it is being used by another process.

2020-03-27T16:49:44.674Z - debug: The process cannot access the file because it is being used by another process.

2020-03-27T16:49:44.674Z - debug: The process cannot access the file because it is being used by another process.

2020-03-27T16:49:44.678Z - debug: The process cannot access the file because it is being used by another process.

2020-03-27T16:49:44.686Z - debug: The process cannot access the file because it is being used by another process.

2020-03-27T16:49:44.686Z - debug: The process cannot access the file because it is being used by another process.

2020-03-27T16:49:44.703Z - debug: The process cannot access the file because it is being used by another process.

2020-03-27T16:49:44.703Z - debug: The process cannot access the file because it is being used by another process.

2020-03-27T16:49:44.703Z - debug: The process cannot access the file because it is being used by another process.

2020-03-27T16:49:44.703Z - debug: The process cannot access the file because it is being used by another process.

2020-03-27T16:49:44.704Z - debug: The process cannot access the file because it is being used by another process.

2020-03-27T16:49:44.704Z - debug: The process cannot access the file because it is being used by another process.

2020-03-27T16:49:44.704Z - debug: The process cannot access the file because it is being used by another process.

2020-03-27T16:49:44.705Z - debug: The process cannot access the file because it is being used by another process.

2020-03-27T16:49:44.705Z - debug: The process cannot access the file because it is being used by another process.

2020-03-27T16:49:44.705Z - debug: The process cannot access the file because it is being used by another process.

2020-03-27T16:49:44.724Z - debug: The process cannot access the file because it is being used by another process.

2020-03-27T16:49:45.392Z - debug: The process cannot access the file because it is being used by another process.

2020-03-27T16:49:45.392Z - debug: The process cannot access the file because it is being used by another process.

2020-03-27T16:50:11.013Z - debug: The process cannot access the file because it is being used by another process.

2020-03-27T16:50:11.014Z - debug:  
2020-03-27T16:50:11.015Z - debug:  
2020-03-27T16:50:11.015Z - debug:  
2020-03-27T16:50:11.017Z - debug:  
2020-03-27T16:51:26.843Z - debug:  
2020-03-27T16:51:26.844Z - debug:  
2020-03-27T16:51:28.920Z - info: Pages built
2020-03-27T16:52:07.209Z - info: Website generation complete! Total build time: 273.272s
2020-03-27T16:52:07.209Z - info: Build success!
2020-03-27T16:52:07.263Z - info: Site data built
2020-03-27T16:52:44.442Z - info: Deployed!
2020-03-28T07:45:18.599Z - info: Website generation (lazy) started at 15:45:11
2020-03-28T07:45:24.688Z - info: Building assets...
2020-03-28T07:45:28.539Z - info: Assets built
2020-03-28T07:45:28.540Z - info: Generating landing page...
2020-03-28T07:45:30.807Z - info: Landing page built, other pages will be built as you navigate to them!
2020-03-28T07:45:30.918Z - info: Website generation (lazy) complete! Total build time: 19.623s
2020-03-28T07:45:31.278Z - info: Serving "C:\repos\nus-cs2113-AY1920S2\cs2113-website\_site" at http://127.0.0.1:8080
2020-03-28T07:45:31.278Z - info: Press CTRL+C to stop ...
2020-03-28T07:45:31.331Z - info: Site data built
2020-03-28T07:46:49.499Z - info: Building C:\repos\nus-cs2113-AY1920S2\cs2113-website\schedule\week11\tutorial as some of its dependencies were changed since the last visit
2020-03-28T07:46:50.315Z - info: Site data built
2020-03-28T07:46:50.316Z - info: Lazy website regeneration complete! Total build time: 0.817s
2020-03-28T07:48:03.045Z - info: [15:48:03] Reload for file change: C:\repos\nus-cs2113-AY1920S2\cs2113-website\schedule\week11\tutorial-cs2113.mbdf
2020-03-28T07:48:04.052Z - info: Rebuilding affected source files
2020-03-28T07:48:04.058Z - info: Rebuilding 1 pages
2020-03-28T07:48:04.708Z - info: Pages rebuilt
2020-03-28T07:48:04.709Z - info: Website regeneration complete! Total build time: 0.657s
2020-03-28T07:48:04.713Z - info: Site data built
2020-03-28T07:48:25.566Z - info: [15:48:25] Reload for file change: C:\repos\nus-cs2113-AY1920S2\cs2113-website\schedule\week11\tutorial-cs2113.mbdf
2020-03-28T07:48:26.570Z - info: Rebuilding affected source files
2020-03-28T07:48:26.572Z - info: Rebuilding 1 pages
2020-03-28T07:48:27.506Z - info: Pages rebuilt
2020-03-28T07:48:27.506Z - info: Website regeneration complete! Total build time: 0.936s
2020-03-28T07:48:27.516Z - info: Site data built
2020-03-28T07:50:03.183Z - info: [15:50:03] Reload for file change: C:\repos\nus-cs2113-AY1920S2\cs2113-website\schedule\week11\tutorial-cs2113.mbdf
2020-03-28T07:50:04.186Z - info: Rebuilding affected source files
2020-03-28T07:50:04.189Z - info: Rebuilding 1 pages
2020-03-28T07:50:05.108Z - info: Pages rebuilt
2020-03-28T07:50:05.109Z - info: Website regeneration complete! Total build time: 0.923s
2020-03-28T07:50:05.114Z - info: Site data built
2020-03-28T07:51:53.756Z - info: [15:51:53] Reload for file change: C:\repos\nus-cs2113-AY1920S2\cs2113-website\schedule\week11\tutorial-cs2113.mbdf
2020-03-28T07:51:54.758Z - info: Rebuilding affected source files
2020-03-28T07:51:54.765Z - info: Rebuilding 1 pages
2020-03-28T07:51:56.012Z - info: Pages rebuilt
2020-03-28T07:51:56.012Z - info: Website regeneration complete! Total build time: 1.253s
2020-03-28T07:51:56.021Z - info: Site data built
2020-03-28T07:53:26.415Z - info: [15:53:26] Reload for file change: C:\repos\nus-cs2113-AY1920S2\cs2113-website\schedule\week11\tutorial-cs2113.mbdf
2020-03-28T07:53:27.421Z - info: Rebuilding affected source files
2020-03-28T07:53:27.426Z - info: Rebuilding 1 pages
2020-03-28T07:53:28.582Z - info: Pages rebuilt
2020-03-28T07:53:28.583Z - info: Website regeneration complete! Total build time: 1.162s
2020-03-28T07:53:28.586Z - info: Site data built
2020-03-28T07:54:29.650Z - info: [15:54:29] Reload for file change: C:\repos\nus-cs2113-AY1920S2\cs2113-website\schedule\week11\tutorial-cs2113.mbdf
2020-03-28T07:54:30.653Z - info: Rebuilding affected source files
2020-03-28T07:54:30.674Z - info: Rebuilding 1 pages
2020-03-28T07:54:32.133Z - info: Pages rebuilt
2020-03-28T07:54:32.133Z - info: Website regeneration complete! Total build time: 1.476s
2020-03-28T07:54:32.139Z - info: Site data built
2020-03-28T07:58:48.912Z - info: [15:58:48] Reload for file change: C:\repos\nus-cs2113-AY1920S2\cs2113-website\schedule\week11\tutorial-cs2113.mbdf
2020-03-28T07:58:49.919Z - info: Rebuilding affected source files
2020-03-28T07:58:49.923Z - info: Rebuilding 1 pages
2020-03-28T07:58:51.184Z - info: Pages rebuilt
2020-03-28T07:58:51.184Z - info: Website regeneration complete! Total build time: 1.264s
2020-03-28T07:58:51.187Z - info: Site data built
2020-03-28T07:59:42.130Z - info: [15:59:42] Reload for file change: C:\repos\nus-cs2113-AY1920S2\cs2113-website\schedule\week11\tutorial-cs2113.mbdf
2020-03-28T07:59:43.135Z - info: Rebuilding affected source files
2020-03-28T07:59:43.136Z - info: Rebuilding 1 pages
2020-03-28T07:59:44.303Z - info: Pages rebuilt
2020-03-28T07:59:44.304Z - info: Website regeneration complete! Total build time: 1.169s
2020-03-28T07:59:44.307Z - info: Site data built
2020-03-28T08:00:59.943Z - info: [16:00:59] Reload for file change: C:\repos\nus-cs2113-AY1920S2\cs2113-website\schedule\week11\tutorial-cs2113.mbdf
2020-03-28T08:01:00.952Z - info: Rebuilding affected source files
2020-03-28T08:01:00.960Z - info: Rebuilding 1 pages
2020-03-28T08:01:02.256Z - info: Pages rebuilt
2020-03-28T08:01:02.256Z - info: Website regeneration complete! Total build time: 1.304s
2020-03-28T08:01:02.264Z - info: Site data built
2020-03-28T08:01:26.495Z - info: [16:01:26] Reload for file change: C:\repos\nus-cs2113-AY1920S2\cs2113-website\schedule\week11\tutorial-cs2113.mbdf
2020-03-28T08:01:27.504Z - info: Rebuilding affected source files
2020-03-28T08:01:27.504Z - info: Rebuilding 1 pages
2020-03-28T08:01:28.505Z - info: Pages rebuilt
2020-03-28T08:01:28.505Z - info: Website regeneration complete! Total build time: 1.001s
2020-03-28T08:01:28.508Z - info: Site data built
2020-03-28T08:02:48.038Z - info: [16:02:48] Reload for file change: C:\repos\nus-cs2113-AY1920S2\cs2113-website\schedule\week11\tutorial-cs2113.mbdf
2020-03-28T08:02:49.046Z - info: Rebuilding affected source files
2020-03-28T08:02:49.046Z - info: Rebuilding 1 pages
2020-03-28T08:02:50.941Z - info: Pages rebuilt
2020-03-28T08:02:50.941Z - info: Website regeneration complete! Total build time: 1.895s
2020-03-28T08:02:50.945Z - info: Site data built
2020-03-28T08:03:23.938Z - info: [16:03:23] Reload for file change: C:\repos\nus-cs2113-AY1920S2\cs2113-website\schedule\week11\tutorial-cs2113.mbdf
2020-03-28T08:03:24.949Z - info: Rebuilding affected source files
2020-03-28T08:03:24.957Z - info: Rebuilding 1 pages
2020-03-28T08:03:26.309Z - info: Pages rebuilt
2020-03-28T08:03:26.309Z - info: Website regeneration complete! Total build time: 1.36s
2020-03-28T08:03:26.369Z - info: Site data built
2020-03-28T08:08:05.871Z - info: [16:08:05] Reload for file change: C:\repos\nus-cs2113-AY1920S2\cs2113-website\schedule\week11\tutorial-cs2113.mbdf
2020-03-28T08:08:06.880Z - info: Rebuilding affected source files
2020-03-28T08:08:06.884Z - info: Rebuilding 1 pages
2020-03-28T08:08:08.772Z - info: Pages rebuilt
2020-03-28T08:08:08.772Z - info: Website regeneration complete! Total build time: 1.892s
2020-03-28T08:08:08.776Z - info: Site data built
2020-03-28T08:10:48.883Z - info: [16:10:48] Reload for file change: C:\repos\nus-cs2113-AY1920S2\cs2113-website\schedule\week11\tutorial-cs2113.mbdf
2020-03-28T08:10:49.891Z - info: Rebuilding affected source files
2020-03-28T08:10:49.895Z - info: Rebuilding 1 pages
2020-03-28T08:10:51.886Z - info: Pages rebuilt
2020-03-28T08:10:51.886Z - info: Website regeneration complete! Total build time: 1.995s
2020-03-28T08:10:51.890Z - info: Site data built
2020-03-28T08:13:09.195Z - info: [16:13:09] Reload for file change: C:\repos\nus-cs2113-AY1920S2\cs2113-website\schedule\week11\tutorial-cs2113.mbdf
2020-03-28T08:13:10.199Z - info: Rebuilding affected source files
2020-03-28T08:13:10.199Z - info: Rebuilding 1 pages
2020-03-28T08:13:11.523Z - info: Pages rebuilt
2020-03-28T08:13:11.523Z - info: Website regeneration complete! Total build time: 1.324s
2020-03-28T08:13:11.671Z - info: Site data built
2020-03-28T08:13:35.524Z - info: [16:13:35] Reload for file change: C:\repos\nus-cs2113-AY1920S2\cs2113-website\schedule\week11\tutorial-cs2113.mbdf
2020-03-28T08:13:36.529Z - info: Rebuilding affected source files
2020-03-28T08:13:36.529Z - info: Rebuilding 1 pages
2020-03-28T08:13:38.426Z - info: Pages rebuilt
2020-03-28T08:13:38.426Z - info: Website regeneration complete! Total build time: 1.897s
2020-03-28T08:13:38.426Z - info: Site data built
2020-03-28T08:14:02.388Z - info: [16:14:02] Reload for file change: C:\repos\nus-cs2113-AY1920S2\cs2113-website\schedule\week11\tutorial-cs2113.mbdf
2020-03-28T08:14:03.398Z - info: Rebuilding affected source files
2020-03-28T08:14:03.398Z - info: Rebuilding 1 pages
2020-03-28T08:14:05.293Z - info: Pages rebuilt
2020-03-28T08:14:05.297Z - info: Website regeneration complete! Total build time: 1.899s
2020-03-28T08:14:05.317Z - info: Site data built
2020-03-28T08:14:19.521Z - info: [16:14:19] Reload for file change: C:\repos\nus-cs2113-AY1920S2\cs2113-website\schedule\week11\tutorial-cs2113.mbdf
2020-03-28T08:14:20.523Z - info: Rebuilding affected source files
2020-03-28T08:14:20.523Z - info: Rebuilding 1 pages
2020-03-28T08:14:22.155Z - info: Pages rebuilt
2020-03-28T08:14:22.155Z - info: Website regeneration complete! Total build time: 1.632s
2020-03-28T08:14:22.159Z - info: Site data built
2020-03-28T08:16:14.005Z - info: [16:16:14] Reload for file change: C:\repos\nus-cs2113-AY1920S2\cs2113-website\schedule\week11\tutorial-cs2113.mbdf
2020-03-28T08:16:15.009Z - info: Rebuilding affected source files
2020-03-28T08:16:15.013Z - info: Rebuilding 1 pages
2020-03-28T08:16:16.958Z - info: Pages rebuilt
2020-03-28T08:16:16.958Z - info: Website regeneration complete! Total build time: 1.949s
2020-03-28T08:16:16.958Z - info: Site data built
2020-03-28T08:19:24.446Z - info: [16:19:24] Reload for file change: C:\repos\nus-cs2113-AY1920S2\cs2113-website\schedule\week11\tutorial-cs2113.mbdf
2020-03-28T08:19:25.454Z - info: Rebuilding affected source files
2020-03-28T08:19:25.458Z - info: Rebuilding 1 pages
2020-03-28T08:19:27.139Z - info: Pages rebuilt
2020-03-28T08:19:27.139Z - info: Website regeneration complete! Total build time: 1.685s
2020-03-28T08:19:27.207Z - info: Site data built
2020-03-28T08:21:04.944Z - info: [16:21:04] Reload for file change: C:\repos\nus-cs2113-AY1920S2\cs2113-website\schedule\week11\tutorial-cs2113.mbdf
2020-03-28T08:21:05.954Z - info: Rebuilding affected source files
2020-03-28T08:21:05.958Z - info: Rebuilding 1 pages
2020-03-28T08:21:08.286Z - info: Pages rebuilt
2020-03-28T08:21:08.286Z - info: Website regeneration complete! Total build time: 2.332s
2020-03-28T08:21:08.294Z - info: Site data built
2020-03-28T08:21:46.420Z - info: [16:21:46] Reload for file change: C:\repos\nus-cs2113-AY1920S2\cs2113-website\schedule\week11\tutorial-cs2113.mbdf
2020-03-28T08:21:47.428Z - info: Rebuilding affected source files
2020-03-28T08:21:47.432Z - info: Rebuilding 1 pages
2020-03-28T08:21:49.808Z - info: Pages rebuilt
2020-03-28T08:21:49.812Z - info: Website regeneration complete! Total build time: 2.38s
2020-03-28T08:21:49.880Z - info: Site data built
2020-03-28T08:22:11.311Z - info: [16:22:11] Reload for file change: C:\repos\nus-cs2113-AY1920S2\cs2113-website\schedule\week11\tutorial-cs2113.mbdf
2020-03-28T08:22:12.318Z - info: Rebuilding affected source files
2020-03-28T08:22:12.318Z - info: Rebuilding 1 pages
2020-03-28T08:22:14.298Z - info: Pages rebuilt
2020-03-28T08:22:14.298Z - info: Website regeneration complete! Total build time: 1.98s
2020-03-28T08:22:14.302Z - info: Site data built
2020-03-28T08:23:48.824Z - info: [16:23:48] Reload for file change: C:\repos\nus-cs2113-AY1920S2\cs2113-website\schedule\week11\tutorial-cs2113.mbdf
2020-03-28T08:23:49.831Z - info: Rebuilding affected source files
2020-03-28T08:23:49.831Z - info: Rebuilding 1 pages
2020-03-28T08:23:51.796Z - info: Pages rebuilt
2020-03-28T08:23:51.796Z - info: Website regeneration complete! Total build time: 1.965s
2020-03-28T08:23:51.904Z - info: Site data built
2020-03-28T08:24:18.651Z - info: [16:24:18] Reload for file change: C:\repos\nus-cs2113-AY1920S2\cs2113-website\schedule\week11\tutorial-cs2113.mbdf
2020-03-28T08:24:19.673Z - info: Rebuilding affected source files
2020-03-28T08:24:19.677Z - info: Rebuilding 1 pages
2020-03-28T08:24:21.314Z - info: Pages rebuilt
2020-03-28T08:24:21.314Z - info: Website regeneration complete! Total build time: 1.641s
2020-03-28T08:24:21.330Z - info: Site data built
2020-03-28T08:29:44.275Z - info: [16:29:44] Reload for file change: C:\repos\nus-cs2113-AY1920S2\cs2113-website\schedule\week11\tutorial-cs2113.mbdf
2020-03-28T08:29:45.281Z - info: Rebuilding affected source files
2020-03-28T08:29:45.285Z - info: Rebuilding 1 pages
2020-03-28T08:29:47.293Z - info: Pages rebuilt
2020-03-28T08:29:47.297Z - info: Website regeneration complete! Total build time: 2.012s
2020-03-28T08:29:47.365Z - info: Site data built
2020-03-28T08:30:13.336Z - info: [16:30:13] Reload for file change: C:\repos\nus-cs2113-AY1920S2\cs2113-website\schedule\week11\tutorial-cs2113.mbdf
2020-03-28T08:30:14.343Z - info: Rebuilding affected source files
2020-03-28T08:30:14.347Z - info: Rebuilding 1 pages
2020-03-28T08:30:16.711Z - info: Pages rebuilt
2020-03-28T08:30:16.711Z - info: Website regeneration complete! Total build time: 2.368s
2020-03-28T08:30:16.715Z - info: Site data built
2020-03-28T08:45:04.279Z - info: Website generation started at 16:45:01
2020-03-28T08:45:08.405Z - info: Building assets...
