2020-04-11T16:01:49.294Z - info: [12:01:49 AM] Reload for file change: C:\repos\nus-cs2113-AY1920S2\cs2113-website\admin\forum-activities-dashboard-panels.mbdf
2020-04-11T16:01:50.313Z - info: Rebuilding affected source files
2020-04-11T16:01:50.321Z - info: Rebuilding 1 pages
2020-04-11T16:01:53.690Z - info: Pages rebuilt
2020-04-11T16:01:53.691Z - info: Website regeneration complete! Total build time: 3.377s
2020-04-11T16:01:53.759Z - info: Site data built
2020-04-11T16:04:01.036Z - info: [12:04:01 AM] Reload for file change: C:\repos\nus-cs2113-AY1920S2\cs2113-website\admin\forum-activities-dashboard-panels.mbdf
2020-04-11T16:04:02.054Z - info: Rebuilding affected source files
2020-04-11T16:04:02.060Z - info: Rebuilding 1 pages
2020-04-11T16:04:04.828Z - info: Pages rebuilt
2020-04-11T16:04:04.828Z - info: Website regeneration complete! Total build time: 2.773s
2020-04-11T16:04:04.873Z - info: Site data built
2020-04-11T16:04:15.648Z - info: [12:04:15 AM] Reload for file change: C:\repos\nus-cs2113-AY1920S2\cs2113-website\admin\forum-activities-dashboard-panels.mbdf
2020-04-11T16:04:16.650Z - info: Rebuilding affected source files
2020-04-11T16:04:16.652Z - info: Rebuilding 1 pages
2020-04-11T16:04:18.172Z - info: Pages rebuilt
2020-04-11T16:04:18.173Z - info: Website regeneration complete! Total build time: 1.521s
2020-04-11T16:04:18.182Z - info: Site data built
2020-04-11T16:04:24.251Z - info: [12:04:24 AM] Reload for file change: C:\repos\nus-cs2113-AY1920S2\cs2113-website\admin\forum-activities-dashboard-panels.mbdf
2020-04-11T16:04:25.256Z - info: Rebuilding affected source files
2020-04-11T16:04:25.258Z - info: Rebuilding 1 pages
2020-04-11T16:04:26.548Z - info: Pages rebuilt
2020-04-11T16:04:26.548Z - info: Website regeneration complete! Total build time: 1.292s
2020-04-11T16:04:26.553Z - info: Site data built
2020-04-11T16:04:32.129Z - info: [12:04:32 AM] Reload for file change: C:\repos\nus-cs2113-AY1920S2\cs2113-website\admin\forum-activities-dashboard-panels.mbdf
2020-04-11T16:04:33.135Z - info: Rebuilding affected source files
2020-04-11T16:04:33.139Z - info: Rebuilding 1 pages
2020-04-11T16:04:34.156Z - info: Pages rebuilt
2020-04-11T16:04:34.157Z - info: Website regeneration complete! Total build time: 1.02s
2020-04-11T16:04:34.161Z - info: Site data built
2020-04-11T16:04:41.265Z - info: [12:04:41 AM] Reload for file change: C:\repos\nus-cs2113-AY1920S2\cs2113-website\admin\forum-activities-dashboard-panels.mbdf
2020-04-11T16:04:42.269Z - info: Rebuilding affected source files
2020-04-11T16:04:42.270Z - info: Rebuilding 1 pages
2020-04-11T16:04:43.193Z - info: Pages rebuilt
2020-04-11T16:04:43.193Z - info: Website regeneration complete! Total build time: 0.924s
2020-04-11T16:04:43.238Z - info: Site data built
2020-04-11T16:04:51.149Z - info: [12:04:51 AM] Reload for file change: C:\repos\nus-cs2113-AY1920S2\cs2113-website\admin\forum-activities-dashboard-panels.mbdf
2020-04-11T16:04:52.156Z - info: Rebuilding affected source files
2020-04-11T16:04:52.159Z - info: Rebuilding 1 pages
2020-04-11T16:04:53.197Z - info: Pages rebuilt
2020-04-11T16:04:53.197Z - info: Website regeneration complete! Total build time: 1.041s
2020-04-11T16:04:53.201Z - info: Site data built
2020-04-11T16:05:03.853Z - info: [12:05:03 AM] Reload for file change: C:\repos\nus-cs2113-AY1920S2\cs2113-website\admin\forum-activities-dashboard-panels.mbdf
2020-04-11T16:05:04.860Z - info: Rebuilding affected source files
2020-04-11T16:05:04.863Z - info: Rebuilding 1 pages
2020-04-11T16:05:05.623Z - info: Pages rebuilt
2020-04-11T16:05:05.623Z - info: Website regeneration complete! Total build time: 0.762s
2020-04-11T16:05:05.628Z - info: Site data built
2020-04-11T16:05:18.057Z - info: [12:05:18 AM] Reload for file change: C:\repos\nus-cs2113-AY1920S2\cs2113-website\admin\forum-activities-dashboard-panels.mbdf
2020-04-11T16:05:19.072Z - info: Rebuilding affected source files
2020-04-11T16:05:19.075Z - info: Rebuilding 1 pages
2020-04-11T16:05:19.498Z - info: Pages rebuilt
2020-04-11T16:05:19.498Z - info: Website regeneration complete! Total build time: 0.425s
2020-04-11T16:05:19.501Z - info: Site data built
2020-04-11T16:05:30.732Z - info: [12:05:30 AM] Reload for file change: C:\repos\nus-cs2113-AY1920S2\cs2113-website\admin\forum-activities-dashboard-panels.mbdf
2020-04-11T16:05:31.741Z - info: Rebuilding affected source files
2020-04-11T16:05:31.743Z - info: Rebuilding 1 pages
2020-04-11T16:05:32.320Z - info: Pages rebuilt
2020-04-11T16:05:32.320Z - info: Website regeneration complete! Total build time: 0.579s
2020-04-11T16:05:32.326Z - info: Site data built
2020-04-11T16:05:41.206Z - info: [12:05:41 AM] Reload for file change: C:\repos\nus-cs2113-AY1920S2\cs2113-website\admin\forum-activities-dashboard-panels.mbdf
2020-04-11T16:05:42.211Z - info: Rebuilding affected source files
2020-04-11T16:05:42.214Z - info: Rebuilding 1 pages
2020-04-11T16:05:42.664Z - info: Pages rebuilt
2020-04-11T16:05:42.665Z - info: Website regeneration complete! Total build time: 0.454s
2020-04-11T16:05:42.683Z - info: Site data built
2020-04-11T16:06:03.953Z - info: [12:06:03 AM] Reload for file change: C:\repos\nus-cs2113-AY1920S2\cs2113-website\admin\forum-activities-dashboard-panels.mbdf
2020-04-11T16:06:04.959Z - info: Rebuilding affected source files
2020-04-11T16:06:04.962Z - info: Rebuilding 1 pages
2020-04-11T16:06:05.380Z - info: Pages rebuilt
2020-04-11T16:06:05.381Z - info: Website regeneration complete! Total build time: 0.422s
2020-04-11T16:06:05.385Z - info: Site data built
2020-04-11T16:06:10.736Z - info: [12:06:10 AM] Reload for file change: C:\repos\nus-cs2113-AY1920S2\cs2113-website\admin\forum-activities-dashboard-panels.mbdf
2020-04-11T16:06:11.742Z - info: Rebuilding affected source files
2020-04-11T16:06:11.745Z - info: Rebuilding 1 pages
2020-04-11T16:06:12.316Z - info: Pages rebuilt
2020-04-11T16:06:12.316Z - info: Website regeneration complete! Total build time: 0.574s
2020-04-11T16:06:12.319Z - info: Site data built
2020-04-11T16:06:17.894Z - info: [12:06:17 AM] Reload for file change: C:\repos\nus-cs2113-AY1920S2\cs2113-website\admin\forum-activities-dashboard-panels.mbdf
2020-04-11T16:06:18.901Z - info: Rebuilding affected source files
2020-04-11T16:06:18.904Z - info: Rebuilding 1 pages
2020-04-11T16:06:19.359Z - info: Pages rebuilt
2020-04-11T16:06:19.359Z - info: Website regeneration complete! Total build time: 0.458s
2020-04-11T16:06:19.361Z - info: Site data built
2020-04-11T16:06:25.921Z - info: [12:06:25 AM] Reload for file change: C:\repos\nus-cs2113-AY1920S2\cs2113-website\admin\forum-activities-dashboard-panels.mbdf
2020-04-11T16:06:26.925Z - info: Rebuilding affected source files
2020-04-11T16:06:26.928Z - info: Rebuilding 1 pages
2020-04-11T16:06:27.461Z - info: Pages rebuilt
2020-04-11T16:06:27.461Z - info: Website regeneration complete! Total build time: 0.536s
2020-04-11T16:06:27.467Z - info: Site data built
2020-04-11T16:06:43.189Z - info: [12:06:43 AM] Reload for file change: C:\repos\nus-cs2113-AY1920S2\cs2113-website\admin\forum-activities-dashboard-panels.mbdf
2020-04-11T16:06:44.192Z - info: Rebuilding affected source files
2020-04-11T16:06:44.194Z - info: Rebuilding 1 pages
2020-04-11T16:06:44.617Z - info: Pages rebuilt
2020-04-11T16:06:44.617Z - info: Website regeneration complete! Total build time: 0.424s
2020-04-11T16:06:44.620Z - info: Site data built
2020-04-11T16:07:04.717Z - info: [12:07:04 AM] Reload for file change: C:\repos\nus-cs2113-AY1920S2\cs2113-website\admin\forum-activities-dashboard-panels.mbdf
2020-04-11T16:07:05.727Z - info: Rebuilding affected source files
2020-04-11T16:07:05.732Z - info: Rebuilding 1 pages
2020-04-11T16:07:06.680Z - info: Pages rebuilt
2020-04-11T16:07:06.680Z - info: Website regeneration complete! Total build time: 0.953s
2020-04-11T16:07:06.690Z - info: Site data built
2020-04-11T16:07:17.823Z - info: [12:07:17 AM] Reload for file change: C:\repos\nus-cs2113-AY1920S2\cs2113-website\admin\forum-activities-dashboard-panels.mbdf
2020-04-11T16:07:18.834Z - info: Rebuilding affected source files
2020-04-11T16:07:18.837Z - info: Rebuilding 1 pages
2020-04-11T16:07:19.697Z - info: Pages rebuilt
2020-04-11T16:07:19.697Z - info: Website regeneration complete! Total build time: 0.863s
2020-04-11T16:07:19.700Z - info: Site data built
2020-04-11T16:07:41.968Z - info: [12:07:41 AM] Reload for file change: C:\repos\nus-cs2113-AY1920S2\cs2113-website\admin\forum-activities-dashboard-panels.mbdf
2020-04-11T16:07:42.980Z - info: Rebuilding affected source files
2020-04-11T16:07:42.982Z - info: Rebuilding 1 pages
2020-04-11T16:07:43.474Z - info: Pages rebuilt
2020-04-11T16:07:43.474Z - info: Website regeneration complete! Total build time: 0.494s
2020-04-11T16:07:43.478Z - info: Site data built
2020-04-11T16:07:48.025Z - info: [12:07:48 AM] Reload for file change: C:\repos\nus-cs2113-AY1920S2\cs2113-website\admin\forum-activities-dashboard-panels.mbdf
2020-04-11T16:07:49.039Z - info: Rebuilding affected source files
2020-04-11T16:07:49.041Z - info: Rebuilding 1 pages
2020-04-11T16:07:49.511Z - info: Pages rebuilt
2020-04-11T16:07:49.511Z - info: Website regeneration complete! Total build time: 0.472s
2020-04-11T16:07:49.514Z - info: Site data built
2020-04-11T16:08:12.525Z - info: [12:08:12 AM] Reload for file change: C:\repos\nus-cs2113-AY1920S2\cs2113-website\admin\forum-activities-dashboard-panels.mbdf
2020-04-11T16:08:13.529Z - info: Rebuilding affected source files
2020-04-11T16:08:13.532Z - info: Rebuilding 1 pages
2020-04-11T16:08:14.125Z - info: Pages rebuilt
2020-04-11T16:08:14.125Z - info: Website regeneration complete! Total build time: 0.595s
2020-04-11T16:08:14.128Z - info: Site data built
2020-04-11T16:08:26.067Z - info: [12:08:26 AM] Reload for file change: C:\repos\nus-cs2113-AY1920S2\cs2113-website\admin\forum-activities-dashboard-panels.mbdf
2020-04-11T16:08:27.073Z - info: Rebuilding affected source files
2020-04-11T16:08:27.076Z - info: Rebuilding 1 pages
2020-04-11T16:08:27.654Z - info: Pages rebuilt
2020-04-11T16:08:27.654Z - info: Website regeneration complete! Total build time: 0.58s
2020-04-11T16:08:27.656Z - info: Site data built
2020-04-11T16:08:32.062Z - info: [12:08:32 AM] Reload for file change: C:\repos\nus-cs2113-AY1920S2\cs2113-website\admin\forum-activities-dashboard-panels.mbdf
2020-04-11T16:08:33.076Z - info: Rebuilding affected source files
2020-04-11T16:08:33.079Z - info: Rebuilding 1 pages
2020-04-11T16:08:33.555Z - info: Pages rebuilt
2020-04-11T16:08:33.555Z - info: Website regeneration complete! Total build time: 0.478s
2020-04-11T16:08:33.596Z - info: Site data built
2020-04-11T16:08:40.274Z - info: [12:08:40 AM] Reload for file change: C:\repos\nus-cs2113-AY1920S2\cs2113-website\admin\forum-activities-dashboard-panels.mbdf
2020-04-11T16:08:41.280Z - info: Rebuilding affected source files
2020-04-11T16:08:41.282Z - info: Rebuilding 1 pages
2020-04-11T16:08:41.901Z - info: Pages rebuilt
2020-04-11T16:08:41.901Z - info: Website regeneration complete! Total build time: 0.621s
2020-04-11T16:08:41.904Z - info: Site data built
2020-04-11T16:08:45.113Z - info: [12:08:45 AM] Reload for file change: C:\repos\nus-cs2113-AY1920S2\cs2113-website\admin\forum-activities-dashboard-panels.mbdf
2020-04-11T16:08:46.127Z - info: Rebuilding affected source files
2020-04-11T16:08:46.130Z - info: Rebuilding 1 pages
2020-04-11T16:08:46.650Z - info: Pages rebuilt
2020-04-11T16:08:46.650Z - info: Website regeneration complete! Total build time: 0.522s
2020-04-11T16:08:46.656Z - info: Site data built
2020-04-11T16:09:07.690Z - info: [12:09:07 AM] Reload for file change: C:\repos\nus-cs2113-AY1920S2\cs2113-website\admin\forum-activities-dashboard-panels.mbdf
2020-04-11T16:09:08.728Z - info: Rebuilding affected source files
2020-04-11T16:09:08.735Z - info: Rebuilding 1 pages
2020-04-11T16:09:09.229Z - info: Pages rebuilt
2020-04-11T16:09:09.229Z - info: Website regeneration complete! Total build time: 0.5s
2020-04-11T16:09:09.232Z - info: Site data built
2020-04-11T16:09:19.912Z - info: [12:09:19 AM] Reload for file change: C:\repos\nus-cs2113-AY1920S2\cs2113-website\admin\forum-activities-dashboard-panels.mbdf
2020-04-11T16:09:20.919Z - info: Rebuilding affected source files
2020-04-11T16:09:20.926Z - info: Rebuilding 1 pages
2020-04-11T16:09:21.543Z - info: Pages rebuilt
2020-04-11T16:09:21.544Z - info: Website regeneration complete! Total build time: 0.624s
2020-04-11T16:09:21.546Z - info: Site data built
2020-04-11T16:09:27.167Z - info: [12:09:27 AM] Reload for file change: C:\repos\nus-cs2113-AY1920S2\cs2113-website\admin\forum-activities-dashboard-panels.mbdf
2020-04-11T16:09:28.180Z - info: Rebuilding affected source files
2020-04-11T16:09:28.183Z - info: Rebuilding 1 pages
2020-04-11T16:09:28.593Z - info: Pages rebuilt
2020-04-11T16:09:28.594Z - info: Website regeneration complete! Total build time: 0.413s
2020-04-11T16:09:28.596Z - info: Site data built
2020-04-11T16:09:34.482Z - info: [12:09:34 AM] Reload for file change: C:\repos\nus-cs2113-AY1920S2\cs2113-website\admin\forum-activities-dashboard-panels.mbdf
2020-04-11T16:09:35.496Z - info: Rebuilding affected source files
2020-04-11T16:09:35.499Z - info: Rebuilding 1 pages
2020-04-11T16:09:36.016Z - info: Pages rebuilt
2020-04-11T16:09:36.016Z - info: Website regeneration complete! Total build time: 0.52s
2020-04-11T16:09:36.034Z - info: Site data built
2020-04-11T16:09:41.329Z - info: [12:09:41 AM] Reload for file change: C:\repos\nus-cs2113-AY1920S2\cs2113-website\admin\forum-activities-dashboard-panels.mbdf
2020-04-11T16:09:42.360Z - info: Rebuilding affected source files
2020-04-11T16:09:42.362Z - info: Rebuilding 1 pages
2020-04-11T16:09:42.839Z - info: Pages rebuilt
2020-04-11T16:09:42.839Z - info: Website regeneration complete! Total build time: 0.478s
2020-04-11T16:09:42.846Z - info: Site data built
2020-04-11T16:09:46.621Z - info: [12:09:46 AM] Reload for file change: C:\repos\nus-cs2113-AY1920S2\cs2113-website\admin\forum-activities-dashboard-panels.mbdf
2020-04-11T16:09:47.629Z - info: Rebuilding affected source files
2020-04-11T16:09:47.631Z - info: Rebuilding 1 pages
2020-04-11T16:09:48.188Z - info: Pages rebuilt
2020-04-11T16:09:48.188Z - info: Website regeneration complete! Total build time: 0.559s
2020-04-11T16:09:48.191Z - info: Site data built
2020-04-11T16:09:56.490Z - info: [12:09:56 AM] Reload for file change: C:\repos\nus-cs2113-AY1920S2\cs2113-website\admin\forum-activities-dashboard-panels.mbdf
2020-04-11T16:09:57.499Z - info: Rebuilding affected source files
2020-04-11T16:09:57.501Z - info: Rebuilding 1 pages
2020-04-11T16:09:58.023Z - info: Pages rebuilt
2020-04-11T16:09:58.023Z - info: Website regeneration complete! Total build time: 0.524s
2020-04-11T16:09:58.028Z - info: Site data built
2020-04-11T16:10:03.780Z - info: [12:10:03 AM] Reload for file change: C:\repos\nus-cs2113-AY1920S2\cs2113-website\admin\forum-activities-dashboard-panels.mbdf
2020-04-11T16:10:04.793Z - info: Rebuilding affected source files
2020-04-11T16:10:04.802Z - info: Rebuilding 1 pages
2020-04-11T16:10:05.263Z - info: Pages rebuilt
2020-04-11T16:10:05.263Z - info: Website regeneration complete! Total build time: 0.47s
2020-04-11T16:10:05.266Z - info: Site data built
2020-04-11T16:10:09.501Z - info: [12:10:09 AM] Reload for file change: C:\repos\nus-cs2113-AY1920S2\cs2113-website\admin\forum-activities-dashboard-panels.mbdf
2020-04-11T16:10:10.507Z - info: Rebuilding affected source files
2020-04-11T16:10:10.508Z - info: Rebuilding 1 pages
2020-04-11T16:10:10.924Z - info: Pages rebuilt
2020-04-11T16:10:10.924Z - info: Website regeneration complete! Total build time: 0.417s
2020-04-11T16:10:10.927Z - info: Site data built
2020-04-11T16:10:50.987Z - info: [12:10:50 AM] Reload for file change: C:\repos\nus-cs2113-AY1920S2\cs2113-website\admin\forum-activities-dashboard-panels.mbdf
2020-04-11T16:10:52.001Z - info: Rebuilding affected source files
2020-04-11T16:10:52.004Z - info: Rebuilding 1 pages
2020-04-11T16:10:52.922Z - info: Pages rebuilt
2020-04-11T16:10:52.923Z - info: Website regeneration complete! Total build time: 0.922s
2020-04-11T16:10:52.933Z - info: Site data built
2020-04-11T16:11:06.764Z - info: [12:11:06 AM] Reload for file change: C:\repos\nus-cs2113-AY1920S2\cs2113-website\admin\forum-activities-dashboard-panels.mbdf
2020-04-11T16:11:07.784Z - info: Rebuilding affected source files
2020-04-11T16:11:07.787Z - info: Rebuilding 1 pages
2020-04-11T16:11:08.490Z - info: Pages rebuilt
2020-04-11T16:11:08.490Z - info: Website regeneration complete! Total build time: 0.706s
2020-04-11T16:11:08.526Z - info: Site data built
2020-04-11T16:13:10.181Z - info: [12:13:10 AM] Reload for file change: C:\repos\nus-cs2113-AY1920S2\cs2113-website\admin\forum-activities-dashboard-panels.mbdf
2020-04-11T16:13:11.197Z - info: Rebuilding affected source files
2020-04-11T16:13:11.208Z - info: Rebuilding 1 pages
2020-04-11T16:13:14.254Z - info: Pages rebuilt
2020-04-11T16:13:14.254Z - info: Website regeneration complete! Total build time: 3.048s
2020-04-11T16:13:14.258Z - info: Site data built
2020-04-11T16:15:41.569Z - info: [12:15:41 AM] Reload for file change: C:\repos\nus-cs2113-AY1920S2\cs2113-website\admin\forum-activities-dashboard-panels.mbdf
2020-04-11T16:15:42.590Z - info: Rebuilding affected source files
2020-04-11T16:15:42.595Z - info: Rebuilding 1 pages
2020-04-11T16:15:45.917Z - info: Pages rebuilt
2020-04-11T16:15:45.917Z - info: Website regeneration complete! Total build time: 3.327s
2020-04-11T16:15:45.923Z - info: Site data built
2020-04-11T16:16:03.809Z - info: Building C:\repos\nus-cs2113-AY1920S2\cs2113-website\schedule\week13\tutorial as some of its dependencies were changed since the last visit
2020-04-11T16:16:04.211Z - info: Site data built
2020-04-11T16:16:04.212Z - info: Lazy website regeneration complete! Total build time: 0.403s
2020-04-11T16:16:25.759Z - info: [12:16:25 AM] Reload for file change: C:\repos\nus-cs2113-AY1920S2\cs2113-website\schedule\week13\tutorial-cs2113.mbdf
2020-04-11T16:16:26.765Z - info: Rebuilding affected source files
2020-04-11T16:16:26.768Z - info: Rebuilding 1 pages
2020-04-11T16:16:27.256Z - info: Pages rebuilt
2020-04-11T16:16:27.257Z - info: Website regeneration complete! Total build time: 0.491s
2020-04-11T16:16:27.265Z - info: Site data built
2020-04-11T16:16:33.183Z - info: [12:16:33 AM] Reload for file change: C:\repos\nus-cs2113-AY1920S2\cs2113-website\schedule\week13\tutorial-cs2113.mbdf
2020-04-11T16:16:34.185Z - info: Rebuilding affected source files
2020-04-11T16:16:34.187Z - info: Rebuilding 1 pages
2020-04-11T16:16:34.434Z - info: Pages rebuilt
2020-04-11T16:16:34.434Z - info: Website regeneration complete! Total build time: 0.248s
2020-04-11T16:16:34.438Z - info: Site data built
2020-04-11T16:17:44.580Z - info: [12:17:44 AM] Reload for file change: C:\repos\nus-cs2113-AY1920S2\cs2113-website\schedule\week13\tutorial-cs2113.mbdf
2020-04-11T16:17:45.581Z - info: Rebuilding affected source files
2020-04-11T16:17:45.583Z - info: Rebuilding 1 pages
2020-04-11T16:17:45.900Z - info: Pages rebuilt
2020-04-11T16:17:45.901Z - info: Website regeneration complete! Total build time: 0.32s
2020-04-11T16:17:45.906Z - info: Site data built
2020-04-11T16:19:30.166Z - info: [12:19:30 AM] Reload for file change: C:\repos\nus-cs2113-AY1920S2\cs2113-website\schedule\week13\tutorial-cs2113.mbdf
2020-04-11T16:19:31.174Z - info: Rebuilding affected source files
2020-04-11T16:19:31.176Z - info: Rebuilding 1 pages
2020-04-11T16:19:31.853Z - info: Pages rebuilt
2020-04-11T16:19:31.853Z - info: Website regeneration complete! Total build time: 0.679s
2020-04-11T16:19:31.857Z - info: Site data built
2020-04-11T16:45:25.868Z - info: [12:45:25 AM] Reload for file change: C:\repos\nus-cs2113-AY1920S2\cs2113-website\admin\tp-progress-dashboard-table.mbdf
2020-04-11T16:45:26.883Z - info: Rebuilding affected source files
2020-04-11T16:45:26.907Z - info: Rebuilding 1 pages
2020-04-11T16:45:31.106Z - info: Pages rebuilt
2020-04-11T16:45:31.106Z - info: Website regeneration complete! Total build time: 4.223s
2020-04-11T16:45:31.113Z - info: Site data built
2020-04-11T16:48:33.482Z - info: [12:48:33 AM] Reload for file change: C:\repos\nus-cs2113-AY1920S2\cs2113-website\admin\tp-commenting-activities-dashboard-panels.mbdf
2020-04-11T16:48:33.520Z - info: [12:48:33 AM] Reload for file add: C:\repos\nus-cs2113-AY1920S2\cs2113-website\admin\tp-commenting-activities-dashboard-panels.mbdf.backup
2020-04-11T16:48:34.485Z - info: Rebuilding affected source files
2020-04-11T16:48:34.488Z - info: Rebuilding 0 pages
2020-04-11T16:48:34.489Z - info: Pages rebuilt
2020-04-11T16:48:34.490Z - info: Website regeneration complete! Total build time: 0.004s
2020-04-11T16:48:34.494Z - info: Site data built
2020-04-11T16:48:34.540Z - info: Assets built
2020-04-11T16:51:00.606Z - info: Building C:\repos\nus-cs2113-AY1920S2\cs2113-website\admin\tp-commenting-activities-dashboard as some of its dependencies were changed since the last visit
2020-04-11T16:51:11.419Z - info: Site data built
2020-04-11T16:51:11.420Z - info: Lazy website regeneration complete! Total build time: 10.814s
2020-04-11T16:51:23.032Z - info: [12:51:23 AM] Reload for file change: C:\repos\nus-cs2113-AY1920S2\cs2113-website\admin\tp-commenting-activities-dashboard-panels.mbdf
2020-04-11T16:51:24.035Z - info: Rebuilding affected source files
2020-04-11T16:51:24.039Z - info: Rebuilding 1 pages
2020-04-11T16:51:35.555Z - info: Pages rebuilt
2020-04-11T16:51:35.556Z - info: Website regeneration complete! Total build time: 11.52s
2020-04-11T16:51:35.560Z - info: Site data built
2020-04-11T16:55:04.507Z - info: [12:55:04 AM] Reload for file change: C:\repos\nus-cs2113-AY1920S2\cs2113-website\admin\tp-commenting-activities-dashboard-panels.mbdf
2020-04-11T16:55:05.517Z - info: Rebuilding affected source files
2020-04-11T16:55:05.529Z - info: Rebuilding 1 pages
2020-04-11T16:55:17.253Z - info: Pages rebuilt
2020-04-11T16:55:17.257Z - info: Website regeneration complete! Total build time: 11.739s
2020-04-11T16:55:17.263Z - info: Site data built
2020-04-11T16:55:50.364Z - info: [12:55:50 AM] Reload for file change: C:\repos\nus-cs2113-AY1920S2\cs2113-website\admin\tp-commenting-activities-dashboard-panels.mbdf
2020-04-11T16:55:51.370Z - info: Rebuilding affected source files
2020-04-11T16:55:51.382Z - info: Rebuilding 1 pages
2020-04-11T16:56:04.719Z - info: Pages rebuilt
2020-04-11T16:56:04.721Z - info: Website regeneration complete! Total build time: 13.349s
2020-04-11T16:56:04.756Z - info: Site data built
2020-04-11T17:00:26.115Z - info: [1:00:26 AM] Reload for file change: C:\repos\nus-cs2113-AY1920S2\cs2113-website\admin\tp-commenting-activities-dashboard-panels.mbdf
2020-04-11T17:00:27.132Z - info: Rebuilding affected source files
2020-04-11T17:00:27.190Z - info: Rebuilding 1 pages
2020-04-11T17:00:38.063Z - info: Pages rebuilt
2020-04-11T17:00:38.064Z - info: Website regeneration complete! Total build time: 10.932s
2020-04-11T17:00:38.075Z - info: Site data built
2020-04-11T17:01:59.536Z - info: [1:01:59 AM] Reload for file change: C:\repos\nus-cs2113-AY1920S2\cs2113-website\admin\tp-commenting-activities-dashboard-panels.mbdf
2020-04-11T17:02:00.542Z - info: Rebuilding affected source files
2020-04-11T17:02:00.581Z - info: Rebuilding 1 pages
2020-04-11T17:02:13.542Z - info: Pages rebuilt
2020-04-11T17:02:13.544Z - info: Website regeneration complete! Total build time: 13.002s
2020-04-11T17:02:13.551Z - info: Site data built
2020-04-11T17:03:39.941Z - info: [1:03:39 AM] Reload for file change: C:\repos\nus-cs2113-AY1920S2\cs2113-website\admin\tp-commenting-activities-dashboard-panels.mbdf
2020-04-11T17:03:40.967Z - info: Rebuilding affected source files
2020-04-11T17:03:40.972Z - info: Rebuilding 1 pages
2020-04-11T17:03:53.182Z - info: Pages rebuilt
2020-04-11T17:03:53.184Z - info: Website regeneration complete! Total build time: 12.216s
2020-04-11T17:03:53.191Z - info: Site data built
2020-04-11T17:04:03.128Z - info: [1:04:03 AM] Reload for file change: C:\repos\nus-cs2113-AY1920S2\cs2113-website\admin\tp-commenting-activities-dashboard-panels.mbdf
2020-04-11T17:04:04.136Z - info: Rebuilding affected source files
2020-04-11T17:04:04.144Z - info: Rebuilding 1 pages
2020-04-11T17:04:13.707Z - info: Pages rebuilt
2020-04-11T17:04:13.707Z - info: Website regeneration complete! Total build time: 9.568s
2020-04-11T17:04:13.711Z - info: Site data built
2020-04-11T17:04:24.386Z - info: [1:04:24 AM] Reload for file change: C:\repos\nus-cs2113-AY1920S2\cs2113-website\admin\tp-commenting-activities-dashboard-panels.mbdf
2020-04-11T17:04:25.391Z - info: Rebuilding affected source files
2020-04-11T17:04:25.393Z - info: Rebuilding 1 pages
2020-04-11T17:04:34.419Z - info: Pages rebuilt
2020-04-11T17:04:34.420Z - info: Website regeneration complete! Total build time: 9.029s
2020-04-11T17:04:34.427Z - info: Site data built
2020-04-11T17:04:46.990Z - info: [1:04:46 AM] Reload for file change: C:\repos\nus-cs2113-AY1920S2\cs2113-website\admin\tp-commenting-activities-dashboard-panels.mbdf
2020-04-11T17:04:47.997Z - info: Rebuilding affected source files
2020-04-11T17:04:48.007Z - info: Rebuilding 1 pages
2020-04-11T17:04:55.043Z - info: Pages rebuilt
2020-04-11T17:04:55.044Z - info: Website regeneration complete! Total build time: 7.047s
2020-04-11T17:04:55.055Z - info: Site data built
2020-04-11T17:05:06.446Z - info: [1:05:06 AM] Reload for file change: C:\repos\nus-cs2113-AY1920S2\cs2113-website\admin\tp-commenting-activities-dashboard-panels.mbdf
2020-04-11T17:05:07.451Z - info: Rebuilding affected source files
2020-04-11T17:05:07.454Z - info: Rebuilding 1 pages
2020-04-11T17:05:13.762Z - info: Pages rebuilt
2020-04-11T17:05:13.762Z - info: Website regeneration complete! Total build time: 6.311s
2020-04-11T17:05:13.818Z - info: Site data built
2020-04-11T17:05:28.170Z - info: [1:05:28 AM] Reload for file change: C:\repos\nus-cs2113-AY1920S2\cs2113-website\admin\tp-commenting-activities-dashboard-panels.mbdf
2020-04-11T17:05:29.179Z - info: Rebuilding affected source files
2020-04-11T17:05:29.183Z - info: Rebuilding 1 pages
2020-04-11T17:05:36.367Z - info: Pages rebuilt
2020-04-11T17:05:36.367Z - info: Website regeneration complete! Total build time: 7.187s
2020-04-11T17:05:36.371Z - info: Site data built
2020-04-11T17:05:57.265Z - info: [1:05:57 AM] Reload for file change: C:\repos\nus-cs2113-AY1920S2\cs2113-website\admin\tp-commenting-activities-dashboard-panels.mbdf
2020-04-11T17:05:58.269Z - info: Rebuilding affected source files
2020-04-11T17:05:58.271Z - info: Rebuilding 1 pages
2020-04-11T17:06:05.364Z - info: Pages rebuilt
2020-04-11T17:06:05.365Z - info: Website regeneration complete! Total build time: 7.095s
2020-04-11T17:06:05.368Z - info: Site data built
2020-04-11T17:06:45.652Z - info: [1:06:45 AM] Reload for file change: C:\repos\nus-cs2113-AY1920S2\cs2113-website\admin\tp-commenting-activities-dashboard-panels.mbdf
2020-04-11T17:06:46.662Z - info: Rebuilding affected source files
2020-04-11T17:06:46.668Z - info: Rebuilding 1 pages
2020-04-11T17:06:56.720Z - info: Pages rebuilt
2020-04-11T17:06:56.720Z - info: Website regeneration complete! Total build time: 10.057s
2020-04-11T17:06:56.731Z - info: Site data built
2020-04-11T17:07:42.361Z - info: [1:07:42 AM] Reload for file change: C:\repos\nus-cs2113-AY1920S2\cs2113-website\admin\tp-commenting-activities-dashboard-panels.mbdf
2020-04-11T17:07:43.366Z - info: Rebuilding affected source files
2020-04-11T17:07:43.368Z - info: Rebuilding 1 pages
2020-04-11T17:07:44.949Z - info: Pages rebuilt
2020-04-11T17:07:44.949Z - info: Website regeneration complete! Total build time: 1.582s
2020-04-11T17:07:44.954Z - info: Site data built
2020-04-11T17:08:59.308Z - info: [1:08:59 AM] Reload for file change: C:\repos\nus-cs2113-AY1920S2\cs2113-website\admin\tp-commenting-activities-dashboard-panels.mbdf
2020-04-11T17:09:00.321Z - info: Rebuilding affected source files
2020-04-11T17:09:00.323Z - info: Rebuilding 1 pages
2020-04-11T17:09:02.253Z - info: Pages rebuilt
2020-04-11T17:09:02.253Z - info: Website regeneration complete! Total build time: 1.932s
2020-04-11T17:09:02.258Z - info: Site data built
2020-04-11T17:09:20.598Z - info: [1:09:20 AM] Reload for file change: C:\repos\nus-cs2113-AY1920S2\cs2113-website\admin\tp-commenting-activities-dashboard-panels.mbdf
2020-04-11T17:09:21.619Z - info: Rebuilding affected source files
2020-04-11T17:09:21.622Z - info: Rebuilding 1 pages
2020-04-11T17:09:23.551Z - info: Pages rebuilt
2020-04-11T17:09:23.551Z - info: Website regeneration complete! Total build time: 1.932s
2020-04-11T17:09:23.556Z - info: Site data built
2020-04-11T17:09:37.459Z - info: [1:09:37 AM] Reload for file change: C:\repos\nus-cs2113-AY1920S2\cs2113-website\admin\tp-commenting-activities-dashboard-panels.mbdf
2020-04-11T17:09:38.466Z - info: Rebuilding affected source files
2020-04-11T17:09:38.471Z - info: Rebuilding 1 pages
2020-04-11T17:09:40.274Z - info: Pages rebuilt
2020-04-11T17:09:40.274Z - info: Website regeneration complete! Total build time: 1.808s
2020-04-11T17:09:40.281Z - info: Site data built
2020-04-11T17:09:55.102Z - info: [1:09:55 AM] Reload for file change: C:\repos\nus-cs2113-AY1920S2\cs2113-website\admin\tp-commenting-activities-dashboard-panels.mbdf
2020-04-11T17:09:56.136Z - info: Rebuilding affected source files
2020-04-11T17:09:56.147Z - info: Rebuilding 1 pages
2020-04-11T17:09:57.953Z - info: Pages rebuilt
2020-04-11T17:09:57.953Z - info: Website regeneration complete! Total build time: 1.816s
2020-04-11T17:09:57.957Z - info: Site data built
2020-04-11T17:10:10.393Z - info: [1:10:10 AM] Reload for file change: C:\repos\nus-cs2113-AY1920S2\cs2113-website\admin\tp-commenting-activities-dashboard-panels.mbdf
2020-04-11T17:10:11.404Z - info: Rebuilding affected source files
2020-04-11T17:10:11.406Z - info: Rebuilding 1 pages
2020-04-11T17:10:13.282Z - info: Pages rebuilt
2020-04-11T17:10:13.282Z - info: Website regeneration complete! Total build time: 1.878s
2020-04-11T17:10:13.286Z - info: Site data built
2020-04-11T17:10:25.705Z - info: [1:10:25 AM] Reload for file change: C:\repos\nus-cs2113-AY1920S2\cs2113-website\admin\tp-commenting-activities-dashboard-panels.mbdf
2020-04-11T17:10:26.720Z - info: Rebuilding affected source files
2020-04-11T17:10:26.723Z - info: Rebuilding 1 pages
2020-04-11T17:10:28.256Z - info: Pages rebuilt
2020-04-11T17:10:28.256Z - info: Website regeneration complete! Total build time: 1.536s
2020-04-11T17:10:28.295Z - info: Site data built
2020-04-11T17:10:38.880Z - info: [1:10:38 AM] Reload for file change: C:\repos\nus-cs2113-AY1920S2\cs2113-website\admin\tp-commenting-activities-dashboard-panels.mbdf
2020-04-11T17:10:39.886Z - info: Rebuilding affected source files
2020-04-11T17:10:39.888Z - info: Rebuilding 1 pages
2020-04-11T17:10:41.373Z - info: Pages rebuilt
2020-04-11T17:10:41.374Z - info: Website regeneration complete! Total build time: 1.488s
2020-04-11T17:10:41.379Z - info: Site data built
2020-04-11T17:10:53.910Z - info: [1:10:53 AM] Reload for file change: C:\repos\nus-cs2113-AY1920S2\cs2113-website\admin\tp-commenting-activities-dashboard-panels.mbdf
2020-04-11T17:10:54.910Z - info: Rebuilding affected source files
2020-04-11T17:10:54.913Z - info: Rebuilding 1 pages
2020-04-11T17:10:56.557Z - info: Pages rebuilt
2020-04-11T17:10:56.557Z - info: Website regeneration complete! Total build time: 1.647s
2020-04-11T17:10:56.561Z - info: Site data built
2020-04-11T17:11:10.849Z - info: [1:11:10 AM] Reload for file change: C:\repos\nus-cs2113-AY1920S2\cs2113-website\admin\tp-commenting-activities-dashboard-panels.mbdf
2020-04-11T17:11:11.859Z - info: Rebuilding affected source files
2020-04-11T17:11:11.861Z - info: Rebuilding 1 pages
2020-04-11T17:11:13.441Z - info: Pages rebuilt
2020-04-11T17:11:13.441Z - info: Website regeneration complete! Total build time: 1.582s
2020-04-11T17:11:13.450Z - info: Site data built
2020-04-11T17:11:22.076Z - info: [1:11:22 AM] Reload for file change: C:\repos\nus-cs2113-AY1920S2\cs2113-website\admin\tp-commenting-activities-dashboard-panels.mbdf
2020-04-11T17:11:23.094Z - info: Rebuilding affected source files
2020-04-11T17:11:23.096Z - info: Rebuilding 1 pages
2020-04-11T17:11:24.721Z - info: Pages rebuilt
2020-04-11T17:11:24.721Z - info: Website regeneration complete! Total build time: 1.627s
2020-04-11T17:11:24.726Z - info: Site data built
2020-04-11T17:11:51.077Z - info: [1:11:51 AM] Reload for file change: C:\repos\nus-cs2113-AY1920S2\cs2113-website\admin\tp-commenting-activities-dashboard-panels.mbdf
2020-04-11T17:11:52.090Z - info: Rebuilding affected source files
2020-04-11T17:11:52.092Z - info: Rebuilding 1 pages
2020-04-11T17:11:53.631Z - info: Pages rebuilt
2020-04-11T17:11:53.631Z - info: Website regeneration complete! Total build time: 1.541s
2020-04-11T17:11:53.635Z - info: Site data built
2020-04-11T17:12:20.799Z - info: [1:12:20 AM] Reload for file change: C:\repos\nus-cs2113-AY1920S2\cs2113-website\admin\tp-commenting-activities-dashboard-panels.mbdf
2020-04-11T17:12:21.810Z - info: Rebuilding affected source files
2020-04-11T17:12:21.811Z - info: Rebuilding 1 pages
2020-04-11T17:12:23.385Z - info: Pages rebuilt
2020-04-11T17:12:23.386Z - info: Website regeneration complete! Total build time: 1.576s
2020-04-11T17:12:23.390Z - info: Site data built
2020-04-11T17:12:27.822Z - info: [1:12:27 AM] Reload for file change: C:\repos\nus-cs2113-AY1920S2\cs2113-website\admin\tp-commenting-activities-dashboard-panels.mbdf
2020-04-11T17:12:28.829Z - info: Rebuilding affected source files
2020-04-11T17:12:28.831Z - info: Rebuilding 1 pages
2020-04-11T17:12:30.148Z - info: Pages rebuilt
2020-04-11T17:12:30.148Z - info: Website regeneration complete! Total build time: 1.319s
2020-04-11T17:12:30.152Z - info: Site data built
2020-04-11T17:12:34.741Z - info: [1:12:34 AM] Reload for file change: C:\repos\nus-cs2113-AY1920S2\cs2113-website\admin\tp-commenting-activities-dashboard-panels.mbdf
2020-04-11T17:12:35.759Z - info: Rebuilding affected source files
2020-04-11T17:12:35.761Z - info: Rebuilding 1 pages
2020-04-11T17:12:37.218Z - info: Pages rebuilt
2020-04-11T17:12:37.219Z - info: Website regeneration complete! Total build time: 1.46s
2020-04-11T17:12:37.226Z - info: Site data built
2020-04-11T17:12:56.696Z - info: [1:12:56 AM] Reload for file change: C:\repos\nus-cs2113-AY1920S2\cs2113-website\admin\tp-commenting-activities-dashboard-panels.mbdf
2020-04-11T17:12:57.704Z - info: Rebuilding affected source files
2020-04-11T17:12:57.706Z - info: Rebuilding 1 pages
2020-04-11T17:12:59.253Z - info: Pages rebuilt
2020-04-11T17:12:59.253Z - info: Website regeneration complete! Total build time: 1.549s
2020-04-11T17:12:59.257Z - info: Site data built
2020-04-11T17:13:03.516Z - info: [1:13:03 AM] Reload for file change: C:\repos\nus-cs2113-AY1920S2\cs2113-website\admin\tp-commenting-activities-dashboard-panels.mbdf
2020-04-11T17:13:04.520Z - info: Rebuilding affected source files
2020-04-11T17:13:04.522Z - info: Rebuilding 1 pages
2020-04-11T17:13:06.073Z - info: Pages rebuilt
2020-04-11T17:13:06.074Z - info: Website regeneration complete! Total build time: 1.554s
2020-04-11T17:13:06.082Z - info: Site data built
2020-04-11T17:13:17.371Z - info: [1:13:17 AM] Reload for file change: C:\repos\nus-cs2113-AY1920S2\cs2113-website\admin\tp-commenting-activities-dashboard-panels.mbdf
2020-04-11T17:13:18.377Z - info: Rebuilding affected source files
2020-04-11T17:13:18.383Z - info: Rebuilding 1 pages
2020-04-11T17:13:20.029Z - info: Pages rebuilt
2020-04-11T17:13:20.029Z - info: Website regeneration complete! Total build time: 1.652s
2020-04-11T17:13:20.033Z - info: Site data built
2020-04-11T17:13:25.781Z - info: [1:13:25 AM] Reload for file change: C:\repos\nus-cs2113-AY1920S2\cs2113-website\admin\tp-commenting-activities-dashboard-panels.mbdf
2020-04-11T17:13:26.792Z - info: Rebuilding affected source files
2020-04-11T17:13:26.794Z - info: Rebuilding 1 pages
2020-04-11T17:13:28.179Z - info: Pages rebuilt
2020-04-11T17:13:28.179Z - info: Website regeneration complete! Total build time: 1.387s
2020-04-11T17:13:28.183Z - info: Site data built
2020-04-11T17:13:41.064Z - info: [1:13:41 AM] Reload for file change: C:\repos\nus-cs2113-AY1920S2\cs2113-website\admin\tp-commenting-activities-dashboard-panels.mbdf
2020-04-11T17:13:42.074Z - info: Rebuilding affected source files
2020-04-11T17:13:42.077Z - info: Rebuilding 1 pages
2020-04-11T17:13:43.515Z - info: Pages rebuilt
2020-04-11T17:13:43.516Z - info: Website regeneration complete! Total build time: 1.44s
2020-04-11T17:13:43.520Z - info: Site data built
2020-04-11T17:13:58.023Z - info: [1:13:58 AM] Reload for file change: C:\repos\nus-cs2113-AY1920S2\cs2113-website\admin\tp-commenting-activities-dashboard-panels.mbdf
2020-04-11T17:13:59.034Z - info: Rebuilding affected source files
2020-04-11T17:13:59.036Z - info: Rebuilding 1 pages
2020-04-11T17:14:00.648Z - info: Pages rebuilt
2020-04-11T17:14:00.649Z - info: Website regeneration complete! Total build time: 1.615s
2020-04-11T17:14:00.654Z - info: Site data built
2020-04-11T17:14:11.939Z - info: [1:14:11 AM] Reload for file change: C:\repos\nus-cs2113-AY1920S2\cs2113-website\admin\tp-commenting-activities-dashboard-panels.mbdf
2020-04-11T17:14:12.943Z - info: Rebuilding affected source files
2020-04-11T17:14:12.945Z - info: Rebuilding 1 pages
2020-04-11T17:14:14.347Z - info: Pages rebuilt
2020-04-11T17:14:14.347Z - info: Website regeneration complete! Total build time: 1.404s
2020-04-11T17:14:14.351Z - info: Site data built
2020-04-11T17:14:31.948Z - info: [1:14:31 AM] Reload for file change: C:\repos\nus-cs2113-AY1920S2\cs2113-website\admin\tp-commenting-activities-dashboard-panels.mbdf
2020-04-11T17:14:32.955Z - info: Rebuilding affected source files
2020-04-11T17:14:32.957Z - info: Rebuilding 1 pages
2020-04-11T17:14:34.572Z - info: Pages rebuilt
2020-04-11T17:14:34.572Z - info: Website regeneration complete! Total build time: 1.617s
2020-04-11T17:14:34.576Z - info: Site data built
2020-04-11T17:16:37.020Z - info: [1:16:37 AM] Reload for file change: C:\repos\nus-cs2113-AY1920S2\cs2113-website\admin\tp-commenting-activities-dashboard-panels.mbdf
2020-04-11T17:16:38.088Z - info: Rebuilding affected source files
2020-04-11T17:16:38.155Z - info: Rebuilding 1 pages
2020-04-11T17:16:51.691Z - info: Pages rebuilt
2020-04-11T17:16:51.692Z - info: Website regeneration complete! Total build time: 13.604s
2020-04-11T17:16:51.699Z - info: Site data built
2020-04-11T18:10:31.866Z - info: [2:10:31 AM] Reload for file deletion: C:\repos\nus-cs2113-AY1920S2\cs2113-website\admin\forum-activities-dashboard-panels.mbdf.backup
2020-04-11T18:10:31.873Z - info: [2:10:31 AM] Reload for file deletion: C:\repos\nus-cs2113-AY1920S2\cs2113-website\admin\tp-commenting-activities-dashboard-panels.mbdf.backup
2020-04-11T18:10:32.884Z - info: Assets removed
2020-04-11T18:10:59.141Z - info: Website generation started at 2:10:55 AM
2020-04-11T18:11:05.643Z - info: Building assets...
2020-04-11T18:11:10.740Z - info: Assets built
2020-04-11T18:11:10.741Z - info: Generating pages...
2020-04-11T18:13:51.168Z - debug: The process cannot access the file because it is being used by another process.

2020-04-11T18:13:51.173Z - debug: The process cannot access the file because it is being used by another process.

2020-04-11T18:13:51.174Z - debug: The process cannot access the file because it is being used by another process.

2020-04-11T18:13:51.175Z - debug: The process cannot access the file because it is being used by another process.

2020-04-11T18:13:51.175Z - debug: The process cannot access the file because it is being used by another process.

2020-04-11T18:13:51.180Z - debug: The process cannot access the file because it is being used by another process.

2020-04-11T18:13:51.202Z - debug: The process cannot access the file because it is being used by another process.

2020-04-11T18:13:52.505Z - debug: The process cannot access the file because it is being used by another process.

2020-04-11T18:13:52.506Z - debug: The process cannot access the file because it is being used by another process.

2020-04-11T18:13:52.506Z - debug: The process cannot access the file because it is being used by another process.

2020-04-11T18:13:52.507Z - debug: The process cannot access the file because it is being used by another process.

2020-04-11T18:13:52.507Z - debug: The process cannot access the file because it is being used by another process.

2020-04-11T18:13:52.508Z - debug: The process cannot access the file because it is being used by another process.

2020-04-11T18:13:52.509Z - debug: The process cannot access the file because it is being used by another process.

2020-04-11T18:13:52.509Z - debug: The process cannot access the file because it is being used by another process.

2020-04-11T18:13:52.510Z - debug: The process cannot access the file because it is being used by another process.

2020-04-11T18:13:52.510Z - debug: The process cannot access the file because it is being used by another process.

2020-04-11T18:13:52.510Z - debug: The process cannot access the file because it is being used by another process.

2020-04-11T18:13:52.511Z - debug: The process cannot access the file because it is being used by another process.

2020-04-11T18:13:52.511Z - debug: The process cannot access the file because it is being used by another process.

2020-04-11T18:13:52.511Z - debug: The process cannot access the file because it is being used by another process.

2020-04-11T18:13:52.512Z - debug: The process cannot access the file because it is being used by another process.

2020-04-11T18:13:52.514Z - debug: The process cannot access the file because it is being used by another process.

2020-04-11T18:13:52.514Z - debug: The process cannot access the file because it is being used by another process.

2020-04-11T18:13:52.747Z - debug: The process cannot access the file because it is being used by another process.

2020-04-11T18:13:56.871Z - debug:  
2020-04-11T18:13:56.871Z - debug:  
2020-04-11T18:13:56.872Z - debug:  
2020-04-11T18:13:56.872Z - debug:  
2020-04-11T18:13:57.669Z - info: Pages built
2020-04-11T18:14:30.396Z - info: Website generation complete! Total build time: 214.809s
2020-04-11T18:14:30.397Z - info: Build success!
2020-04-11T18:14:30.402Z - info: Site data built
2020-04-11T18:14:30.608Z - debug:  
2020-04-11T18:14:30.610Z - debug:  
2020-04-11T18:15:06.944Z - info: Deployed!
2020-04-12T04:13:40.792Z - info: Website generation (lazy) started at 12:13:30 PM
2020-04-12T04:13:49.249Z - info: Building assets...
2020-04-12T04:13:56.797Z - info: Assets built
2020-04-12T04:13:56.802Z - info: Generating landing page...
2020-04-12T04:13:57.925Z - info: Landing page built, other pages will be built as you navigate to them!
2020-04-12T04:13:58.027Z - info: Website generation (lazy) complete! Total build time: 27.513s
2020-04-12T04:13:59.064Z - info: Serving "C:\repos\nus-cs2113-AY1920S2\cs2113-website\_site" at http://127.0.0.1:8080
2020-04-12T04:13:59.064Z - info: Press CTRL+C to stop ...
2020-04-12T04:13:59.192Z - info: Site data built
2020-04-12T04:14:18.689Z - info: Building C:\repos\nus-cs2113-AY1920S2\cs2113-website\schedule\week13\project as some of its dependencies were changed since the last visit
2020-04-12T04:14:20.857Z - info: Site data built
2020-04-12T04:14:20.858Z - info: Lazy website regeneration complete! Total build time: 2.169s
2020-04-12T04:22:38.209Z - info: [12:22:38 PM] Reload for file change: C:\repos\nus-cs2113-AY1920S2\cs2113-website\admin\tp-tasks.mbdf
2020-04-12T04:22:39.223Z - info: Rebuilding affected source files
2020-04-12T04:22:39.226Z - info: Rebuilding 1 pages
2020-04-12T04:22:41.534Z - info: Pages rebuilt
2020-04-12T04:22:41.535Z - info: Website regeneration complete! Total build time: 2.312s
2020-04-12T04:22:41.540Z - info: Site data built
2020-04-12T04:23:23.220Z - info: [12:23:23 PM] Reload for file change: C:\repos\nus-cs2113-AY1920S2\cs2113-website\admin\tp-tasks.mbdf
2020-04-12T04:23:24.228Z - info: Rebuilding affected source files
2020-04-12T04:23:24.230Z - info: Rebuilding 1 pages
2020-04-12T04:23:26.585Z - info: Pages rebuilt
2020-04-12T04:23:26.586Z - info: Website regeneration complete! Total build time: 2.357s
2020-04-12T04:23:26.642Z - info: Site data built
2020-04-12T04:24:12.366Z - info: [12:24:12 PM] Reload for file change: C:\repos\nus-cs2113-AY1920S2\cs2113-website\admin\tp-tasks.mbdf
2020-04-12T04:24:13.371Z - info: Rebuilding affected source files
2020-04-12T04:24:13.374Z - info: Rebuilding 1 pages
2020-04-12T04:24:15.798Z - info: Pages rebuilt
2020-04-12T04:24:15.798Z - info: Website regeneration complete! Total build time: 2.427s
2020-04-12T04:24:15.838Z - info: Site data built
2020-04-12T04:24:39.832Z - info: [12:24:39 PM] Reload for file change: C:\repos\nus-cs2113-AY1920S2\cs2113-website\admin\tp-tasks.mbdf
2020-04-12T04:24:40.833Z - info: Rebuilding affected source files
2020-04-12T04:24:40.851Z - info: Rebuilding 1 pages
2020-04-12T04:24:43.141Z - info: Pages rebuilt
2020-04-12T04:24:43.141Z - info: Website regeneration complete! Total build time: 2.307s
2020-04-12T04:24:43.145Z - info: Site data built
2020-04-12T04:49:26.208Z - info: [12:49:26 PM] Reload for file change: C:\repos\nus-cs2113-AY1920S2\cs2113-website\admin\tp-tasks.mbdf
2020-04-12T04:49:27.222Z - info: Rebuilding affected source files
2020-04-12T04:49:27.239Z - info: Rebuilding 1 pages
2020-04-12T04:49:29.362Z - info: Pages rebuilt
2020-04-12T04:49:29.362Z - info: Website regeneration complete! Total build time: 2.139s
2020-04-12T04:49:29.366Z - info: Site data built
2020-04-12T04:49:50.593Z - info: [12:49:50 PM] Reload for file change: C:\repos\nus-cs2113-AY1920S2\cs2113-website\admin\tp-tasks.mbdf
2020-04-12T04:49:51.595Z - info: Rebuilding affected source files
2020-04-12T04:49:51.597Z - info: Rebuilding 1 pages
2020-04-12T04:49:53.244Z - info: Pages rebuilt
2020-04-12T04:49:53.244Z - info: Website regeneration complete! Total build time: 1.649s
2020-04-12T04:49:53.248Z - info: Site data built
2020-04-12T04:50:14.767Z - info: [12:50:14 PM] Reload for file change: C:\repos\nus-cs2113-AY1920S2\cs2113-website\admin\tp-tasks.mbdf
2020-04-12T04:50:15.770Z - info: Rebuilding affected source files
2020-04-12T04:50:15.772Z - info: Rebuilding 1 pages
2020-04-12T04:50:17.884Z - info: Pages rebuilt
2020-04-12T04:50:17.884Z - info: Website regeneration complete! Total build time: 2.114s
2020-04-12T04:50:17.891Z - info: Site data built
2020-04-12T05:55:40.707Z - info: Building C:\repos\nus-cs2113-AY1920S2\cs2113-website\admin\forum-activities-dashboard as some of its dependencies were changed since the last visit
2020-04-12T05:55:43.733Z - info: Site data built
2020-04-12T05:55:43.734Z - info: Lazy website regeneration complete! Total build time: 3.048s
2020-04-12T05:57:36.926Z - info: Building C:\repos\nus-cs2113-AY1920S2\cs2113-website\admin\tp-commenting-activities-dashboard as some of its dependencies were changed since the last visit
2020-04-12T05:57:49.002Z - info: Site data built
2020-04-12T05:57:49.004Z - info: Lazy website regeneration complete! Total build time: 12.078s
