2020-01-20T06:47:15.326Z - info: Website generation started at 2:47:13 PM
2020-01-20T06:47:17.818Z - info: Building assets...
2020-01-20T06:47:19.900Z - info: Assets built
2020-01-20T06:47:19.900Z - info: Generating pages...
2020-01-20T06:48:06.870Z - debug: The process cannot access the file because it is being used by another process.

2020-01-20T06:48:06.870Z - debug: The process cannot access the file because it is being used by another process.

2020-01-20T06:48:06.871Z - debug: The process cannot access the file because it is being used by another process.

2020-01-20T06:48:06.871Z - debug: The process cannot access the file because it is being used by another process.

2020-01-20T06:48:06.871Z - debug: The process cannot access the file because it is being used by another process.

2020-01-20T06:48:06.872Z - debug: The process cannot access the file because it is being used by another process.

2020-01-20T06:48:06.872Z - debug: The process cannot access the file because it is being used by another process.

2020-01-20T06:48:06.873Z - debug: The process cannot access the file because it is being used by another process.

2020-01-20T06:48:06.876Z - debug: The process cannot access the file because it is being used by another process.

2020-01-20T06:48:06.877Z - debug: The process cannot access the file because it is being used by another process.

2020-01-20T06:48:06.878Z - debug: The process cannot access the file because it is being used by another process.

2020-01-20T06:48:11.720Z - debug:  
2020-01-20T06:48:11.720Z - debug:  
2020-01-20T06:48:11.720Z - debug:  
2020-01-20T06:48:11.720Z - debug:  
2020-01-20T06:48:58.099Z - info: Pages built
2020-01-20T06:49:11.845Z - info: Website generation complete! Total build time: 117.901s
2020-01-20T06:49:12.218Z - info: Serving "C:\repos\nus-cs2113-AY1920S2\cs2113-website\_site" at http://127.0.0.1:8080
2020-01-20T06:49:12.218Z - info: Press CTRL+C to stop ...
2020-01-20T06:49:12.312Z - info: Site data built
2020-01-20T06:50:31.746Z - info: [2:50:31 PM] Reload for file change: C:\repos\nus-cs2113-AY1920S2\cs2113-website\admin\tutorial-schedule-CS2113-S2.mbdf
2020-01-20T06:50:32.753Z - info: Rebuilding affected source files
2020-01-20T06:50:32.755Z - info: Rebuilding 3 pages
2020-01-20T06:50:33.989Z - info: Pages rebuilt
2020-01-20T06:50:33.994Z - info: Site data built
2020-01-20T06:50:44.455Z - info: [2:50:44 PM] Reload for file change: C:\repos\nus-cs2113-AY1920S2\cs2113-website\admin\tutorial-schedule-CS2113-S2.mbdf
2020-01-20T06:50:45.460Z - info: Rebuilding affected source files
2020-01-20T06:50:45.461Z - info: Rebuilding 3 pages
2020-01-20T06:50:46.599Z - info: Pages rebuilt
2020-01-20T06:50:46.605Z - info: Site data built
2020-01-20T06:51:11.066Z - info: [2:51:11 PM] Reload for file change: C:\repos\nus-cs2113-AY1920S2\cs2113-website\admin\tutorial-schedule-CS2113-S2.mbdf
2020-01-20T06:51:12.069Z - info: Rebuilding affected source files
2020-01-20T06:51:12.070Z - info: Rebuilding 3 pages
2020-01-20T06:51:13.287Z - info: Pages rebuilt
2020-01-20T06:51:13.293Z - info: Site data built
2020-01-20T10:35:14.804Z - info: Website generation started at 6:35:13 PM
2020-01-20T10:35:17.409Z - info: Building assets...
2020-01-20T10:35:19.469Z - info: Assets built
2020-01-20T10:35:19.470Z - info: Generating pages...
2020-01-20T10:36:10.404Z - debug: The process cannot access the file because it is being used by another process.

2020-01-20T10:36:10.404Z - debug: The process cannot access the file because it is being used by another process.

2020-01-20T10:36:10.405Z - debug: The process cannot access the file because it is being used by another process.

2020-01-20T10:36:10.405Z - debug: The process cannot access the file because it is being used by another process.

2020-01-20T10:36:10.405Z - debug: The process cannot access the file because it is being used by another process.

2020-01-20T10:36:10.405Z - debug: The process cannot access the file because it is being used by another process.

2020-01-20T10:36:10.406Z - debug: The process cannot access the file because it is being used by another process.

2020-01-20T10:36:10.406Z - debug: The process cannot access the file because it is being used by another process.

2020-01-20T10:36:10.411Z - debug: The process cannot access the file because it is being used by another process.

2020-01-20T10:36:10.412Z - debug: The process cannot access the file because it is being used by another process.

2020-01-20T10:36:10.412Z - debug: The process cannot access the file because it is being used by another process.

2020-01-20T10:36:14.776Z - debug:  
2020-01-20T10:36:14.777Z - debug:  
2020-01-20T10:36:15.200Z - debug:  
2020-01-20T10:36:15.200Z - debug:  
2020-01-20T10:37:02.316Z - info: Pages built
2020-01-20T10:37:18.235Z - info: Website generation complete! Total build time: 124.748s
2020-01-20T10:37:18.235Z - info: Build success!
2020-01-20T10:37:18.239Z - info: Site data built
2020-01-20T10:38:06.735Z - info: Deployed!
