2020-03-16T07:45:45.999Z - info: Website generation started at 3:45:44 PM
2020-03-16T07:45:48.460Z - info: Building assets...
2020-03-16T07:45:50.490Z - info: Assets built
2020-03-16T07:45:50.491Z - info: Generating pages...
2020-03-16T07:46:39.548Z - debug: The process cannot access the file because it is being used by another process.

2020-03-16T07:46:39.549Z - debug: The process cannot access the file because it is being used by another process.

2020-03-16T07:46:39.549Z - debug: The process cannot access the file because it is being used by another process.

2020-03-16T07:46:39.549Z - debug: The process cannot access the file because it is being used by another process.

2020-03-16T07:46:39.555Z - debug: The process cannot access the file because it is being used by another process.

2020-03-16T07:46:39.555Z - debug: The process cannot access the file because it is being used by another process.

2020-03-16T07:46:39.556Z - debug: The process cannot access the file because it is being used by another process.

2020-03-16T07:46:39.556Z - debug: The process cannot access the file because it is being used by another process.

2020-03-16T07:46:39.556Z - debug: The process cannot access the file because it is being used by another process.

2020-03-16T07:46:39.556Z - debug: The process cannot access the file because it is being used by another process.

2020-03-16T07:46:39.557Z - debug: The process cannot access the file because it is being used by another process.

2020-03-16T07:46:39.557Z - debug: The process cannot access the file because it is being used by another process.

2020-03-16T07:46:39.557Z - debug: The process cannot access the file because it is being used by another process.

2020-03-16T07:46:39.557Z - debug: The process cannot access the file because it is being used by another process.

2020-03-16T07:46:39.557Z - debug: The process cannot access the file because it is being used by another process.

2020-03-16T07:46:39.558Z - debug: The process cannot access the file because it is being used by another process.

2020-03-16T07:46:39.558Z - debug: The process cannot access the file because it is being used by another process.

2020-03-16T07:46:39.558Z - debug: The process cannot access the file because it is being used by another process.

2020-03-16T07:46:39.558Z - debug: The process cannot access the file because it is being used by another process.

2020-03-16T07:46:39.558Z - debug: The process cannot access the file because it is being used by another process.

2020-03-16T07:46:39.559Z - debug: The process cannot access the file because it is being used by another process.

2020-03-16T07:46:39.559Z - debug: The process cannot access the file because it is being used by another process.

2020-03-16T07:46:39.782Z - debug: The process cannot access the file because it is being used by another process.

2020-03-16T07:46:39.783Z - debug: The process cannot access the file because it is being used by another process.

2020-03-16T07:46:39.785Z - debug: The process cannot access the file because it is being used by another process.

2020-03-16T07:46:44.606Z - debug:  
2020-03-16T07:46:44.606Z - debug:  
2020-03-16T07:46:46.516Z - debug:  
2020-03-16T07:46:46.517Z - debug:  
2020-03-16T07:47:18.649Z - debug:  
2020-03-16T07:47:18.649Z - debug:  
2020-03-16T07:47:37.865Z - info: Pages built
2020-03-16T07:47:55.311Z - info: Website generation complete! Total build time: 130.895s
2020-03-16T07:47:55.311Z - info: Build success!
2020-03-16T07:47:55.314Z - info: Site data built
2020-03-16T07:48:39.667Z - info: Deployed!
