2020-02-29T16:19:29.524Z - info: Website generation started at 00:19:24
2020-02-29T16:19:33.473Z - info: Building assets...
2020-02-29T16:19:38.911Z - info: Assets built
2020-02-29T16:19:38.912Z - info: Generating pages...
2020-02-29T16:21:52.541Z - debug: The process cannot access the file because it is being used by another process.

2020-02-29T16:21:52.545Z - debug: The process cannot access the file because it is being used by another process.

2020-02-29T16:21:52.545Z - debug: The process cannot access the file because it is being used by another process.

2020-02-29T16:21:52.545Z - debug: The process cannot access the file because it is being used by another process.

2020-02-29T16:21:52.549Z - debug: The process cannot access the file because it is being used by another process.

2020-02-29T16:21:52.549Z - debug: The process cannot access the file because it is being used by another process.

2020-02-29T16:21:52.549Z - debug: The process cannot access the file because it is being used by another process.

2020-02-29T16:21:52.549Z - debug: The process cannot access the file because it is being used by another process.

2020-02-29T16:21:52.553Z - debug: The process cannot access the file because it is being used by another process.

2020-02-29T16:21:52.553Z - debug: The process cannot access the file because it is being used by another process.

2020-02-29T16:21:52.553Z - debug: The process cannot access the file because it is being used by another process.

2020-02-29T16:21:52.553Z - debug: The process cannot access the file because it is being used by another process.

2020-02-29T16:21:52.553Z - debug: The process cannot access the file because it is being used by another process.

2020-02-29T16:21:52.553Z - debug: The process cannot access the file because it is being used by another process.

2020-02-29T16:21:52.557Z - debug: The process cannot access the file because it is being used by another process.

2020-02-29T16:21:52.557Z - debug: The process cannot access the file because it is being used by another process.

2020-02-29T16:21:52.561Z - debug: The process cannot access the file because it is being used by another process.

2020-02-29T16:21:52.565Z - debug: The process cannot access the file because it is being used by another process.

2020-02-29T16:21:52.565Z - debug: The process cannot access the file because it is being used by another process.

2020-02-29T16:21:52.565Z - debug: The process cannot access the file because it is being used by another process.

2020-02-29T16:21:52.569Z - debug: The process cannot access the file because it is being used by another process.

2020-02-29T16:21:52.613Z - debug: The process cannot access the file because it is being used by another process.

2020-02-29T16:21:53.262Z - debug: The process cannot access the file because it is being used by another process.

2020-02-29T16:21:53.262Z - debug: The process cannot access the file because it is being used by another process.

2020-02-29T16:21:53.350Z - debug: The process cannot access the file because it is being used by another process.

2020-02-29T16:21:59.613Z - debug:  
2020-02-29T16:22:32.204Z - debug:  
2020-02-29T16:22:32.204Z - debug:  
2020-02-29T16:22:32.204Z - debug:  
2020-02-29T16:23:38.068Z - info: Pages built
2020-02-29T16:24:12.620Z - info: Website generation complete! Total build time: 288.619s
2020-02-29T16:24:12.620Z - info: Build success!
2020-02-29T16:24:12.672Z - info: Site data built
2020-02-29T16:24:53.315Z - info: Deployed!
