2020-03-30T10:01:40.102Z - info: Website generation (lazy) started at 6:01:38 PM
2020-03-30T10:01:42.889Z - info: Building assets...
2020-03-30T10:01:45.110Z - info: Assets built
2020-03-30T10:01:45.110Z - info: Generating landing page...
2020-03-30T10:01:46.201Z - info: Landing page built, other pages will be built as you navigate to them!
2020-03-30T10:01:46.356Z - info: Website generation (lazy) complete! Total build time: 7.469s
2020-03-30T10:01:46.655Z - info: Serving "C:\repos\nus-cs2113-AY1920S2\cs2113-website\_site" at http://127.0.0.1:8080
2020-03-30T10:01:46.655Z - info: Press CTRL+C to stop ...
2020-03-30T10:01:46.752Z - info: Site data built
2020-03-30T10:02:36.413Z - info: Building C:\repos\nus-cs2113-AY1920S2\cs2113-website\admin\projectList as some of its dependencies were changed since the last visit
2020-03-30T10:02:37.195Z - info: Site data built
2020-03-30T10:02:37.196Z - info: Lazy website regeneration complete! Total build time: 0.783s
2020-03-30T10:04:05.018Z - info: [6:04:05 PM] Reload for file change: C:\repos\nus-cs2113-AY1920S2\cs2113-website\admin\projectList.md
2020-03-30T10:04:06.022Z - info: Rebuilding affected source files
2020-03-30T10:04:06.024Z - info: Rebuilding 1 pages
2020-03-30T10:04:06.672Z - info: Pages rebuilt
2020-03-30T10:04:06.672Z - info: Website regeneration complete! Total build time: 0.65s
2020-03-30T10:04:06.676Z - info: Site data built
2020-03-30T10:04:57.291Z - info: Building C:\repos\nus-cs2113-AY1920S2\cs2113-website\schedule\week12\index as some of its dependencies were changed since the last visit
2020-03-30T10:04:57.991Z - info: Site data built
2020-03-30T10:04:57.991Z - info: Lazy website regeneration complete! Total build time: 0.701s
2020-03-30T10:05:01.717Z - info: Building C:\repos\nus-cs2113-AY1920S2\cs2113-website\schedule\week12\topics as some of its dependencies were changed since the last visit
2020-03-30T10:05:02.611Z - info: Site data built
2020-03-30T10:05:02.612Z - info: Lazy website regeneration complete! Total build time: 0.895s
2020-03-30T10:07:56.491Z - info: Website generation (lazy) started at 6:07:55 PM
2020-03-30T10:07:59.189Z - info: Building assets...
2020-03-30T10:08:01.415Z - info: Assets built
2020-03-30T10:08:01.415Z - info: Generating landing page...
2020-03-30T10:08:02.511Z - info: Landing page built, other pages will be built as you navigate to them!
2020-03-30T10:08:02.668Z - info: Website generation (lazy) complete! Total build time: 6.741s
2020-03-30T10:08:02.975Z - info: Serving "C:\repos\nus-cs2113-AY1920S2\cs2113-website\_site" at http://127.0.0.1:8080
2020-03-30T10:08:02.976Z - info: Press CTRL+C to stop ...
2020-03-30T10:08:03.060Z - info: Site data built
2020-03-30T10:08:12.499Z - info: Building C:\repos\nus-cs2113-AY1920S2\cs2113-website\admin\projectList as some of its dependencies were changed since the last visit
2020-03-30T10:08:13.026Z - info: Site data built
2020-03-30T10:08:13.026Z - info: Lazy website regeneration complete! Total build time: 0.527s
2020-03-30T10:12:06.308Z - info: [6:12:06 PM] Reload for file change: C:\repos\nus-cs2113-AY1920S2\cs2113-website\admin\projectList.md
2020-03-30T10:12:07.311Z - info: Rebuilding affected source files
2020-03-30T10:12:07.312Z - info: Rebuilding 1 pages
2020-03-30T10:12:07.936Z - info: Pages rebuilt
2020-03-30T10:12:07.937Z - info: Website regeneration complete! Total build time: 0.626s
2020-03-30T10:12:07.940Z - info: Site data built
2020-03-30T10:12:37.968Z - info: [6:12:37 PM] Reload for file change: C:\repos\nus-cs2113-AY1920S2\cs2113-website\admin\projectList.md
2020-03-30T10:12:38.973Z - info: Rebuilding affected source files
2020-03-30T10:12:38.974Z - info: Rebuilding 1 pages
2020-03-30T10:12:39.512Z - info: Pages rebuilt
2020-03-30T10:12:39.512Z - info: Website regeneration complete! Total build time: 0.539s
2020-03-30T10:12:39.521Z - info: Site data built
2020-03-30T10:13:28.645Z - info: [6:13:28 PM] Reload for file change: C:\repos\nus-cs2113-AY1920S2\cs2113-website\admin\projectList.md
2020-03-30T10:13:29.648Z - info: Rebuilding affected source files
2020-03-30T10:13:29.650Z - info: Rebuilding 1 pages
2020-03-30T10:13:30.311Z - info: Pages rebuilt
2020-03-30T10:13:30.311Z - info: Website regeneration complete! Total build time: 0.663s
2020-03-30T10:13:30.313Z - info: Site data built
2020-03-30T10:14:00.710Z - info: [6:14:00 PM] Reload for file change: C:\repos\nus-cs2113-AY1920S2\cs2113-website\admin\projectList.md
2020-03-30T10:14:01.714Z - info: Rebuilding affected source files
2020-03-30T10:14:01.716Z - info: Rebuilding 1 pages
2020-03-30T10:14:02.393Z - info: Pages rebuilt
2020-03-30T10:14:02.393Z - info: Website regeneration complete! Total build time: 0.679s
2020-03-30T10:14:02.396Z - info: Site data built
2020-03-30T10:17:06.412Z - info: [6:17:06 PM] Reload for file change: C:\repos\nus-cs2113-AY1920S2\cs2113-website\admin\projectList.md
2020-03-30T10:17:07.417Z - info: Rebuilding affected source files
2020-03-30T10:17:07.419Z - info: Rebuilding 1 pages
2020-03-30T10:17:08.156Z - info: Pages rebuilt
2020-03-30T10:17:08.156Z - info: Website regeneration complete! Total build time: 0.739s
2020-03-30T10:17:08.159Z - info: Site data built
2020-03-30T10:19:08.573Z - info: Website generation started at 6:19:07 PM
2020-03-30T10:19:11.374Z - info: Building assets...
2020-03-30T10:19:13.786Z - info: Assets built
2020-03-30T10:19:13.787Z - info: Generating pages...
2020-03-30T10:20:10.699Z - error: uncaughtException: write EPIPE date=Mon Mar 30 2020 18:20:10 GMT+0800 (Singapore Standard Time), pid=23484, uid=null, gid=null, cwd=C:\repos\nus-cs2113-AY1920S2\cs2113-website, execPath=C:\Program Files\nodejs\node.exe, version=v10.14.2, argv=[C:\Program Files\nodejs\node.exe, C:\Users\dcsdcr\AppData\Roaming\npm\node_modules\markbind-cli\index.js, build], rss=608841728, heapTotal=504381440, heapUsed=149618248, external=10779884, loadavg=[0, 0, 0], uptime=257741
Error: write EPIPE
    at afterWriteDispatched (internal/stream_base_commons.js:78:25)
    at writeGeneric (internal/stream_base_commons.js:73:3)
    at Socket._writeGeneric (net.js:717:5)
    at Socket._write (net.js:729:8)
    at doWrite (_stream_writable.js:410:12)
    at writeOrBuffer (_stream_writable.js:394:5)
    at Socket.Writable.write (_stream_writable.js:294:11)
    at fs.readFile (C:\Users\dcsdcr\AppData\Roaming\npm\node_modules\markbind-cli\src\plugins\default\markbind-plugin-plantuml.js:68:24)
    at FSReqWrap.readFileAfterClose [as oncomplete] (internal/fs/read_file_context.js:53:3)
2020-03-30T10:20:10.703Z - debug:  Error: write EPIPE
    at afterWriteDispatched (internal/stream_base_commons.js:78:25)
    at writeGeneric (internal/stream_base_commons.js:73:3)
    at Socket._writeGeneric (net.js:717:5)
    at Socket._write (net.js:729:8)
    at doWrite (_stream_writable.js:410:12)
    at writeOrBuffer (_stream_writable.js:394:5)
    at Socket.Writable.write (_stream_writable.js:294:11)
    at fs.readFile (C:\Users\dcsdcr\AppData\Roaming\npm\node_modules\markbind-cli\src\plugins\default\markbind-plugin-plantuml.js:68:24)
    at FSReqWrap.readFileAfterClose [as oncomplete] (internal/fs/read_file_context.js:53:3)
2020-03-30T10:20:10.703Z - error: Error processing C:\repos\nus-cs2113-AY1920S2\cs2113-website\book\uml\sequenceDiagrams\staticMethods\images\personClass.puml
2020-03-30T10:20:10.756Z - debug: The process cannot access the file because it is being used by another process.

2020-03-30T10:20:10.761Z - debug: The process cannot access the file because it is being used by another process.

2020-03-30T10:20:10.762Z - debug: The process cannot access the file because it is being used by another process.

2020-03-30T10:20:10.762Z - debug: The process cannot access the file because it is being used by another process.

2020-03-30T10:20:10.762Z - debug: The process cannot access the file because it is being used by another process.

2020-03-30T10:20:10.762Z - debug: The process cannot access the file because it is being used by another process.

2020-03-30T10:20:10.762Z - debug: The process cannot access the file because it is being used by another process.

2020-03-30T10:20:10.762Z - debug: The process cannot access the file because it is being used by another process.

2020-03-30T10:20:10.762Z - debug: The process cannot access the file because it is being used by another process.

2020-03-30T10:20:10.762Z - debug: The process cannot access the file because it is being used by another process.

2020-03-30T10:20:10.763Z - debug: The process cannot access the file because it is being used by another process.

2020-03-30T10:20:10.763Z - debug: The process cannot access the file because it is being used by another process.

2020-03-30T10:20:10.763Z - debug: The process cannot access the file because it is being used by another process.

2020-03-30T10:20:10.763Z - debug: The process cannot access the file because it is being used by another process.

2020-03-30T10:20:10.764Z - debug: The process cannot access the file because it is being used by another process.

2020-03-30T10:20:10.764Z - debug: The process cannot access the file because it is being used by another process.

2020-03-30T10:20:10.764Z - debug: The process cannot access the file because it is being used by another process.

2020-03-30T10:20:10.764Z - debug: The process cannot access the file because it is being used by another process.

2020-03-30T10:20:10.764Z - debug: The process cannot access the file because it is being used by another process.

2020-03-30T10:20:10.764Z - debug: The process cannot access the file because it is being used by another process.

2020-03-30T10:20:10.764Z - debug: The process cannot access the file because it is being used by another process.

2020-03-30T10:20:10.848Z - debug: The process cannot access the file because it is being used by another process.

2020-03-30T10:20:10.854Z - debug: The process cannot access the file because it is being used by another process.

2020-03-30T10:20:10.855Z - debug: The process cannot access the file because it is being used by another process.

2020-03-30T10:20:15.109Z - debug:  
2020-03-30T10:20:15.110Z - debug:  
2020-03-30T10:20:16.604Z - debug:  
2020-03-30T10:20:16.604Z - debug:  
2020-03-30T10:20:53.125Z - debug:  
2020-03-30T10:20:53.125Z - debug:  
2020-03-30T10:21:14.447Z - info: Pages built
2020-03-30T10:21:32.755Z - info: Website generation complete! Total build time: 144.843s
2020-03-30T10:21:32.756Z - info: Build success!
2020-03-30T10:21:32.758Z - info: Site data built
2020-03-30T10:22:18.604Z - info: Deployed!
2020-03-30T11:05:24.677Z - info: Website generation started at 7:05:23 PM
2020-03-30T11:05:27.096Z - info: Building assets...
