2020-04-02T10:34:58.885Z - info: Website generation (lazy) started at 6:34:57 PM
2020-04-02T10:35:01.630Z - info: Building assets...
2020-04-02T10:35:03.537Z - info: Assets built
2020-04-02T10:35:03.538Z - info: Generating landing page...
2020-04-02T10:35:04.342Z - info: Landing page built, other pages will be built as you navigate to them!
2020-04-02T10:35:04.492Z - info: Website generation (lazy) complete! Total build time: 6.866s
2020-04-02T10:35:04.808Z - info: Serving "C:\repos\nus-cs2113-AY1920S2\cs2113-website\_site" at http://127.0.0.1:8080
2020-04-02T10:35:04.809Z - info: Press CTRL+C to stop ...
2020-04-02T10:35:04.906Z - info: Site data built
2020-04-02T10:35:19.010Z - info: Building C:\repos\nus-cs2113-AY1920S2\cs2113-website\schedule\week11\index as some of its dependencies were changed since the last visit
2020-04-02T10:35:19.627Z - info: Site data built
2020-04-02T10:35:19.628Z - info: Lazy website regeneration complete! Total build time: 0.618s
2020-04-02T10:35:27.382Z - info: Building C:\repos\nus-cs2113-AY1920S2\cs2113-website\schedule\week11\tutorial as some of its dependencies were changed since the last visit
2020-04-02T10:35:27.912Z - info: Site data built
2020-04-02T10:35:27.912Z - info: Lazy website regeneration complete! Total build time: 0.53s
2020-04-02T10:35:34.778Z - info: Building C:\repos\nus-cs2113-AY1920S2\cs2113-website\schedule\week10\tutorial as some of its dependencies were changed since the last visit
2020-04-02T10:35:35.051Z - info: Site data built
2020-04-02T10:35:35.052Z - info: Lazy website regeneration complete! Total build time: 0.274s
2020-04-02T10:37:58.163Z - info: [6:37:58 PM] Reload for file change: C:\repos\nus-cs2113-AY1920S2\cs2113-website\schedule\week10\tutorial-cs2103.mbdf
2020-04-02T10:37:59.165Z - info: Rebuilding affected source files
2020-04-02T10:37:59.170Z - info: Rebuilding 1 pages
2020-04-02T10:37:59.541Z - info: Pages rebuilt
2020-04-02T10:37:59.541Z - info: Website regeneration complete! Total build time: 0.375s
2020-04-02T10:37:59.545Z - info: Site data built
2020-04-02T10:38:27.827Z - info: [6:38:27 PM] Reload for file change: C:\repos\nus-cs2113-AY1920S2\cs2113-website\schedule\week10\tutorial-cs2103.mbdf
2020-04-02T10:38:28.829Z - info: Rebuilding affected source files
2020-04-02T10:38:28.830Z - info: Rebuilding 1 pages
2020-04-02T10:38:29.207Z - info: Pages rebuilt
2020-04-02T10:38:29.208Z - info: Website regeneration complete! Total build time: 0.379s
2020-04-02T10:38:29.211Z - info: Site data built
2020-04-02T10:38:53.362Z - info: [6:38:53 PM] Reload for file change: C:\repos\nus-cs2113-AY1920S2\cs2113-website\schedule\week10\tutorial-cs2103.mbdf
2020-04-02T10:38:54.364Z - info: Rebuilding affected source files
2020-04-02T10:38:54.366Z - info: Rebuilding 1 pages
2020-04-02T10:38:54.788Z - info: Pages rebuilt
2020-04-02T10:38:54.789Z - info: Website regeneration complete! Total build time: 0.425s
2020-04-02T10:38:54.793Z - info: Site data built
2020-04-02T11:02:55.969Z - info: Building C:\repos\nus-cs2113-AY1920S2\cs2113-website\admin\tp-progress-dashboard as some of its dependencies were changed since the last visit
2020-04-02T11:02:58.192Z - info: Site data built
2020-04-02T11:02:58.192Z - info: Lazy website regeneration complete! Total build time: 2.223s
2020-04-02T11:11:39.370Z - info: [7:11:39 PM] Reload for file change: C:\repos\nus-cs2113-AY1920S2\cs2113-website\admin\tp-progress-dashboard-table.mbdf
2020-04-02T11:11:40.374Z - info: Rebuilding affected source files
2020-04-02T11:11:40.377Z - info: Rebuilding 1 pages
2020-04-02T11:11:42.902Z - info: Pages rebuilt
2020-04-02T11:11:42.902Z - info: Website regeneration complete! Total build time: 2.527s
2020-04-02T11:11:42.905Z - info: Site data built
2020-04-02T11:29:43.725Z - info: [7:29:43 PM] Reload for file change: C:\repos\nus-cs2113-AY1920S2\cs2113-website\admin\tp-progress-dashboard-table.mbdf
2020-04-02T11:29:44.729Z - info: Rebuilding affected source files
2020-04-02T11:29:44.731Z - info: Rebuilding 1 pages
2020-04-02T11:29:47.182Z - info: Pages rebuilt
2020-04-02T11:29:47.182Z - info: Website regeneration complete! Total build time: 2.453s
2020-04-02T11:29:47.185Z - info: Site data built
2020-04-02T11:31:58.174Z - info: [7:31:58 PM] Reload for file change: C:\repos\nus-cs2113-AY1920S2\cs2113-website\admin\tp-progress-dashboard-table.mbdf
2020-04-02T11:31:59.178Z - info: Rebuilding affected source files
2020-04-02T11:31:59.182Z - info: Rebuilding 1 pages
2020-04-02T11:32:01.651Z - info: Pages rebuilt
2020-04-02T11:32:01.651Z - info: Website regeneration complete! Total build time: 2.473s
2020-04-02T11:32:01.654Z - info: Site data built
2020-04-02T11:35:07.533Z - info: [7:35:07 PM] Reload for file change: C:\repos\nus-cs2113-AY1920S2\cs2113-website\admin\tp-progress-dashboard-table.mbdf
2020-04-02T11:35:08.535Z - info: Rebuilding affected source files
2020-04-02T11:35:08.538Z - info: Rebuilding 1 pages
2020-04-02T11:35:10.918Z - info: Pages rebuilt
2020-04-02T11:35:10.918Z - info: Website regeneration complete! Total build time: 2.383s
2020-04-02T11:35:10.922Z - info: Site data built
2020-04-02T11:37:28.332Z - info: [7:37:28 PM] Reload for file change: C:\repos\nus-cs2113-AY1920S2\cs2113-website\admin\tp-progress-dashboard-table.mbdf
2020-04-02T11:37:29.335Z - info: Rebuilding affected source files
2020-04-02T11:37:29.338Z - info: Rebuilding 1 pages
2020-04-02T11:37:31.746Z - info: Pages rebuilt
2020-04-02T11:37:31.747Z - info: Website regeneration complete! Total build time: 2.412s
2020-04-02T11:37:31.750Z - info: Site data built
2020-04-02T11:39:41.925Z - info: [7:39:41 PM] Reload for file change: C:\repos\nus-cs2113-AY1920S2\cs2113-website\admin\tp-progress-dashboard-table.mbdf
2020-04-02T11:39:42.928Z - info: Rebuilding affected source files
2020-04-02T11:39:42.931Z - info: Rebuilding 1 pages
2020-04-02T11:39:45.413Z - info: Pages rebuilt
2020-04-02T11:39:45.413Z - info: Website regeneration complete! Total build time: 2.485s
2020-04-02T11:39:45.422Z - info: Site data built
2020-04-02T11:44:58.307Z - info: [7:44:58 PM] Reload for file change: C:\repos\nus-cs2113-AY1920S2\cs2113-website\admin\tp-progress-dashboard-table.mbdf
2020-04-02T11:44:59.311Z - info: Rebuilding affected source files
2020-04-02T11:44:59.313Z - info: Rebuilding 1 pages
2020-04-02T11:45:01.710Z - info: Pages rebuilt
2020-04-02T11:45:01.711Z - info: Website regeneration complete! Total build time: 2.4s
2020-04-02T11:45:01.740Z - info: Site data built
2020-04-02T11:55:00.302Z - info: [7:55:00 PM] Reload for file change: C:\repos\nus-cs2113-AY1920S2\cs2113-website\admin\participation-dashboard-table.mbdf
2020-04-02T11:55:01.306Z - info: Rebuilding affected source files
2020-04-02T11:55:01.308Z - info: Rebuilding 0 pages
2020-04-02T11:55:01.309Z - info: Pages rebuilt
2020-04-02T11:55:01.309Z - info: Website regeneration complete! Total build time: 0.003s
2020-04-02T11:55:01.312Z - info: Site data built
2020-04-02T11:55:07.497Z - info: Building C:\repos\nus-cs2113-AY1920S2\cs2113-website\admin\participation-dashboard as some of its dependencies were changed since the last visit
2020-04-02T11:55:10.884Z - info: Site data built
2020-04-02T11:55:10.884Z - info: Lazy website regeneration complete! Total build time: 3.387s
2020-04-02T12:33:25.043Z - info: [8:33:25 PM] Reload for file change: C:\repos\nus-cs2113-AY1920S2\cs2113-website\admin\participation-dashboard-table.mbdf
2020-04-02T12:33:26.060Z - info: Rebuilding affected source files
2020-04-02T12:33:26.064Z - info: Rebuilding 1 pages
2020-04-02T12:33:29.414Z - info: Pages rebuilt
2020-04-02T12:33:29.414Z - info: Website regeneration complete! Total build time: 3.354s
2020-04-02T12:33:29.418Z - info: Site data built
2020-04-02T12:42:03.172Z - info: Website generation started at 8:42:02 PM
2020-04-02T12:42:05.654Z - info: Building assets...
2020-04-02T12:42:08.276Z - info: Assets built
2020-04-02T12:42:08.276Z - info: Generating pages...
2020-04-02T12:44:00.147Z - debug: The process cannot access the file because it is being used by another process.

2020-04-02T12:44:00.151Z - debug: The process cannot access the file because it is being used by another process.

2020-04-02T12:44:00.151Z - debug: The process cannot access the file because it is being used by another process.

2020-04-02T12:44:00.151Z - debug: The process cannot access the file because it is being used by another process.

2020-04-02T12:44:00.152Z - debug: The process cannot access the file because it is being used by another process.

2020-04-02T12:44:00.152Z - debug: The process cannot access the file because it is being used by another process.

2020-04-02T12:44:00.153Z - debug: The process cannot access the file because it is being used by another process.

2020-04-02T12:44:00.153Z - debug: The process cannot access the file because it is being used by another process.

2020-04-02T12:44:00.153Z - debug: The process cannot access the file because it is being used by another process.

2020-04-02T12:44:00.154Z - debug: The process cannot access the file because it is being used by another process.

2020-04-02T12:44:00.162Z - debug: The process cannot access the file because it is being used by another process.

2020-04-02T12:44:00.162Z - debug: The process cannot access the file because it is being used by another process.

2020-04-02T12:44:00.162Z - debug: The process cannot access the file because it is being used by another process.

2020-04-02T12:44:00.162Z - debug: The process cannot access the file because it is being used by another process.

2020-04-02T12:44:00.163Z - debug: The process cannot access the file because it is being used by another process.

2020-04-02T12:44:00.163Z - debug: The process cannot access the file because it is being used by another process.

2020-04-02T12:44:00.164Z - debug: The process cannot access the file because it is being used by another process.

2020-04-02T12:44:00.164Z - debug: The process cannot access the file because it is being used by another process.

2020-04-02T12:44:00.165Z - debug: The process cannot access the file because it is being used by another process.

2020-04-02T12:44:00.165Z - debug: The process cannot access the file because it is being used by another process.

2020-04-02T12:44:00.165Z - debug: The process cannot access the file because it is being used by another process.

2020-04-02T12:44:00.165Z - debug: The process cannot access the file because it is being used by another process.

2020-04-02T12:44:01.089Z - debug: The process cannot access the file because it is being used by another process.

2020-04-02T12:44:01.115Z - debug: The process cannot access the file because it is being used by another process.

2020-04-02T12:44:01.902Z - debug: The process cannot access the file because it is being used by another process.

2020-04-02T12:44:02.811Z - debug:  
2020-04-02T12:44:02.812Z - debug:  
2020-04-02T12:44:02.812Z - debug:  
2020-04-02T12:44:02.812Z - debug:  
2020-04-02T12:44:06.473Z - debug:  
2020-04-02T12:44:06.473Z - debug:  
2020-04-02T12:44:06.496Z - info: Pages built
2020-04-02T12:44:25.181Z - info: Website generation complete! Total build time: 142.671s
2020-04-02T12:44:25.181Z - info: Build success!
2020-04-02T12:44:25.183Z - info: Site data built
2020-04-02T12:45:11.591Z - info: Deployed!
