2020-04-29T14:00:11.086Z - info: Website generation (lazy) started at 10:00:01 PM
2020-04-29T14:00:19.769Z - info: Building assets...
2020-04-29T14:00:28.897Z - info: Assets built
2020-04-29T14:00:28.901Z - info: Generating landing page...
2020-04-29T14:00:30.451Z - info: Landing page built, other pages will be built as you navigate to them!
2020-04-29T14:00:30.598Z - info: Website generation (lazy) complete! Total build time: 29.374s
2020-04-29T14:00:31.721Z - info: Serving "C:\repos\nus-cs2113-AY1920S2\cs2113-website\_site" at http://127.0.0.1:8080
2020-04-29T14:00:31.722Z - info: Press CTRL+C to stop ...
2020-04-29T14:00:31.838Z - info: Site data built
2020-04-29T14:00:44.053Z - info: Building C:\repos\nus-cs2113-AY1920S2\cs2113-website\admin\index as some of its dependencies were changed since the last visit
2020-04-29T14:00:44.818Z - info: Site data built
2020-04-29T14:00:44.818Z - info: Lazy website regeneration complete! Total build time: 0.765s
2020-04-29T14:00:50.497Z - info: Building C:\repos\nus-cs2113-AY1920S2\cs2113-website\admin\exams as some of its dependencies were changed since the last visit
2020-04-29T14:00:50.960Z - info: Site data built
2020-04-29T14:00:50.961Z - info: Lazy website regeneration complete! Total build time: 0.465s
2020-04-29T14:01:12.292Z - info: [10:01:12 PM] Reload for file change: C:\repos\nus-cs2113-AY1920S2\cs2113-website\admin\exams.md
2020-04-29T14:01:13.295Z - info: Rebuilding affected source files
2020-04-29T14:01:13.299Z - info: Rebuilding 1 pages
2020-04-29T14:01:14.325Z - info: Pages rebuilt
2020-04-29T14:01:14.325Z - info: Website regeneration complete! Total build time: 1.029s
2020-04-29T14:01:14.335Z - info: Site data built
2020-04-29T14:02:50.546Z - info: [10:02:50 PM] Reload for file change: C:\repos\nus-cs2113-AY1920S2\cs2113-website\admin\exams.md
2020-04-29T14:02:51.556Z - info: Rebuilding affected source files
2020-04-29T14:02:51.561Z - info: Rebuilding 1 pages
2020-04-29T14:02:52.403Z - info: Pages rebuilt
2020-04-29T14:02:52.403Z - info: Website regeneration complete! Total build time: 0.847s
2020-04-29T14:02:52.409Z - info: Site data built
2020-04-29T14:03:18.518Z - info: [10:03:18 PM] Reload for file change: C:\repos\nus-cs2113-AY1920S2\cs2113-website\admin\exams.md
2020-04-29T14:03:19.572Z - info: Rebuilding affected source files
2020-04-29T14:03:19.576Z - info: Rebuilding 1 pages
2020-04-29T14:03:20.054Z - info: Pages rebuilt
2020-04-29T14:03:20.055Z - info: Website regeneration complete! Total build time: 0.483s
2020-04-29T14:03:20.059Z - info: Site data built
2020-04-29T14:05:50.623Z - info: [10:05:50 PM] Reload for file change: C:\repos\nus-cs2113-AY1920S2\cs2113-website\admin\exams.md
2020-04-29T14:05:51.634Z - info: Rebuilding affected source files
2020-04-29T14:05:51.636Z - info: Rebuilding 1 pages
2020-04-29T14:05:52.195Z - info: Pages rebuilt
2020-04-29T14:05:52.195Z - info: Website regeneration complete! Total build time: 0.561s
2020-04-29T14:05:52.199Z - info: Site data built
2020-04-29T14:12:47.074Z - info: [10:12:47 PM] Reload for file change: C:\repos\nus-cs2113-AY1920S2\cs2113-website\admin\exams.md
2020-04-29T14:12:48.082Z - info: Rebuilding affected source files
2020-04-29T14:12:48.086Z - info: Rebuilding 1 pages
2020-04-29T14:12:48.809Z - info: Pages rebuilt
2020-04-29T14:12:48.810Z - info: Website regeneration complete! Total build time: 0.727s
2020-04-29T14:12:48.854Z - info: Site data built
2020-04-29T14:14:44.279Z - info: Website generation started at 10:14:41 PM
2020-04-29T14:14:52.371Z - info: Building assets...
