2020-04-05T07:03:30.001Z - info: Website generation (lazy) started at 3:03:28 PM
2020-04-05T07:03:32.865Z - info: Building assets...
2020-04-05T07:03:35.333Z - info: Assets built
2020-04-05T07:03:35.333Z - info: Generating landing page...
2020-04-05T07:03:36.342Z - info: Landing page built, other pages will be built as you navigate to them!
2020-04-05T07:03:36.512Z - info: Website generation (lazy) complete! Total build time: 7.943s
2020-04-05T07:03:36.829Z - info: Serving "C:\repos\nus-cs2113-AY1920S2\cs2113-website\_site" at http://127.0.0.1:8080
2020-04-05T07:03:36.829Z - info: Press CTRL+C to stop ...
2020-04-05T07:03:36.935Z - info: Site data built
2020-04-05T07:04:09.123Z - info: Building C:\repos\nus-cs2113-AY1920S2\cs2113-website\schedule\week12\tutorial as some of its dependencies were changed since the last visit
2020-04-05T07:04:09.472Z - info: Site data built
2020-04-05T07:04:09.473Z - info: Lazy website regeneration complete! Total build time: 0.35s
2020-04-05T07:04:13.287Z - info: Building C:\repos\nus-cs2113-AY1920S2\cs2113-website\schedule\week12\admin as some of its dependencies were changed since the last visit
2020-04-05T07:04:13.540Z - info: Site data built
2020-04-05T07:04:13.540Z - info: Lazy website regeneration complete! Total build time: 0.253s
2020-04-05T07:04:21.525Z - info: Building C:\repos\nus-cs2113-AY1920S2\cs2113-website\schedule\week13\index as some of its dependencies were changed since the last visit
2020-04-05T07:04:21.890Z - info: Site data built
2020-04-05T07:04:21.891Z - info: Lazy website regeneration complete! Total build time: 0.366s
2020-04-05T07:04:27.929Z - info: Building C:\repos\nus-cs2113-AY1920S2\cs2113-website\schedule\week13\topics as some of its dependencies were changed since the last visit
2020-04-05T07:04:28.114Z - info: Site data built
2020-04-05T07:04:28.114Z - info: Lazy website regeneration complete! Total build time: 0.185s
2020-04-05T07:06:40.360Z - info: Website generation started at 3:06:39 PM
2020-04-05T07:06:43.071Z - info: Building assets...
