2020-02-19T14:17:51.124Z - info: Website generation started at 22:17:42
2020-02-19T14:17:55.721Z - info: Building assets...
2020-02-19T14:18:00.074Z - info: Assets built
2020-02-19T14:18:00.078Z - info: Generating pages...
2020-02-19T14:20:05.390Z - debug: The process cannot access the file because it is being used by another process.

2020-02-19T14:20:05.406Z - debug: The process cannot access the file because it is being used by another process.

2020-02-19T14:20:05.406Z - debug: The process cannot access the file because it is being used by another process.

2020-02-19T14:20:05.422Z - debug: The process cannot access the file because it is being used by another process.

2020-02-19T14:20:05.422Z - debug: The process cannot access the file because it is being used by another process.

2020-02-19T14:20:05.422Z - debug: The process cannot access the file because it is being used by another process.

2020-02-19T14:20:05.422Z - debug: The process cannot access the file because it is being used by another process.

2020-02-19T14:20:05.422Z - debug: The process cannot access the file because it is being used by another process.

2020-02-19T14:20:05.422Z - debug: The process cannot access the file because it is being used by another process.

2020-02-19T14:20:05.422Z - debug: The process cannot access the file because it is being used by another process.

2020-02-19T14:20:06.059Z - debug: The process cannot access the file because it is being used by another process.

2020-02-19T14:21:05.421Z - debug:  
2020-02-19T14:21:05.421Z - debug:  
2020-02-19T14:21:05.421Z - debug:  
2020-02-19T14:21:05.421Z - debug:  
2020-02-19T14:21:38.422Z - info: Pages built
2020-02-19T14:22:07.240Z - info: Website generation complete! Total build time: 264.947s
2020-02-19T14:22:07.240Z - info: Build success!
2020-02-19T14:22:07.302Z - info: Site data built
2020-02-19T14:22:49.461Z - info: Deployed!
