2020-04-18T16:07:28.281Z - info: [12:07:28 AM] Reload for file change: C:\repos\nus-cs2113-AY1920S2\cs2113-website\schedule\week13\tutorial.md
2020-04-18T16:07:29.313Z - info: Rebuilding affected source files
2020-04-18T16:07:29.340Z - info: Rebuilding 1 pages
2020-04-18T16:07:29.587Z - info: Pages rebuilt
2020-04-18T16:07:29.587Z - info: Website regeneration complete! Total build time: 0.274s
2020-04-18T16:07:29.601Z - info: Site data built
2020-04-19T03:42:12.138Z - info: Website generation (lazy) started at 11:42:09 AM
2020-04-19T03:42:18.336Z - info: Building assets...
2020-04-19T03:42:22.341Z - info: Assets built
2020-04-19T03:42:22.342Z - info: Generating landing page...
2020-04-19T03:42:23.263Z - info: Landing page built, other pages will be built as you navigate to them!
2020-04-19T03:42:23.365Z - info: Website generation (lazy) complete! Total build time: 14.005s
2020-04-19T03:42:24.155Z - info: Serving "C:\repos\nus-cs2113-AY1920S2\cs2113-website\_site" at http://127.0.0.1:8080
2020-04-19T03:42:24.156Z - info: Press CTRL+C to stop ...
2020-04-19T03:42:24.227Z - info: Site data built
2020-04-19T03:42:39.651Z - info: Building C:\repos\nus-cs2113-AY1920S2\cs2113-website\admin\index as some of its dependencies were changed since the last visit
2020-04-19T03:42:40.251Z - info: Site data built
2020-04-19T03:42:40.251Z - info: Lazy website regeneration complete! Total build time: 0.6s
2020-04-19T03:42:46.111Z - info: Building C:\repos\nus-cs2113-AY1920S2\cs2113-website\admin\tp-deliverables as some of its dependencies were changed since the last visit
2020-04-19T03:42:47.798Z - info: Site data built
2020-04-19T03:42:47.799Z - info: Lazy website regeneration complete! Total build time: 1.688s
2020-04-19T03:44:31.031Z - info: [11:44:31 AM] Reload for file change: C:\repos\nus-cs2113-AY1920S2\cs2113-website\admin\tp-deliverables-pe.mbdf
2020-04-19T03:44:32.039Z - info: Rebuilding affected source files
2020-04-19T03:44:32.043Z - info: Rebuilding 1 pages
2020-04-19T03:44:34.554Z - info: Pages rebuilt
2020-04-19T03:44:34.554Z - info: Website regeneration complete! Total build time: 2.514s
2020-04-19T03:44:34.570Z - info: Site data built
2020-04-19T03:44:46.424Z - info: [11:44:46 AM] Reload for file change: C:\repos\nus-cs2113-AY1920S2\cs2113-website\admin\tp-deliverables-pe.mbdf
2020-04-19T03:44:47.425Z - info: Rebuilding affected source files
2020-04-19T03:44:47.426Z - info: Rebuilding 1 pages
2020-04-19T03:44:49.345Z - info: Pages rebuilt
2020-04-19T03:44:49.345Z - info: Website regeneration complete! Total build time: 1.92s
2020-04-19T03:44:49.351Z - info: Site data built
2020-04-19T03:45:20.898Z - info: [11:45:20 AM] Reload for file change: C:\repos\nus-cs2113-AY1920S2\cs2113-website\admin\tp-deliverables-pe.mbdf
2020-04-19T03:45:21.903Z - info: Rebuilding affected source files
2020-04-19T03:45:21.905Z - info: Rebuilding 1 pages
2020-04-19T03:45:24.405Z - info: Pages rebuilt
2020-04-19T03:45:24.405Z - info: Website regeneration complete! Total build time: 2.502s
2020-04-19T03:45:24.414Z - info: Site data built
2020-04-19T03:45:58.248Z - info: [11:45:58 AM] Reload for file change: C:\repos\nus-cs2113-AY1920S2\cs2113-website\admin\tp-deliverables-pe.mbdf
2020-04-19T03:45:59.262Z - info: Rebuilding affected source files
2020-04-19T03:45:59.265Z - info: Rebuilding 1 pages
2020-04-19T03:46:01.735Z - info: Pages rebuilt
2020-04-19T03:46:01.735Z - info: Website regeneration complete! Total build time: 2.473s
2020-04-19T03:46:01.747Z - info: Site data built
2020-04-19T03:46:20.417Z - info: [11:46:20 AM] Reload for file change: C:\repos\nus-cs2113-AY1920S2\cs2113-website\admin\tp-deliverables-pe.mbdf
2020-04-19T03:46:21.419Z - info: Rebuilding affected source files
2020-04-19T03:46:21.422Z - info: Rebuilding 1 pages
2020-04-19T03:46:23.834Z - info: Pages rebuilt
2020-04-19T03:46:23.834Z - info: Website regeneration complete! Total build time: 2.415s
2020-04-19T03:46:23.842Z - info: Site data built
2020-04-19T03:47:17.477Z - info: [11:47:17 AM] Reload for file change: C:\repos\nus-cs2113-AY1920S2\cs2113-website\admin\tp-deliverables-pe.mbdf
2020-04-19T03:47:18.486Z - info: Rebuilding affected source files
2020-04-19T03:47:18.489Z - info: Rebuilding 1 pages
2020-04-19T03:47:20.955Z - info: Pages rebuilt
2020-04-19T03:47:20.955Z - info: Website regeneration complete! Total build time: 2.469s
2020-04-19T03:47:20.962Z - info: Site data built
2020-04-19T03:51:03.707Z - info: [11:51:03 AM] Reload for file change: C:\repos\nus-cs2113-AY1920S2\cs2113-website\admin\tp-deliverables-pe.mbdf
2020-04-19T03:51:04.715Z - info: Rebuilding affected source files
2020-04-19T03:51:04.719Z - info: Rebuilding 1 pages
2020-04-19T03:51:07.333Z - info: Pages rebuilt
2020-04-19T03:51:07.333Z - info: Website regeneration complete! Total build time: 2.617s
2020-04-19T03:51:07.339Z - info: Site data built
2020-04-19T03:53:16.675Z - info: [11:53:16 AM] Reload for file change: C:\repos\nus-cs2113-AY1920S2\cs2113-website\admin\tp-deliverables-pe.mbdf
2020-04-19T03:53:17.678Z - info: Rebuilding affected source files
2020-04-19T03:53:17.683Z - info: Rebuilding 1 pages
2020-04-19T03:53:20.206Z - info: Pages rebuilt
2020-04-19T03:53:20.207Z - info: Website regeneration complete! Total build time: 2.528s
2020-04-19T03:53:20.213Z - info: Site data built
2020-04-19T03:56:45.555Z - info: [11:56:45 AM] Reload for file change: C:\repos\nus-cs2113-AY1920S2\cs2113-website\admin\tp-deliverables-pe.mbdf
2020-04-19T03:56:46.558Z - info: Rebuilding affected source files
2020-04-19T03:56:46.562Z - info: Rebuilding 1 pages
2020-04-19T03:56:47.162Z - error:  Error: No such segment 'additionalGuidelinesForBugTriaging' in file: C:\repos\nus-cs2113-AY1920S2\cs2113-website\admin\tp-deliverables.md
Missing reference in C:\repos\nus-cs2113-AY1920S2\cs2113-website\admin\tp-deliverables-pe.mbdf
    at _preprocessInclude (C:\Users\damithch\AppData\Roaming\npm\node_modules\markbind-cli\src\lib\markbind\src\preprocessors\componentPreprocessor.js:286:21)
    at preProcessComponent (C:\Users\damithch\AppData\Roaming\npm\node_modules\markbind-cli\src\lib\markbind\src\preprocessors\componentPreprocessor.js:361:12)
    at C:\Users\damithch\AppData\Roaming\npm\node_modules\markbind-cli\src\lib\markbind\src\preprocessors\componentPreprocessor.js:133:52
    at Array.map (<anonymous>)
    at _preProcessPanel (C:\Users\damithch\AppData\Roaming\npm\node_modules\markbind-cli\src\lib\markbind\src\preprocessors\componentPreprocessor.js:133:43)
    at preProcessComponent (C:\Users\damithch\AppData\Roaming\npm\node_modules\markbind-cli\src\lib\markbind\src\preprocessors\componentPreprocessor.js:356:12)
    at C:\Users\damithch\AppData\Roaming\npm\node_modules\markbind-cli\src\lib\markbind\src\preprocessors\componentPreprocessor.js:368:52
    at Array.map (<anonymous>)
    at preProcessComponent (C:\Users\damithch\AppData\Roaming\npm\node_modules\markbind-cli\src\lib\markbind\src\preprocessors\componentPreprocessor.js:368:43)
    at C:\Users\damithch\AppData\Roaming\npm\node_modules\markbind-cli\src\lib\markbind\src\preprocessors\componentPreprocessor.js:368:52
    at Array.map (<anonymous>)
    at preProcessComponent (C:\Users\damithch\AppData\Roaming\npm\node_modules\markbind-cli\src\lib\markbind\src\preprocessors\componentPreprocessor.js:368:43)
    at C:\Users\damithch\AppData\Roaming\npm\node_modules\markbind-cli\src\lib\markbind\src\preprocessors\componentPreprocessor.js:317:50
    at Array.map (<anonymous>)
    at _preprocessInclude (C:\Users\damithch\AppData\Roaming\npm\node_modules\markbind-cli\src\lib\markbind\src\preprocessors\componentPreprocessor.js:317:41)
    at preProcessComponent (C:\Users\damithch\AppData\Roaming\npm\node_modules\markbind-cli\src\lib\markbind\src\preprocessors\componentPreprocessor.js:361:12)
2020-04-19T03:56:47.489Z - error:  Error: No such segment 'additionalGuidelinesForBugTriaging' in file: C:\repos\nus-cs2113-AY1920S2\cs2113-website\admin\tp-deliverables.md
Missing reference in C:\repos\nus-cs2113-AY1920S2\cs2113-website\admin\tp-deliverables-pe.mbdf
    at _preprocessInclude (C:\Users\damithch\AppData\Roaming\npm\node_modules\markbind-cli\src\lib\markbind\src\preprocessors\componentPreprocessor.js:286:21)
    at preProcessComponent (C:\Users\damithch\AppData\Roaming\npm\node_modules\markbind-cli\src\lib\markbind\src\preprocessors\componentPreprocessor.js:361:12)
    at C:\Users\damithch\AppData\Roaming\npm\node_modules\markbind-cli\src\lib\markbind\src\preprocessors\componentPreprocessor.js:133:52
    at Array.map (<anonymous>)
    at _preProcessPanel (C:\Users\damithch\AppData\Roaming\npm\node_modules\markbind-cli\src\lib\markbind\src\preprocessors\componentPreprocessor.js:133:43)
    at preProcessComponent (C:\Users\damithch\AppData\Roaming\npm\node_modules\markbind-cli\src\lib\markbind\src\preprocessors\componentPreprocessor.js:356:12)
    at C:\Users\damithch\AppData\Roaming\npm\node_modules\markbind-cli\src\lib\markbind\src\preprocessors\componentPreprocessor.js:368:52
    at Array.map (<anonymous>)
    at preProcessComponent (C:\Users\damithch\AppData\Roaming\npm\node_modules\markbind-cli\src\lib\markbind\src\preprocessors\componentPreprocessor.js:368:43)
    at C:\Users\damithch\AppData\Roaming\npm\node_modules\markbind-cli\src\lib\markbind\src\preprocessors\componentPreprocessor.js:368:52
    at Array.map (<anonymous>)
    at preProcessComponent (C:\Users\damithch\AppData\Roaming\npm\node_modules\markbind-cli\src\lib\markbind\src\preprocessors\componentPreprocessor.js:368:43)
    at C:\Users\damithch\AppData\Roaming\npm\node_modules\markbind-cli\src\lib\markbind\src\preprocessors\componentPreprocessor.js:317:50
    at Array.map (<anonymous>)
    at _preprocessInclude (C:\Users\damithch\AppData\Roaming\npm\node_modules\markbind-cli\src\lib\markbind\src\preprocessors\componentPreprocessor.js:317:41)
    at preProcessComponent (C:\Users\damithch\AppData\Roaming\npm\node_modules\markbind-cli\src\lib\markbind\src\preprocessors\componentPreprocessor.js:361:12)
2020-04-19T03:56:49.340Z - info: Pages rebuilt
2020-04-19T03:56:49.341Z - info: Website regeneration complete! Total build time: 2.783s
2020-04-19T03:56:49.347Z - info: Site data built
2020-04-19T03:57:08.342Z - info: [11:57:08 AM] Reload for file change: C:\repos\nus-cs2113-AY1920S2\cs2113-website\admin\tp-deliverables-pe.mbdf
2020-04-19T03:57:09.355Z - info: Rebuilding affected source files
2020-04-19T03:57:09.357Z - info: Rebuilding 1 pages
2020-04-19T03:57:09.649Z - error:  Error: No such file: C:\repos\nus-cs2113-AY1920S2\cs2113-website\admin\tp-deliverables-pe.md
Missing reference in C:\repos\nus-cs2113-AY1920S2\cs2113-website\admin\tp-deliverables-pe.mbdf
    at _getFileExistsNode (C:\Users\damithch\AppData\Roaming\npm\node_modules\markbind-cli\src\lib\markbind\src\preprocessors\componentPreprocessor.js:65:19)
    at _preprocessInclude (C:\Users\damithch\AppData\Roaming\npm\node_modules\markbind-cli\src\lib\markbind\src\preprocessors\componentPreprocessor.js:228:26)
    at preProcessComponent (C:\Users\damithch\AppData\Roaming\npm\node_modules\markbind-cli\src\lib\markbind\src\preprocessors\componentPreprocessor.js:361:12)
    at C:\Users\damithch\AppData\Roaming\npm\node_modules\markbind-cli\src\lib\markbind\src\preprocessors\componentPreprocessor.js:133:52
    at Array.map (<anonymous>)
    at _preProcessPanel (C:\Users\damithch\AppData\Roaming\npm\node_modules\markbind-cli\src\lib\markbind\src\preprocessors\componentPreprocessor.js:133:43)
    at preProcessComponent (C:\Users\damithch\AppData\Roaming\npm\node_modules\markbind-cli\src\lib\markbind\src\preprocessors\componentPreprocessor.js:356:12)
    at C:\Users\damithch\AppData\Roaming\npm\node_modules\markbind-cli\src\lib\markbind\src\preprocessors\componentPreprocessor.js:368:52
    at Array.map (<anonymous>)
    at preProcessComponent (C:\Users\damithch\AppData\Roaming\npm\node_modules\markbind-cli\src\lib\markbind\src\preprocessors\componentPreprocessor.js:368:43)
    at C:\Users\damithch\AppData\Roaming\npm\node_modules\markbind-cli\src\lib\markbind\src\preprocessors\componentPreprocessor.js:368:52
    at Array.map (<anonymous>)
    at preProcessComponent (C:\Users\damithch\AppData\Roaming\npm\node_modules\markbind-cli\src\lib\markbind\src\preprocessors\componentPreprocessor.js:368:43)
    at C:\Users\damithch\AppData\Roaming\npm\node_modules\markbind-cli\src\lib\markbind\src\preprocessors\componentPreprocessor.js:317:50
    at Array.map (<anonymous>)
    at _preprocessInclude (C:\Users\damithch\AppData\Roaming\npm\node_modules\markbind-cli\src\lib\markbind\src\preprocessors\componentPreprocessor.js:317:41)
2020-04-19T03:57:09.860Z - error:  Error: No such file: C:\repos\nus-cs2113-AY1920S2\cs2113-website\admin\tp-deliverables-pe.md
Missing reference in C:\repos\nus-cs2113-AY1920S2\cs2113-website\admin\tp-deliverables-pe.mbdf
    at _getFileExistsNode (C:\Users\damithch\AppData\Roaming\npm\node_modules\markbind-cli\src\lib\markbind\src\preprocessors\componentPreprocessor.js:65:19)
    at _preprocessInclude (C:\Users\damithch\AppData\Roaming\npm\node_modules\markbind-cli\src\lib\markbind\src\preprocessors\componentPreprocessor.js:228:26)
    at preProcessComponent (C:\Users\damithch\AppData\Roaming\npm\node_modules\markbind-cli\src\lib\markbind\src\preprocessors\componentPreprocessor.js:361:12)
    at C:\Users\damithch\AppData\Roaming\npm\node_modules\markbind-cli\src\lib\markbind\src\preprocessors\componentPreprocessor.js:133:52
    at Array.map (<anonymous>)
    at _preProcessPanel (C:\Users\damithch\AppData\Roaming\npm\node_modules\markbind-cli\src\lib\markbind\src\preprocessors\componentPreprocessor.js:133:43)
    at preProcessComponent (C:\Users\damithch\AppData\Roaming\npm\node_modules\markbind-cli\src\lib\markbind\src\preprocessors\componentPreprocessor.js:356:12)
    at C:\Users\damithch\AppData\Roaming\npm\node_modules\markbind-cli\src\lib\markbind\src\preprocessors\componentPreprocessor.js:368:52
    at Array.map (<anonymous>)
    at preProcessComponent (C:\Users\damithch\AppData\Roaming\npm\node_modules\markbind-cli\src\lib\markbind\src\preprocessors\componentPreprocessor.js:368:43)
    at C:\Users\damithch\AppData\Roaming\npm\node_modules\markbind-cli\src\lib\markbind\src\preprocessors\componentPreprocessor.js:368:52
    at Array.map (<anonymous>)
    at preProcessComponent (C:\Users\damithch\AppData\Roaming\npm\node_modules\markbind-cli\src\lib\markbind\src\preprocessors\componentPreprocessor.js:368:43)
    at C:\Users\damithch\AppData\Roaming\npm\node_modules\markbind-cli\src\lib\markbind\src\preprocessors\componentPreprocessor.js:317:50
    at Array.map (<anonymous>)
    at _preprocessInclude (C:\Users\damithch\AppData\Roaming\npm\node_modules\markbind-cli\src\lib\markbind\src\preprocessors\componentPreprocessor.js:317:41)
2020-04-19T03:57:11.300Z - info: Pages rebuilt
2020-04-19T03:57:11.300Z - info: Website regeneration complete! Total build time: 1.945s
2020-04-19T03:57:11.304Z - info: Site data built
2020-04-19T03:57:29.029Z - info: [11:57:29 AM] Reload for file change: C:\repos\nus-cs2113-AY1920S2\cs2113-website\admin\tp-deliverables-pe.mbdf
2020-04-19T03:57:30.032Z - info: Rebuilding affected source files
2020-04-19T03:57:30.034Z - info: Rebuilding 1 pages
2020-04-19T03:57:32.349Z - info: Pages rebuilt
2020-04-19T03:57:32.349Z - info: Website regeneration complete! Total build time: 2.317s
2020-04-19T03:57:32.353Z - info: Site data built
2020-04-19T04:00:46.813Z - info: [12:00:46 PM] Reload for file change: C:\repos\nus-cs2113-AY1920S2\cs2113-website\admin\tp-deliverables-pe.mbdf
2020-04-19T04:00:47.821Z - info: Rebuilding affected source files
2020-04-19T04:00:47.824Z - info: Rebuilding 1 pages
2020-04-19T04:00:50.157Z - info: Pages rebuilt
2020-04-19T04:00:50.158Z - info: Website regeneration complete! Total build time: 2.337s
2020-04-19T04:00:50.215Z - info: Site data built
2020-04-19T04:01:24.646Z - info: [12:01:24 PM] Reload for file change: C:\repos\nus-cs2113-AY1920S2\cs2113-website\admin\tp-deliverables-pe.mbdf
2020-04-19T04:01:25.653Z - info: Rebuilding affected source files
2020-04-19T04:01:25.658Z - info: Rebuilding 1 pages
2020-04-19T04:01:28.122Z - info: Pages rebuilt
2020-04-19T04:01:28.123Z - info: Website regeneration complete! Total build time: 2.469s
2020-04-19T04:01:28.129Z - info: Site data built
2020-04-19T04:02:15.575Z - info: [12:02:15 PM] Reload for file change: C:\repos\nus-cs2113-AY1920S2\cs2113-website\admin\tp-deliverables-pe.mbdf
2020-04-19T04:02:16.580Z - info: Rebuilding affected source files
2020-04-19T04:02:16.583Z - info: Rebuilding 1 pages
2020-04-19T04:02:19.118Z - info: Pages rebuilt
2020-04-19T04:02:19.119Z - info: Website regeneration complete! Total build time: 2.539s
2020-04-19T04:02:19.125Z - info: Site data built
2020-04-19T04:03:01.657Z - info: Website generation started at 12:02:56 PM
2020-04-19T04:03:08.404Z - info: Building assets...
