2019-12-28T15:11:26.248Z - info: Website generation started at 23:11:26
2019-12-28T15:11:35.915Z - info: Building assets...
2019-12-28T15:11:41.529Z - info: Assets built
2019-12-28T15:11:41.529Z - info: Generating pages...
2019-12-28T15:12:26.882Z - debug: The process cannot access the file because it is being used by another process.

2019-12-28T15:12:26.884Z - debug: The process cannot access the file because it is being used by another process.

2019-12-28T15:12:26.920Z - debug: The process cannot access the file because it is being used by another process.

2019-12-28T15:12:26.920Z - debug: The process cannot access the file because it is being used by another process.

2019-12-28T15:12:26.920Z - debug: The process cannot access the file because it is being used by another process.

2019-12-28T15:12:26.920Z - debug: The process cannot access the file because it is being used by another process.

2019-12-28T15:12:26.920Z - debug: The process cannot access the file because it is being used by another process.

2019-12-28T15:12:26.999Z - debug: The process cannot access the file because it is being used by another process.

2019-12-28T15:12:40.742Z - debug:  
2019-12-28T15:12:40.743Z - debug:  
2019-12-28T15:12:40.743Z - debug:  
2019-12-28T15:13:21.355Z - info: Pages built
2019-12-28T15:13:41.703Z - info: Website generation complete! Total build time: 135.469s
2019-12-28T15:13:42.020Z - info: Serving "C:\repos\nus-cs2113-AY1920S2\cs2113-website\book\_site" at http://127.0.0.1:8080
2019-12-28T15:13:42.021Z - info: Press CTRL+C to stop ...
2019-12-28T15:13:42.122Z - info: Site data built
2019-12-28T15:16:41.122Z - info: [23:16:41] Reload for file change: C:\repos\nus-cs2113-AY1920S2\cs2113-website\book\cppToJava\misc\javaFX\text.md
2019-12-28T15:16:42.133Z - info: Rebuilding affected source files
2019-12-28T15:16:42.141Z - info: Rebuilding 3 pages
2019-12-28T15:16:47.006Z - info: Pages rebuilt
2019-12-28T15:16:47.018Z - info: Site data built
2019-12-28T15:17:03.623Z - info: [23:17:03] Reload for file change: C:\repos\nus-cs2113-AY1920S2\cs2113-website\book\cppToJava\misc\javaFX\text.md
2019-12-28T15:17:04.626Z - info: Rebuilding affected source files
2019-12-28T15:17:04.636Z - info: Rebuilding 3 pages
2019-12-28T15:17:09.213Z - info: Pages rebuilt
2019-12-28T15:17:09.222Z - info: Site data built
