2020-05-29T16:13:37.766Z - info: Website generation started at 12:13:37 AM
2020-05-29T16:13:57.217Z - info: Building assets...
2020-05-29T16:14:04.604Z - info: Assets built
2020-05-29T16:14:04.606Z - info: Generating pages...
2020-05-29T16:15:49.053Z - debug: The process cannot access the file because it is being used by another process.

2020-05-29T16:15:49.058Z - debug: The process cannot access the file because it is being used by another process.

2020-05-29T16:15:49.059Z - debug: The process cannot access the file because it is being used by another process.

2020-05-29T16:15:52.416Z - debug:  
2020-05-29T16:15:52.419Z - debug:  
2020-05-29T16:15:52.618Z - debug:  
2020-05-29T16:15:52.619Z - debug:  
2020-05-29T16:15:52.619Z - debug:  
2020-05-29T16:15:52.674Z - debug:  
2020-05-29T16:15:52.675Z - debug:  
2020-05-29T16:15:52.675Z - debug:  
2020-05-29T16:15:52.675Z - debug:  
2020-05-29T16:15:52.675Z - debug:  
2020-05-29T16:15:52.849Z - debug:  
2020-05-29T16:15:52.849Z - debug:  
2020-05-29T16:15:52.849Z - debug:  
2020-05-29T16:15:52.849Z - debug:  
2020-05-29T16:16:02.831Z - debug:  
2020-05-29T16:16:02.831Z - debug:  
2020-05-29T16:16:02.832Z - debug:  
2020-05-29T16:16:02.832Z - debug:  
2020-05-29T16:16:07.145Z - debug:  
2020-05-29T16:16:07.146Z - debug:  
2020-05-29T16:16:07.176Z - info: Pages built
2020-05-29T16:16:30.231Z - info: Website generation complete! Total build time: 172.486s
2020-05-29T16:16:31.046Z - info: Serving "C:\repos\nus-cs2113-AY1920S2\cs2113-website\book\_site" at http://127.0.0.1:8080
2020-05-29T16:16:31.046Z - info: Press CTRL+C to stop ...
2020-05-29T16:16:31.047Z - debug:  
2020-05-29T16:16:31.129Z - info: Site data built
2020-05-29T16:20:55.949Z - info: [12:20:55 AM] Reload for file change: C:\repos\nus-cs2113-AY1920S2\cs2113-website\book\_markbind\layouts\default\header.md
2020-05-29T16:20:56.953Z - info: Rebuilding affected source files
2020-05-29T16:20:57.208Z - info: Rebuilding 615 pages
2020-05-29T16:22:50.833Z - debug: The process cannot access the file because it is being used by another process.

2020-05-29T16:22:50.837Z - debug: The process cannot access the file because it is being used by another process.

2020-05-29T16:22:50.838Z - debug: The process cannot access the file because it is being used by another process.

2020-05-29T16:22:56.447Z - debug:  
2020-05-29T16:22:56.449Z - debug:  
2020-05-29T16:22:56.449Z - debug:  
2020-05-29T16:22:56.464Z - debug:  
2020-05-29T16:22:56.464Z - debug:  
2020-05-29T16:22:56.464Z - debug:  
2020-05-29T16:22:57.041Z - debug:  
2020-05-29T16:22:57.041Z - debug:  
2020-05-29T16:22:57.041Z - debug:  
2020-05-29T16:22:57.042Z - debug:  
2020-05-29T16:22:57.042Z - debug:  
2020-05-29T16:22:57.042Z - debug:  
2020-05-29T16:22:57.042Z - debug:  
2020-05-29T16:22:57.043Z - debug:  
2020-05-29T16:22:57.296Z - debug:  
2020-05-29T16:22:57.300Z - debug:  
2020-05-29T16:22:57.304Z - debug:  
2020-05-29T16:22:57.397Z - debug:  
2020-05-29T16:23:10.422Z - info: [12:23:10 AM] Reload for file change: C:\repos\nus-cs2113-AY1920S2\cs2113-website\book\index.md
2020-05-29T16:23:10.708Z - info: [12:23:10 AM] Reload for file change: C:\repos\nus-cs2113-AY1920S2\cs2113-website\book\index.md
2020-05-29T16:23:12.571Z - debug:  
2020-05-29T16:23:12.571Z - debug:  
2020-05-29T16:23:31.803Z - info: Pages rebuilt
2020-05-29T16:23:31.803Z - info: Website regeneration complete! Total build time: 154.849s
2020-05-29T16:23:32.113Z - debug:  
2020-05-29T16:23:32.115Z - info: Rebuilding affected source files
2020-05-29T16:23:32.124Z - info: Rebuilding 1 pages
2020-05-29T16:23:32.375Z - info: Site data built
2020-05-29T16:23:34.031Z - info: Pages rebuilt
2020-05-29T16:23:34.031Z - info: Website regeneration complete! Total build time: 1.916s
2020-05-29T16:23:34.361Z - info: Site data built
2020-05-29T16:27:40.404Z - info: [12:27:40 AM] Reload for file change: C:\repos\nus-cs2113-AY1920S2\cs2113-website\book\about\acknowledgements.md
2020-05-29T16:27:41.408Z - info: Rebuilding affected source files
2020-05-29T16:27:41.411Z - info: Rebuilding 1 pages
2020-05-29T16:27:41.771Z - info: Pages rebuilt
2020-05-29T16:27:41.772Z - info: Website regeneration complete! Total build time: 0.363s
2020-05-29T16:27:41.780Z - info: Site data built
2020-05-29T16:29:53.918Z - info: [12:29:53 AM] Reload for file change: C:\repos\nus-cs2113-AY1920S2\cs2113-website\book\about\acknowledgements.md
2020-05-29T16:29:54.919Z - info: Rebuilding affected source files
2020-05-29T16:29:54.920Z - info: Rebuilding 1 pages
2020-05-29T16:29:55.097Z - info: Pages rebuilt
2020-05-29T16:29:55.097Z - info: Website regeneration complete! Total build time: 0.178s
2020-05-29T16:29:55.105Z - info: Site data built
2020-05-29T16:30:06.832Z - info: [12:30:06 AM] Reload for file change: C:\repos\nus-cs2113-AY1920S2\cs2113-website\book\about\acknowledgements.md
2020-05-29T16:30:07.834Z - info: Rebuilding affected source files
2020-05-29T16:30:07.836Z - info: Rebuilding 1 pages
2020-05-29T16:30:08.015Z - info: Pages rebuilt
2020-05-29T16:30:08.016Z - info: Website regeneration complete! Total build time: 0.181s
2020-05-29T16:30:08.023Z - info: Site data built
2020-05-29T16:31:17.313Z - info: [12:31:17 AM] Reload for file change: C:\repos\nus-cs2113-AY1920S2\cs2113-website\book\about\acknowledgements.md
2020-05-29T16:31:18.313Z - info: Rebuilding affected source files
2020-05-29T16:31:18.320Z - info: Rebuilding 1 pages
2020-05-29T16:31:18.539Z - info: Pages rebuilt
2020-05-29T16:31:18.539Z - info: Website regeneration complete! Total build time: 0.225s
2020-05-29T16:31:18.550Z - info: Site data built
2020-05-29T16:32:44.214Z - info: [12:32:44 AM] Reload for file deletion: C:\repos\nus-cs2113-AY1920S2\cs2113-website\book\_markbind\footers\footer.md
2020-05-29T16:32:45.216Z - info: File added or removed, updating list of site's pages...
2020-05-29T16:32:57.753Z - info: Assets removed
2020-05-29T16:32:57.754Z - warn: Rebuilding all pages...
2020-05-29T16:32:57.755Z - info: Generating pages...
2020-05-29T16:33:24.720Z - info: [12:33:24 AM] Reload for file change: C:\repos\nus-cs2113-AY1920S2\cs2113-website\book\_markbind\layouts\default\navigation.md
2020-05-29T16:33:35.628Z - info: Rebuilding affected source files
2020-05-29T16:33:35.683Z - info: Rebuilding 121 pages
2020-05-29T16:34:39.358Z - debug: The process cannot access the file because it is being used by another process.

2020-05-29T16:34:39.360Z - debug: The process cannot access the file because it is being used by another process.

2020-05-29T16:34:39.360Z - debug: The process cannot access the file because it is being used by another process.

2020-05-29T16:34:52.995Z - debug:  
2020-05-29T16:34:52.996Z - debug:  
2020-05-29T16:34:53.044Z - debug:  
2020-05-29T16:34:53.044Z - debug:  
2020-05-29T16:34:53.044Z - debug:  
2020-05-29T16:34:53.098Z - debug:  
2020-05-29T16:34:53.098Z - debug:  
2020-05-29T16:34:53.098Z - debug:  
2020-05-29T16:34:53.098Z - debug:  
2020-05-29T16:34:53.134Z - debug:  
2020-05-29T16:34:53.134Z - debug:  
2020-05-29T16:34:53.134Z - debug:  
2020-05-29T16:34:53.165Z - debug:  
2020-05-29T16:34:53.169Z - debug:  
2020-05-29T16:34:53.595Z - debug:  
2020-05-29T16:34:53.596Z - debug:  
2020-05-29T16:34:53.598Z - debug:  
2020-05-29T16:34:53.599Z - debug:  
2020-05-29T16:35:16.885Z - debug:  
2020-05-29T16:35:16.885Z - debug:  
2020-05-29T16:35:17.370Z - info: Pages built
2020-05-29T16:35:17.373Z - debug:  
2020-05-29T16:35:37.728Z - info: Pages rebuilt
2020-05-29T16:35:37.729Z - info: Website regeneration complete! Total build time: 122.099s
2020-05-29T16:35:38.655Z - info: Site data built
2020-05-29T16:39:15.128Z - info: [12:39:15 AM] Reload for file change: C:\repos\nus-cs2113-AY1920S2\cs2113-website\book\index.md
2020-05-29T16:39:16.133Z - info: Rebuilding affected source files
2020-05-29T16:39:16.151Z - info: Rebuilding 1 pages
2020-05-29T16:39:16.590Z - info: Pages rebuilt
2020-05-29T16:39:16.591Z - info: Website regeneration complete! Total build time: 0.457s
2020-05-29T16:39:16.597Z - info: Site data built
2020-05-29T16:41:27.664Z - info: [12:41:27 AM] Reload for file change: C:\repos\nus-cs2113-AY1920S2\cs2113-website\book\index.md
2020-05-29T16:41:28.666Z - info: Rebuilding affected source files
2020-05-29T16:41:28.668Z - info: Rebuilding 1 pages
2020-05-29T16:41:28.930Z - info: Pages rebuilt
2020-05-29T16:41:28.930Z - info: Website regeneration complete! Total build time: 0.264s
2020-05-29T16:41:28.938Z - info: Site data built
2020-05-29T16:44:28.183Z - info: Website generation (lazy) started at 12:44:17 AM
2020-05-29T16:44:44.822Z - info: Building assets...
2020-05-29T16:44:51.725Z - info: Assets built
2020-05-29T16:44:51.730Z - info: Generating landing page...
2020-05-29T16:44:52.458Z - info: Landing page built, other pages will be built as you navigate to them!
2020-05-29T16:44:52.565Z - info: Website generation (lazy) complete! Total build time: 34.96s
2020-05-29T16:44:53.432Z - info: Serving "C:\repos\nus-cs2113-AY1920S2\cs2113-website\book\_site" at http://127.0.0.1:8080
2020-05-29T16:44:53.433Z - info: Press CTRL+C to stop ...
2020-05-29T16:44:53.507Z - info: Site data built
2020-05-29T16:45:06.989Z - info: [12:45:06 AM] Reload for file change: C:\repos\nus-cs2113-AY1920S2\cs2113-website\book\_markbind\layouts\default\header.md
2020-05-29T16:45:07.992Z - info: Rebuilding affected source files
2020-05-29T16:45:07.994Z - info: Rebuilding 1 pages
2020-05-29T16:45:08.296Z - info: Pages rebuilt
2020-05-29T16:45:08.297Z - info: Website regeneration complete! Total build time: 0.304s
2020-05-29T16:45:08.305Z - info: Site data built
2020-05-29T16:45:46.253Z - info: [12:45:46 AM] Reload for file change: C:\repos\nus-cs2113-AY1920S2\cs2113-website\book\_markbind\layouts\default\header.md
2020-05-29T16:45:47.255Z - info: Rebuilding affected source files
2020-05-29T16:45:47.257Z - info: Rebuilding 1 pages
2020-05-29T16:45:47.914Z - info: Pages rebuilt
2020-05-29T16:45:47.915Z - info: Website regeneration complete! Total build time: 0.66s
2020-05-29T16:45:47.923Z - info: Site data built
2020-05-29T16:46:06.456Z - info: [12:46:06 AM] Reload for file change: C:\repos\nus-cs2113-AY1920S2\cs2113-website\book\_markbind\layouts\default\header.md
2020-05-29T16:46:07.459Z - info: Rebuilding affected source files
2020-05-29T16:46:07.462Z - info: Rebuilding 1 pages
2020-05-29T16:46:07.891Z - info: Pages rebuilt
2020-05-29T16:46:07.892Z - info: Website regeneration complete! Total build time: 0.433s
2020-05-29T16:46:07.899Z - info: Site data built
2020-05-29T16:46:16.631Z - info: [12:46:16 AM] Reload for file change: C:\repos\nus-cs2113-AY1920S2\cs2113-website\book\_markbind\layouts\default\header.md
2020-05-29T16:46:17.634Z - info: Rebuilding affected source files
2020-05-29T16:46:17.644Z - info: Rebuilding 1 pages
2020-05-29T16:46:17.871Z - info: Pages rebuilt
2020-05-29T16:46:17.872Z - info: Website regeneration complete! Total build time: 0.237s
2020-05-29T16:46:17.877Z - info: Site data built
2020-05-29T16:46:23.362Z - info: [12:46:23 AM] Reload for file change: C:\repos\nus-cs2113-AY1920S2\cs2113-website\book\_markbind\layouts\default\header.md
2020-05-29T16:46:24.362Z - info: Rebuilding affected source files
2020-05-29T16:46:24.365Z - info: Rebuilding 1 pages
2020-05-29T16:46:24.628Z - info: Pages rebuilt
2020-05-29T16:46:24.629Z - info: Website regeneration complete! Total build time: 0.266s
2020-05-29T16:46:24.647Z - info: Site data built
2020-05-29T16:47:10.943Z - info: [12:47:10 AM] Reload for file change: C:\repos\nus-cs2113-AY1920S2\cs2113-website\book\_markbind\layouts\default\header.md
2020-05-29T16:47:11.947Z - info: Rebuilding affected source files
2020-05-29T16:47:11.949Z - info: Rebuilding 1 pages
2020-05-29T16:47:12.154Z - info: Pages rebuilt
2020-05-29T16:47:12.154Z - info: Website regeneration complete! Total build time: 0.207s
2020-05-29T16:47:12.159Z - info: Site data built
2020-05-29T16:47:26.875Z - info: [12:47:26 AM] Reload for file change: C:\repos\nus-cs2113-AY1920S2\cs2113-website\book\_markbind\layouts\default\header.md
2020-05-29T16:47:27.877Z - info: Rebuilding affected source files
2020-05-29T16:47:27.882Z - info: Rebuilding 1 pages
2020-05-29T16:47:28.161Z - info: Pages rebuilt
2020-05-29T16:47:28.162Z - info: Website regeneration complete! Total build time: 0.283s
2020-05-29T16:47:28.167Z - info: Site data built
2020-05-29T16:48:15.702Z - info: [12:48:15 AM] Reload for file change: C:\repos\nus-cs2113-AY1920S2\cs2113-website\book\_markbind\layouts\default\header.md
2020-05-29T16:48:16.714Z - info: Rebuilding affected source files
2020-05-29T16:48:16.717Z - info: Rebuilding 1 pages
2020-05-29T16:48:17.000Z - info: Pages rebuilt
2020-05-29T16:48:17.001Z - info: Website regeneration complete! Total build time: 0.287s
2020-05-29T16:48:17.007Z - info: Site data built
2020-05-29T16:48:24.955Z - info: [12:48:24 AM] Reload for file change: C:\repos\nus-cs2113-AY1920S2\cs2113-website\book\_markbind\layouts\default\header.md
2020-05-29T16:48:25.958Z - info: Rebuilding affected source files
2020-05-29T16:48:25.960Z - info: Rebuilding 1 pages
2020-05-29T16:48:26.183Z - info: Pages rebuilt
2020-05-29T16:48:26.183Z - info: Website regeneration complete! Total build time: 0.225s
2020-05-29T16:48:26.189Z - info: Site data built
2020-05-29T16:48:57.612Z - info: [12:48:57 AM] Reload for file change: C:\repos\nus-cs2113-AY1920S2\cs2113-website\book\_markbind\layouts\default\header.md
2020-05-29T16:48:58.617Z - info: Rebuilding affected source files
2020-05-29T16:48:58.620Z - info: Rebuilding 1 pages
2020-05-29T16:48:58.834Z - info: Pages rebuilt
2020-05-29T16:48:58.835Z - info: Website regeneration complete! Total build time: 0.217s
2020-05-29T16:48:58.841Z - info: Site data built
2020-05-29T16:56:06.168Z - info: [12:56:06 AM] Reload for file change: C:\repos\nus-cs2113-AY1920S2\cs2113-website\book\index.md
2020-05-29T16:56:07.175Z - info: Rebuilding affected source files
2020-05-29T16:56:07.178Z - info: Rebuilding 1 pages
2020-05-29T16:56:07.408Z - info: Pages rebuilt
2020-05-29T16:56:07.409Z - info: Website regeneration complete! Total build time: 0.234s
2020-05-29T16:56:07.413Z - info: Site data built
2020-05-29T16:56:21.461Z - info: Building C:\repos\nus-cs2113-AY1920S2\cs2113-website\book\codeQuality\index as some of its dependencies were changed since the last visit
2020-05-29T16:56:23.361Z - info: Site data built
2020-05-29T16:56:23.362Z - info: Lazy website regeneration complete! Total build time: 1.902s
2020-05-29T16:56:48.800Z - info: Building C:\repos\nus-cs2113-AY1920S2\cs2113-website\book\errorHandling\index as some of its dependencies were changed since the last visit
2020-05-29T16:56:50.475Z - info: Site data built
2020-05-29T16:56:50.479Z - info: Lazy website regeneration complete! Total build time: 1.68s
2020-05-29T17:14:11.784Z - info: Website generation (lazy) started at 1:14:00 AM
2020-05-29T17:14:41.675Z - info: Building assets...
2020-05-29T17:14:50.116Z - info: Assets built
2020-05-29T17:14:50.120Z - info: Generating landing page...
2020-05-29T17:14:50.642Z - info: Landing page built, other pages will be built as you navigate to them!
2020-05-29T17:14:50.760Z - info: Website generation (lazy) complete! Total build time: 50.619s
2020-05-29T17:14:51.884Z - info: Serving "C:\repos\nus-cs2113-AY1920S2\cs2113-website\book\_site" at http://127.0.0.1:8080
2020-05-29T17:14:51.885Z - info: Press CTRL+C to stop ...
2020-05-29T17:14:51.992Z - info: Site data built
2020-05-29T17:16:31.976Z - info: [1:16:31 AM] Reload for file change: C:\repos\nus-cs2113-AY1920S2\cs2113-website\book\_markbind\layouts\default\page.md
2020-05-29T17:16:32.986Z - info: Rebuilding affected source files
2020-05-29T17:16:32.990Z - info: Rebuilding 1 pages
2020-05-29T17:16:33.433Z - info: Pages rebuilt
2020-05-29T17:16:33.433Z - info: Website regeneration complete! Total build time: 0.447s
2020-05-29T17:16:33.438Z - info: Site data built
2020-05-29T17:17:14.645Z - info: Building C:\repos\nus-cs2113-AY1920S2\cs2113-website\book\design\index as some of its dependencies were changed since the last visit
2020-05-29T17:17:15.120Z - info: Site data built
2020-05-29T17:17:15.120Z - info: Lazy website regeneration complete! Total build time: 0.476s
2020-05-29T17:24:55.884Z - info: Website generation (lazy) started at 1:24:47 AM
2020-05-29T17:25:16.929Z - info: Building assets...
2020-05-29T17:25:25.760Z - info: Assets built
2020-05-29T17:25:25.762Z - info: Generating landing page...
2020-05-29T17:25:26.308Z - info: Landing page built, other pages will be built as you navigate to them!
2020-05-29T17:25:26.436Z - info: Website generation (lazy) complete! Total build time: 39.372s
2020-05-29T17:25:27.413Z - info: Serving "C:\repos\nus-cs2113-AY1920S2\cs2113-website\book\_site" at http://127.0.0.1:8080
2020-05-29T17:25:27.413Z - info: Press CTRL+C to stop ...
2020-05-29T17:25:27.479Z - info: Site data built
2020-05-29T17:25:41.656Z - info: Building C:\repos\nus-cs2113-AY1920S2\cs2113-website\book\architecture\index as some of its dependencies were changed since the last visit
2020-05-29T17:25:42.648Z - info: Site data built
2020-05-29T17:25:42.648Z - info: Lazy website regeneration complete! Total build time: 0.993s
2020-05-29T17:26:23.470Z - info: [1:26:23 AM] Reload for file change: C:\repos\nus-cs2113-AY1920S2\cs2113-website\book\architecture\introduction\what\text.md
2020-05-29T17:26:24.481Z - info: Rebuilding affected source files
2020-05-29T17:26:24.503Z - info: Rebuilding 1 pages
2020-05-29T17:26:24.605Z - error:  Template render error: (C:\repos\nus-cs2113-AY1920S2\cs2113-website\book\architecture\introduction\what\text.md)
  Error: template not found: {{baseUrl}}scripts/macros.njk
    at Object._prettifyError (C:\Users\damithch\AppData\Roaming\npm\node_modules\markbind-cli\node_modules\nunjucks\src\lib.js:36:11)
    at C:\Users\damithch\AppData\Roaming\npm\node_modules\markbind-cli\node_modules\nunjucks\src\environment.js:561:19
    at eval (eval at _compile (C:\Users\damithch\AppData\Roaming\npm\node_modules\markbind-cli\node_modules\nunjucks\src\environment.js:631:18), <anonymous>:11:11)
    at createTemplate (C:\Users\damithch\AppData\Roaming\npm\node_modules\markbind-cli\node_modules\nunjucks\src\environment.js:293:11)
    at next (C:\Users\damithch\AppData\Roaming\npm\node_modules\markbind-cli\node_modules\nunjucks\src\lib.js:282:7)
    at handle (C:\Users\damithch\AppData\Roaming\npm\node_modules\markbind-cli\node_modules\nunjucks\src\environment.js:327:11)
    at C:\Users\damithch\AppData\Roaming\npm\node_modules\markbind-cli\node_modules\nunjucks\src\environment.js:337:9
    at next (C:\Users\damithch\AppData\Roaming\npm\node_modules\markbind-cli\node_modules\nunjucks\src\lib.js:280:7)
    at Object.asyncIter (C:\Users\damithch\AppData\Roaming\npm\node_modules\markbind-cli\node_modules\nunjucks\src\lib.js:286:3)
    at Environment.getTemplate (C:\Users\damithch\AppData\Roaming\npm\node_modules\markbind-cli\node_modules\nunjucks\src\environment.js:319:9)
    at Template.root [as rootRenderFunc] (eval at _compile (C:\Users\damithch\AppData\Roaming\npm\node_modules\markbind-cli\node_modules\nunjucks\src\environment.js:631:18), <anonymous>:10:5)
    at Template.render (C:\Users\damithch\AppData\Roaming\npm\node_modules\markbind-cli\node_modules\nunjucks\src\environment.js:550:10)
    at Environment.renderString (C:\Users\damithch\AppData\Roaming\npm\node_modules\markbind-cli\node_modules\nunjucks\src\environment.js:378:17)
    at Object.renderRaw (C:\Users\damithch\AppData\Roaming\npm\node_modules\markbind-cli\src\lib\markbind\src\utils\nunjuckUtils.js:18:38)
    at Parser._renderIncludeFile (C:\Users\damithch\AppData\Roaming\npm\node_modules\markbind-cli\src\lib\markbind\src\parser.js:169:28)
    at _preprocessInclude (C:\Users\damithch\AppData\Roaming\npm\node_modules\markbind-cli\src\lib\markbind\src\preprocessors\componentPreprocessor.js:256:14)
2020-05-29T17:26:24.786Z - info: Pages rebuilt
2020-05-29T17:26:24.786Z - info: Website regeneration complete! Total build time: 0.301s
2020-05-29T17:26:24.792Z - info: Site data built
2020-05-29T17:27:13.620Z - info: [1:27:13 AM] Reload for file change: C:\repos\nus-cs2113-AY1920S2\cs2113-website\book\architecture\introduction\what\text.md
2020-05-29T17:27:14.626Z - info: Rebuilding affected source files
2020-05-29T17:27:14.632Z - info: Rebuilding 1 pages
2020-05-29T17:27:14.691Z - error:  Template render error: (C:\repos\nus-cs2113-AY1920S2\cs2113-website\book\architecture\introduction\what\text.md)
  Error: template not found: {{baseUrl}}/scripts/macros.njk
    at Object._prettifyError (C:\Users\damithch\AppData\Roaming\npm\node_modules\markbind-cli\node_modules\nunjucks\src\lib.js:36:11)
    at C:\Users\damithch\AppData\Roaming\npm\node_modules\markbind-cli\node_modules\nunjucks\src\environment.js:561:19
    at eval (eval at _compile (C:\Users\damithch\AppData\Roaming\npm\node_modules\markbind-cli\node_modules\nunjucks\src\environment.js:631:18), <anonymous>:11:11)
    at createTemplate (C:\Users\damithch\AppData\Roaming\npm\node_modules\markbind-cli\node_modules\nunjucks\src\environment.js:293:11)
    at next (C:\Users\damithch\AppData\Roaming\npm\node_modules\markbind-cli\node_modules\nunjucks\src\lib.js:282:7)
    at handle (C:\Users\damithch\AppData\Roaming\npm\node_modules\markbind-cli\node_modules\nunjucks\src\environment.js:327:11)
    at C:\Users\damithch\AppData\Roaming\npm\node_modules\markbind-cli\node_modules\nunjucks\src\environment.js:337:9
    at next (C:\Users\damithch\AppData\Roaming\npm\node_modules\markbind-cli\node_modules\nunjucks\src\lib.js:280:7)
    at Object.asyncIter (C:\Users\damithch\AppData\Roaming\npm\node_modules\markbind-cli\node_modules\nunjucks\src\lib.js:286:3)
    at Environment.getTemplate (C:\Users\damithch\AppData\Roaming\npm\node_modules\markbind-cli\node_modules\nunjucks\src\environment.js:319:9)
    at Template.root [as rootRenderFunc] (eval at _compile (C:\Users\damithch\AppData\Roaming\npm\node_modules\markbind-cli\node_modules\nunjucks\src\environment.js:631:18), <anonymous>:10:5)
    at Template.render (C:\Users\damithch\AppData\Roaming\npm\node_modules\markbind-cli\node_modules\nunjucks\src\environment.js:550:10)
    at Environment.renderString (C:\Users\damithch\AppData\Roaming\npm\node_modules\markbind-cli\node_modules\nunjucks\src\environment.js:378:17)
    at Object.renderRaw (C:\Users\damithch\AppData\Roaming\npm\node_modules\markbind-cli\src\lib\markbind\src\utils\nunjuckUtils.js:18:38)
    at Parser._renderIncludeFile (C:\Users\damithch\AppData\Roaming\npm\node_modules\markbind-cli\src\lib\markbind\src\parser.js:169:28)
    at _preprocessInclude (C:\Users\damithch\AppData\Roaming\npm\node_modules\markbind-cli\src\lib\markbind\src\preprocessors\componentPreprocessor.js:256:14)
2020-05-29T17:27:14.848Z - info: Pages rebuilt
2020-05-29T17:27:14.848Z - info: Website regeneration complete! Total build time: 0.222s
2020-05-29T17:27:14.854Z - info: Site data built
2020-05-29T17:27:47.559Z - info: Website generation (lazy) started at 1:27:36 AM
2020-05-29T17:28:14.708Z - info: Building assets...
2020-05-29T17:28:22.277Z - info: Assets built
2020-05-29T17:28:22.281Z - info: Generating landing page...
2020-05-29T17:28:22.788Z - info: Landing page built, other pages will be built as you navigate to them!
2020-05-29T17:28:22.905Z - info: Website generation (lazy) complete! Total build time: 45.955s
2020-05-29T17:28:23.993Z - info: Serving "C:\repos\nus-cs2113-AY1920S2\cs2113-website\book\_site" at http://127.0.0.1:8080
2020-05-29T17:28:23.993Z - info: Press CTRL+C to stop ...
2020-05-29T17:28:24.072Z - info: Site data built
2020-05-29T17:28:38.740Z - info: Building C:\repos\nus-cs2113-AY1920S2\cs2113-website\book\architecture\index as some of its dependencies were changed since the last visit
2020-05-29T17:28:38.821Z - error:  Template render error: (C:\repos\nus-cs2113-AY1920S2\cs2113-website\book\architecture\introduction\what\text.md)
  Error: template not found: {{baseUrl}}/scripts/macros.njk
    at Object._prettifyError (C:\Users\damithch\AppData\Roaming\npm\node_modules\markbind-cli\node_modules\nunjucks\src\lib.js:36:11)
    at C:\Users\damithch\AppData\Roaming\npm\node_modules\markbind-cli\node_modules\nunjucks\src\environment.js:561:19
    at eval (eval at _compile (C:\Users\damithch\AppData\Roaming\npm\node_modules\markbind-cli\node_modules\nunjucks\src\environment.js:631:18), <anonymous>:11:11)
    at createTemplate (C:\Users\damithch\AppData\Roaming\npm\node_modules\markbind-cli\node_modules\nunjucks\src\environment.js:293:11)
    at next (C:\Users\damithch\AppData\Roaming\npm\node_modules\markbind-cli\node_modules\nunjucks\src\lib.js:282:7)
    at handle (C:\Users\damithch\AppData\Roaming\npm\node_modules\markbind-cli\node_modules\nunjucks\src\environment.js:327:11)
    at C:\Users\damithch\AppData\Roaming\npm\node_modules\markbind-cli\node_modules\nunjucks\src\environment.js:337:9
    at next (C:\Users\damithch\AppData\Roaming\npm\node_modules\markbind-cli\node_modules\nunjucks\src\lib.js:280:7)
    at Object.asyncIter (C:\Users\damithch\AppData\Roaming\npm\node_modules\markbind-cli\node_modules\nunjucks\src\lib.js:286:3)
    at Environment.getTemplate (C:\Users\damithch\AppData\Roaming\npm\node_modules\markbind-cli\node_modules\nunjucks\src\environment.js:319:9)
    at Template.root [as rootRenderFunc] (eval at _compile (C:\Users\damithch\AppData\Roaming\npm\node_modules\markbind-cli\node_modules\nunjucks\src\environment.js:631:18), <anonymous>:10:5)
    at Template.render (C:\Users\damithch\AppData\Roaming\npm\node_modules\markbind-cli\node_modules\nunjucks\src\environment.js:550:10)
    at Environment.renderString (C:\Users\damithch\AppData\Roaming\npm\node_modules\markbind-cli\node_modules\nunjucks\src\environment.js:378:17)
    at Object.renderRaw (C:\Users\damithch\AppData\Roaming\npm\node_modules\markbind-cli\src\lib\markbind\src\utils\nunjuckUtils.js:18:38)
    at Parser._renderIncludeFile (C:\Users\damithch\AppData\Roaming\npm\node_modules\markbind-cli\src\lib\markbind\src\parser.js:169:28)
    at _preprocessInclude (C:\Users\damithch\AppData\Roaming\npm\node_modules\markbind-cli\src\lib\markbind\src\preprocessors\componentPreprocessor.js:256:14)
2020-05-29T17:28:39.039Z - info: Site data built
2020-05-29T17:28:39.040Z - info: Lazy website regeneration complete! Total build time: 0.299s
2020-05-29T17:29:36.029Z - info: [1:29:36 AM] Reload for file change: C:\repos\nus-cs2113-AY1920S2\cs2113-website\book\architecture\introduction\what\text.md
2020-05-29T17:29:37.036Z - info: Rebuilding affected source files
2020-05-29T17:29:37.045Z - info: Rebuilding 1 pages
2020-05-29T17:29:38.214Z - info: Pages rebuilt
2020-05-29T17:29:38.214Z - info: Website regeneration complete! Total build time: 1.176s
2020-05-29T17:29:38.242Z - info: Site data built
